Information: Updating design information... (UID-85)
 
****************************************
Report : cell
Design : adder_cpe
Version: B-2008.09-SP4
Date   : Mon Feb 15 11:41:18 2016
****************************************

Attributes:
    b - black box (unknown)
    h - hierarchical
    n - noncombinational
    r - removable
    u - contains unmapped logic

Cell                      Reference       Library             Area  Attributes
--------------------------------------------------------------------------------
CPE                       generator                       52.919999 h
DEC0                      detector                        147.240000
                                                                    h
DEC1                      corrector                       522.000003
                                                                    h, n
LIN_ADDER                 gen_linear_part                 1529.279995
                                                                    h
NONLIN_ADDER              gen_nonlinear_part              979.560039
                                                                    h
U2                        TIEL            tcbn65gpluswc   1.080000  
--------------------------------------------------------------------------------
Total 6 cells                                             3232.080036
1
