Information: Updating design information... (UID-85)
 
****************************************
Report : cell
Design : simple_adder
Version: B-2008.09-SP4
Date   : Wed Feb 17 18:08:08 2016
****************************************

Attributes:
   BO - reference allows boundary optimization
    b - black box (unknown)
    h - hierarchical
    n - noncombinational
    r - removable
    u - contains unmapped logic

Cell                      Reference       Library             Area  Attributes
--------------------------------------------------------------------------------
U3                        TIELHVT         tcbn65gplushvtwc
                                                          1.080000  
add_1_root_add_13_2       simple_adder_DW01_add_0         70.559999 BO, h
--------------------------------------------------------------------------------
Total 2 cells                                             71.640000
1
