Information: Updating design information... (UID-85)
 
****************************************
Report : timing
        -path full
        -delay max
        -nets
        -max_paths 1
        -transition_time
Design : c3
Version: G-2012.06-SP2
Date   : Sun Nov 15 22:15:34 2015
****************************************

Operating Conditions: NC0D9COM   Library: tcbn40lpbwptc0d9
Wire Load Model Mode: segmented

  Startpoint: A__1 (input port)
  Endpoint: S__2 (output port)
  Path Group: (none)
  Path Type: max

  Des/Clust/Port     Wire Load Model       Library
  ------------------------------------------------
  c3                 ZeroWireload          tcbn40lpbwptc0d9

Attributes:
    d - dont_touch
    u - dont_use
   mo - map_only
   so - size_only
    i - ideal_net or ideal_network

  Point                        Fanout     Trans      Incr       Path      Attributes
  ---------------------------------------------------------------------------------------
  input external delay                               0.00       0.00 f
  A__1 (in)                                0.00      0.00       0.00 f
  A__1 (net)                     2                   0.00       0.00 f
  U12/Z (OR2D0BWP)                         0.04      0.10       0.10 f
  n12 (net)                      1                   0.00       0.10 f
  U11/Z (AN2D0BWP)                         0.03      0.08       0.18 f
  n11 (net)                      1                   0.00       0.18 f
  U10/ZN (ND2D0BWP)                        0.04      0.03       0.21 r
  n10 (net)                      1                   0.00       0.21 r
  U9/ZN (ND2D0BWP)                         0.05      0.05       0.26 f
  n8 (net)                       1                   0.00       0.26 f
  U8/Z (XOR2D0BWP)                         0.03      0.14       0.41 f
  S__2 (net)                     1                   0.00       0.41 f
  S__2 (out)                               0.03      0.00       0.41 f
  data arrival time                                             0.41
  ---------------------------------------------------------------------------------------
  (Path is unconstrained)


1
