Information: Updating design information... (UID-85)
 
****************************************
Report : timing
        -path full
        -delay max
        -nets
        -max_paths 1
        -transition_time
Design : c8
Version: G-2012.06-SP2
Date   : Sun Nov 15 22:15:39 2015
****************************************

Operating Conditions: NC0D9COM   Library: tcbn40lpbwptc0d9
Wire Load Model Mode: segmented

  Startpoint: A__0 (input port)
  Endpoint: S__7 (output port)
  Path Group: (none)
  Path Type: max

  Des/Clust/Port     Wire Load Model       Library
  ------------------------------------------------
  c8                 ZeroWireload          tcbn40lpbwptc0d9

Attributes:
    d - dont_touch
    u - dont_use
   mo - map_only
   so - size_only
    i - ideal_net or ideal_network

  Point                        Fanout     Trans      Incr       Path      Attributes
  ---------------------------------------------------------------------------------------
  input external delay                               0.00       0.00 r
  A__0 (in)                                0.00      0.00       0.00 r
  A__0 (net)                     1                   0.00       0.00 r
  U62/ZN (ND2D0BWP)                        0.06      0.04       0.04 f
  n61 (net)                      2                   0.00       0.04 f
  U59/ZN (NR2D0BWP)                        0.07      0.07       0.11 r
  n60 (net)                      1                   0.00       0.11 r
  U58/Z (OR2D0BWP)                         0.03      0.08       0.20 r
  n59 (net)                      1                   0.00       0.20 r
  U57/ZN (ND2D0BWP)                        0.06      0.06       0.26 f
  n56 (net)                      2                   0.00       0.26 f
  U54/ZN (NR2D0BWP)                        0.07      0.07       0.33 r
  n55 (net)                      1                   0.00       0.33 r
  U53/Z (OR2D0BWP)                         0.03      0.08       0.41 r
  n54 (net)                      1                   0.00       0.41 r
  U52/ZN (ND2D0BWP)                        0.06      0.06       0.47 f
  n51 (net)                      2                   0.00       0.47 f
  U49/ZN (NR2D0BWP)                        0.07      0.07       0.55 r
  n50 (net)                      1                   0.00       0.55 r
  U48/Z (OR2D0BWP)                         0.03      0.08       0.63 r
  n49 (net)                      1                   0.00       0.63 r
  U47/ZN (ND2D0BWP)                        0.06      0.06       0.69 f
  n46 (net)                      2                   0.00       0.69 f
  U44/ZN (NR2D0BWP)                        0.07      0.07       0.76 r
  n45 (net)                      1                   0.00       0.76 r
  U43/Z (OR2D0BWP)                         0.03      0.08       0.85 r
  n44 (net)                      1                   0.00       0.85 r
  U42/ZN (ND2D0BWP)                        0.06      0.06       0.91 f
  n42 (net)                      2                   0.00       0.91 f
  U41/Z (OR2D0BWP)                         0.04      0.13       1.04 f
  n38 (net)                      1                   0.00       1.04 f
  U38/ZN (ND2D0BWP)                        0.05      0.05       1.09 r
  n37 (net)                      2                   0.00       1.09 r
  U36/Z (OR2D0BWP)                         0.03      0.07       1.16 r
  n36 (net)                      1                   0.00       1.16 r
  U35/ZN (ND2D0BWP)                        0.04      0.05       1.21 f
  n35 (net)                      1                   0.00       1.21 f
  U34/ZN (ND2D0BWP)                        0.04      0.04       1.25 r
  n33 (net)                      1                   0.00       1.25 r
  U33/Z (XOR2D0BWP)                        0.03      0.15       1.40 f
  S__7 (net)                     1                   0.00       1.40 f
  S__7 (out)                               0.03      0.00       1.40 f
  data arrival time                                             1.40
  ---------------------------------------------------------------------------------------
  (Path is unconstrained)


1
