Information: Updating design information... (UID-85)
 
****************************************
Report : cell
Design : c10
Version: B-2008.09-SP4
Date   : Wed Feb 17 17:43:25 2016
****************************************

Attributes:
    b - black box (unknown)
    h - hierarchical
    n - noncombinational
    r - removable
    u - contains unmapped logic

Cell                      Reference       Library             Area  Attributes
--------------------------------------------------------------------------------
U34                       XOR4D0HVT       tcbn65gplushvtwc 9.000000 
U35                       XOR4D0HVT       tcbn65gplushvtwc 9.000000 
U36                       XOR4D0HVT       tcbn65gplushvtwc 9.000000 
U37                       XOR4D0HVT       tcbn65gplushvtwc 9.000000 
U38                       XOR3D0HVT       tcbn65gplushvtwc 6.120000 
U39                       XOR4D0HVT       tcbn65gplushvtwc 9.000000 
U40                       XOR4D0HVT       tcbn65gplushvtwc 9.000000 
U41                       XOR3D0HVT       tcbn65gplushvtwc 6.120000 
U42                       XOR4D0HVT       tcbn65gplushvtwc 9.000000 
U43                       XOR4D0HVT       tcbn65gplushvtwc 9.000000 
U44                       XOR3D0HVT       tcbn65gplushvtwc 6.120000 
U45                       XOR4D0HVT       tcbn65gplushvtwc 9.000000 
U46                       XOR4D0HVT       tcbn65gplushvtwc 9.000000 
U47                       XOR3D0HVT       tcbn65gplushvtwc 6.120000 
U48                       XNR4D0HVT       tcbn65gplushvtwc 9.000000 
U49                       XNR4D0HVT       tcbn65gplushvtwc 9.000000 
U50                       XNR4D0HVT       tcbn65gplushvtwc 9.000000 
U51                       XNR4D0HVT       tcbn65gplushvtwc 9.000000 
U52                       XNR4D0HVT       tcbn65gplushvtwc 9.000000 
U53                       XNR4D0HVT       tcbn65gplushvtwc 9.000000 
U54                       XNR4D0HVT       tcbn65gplushvtwc 9.000000 
U55                       XNR4D0HVT       tcbn65gplushvtwc 9.000000 
U56                       XNR4D0HVT       tcbn65gplushvtwc 9.000000 
U57                       XNR4D0HVT       tcbn65gplushvtwc 9.000000 
U58                       XOR4D0HVT       tcbn65gplushvtwc 9.000000 
U59                       XOR3D0HVT       tcbn65gplushvtwc 6.120000 
U60                       XNR4D0HVT       tcbn65gplushvtwc 9.000000 
U61                       XNR4D0HVT       tcbn65gplushvtwc 9.000000 
U62                       XOR4D0HVT       tcbn65gplushvtwc 9.000000 
U63                       XNR4D0HVT       tcbn65gplushvtwc 9.000000 
U64                       XNR3D0HVT       tcbn65gplushvtwc 6.120000 
U65                       XOR4D0HVT       tcbn65gplushvtwc 9.000000 
--------------------------------------------------------------------------------
Total 32 cells                                            270.719999
1
