Information: Updating design information... (UID-85)
 
****************************************
Report : cell
Design : c2
Version: B-2008.09-SP4
Date   : Wed Feb 17 17:41:45 2016
****************************************

Attributes:
    b - black box (unknown)
    h - hierarchical
    n - noncombinational
    r - removable
    u - contains unmapped logic

Cell                      Reference       Library             Area  Attributes
--------------------------------------------------------------------------------
U3                        XOR3D0HVT       tcbn65gplushvtwc 6.120000 
U4                        XOR3D0HVT       tcbn65gplushvtwc 6.120000 
--------------------------------------------------------------------------------
Total 2 cells                                             12.240000
1
