Information: Updating design information... (UID-85)
 
****************************************
Report : cell
Design : c9
Version: B-2008.09-SP4
Date   : Wed Feb 17 17:43:12 2016
****************************************

Attributes:
    b - black box (unknown)
    h - hierarchical
    n - noncombinational
    r - removable
    u - contains unmapped logic

Cell                      Reference       Library             Area  Attributes
--------------------------------------------------------------------------------
U18                       XOR4D0HVT       tcbn65gplushvtwc 9.000000 
U19                       XOR4D0HVT       tcbn65gplushvtwc 9.000000 
U20                       XOR4D0HVT       tcbn65gplushvtwc 9.000000 
U21                       XOR3D0HVT       tcbn65gplushvtwc 6.120000 
U22                       XOR3D0HVT       tcbn65gplushvtwc 6.120000 
U23                       XOR3D0HVT       tcbn65gplushvtwc 6.120000 
U24                       XOR4D0HVT       tcbn65gplushvtwc 9.000000 
U25                       XOR4D0HVT       tcbn65gplushvtwc 9.000000 
U26                       XOR3D0HVT       tcbn65gplushvtwc 6.120000 
U27                       XNR4D0HVT       tcbn65gplushvtwc 9.000000 
U28                       XNR4D0HVT       tcbn65gplushvtwc 9.000000 
U29                       XNR4D0HVT       tcbn65gplushvtwc 9.000000 
U30                       XOR4D0HVT       tcbn65gplushvtwc 9.000000 
U31                       XNR4D0HVT       tcbn65gplushvtwc 9.000000 
U32                       XNR4D0HVT       tcbn65gplushvtwc 9.000000 
U33                       XNR3D0HVT       tcbn65gplushvtwc 6.120000 
U34                       XOR4D0HVT       tcbn65gplushvtwc 9.000000 
--------------------------------------------------------------------------------
Total 17 cells                                            138.599999
1
