
*** Running vivado
    with args -log gen_cla_decomposed.vds -m64 -mode batch -messageDb vivado.pb -notrace -source gen_cla_decomposed.tcl


****** Vivado v2015.1 (64-bit)
  **** SW Build 1215546 on Mon Apr 27 19:07:21 MDT 2015
  **** IP Build 1209967 on Tue Apr 21 11:39:20 MDT 2015
    ** Copyright 1986-2015 Xilinx, Inc. All Rights Reserved.

source gen_cla_decomposed.tcl -notrace
Command: synth_design -top gen_cla_decomposed -part xc7z010clg400-1
Starting synth_design
Attempting to get a license for feature 'Synthesis' and/or device 'xc7z010'
INFO: [Common 17-349] Got license for feature 'Synthesis' and/or device 'xc7z010'
INFO: [Common 17-1223] The version limit for your license is '2015.12' and will expire in -112 days. A version limit expiration means that, although you may be able to continue to use the current version of tools or IP with this license, you will not be eligible for any updates or new releases.
---------------------------------------------------------------------------------
Starting Synthesize : Time (s): cpu = 00:00:05 ; elapsed = 00:00:06 . Memory (MB): peak = 951.355 ; gain = 152.496 ; free physical = 4957 ; free virtual = 18741
---------------------------------------------------------------------------------
INFO: [Synth 8-638] synthesizing module 'gen_cla_decomposed' [/user/erasmus/danielrb/Dropbox/Tesi/cla_adder/opt_decomposed/viv/decomposed_adder_synthesis/decomposed_adder_synthesis.srcs/sources_1/imports/opt_decomposed/gen_cla_decomposed.v:1]
INFO: [Synth 8-638] synthesizing module 'gen_nonlinear_part' [/user/erasmus/danielrb/Dropbox/Tesi/cla_adder/opt_decomposed/viv/decomposed_adder_synthesis/decomposed_adder_synthesis.srcs/sources_1/imports/opt_decomposed/gen_nonlinear_part.v:1]
INFO: [Synth 8-256] done synthesizing module 'gen_nonlinear_part' (1#1) [/user/erasmus/danielrb/Dropbox/Tesi/cla_adder/opt_decomposed/viv/decomposed_adder_synthesis/decomposed_adder_synthesis.srcs/sources_1/imports/opt_decomposed/gen_nonlinear_part.v:1]
INFO: [Synth 8-638] synthesizing module 'gen_linear_part' [/user/erasmus/danielrb/Dropbox/Tesi/cla_adder/opt_decomposed/viv/decomposed_adder_synthesis/decomposed_adder_synthesis.srcs/sources_1/imports/opt_decomposed/gen_linear_part.v:1]
INFO: [Synth 8-256] done synthesizing module 'gen_linear_part' (2#1) [/user/erasmus/danielrb/Dropbox/Tesi/cla_adder/opt_decomposed/viv/decomposed_adder_synthesis/decomposed_adder_synthesis.srcs/sources_1/imports/opt_decomposed/gen_linear_part.v:1]
INFO: [Synth 8-256] done synthesizing module 'gen_cla_decomposed' (3#1) [/user/erasmus/danielrb/Dropbox/Tesi/cla_adder/opt_decomposed/viv/decomposed_adder_synthesis/decomposed_adder_synthesis.srcs/sources_1/imports/opt_decomposed/gen_cla_decomposed.v:1]
---------------------------------------------------------------------------------
Finished Synthesize : Time (s): cpu = 00:00:05 ; elapsed = 00:00:07 . Memory (MB): peak = 987.762 ; gain = 188.902 ; free physical = 4919 ; free virtual = 18703
---------------------------------------------------------------------------------
---------------------------------------------------------------------------------
Finished Constraint Validation : Time (s): cpu = 00:00:05 ; elapsed = 00:00:07 . Memory (MB): peak = 987.762 ; gain = 188.902 ; free physical = 4919 ; free virtual = 18703
---------------------------------------------------------------------------------
---------------------------------------------------------------------------------
Start Loading Part and Timing Information
---------------------------------------------------------------------------------
Loading part: xc7z010clg400-1
---------------------------------------------------------------------------------
Finished Loading Part and Timing Information : Time (s): cpu = 00:00:05 ; elapsed = 00:00:07 . Memory (MB): peak = 997.703 ; gain = 198.844 ; free physical = 4919 ; free virtual = 18703
---------------------------------------------------------------------------------
INFO: [Device 21-403] Loading part xc7z010clg400-1
---------------------------------------------------------------------------------
Finished RTL Optimization Phase 2 : Time (s): cpu = 00:00:06 ; elapsed = 00:00:07 . Memory (MB): peak = 1005.711 ; gain = 206.852 ; free physical = 4911 ; free virtual = 18696
---------------------------------------------------------------------------------

Report RTL Partitions: 
+-+--------------+------------+----------+
| |RTL Partition |Replication |Instances |
+-+--------------+------------+----------+
+-+--------------+------------+----------+
No constraint files found.
---------------------------------------------------------------------------------
Start RTL Component Statistics 
---------------------------------------------------------------------------------
Detailed RTL Component Info : 
+---XORs : 
	   9 Input      1 Bit         XORs := 1     
	   5 Input      1 Bit         XORs := 1     
	   3 Input      1 Bit         XORs := 1     
	   2 Input      1 Bit         XORs := 1     
---------------------------------------------------------------------------------
Finished RTL Component Statistics 
---------------------------------------------------------------------------------
---------------------------------------------------------------------------------
Start RTL Hierarchical Component Statistics 
---------------------------------------------------------------------------------
Hierarchical RTL Component report 
Module gen_linear_part 
Detailed RTL Component Info : 
+---XORs : 
	   9 Input      1 Bit         XORs := 1     
	   5 Input      1 Bit         XORs := 1     
	   3 Input      1 Bit         XORs := 1     
	   2 Input      1 Bit         XORs := 1     
---------------------------------------------------------------------------------
Finished RTL Hierarchical Component Statistics
---------------------------------------------------------------------------------
---------------------------------------------------------------------------------
Start Part Resource Summary
---------------------------------------------------------------------------------
Part Resources:
DSPs: 80 (col length:40)
BRAMs: 120 (col length: RAMB18 40 RAMB36 20)
---------------------------------------------------------------------------------
Finished Part Resource Summary
---------------------------------------------------------------------------------
Start Parallel Synthesis Optimization  : Time (s): cpu = 00:00:08 ; elapsed = 00:00:10 . Memory (MB): peak = 1093.969 ; gain = 295.109 ; free physical = 4826 ; free virtual = 18610
---------------------------------------------------------------------------------
Start Cross Boundary Optimization
---------------------------------------------------------------------------------
---------------------------------------------------------------------------------
Finished Cross Boundary Optimization : Time (s): cpu = 00:00:08 ; elapsed = 00:00:10 . Memory (MB): peak = 1093.969 ; gain = 295.109 ; free physical = 4826 ; free virtual = 18610
---------------------------------------------------------------------------------
Finished Parallel Reinference  : Time (s): cpu = 00:00:08 ; elapsed = 00:00:10 . Memory (MB): peak = 1093.969 ; gain = 295.109 ; free physical = 4826 ; free virtual = 18610

Report RTL Partitions: 
+-+--------------+------------+----------+
| |RTL Partition |Replication |Instances |
+-+--------------+------------+----------+
+-+--------------+------------+----------+
No constraint files found.
---------------------------------------------------------------------------------
Start Area Optimization
---------------------------------------------------------------------------------
---------------------------------------------------------------------------------
Finished Area Optimization : Time (s): cpu = 00:00:08 ; elapsed = 00:00:10 . Memory (MB): peak = 1118.117 ; gain = 319.258 ; free physical = 4800 ; free virtual = 18584
---------------------------------------------------------------------------------
Finished Parallel Area Optimization  : Time (s): cpu = 00:00:08 ; elapsed = 00:00:10 . Memory (MB): peak = 1118.117 ; gain = 319.258 ; free physical = 4800 ; free virtual = 18584

Report RTL Partitions: 
+-+--------------+------------+----------+
| |RTL Partition |Replication |Instances |
+-+--------------+------------+----------+
+-+--------------+------------+----------+
Finished Parallel Synthesis Optimization  : Time (s): cpu = 00:00:08 ; elapsed = 00:00:10 . Memory (MB): peak = 1118.117 ; gain = 319.258 ; free physical = 4800 ; free virtual = 18584
---------------------------------------------------------------------------------
Start Timing Optimization
---------------------------------------------------------------------------------
No constraint files found.
---------------------------------------------------------------------------------
Finished Timing Optimization : Time (s): cpu = 00:00:08 ; elapsed = 00:00:10 . Memory (MB): peak = 1118.117 ; gain = 319.258 ; free physical = 4800 ; free virtual = 18584
---------------------------------------------------------------------------------

Report RTL Partitions: 
+-+--------------+------------+----------+
| |RTL Partition |Replication |Instances |
+-+--------------+------------+----------+
+-+--------------+------------+----------+
---------------------------------------------------------------------------------
Start Technology Mapping
---------------------------------------------------------------------------------
---------------------------------------------------------------------------------
Finished Technology Mapping : Time (s): cpu = 00:00:08 ; elapsed = 00:00:10 . Memory (MB): peak = 1118.117 ; gain = 319.258 ; free physical = 4800 ; free virtual = 18584
---------------------------------------------------------------------------------

Report RTL Partitions: 
+-+--------------+------------+----------+
| |RTL Partition |Replication |Instances |
+-+--------------+------------+----------+
+-+--------------+------------+----------+
---------------------------------------------------------------------------------
Start IO Insertion
---------------------------------------------------------------------------------
---------------------------------------------------------------------------------
Start Final Netlist Cleanup
---------------------------------------------------------------------------------
---------------------------------------------------------------------------------
Finished Final Netlist Cleanup
---------------------------------------------------------------------------------
---------------------------------------------------------------------------------
Finished IO Insertion : Time (s): cpu = 00:00:09 ; elapsed = 00:00:11 . Memory (MB): peak = 1118.117 ; gain = 319.258 ; free physical = 4800 ; free virtual = 18584
---------------------------------------------------------------------------------

Report Check Netlist: 
+------+------------------+-------+---------+-------+------------------+
|      |Item              |Errors |Warnings |Status |Description       |
+------+------------------+-------+---------+-------+------------------+
|1     |multi_driven_nets |      0|        0|Passed |Multi driven nets |
+------+------------------+-------+---------+-------+------------------+
---------------------------------------------------------------------------------
Start Renaming Generated Instances
---------------------------------------------------------------------------------
---------------------------------------------------------------------------------
Finished Renaming Generated Instances : Time (s): cpu = 00:00:09 ; elapsed = 00:00:11 . Memory (MB): peak = 1118.117 ; gain = 319.258 ; free physical = 4800 ; free virtual = 18584
---------------------------------------------------------------------------------

Report RTL Partitions: 
+-+--------------+------------+----------+
| |RTL Partition |Replication |Instances |
+-+--------------+------------+----------+
+-+--------------+------------+----------+
---------------------------------------------------------------------------------
Start Rebuilding User Hierarchy
---------------------------------------------------------------------------------
---------------------------------------------------------------------------------
Finished Rebuilding User Hierarchy : Time (s): cpu = 00:00:09 ; elapsed = 00:00:11 . Memory (MB): peak = 1118.117 ; gain = 319.258 ; free physical = 4800 ; free virtual = 18584
---------------------------------------------------------------------------------
---------------------------------------------------------------------------------
Start Renaming Generated Ports : Time (s): cpu = 00:00:09 ; elapsed = 00:00:11 . Memory (MB): peak = 1118.117 ; gain = 319.258 ; free physical = 4800 ; free virtual = 18584
---------------------------------------------------------------------------------
---------------------------------------------------------------------------------
Finished Renaming Generated Ports : Time (s): cpu = 00:00:09 ; elapsed = 00:00:11 . Memory (MB): peak = 1118.117 ; gain = 319.258 ; free physical = 4800 ; free virtual = 18584
---------------------------------------------------------------------------------
---------------------------------------------------------------------------------
Start Writing Synthesis Report
---------------------------------------------------------------------------------

Report BlackBoxes: 
+-+--------------+----------+
| |BlackBox name |Instances |
+-+--------------+----------+
+-+--------------+----------+

Report Cell Usage: 
+------+-----+------+
|      |Cell |Count |
+------+-----+------+
|1     |LUT2 |     1|
|2     |LUT4 |     3|
|3     |LUT6 |     2|
|4     |IBUF |     8|
|5     |OBUF |     4|
+------+-----+------+

Report Instance Areas: 
+------+---------+-------+------+
|      |Instance |Module |Cells |
+------+---------+-------+------+
|1     |top      |       |    18|
+------+---------+-------+------+
---------------------------------------------------------------------------------
Finished Writing Synthesis Report : Time (s): cpu = 00:00:09 ; elapsed = 00:00:11 . Memory (MB): peak = 1118.117 ; gain = 319.258 ; free physical = 4800 ; free virtual = 18584
---------------------------------------------------------------------------------
Synthesis finished with 0 errors, 0 critical warnings and 0 warnings.
Synthesis Optimization Runtime : Time (s): cpu = 00:00:06 ; elapsed = 00:00:06 . Memory (MB): peak = 1118.117 ; gain = 208.633 ; free physical = 4800 ; free virtual = 18584
Synthesis Optimization Complete : Time (s): cpu = 00:00:09 ; elapsed = 00:00:11 . Memory (MB): peak = 1118.117 ; gain = 319.258 ; free physical = 4800 ; free virtual = 18584
INFO: [Project 1-571] Translating synthesized netlist
INFO: [Netlist 29-17] Analyzing 8 Unisim elements for replacement
INFO: [Netlist 29-28] Unisim Transformation completed in 0 CPU seconds
INFO: [Project 1-570] Preparing netlist for logic optimization
INFO: [Opt 31-138] Pushed 0 inverter(s) to 0 load pin(s).
INFO: [Project 1-111] Unisim Transformation Summary:
No Unisim elements were transformed.

INFO: [Common 17-83] Releasing license: Synthesis
16 Infos, 0 Warnings, 0 Critical Warnings and 0 Errors encountered.
synth_design completed successfully
synth_design: Time (s): cpu = 00:00:07 ; elapsed = 00:00:08 . Memory (MB): peak = 1250.020 ; gain = 340.602 ; free physical = 4739 ; free virtual = 18523
report_utilization: Time (s): cpu = 00:00:00.02 ; elapsed = 00:00:00.12 . Memory (MB): peak = 1290.035 ; gain = 0.000 ; free physical = 4738 ; free virtual = 18522
INFO: [Common 17-206] Exiting Vivado at Thu Apr 21 12:00:07 2016...
