#! /usr/bin/vvp
:ivl_version "10.0 (stable)" "(v10_0)";
:ivl_delay_selection "TYPICAL";
:vpi_time_precision - 11;
:vpi_module "system";
:vpi_module "vhdl_sys";
:vpi_module "v2005_math";
:vpi_module "va_math";
S_0x22560f0 .scope module, "tb_RM" "tb_RM" 2 2;
 .timescale -9 -11;
v0x22b1e10_0 .net "dec", 10 0, L_0x22c35e0;  1 drivers
v0x22b1ed0_0 .var "rec", 15 0;
S_0x2256270 .scope module, "DUT" "RM_dec" 2 8, 3 1 0, S_0x22560f0;
 .timescale 0 0;
    .port_info 0 /INPUT 16 "rec"
    .port_info 1 /OUTPUT 11 "dec"
L_0x7f28bcec6018 .functor BUFT 1, C4<0000011111111111>, C4<0>, C4<0>, C4<0>;
L_0x22c1fb0 .functor AND 16, v0x22b1cd0_0, L_0x7f28bcec6018, C4<1111111111111111>, C4<1111111111111111>;
L_0x7f28bcec6060 .functor BUFT 1, C4<0000011110110100>, C4<0>, C4<0>, C4<0>;
L_0x22c21c0 .functor AND 16, v0x22b1cd0_0, L_0x7f28bcec6060, C4<1111111111111111>, C4<1111111111111111>;
L_0x7f28bcec60a8 .functor BUFT 1, C4<0000011101101010>, C4<0>, C4<0>, C4<0>;
L_0x22c23f0 .functor AND 16, v0x22b1cd0_0, L_0x7f28bcec60a8, C4<1111111111111111>, C4<1111111111111111>;
L_0x7f28bcec60f0 .functor BUFT 1, C4<0000011100100000>, C4<0>, C4<0>, C4<0>;
L_0x22c25d0 .functor AND 16, v0x22b1cd0_0, L_0x7f28bcec60f0, C4<1111111111111111>, C4<1111111111111111>;
L_0x7f28bcec6138 .functor BUFT 1, C4<0000011011011001>, C4<0>, C4<0>, C4<0>;
L_0x22c28a0 .functor AND 16, v0x22b1cd0_0, L_0x7f28bcec6138, C4<1111111111111111>, C4<1111111111111111>;
L_0x7f28bcec6180 .functor BUFT 1, C4<0000011010010000>, C4<0>, C4<0>, C4<0>;
L_0x22c2a50 .functor AND 16, v0x22b1cd0_0, L_0x7f28bcec6180, C4<1111111111111111>, C4<1111111111111111>;
L_0x7f28bcec61c8 .functor BUFT 1, C4<0000011001001000>, C4<0>, C4<0>, C4<0>;
L_0x22c2cb0 .functor AND 16, v0x22b1cd0_0, L_0x7f28bcec61c8, C4<1111111111111111>, C4<1111111111111111>;
L_0x7f28bcec6210 .functor BUFT 1, C4<0000011000000000>, C4<0>, C4<0>, C4<0>;
L_0x22c2e60 .functor AND 16, v0x22b1cd0_0, L_0x7f28bcec6210, C4<1111111111111111>, C4<1111111111111111>;
L_0x7f28bcec6258 .functor BUFT 1, C4<0000010111000111>, C4<0>, C4<0>, C4<0>;
L_0x22c3200 .functor AND 16, v0x22b1cd0_0, L_0x7f28bcec6258, C4<1111111111111111>, C4<1111111111111111>;
L_0x7f28bcec62a0 .functor BUFT 1, C4<0000010110000100>, C4<0>, C4<0>, C4<0>;
L_0x22c3390 .functor AND 16, v0x22b1cd0_0, L_0x7f28bcec62a0, C4<1111111111111111>, C4<1111111111111111>;
L_0x7f28bcec62e8 .functor BUFT 1, C4<0000010101000010>, C4<0>, C4<0>, C4<0>;
L_0x22c3a10 .functor AND 16, v0x22b1cd0_0, L_0x7f28bcec62e8, C4<1111111111111111>, C4<1111111111111111>;
v0x22261e0_0 .net/2u *"_s10", 15 0, L_0x7f28bcec6060;  1 drivers
v0x22afc40_0 .net *"_s12", 15 0, L_0x22c21c0;  1 drivers
v0x22afd20_0 .net *"_s15", 0 0, L_0x22c2300;  1 drivers
v0x22afdf0_0 .net/2u *"_s18", 15 0, L_0x7f28bcec60a8;  1 drivers
v0x22afed0_0 .net/2u *"_s2", 15 0, L_0x7f28bcec6018;  1 drivers
v0x22b0000_0 .net *"_s20", 15 0, L_0x22c23f0;  1 drivers
v0x22b00e0_0 .net *"_s23", 0 0, L_0x22c24e0;  1 drivers
v0x22b01a0_0 .net/2u *"_s26", 15 0, L_0x7f28bcec60f0;  1 drivers
v0x22b0280_0 .net *"_s28", 15 0, L_0x22c25d0;  1 drivers
v0x22b03f0_0 .net *"_s31", 0 0, L_0x22c2700;  1 drivers
v0x22b04b0_0 .net/2u *"_s34", 15 0, L_0x7f28bcec6138;  1 drivers
v0x22b0590_0 .net *"_s36", 15 0, L_0x22c28a0;  1 drivers
v0x22b0670_0 .net *"_s39", 0 0, L_0x22c2960;  1 drivers
v0x22b0730_0 .net *"_s4", 15 0, L_0x22c1fb0;  1 drivers
v0x22b0810_0 .net/2u *"_s42", 15 0, L_0x7f28bcec6180;  1 drivers
v0x22b08f0_0 .net *"_s44", 15 0, L_0x22c2a50;  1 drivers
v0x22b09d0_0 .net *"_s47", 0 0, L_0x22c2b80;  1 drivers
v0x22b0b80_0 .net/2u *"_s50", 15 0, L_0x7f28bcec61c8;  1 drivers
v0x22b0c20_0 .net *"_s52", 15 0, L_0x22c2cb0;  1 drivers
v0x22b0ce0_0 .net *"_s55", 0 0, L_0x22c2d70;  1 drivers
v0x22b0da0_0 .net/2u *"_s58", 15 0, L_0x7f28bcec6210;  1 drivers
v0x22b0e80_0 .net *"_s60", 15 0, L_0x22c2e60;  1 drivers
v0x22b0f60_0 .net *"_s63", 0 0, L_0x22c3030;  1 drivers
v0x22b1020_0 .net/2u *"_s66", 15 0, L_0x7f28bcec6258;  1 drivers
v0x22b1100_0 .net *"_s68", 15 0, L_0x22c3200;  1 drivers
v0x22b11e0_0 .net *"_s7", 0 0, L_0x22c20d0;  1 drivers
v0x22b12a0_0 .net *"_s71", 0 0, L_0x22c3270;  1 drivers
v0x22b1360_0 .net/2u *"_s74", 15 0, L_0x7f28bcec62a0;  1 drivers
v0x22b1440_0 .net *"_s76", 15 0, L_0x22c3390;  1 drivers
v0x22b1520_0 .net *"_s79", 0 0, L_0x22c34e0;  1 drivers
v0x22b15e0_0 .net/2u *"_s83", 15 0, L_0x7f28bcec62e8;  1 drivers
v0x22b16c0_0 .net *"_s85", 15 0, L_0x22c3a10;  1 drivers
v0x22b17a0_0 .net *"_s88", 0 0, L_0x22c3ad0;  1 drivers
v0x22b0a90_0 .var/i "count", 31 0;
v0x22b1a50_0 .net "dec", 10 0, L_0x22c35e0;  alias, 1 drivers
v0x22b1b30_0 .net "rec", 15 0, v0x22b1ed0_0;  1 drivers
v0x22b1c10 .array "v", 0 10, 15 0;
v0x22b1cd0_0 .var "vpos", 15 0;
E_0x22566c0 .event edge, v0x22b1b30_0;
L_0x22c20d0 .reduce/xor L_0x22c1fb0;
L_0x22c2300 .reduce/xor L_0x22c21c0;
L_0x22c24e0 .reduce/xor L_0x22c23f0;
L_0x22c2700 .reduce/xor L_0x22c25d0;
L_0x22c2960 .reduce/xor L_0x22c28a0;
L_0x22c2b80 .reduce/xor L_0x22c2a50;
L_0x22c2d70 .reduce/xor L_0x22c2cb0;
L_0x22c3030 .reduce/xor L_0x22c2e60;
L_0x22c3270 .reduce/xor L_0x22c3200;
L_0x22c34e0 .reduce/xor L_0x22c3390;
LS_0x22c35e0_0_0 .concat8 [ 1 1 1 1], L_0x22c20d0, L_0x22c2300, L_0x22c24e0, L_0x22c2700;
LS_0x22c35e0_0_4 .concat8 [ 1 1 1 1], L_0x22c2960, L_0x22c2b80, L_0x22c2d70, L_0x22c3030;
LS_0x22c35e0_0_8 .concat8 [ 1 1 1 0], L_0x22c3270, L_0x22c34e0, L_0x22c3ad0;
L_0x22c35e0 .concat8 [ 4 4 3 0], LS_0x22c35e0_0_0, LS_0x22c35e0_0_4, LS_0x22c35e0_0_8;
L_0x22c3ad0 .reduce/xor L_0x22c3a10;
    .scope S_0x2256270;
T_0 ;
    %wait E_0x22566c0;
    %pushi/vec4 0, 0, 32;
    %store/vec4 v0x22b0a90_0, 0, 32;
    %load/vec4 v0x22b1b30_0;
    %pushi/vec4 34952, 0, 16;
    %and;
    %xor/r;
    %ix/load 4, 5, 0;
    %flag_set/imm 4, 0;
    %flag_mov 8, 4;
    %ix/load 5, 0, 0;
    %flag_set/imm 4, 0;
    %flag_or 4, 8;
    %store/vec4a v0x22b1c10, 4, 5;
    %load/vec4 v0x22b0a90_0;
    %ix/load 4, 5, 0;
    %flag_set/imm 4, 0;
    %load/vec4a v0x22b1c10, 4;
    %parti/s 1, 0, 2;
    %pad/u 32;
    %add;
    %store/vec4 v0x22b0a90_0, 0, 32;
    %load/vec4 v0x22b1b30_0;
    %pushi/vec4 17476, 0, 16;
    %and;
    %xor/r;
    %ix/load 4, 5, 0;
    %flag_set/imm 4, 0;
    %flag_mov 8, 4;
    %ix/load 5, 1, 0;
    %flag_set/imm 4, 0;
    %flag_or 4, 8;
    %store/vec4a v0x22b1c10, 4, 5;
    %load/vec4 v0x22b0a90_0;
    %ix/load 4, 5, 0;
    %flag_set/imm 4, 0;
    %load/vec4a v0x22b1c10, 4;
    %parti/s 1, 1, 2;
    %pad/u 32;
    %add;
    %store/vec4 v0x22b0a90_0, 0, 32;
    %load/vec4 v0x22b1b30_0;
    %pushi/vec4 8738, 0, 16;
    %and;
    %xor/r;
    %ix/load 4, 5, 0;
    %flag_set/imm 4, 0;
    %flag_mov 8, 4;
    %ix/load 5, 2, 0;
    %flag_set/imm 4, 0;
    %flag_or 4, 8;
    %store/vec4a v0x22b1c10, 4, 5;
    %load/vec4 v0x22b0a90_0;
    %ix/load 4, 5, 0;
    %flag_set/imm 4, 0;
    %load/vec4a v0x22b1c10, 4;
    %parti/s 1, 2, 3;
    %pad/u 32;
    %add;
    %store/vec4 v0x22b0a90_0, 0, 32;
    %load/vec4 v0x22b1b30_0;
    %pushi/vec4 4369, 0, 16;
    %and;
    %xor/r;
    %ix/load 4, 5, 0;
    %flag_set/imm 4, 0;
    %flag_mov 8, 4;
    %ix/load 5, 3, 0;
    %flag_set/imm 4, 0;
    %flag_or 4, 8;
    %store/vec4a v0x22b1c10, 4, 5;
    %load/vec4 v0x22b0a90_0;
    %ix/load 4, 5, 0;
    %flag_set/imm 4, 0;
    %load/vec4a v0x22b1c10, 4;
    %parti/s 1, 3, 3;
    %pad/u 32;
    %add;
    %store/vec4 v0x22b0a90_0, 0, 32;
    %pushi/vec4 2, 0, 32;
    %load/vec4 v0x22b0a90_0;
    %cmp/s;
    %jmp/0xz  T_0.0, 5;
    %pushi/vec4 1, 0, 1;
    %ix/load 4, 5, 0;
    %flag_set/imm 4, 0;
    %store/vec4 v0x22b1cd0_0, 4, 1;
    %jmp T_0.1;
T_0.0 ;
    %pushi/vec4 0, 0, 1;
    %ix/load 4, 5, 0;
    %flag_set/imm 4, 0;
    %store/vec4 v0x22b1cd0_0, 4, 1;
T_0.1 ;
    %pushi/vec4 0, 0, 32;
    %store/vec4 v0x22b0a90_0, 0, 32;
    %load/vec4 v0x22b1b30_0;
    %pushi/vec4 41120, 0, 16;
    %and;
    %xor/r;
    %ix/load 4, 6, 0;
    %flag_set/imm 4, 0;
    %flag_mov 8, 4;
    %ix/load 5, 0, 0;
    %flag_set/imm 4, 0;
    %flag_or 4, 8;
    %store/vec4a v0x22b1c10, 4, 5;
    %load/vec4 v0x22b0a90_0;
    %ix/load 4, 6, 0;
    %flag_set/imm 4, 0;
    %load/vec4a v0x22b1c10, 4;
    %parti/s 1, 0, 2;
    %pad/u 32;
    %add;
    %store/vec4 v0x22b0a90_0, 0, 32;
    %load/vec4 v0x22b1b30_0;
    %pushi/vec4 20560, 0, 16;
    %and;
    %xor/r;
    %ix/load 4, 6, 0;
    %flag_set/imm 4, 0;
    %flag_mov 8, 4;
    %ix/load 5, 1, 0;
    %flag_set/imm 4, 0;
    %flag_or 4, 8;
    %store/vec4a v0x22b1c10, 4, 5;
    %load/vec4 v0x22b0a90_0;
    %ix/load 4, 6, 0;
    %flag_set/imm 4, 0;
    %load/vec4a v0x22b1c10, 4;
    %parti/s 1, 1, 2;
    %pad/u 32;
    %add;
    %store/vec4 v0x22b0a90_0, 0, 32;
    %load/vec4 v0x22b1b30_0;
    %pushi/vec4 2570, 0, 16;
    %and;
    %xor/r;
    %ix/load 4, 6, 0;
    %flag_set/imm 4, 0;
    %flag_mov 8, 4;
    %ix/load 5, 2, 0;
    %flag_set/imm 4, 0;
    %flag_or 4, 8;
    %store/vec4a v0x22b1c10, 4, 5;
    %load/vec4 v0x22b0a90_0;
    %ix/load 4, 6, 0;
    %flag_set/imm 4, 0;
    %load/vec4a v0x22b1c10, 4;
    %parti/s 1, 2, 3;
    %pad/u 32;
    %add;
    %store/vec4 v0x22b0a90_0, 0, 32;
    %load/vec4 v0x22b1b30_0;
    %pushi/vec4 1285, 0, 16;
    %and;
    %xor/r;
    %ix/load 4, 6, 0;
    %flag_set/imm 4, 0;
    %flag_mov 8, 4;
    %ix/load 5, 3, 0;
    %flag_set/imm 4, 0;
    %flag_or 4, 8;
    %store/vec4a v0x22b1c10, 4, 5;
    %load/vec4 v0x22b0a90_0;
    %ix/load 4, 6, 0;
    %flag_set/imm 4, 0;
    %load/vec4a v0x22b1c10, 4;
    %parti/s 1, 3, 3;
    %pad/u 32;
    %add;
    %store/vec4 v0x22b0a90_0, 0, 32;
    %pushi/vec4 2, 0, 32;
    %load/vec4 v0x22b0a90_0;
    %cmp/s;
    %jmp/0xz  T_0.2, 5;
    %pushi/vec4 1, 0, 1;
    %ix/load 4, 6, 0;
    %flag_set/imm 4, 0;
    %store/vec4 v0x22b1cd0_0, 4, 1;
    %jmp T_0.3;
T_0.2 ;
    %pushi/vec4 0, 0, 1;
    %ix/load 4, 6, 0;
    %flag_set/imm 4, 0;
    %store/vec4 v0x22b1cd0_0, 4, 1;
T_0.3 ;
    %pushi/vec4 0, 0, 32;
    %store/vec4 v0x22b0a90_0, 0, 32;
    %load/vec4 v0x22b1b30_0;
    %pushi/vec4 49344, 0, 16;
    %and;
    %xor/r;
    %ix/load 4, 7, 0;
    %flag_set/imm 4, 0;
    %flag_mov 8, 4;
    %ix/load 5, 0, 0;
    %flag_set/imm 4, 0;
    %flag_or 4, 8;
    %store/vec4a v0x22b1c10, 4, 5;
    %load/vec4 v0x22b0a90_0;
    %ix/load 4, 7, 0;
    %flag_set/imm 4, 0;
    %load/vec4a v0x22b1c10, 4;
    %parti/s 1, 0, 2;
    %pad/u 32;
    %add;
    %store/vec4 v0x22b0a90_0, 0, 32;
    %load/vec4 v0x22b1b30_0;
    %pushi/vec4 12336, 0, 16;
    %and;
    %xor/r;
    %ix/load 4, 7, 0;
    %flag_set/imm 4, 0;
    %flag_mov 8, 4;
    %ix/load 5, 1, 0;
    %flag_set/imm 4, 0;
    %flag_or 4, 8;
    %store/vec4a v0x22b1c10, 4, 5;
    %load/vec4 v0x22b0a90_0;
    %ix/load 4, 7, 0;
    %flag_set/imm 4, 0;
    %load/vec4a v0x22b1c10, 4;
    %parti/s 1, 1, 2;
    %pad/u 32;
    %add;
    %store/vec4 v0x22b0a90_0, 0, 32;
    %load/vec4 v0x22b1b30_0;
    %pushi/vec4 3084, 0, 16;
    %and;
    %xor/r;
    %ix/load 4, 7, 0;
    %flag_set/imm 4, 0;
    %flag_mov 8, 4;
    %ix/load 5, 2, 0;
    %flag_set/imm 4, 0;
    %flag_or 4, 8;
    %store/vec4a v0x22b1c10, 4, 5;
    %load/vec4 v0x22b0a90_0;
    %ix/load 4, 7, 0;
    %flag_set/imm 4, 0;
    %load/vec4a v0x22b1c10, 4;
    %parti/s 1, 2, 3;
    %pad/u 32;
    %add;
    %store/vec4 v0x22b0a90_0, 0, 32;
    %load/vec4 v0x22b1b30_0;
    %pushi/vec4 771, 0, 16;
    %and;
    %xor/r;
    %ix/load 4, 7, 0;
    %flag_set/imm 4, 0;
    %flag_mov 8, 4;
    %ix/load 5, 3, 0;
    %flag_set/imm 4, 0;
    %flag_or 4, 8;
    %store/vec4a v0x22b1c10, 4, 5;
    %load/vec4 v0x22b0a90_0;
    %ix/load 4, 7, 0;
    %flag_set/imm 4, 0;
    %load/vec4a v0x22b1c10, 4;
    %parti/s 1, 3, 3;
    %pad/u 32;
    %add;
    %store/vec4 v0x22b0a90_0, 0, 32;
    %pushi/vec4 2, 0, 32;
    %load/vec4 v0x22b0a90_0;
    %cmp/s;
    %jmp/0xz  T_0.4, 5;
    %pushi/vec4 1, 0, 1;
    %ix/load 4, 7, 0;
    %flag_set/imm 4, 0;
    %store/vec4 v0x22b1cd0_0, 4, 1;
    %jmp T_0.5;
T_0.4 ;
    %pushi/vec4 0, 0, 1;
    %ix/load 4, 7, 0;
    %flag_set/imm 4, 0;
    %store/vec4 v0x22b1cd0_0, 4, 1;
T_0.5 ;
    %pushi/vec4 0, 0, 32;
    %store/vec4 v0x22b0a90_0, 0, 32;
    %load/vec4 v0x22b1b30_0;
    %pushi/vec4 43520, 0, 16;
    %and;
    %xor/r;
    %ix/load 4, 8, 0;
    %flag_set/imm 4, 0;
    %flag_mov 8, 4;
    %ix/load 5, 0, 0;
    %flag_set/imm 4, 0;
    %flag_or 4, 8;
    %store/vec4a v0x22b1c10, 4, 5;
    %load/vec4 v0x22b0a90_0;
    %ix/load 4, 8, 0;
    %flag_set/imm 4, 0;
    %load/vec4a v0x22b1c10, 4;
    %parti/s 1, 0, 2;
    %pad/u 32;
    %add;
    %store/vec4 v0x22b0a90_0, 0, 32;
    %load/vec4 v0x22b1b30_0;
    %pushi/vec4 21760, 0, 16;
    %and;
    %xor/r;
    %ix/load 4, 8, 0;
    %flag_set/imm 4, 0;
    %flag_mov 8, 4;
    %ix/load 5, 1, 0;
    %flag_set/imm 4, 0;
    %flag_or 4, 8;
    %store/vec4a v0x22b1c10, 4, 5;
    %load/vec4 v0x22b0a90_0;
    %ix/load 4, 8, 0;
    %flag_set/imm 4, 0;
    %load/vec4a v0x22b1c10, 4;
    %parti/s 1, 1, 2;
    %pad/u 32;
    %add;
    %store/vec4 v0x22b0a90_0, 0, 32;
    %load/vec4 v0x22b1b30_0;
    %pushi/vec4 170, 0, 16;
    %and;
    %xor/r;
    %ix/load 4, 8, 0;
    %flag_set/imm 4, 0;
    %flag_mov 8, 4;
    %ix/load 5, 2, 0;
    %flag_set/imm 4, 0;
    %flag_or 4, 8;
    %store/vec4a v0x22b1c10, 4, 5;
    %load/vec4 v0x22b0a90_0;
    %ix/load 4, 8, 0;
    %flag_set/imm 4, 0;
    %load/vec4a v0x22b1c10, 4;
    %parti/s 1, 2, 3;
    %pad/u 32;
    %add;
    %store/vec4 v0x22b0a90_0, 0, 32;
    %load/vec4 v0x22b1b30_0;
    %pushi/vec4 85, 0, 16;
    %and;
    %xor/r;
    %ix/load 4, 8, 0;
    %flag_set/imm 4, 0;
    %flag_mov 8, 4;
    %ix/load 5, 3, 0;
    %flag_set/imm 4, 0;
    %flag_or 4, 8;
    %store/vec4a v0x22b1c10, 4, 5;
    %load/vec4 v0x22b0a90_0;
    %ix/load 4, 8, 0;
    %flag_set/imm 4, 0;
    %load/vec4a v0x22b1c10, 4;
    %parti/s 1, 3, 3;
    %pad/u 32;
    %add;
    %store/vec4 v0x22b0a90_0, 0, 32;
    %pushi/vec4 2, 0, 32;
    %load/vec4 v0x22b0a90_0;
    %cmp/s;
    %jmp/0xz  T_0.6, 5;
    %pushi/vec4 1, 0, 1;
    %ix/load 4, 8, 0;
    %flag_set/imm 4, 0;
    %store/vec4 v0x22b1cd0_0, 4, 1;
    %jmp T_0.7;
T_0.6 ;
    %pushi/vec4 0, 0, 1;
    %ix/load 4, 8, 0;
    %flag_set/imm 4, 0;
    %store/vec4 v0x22b1cd0_0, 4, 1;
T_0.7 ;
    %pushi/vec4 0, 0, 32;
    %store/vec4 v0x22b0a90_0, 0, 32;
    %load/vec4 v0x22b1b30_0;
    %pushi/vec4 52224, 0, 16;
    %and;
    %xor/r;
    %ix/load 4, 9, 0;
    %flag_set/imm 4, 0;
    %flag_mov 8, 4;
    %ix/load 5, 0, 0;
    %flag_set/imm 4, 0;
    %flag_or 4, 8;
    %store/vec4a v0x22b1c10, 4, 5;
    %load/vec4 v0x22b0a90_0;
    %ix/load 4, 9, 0;
    %flag_set/imm 4, 0;
    %load/vec4a v0x22b1c10, 4;
    %parti/s 1, 0, 2;
    %pad/u 32;
    %add;
    %store/vec4 v0x22b0a90_0, 0, 32;
    %load/vec4 v0x22b1b30_0;
    %pushi/vec4 13056, 0, 16;
    %and;
    %xor/r;
    %ix/load 4, 9, 0;
    %flag_set/imm 4, 0;
    %flag_mov 8, 4;
    %ix/load 5, 1, 0;
    %flag_set/imm 4, 0;
    %flag_or 4, 8;
    %store/vec4a v0x22b1c10, 4, 5;
    %load/vec4 v0x22b0a90_0;
    %ix/load 4, 9, 0;
    %flag_set/imm 4, 0;
    %load/vec4a v0x22b1c10, 4;
    %parti/s 1, 1, 2;
    %pad/u 32;
    %add;
    %store/vec4 v0x22b0a90_0, 0, 32;
    %load/vec4 v0x22b1b30_0;
    %pushi/vec4 204, 0, 16;
    %and;
    %xor/r;
    %ix/load 4, 9, 0;
    %flag_set/imm 4, 0;
    %flag_mov 8, 4;
    %ix/load 5, 2, 0;
    %flag_set/imm 4, 0;
    %flag_or 4, 8;
    %store/vec4a v0x22b1c10, 4, 5;
    %load/vec4 v0x22b0a90_0;
    %ix/load 4, 9, 0;
    %flag_set/imm 4, 0;
    %load/vec4a v0x22b1c10, 4;
    %parti/s 1, 2, 3;
    %pad/u 32;
    %add;
    %store/vec4 v0x22b0a90_0, 0, 32;
    %load/vec4 v0x22b1b30_0;
    %pushi/vec4 51, 0, 16;
    %and;
    %xor/r;
    %ix/load 4, 9, 0;
    %flag_set/imm 4, 0;
    %flag_mov 8, 4;
    %ix/load 5, 3, 0;
    %flag_set/imm 4, 0;
    %flag_or 4, 8;
    %store/vec4a v0x22b1c10, 4, 5;
    %load/vec4 v0x22b0a90_0;
    %ix/load 4, 9, 0;
    %flag_set/imm 4, 0;
    %load/vec4a v0x22b1c10, 4;
    %parti/s 1, 3, 3;
    %pad/u 32;
    %add;
    %store/vec4 v0x22b0a90_0, 0, 32;
    %pushi/vec4 2, 0, 32;
    %load/vec4 v0x22b0a90_0;
    %cmp/s;
    %jmp/0xz  T_0.8, 5;
    %pushi/vec4 1, 0, 1;
    %ix/load 4, 9, 0;
    %flag_set/imm 4, 0;
    %store/vec4 v0x22b1cd0_0, 4, 1;
    %jmp T_0.9;
T_0.8 ;
    %pushi/vec4 0, 0, 1;
    %ix/load 4, 9, 0;
    %flag_set/imm 4, 0;
    %store/vec4 v0x22b1cd0_0, 4, 1;
T_0.9 ;
    %pushi/vec4 0, 0, 32;
    %store/vec4 v0x22b0a90_0, 0, 32;
    %load/vec4 v0x22b1b30_0;
    %pushi/vec4 61440, 0, 16;
    %and;
    %xor/r;
    %ix/load 4, 10, 0;
    %flag_set/imm 4, 0;
    %flag_mov 8, 4;
    %ix/load 5, 0, 0;
    %flag_set/imm 4, 0;
    %flag_or 4, 8;
    %store/vec4a v0x22b1c10, 4, 5;
    %load/vec4 v0x22b0a90_0;
    %ix/load 4, 10, 0;
    %flag_set/imm 4, 0;
    %load/vec4a v0x22b1c10, 4;
    %parti/s 1, 0, 2;
    %pad/u 32;
    %add;
    %store/vec4 v0x22b0a90_0, 0, 32;
    %load/vec4 v0x22b1b30_0;
    %pushi/vec4 3840, 0, 16;
    %and;
    %xor/r;
    %ix/load 4, 10, 0;
    %flag_set/imm 4, 0;
    %flag_mov 8, 4;
    %ix/load 5, 1, 0;
    %flag_set/imm 4, 0;
    %flag_or 4, 8;
    %store/vec4a v0x22b1c10, 4, 5;
    %load/vec4 v0x22b0a90_0;
    %ix/load 4, 10, 0;
    %flag_set/imm 4, 0;
    %load/vec4a v0x22b1c10, 4;
    %parti/s 1, 1, 2;
    %pad/u 32;
    %add;
    %store/vec4 v0x22b0a90_0, 0, 32;
    %load/vec4 v0x22b1b30_0;
    %pushi/vec4 240, 0, 16;
    %and;
    %xor/r;
    %ix/load 4, 10, 0;
    %flag_set/imm 4, 0;
    %flag_mov 8, 4;
    %ix/load 5, 2, 0;
    %flag_set/imm 4, 0;
    %flag_or 4, 8;
    %store/vec4a v0x22b1c10, 4, 5;
    %load/vec4 v0x22b0a90_0;
    %ix/load 4, 10, 0;
    %flag_set/imm 4, 0;
    %load/vec4a v0x22b1c10, 4;
    %parti/s 1, 2, 3;
    %pad/u 32;
    %add;
    %store/vec4 v0x22b0a90_0, 0, 32;
    %load/vec4 v0x22b1b30_0;
    %pushi/vec4 15, 0, 16;
    %and;
    %xor/r;
    %ix/load 4, 10, 0;
    %flag_set/imm 4, 0;
    %flag_mov 8, 4;
    %ix/load 5, 3, 0;
    %flag_set/imm 4, 0;
    %flag_or 4, 8;
    %store/vec4a v0x22b1c10, 4, 5;
    %load/vec4 v0x22b0a90_0;
    %ix/load 4, 10, 0;
    %flag_set/imm 4, 0;
    %load/vec4a v0x22b1c10, 4;
    %parti/s 1, 3, 3;
    %pad/u 32;
    %add;
    %store/vec4 v0x22b0a90_0, 0, 32;
    %pushi/vec4 2, 0, 32;
    %load/vec4 v0x22b0a90_0;
    %cmp/s;
    %jmp/0xz  T_0.10, 5;
    %pushi/vec4 1, 0, 1;
    %ix/load 4, 10, 0;
    %flag_set/imm 4, 0;
    %store/vec4 v0x22b1cd0_0, 4, 1;
    %jmp T_0.11;
T_0.10 ;
    %pushi/vec4 0, 0, 1;
    %ix/load 4, 10, 0;
    %flag_set/imm 4, 0;
    %store/vec4 v0x22b1cd0_0, 4, 1;
T_0.11 ;
    %pushi/vec4 0, 0, 32;
    %store/vec4 v0x22b0a90_0, 0, 32;
    %load/vec4 v0x22b1b30_0;
    %pushi/vec4 32896, 0, 16;
    %and;
    %xor/r;
    %ix/load 4, 1, 0;
    %flag_set/imm 4, 0;
    %flag_mov 8, 4;
    %ix/load 5, 0, 0;
    %flag_set/imm 4, 0;
    %flag_or 4, 8;
    %store/vec4a v0x22b1c10, 4, 5;
    %load/vec4 v0x22b0a90_0;
    %ix/load 4, 1, 0;
    %flag_set/imm 4, 0;
    %load/vec4a v0x22b1c10, 4;
    %parti/s 1, 0, 2;
    %pad/u 32;
    %add;
    %store/vec4 v0x22b0a90_0, 0, 32;
    %load/vec4 v0x22b1b30_0;
    %pushi/vec4 16448, 0, 16;
    %and;
    %xor/r;
    %ix/load 4, 1, 0;
    %flag_set/imm 4, 0;
    %flag_mov 8, 4;
    %ix/load 5, 1, 0;
    %flag_set/imm 4, 0;
    %flag_or 4, 8;
    %store/vec4a v0x22b1c10, 4, 5;
    %load/vec4 v0x22b0a90_0;
    %ix/load 4, 1, 0;
    %flag_set/imm 4, 0;
    %load/vec4a v0x22b1c10, 4;
    %parti/s 1, 1, 2;
    %pad/u 32;
    %add;
    %store/vec4 v0x22b0a90_0, 0, 32;
    %load/vec4 v0x22b1b30_0;
    %pushi/vec4 8224, 0, 16;
    %and;
    %xor/r;
    %ix/load 4, 1, 0;
    %flag_set/imm 4, 0;
    %flag_mov 8, 4;
    %ix/load 5, 2, 0;
    %flag_set/imm 4, 0;
    %flag_or 4, 8;
    %store/vec4a v0x22b1c10, 4, 5;
    %load/vec4 v0x22b0a90_0;
    %ix/load 4, 1, 0;
    %flag_set/imm 4, 0;
    %load/vec4a v0x22b1c10, 4;
    %parti/s 1, 2, 3;
    %pad/u 32;
    %add;
    %store/vec4 v0x22b0a90_0, 0, 32;
    %load/vec4 v0x22b1b30_0;
    %pushi/vec4 4112, 0, 16;
    %and;
    %xor/r;
    %ix/load 4, 1, 0;
    %flag_set/imm 4, 0;
    %flag_mov 8, 4;
    %ix/load 5, 3, 0;
    %flag_set/imm 4, 0;
    %flag_or 4, 8;
    %store/vec4a v0x22b1c10, 4, 5;
    %load/vec4 v0x22b0a90_0;
    %ix/load 4, 1, 0;
    %flag_set/imm 4, 0;
    %load/vec4a v0x22b1c10, 4;
    %parti/s 1, 3, 3;
    %pad/u 32;
    %add;
    %store/vec4 v0x22b0a90_0, 0, 32;
    %load/vec4 v0x22b1b30_0;
    %pushi/vec4 2056, 0, 16;
    %and;
    %xor/r;
    %ix/load 4, 1, 0;
    %flag_set/imm 4, 0;
    %flag_mov 8, 4;
    %ix/load 5, 4, 0;
    %flag_set/imm 4, 0;
    %flag_or 4, 8;
    %store/vec4a v0x22b1c10, 4, 5;
    %load/vec4 v0x22b0a90_0;
    %ix/load 4, 1, 0;
    %flag_set/imm 4, 0;
    %load/vec4a v0x22b1c10, 4;
    %parti/s 1, 4, 4;
    %pad/u 32;
    %add;
    %store/vec4 v0x22b0a90_0, 0, 32;
    %load/vec4 v0x22b1b30_0;
    %pushi/vec4 1028, 0, 16;
    %and;
    %xor/r;
    %ix/load 4, 1, 0;
    %flag_set/imm 4, 0;
    %flag_mov 8, 4;
    %ix/load 5, 5, 0;
    %flag_set/imm 4, 0;
    %flag_or 4, 8;
    %store/vec4a v0x22b1c10, 4, 5;
    %load/vec4 v0x22b0a90_0;
    %ix/load 4, 1, 0;
    %flag_set/imm 4, 0;
    %load/vec4a v0x22b1c10, 4;
    %parti/s 1, 5, 4;
    %pad/u 32;
    %add;
    %store/vec4 v0x22b0a90_0, 0, 32;
    %load/vec4 v0x22b1b30_0;
    %pushi/vec4 514, 0, 16;
    %and;
    %xor/r;
    %ix/load 4, 1, 0;
    %flag_set/imm 4, 0;
    %flag_mov 8, 4;
    %ix/load 5, 6, 0;
    %flag_set/imm 4, 0;
    %flag_or 4, 8;
    %store/vec4a v0x22b1c10, 4, 5;
    %load/vec4 v0x22b0a90_0;
    %ix/load 4, 1, 0;
    %flag_set/imm 4, 0;
    %load/vec4a v0x22b1c10, 4;
    %parti/s 1, 6, 4;
    %pad/u 32;
    %add;
    %store/vec4 v0x22b0a90_0, 0, 32;
    %load/vec4 v0x22b1b30_0;
    %pushi/vec4 257, 0, 16;
    %and;
    %xor/r;
    %ix/load 4, 1, 0;
    %flag_set/imm 4, 0;
    %flag_mov 8, 4;
    %ix/load 5, 7, 0;
    %flag_set/imm 4, 0;
    %flag_or 4, 8;
    %store/vec4a v0x22b1c10, 4, 5;
    %load/vec4 v0x22b0a90_0;
    %ix/load 4, 1, 0;
    %flag_set/imm 4, 0;
    %load/vec4a v0x22b1c10, 4;
    %parti/s 1, 7, 4;
    %pad/u 32;
    %add;
    %store/vec4 v0x22b0a90_0, 0, 32;
    %pushi/vec4 4, 0, 32;
    %load/vec4 v0x22b0a90_0;
    %cmp/s;
    %jmp/0xz  T_0.12, 5;
    %pushi/vec4 1, 0, 1;
    %ix/load 4, 1, 0;
    %flag_set/imm 4, 0;
    %store/vec4 v0x22b1cd0_0, 4, 1;
    %jmp T_0.13;
T_0.12 ;
    %pushi/vec4 0, 0, 1;
    %ix/load 4, 1, 0;
    %flag_set/imm 4, 0;
    %store/vec4 v0x22b1cd0_0, 4, 1;
T_0.13 ;
    %pushi/vec4 0, 0, 32;
    %store/vec4 v0x22b0a90_0, 0, 32;
    %load/vec4 v0x22b1b30_0;
    %pushi/vec4 34816, 0, 16;
    %and;
    %xor/r;
    %ix/load 4, 2, 0;
    %flag_set/imm 4, 0;
    %flag_mov 8, 4;
    %ix/load 5, 0, 0;
    %flag_set/imm 4, 0;
    %flag_or 4, 8;
    %store/vec4a v0x22b1c10, 4, 5;
    %load/vec4 v0x22b0a90_0;
    %ix/load 4, 2, 0;
    %flag_set/imm 4, 0;
    %load/vec4a v0x22b1c10, 4;
    %parti/s 1, 0, 2;
    %pad/u 32;
    %add;
    %store/vec4 v0x22b0a90_0, 0, 32;
    %load/vec4 v0x22b1b30_0;
    %pushi/vec4 17408, 0, 16;
    %and;
    %xor/r;
    %ix/load 4, 2, 0;
    %flag_set/imm 4, 0;
    %flag_mov 8, 4;
    %ix/load 5, 1, 0;
    %flag_set/imm 4, 0;
    %flag_or 4, 8;
    %store/vec4a v0x22b1c10, 4, 5;
    %load/vec4 v0x22b0a90_0;
    %ix/load 4, 2, 0;
    %flag_set/imm 4, 0;
    %load/vec4a v0x22b1c10, 4;
    %parti/s 1, 1, 2;
    %pad/u 32;
    %add;
    %store/vec4 v0x22b0a90_0, 0, 32;
    %load/vec4 v0x22b1b30_0;
    %pushi/vec4 8704, 0, 16;
    %and;
    %xor/r;
    %ix/load 4, 2, 0;
    %flag_set/imm 4, 0;
    %flag_mov 8, 4;
    %ix/load 5, 2, 0;
    %flag_set/imm 4, 0;
    %flag_or 4, 8;
    %store/vec4a v0x22b1c10, 4, 5;
    %load/vec4 v0x22b0a90_0;
    %ix/load 4, 2, 0;
    %flag_set/imm 4, 0;
    %load/vec4a v0x22b1c10, 4;
    %parti/s 1, 2, 3;
    %pad/u 32;
    %add;
    %store/vec4 v0x22b0a90_0, 0, 32;
    %load/vec4 v0x22b1b30_0;
    %pushi/vec4 4352, 0, 16;
    %and;
    %xor/r;
    %ix/load 4, 2, 0;
    %flag_set/imm 4, 0;
    %flag_mov 8, 4;
    %ix/load 5, 3, 0;
    %flag_set/imm 4, 0;
    %flag_or 4, 8;
    %store/vec4a v0x22b1c10, 4, 5;
    %load/vec4 v0x22b0a90_0;
    %ix/load 4, 2, 0;
    %flag_set/imm 4, 0;
    %load/vec4a v0x22b1c10, 4;
    %parti/s 1, 3, 3;
    %pad/u 32;
    %add;
    %store/vec4 v0x22b0a90_0, 0, 32;
    %load/vec4 v0x22b1b30_0;
    %pushi/vec4 136, 0, 16;
    %and;
    %xor/r;
    %ix/load 4, 2, 0;
    %flag_set/imm 4, 0;
    %flag_mov 8, 4;
    %ix/load 5, 4, 0;
    %flag_set/imm 4, 0;
    %flag_or 4, 8;
    %store/vec4a v0x22b1c10, 4, 5;
    %load/vec4 v0x22b0a90_0;
    %ix/load 4, 2, 0;
    %flag_set/imm 4, 0;
    %load/vec4a v0x22b1c10, 4;
    %parti/s 1, 4, 4;
    %pad/u 32;
    %add;
    %store/vec4 v0x22b0a90_0, 0, 32;
    %load/vec4 v0x22b1b30_0;
    %pushi/vec4 68, 0, 16;
    %and;
    %xor/r;
    %ix/load 4, 2, 0;
    %flag_set/imm 4, 0;
    %flag_mov 8, 4;
    %ix/load 5, 5, 0;
    %flag_set/imm 4, 0;
    %flag_or 4, 8;
    %store/vec4a v0x22b1c10, 4, 5;
    %load/vec4 v0x22b0a90_0;
    %ix/load 4, 2, 0;
    %flag_set/imm 4, 0;
    %load/vec4a v0x22b1c10, 4;
    %parti/s 1, 5, 4;
    %pad/u 32;
    %add;
    %store/vec4 v0x22b0a90_0, 0, 32;
    %load/vec4 v0x22b1b30_0;
    %pushi/vec4 34, 0, 16;
    %and;
    %xor/r;
    %ix/load 4, 2, 0;
    %flag_set/imm 4, 0;
    %flag_mov 8, 4;
    %ix/load 5, 6, 0;
    %flag_set/imm 4, 0;
    %flag_or 4, 8;
    %store/vec4a v0x22b1c10, 4, 5;
    %load/vec4 v0x22b0a90_0;
    %ix/load 4, 2, 0;
    %flag_set/imm 4, 0;
    %load/vec4a v0x22b1c10, 4;
    %parti/s 1, 6, 4;
    %pad/u 32;
    %add;
    %store/vec4 v0x22b0a90_0, 0, 32;
    %load/vec4 v0x22b1b30_0;
    %pushi/vec4 17, 0, 16;
    %and;
    %xor/r;
    %ix/load 4, 2, 0;
    %flag_set/imm 4, 0;
    %flag_mov 8, 4;
    %ix/load 5, 7, 0;
    %flag_set/imm 4, 0;
    %flag_or 4, 8;
    %store/vec4a v0x22b1c10, 4, 5;
    %load/vec4 v0x22b0a90_0;
    %ix/load 4, 2, 0;
    %flag_set/imm 4, 0;
    %load/vec4a v0x22b1c10, 4;
    %parti/s 1, 7, 4;
    %pad/u 32;
    %add;
    %store/vec4 v0x22b0a90_0, 0, 32;
    %pushi/vec4 4, 0, 32;
    %load/vec4 v0x22b0a90_0;
    %cmp/s;
    %jmp/0xz  T_0.14, 5;
    %pushi/vec4 1, 0, 1;
    %ix/load 4, 2, 0;
    %flag_set/imm 4, 0;
    %store/vec4 v0x22b1cd0_0, 4, 1;
    %jmp T_0.15;
T_0.14 ;
    %pushi/vec4 0, 0, 1;
    %ix/load 4, 2, 0;
    %flag_set/imm 4, 0;
    %store/vec4 v0x22b1cd0_0, 4, 1;
T_0.15 ;
    %pushi/vec4 0, 0, 32;
    %store/vec4 v0x22b0a90_0, 0, 32;
    %load/vec4 v0x22b1b30_0;
    %pushi/vec4 40960, 0, 16;
    %and;
    %xor/r;
    %ix/load 4, 3, 0;
    %flag_set/imm 4, 0;
    %flag_mov 8, 4;
    %ix/load 5, 0, 0;
    %flag_set/imm 4, 0;
    %flag_or 4, 8;
    %store/vec4a v0x22b1c10, 4, 5;
    %load/vec4 v0x22b0a90_0;
    %ix/load 4, 3, 0;
    %flag_set/imm 4, 0;
    %load/vec4a v0x22b1c10, 4;
    %parti/s 1, 0, 2;
    %pad/u 32;
    %add;
    %store/vec4 v0x22b0a90_0, 0, 32;
    %load/vec4 v0x22b1b30_0;
    %pushi/vec4 20480, 0, 16;
    %and;
    %xor/r;
    %ix/load 4, 3, 0;
    %flag_set/imm 4, 0;
    %flag_mov 8, 4;
    %ix/load 5, 1, 0;
    %flag_set/imm 4, 0;
    %flag_or 4, 8;
    %store/vec4a v0x22b1c10, 4, 5;
    %load/vec4 v0x22b0a90_0;
    %ix/load 4, 3, 0;
    %flag_set/imm 4, 0;
    %load/vec4a v0x22b1c10, 4;
    %parti/s 1, 1, 2;
    %pad/u 32;
    %add;
    %store/vec4 v0x22b0a90_0, 0, 32;
    %load/vec4 v0x22b1b30_0;
    %pushi/vec4 2560, 0, 16;
    %and;
    %xor/r;
    %ix/load 4, 3, 0;
    %flag_set/imm 4, 0;
    %flag_mov 8, 4;
    %ix/load 5, 2, 0;
    %flag_set/imm 4, 0;
    %flag_or 4, 8;
    %store/vec4a v0x22b1c10, 4, 5;
    %load/vec4 v0x22b0a90_0;
    %ix/load 4, 3, 0;
    %flag_set/imm 4, 0;
    %load/vec4a v0x22b1c10, 4;
    %parti/s 1, 2, 3;
    %pad/u 32;
    %add;
    %store/vec4 v0x22b0a90_0, 0, 32;
    %load/vec4 v0x22b1b30_0;
    %pushi/vec4 1280, 0, 16;
    %and;
    %xor/r;
    %ix/load 4, 3, 0;
    %flag_set/imm 4, 0;
    %flag_mov 8, 4;
    %ix/load 5, 3, 0;
    %flag_set/imm 4, 0;
    %flag_or 4, 8;
    %store/vec4a v0x22b1c10, 4, 5;
    %load/vec4 v0x22b0a90_0;
    %ix/load 4, 3, 0;
    %flag_set/imm 4, 0;
    %load/vec4a v0x22b1c10, 4;
    %parti/s 1, 3, 3;
    %pad/u 32;
    %add;
    %store/vec4 v0x22b0a90_0, 0, 32;
    %load/vec4 v0x22b1b30_0;
    %pushi/vec4 160, 0, 16;
    %and;
    %xor/r;
    %ix/load 4, 3, 0;
    %flag_set/imm 4, 0;
    %flag_mov 8, 4;
    %ix/load 5, 4, 0;
    %flag_set/imm 4, 0;
    %flag_or 4, 8;
    %store/vec4a v0x22b1c10, 4, 5;
    %load/vec4 v0x22b0a90_0;
    %ix/load 4, 3, 0;
    %flag_set/imm 4, 0;
    %load/vec4a v0x22b1c10, 4;
    %parti/s 1, 4, 4;
    %pad/u 32;
    %add;
    %store/vec4 v0x22b0a90_0, 0, 32;
    %load/vec4 v0x22b1b30_0;
    %pushi/vec4 80, 0, 16;
    %and;
    %xor/r;
    %ix/load 4, 3, 0;
    %flag_set/imm 4, 0;
    %flag_mov 8, 4;
    %ix/load 5, 5, 0;
    %flag_set/imm 4, 0;
    %flag_or 4, 8;
    %store/vec4a v0x22b1c10, 4, 5;
    %load/vec4 v0x22b0a90_0;
    %ix/load 4, 3, 0;
    %flag_set/imm 4, 0;
    %load/vec4a v0x22b1c10, 4;
    %parti/s 1, 5, 4;
    %pad/u 32;
    %add;
    %store/vec4 v0x22b0a90_0, 0, 32;
    %load/vec4 v0x22b1b30_0;
    %pushi/vec4 10, 0, 16;
    %and;
    %xor/r;
    %ix/load 4, 3, 0;
    %flag_set/imm 4, 0;
    %flag_mov 8, 4;
    %ix/load 5, 6, 0;
    %flag_set/imm 4, 0;
    %flag_or 4, 8;
    %store/vec4a v0x22b1c10, 4, 5;
    %load/vec4 v0x22b0a90_0;
    %ix/load 4, 3, 0;
    %flag_set/imm 4, 0;
    %load/vec4a v0x22b1c10, 4;
    %parti/s 1, 6, 4;
    %pad/u 32;
    %add;
    %store/vec4 v0x22b0a90_0, 0, 32;
    %load/vec4 v0x22b1b30_0;
    %pushi/vec4 5, 0, 16;
    %and;
    %xor/r;
    %ix/load 4, 3, 0;
    %flag_set/imm 4, 0;
    %flag_mov 8, 4;
    %ix/load 5, 7, 0;
    %flag_set/imm 4, 0;
    %flag_or 4, 8;
    %store/vec4a v0x22b1c10, 4, 5;
    %load/vec4 v0x22b0a90_0;
    %ix/load 4, 3, 0;
    %flag_set/imm 4, 0;
    %load/vec4a v0x22b1c10, 4;
    %parti/s 1, 7, 4;
    %pad/u 32;
    %add;
    %store/vec4 v0x22b0a90_0, 0, 32;
    %pushi/vec4 4, 0, 32;
    %load/vec4 v0x22b0a90_0;
    %cmp/s;
    %jmp/0xz  T_0.16, 5;
    %pushi/vec4 1, 0, 1;
    %ix/load 4, 3, 0;
    %flag_set/imm 4, 0;
    %store/vec4 v0x22b1cd0_0, 4, 1;
    %jmp T_0.17;
T_0.16 ;
    %pushi/vec4 0, 0, 1;
    %ix/load 4, 3, 0;
    %flag_set/imm 4, 0;
    %store/vec4 v0x22b1cd0_0, 4, 1;
T_0.17 ;
    %pushi/vec4 0, 0, 32;
    %store/vec4 v0x22b0a90_0, 0, 32;
    %load/vec4 v0x22b1b30_0;
    %pushi/vec4 49152, 0, 16;
    %and;
    %xor/r;
    %ix/load 4, 4, 0;
    %flag_set/imm 4, 0;
    %flag_mov 8, 4;
    %ix/load 5, 0, 0;
    %flag_set/imm 4, 0;
    %flag_or 4, 8;
    %store/vec4a v0x22b1c10, 4, 5;
    %load/vec4 v0x22b0a90_0;
    %ix/load 4, 4, 0;
    %flag_set/imm 4, 0;
    %load/vec4a v0x22b1c10, 4;
    %parti/s 1, 0, 2;
    %pad/u 32;
    %add;
    %store/vec4 v0x22b0a90_0, 0, 32;
    %load/vec4 v0x22b1b30_0;
    %pushi/vec4 12288, 0, 16;
    %and;
    %xor/r;
    %ix/load 4, 4, 0;
    %flag_set/imm 4, 0;
    %flag_mov 8, 4;
    %ix/load 5, 1, 0;
    %flag_set/imm 4, 0;
    %flag_or 4, 8;
    %store/vec4a v0x22b1c10, 4, 5;
    %load/vec4 v0x22b0a90_0;
    %ix/load 4, 4, 0;
    %flag_set/imm 4, 0;
    %load/vec4a v0x22b1c10, 4;
    %parti/s 1, 1, 2;
    %pad/u 32;
    %add;
    %store/vec4 v0x22b0a90_0, 0, 32;
    %load/vec4 v0x22b1b30_0;
    %pushi/vec4 3072, 0, 16;
    %and;
    %xor/r;
    %ix/load 4, 4, 0;
    %flag_set/imm 4, 0;
    %flag_mov 8, 4;
    %ix/load 5, 2, 0;
    %flag_set/imm 4, 0;
    %flag_or 4, 8;
    %store/vec4a v0x22b1c10, 4, 5;
    %load/vec4 v0x22b0a90_0;
    %ix/load 4, 4, 0;
    %flag_set/imm 4, 0;
    %load/vec4a v0x22b1c10, 4;
    %parti/s 1, 2, 3;
    %pad/u 32;
    %add;
    %store/vec4 v0x22b0a90_0, 0, 32;
    %load/vec4 v0x22b1b30_0;
    %pushi/vec4 768, 0, 16;
    %and;
    %xor/r;
    %ix/load 4, 4, 0;
    %flag_set/imm 4, 0;
    %flag_mov 8, 4;
    %ix/load 5, 3, 0;
    %flag_set/imm 4, 0;
    %flag_or 4, 8;
    %store/vec4a v0x22b1c10, 4, 5;
    %load/vec4 v0x22b0a90_0;
    %ix/load 4, 4, 0;
    %flag_set/imm 4, 0;
    %load/vec4a v0x22b1c10, 4;
    %parti/s 1, 3, 3;
    %pad/u 32;
    %add;
    %store/vec4 v0x22b0a90_0, 0, 32;
    %load/vec4 v0x22b1b30_0;
    %pushi/vec4 192, 0, 16;
    %and;
    %xor/r;
    %ix/load 4, 4, 0;
    %flag_set/imm 4, 0;
    %flag_mov 8, 4;
    %ix/load 5, 4, 0;
    %flag_set/imm 4, 0;
    %flag_or 4, 8;
    %store/vec4a v0x22b1c10, 4, 5;
    %load/vec4 v0x22b0a90_0;
    %ix/load 4, 4, 0;
    %flag_set/imm 4, 0;
    %load/vec4a v0x22b1c10, 4;
    %parti/s 1, 4, 4;
    %pad/u 32;
    %add;
    %store/vec4 v0x22b0a90_0, 0, 32;
    %load/vec4 v0x22b1b30_0;
    %pushi/vec4 48, 0, 16;
    %and;
    %xor/r;
    %ix/load 4, 4, 0;
    %flag_set/imm 4, 0;
    %flag_mov 8, 4;
    %ix/load 5, 5, 0;
    %flag_set/imm 4, 0;
    %flag_or 4, 8;
    %store/vec4a v0x22b1c10, 4, 5;
    %load/vec4 v0x22b0a90_0;
    %ix/load 4, 4, 0;
    %flag_set/imm 4, 0;
    %load/vec4a v0x22b1c10, 4;
    %parti/s 1, 5, 4;
    %pad/u 32;
    %add;
    %store/vec4 v0x22b0a90_0, 0, 32;
    %load/vec4 v0x22b1b30_0;
    %pushi/vec4 12, 0, 16;
    %and;
    %xor/r;
    %ix/load 4, 4, 0;
    %flag_set/imm 4, 0;
    %flag_mov 8, 4;
    %ix/load 5, 6, 0;
    %flag_set/imm 4, 0;
    %flag_or 4, 8;
    %store/vec4a v0x22b1c10, 4, 5;
    %load/vec4 v0x22b0a90_0;
    %ix/load 4, 4, 0;
    %flag_set/imm 4, 0;
    %load/vec4a v0x22b1c10, 4;
    %parti/s 1, 6, 4;
    %pad/u 32;
    %add;
    %store/vec4 v0x22b0a90_0, 0, 32;
    %load/vec4 v0x22b1b30_0;
    %pushi/vec4 3, 0, 16;
    %and;
    %xor/r;
    %ix/load 4, 4, 0;
    %flag_set/imm 4, 0;
    %flag_mov 8, 4;
    %ix/load 5, 7, 0;
    %flag_set/imm 4, 0;
    %flag_or 4, 8;
    %store/vec4a v0x22b1c10, 4, 5;
    %load/vec4 v0x22b0a90_0;
    %ix/load 4, 4, 0;
    %flag_set/imm 4, 0;
    %load/vec4a v0x22b1c10, 4;
    %parti/s 1, 7, 4;
    %pad/u 32;
    %add;
    %store/vec4 v0x22b0a90_0, 0, 32;
    %pushi/vec4 4, 0, 32;
    %load/vec4 v0x22b0a90_0;
    %cmp/s;
    %jmp/0xz  T_0.18, 5;
    %pushi/vec4 1, 0, 1;
    %ix/load 4, 4, 0;
    %flag_set/imm 4, 0;
    %store/vec4 v0x22b1cd0_0, 4, 1;
    %jmp T_0.19;
T_0.18 ;
    %pushi/vec4 0, 0, 1;
    %ix/load 4, 4, 0;
    %flag_set/imm 4, 0;
    %store/vec4 v0x22b1cd0_0, 4, 1;
T_0.19 ;
    %pushi/vec4 0, 0, 32;
    %store/vec4 v0x22b0a90_0, 0, 32;
    %load/vec4 v0x22b1b30_0;
    %pushi/vec4 32768, 0, 16;
    %and;
    %xor/r;
    %ix/load 4, 0, 0;
    %flag_set/imm 4, 0;
    %flag_mov 8, 4;
    %ix/load 5, 0, 0;
    %flag_set/imm 4, 0;
    %flag_or 4, 8;
    %store/vec4a v0x22b1c10, 4, 5;
    %load/vec4 v0x22b0a90_0;
    %ix/load 4, 0, 0;
    %flag_set/imm 4, 0;
    %load/vec4a v0x22b1c10, 4;
    %parti/s 1, 0, 2;
    %pad/u 32;
    %add;
    %store/vec4 v0x22b0a90_0, 0, 32;
    %load/vec4 v0x22b1b30_0;
    %pushi/vec4 16384, 0, 16;
    %and;
    %xor/r;
    %ix/load 4, 0, 0;
    %flag_set/imm 4, 0;
    %flag_mov 8, 4;
    %ix/load 5, 1, 0;
    %flag_set/imm 4, 0;
    %flag_or 4, 8;
    %store/vec4a v0x22b1c10, 4, 5;
    %load/vec4 v0x22b0a90_0;
    %ix/load 4, 0, 0;
    %flag_set/imm 4, 0;
    %load/vec4a v0x22b1c10, 4;
    %parti/s 1, 1, 2;
    %pad/u 32;
    %add;
    %store/vec4 v0x22b0a90_0, 0, 32;
    %load/vec4 v0x22b1b30_0;
    %pushi/vec4 8192, 0, 16;
    %and;
    %xor/r;
    %ix/load 4, 0, 0;
    %flag_set/imm 4, 0;
    %flag_mov 8, 4;
    %ix/load 5, 2, 0;
    %flag_set/imm 4, 0;
    %flag_or 4, 8;
    %store/vec4a v0x22b1c10, 4, 5;
    %load/vec4 v0x22b0a90_0;
    %ix/load 4, 0, 0;
    %flag_set/imm 4, 0;
    %load/vec4a v0x22b1c10, 4;
    %parti/s 1, 2, 3;
    %pad/u 32;
    %add;
    %store/vec4 v0x22b0a90_0, 0, 32;
    %load/vec4 v0x22b1b30_0;
    %pushi/vec4 4096, 0, 16;
    %and;
    %xor/r;
    %ix/load 4, 0, 0;
    %flag_set/imm 4, 0;
    %flag_mov 8, 4;
    %ix/load 5, 3, 0;
    %flag_set/imm 4, 0;
    %flag_or 4, 8;
    %store/vec4a v0x22b1c10, 4, 5;
    %load/vec4 v0x22b0a90_0;
    %ix/load 4, 0, 0;
    %flag_set/imm 4, 0;
    %load/vec4a v0x22b1c10, 4;
    %parti/s 1, 3, 3;
    %pad/u 32;
    %add;
    %store/vec4 v0x22b0a90_0, 0, 32;
    %load/vec4 v0x22b1b30_0;
    %pushi/vec4 2048, 0, 16;
    %and;
    %xor/r;
    %ix/load 4, 0, 0;
    %flag_set/imm 4, 0;
    %flag_mov 8, 4;
    %ix/load 5, 4, 0;
    %flag_set/imm 4, 0;
    %flag_or 4, 8;
    %store/vec4a v0x22b1c10, 4, 5;
    %load/vec4 v0x22b0a90_0;
    %ix/load 4, 0, 0;
    %flag_set/imm 4, 0;
    %load/vec4a v0x22b1c10, 4;
    %parti/s 1, 4, 4;
    %pad/u 32;
    %add;
    %store/vec4 v0x22b0a90_0, 0, 32;
    %load/vec4 v0x22b1b30_0;
    %pushi/vec4 1024, 0, 16;
    %and;
    %xor/r;
    %ix/load 4, 0, 0;
    %flag_set/imm 4, 0;
    %flag_mov 8, 4;
    %ix/load 5, 5, 0;
    %flag_set/imm 4, 0;
    %flag_or 4, 8;
    %store/vec4a v0x22b1c10, 4, 5;
    %load/vec4 v0x22b0a90_0;
    %ix/load 4, 0, 0;
    %flag_set/imm 4, 0;
    %load/vec4a v0x22b1c10, 4;
    %parti/s 1, 5, 4;
    %pad/u 32;
    %add;
    %store/vec4 v0x22b0a90_0, 0, 32;
    %load/vec4 v0x22b1b30_0;
    %pushi/vec4 512, 0, 16;
    %and;
    %xor/r;
    %ix/load 4, 0, 0;
    %flag_set/imm 4, 0;
    %flag_mov 8, 4;
    %ix/load 5, 6, 0;
    %flag_set/imm 4, 0;
    %flag_or 4, 8;
    %store/vec4a v0x22b1c10, 4, 5;
    %load/vec4 v0x22b0a90_0;
    %ix/load 4, 0, 0;
    %flag_set/imm 4, 0;
    %load/vec4a v0x22b1c10, 4;
    %parti/s 1, 6, 4;
    %pad/u 32;
    %add;
    %store/vec4 v0x22b0a90_0, 0, 32;
    %load/vec4 v0x22b1b30_0;
    %pushi/vec4 256, 0, 16;
    %and;
    %xor/r;
    %ix/load 4, 0, 0;
    %flag_set/imm 4, 0;
    %flag_mov 8, 4;
    %ix/load 5, 7, 0;
    %flag_set/imm 4, 0;
    %flag_or 4, 8;
    %store/vec4a v0x22b1c10, 4, 5;
    %load/vec4 v0x22b0a90_0;
    %ix/load 4, 0, 0;
    %flag_set/imm 4, 0;
    %load/vec4a v0x22b1c10, 4;
    %parti/s 1, 7, 4;
    %pad/u 32;
    %add;
    %store/vec4 v0x22b0a90_0, 0, 32;
    %load/vec4 v0x22b1b30_0;
    %pushi/vec4 128, 0, 16;
    %and;
    %xor/r;
    %ix/load 4, 0, 0;
    %flag_set/imm 4, 0;
    %flag_mov 8, 4;
    %ix/load 5, 8, 0;
    %flag_set/imm 4, 0;
    %flag_or 4, 8;
    %store/vec4a v0x22b1c10, 4, 5;
    %load/vec4 v0x22b0a90_0;
    %ix/load 4, 0, 0;
    %flag_set/imm 4, 0;
    %load/vec4a v0x22b1c10, 4;
    %parti/s 1, 8, 5;
    %pad/u 32;
    %add;
    %store/vec4 v0x22b0a90_0, 0, 32;
    %load/vec4 v0x22b1b30_0;
    %pushi/vec4 64, 0, 16;
    %and;
    %xor/r;
    %ix/load 4, 0, 0;
    %flag_set/imm 4, 0;
    %flag_mov 8, 4;
    %ix/load 5, 9, 0;
    %flag_set/imm 4, 0;
    %flag_or 4, 8;
    %store/vec4a v0x22b1c10, 4, 5;
    %load/vec4 v0x22b0a90_0;
    %ix/load 4, 0, 0;
    %flag_set/imm 4, 0;
    %load/vec4a v0x22b1c10, 4;
    %parti/s 1, 9, 5;
    %pad/u 32;
    %add;
    %store/vec4 v0x22b0a90_0, 0, 32;
    %load/vec4 v0x22b1b30_0;
    %pushi/vec4 32, 0, 16;
    %and;
    %xor/r;
    %ix/load 4, 0, 0;
    %flag_set/imm 4, 0;
    %flag_mov 8, 4;
    %ix/load 5, 10, 0;
    %flag_set/imm 4, 0;
    %flag_or 4, 8;
    %store/vec4a v0x22b1c10, 4, 5;
    %load/vec4 v0x22b0a90_0;
    %ix/load 4, 0, 0;
    %flag_set/imm 4, 0;
    %load/vec4a v0x22b1c10, 4;
    %parti/s 1, 10, 5;
    %pad/u 32;
    %add;
    %store/vec4 v0x22b0a90_0, 0, 32;
    %load/vec4 v0x22b1b30_0;
    %pushi/vec4 16, 0, 16;
    %and;
    %xor/r;
    %ix/load 4, 0, 0;
    %flag_set/imm 4, 0;
    %flag_mov 8, 4;
    %ix/load 5, 11, 0;
    %flag_set/imm 4, 0;
    %flag_or 4, 8;
    %store/vec4a v0x22b1c10, 4, 5;
    %load/vec4 v0x22b0a90_0;
    %ix/load 4, 0, 0;
    %flag_set/imm 4, 0;
    %load/vec4a v0x22b1c10, 4;
    %parti/s 1, 11, 5;
    %pad/u 32;
    %add;
    %store/vec4 v0x22b0a90_0, 0, 32;
    %load/vec4 v0x22b1b30_0;
    %pushi/vec4 8, 0, 16;
    %and;
    %xor/r;
    %ix/load 4, 0, 0;
    %flag_set/imm 4, 0;
    %flag_mov 8, 4;
    %ix/load 5, 12, 0;
    %flag_set/imm 4, 0;
    %flag_or 4, 8;
    %store/vec4a v0x22b1c10, 4, 5;
    %load/vec4 v0x22b0a90_0;
    %ix/load 4, 0, 0;
    %flag_set/imm 4, 0;
    %load/vec4a v0x22b1c10, 4;
    %parti/s 1, 12, 5;
    %pad/u 32;
    %add;
    %store/vec4 v0x22b0a90_0, 0, 32;
    %load/vec4 v0x22b1b30_0;
    %pushi/vec4 4, 0, 16;
    %and;
    %xor/r;
    %ix/load 4, 0, 0;
    %flag_set/imm 4, 0;
    %flag_mov 8, 4;
    %ix/load 5, 13, 0;
    %flag_set/imm 4, 0;
    %flag_or 4, 8;
    %store/vec4a v0x22b1c10, 4, 5;
    %load/vec4 v0x22b0a90_0;
    %ix/load 4, 0, 0;
    %flag_set/imm 4, 0;
    %load/vec4a v0x22b1c10, 4;
    %parti/s 1, 13, 5;
    %pad/u 32;
    %add;
    %store/vec4 v0x22b0a90_0, 0, 32;
    %load/vec4 v0x22b1b30_0;
    %pushi/vec4 2, 0, 16;
    %and;
    %xor/r;
    %ix/load 4, 0, 0;
    %flag_set/imm 4, 0;
    %flag_mov 8, 4;
    %ix/load 5, 14, 0;
    %flag_set/imm 4, 0;
    %flag_or 4, 8;
    %store/vec4a v0x22b1c10, 4, 5;
    %load/vec4 v0x22b0a90_0;
    %ix/load 4, 0, 0;
    %flag_set/imm 4, 0;
    %load/vec4a v0x22b1c10, 4;
    %parti/s 1, 14, 5;
    %pad/u 32;
    %add;
    %store/vec4 v0x22b0a90_0, 0, 32;
    %load/vec4 v0x22b1b30_0;
    %pushi/vec4 1, 0, 16;
    %and;
    %xor/r;
    %ix/load 4, 0, 0;
    %flag_set/imm 4, 0;
    %flag_mov 8, 4;
    %ix/load 5, 15, 0;
    %flag_set/imm 4, 0;
    %flag_or 4, 8;
    %store/vec4a v0x22b1c10, 4, 5;
    %load/vec4 v0x22b0a90_0;
    %ix/load 4, 0, 0;
    %flag_set/imm 4, 0;
    %load/vec4a v0x22b1c10, 4;
    %parti/s 1, 15, 5;
    %pad/u 32;
    %add;
    %store/vec4 v0x22b0a90_0, 0, 32;
    %pushi/vec4 8, 0, 32;
    %load/vec4 v0x22b0a90_0;
    %cmp/s;
    %jmp/0xz  T_0.20, 5;
    %pushi/vec4 1, 0, 1;
    %ix/load 4, 0, 0;
    %flag_set/imm 4, 0;
    %store/vec4 v0x22b1cd0_0, 4, 1;
    %jmp T_0.21;
T_0.20 ;
    %pushi/vec4 0, 0, 1;
    %ix/load 4, 0, 0;
    %flag_set/imm 4, 0;
    %store/vec4 v0x22b1cd0_0, 4, 1;
T_0.21 ;
    %jmp T_0;
    .thread T_0, $push;
    .scope S_0x22560f0;
T_1 ;
    %vpi_call 2 15 "$monitor", "rec:%b \011 dec:%b", v0x22b1ed0_0, v0x22b1e10_0 {0 0 0};
    %pushi/vec4 0, 0, 16;
    %store/vec4 v0x22b1ed0_0, 0, 16;
    %delay 1000, 0;
    %pushi/vec4 7, 0, 16;
    %store/vec4 v0x22b1ed0_0, 0, 16;
    %delay 1000, 0;
    %pushi/vec4 4, 0, 16;
    %store/vec4 v0x22b1ed0_0, 0, 16;
    %delay 1000, 0;
    %pushi/vec4 23, 0, 16;
    %store/vec4 v0x22b1ed0_0, 0, 16;
    %end;
    .thread T_1;
# The file index is used to find the file name in the following table.
:file_names 4;
    "N/A";
    "<interactive>";
    "tb_RM.v";
    "RM.v";
