Warning: Design 'gen_cla_decomposed' has '2' unresolved references. For more detailed information, use the "link" command. (UID-341)
Information: Updating design information... (UID-85)
 
****************************************
Report : timing
        -path full
        -delay max
        -nets
        -max_paths 1
        -transition_time
Design : gen_cla_decomposed
Version: K-2015.06-SP5-2
Date   : Wed Apr 13 14:13:17 2016
****************************************

Operating Conditions: WCCOM   Library: tcbn65gpluswc
Wire Load Model Mode: segmented

  Startpoint: LIN/s[15] (internal pin)
  Endpoint: s[15] (output port)
  Path Group: (none)
  Path Type: max

  Des/Clust/Port     Wire Load Model       Library
  ------------------------------------------------
  gen_cla_decomposed ZeroWireload          tcbn65gpluswc

Attributes:
    d - dont_touch
    u - dont_use
   mo - map_only
   so - size_only
    i - ideal_net or ideal_network
  inf - infeasible path

  Point                        Fanout     Trans      Incr       Path      Attributes
  ------------------------------------------------------------------------------------------
  LIN/s[15] (gen_linear_part)              0.00      0.00       0.00 r
  s[15] (net)                    1                   0.00       0.00 r
  s[15] (out)                              0.00      0.00       0.00 r
  data arrival time                                             0.00
  ------------------------------------------------------------------------------------------
  (Path is unconstrained)


1
