Warning: Design 'gen_cla_decomposed' has '2' unresolved references. For more detailed information, use the "link" command. (UID-341)
 
****************************************
Report : area
Design : gen_cla_decomposed
Version: K-2015.06-SP5-2
Date   : Wed Apr 13 14:13:17 2016
****************************************

Library(s) Used:

    No libraries used.

Number of ports:                           48
Number of nets:                        131101
Number of cells:                            2
Number of combinational cells:              0
Number of sequential cells:                 2
Number of macros/black boxes:               0
Number of buf/inv:                          0
Number of references:                       2

Combinational area:                  0.000000
Buf/Inv area:                        0.000000
Noncombinational area:               0.000000
Macro/Black Box area:                0.000000
Net Interconnect area:      undefined  (Wire load has zero net area)

Total cell area:                     0.000000
Total area:                 undefined

Information: This design contains black box (unknown) components. (RPT-8)
1
