Warning: Design 'gen_cla_decomposed' has '2' unresolved references. For more detailed information, use the "link" command. (UID-341)
 
****************************************
Report : cell
Design : gen_cla_decomposed
Version: K-2015.06-SP5-2
Date   : Wed Apr 13 14:13:17 2016
****************************************

Attributes:
    b - black box (unknown)
    h - hierarchical
    n - noncombinational
    r - removable
    u - contains unmapped logic

Cell                      Reference       Library             Area  Attributes
--------------------------------------------------------------------------------
LIN                       gen_linear_part                 0.000000  b
NLIN                      gen_nonlinear_part              0.000000  b
--------------------------------------------------------------------------------
Total 2 cells                                             0.000000
1
