 
****************************************
Report : area
Design : gen_cla_decomposed
Version: K-2015.06-SP5-1
Date   : Wed Apr 13 09:36:45 2016
****************************************

Information: Updating design information... (UID-85)
Warning: Design 'gen_cla_decomposed' contains 3 high-fanout nets. A fanout number of 1000 will be used for delay calculations involving these nets. (TIM-134)
Library(s) Used:

    tcbn65gpluswc (File: /cadtools/tsmc/digital/Front_End/timing_power_noise/NLDM/tcbn65gplus_121b/tcbn65gpluswc.db)

Number of ports:                        16450
Number of nets:                         27543
Number of cells:                        15203
Number of combinational cells:          11106
Number of sequential cells:              4095
Number of macros/black boxes:               0
Number of buf/inv:                       4094
Number of references:                       2

Combinational area:              37879.920458
Buf/Inv area:                     4421.520176
Noncombinational area:               0.000000
Macro/Black Box area:                0.000000
Net Interconnect area:      undefined  (Wire load has zero net area)

Total cell area:                 37879.920458
Total area:                 undefined
1
