 
****************************************
Report : area
Design : gen_nonlinear_part
Version: K-2015.06-SP5-2
Date   : Fri Apr 15 15:16:26 2016
****************************************

Library(s) Used:

    tcbn65gpluswc (File: /cadtools/tsmc/digital/Front_End/timing_power_noise/NLDM/tcbn65gplus_121b/tcbn65gpluswc.db)

Number of ports:                       131085
Number of nets:                         65550
Number of cells:                        65520
Number of combinational cells:          65519
Number of sequential cells:                 1
Number of macros/black boxes:               0
Number of buf/inv:                          0
Number of references:                       1

Combinational area:             141521.045624
Buf/Inv area:                        0.000000
Noncombinational area:               0.000000
Macro/Black Box area:                0.000000
Net Interconnect area:      undefined  (Wire load has zero net area)

Total cell area:                141521.045624
Total area:                 undefined
1
