 
****************************************
Report : area
Design : gen_cla_decomposed
Version: K-2015.06-SP5-1
Date   : Wed Apr 13 11:14:49 2016
****************************************

Library(s) Used:

    tcbn65gpluswc (File: /cadtools/tsmc/digital/Front_End/timing_power_noise/NLDM/tcbn65gplus_121b/tcbn65gpluswc.db)

Number of ports:                           82
Number of nets:                            87
Number of cells:                           27
Number of combinational cells:             23
Number of sequential cells:                 2
Number of macros/black boxes:               0
Number of buf/inv:                          0
Number of references:                       2

Combinational area:                111.960000
Buf/Inv area:                        0.000000
Noncombinational area:               0.000000
Macro/Black Box area:                0.000000
Net Interconnect area:      undefined  (Wire load has zero net area)

Total cell area:                   111.960000
Total area:                 undefined
1
