Information: Updating design information... (UID-85)
Warning: Design 'gen_nonlinear_part' contains 11 high-fanout nets. A fanout number of 1000 will be used for delay calculations involving these nets. (TIM-134)
 
****************************************
Report : timing
        -path full
        -delay max
        -nets
        -max_paths 1
        -transition_time
Design : gen_nonlinear_part
Version: K-2015.06-SP5-2
Date   : Fri Apr 15 15:16:26 2016
****************************************

 # A fanout number of 1000 was used for high fanout net computations.

Operating Conditions: WCCOM   Library: tcbn65gpluswc
Wire Load Model Mode: segmented

  Startpoint: a[0] (input port)
  Endpoint: n[98283] (output port)
  Path Group: (none)
  Path Type: max

  Des/Clust/Port     Wire Load Model       Library
  ------------------------------------------------
  gen_nonlinear_part ZeroWireload          tcbn65gpluswc

Attributes:
    d - dont_touch
    u - dont_use
   mo - map_only
   so - size_only
    i - ideal_net or ideal_network
  inf - infeasible path

  Point                        Fanout     Trans      Incr       Path      Attributes
  ------------------------------------------------------------------------------------------
  input external delay                               0.00       0.00 r
  a[0] (in)                                0.00      0.00       0.00 r
  a[0] (net)                     1                   0.00       0.00 r
  U131040/Z (AN2D0)                        0.04      0.06       0.06 r
  n[0] (net)                     3                   0.00       0.06 r
  U131039/Z (AN2D0)                        0.04      0.07       0.13 r
  n[7] (net)                     3                   0.00       0.13 r
  U131038/Z (AN2D0)                        0.04      0.07       0.21 r
  n[22] (net)                    3                   0.00       0.21 r
  U130945/Z (AN2D0)                        0.04      0.07       0.28 r
  n[53] (net)                    3                   0.00       0.28 r
  U130944/Z (AN2D0)                        0.04      0.07       0.35 r
  n[116] (net)                   3                   0.00       0.35 r
  U130582/Z (AN2D0)                        0.04      0.07       0.43 r
  n[243] (net)                   3                   0.00       0.43 r
  U130581/Z (AN2D0)                        0.04      0.07       0.50 r
  n[498] (net)                   3                   0.00       0.50 r
  U129473/Z (AN2D0)                        0.04      0.07       0.57 r
  n[1009] (net)                  3                   0.00       0.57 r
  U129472/Z (AN2D0)                        0.04      0.07       0.65 r
  n[2032] (net)                  3                   0.00       0.65 r
  U129471/Z (AN2D0)                        0.04      0.07       0.72 r
  n[4079] (net)                  3                   0.00       0.72 r
  U123064/Z (AN2D0)                        0.04      0.07       0.79 r
  n[8174] (net)                  3                   0.00       0.79 r
  U114017/Z (AN2D0)                        0.04      0.07       0.86 r
  n[16365] (net)                 3                   0.00       0.86 r
  U100872/Z (AN2D0)                        0.04      0.07       0.94 r
  n[32748] (net)                 3                   0.00       0.94 r
  U83629/Z (AN2D0)                         0.04      0.07       1.01 r
  n[65515] (net)                 3                   0.00       1.01 r
  U66383/Z (AN2D0)                         0.02      0.06       1.07 r
  n[98283] (net)                 1                   0.00       1.07 r
  n[98283] (out)                           0.02      0.00       1.07 r
  data arrival time                                             1.07
  ------------------------------------------------------------------------------------------
  (Path is unconstrained)


1
