Information: Propagating switching activity (low effort zero delay simulation). (PWR-6)
Warning: There is no defined clock in the design. (PWR-80)
Warning: Design has unannotated primary inputs. (PWR-414)
Warning: Design has unannotated black box outputs. (PWR-428)
 
****************************************
Report : power
        -analysis_effort low
Design : gen_cla_decomposed
Version: K-2015.06-SP5-2
Date   : Wed Apr 13 14:13:17 2016
****************************************


Library(s) Used:

    No libraries used.


Operating Conditions: WCCOM   Library: tcbn65gpluswc
Wire Load Model Mode: segmented

Design        Wire Load Model            Library
------------------------------------------------
gen_cla_decomposed     ZeroWireload      tcbn65gpluswc


Global Operating Voltage = 0.9  
Power-specific unit information :
    Voltage Units = 1V
    Capacitance Units = 1.000000pf
    Time Units = 1ns
    Dynamic Power Units = 1mW    (derived from V,C,T units)
    Leakage Power Units = 1nW


  Cell Internal Power  =   0.0000 mW        
  Net Switching Power  =   0.0000 mW        
                         ---------
Total Dynamic Power    =   0.0000 mW        

Cell Leakage Power     =   0.0000 nW

Information: report_power power group summary does not include estimated clock tree power. (PWR-789)

                 Internal         Switching           Leakage            Total
Power Group      Power            Power               Power              Power   (   %    )  Attrs
--------------------------------------------------------------------------------------------------
io_pad             0.0000            0.0000            0.0000            0.0000  (     N/A)
memory             0.0000            0.0000            0.0000            0.0000  (     N/A)
black_box          0.0000            0.0000            0.0000            0.0000  (     N/A)
clock_network      0.0000            0.0000            0.0000            0.0000  (     N/A)
register           0.0000            0.0000            0.0000            0.0000  (     N/A)
sequential         0.0000            0.0000            0.0000            0.0000  (     N/A)
combinational      0.0000            0.0000            0.0000            0.0000  (     N/A)
--------------------------------------------------------------------------------------------------
Total              0.0000 mW         0.0000 mW         0.0000 nW         0.0000 mW
1
