 
****************************************
Report : area
Design : gen_cla_decomposed
Version: K-2015.06-SP5-1
Date   : Mon Apr 18 15:21:19 2016
****************************************

Library(s) Used:

    tcbn65gpluswc (File: /cadtools/tsmc/digital/Front_End/timing_power_noise/NLDM/tcbn65gplus_121b/tcbn65gpluswc.db)

Number of ports:                           15
Number of nets:                            49
Number of cells:                           39
Number of combinational cells:             39
Number of sequential cells:                 0
Number of macros/black boxes:               0
Number of buf/inv:                          0
Number of references:                       4

Combinational area:                150.480001
Buf/Inv area:                        0.000000
Noncombinational area:               0.000000
Macro/Black Box area:                0.000000
Net Interconnect area:      undefined  (Wire load has zero net area)

Total cell area:                   150.480001
Total area:                 undefined
1
