 
****************************************
Report : area
Design : gen_cla_decomposed
Version: K-2015.06-SP5-1
Date   : Mon Apr 18 15:24:29 2016
****************************************

Library(s) Used:

    tcbn65gpluswc (File: /cadtools/tsmc/digital/Front_End/timing_power_noise/NLDM/tcbn65gplus_121b/tcbn65gpluswc.db)

Number of ports:                           30
Number of nets:                          1402
Number of cells:                         1382
Number of combinational cells:           1382
Number of sequential cells:                 0
Number of macros/black boxes:               0
Number of buf/inv:                          0
Number of references:                       4

Combinational area:               5267.520077
Buf/Inv area:                        0.000000
Noncombinational area:               0.000000
Macro/Black Box area:                0.000000
Net Interconnect area:      undefined  (Wire load has zero net area)

Total cell area:                  5267.520077
Total area:                 undefined
1
