Information: Updating design information... (UID-85)
 
****************************************
Report : timing
        -path full
        -delay max
        -nets
        -max_paths 1
        -transition_time
Design : gen_cla_decomposed
Version: K-2015.06-SP5-1
Date   : Mon Apr 18 15:23:58 2016
****************************************

Operating Conditions: WCCOM   Library: tcbn65gpluswc
Wire Load Model Mode: segmented

  Startpoint: a[0] (input port)
  Endpoint: s[8] (output port)
  Path Group: (none)
  Path Type: max

  Des/Clust/Port     Wire Load Model       Library
  ------------------------------------------------
  gen_cla_decomposed ZeroWireload          tcbn65gpluswc

Attributes:
    d - dont_touch
    u - dont_use
   mo - map_only
   so - size_only
    i - ideal_net or ideal_network
  inf - infeasible path

  Point                        Fanout     Trans      Incr       Path      Attributes
  ------------------------------------------------------------------------------------------
  input external delay                               0.00       0.00 r
  a[0] (in)                                0.00      0.00       0.00 r
  a[0] (net)                     2                   0.00       0.00 r
  NLIN/U502/Z (AN2D0)                      0.06      0.07       0.07 r
  n[0] (net)                     3                   0.00       0.07 r
  NLIN/U501/Z (AN2D0)                      0.07      0.09       0.16 r
  n[2] (net)                     3                   0.00       0.16 r
  NLIN/U500/Z (AN2D0)                      0.07      0.09       0.25 r
  n[6] (net)                     3                   0.00       0.25 r
  NLIN/U467/Z (AN2D0)                      0.06      0.09       0.34 r
  n[14] (net)                    3                   0.00       0.34 r
  NLIN/U421/Z (AN2D0)                      0.06      0.08       0.42 r
  n[30] (net)                    3                   0.00       0.42 r
  NLIN/U420/Z (AN2D0)                      0.07      0.09       0.51 r
  n[62] (net)                    3                   0.00       0.51 r
  NLIN/U419/Z (AN2D0)                      0.07      0.09       0.60 r
  n[126] (net)                   3                   0.00       0.60 r
  NLIN/U248/Z (AN2D0)                      0.03      0.07       0.67 r
  n[254] (net)                   1                   0.00       0.67 r
  LIN/U57/Z (XOR4D0)                       0.06      0.20       0.87 f
  LIN/n90 (net)                  1                   0.00       0.87 f
  LIN/U55/Z (XOR3D0)                       0.03      0.20       1.07 f
  LIN/n89 (net)                  1                   0.00       1.07 f
  LIN/U54/Z (XOR3D0)                       0.04      0.12       1.19 f
  LIN/n88 (net)                  1                   0.00       1.19 f
  LIN/U53/Z (XOR3D0)                       0.04      0.19       1.38 f
  LIN/n86 (net)                  1                   0.00       1.38 f
  LIN/U52/Z (XOR4D0)                       0.06      0.17       1.56 f
  LIN/n84 (net)                  1                   0.00       1.56 f
  LIN/U51/Z (XOR4D0)                       0.06      0.22       1.77 f
  LIN/n83 (net)                  1                   0.00       1.77 f
  LIN/U50/Z (XOR3D0)                       0.04      0.20       1.97 f
  LIN/n81 (net)                  1                   0.00       1.97 f
  LIN/U49/Z (XOR4D0)                       0.06      0.17       2.15 f
  LIN/n79 (net)                  1                   0.00       2.15 f
  LIN/U48/Z (XOR4D0)                       0.06      0.22       2.36 f
  LIN/n78 (net)                  1                   0.00       2.36 f
  LIN/U47/Z (XOR3D0)                       0.04      0.20       2.56 f
  LIN/n76 (net)                  1                   0.00       2.56 f
  LIN/U46/Z (XOR4D0)                       0.06      0.17       2.73 f
  LIN/n74 (net)                  1                   0.00       2.73 f
  LIN/U45/Z (XOR4D0)                       0.06      0.22       2.95 f
  LIN/n73 (net)                  1                   0.00       2.95 f
  LIN/U44/Z (XOR3D0)                       0.04      0.20       3.15 f
  LIN/n71 (net)                  1                   0.00       3.15 f
  LIN/U43/Z (XOR4D0)                       0.06      0.17       3.32 f
  LIN/n69 (net)                  1                   0.00       3.32 f
  LIN/U42/Z (XOR4D0)                       0.06      0.22       3.54 f
  LIN/n68 (net)                  1                   0.00       3.54 f
  LIN/U41/Z (XOR3D0)                       0.04      0.20       3.74 f
  LIN/n66 (net)                  1                   0.00       3.74 f
  LIN/U40/Z (XOR4D0)                       0.06      0.17       3.91 f
  LIN/n64 (net)                  1                   0.00       3.91 f
  LIN/U39/Z (XOR4D0)                       0.06      0.22       4.13 f
  LIN/n63 (net)                  1                   0.00       4.13 f
  LIN/U38/Z (XOR3D0)                       0.04      0.20       4.33 f
  LIN/n61 (net)                  1                   0.00       4.33 f
  LIN/U37/Z (XOR4D0)                       0.06      0.17       4.50 f
  LIN/n59 (net)                  1                   0.00       4.50 f
  LIN/U36/Z (XOR4D0)                       0.06      0.22       4.72 f
  LIN/n58 (net)                  1                   0.00       4.72 f
  LIN/U35/Z (XOR3D0)                       0.04      0.20       4.92 f
  LIN/n56 (net)                  1                   0.00       4.92 f
  LIN/U34/Z (XOR4D0)                       0.06      0.17       5.09 f
  LIN/n54 (net)                  1                   0.00       5.09 f
  LIN/U33/Z (XOR4D0)                       0.06      0.22       5.31 f
  LIN/n53 (net)                  1                   0.00       5.31 f
  LIN/U32/Z (XOR3D0)                       0.04      0.20       5.51 f
  LIN/n51 (net)                  1                   0.00       5.51 f
  LIN/U31/Z (XOR4D0)                       0.06      0.17       5.68 f
  LIN/n49 (net)                  1                   0.00       5.68 f
  LIN/U30/Z (XOR4D0)                       0.06      0.22       5.90 f
  LIN/n48 (net)                  1                   0.00       5.90 f
  LIN/U29/Z (XOR3D0)                       0.04      0.20       6.10 f
  LIN/n46 (net)                  1                   0.00       6.10 f
  LIN/U28/Z (XOR4D0)                       0.06      0.17       6.27 f
  LIN/n44 (net)                  1                   0.00       6.27 f
  LIN/U27/Z (XOR4D0)                       0.06      0.22       6.49 f
  LIN/n43 (net)                  1                   0.00       6.49 f
  LIN/U26/Z (XOR3D0)                       0.04      0.20       6.68 f
  LIN/n41 (net)                  1                   0.00       6.68 f
  LIN/U25/Z (XOR4D0)                       0.06      0.17       6.86 f
  LIN/n39 (net)                  1                   0.00       6.86 f
  LIN/U24/Z (XOR4D0)                       0.06      0.22       7.07 f
  LIN/n38 (net)                  1                   0.00       7.07 f
  LIN/U23/Z (XOR3D0)                       0.04      0.20       7.27 f
  LIN/n36 (net)                  1                   0.00       7.27 f
  LIN/U22/Z (XOR4D0)                       0.06      0.17       7.45 f
  LIN/n34 (net)                  1                   0.00       7.45 f
  LIN/U21/Z (XOR4D0)                       0.06      0.22       7.66 f
  LIN/n33 (net)                  1                   0.00       7.66 f
  LIN/U20/Z (XOR3D0)                       0.04      0.20       7.86 f
  LIN/n31 (net)                  1                   0.00       7.86 f
  LIN/U19/Z (XOR4D0)                       0.06      0.17       8.03 f
  LIN/n29 (net)                  1                   0.00       8.03 f
  LIN/U18/Z (XOR4D0)                       0.06      0.22       8.25 f
  LIN/n28 (net)                  1                   0.00       8.25 f
  LIN/U17/Z (XOR3D0)                       0.04      0.20       8.45 f
  LIN/n26 (net)                  1                   0.00       8.45 f
  LIN/U16/Z (XOR4D0)                       0.06      0.17       8.62 f
  LIN/n24 (net)                  1                   0.00       8.62 f
  LIN/U15/Z (XOR4D0)                       0.06      0.22       8.84 f
  LIN/n23 (net)                  1                   0.00       8.84 f
  LIN/U14/Z (XOR3D0)                       0.04      0.20       9.04 f
  LIN/n21 (net)                  1                   0.00       9.04 f
  LIN/U13/Z (XOR4D0)                       0.06      0.17       9.21 f
  LIN/n19 (net)                  1                   0.00       9.21 f
  LIN/U12/Z (XOR4D0)                       0.06      0.22       9.43 f
  LIN/n18 (net)                  1                   0.00       9.43 f
  LIN/U11/Z (XOR3D0)                       0.04      0.20       9.63 f
  LIN/n16 (net)                  1                   0.00       9.63 f
  LIN/U10/Z (XOR4D0)                       0.06      0.17       9.80 f
  LIN/n14 (net)                  1                   0.00       9.80 f
  LIN/U9/Z (XOR4D0)                        0.06      0.22      10.02 f
  LIN/n13 (net)                  1                   0.00      10.02 f
  LIN/U8/Z (XOR3D0)                        0.04      0.20      10.22 f
  LIN/n11 (net)                  1                   0.00      10.22 f
  LIN/U7/Z (XOR4D0)                        0.06      0.17      10.39 f
  LIN/n9 (net)                   1                   0.00      10.39 f
  LIN/U6/Z (XOR4D0)                        0.06      0.22      10.61 f
  LIN/n8 (net)                   1                   0.00      10.61 f
  LIN/U5/Z (XOR3D0)                        0.04      0.20      10.81 f
  LIN/n6 (net)                   1                   0.00      10.81 f
  LIN/U4/Z (XOR4D0)                        0.06      0.17      10.98 f
  LIN/n4 (net)                   1                   0.00      10.98 f
  LIN/U3/Z (XOR4D0)                        0.06      0.21      11.18 f
  LIN/n2 (net)                   1                   0.00      11.18 f
  LIN/U1/Z (XOR4D0)                        0.03      0.19      11.38 r
  s[8] (net)                     1                   0.00      11.38 r
  s[8] (out)                               0.03      0.00      11.38 r
  data arrival time                                            11.38
  ------------------------------------------------------------------------------------------
  (Path is unconstrained)


1
