 
****************************************
Report : cell
Design : gen_cla_decomposed
Version: K-2015.06-SP5-1
Date   : Mon Apr 18 15:23:11 2016
****************************************

Attributes:
    b - black box (unknown)
    h - hierarchical
    n - noncombinational
    r - removable
    u - contains unmapped logic

Cell                      Reference       Library             Area  Attributes
--------------------------------------------------------------------------------
LIN/U1                    XOR3D0          tcbn65gpluswc   6.120000  
LIN/U2                    XOR4D0          tcbn65gpluswc   9.000000  
LIN/U3                    XOR4D0          tcbn65gpluswc   9.000000  
LIN/U4                    XOR3D0          tcbn65gpluswc   6.120000  
LIN/U5                    XOR4D0          tcbn65gpluswc   9.000000  
LIN/U6                    XOR4D0          tcbn65gpluswc   9.000000  
LIN/U7                    XOR3D0          tcbn65gpluswc   6.120000  
LIN/U8                    XOR4D0          tcbn65gpluswc   9.000000  
LIN/U9                    XOR4D0          tcbn65gpluswc   9.000000  
LIN/U10                   XOR3D0          tcbn65gpluswc   6.120000  
LIN/U11                   XOR4D0          tcbn65gpluswc   9.000000  
LIN/U12                   XOR4D0          tcbn65gpluswc   9.000000  
LIN/U13                   XOR3D0          tcbn65gpluswc   6.120000  
LIN/U14                   XOR4D0          tcbn65gpluswc   9.000000  
LIN/U15                   XOR4D0          tcbn65gpluswc   9.000000  
LIN/U16                   XOR4D0          tcbn65gpluswc   9.000000  
LIN/U17                   XOR4D0          tcbn65gpluswc   9.000000  
LIN/U18                   XOR4D0          tcbn65gpluswc   9.000000  
LIN/U19                   XOR4D0          tcbn65gpluswc   9.000000  
LIN/U20                   XOR4D0          tcbn65gpluswc   9.000000  
LIN/U21                   XOR4D0          tcbn65gpluswc   9.000000  
LIN/U22                   XOR4D0          tcbn65gpluswc   9.000000  
LIN/U23                   XOR4D0          tcbn65gpluswc   9.000000  
LIN/U24                   XOR4D0          tcbn65gpluswc   9.000000  
LIN/U25                   XOR3D0          tcbn65gpluswc   6.120000  
LIN/U26                   XOR4D0          tcbn65gpluswc   9.000000  
LIN/U27                   XOR4D0          tcbn65gpluswc   9.000000  
LIN/U28                   XOR3D0          tcbn65gpluswc   6.120000  
LIN/U29                   XOR3D0          tcbn65gpluswc   6.120000  
LIN/U30                   XOR3D0          tcbn65gpluswc   6.120000  
LIN/U31                   XOR4D0          tcbn65gpluswc   9.000000  
LIN/U32                   XOR4D0          tcbn65gpluswc   9.000000  
LIN/U33                   XOR4D0          tcbn65gpluswc   9.000000  
LIN/U34                   XOR4D0          tcbn65gpluswc   9.000000  
LIN/U35                   XOR4D0          tcbn65gpluswc   9.000000  
LIN/U36                   XOR4D0          tcbn65gpluswc   9.000000  
LIN/U37                   XOR3D0          tcbn65gpluswc   6.120000  
LIN/U38                   XOR3D0          tcbn65gpluswc   6.120000  
LIN/U39                   XOR4D0          tcbn65gpluswc   9.000000  
LIN/U40                   XOR4D0          tcbn65gpluswc   9.000000  
LIN/U41                   XOR4D0          tcbn65gpluswc   9.000000  
LIN/U42                   XOR3D0          tcbn65gpluswc   6.120000  
LIN/U43                   XOR4D0          tcbn65gpluswc   9.000000  
LIN/U44                   XOR4D0          tcbn65gpluswc   9.000000  
LIN/U45                   XOR3D0          tcbn65gpluswc   6.120000  
LIN/U46                   XOR3D0          tcbn65gpluswc   6.120000  
LIN/U47                   XOR3D0          tcbn65gpluswc   6.120000  
LIN/U48                   XOR2D0          tcbn65gpluswc   3.600000  
NLIN/U1                   AN2D0           tcbn65gpluswc   2.160000  
NLIN/U2                   AN2D0           tcbn65gpluswc   2.160000  
NLIN/U3                   AN2D0           tcbn65gpluswc   2.160000  
NLIN/U4                   AN2D0           tcbn65gpluswc   2.160000  
NLIN/U5                   AN2D0           tcbn65gpluswc   2.160000  
NLIN/U6                   AN2D0           tcbn65gpluswc   2.160000  
NLIN/U7                   AN2D0           tcbn65gpluswc   2.160000  
NLIN/U8                   AN2D0           tcbn65gpluswc   2.160000  
NLIN/U9                   AN2D0           tcbn65gpluswc   2.160000  
NLIN/U10                  AN2D0           tcbn65gpluswc   2.160000  
NLIN/U11                  AN2D0           tcbn65gpluswc   2.160000  
NLIN/U12                  AN2D0           tcbn65gpluswc   2.160000  
NLIN/U13                  AN2D0           tcbn65gpluswc   2.160000  
NLIN/U14                  AN2D0           tcbn65gpluswc   2.160000  
NLIN/U15                  AN2D0           tcbn65gpluswc   2.160000  
NLIN/U16                  AN2D0           tcbn65gpluswc   2.160000  
NLIN/U17                  AN2D0           tcbn65gpluswc   2.160000  
NLIN/U18                  AN2D0           tcbn65gpluswc   2.160000  
NLIN/U19                  AN2D0           tcbn65gpluswc   2.160000  
NLIN/U20                  AN2D0           tcbn65gpluswc   2.160000  
NLIN/U21                  AN2D0           tcbn65gpluswc   2.160000  
NLIN/U22                  AN2D0           tcbn65gpluswc   2.160000  
NLIN/U23                  AN2D0           tcbn65gpluswc   2.160000  
NLIN/U24                  AN2D0           tcbn65gpluswc   2.160000  
NLIN/U25                  AN2D0           tcbn65gpluswc   2.160000  
NLIN/U26                  AN2D0           tcbn65gpluswc   2.160000  
NLIN/U27                  AN2D0           tcbn65gpluswc   2.160000  
NLIN/U28                  AN2D0           tcbn65gpluswc   2.160000  
NLIN/U29                  AN2D0           tcbn65gpluswc   2.160000  
NLIN/U30                  AN2D0           tcbn65gpluswc   2.160000  
NLIN/U31                  AN2D0           tcbn65gpluswc   2.160000  
NLIN/U32                  AN2D0           tcbn65gpluswc   2.160000  
NLIN/U33                  AN2D0           tcbn65gpluswc   2.160000  
NLIN/U34                  AN2D0           tcbn65gpluswc   2.160000  
NLIN/U35                  AN2D0           tcbn65gpluswc   2.160000  
NLIN/U36                  AN2D0           tcbn65gpluswc   2.160000  
NLIN/U37                  AN2D0           tcbn65gpluswc   2.160000  
NLIN/U38                  AN2D0           tcbn65gpluswc   2.160000  
NLIN/U39                  AN2D0           tcbn65gpluswc   2.160000  
NLIN/U40                  AN2D0           tcbn65gpluswc   2.160000  
NLIN/U41                  AN2D0           tcbn65gpluswc   2.160000  
NLIN/U42                  AN2D0           tcbn65gpluswc   2.160000  
NLIN/U43                  AN2D0           tcbn65gpluswc   2.160000  
NLIN/U44                  AN2D0           tcbn65gpluswc   2.160000  
NLIN/U45                  AN2D0           tcbn65gpluswc   2.160000  
NLIN/U46                  AN2D0           tcbn65gpluswc   2.160000  
NLIN/U47                  AN2D0           tcbn65gpluswc   2.160000  
NLIN/U48                  AN2D0           tcbn65gpluswc   2.160000  
NLIN/U49                  AN2D0           tcbn65gpluswc   2.160000  
NLIN/U50                  AN2D0           tcbn65gpluswc   2.160000  
NLIN/U51                  AN2D0           tcbn65gpluswc   2.160000  
NLIN/U52                  AN2D0           tcbn65gpluswc   2.160000  
NLIN/U53                  AN2D0           tcbn65gpluswc   2.160000  
NLIN/U54                  AN2D0           tcbn65gpluswc   2.160000  
NLIN/U55                  AN2D0           tcbn65gpluswc   2.160000  
NLIN/U56                  AN2D0           tcbn65gpluswc   2.160000  
NLIN/U57                  AN2D0           tcbn65gpluswc   2.160000  
NLIN/U58                  AN2D0           tcbn65gpluswc   2.160000  
NLIN/U59                  AN2D0           tcbn65gpluswc   2.160000  
NLIN/U60                  AN2D0           tcbn65gpluswc   2.160000  
NLIN/U61                  AN2D0           tcbn65gpluswc   2.160000  
NLIN/U62                  AN2D0           tcbn65gpluswc   2.160000  
NLIN/U63                  AN2D0           tcbn65gpluswc   2.160000  
NLIN/U64                  AN2D0           tcbn65gpluswc   2.160000  
NLIN/U65                  AN2D0           tcbn65gpluswc   2.160000  
NLIN/U66                  AN2D0           tcbn65gpluswc   2.160000  
NLIN/U67                  AN2D0           tcbn65gpluswc   2.160000  
NLIN/U68                  AN2D0           tcbn65gpluswc   2.160000  
NLIN/U69                  AN2D0           tcbn65gpluswc   2.160000  
NLIN/U70                  AN2D0           tcbn65gpluswc   2.160000  
NLIN/U71                  AN2D0           tcbn65gpluswc   2.160000  
NLIN/U72                  AN2D0           tcbn65gpluswc   2.160000  
NLIN/U73                  AN2D0           tcbn65gpluswc   2.160000  
NLIN/U74                  AN2D0           tcbn65gpluswc   2.160000  
NLIN/U75                  AN2D0           tcbn65gpluswc   2.160000  
NLIN/U76                  AN2D0           tcbn65gpluswc   2.160000  
NLIN/U77                  AN2D0           tcbn65gpluswc   2.160000  
NLIN/U78                  AN2D0           tcbn65gpluswc   2.160000  
NLIN/U79                  AN2D0           tcbn65gpluswc   2.160000  
NLIN/U80                  AN2D0           tcbn65gpluswc   2.160000  
NLIN/U81                  AN2D0           tcbn65gpluswc   2.160000  
NLIN/U82                  AN2D0           tcbn65gpluswc   2.160000  
NLIN/U83                  AN2D0           tcbn65gpluswc   2.160000  
NLIN/U84                  AN2D0           tcbn65gpluswc   2.160000  
NLIN/U85                  AN2D0           tcbn65gpluswc   2.160000  
NLIN/U86                  AN2D0           tcbn65gpluswc   2.160000  
NLIN/U87                  AN2D0           tcbn65gpluswc   2.160000  
NLIN/U88                  AN2D0           tcbn65gpluswc   2.160000  
NLIN/U89                  AN2D0           tcbn65gpluswc   2.160000  
NLIN/U90                  AN2D0           tcbn65gpluswc   2.160000  
NLIN/U91                  AN2D0           tcbn65gpluswc   2.160000  
NLIN/U92                  AN2D0           tcbn65gpluswc   2.160000  
NLIN/U93                  AN2D0           tcbn65gpluswc   2.160000  
NLIN/U94                  AN2D0           tcbn65gpluswc   2.160000  
NLIN/U95                  AN2D0           tcbn65gpluswc   2.160000  
NLIN/U96                  AN2D0           tcbn65gpluswc   2.160000  
NLIN/U97                  AN2D0           tcbn65gpluswc   2.160000  
NLIN/U98                  AN2D0           tcbn65gpluswc   2.160000  
NLIN/U99                  AN2D0           tcbn65gpluswc   2.160000  
NLIN/U100                 AN2D0           tcbn65gpluswc   2.160000  
NLIN/U101                 AN2D0           tcbn65gpluswc   2.160000  
NLIN/U102                 AN2D0           tcbn65gpluswc   2.160000  
NLIN/U103                 AN2D0           tcbn65gpluswc   2.160000  
NLIN/U104                 AN2D0           tcbn65gpluswc   2.160000  
NLIN/U105                 AN2D0           tcbn65gpluswc   2.160000  
NLIN/U106                 AN2D0           tcbn65gpluswc   2.160000  
NLIN/U107                 AN2D0           tcbn65gpluswc   2.160000  
NLIN/U108                 AN2D0           tcbn65gpluswc   2.160000  
NLIN/U109                 AN2D0           tcbn65gpluswc   2.160000  
NLIN/U110                 AN2D0           tcbn65gpluswc   2.160000  
NLIN/U111                 AN2D0           tcbn65gpluswc   2.160000  
NLIN/U112                 AN2D0           tcbn65gpluswc   2.160000  
NLIN/U113                 AN2D0           tcbn65gpluswc   2.160000  
NLIN/U114                 AN2D0           tcbn65gpluswc   2.160000  
NLIN/U115                 AN2D0           tcbn65gpluswc   2.160000  
NLIN/U116                 AN2D0           tcbn65gpluswc   2.160000  
NLIN/U117                 AN2D0           tcbn65gpluswc   2.160000  
NLIN/U118                 AN2D0           tcbn65gpluswc   2.160000  
NLIN/U119                 AN2D0           tcbn65gpluswc   2.160000  
NLIN/U120                 AN2D0           tcbn65gpluswc   2.160000  
--------------------------------------------------------------------------------
Total 168 cells                                           642.600008
1
