Information: Updating design information... (UID-85)
 
****************************************
Report : timing
        -path full
        -delay max
        -nets
        -max_paths 1
        -transition_time
Design : gen_cla_decomposed
Version: K-2015.06-SP5-1
Date   : Mon Apr 18 15:21:19 2016
****************************************

Operating Conditions: WCCOM   Library: tcbn65gpluswc
Wire Load Model Mode: segmented

  Startpoint: a[0] (input port)
  Endpoint: s[4] (output port)
  Path Group: (none)
  Path Type: max

  Des/Clust/Port     Wire Load Model       Library
  ------------------------------------------------
  gen_cla_decomposed ZeroWireload          tcbn65gpluswc

Attributes:
    d - dont_touch
    u - dont_use
   mo - map_only
   so - size_only
    i - ideal_net or ideal_network
  inf - infeasible path

  Point                        Fanout     Trans      Incr       Path      Attributes
  ------------------------------------------------------------------------------------------
  input external delay                               0.00       0.00 r
  a[0] (in)                                0.00      0.00       0.00 r
  a[0] (net)                     2                   0.00       0.00 r
  NLIN/U26/Z (AN2D0)                       0.06      0.07       0.07 r
  n[0] (net)                     3                   0.00       0.07 r
  NLIN/U17/Z (AN2D0)                       0.07      0.09       0.16 r
  n[2] (net)                     3                   0.00       0.16 r
  NLIN/U16/Z (AN2D0)                       0.07      0.09       0.25 r
  n[6] (net)                     3                   0.00       0.25 r
  NLIN/U15/Z (AN2D0)                       0.03      0.07       0.32 r
  n[14] (net)                    1                   0.00       0.32 r
  LIN/U4/Z (XOR4D0)                        0.06      0.21       0.53 f
  LIN/n5 (net)                   1                   0.00       0.53 f
  LIN/U3/Z (XOR3D0)                        0.03      0.19       0.72 f
  LIN/n3 (net)                   1                   0.00       0.72 f
  LIN/U2/Z (XOR3D0)                        0.04      0.12       0.84 f
  LIN/n2 (net)                   1                   0.00       0.84 f
  LIN/U1/Z (XOR4D0)                        0.05      0.16       1.00 f
  s[4] (net)                     1                   0.00       1.00 f
  s[4] (out)                               0.05      0.00       1.00 f
  data arrival time                                             1.00
  ------------------------------------------------------------------------------------------
  (Path is unconstrained)


1
