 
****************************************
Report : reference
Design : gen_cla_decomposed
Version: K-2015.06-SP5-1
Date   : Mon Apr 18 15:25:19 2016
****************************************

Attributes:
    b - black box (unknown)
   bo - allows boundary optimization
    d - dont_touch
   mo - map_only
    h - hierarchical
    n - noncombinational
    r - removable
    s - synthetic operator
    u - contains unmapped logic

Reference          Library       Unit Area   Count    Total Area   Attributes
-----------------------------------------------------------------------------
AN2D0              tcbn65gpluswc     2.160000    2036  4397.760175
XOR2D0             tcbn65gpluswc     3.600000       1     3.600000
XOR3D0             tcbn65gpluswc     6.120000     156   954.719982
XOR4D0             tcbn65gpluswc     9.000000     578  5202.000000
-----------------------------------------------------------------------------
Total 4 references                                  10558.080157
1
