 
****************************************
Report : reference
Design : gen_cla_decomposed
Version: K-2015.06-SP5-1
Date   : Mon Apr 18 16:10:07 2016
****************************************

Attributes:
    b - black box (unknown)
   bo - allows boundary optimization
    d - dont_touch
   mo - map_only
    h - hierarchical
    n - noncombinational
    r - removable
    s - synthetic operator
    u - contains unmapped logic

Reference          Library       Unit Area   Count    Total Area   Attributes
-----------------------------------------------------------------------------
AN2D0              tcbn65gpluswc     2.160000   32752 70744.322811
XOR2D0             tcbn65gpluswc     3.600000       1     3.600000
XOR3D0             tcbn65gpluswc     6.120000    2355 14412.599730
XOR4D0             tcbn65gpluswc     9.000000    9352 84168.000000
-----------------------------------------------------------------------------
Total 4 references                                  169328.522542
1
