 
****************************************
Report : reference
Design : gen_cla_decomposed
Version: K-2015.06-SP5-1
Date   : Mon Apr 18 15:27:05 2016
****************************************

Attributes:
    b - black box (unknown)
   bo - allows boundary optimization
    d - dont_touch
   mo - map_only
    h - hierarchical
    n - noncombinational
    r - removable
    s - synthetic operator
    u - contains unmapped logic

Reference          Library       Unit Area   Count    Total Area   Attributes
-----------------------------------------------------------------------------
AN2D0              tcbn65gpluswc     2.160000    4083  8819.280350
XOR2D0             tcbn65gpluswc     3.600000       1     3.600000
XOR3D0             tcbn65gpluswc     6.120000     304  1860.479965
XOR4D0             tcbn65gpluswc     9.000000    1162 10458.000000
-----------------------------------------------------------------------------
Total 4 references                                  21141.360316
1
