Information: Updating design information... (UID-85)
 
****************************************
Report : timing
        -path full
        -delay max
        -nets
        -max_paths 1
        -transition_time
Design : gen_cla_decomposed
Version: K-2015.06-SP5-1
Date   : Mon Apr 18 15:25:19 2016
****************************************

Operating Conditions: WCCOM   Library: tcbn65gpluswc
Wire Load Model Mode: segmented

  Startpoint: a[2] (input port)
  Endpoint: s[10] (output port)
  Path Group: (none)
  Path Type: max

  Des/Clust/Port     Wire Load Model       Library
  ------------------------------------------------
  gen_cla_decomposed ZeroWireload          tcbn65gpluswc

Attributes:
    d - dont_touch
    u - dont_use
   mo - map_only
   so - size_only
    i - ideal_net or ideal_network
  inf - infeasible path

  Point                        Fanout     Trans      Incr       Path      Attributes
  ------------------------------------------------------------------------------------------
  input external delay                               0.00       0.00 r
  a[2] (in)                                0.00      0.00       0.00 r
  a[2] (net)                     5                   0.00       0.00 r
  NLIN/U1990/Z (AN2D0)                     0.06      0.07       0.07 r
  n[4] (net)                     3                   0.00       0.07 r
  NLIN/U1915/Z (AN2D0)                     0.07      0.09       0.16 r
  n[12] (net)                    3                   0.00       0.16 r
  NLIN/U1914/Z (AN2D0)                     0.07      0.09       0.25 r
  n[28] (net)                    3                   0.00       0.25 r
  NLIN/U1913/Z (AN2D0)                     0.06      0.08       0.34 r
  n[60] (net)                    3                   0.00       0.34 r
  NLIN/U1912/Z (AN2D0)                     0.06      0.08       0.42 r
  n[124] (net)                   3                   0.00       0.42 r
  NLIN/U1911/Z (AN2D0)                     0.07      0.09       0.51 r
  n[252] (net)                   3                   0.00       0.51 r
  NLIN/U1910/Z (AN2D0)                     0.07      0.09       0.60 r
  n[508] (net)                   3                   0.00       0.60 r
  NLIN/U1909/Z (AN2D0)                     0.03      0.07       0.67 r
  n[1020] (net)                  1                   0.00       0.67 r
  LIN/U589/Z (XOR4D0)                      0.06      0.20       0.87 f
  LIN/n723 (net)                 1                   0.00       0.87 f
  LIN/U587/Z (XOR3D0)                      0.03      0.20       1.07 f
  LIN/n722 (net)                 1                   0.00       1.07 f
  LIN/U586/Z (XOR3D0)                      0.04      0.12       1.19 f
  LIN/n721 (net)                 1                   0.00       1.19 f
  LIN/U585/Z (XOR3D0)                      0.04      0.19       1.38 f
  LIN/n719 (net)                 1                   0.00       1.38 f
  LIN/U584/Z (XOR4D0)                      0.06      0.17       1.55 f
  LIN/n717 (net)                 1                   0.00       1.55 f
  LIN/U583/Z (XOR4D0)                      0.06      0.22       1.77 f
  LIN/n716 (net)                 1                   0.00       1.77 f
  LIN/U582/Z (XOR3D0)                      0.04      0.20       1.97 f
  LIN/n714 (net)                 1                   0.00       1.97 f
  LIN/U581/Z (XOR4D0)                      0.06      0.17       2.14 f
  LIN/n712 (net)                 1                   0.00       2.14 f
  LIN/U580/Z (XOR4D0)                      0.06      0.22       2.36 f
  LIN/n711 (net)                 1                   0.00       2.36 f
  LIN/U579/Z (XOR3D0)                      0.04      0.20       2.56 f
  LIN/n709 (net)                 1                   0.00       2.56 f
  LIN/U578/Z (XOR4D0)                      0.06      0.17       2.73 f
  LIN/n707 (net)                 1                   0.00       2.73 f
  LIN/U577/Z (XOR4D0)                      0.06      0.22       2.95 f
  LIN/n706 (net)                 1                   0.00       2.95 f
  LIN/U576/Z (XOR3D0)                      0.04      0.20       3.15 f
  LIN/n704 (net)                 1                   0.00       3.15 f
  LIN/U575/Z (XOR4D0)                      0.06      0.17       3.32 f
  LIN/n702 (net)                 1                   0.00       3.32 f
  LIN/U574/Z (XOR4D0)                      0.06      0.22       3.54 f
  LIN/n701 (net)                 1                   0.00       3.54 f
  LIN/U573/Z (XOR3D0)                      0.04      0.20       3.74 f
  LIN/n699 (net)                 1                   0.00       3.74 f
  LIN/U572/Z (XOR4D0)                      0.06      0.17       3.91 f
  LIN/n697 (net)                 1                   0.00       3.91 f
  LIN/U571/Z (XOR4D0)                      0.06      0.22       4.13 f
  LIN/n696 (net)                 1                   0.00       4.13 f
  LIN/U570/Z (XOR3D0)                      0.04      0.20       4.33 f
  LIN/n694 (net)                 1                   0.00       4.33 f
  LIN/U569/Z (XOR4D0)                      0.06      0.17       4.50 f
  LIN/n692 (net)                 1                   0.00       4.50 f
  LIN/U568/Z (XOR4D0)                      0.06      0.22       4.72 f
  LIN/n691 (net)                 1                   0.00       4.72 f
  LIN/U567/Z (XOR3D0)                      0.04      0.20       4.92 f
  LIN/n689 (net)                 1                   0.00       4.92 f
  LIN/U566/Z (XOR4D0)                      0.06      0.17       5.09 f
  LIN/n687 (net)                 1                   0.00       5.09 f
  LIN/U565/Z (XOR4D0)                      0.06      0.22       5.31 f
  LIN/n686 (net)                 1                   0.00       5.31 f
  LIN/U564/Z (XOR3D0)                      0.04      0.20       5.50 f
  LIN/n684 (net)                 1                   0.00       5.50 f
  LIN/U563/Z (XOR4D0)                      0.06      0.17       5.68 f
  LIN/n682 (net)                 1                   0.00       5.68 f
  LIN/U562/Z (XOR4D0)                      0.06      0.22       5.89 f
  LIN/n681 (net)                 1                   0.00       5.89 f
  LIN/U561/Z (XOR3D0)                      0.04      0.20       6.09 f
  LIN/n679 (net)                 1                   0.00       6.09 f
  LIN/U560/Z (XOR4D0)                      0.06      0.17       6.27 f
  LIN/n677 (net)                 1                   0.00       6.27 f
  LIN/U559/Z (XOR4D0)                      0.06      0.22       6.48 f
  LIN/n676 (net)                 1                   0.00       6.48 f
  LIN/U558/Z (XOR3D0)                      0.04      0.20       6.68 f
  LIN/n674 (net)                 1                   0.00       6.68 f
  LIN/U557/Z (XOR4D0)                      0.06      0.17       6.85 f
  LIN/n672 (net)                 1                   0.00       6.85 f
  LIN/U556/Z (XOR4D0)                      0.06      0.22       7.07 f
  LIN/n671 (net)                 1                   0.00       7.07 f
  LIN/U555/Z (XOR3D0)                      0.04      0.20       7.27 f
  LIN/n669 (net)                 1                   0.00       7.27 f
  LIN/U554/Z (XOR4D0)                      0.06      0.17       7.44 f
  LIN/n667 (net)                 1                   0.00       7.44 f
  LIN/U553/Z (XOR4D0)                      0.06      0.22       7.66 f
  LIN/n666 (net)                 1                   0.00       7.66 f
  LIN/U552/Z (XOR3D0)                      0.04      0.20       7.86 f
  LIN/n664 (net)                 1                   0.00       7.86 f
  LIN/U551/Z (XOR4D0)                      0.06      0.17       8.03 f
  LIN/n662 (net)                 1                   0.00       8.03 f
  LIN/U550/Z (XOR4D0)                      0.06      0.22       8.25 f
  LIN/n661 (net)                 1                   0.00       8.25 f
  LIN/U549/Z (XOR3D0)                      0.04      0.20       8.45 f
  LIN/n659 (net)                 1                   0.00       8.45 f
  LIN/U548/Z (XOR4D0)                      0.06      0.17       8.62 f
  LIN/n657 (net)                 1                   0.00       8.62 f
  LIN/U547/Z (XOR4D0)                      0.06      0.22       8.84 f
  LIN/n656 (net)                 1                   0.00       8.84 f
  LIN/U546/Z (XOR3D0)                      0.04      0.20       9.04 f
  LIN/n654 (net)                 1                   0.00       9.04 f
  LIN/U545/Z (XOR4D0)                      0.06      0.17       9.21 f
  LIN/n652 (net)                 1                   0.00       9.21 f
  LIN/U544/Z (XOR4D0)                      0.06      0.22       9.43 f
  LIN/n651 (net)                 1                   0.00       9.43 f
  LIN/U543/Z (XOR3D0)                      0.04      0.20       9.63 f
  LIN/n649 (net)                 1                   0.00       9.63 f
  LIN/U542/Z (XOR4D0)                      0.06      0.17       9.80 f
  LIN/n647 (net)                 1                   0.00       9.80 f
  LIN/U541/Z (XOR4D0)                      0.06      0.22      10.02 f
  LIN/n646 (net)                 1                   0.00      10.02 f
  LIN/U540/Z (XOR3D0)                      0.04      0.20      10.21 f
  LIN/n644 (net)                 1                   0.00      10.21 f
  LIN/U539/Z (XOR4D0)                      0.06      0.17      10.39 f
  LIN/n642 (net)                 1                   0.00      10.39 f
  LIN/U538/Z (XOR4D0)                      0.06      0.22      10.61 f
  LIN/n641 (net)                 1                   0.00      10.61 f
  LIN/U537/Z (XOR3D0)                      0.04      0.20      10.80 f
  LIN/n639 (net)                 1                   0.00      10.80 f
  LIN/U536/Z (XOR4D0)                      0.06      0.17      10.98 f
  LIN/n637 (net)                 1                   0.00      10.98 f
  LIN/U535/Z (XOR4D0)                      0.06      0.22      11.19 f
  LIN/n636 (net)                 1                   0.00      11.19 f
  LIN/U534/Z (XOR3D0)                      0.04      0.20      11.39 f
  LIN/n634 (net)                 1                   0.00      11.39 f
  LIN/U533/Z (XOR4D0)                      0.06      0.17      11.57 f
  LIN/n632 (net)                 1                   0.00      11.57 f
  LIN/U532/Z (XOR4D0)                      0.06      0.22      11.78 f
  LIN/n631 (net)                 1                   0.00      11.78 f
  LIN/U531/Z (XOR3D0)                      0.04      0.20      11.98 f
  LIN/n629 (net)                 1                   0.00      11.98 f
  LIN/U530/Z (XOR4D0)                      0.06      0.17      12.15 f
  LIN/n627 (net)                 1                   0.00      12.15 f
  LIN/U529/Z (XOR4D0)                      0.06      0.22      12.37 f
  LIN/n626 (net)                 1                   0.00      12.37 f
  LIN/U528/Z (XOR3D0)                      0.04      0.20      12.57 f
  LIN/n624 (net)                 1                   0.00      12.57 f
  LIN/U527/Z (XOR4D0)                      0.06      0.17      12.74 f
  LIN/n622 (net)                 1                   0.00      12.74 f
  LIN/U526/Z (XOR4D0)                      0.06      0.22      12.96 f
  LIN/n621 (net)                 1                   0.00      12.96 f
  LIN/U525/Z (XOR3D0)                      0.04      0.20      13.16 f
  LIN/n619 (net)                 1                   0.00      13.16 f
  LIN/U524/Z (XOR4D0)                      0.06      0.17      13.33 f
  LIN/n617 (net)                 1                   0.00      13.33 f
  LIN/U523/Z (XOR4D0)                      0.06      0.22      13.55 f
  LIN/n616 (net)                 1                   0.00      13.55 f
  LIN/U522/Z (XOR3D0)                      0.04      0.20      13.75 f
  LIN/n614 (net)                 1                   0.00      13.75 f
  LIN/U521/Z (XOR4D0)                      0.06      0.17      13.92 f
  LIN/n612 (net)                 1                   0.00      13.92 f
  LIN/U520/Z (XOR4D0)                      0.06      0.22      14.14 f
  LIN/n611 (net)                 1                   0.00      14.14 f
  LIN/U519/Z (XOR3D0)                      0.04      0.20      14.34 f
  LIN/n609 (net)                 1                   0.00      14.34 f
  LIN/U518/Z (XOR4D0)                      0.06      0.17      14.51 f
  LIN/n607 (net)                 1                   0.00      14.51 f
  LIN/U517/Z (XOR4D0)                      0.06      0.22      14.73 f
  LIN/n606 (net)                 1                   0.00      14.73 f
  LIN/U516/Z (XOR3D0)                      0.04      0.20      14.93 f
  LIN/n604 (net)                 1                   0.00      14.93 f
  LIN/U515/Z (XOR4D0)                      0.06      0.17      15.10 f
  LIN/n602 (net)                 1                   0.00      15.10 f
  LIN/U514/Z (XOR4D0)                      0.06      0.22      15.32 f
  LIN/n601 (net)                 1                   0.00      15.32 f
  LIN/U513/Z (XOR3D0)                      0.04      0.20      15.51 f
  LIN/n599 (net)                 1                   0.00      15.51 f
  LIN/U512/Z (XOR4D0)                      0.06      0.17      15.69 f
  LIN/n597 (net)                 1                   0.00      15.69 f
  LIN/U511/Z (XOR4D0)                      0.06      0.22      15.91 f
  LIN/n596 (net)                 1                   0.00      15.91 f
  LIN/U510/Z (XOR3D0)                      0.04      0.20      16.10 f
  LIN/n594 (net)                 1                   0.00      16.10 f
  LIN/U509/Z (XOR4D0)                      0.06      0.17      16.28 f
  LIN/n592 (net)                 1                   0.00      16.28 f
  LIN/U508/Z (XOR4D0)                      0.06      0.22      16.49 f
  LIN/n591 (net)                 1                   0.00      16.49 f
  LIN/U507/Z (XOR3D0)                      0.04      0.20      16.69 f
  LIN/n589 (net)                 1                   0.00      16.69 f
  LIN/U506/Z (XOR4D0)                      0.06      0.17      16.87 f
  LIN/n587 (net)                 1                   0.00      16.87 f
  LIN/U505/Z (XOR4D0)                      0.06      0.22      17.08 f
  LIN/n586 (net)                 1                   0.00      17.08 f
  LIN/U504/Z (XOR3D0)                      0.04      0.20      17.28 f
  LIN/n584 (net)                 1                   0.00      17.28 f
  LIN/U503/Z (XOR4D0)                      0.06      0.17      17.45 f
  LIN/n582 (net)                 1                   0.00      17.45 f
  LIN/U502/Z (XOR4D0)                      0.06      0.22      17.67 f
  LIN/n581 (net)                 1                   0.00      17.67 f
  LIN/U501/Z (XOR3D0)                      0.04      0.20      17.87 f
  LIN/n579 (net)                 1                   0.00      17.87 f
  LIN/U500/Z (XOR4D0)                      0.06      0.17      18.04 f
  LIN/n577 (net)                 1                   0.00      18.04 f
  LIN/U499/Z (XOR4D0)                      0.06      0.22      18.26 f
  LIN/n576 (net)                 1                   0.00      18.26 f
  LIN/U498/Z (XOR3D0)                      0.04      0.20      18.46 f
  LIN/n574 (net)                 1                   0.00      18.46 f
  LIN/U497/Z (XOR4D0)                      0.06      0.17      18.63 f
  LIN/n572 (net)                 1                   0.00      18.63 f
  LIN/U496/Z (XOR4D0)                      0.06      0.22      18.85 f
  LIN/n571 (net)                 1                   0.00      18.85 f
  LIN/U495/Z (XOR3D0)                      0.04      0.20      19.05 f
  LIN/n569 (net)                 1                   0.00      19.05 f
  LIN/U494/Z (XOR4D0)                      0.06      0.17      19.22 f
  LIN/n567 (net)                 1                   0.00      19.22 f
  LIN/U493/Z (XOR4D0)                      0.06      0.22      19.44 f
  LIN/n566 (net)                 1                   0.00      19.44 f
  LIN/U492/Z (XOR3D0)                      0.04      0.20      19.64 f
  LIN/n564 (net)                 1                   0.00      19.64 f
  LIN/U491/Z (XOR4D0)                      0.06      0.17      19.81 f
  LIN/n562 (net)                 1                   0.00      19.81 f
  LIN/U490/Z (XOR4D0)                      0.06      0.22      20.03 f
  LIN/n561 (net)                 1                   0.00      20.03 f
  LIN/U489/Z (XOR3D0)                      0.04      0.20      20.23 f
  LIN/n559 (net)                 1                   0.00      20.23 f
  LIN/U488/Z (XOR4D0)                      0.06      0.17      20.40 f
  LIN/n557 (net)                 1                   0.00      20.40 f
  LIN/U487/Z (XOR4D0)                      0.06      0.22      20.62 f
  LIN/n556 (net)                 1                   0.00      20.62 f
  LIN/U486/Z (XOR3D0)                      0.04      0.20      20.81 f
  LIN/n554 (net)                 1                   0.00      20.81 f
  LIN/U485/Z (XOR4D0)                      0.06      0.17      20.99 f
  LIN/n552 (net)                 1                   0.00      20.99 f
  LIN/U484/Z (XOR4D0)                      0.06      0.22      21.20 f
  LIN/n551 (net)                 1                   0.00      21.20 f
  LIN/U483/Z (XOR3D0)                      0.04      0.20      21.40 f
  LIN/n549 (net)                 1                   0.00      21.40 f
  LIN/U482/Z (XOR4D0)                      0.06      0.17      21.58 f
  LIN/n547 (net)                 1                   0.00      21.58 f
  LIN/U481/Z (XOR4D0)                      0.06      0.22      21.79 f
  LIN/n546 (net)                 1                   0.00      21.79 f
  LIN/U480/Z (XOR3D0)                      0.04      0.20      21.99 f
  LIN/n544 (net)                 1                   0.00      21.99 f
  LIN/U479/Z (XOR4D0)                      0.06      0.17      22.16 f
  LIN/n542 (net)                 1                   0.00      22.16 f
  LIN/U478/Z (XOR4D0)                      0.06      0.22      22.38 f
  LIN/n541 (net)                 1                   0.00      22.38 f
  LIN/U477/Z (XOR3D0)                      0.04      0.20      22.58 f
  LIN/n539 (net)                 1                   0.00      22.58 f
  LIN/U476/Z (XOR4D0)                      0.06      0.17      22.75 f
  LIN/n537 (net)                 1                   0.00      22.75 f
  LIN/U475/Z (XOR4D0)                      0.06      0.22      22.97 f
  LIN/n536 (net)                 1                   0.00      22.97 f
  LIN/U474/Z (XOR3D0)                      0.04      0.20      23.17 f
  LIN/n534 (net)                 1                   0.00      23.17 f
  LIN/U473/Z (XOR4D0)                      0.06      0.17      23.34 f
  LIN/n532 (net)                 1                   0.00      23.34 f
  LIN/U472/Z (XOR4D0)                      0.06      0.22      23.56 f
  LIN/n531 (net)                 1                   0.00      23.56 f
  LIN/U471/Z (XOR3D0)                      0.04      0.20      23.76 f
  LIN/n529 (net)                 1                   0.00      23.76 f
  LIN/U470/Z (XOR4D0)                      0.06      0.17      23.93 f
  LIN/n527 (net)                 1                   0.00      23.93 f
  LIN/U469/Z (XOR4D0)                      0.06      0.22      24.15 f
  LIN/n526 (net)                 1                   0.00      24.15 f
  LIN/U468/Z (XOR3D0)                      0.04      0.20      24.35 f
  LIN/n524 (net)                 1                   0.00      24.35 f
  LIN/U467/Z (XOR4D0)                      0.06      0.17      24.52 f
  LIN/n522 (net)                 1                   0.00      24.52 f
  LIN/U466/Z (XOR4D0)                      0.06      0.22      24.74 f
  LIN/n521 (net)                 1                   0.00      24.74 f
  LIN/U465/Z (XOR3D0)                      0.04      0.20      24.94 f
  LIN/n519 (net)                 1                   0.00      24.94 f
  LIN/U464/Z (XOR4D0)                      0.06      0.17      25.11 f
  LIN/n517 (net)                 1                   0.00      25.11 f
  LIN/U463/Z (XOR4D0)                      0.06      0.22      25.33 f
  LIN/n516 (net)                 1                   0.00      25.33 f
  LIN/U462/Z (XOR3D0)                      0.04      0.20      25.53 f
  LIN/n514 (net)                 1                   0.00      25.53 f
  LIN/U461/Z (XOR4D0)                      0.06      0.17      25.70 f
  LIN/n512 (net)                 1                   0.00      25.70 f
  LIN/U460/Z (XOR4D0)                      0.06      0.22      25.92 f
  LIN/n511 (net)                 1                   0.00      25.92 f
  LIN/U459/Z (XOR3D0)                      0.04      0.20      26.11 f
  LIN/n509 (net)                 1                   0.00      26.11 f
  LIN/U458/Z (XOR4D0)                      0.06      0.17      26.29 f
  LIN/n507 (net)                 1                   0.00      26.29 f
  LIN/U457/Z (XOR4D0)                      0.06      0.22      26.50 f
  LIN/n506 (net)                 1                   0.00      26.50 f
  LIN/U456/Z (XOR3D0)                      0.04      0.20      26.70 f
  LIN/n504 (net)                 1                   0.00      26.70 f
  LIN/U455/Z (XOR4D0)                      0.06      0.17      26.88 f
  LIN/n502 (net)                 1                   0.00      26.88 f
  LIN/U454/Z (XOR4D0)                      0.06      0.22      27.09 f
  LIN/n501 (net)                 1                   0.00      27.09 f
  LIN/U453/Z (XOR3D0)                      0.04      0.20      27.29 f
  LIN/n499 (net)                 1                   0.00      27.29 f
  LIN/U452/Z (XOR4D0)                      0.06      0.17      27.46 f
  LIN/n497 (net)                 1                   0.00      27.46 f
  LIN/U451/Z (XOR4D0)                      0.06      0.22      27.68 f
  LIN/n496 (net)                 1                   0.00      27.68 f
  LIN/U450/Z (XOR3D0)                      0.04      0.20      27.88 f
  LIN/n494 (net)                 1                   0.00      27.88 f
  LIN/U449/Z (XOR4D0)                      0.06      0.17      28.05 f
  LIN/n492 (net)                 1                   0.00      28.05 f
  LIN/U448/Z (XOR4D0)                      0.06      0.22      28.27 f
  LIN/n491 (net)                 1                   0.00      28.27 f
  LIN/U447/Z (XOR3D0)                      0.04      0.20      28.47 f
  LIN/n489 (net)                 1                   0.00      28.47 f
  LIN/U446/Z (XOR4D0)                      0.06      0.17      28.64 f
  LIN/n487 (net)                 1                   0.00      28.64 f
  LIN/U445/Z (XOR4D0)                      0.06      0.22      28.86 f
  LIN/n486 (net)                 1                   0.00      28.86 f
  LIN/U444/Z (XOR3D0)                      0.04      0.20      29.06 f
  LIN/n484 (net)                 1                   0.00      29.06 f
  LIN/U443/Z (XOR4D0)                      0.06      0.17      29.23 f
  LIN/n482 (net)                 1                   0.00      29.23 f
  LIN/U442/Z (XOR4D0)                      0.06      0.22      29.45 f
  LIN/n481 (net)                 1                   0.00      29.45 f
  LIN/U441/Z (XOR3D0)                      0.04      0.20      29.65 f
  LIN/n479 (net)                 1                   0.00      29.65 f
  LIN/U440/Z (XOR4D0)                      0.06      0.17      29.82 f
  LIN/n477 (net)                 1                   0.00      29.82 f
  LIN/U439/Z (XOR4D0)                      0.06      0.22      30.04 f
  LIN/n476 (net)                 1                   0.00      30.04 f
  LIN/U438/Z (XOR3D0)                      0.04      0.20      30.24 f
  LIN/n474 (net)                 1                   0.00      30.24 f
  LIN/U437/Z (XOR4D0)                      0.06      0.17      30.41 f
  LIN/n472 (net)                 1                   0.00      30.41 f
  LIN/U436/Z (XOR4D0)                      0.06      0.22      30.63 f
  LIN/n471 (net)                 1                   0.00      30.63 f
  LIN/U435/Z (XOR3D0)                      0.04      0.20      30.82 f
  LIN/n469 (net)                 1                   0.00      30.82 f
  LIN/U434/Z (XOR4D0)                      0.06      0.17      31.00 f
  LIN/n467 (net)                 1                   0.00      31.00 f
  LIN/U433/Z (XOR4D0)                      0.06      0.22      31.22 f
  LIN/n466 (net)                 1                   0.00      31.22 f
  LIN/U432/Z (XOR3D0)                      0.04      0.20      31.41 f
  LIN/n464 (net)                 1                   0.00      31.41 f
  LIN/U431/Z (XOR4D0)                      0.06      0.17      31.59 f
  LIN/n462 (net)                 1                   0.00      31.59 f
  LIN/U430/Z (XOR4D0)                      0.06      0.22      31.80 f
  LIN/n461 (net)                 1                   0.00      31.80 f
  LIN/U429/Z (XOR3D0)                      0.04      0.20      32.00 f
  LIN/n459 (net)                 1                   0.00      32.00 f
  LIN/U428/Z (XOR4D0)                      0.06      0.17      32.18 f
  LIN/n457 (net)                 1                   0.00      32.18 f
  LIN/U427/Z (XOR4D0)                      0.06      0.22      32.39 f
  LIN/n456 (net)                 1                   0.00      32.39 f
  LIN/U426/Z (XOR3D0)                      0.04      0.20      32.59 f
  LIN/n454 (net)                 1                   0.00      32.59 f
  LIN/U425/Z (XOR4D0)                      0.06      0.17      32.76 f
  LIN/n452 (net)                 1                   0.00      32.76 f
  LIN/U424/Z (XOR4D0)                      0.06      0.22      32.98 f
  LIN/n451 (net)                 1                   0.00      32.98 f
  LIN/U423/Z (XOR3D0)                      0.04      0.20      33.18 f
  LIN/n449 (net)                 1                   0.00      33.18 f
  LIN/U422/Z (XOR4D0)                      0.06      0.17      33.35 f
  LIN/n447 (net)                 1                   0.00      33.35 f
  LIN/U421/Z (XOR4D0)                      0.06      0.22      33.57 f
  LIN/n446 (net)                 1                   0.00      33.57 f
  LIN/U420/Z (XOR3D0)                      0.04      0.20      33.77 f
  LIN/n444 (net)                 1                   0.00      33.77 f
  LIN/U419/Z (XOR4D0)                      0.06      0.17      33.94 f
  LIN/n442 (net)                 1                   0.00      33.94 f
  LIN/U418/Z (XOR4D0)                      0.06      0.22      34.16 f
  LIN/n441 (net)                 1                   0.00      34.16 f
  LIN/U417/Z (XOR3D0)                      0.04      0.20      34.36 f
  LIN/n439 (net)                 1                   0.00      34.36 f
  LIN/U416/Z (XOR4D0)                      0.06      0.17      34.53 f
  LIN/n437 (net)                 1                   0.00      34.53 f
  LIN/U415/Z (XOR4D0)                      0.06      0.22      34.75 f
  LIN/n436 (net)                 1                   0.00      34.75 f
  LIN/U414/Z (XOR3D0)                      0.04      0.20      34.95 f
  LIN/n434 (net)                 1                   0.00      34.95 f
  LIN/U413/Z (XOR4D0)                      0.06      0.17      35.12 f
  LIN/n432 (net)                 1                   0.00      35.12 f
  LIN/U412/Z (XOR4D0)                      0.06      0.22      35.34 f
  LIN/n431 (net)                 1                   0.00      35.34 f
  LIN/U411/Z (XOR3D0)                      0.04      0.20      35.54 f
  LIN/n429 (net)                 1                   0.00      35.54 f
  LIN/U410/Z (XOR4D0)                      0.06      0.17      35.71 f
  LIN/n427 (net)                 1                   0.00      35.71 f
  LIN/U409/Z (XOR4D0)                      0.06      0.22      35.93 f
  LIN/n426 (net)                 1                   0.00      35.93 f
  LIN/U408/Z (XOR3D0)                      0.04      0.20      36.12 f
  LIN/n424 (net)                 1                   0.00      36.12 f
  LIN/U407/Z (XOR4D0)                      0.06      0.17      36.30 f
  LIN/n422 (net)                 1                   0.00      36.30 f
  LIN/U406/Z (XOR4D0)                      0.06      0.22      36.52 f
  LIN/n421 (net)                 1                   0.00      36.52 f
  LIN/U405/Z (XOR3D0)                      0.04      0.20      36.71 f
  LIN/n419 (net)                 1                   0.00      36.71 f
  LIN/U404/Z (XOR4D0)                      0.06      0.17      36.89 f
  LIN/n417 (net)                 1                   0.00      36.89 f
  LIN/U403/Z (XOR4D0)                      0.06      0.22      37.10 f
  LIN/n416 (net)                 1                   0.00      37.10 f
  LIN/U402/Z (XOR3D0)                      0.04      0.20      37.30 f
  LIN/n414 (net)                 1                   0.00      37.30 f
  LIN/U401/Z (XOR4D0)                      0.06      0.17      37.48 f
  LIN/n412 (net)                 1                   0.00      37.48 f
  LIN/U400/Z (XOR4D0)                      0.06      0.22      37.69 f
  LIN/n411 (net)                 1                   0.00      37.69 f
  LIN/U399/Z (XOR3D0)                      0.04      0.20      37.89 f
  LIN/n409 (net)                 1                   0.00      37.89 f
  LIN/U398/Z (XOR4D0)                      0.06      0.17      38.06 f
  LIN/n407 (net)                 1                   0.00      38.06 f
  LIN/U397/Z (XOR4D0)                      0.06      0.22      38.28 f
  LIN/n406 (net)                 1                   0.00      38.28 f
  LIN/U396/Z (XOR3D0)                      0.04      0.20      38.48 f
  LIN/n404 (net)                 1                   0.00      38.48 f
  LIN/U395/Z (XOR4D0)                      0.06      0.17      38.65 f
  LIN/n402 (net)                 1                   0.00      38.65 f
  LIN/U394/Z (XOR4D0)                      0.06      0.22      38.87 f
  LIN/n401 (net)                 1                   0.00      38.87 f
  LIN/U393/Z (XOR3D0)                      0.04      0.20      39.07 f
  LIN/n399 (net)                 1                   0.00      39.07 f
  LIN/U392/Z (XOR4D0)                      0.06      0.17      39.24 f
  LIN/n397 (net)                 1                   0.00      39.24 f
  LIN/U391/Z (XOR4D0)                      0.06      0.22      39.46 f
  LIN/n396 (net)                 1                   0.00      39.46 f
  LIN/U390/Z (XOR3D0)                      0.04      0.20      39.66 f
  LIN/n394 (net)                 1                   0.00      39.66 f
  LIN/U389/Z (XOR4D0)                      0.06      0.17      39.83 f
  LIN/n392 (net)                 1                   0.00      39.83 f
  LIN/U388/Z (XOR4D0)                      0.06      0.22      40.05 f
  LIN/n391 (net)                 1                   0.00      40.05 f
  LIN/U387/Z (XOR3D0)                      0.04      0.20      40.25 f
  LIN/n389 (net)                 1                   0.00      40.25 f
  LIN/U386/Z (XOR4D0)                      0.06      0.17      40.42 f
  LIN/n387 (net)                 1                   0.00      40.42 f
  LIN/U385/Z (XOR4D0)                      0.06      0.22      40.64 f
  LIN/n386 (net)                 1                   0.00      40.64 f
  LIN/U384/Z (XOR3D0)                      0.04      0.20      40.84 f
  LIN/n384 (net)                 1                   0.00      40.84 f
  LIN/U383/Z (XOR4D0)                      0.06      0.17      41.01 f
  LIN/n382 (net)                 1                   0.00      41.01 f
  LIN/U382/Z (XOR4D0)                      0.06      0.22      41.23 f
  LIN/n381 (net)                 1                   0.00      41.23 f
  LIN/U381/Z (XOR3D0)                      0.04      0.20      41.42 f
  LIN/n379 (net)                 1                   0.00      41.42 f
  LIN/U380/Z (XOR4D0)                      0.06      0.17      41.60 f
  LIN/n377 (net)                 1                   0.00      41.60 f
  LIN/U379/Z (XOR4D0)                      0.06      0.22      41.81 f
  LIN/n376 (net)                 1                   0.00      41.81 f
  LIN/U378/Z (XOR3D0)                      0.04      0.20      42.01 f
  LIN/n374 (net)                 1                   0.00      42.01 f
  LIN/U377/Z (XOR4D0)                      0.06      0.17      42.19 f
  LIN/n372 (net)                 1                   0.00      42.19 f
  LIN/U376/Z (XOR4D0)                      0.06      0.22      42.40 f
  LIN/n371 (net)                 1                   0.00      42.40 f
  LIN/U375/Z (XOR3D0)                      0.04      0.20      42.60 f
  LIN/n369 (net)                 1                   0.00      42.60 f
  LIN/U374/Z (XOR4D0)                      0.06      0.17      42.77 f
  LIN/n367 (net)                 1                   0.00      42.77 f
  LIN/U373/Z (XOR4D0)                      0.06      0.22      42.99 f
  LIN/n366 (net)                 1                   0.00      42.99 f
  LIN/U372/Z (XOR3D0)                      0.04      0.20      43.19 f
  LIN/n364 (net)                 1                   0.00      43.19 f
  LIN/U371/Z (XOR4D0)                      0.06      0.17      43.36 f
  LIN/n362 (net)                 1                   0.00      43.36 f
  LIN/U370/Z (XOR4D0)                      0.06      0.22      43.58 f
  LIN/n361 (net)                 1                   0.00      43.58 f
  LIN/U369/Z (XOR4D0)                      0.05      0.17      43.75 f
  s[10] (net)                    1                   0.00      43.75 f
  s[10] (out)                              0.05      0.00      43.75 f
  data arrival time                                            43.75
  ------------------------------------------------------------------------------------------
  (Path is unconstrained)


1
