Information: Updating design information... (UID-85)
Warning: Design 'gen_cla_decomposed' contains 2 high-fanout nets. A fanout number of 1000 will be used for delay calculations involving these nets. (TIM-134)
 
****************************************
Report : timing
        -path full
        -delay max
        -nets
        -max_paths 1
        -transition_time
Design : gen_cla_decomposed
Version: K-2015.06-SP5-1
Date   : Mon Apr 18 15:27:05 2016
****************************************

 # A fanout number of 1000 was used for high fanout net computations.

Operating Conditions: WCCOM   Library: tcbn65gpluswc
Wire Load Model Mode: segmented

  Startpoint: a[3] (input port)
  Endpoint: s[11] (output port)
  Path Group: (none)
  Path Type: max

  Des/Clust/Port     Wire Load Model       Library
  ------------------------------------------------
  gen_cla_decomposed ZeroWireload          tcbn65gpluswc

Attributes:
    d - dont_touch
    u - dont_use
   mo - map_only
   so - size_only
    i - ideal_net or ideal_network
  inf - infeasible path

  Point                        Fanout     Trans      Incr       Path      Attributes
  ------------------------------------------------------------------------------------------
  input external delay                               0.00       0.00 r
  a[3] (in)                                0.00      0.00       0.00 r
  a[3] (net)                     9                   0.00       0.00 r
  NLIN/U3971/Z (AN2D0)                     0.06      0.07       0.07 r
  n[11] (net)                    3                   0.00       0.07 r
  NLIN/U3970/Z (AN2D0)                     0.07      0.09       0.16 r
  n[27] (net)                    3                   0.00       0.16 r
  NLIN/U3969/Z (AN2D0)                     0.07      0.09       0.25 r
  n[59] (net)                    3                   0.00       0.25 r
  NLIN/U3968/Z (AN2D0)                     0.06      0.08       0.34 r
  n[123] (net)                   3                   0.00       0.34 r
  NLIN/U3967/Z (AN2D0)                     0.06      0.08       0.42 r
  n[251] (net)                   3                   0.00       0.42 r
  NLIN/U3966/Z (AN2D0)                     0.07      0.09       0.51 r
  n[507] (net)                   3                   0.00       0.51 r
  NLIN/U3965/Z (AN2D0)                     0.07      0.09       0.60 r
  n[1019] (net)                  3                   0.00       0.60 r
  NLIN/U2040/Z (AN2D0)                     0.03      0.07       0.67 r
  n[2043] (net)                  1                   0.00       0.67 r
  LIN/U809/Z (XOR4D0)                      0.06      0.20       0.87 f
  LIN/n1089 (net)                1                   0.00       0.87 f
  LIN/U807/Z (XOR3D0)                      0.03      0.20       1.07 f
  LIN/n1088 (net)                1                   0.00       1.07 f
  LIN/U806/Z (XOR3D0)                      0.04      0.12       1.19 f
  LIN/n1087 (net)                1                   0.00       1.19 f
  LIN/U805/Z (XOR3D0)                      0.04      0.19       1.38 f
  LIN/n1085 (net)                1                   0.00       1.38 f
  LIN/U804/Z (XOR4D0)                      0.06      0.17       1.56 f
  LIN/n1083 (net)                1                   0.00       1.56 f
  LIN/U803/Z (XOR4D0)                      0.06      0.22       1.77 f
  LIN/n1082 (net)                1                   0.00       1.77 f
  LIN/U802/Z (XOR3D0)                      0.04      0.20       1.97 f
  LIN/n1080 (net)                1                   0.00       1.97 f
  LIN/U801/Z (XOR4D0)                      0.06      0.17       2.14 f
  LIN/n1078 (net)                1                   0.00       2.14 f
  LIN/U800/Z (XOR4D0)                      0.06      0.22       2.36 f
  LIN/n1077 (net)                1                   0.00       2.36 f
  LIN/U799/Z (XOR3D0)                      0.04      0.20       2.56 f
  LIN/n1075 (net)                1                   0.00       2.56 f
  LIN/U798/Z (XOR4D0)                      0.06      0.17       2.73 f
  LIN/n1073 (net)                1                   0.00       2.73 f
  LIN/U797/Z (XOR4D0)                      0.06      0.22       2.95 f
  LIN/n1072 (net)                1                   0.00       2.95 f
  LIN/U796/Z (XOR3D0)                      0.04      0.20       3.15 f
  LIN/n1070 (net)                1                   0.00       3.15 f
  LIN/U795/Z (XOR4D0)                      0.06      0.17       3.32 f
  LIN/n1068 (net)                1                   0.00       3.32 f
  LIN/U794/Z (XOR4D0)                      0.06      0.22       3.54 f
  LIN/n1067 (net)                1                   0.00       3.54 f
  LIN/U793/Z (XOR3D0)                      0.04      0.20       3.74 f
  LIN/n1065 (net)                1                   0.00       3.74 f
  LIN/U792/Z (XOR4D0)                      0.06      0.17       3.91 f
  LIN/n1063 (net)                1                   0.00       3.91 f
  LIN/U791/Z (XOR4D0)                      0.06      0.22       4.13 f
  LIN/n1062 (net)                1                   0.00       4.13 f
  LIN/U790/Z (XOR3D0)                      0.04      0.20       4.33 f
  LIN/n1060 (net)                1                   0.00       4.33 f
  LIN/U789/Z (XOR4D0)                      0.06      0.17       4.50 f
  LIN/n1058 (net)                1                   0.00       4.50 f
  LIN/U788/Z (XOR4D0)                      0.06      0.22       4.72 f
  LIN/n1057 (net)                1                   0.00       4.72 f
  LIN/U787/Z (XOR3D0)                      0.04      0.20       4.92 f
  LIN/n1055 (net)                1                   0.00       4.92 f
  LIN/U786/Z (XOR4D0)                      0.06      0.17       5.09 f
  LIN/n1053 (net)                1                   0.00       5.09 f
  LIN/U785/Z (XOR4D0)                      0.06      0.22       5.31 f
  LIN/n1052 (net)                1                   0.00       5.31 f
  LIN/U784/Z (XOR3D0)                      0.04      0.20       5.50 f
  LIN/n1050 (net)                1                   0.00       5.50 f
  LIN/U783/Z (XOR4D0)                      0.06      0.17       5.68 f
  LIN/n1048 (net)                1                   0.00       5.68 f
  LIN/U782/Z (XOR4D0)                      0.06      0.22       5.90 f
  LIN/n1047 (net)                1                   0.00       5.90 f
  LIN/U781/Z (XOR3D0)                      0.04      0.20       6.09 f
  LIN/n1045 (net)                1                   0.00       6.09 f
  LIN/U780/Z (XOR4D0)                      0.06      0.17       6.27 f
  LIN/n1043 (net)                1                   0.00       6.27 f
  LIN/U779/Z (XOR4D0)                      0.06      0.22       6.48 f
  LIN/n1042 (net)                1                   0.00       6.48 f
  LIN/U778/Z (XOR3D0)                      0.04      0.20       6.68 f
  LIN/n1040 (net)                1                   0.00       6.68 f
  LIN/U777/Z (XOR4D0)                      0.06      0.17       6.86 f
  LIN/n1038 (net)                1                   0.00       6.86 f
  LIN/U776/Z (XOR4D0)                      0.06      0.22       7.07 f
  LIN/n1037 (net)                1                   0.00       7.07 f
  LIN/U775/Z (XOR3D0)                      0.04      0.20       7.27 f
  LIN/n1035 (net)                1                   0.00       7.27 f
  LIN/U774/Z (XOR4D0)                      0.06      0.17       7.44 f
  LIN/n1033 (net)                1                   0.00       7.44 f
  LIN/U773/Z (XOR4D0)                      0.06      0.22       7.66 f
  LIN/n1032 (net)                1                   0.00       7.66 f
  LIN/U772/Z (XOR3D0)                      0.04      0.20       7.86 f
  LIN/n1030 (net)                1                   0.00       7.86 f
  LIN/U771/Z (XOR4D0)                      0.06      0.17       8.03 f
  LIN/n1028 (net)                1                   0.00       8.03 f
  LIN/U770/Z (XOR4D0)                      0.06      0.22       8.25 f
  LIN/n1027 (net)                1                   0.00       8.25 f
  LIN/U769/Z (XOR3D0)                      0.04      0.20       8.45 f
  LIN/n1025 (net)                1                   0.00       8.45 f
  LIN/U768/Z (XOR4D0)                      0.06      0.17       8.62 f
  LIN/n1023 (net)                1                   0.00       8.62 f
  LIN/U767/Z (XOR4D0)                      0.06      0.22       8.84 f
  LIN/n1022 (net)                1                   0.00       8.84 f
  LIN/U766/Z (XOR3D0)                      0.04      0.20       9.04 f
  LIN/n1020 (net)                1                   0.00       9.04 f
  LIN/U765/Z (XOR4D0)                      0.06      0.17       9.21 f
  LIN/n1018 (net)                1                   0.00       9.21 f
  LIN/U764/Z (XOR4D0)                      0.06      0.22       9.43 f
  LIN/n1017 (net)                1                   0.00       9.43 f
  LIN/U763/Z (XOR3D0)                      0.04      0.20       9.63 f
  LIN/n1015 (net)                1                   0.00       9.63 f
  LIN/U762/Z (XOR4D0)                      0.06      0.17       9.80 f
  LIN/n1013 (net)                1                   0.00       9.80 f
  LIN/U761/Z (XOR4D0)                      0.06      0.22      10.02 f
  LIN/n1012 (net)                1                   0.00      10.02 f
  LIN/U760/Z (XOR3D0)                      0.04      0.20      10.22 f
  LIN/n1010 (net)                1                   0.00      10.22 f
  LIN/U759/Z (XOR4D0)                      0.06      0.17      10.39 f
  LIN/n1008 (net)                1                   0.00      10.39 f
  LIN/U758/Z (XOR4D0)                      0.06      0.22      10.61 f
  LIN/n1007 (net)                1                   0.00      10.61 f
  LIN/U757/Z (XOR3D0)                      0.04      0.20      10.80 f
  LIN/n1005 (net)                1                   0.00      10.80 f
  LIN/U756/Z (XOR4D0)                      0.06      0.17      10.98 f
  LIN/n1003 (net)                1                   0.00      10.98 f
  LIN/U755/Z (XOR4D0)                      0.06      0.22      11.19 f
  LIN/n1002 (net)                1                   0.00      11.19 f
  LIN/U754/Z (XOR3D0)                      0.04      0.20      11.39 f
  LIN/n1000 (net)                1                   0.00      11.39 f
  LIN/U753/Z (XOR4D0)                      0.06      0.17      11.57 f
  LIN/n998 (net)                 1                   0.00      11.57 f
  LIN/U752/Z (XOR4D0)                      0.06      0.22      11.78 f
  LIN/n997 (net)                 1                   0.00      11.78 f
  LIN/U751/Z (XOR3D0)                      0.04      0.20      11.98 f
  LIN/n995 (net)                 1                   0.00      11.98 f
  LIN/U750/Z (XOR4D0)                      0.06      0.17      12.15 f
  LIN/n993 (net)                 1                   0.00      12.15 f
  LIN/U749/Z (XOR4D0)                      0.06      0.22      12.37 f
  LIN/n992 (net)                 1                   0.00      12.37 f
  LIN/U748/Z (XOR3D0)                      0.04      0.20      12.57 f
  LIN/n990 (net)                 1                   0.00      12.57 f
  LIN/U747/Z (XOR4D0)                      0.06      0.17      12.74 f
  LIN/n988 (net)                 1                   0.00      12.74 f
  LIN/U746/Z (XOR4D0)                      0.06      0.22      12.96 f
  LIN/n987 (net)                 1                   0.00      12.96 f
  LIN/U745/Z (XOR3D0)                      0.04      0.20      13.16 f
  LIN/n985 (net)                 1                   0.00      13.16 f
  LIN/U744/Z (XOR4D0)                      0.06      0.17      13.33 f
  LIN/n983 (net)                 1                   0.00      13.33 f
  LIN/U743/Z (XOR4D0)                      0.06      0.22      13.55 f
  LIN/n982 (net)                 1                   0.00      13.55 f
  LIN/U742/Z (XOR3D0)                      0.04      0.20      13.75 f
  LIN/n980 (net)                 1                   0.00      13.75 f
  LIN/U741/Z (XOR4D0)                      0.06      0.17      13.92 f
  LIN/n978 (net)                 1                   0.00      13.92 f
  LIN/U740/Z (XOR4D0)                      0.06      0.22      14.14 f
  LIN/n977 (net)                 1                   0.00      14.14 f
  LIN/U739/Z (XOR3D0)                      0.04      0.20      14.34 f
  LIN/n975 (net)                 1                   0.00      14.34 f
  LIN/U738/Z (XOR4D0)                      0.06      0.17      14.51 f
  LIN/n973 (net)                 1                   0.00      14.51 f
  LIN/U737/Z (XOR4D0)                      0.06      0.22      14.73 f
  LIN/n972 (net)                 1                   0.00      14.73 f
  LIN/U736/Z (XOR3D0)                      0.04      0.20      14.93 f
  LIN/n970 (net)                 1                   0.00      14.93 f
  LIN/U735/Z (XOR4D0)                      0.06      0.17      15.10 f
  LIN/n968 (net)                 1                   0.00      15.10 f
  LIN/U734/Z (XOR4D0)                      0.06      0.22      15.32 f
  LIN/n967 (net)                 1                   0.00      15.32 f
  LIN/U733/Z (XOR3D0)                      0.04      0.20      15.52 f
  LIN/n965 (net)                 1                   0.00      15.52 f
  LIN/U732/Z (XOR4D0)                      0.06      0.17      15.69 f
  LIN/n963 (net)                 1                   0.00      15.69 f
  LIN/U731/Z (XOR4D0)                      0.06      0.22      15.91 f
  LIN/n962 (net)                 1                   0.00      15.91 f
  LIN/U730/Z (XOR3D0)                      0.04      0.20      16.10 f
  LIN/n960 (net)                 1                   0.00      16.10 f
  LIN/U729/Z (XOR4D0)                      0.06      0.17      16.28 f
  LIN/n958 (net)                 1                   0.00      16.28 f
  LIN/U728/Z (XOR4D0)                      0.06      0.22      16.49 f
  LIN/n957 (net)                 1                   0.00      16.49 f
  LIN/U727/Z (XOR3D0)                      0.04      0.20      16.69 f
  LIN/n955 (net)                 1                   0.00      16.69 f
  LIN/U726/Z (XOR4D0)                      0.06      0.17      16.87 f
  LIN/n953 (net)                 1                   0.00      16.87 f
  LIN/U725/Z (XOR4D0)                      0.06      0.22      17.08 f
  LIN/n952 (net)                 1                   0.00      17.08 f
  LIN/U724/Z (XOR3D0)                      0.04      0.20      17.28 f
  LIN/n950 (net)                 1                   0.00      17.28 f
  LIN/U723/Z (XOR4D0)                      0.06      0.17      17.45 f
  LIN/n948 (net)                 1                   0.00      17.45 f
  LIN/U722/Z (XOR4D0)                      0.06      0.22      17.67 f
  LIN/n947 (net)                 1                   0.00      17.67 f
  LIN/U721/Z (XOR3D0)                      0.04      0.20      17.87 f
  LIN/n945 (net)                 1                   0.00      17.87 f
  LIN/U720/Z (XOR4D0)                      0.06      0.17      18.04 f
  LIN/n943 (net)                 1                   0.00      18.04 f
  LIN/U719/Z (XOR4D0)                      0.06      0.22      18.26 f
  LIN/n942 (net)                 1                   0.00      18.26 f
  LIN/U718/Z (XOR3D0)                      0.04      0.20      18.46 f
  LIN/n940 (net)                 1                   0.00      18.46 f
  LIN/U717/Z (XOR4D0)                      0.06      0.17      18.63 f
  LIN/n938 (net)                 1                   0.00      18.63 f
  LIN/U716/Z (XOR4D0)                      0.06      0.22      18.85 f
  LIN/n937 (net)                 1                   0.00      18.85 f
  LIN/U715/Z (XOR3D0)                      0.04      0.20      19.05 f
  LIN/n935 (net)                 1                   0.00      19.05 f
  LIN/U714/Z (XOR4D0)                      0.06      0.17      19.22 f
  LIN/n933 (net)                 1                   0.00      19.22 f
  LIN/U713/Z (XOR4D0)                      0.06      0.22      19.44 f
  LIN/n932 (net)                 1                   0.00      19.44 f
  LIN/U712/Z (XOR3D0)                      0.04      0.20      19.64 f
  LIN/n930 (net)                 1                   0.00      19.64 f
  LIN/U711/Z (XOR4D0)                      0.06      0.17      19.81 f
  LIN/n928 (net)                 1                   0.00      19.81 f
  LIN/U710/Z (XOR4D0)                      0.06      0.22      20.03 f
  LIN/n927 (net)                 1                   0.00      20.03 f
  LIN/U709/Z (XOR3D0)                      0.04      0.20      20.23 f
  LIN/n925 (net)                 1                   0.00      20.23 f
  LIN/U708/Z (XOR4D0)                      0.06      0.17      20.40 f
  LIN/n923 (net)                 1                   0.00      20.40 f
  LIN/U707/Z (XOR4D0)                      0.06      0.22      20.62 f
  LIN/n922 (net)                 1                   0.00      20.62 f
  LIN/U706/Z (XOR3D0)                      0.04      0.20      20.81 f
  LIN/n920 (net)                 1                   0.00      20.81 f
  LIN/U705/Z (XOR4D0)                      0.06      0.17      20.99 f
  LIN/n918 (net)                 1                   0.00      20.99 f
  LIN/U704/Z (XOR4D0)                      0.06      0.22      21.21 f
  LIN/n917 (net)                 1                   0.00      21.21 f
  LIN/U703/Z (XOR3D0)                      0.04      0.20      21.40 f
  LIN/n915 (net)                 1                   0.00      21.40 f
  LIN/U702/Z (XOR4D0)                      0.06      0.17      21.58 f
  LIN/n913 (net)                 1                   0.00      21.58 f
  LIN/U701/Z (XOR4D0)                      0.06      0.22      21.79 f
  LIN/n912 (net)                 1                   0.00      21.79 f
  LIN/U700/Z (XOR3D0)                      0.04      0.20      21.99 f
  LIN/n910 (net)                 1                   0.00      21.99 f
  LIN/U699/Z (XOR4D0)                      0.06      0.17      22.17 f
  LIN/n908 (net)                 1                   0.00      22.17 f
  LIN/U698/Z (XOR4D0)                      0.06      0.22      22.38 f
  LIN/n907 (net)                 1                   0.00      22.38 f
  LIN/U697/Z (XOR3D0)                      0.04      0.20      22.58 f
  LIN/n905 (net)                 1                   0.00      22.58 f
  LIN/U696/Z (XOR4D0)                      0.06      0.17      22.75 f
  LIN/n903 (net)                 1                   0.00      22.75 f
  LIN/U695/Z (XOR4D0)                      0.06      0.22      22.97 f
  LIN/n902 (net)                 1                   0.00      22.97 f
  LIN/U694/Z (XOR3D0)                      0.04      0.20      23.17 f
  LIN/n900 (net)                 1                   0.00      23.17 f
  LIN/U693/Z (XOR4D0)                      0.06      0.17      23.34 f
  LIN/n898 (net)                 1                   0.00      23.34 f
  LIN/U692/Z (XOR4D0)                      0.06      0.22      23.56 f
  LIN/n897 (net)                 1                   0.00      23.56 f
  LIN/U691/Z (XOR3D0)                      0.04      0.20      23.76 f
  LIN/n895 (net)                 1                   0.00      23.76 f
  LIN/U690/Z (XOR4D0)                      0.06      0.17      23.93 f
  LIN/n893 (net)                 1                   0.00      23.93 f
  LIN/U689/Z (XOR4D0)                      0.06      0.22      24.15 f
  LIN/n892 (net)                 1                   0.00      24.15 f
  LIN/U688/Z (XOR3D0)                      0.04      0.20      24.35 f
  LIN/n890 (net)                 1                   0.00      24.35 f
  LIN/U687/Z (XOR4D0)                      0.06      0.17      24.52 f
  LIN/n888 (net)                 1                   0.00      24.52 f
  LIN/U686/Z (XOR4D0)                      0.06      0.22      24.74 f
  LIN/n887 (net)                 1                   0.00      24.74 f
  LIN/U685/Z (XOR3D0)                      0.04      0.20      24.94 f
  LIN/n885 (net)                 1                   0.00      24.94 f
  LIN/U684/Z (XOR4D0)                      0.06      0.17      25.11 f
  LIN/n883 (net)                 1                   0.00      25.11 f
  LIN/U683/Z (XOR4D0)                      0.06      0.22      25.33 f
  LIN/n882 (net)                 1                   0.00      25.33 f
  LIN/U682/Z (XOR3D0)                      0.04      0.20      25.53 f
  LIN/n880 (net)                 1                   0.00      25.53 f
  LIN/U681/Z (XOR4D0)                      0.06      0.17      25.70 f
  LIN/n878 (net)                 1                   0.00      25.70 f
  LIN/U680/Z (XOR4D0)                      0.06      0.22      25.92 f
  LIN/n877 (net)                 1                   0.00      25.92 f
  LIN/U679/Z (XOR3D0)                      0.04      0.20      26.11 f
  LIN/n875 (net)                 1                   0.00      26.11 f
  LIN/U678/Z (XOR4D0)                      0.06      0.17      26.29 f
  LIN/n873 (net)                 1                   0.00      26.29 f
  LIN/U677/Z (XOR4D0)                      0.06      0.22      26.51 f
  LIN/n872 (net)                 1                   0.00      26.51 f
  LIN/U676/Z (XOR3D0)                      0.04      0.20      26.70 f
  LIN/n870 (net)                 1                   0.00      26.70 f
  LIN/U675/Z (XOR4D0)                      0.06      0.17      26.88 f
  LIN/n868 (net)                 1                   0.00      26.88 f
  LIN/U674/Z (XOR4D0)                      0.06      0.22      27.09 f
  LIN/n867 (net)                 1                   0.00      27.09 f
  LIN/U673/Z (XOR3D0)                      0.04      0.20      27.29 f
  LIN/n865 (net)                 1                   0.00      27.29 f
  LIN/U672/Z (XOR4D0)                      0.06      0.17      27.47 f
  LIN/n863 (net)                 1                   0.00      27.47 f
  LIN/U671/Z (XOR4D0)                      0.06      0.22      27.68 f
  LIN/n862 (net)                 1                   0.00      27.68 f
  LIN/U670/Z (XOR3D0)                      0.04      0.20      27.88 f
  LIN/n860 (net)                 1                   0.00      27.88 f
  LIN/U669/Z (XOR4D0)                      0.06      0.17      28.05 f
  LIN/n858 (net)                 1                   0.00      28.05 f
  LIN/U668/Z (XOR4D0)                      0.06      0.22      28.27 f
  LIN/n857 (net)                 1                   0.00      28.27 f
  LIN/U667/Z (XOR3D0)                      0.04      0.20      28.47 f
  LIN/n855 (net)                 1                   0.00      28.47 f
  LIN/U666/Z (XOR4D0)                      0.06      0.17      28.64 f
  LIN/n853 (net)                 1                   0.00      28.64 f
  LIN/U665/Z (XOR4D0)                      0.06      0.22      28.86 f
  LIN/n852 (net)                 1                   0.00      28.86 f
  LIN/U664/Z (XOR3D0)                      0.04      0.20      29.06 f
  LIN/n850 (net)                 1                   0.00      29.06 f
  LIN/U663/Z (XOR4D0)                      0.06      0.17      29.23 f
  LIN/n848 (net)                 1                   0.00      29.23 f
  LIN/U662/Z (XOR4D0)                      0.06      0.22      29.45 f
  LIN/n847 (net)                 1                   0.00      29.45 f
  LIN/U661/Z (XOR3D0)                      0.04      0.20      29.65 f
  LIN/n845 (net)                 1                   0.00      29.65 f
  LIN/U660/Z (XOR4D0)                      0.06      0.17      29.82 f
  LIN/n843 (net)                 1                   0.00      29.82 f
  LIN/U659/Z (XOR4D0)                      0.06      0.22      30.04 f
  LIN/n842 (net)                 1                   0.00      30.04 f
  LIN/U658/Z (XOR3D0)                      0.04      0.20      30.24 f
  LIN/n840 (net)                 1                   0.00      30.24 f
  LIN/U657/Z (XOR4D0)                      0.06      0.17      30.41 f
  LIN/n838 (net)                 1                   0.00      30.41 f
  LIN/U656/Z (XOR4D0)                      0.06      0.22      30.63 f
  LIN/n837 (net)                 1                   0.00      30.63 f
  LIN/U655/Z (XOR3D0)                      0.04      0.20      30.83 f
  LIN/n835 (net)                 1                   0.00      30.83 f
  LIN/U654/Z (XOR4D0)                      0.06      0.17      31.00 f
  LIN/n833 (net)                 1                   0.00      31.00 f
  LIN/U653/Z (XOR4D0)                      0.06      0.22      31.22 f
  LIN/n832 (net)                 1                   0.00      31.22 f
  LIN/U652/Z (XOR3D0)                      0.04      0.20      31.41 f
  LIN/n830 (net)                 1                   0.00      31.41 f
  LIN/U651/Z (XOR4D0)                      0.06      0.17      31.59 f
  LIN/n828 (net)                 1                   0.00      31.59 f
  LIN/U650/Z (XOR4D0)                      0.06      0.22      31.80 f
  LIN/n827 (net)                 1                   0.00      31.80 f
  LIN/U649/Z (XOR3D0)                      0.04      0.20      32.00 f
  LIN/n825 (net)                 1                   0.00      32.00 f
  LIN/U648/Z (XOR4D0)                      0.06      0.17      32.18 f
  LIN/n823 (net)                 1                   0.00      32.18 f
  LIN/U647/Z (XOR4D0)                      0.06      0.22      32.39 f
  LIN/n822 (net)                 1                   0.00      32.39 f
  LIN/U646/Z (XOR3D0)                      0.04      0.20      32.59 f
  LIN/n820 (net)                 1                   0.00      32.59 f
  LIN/U645/Z (XOR4D0)                      0.06      0.17      32.76 f
  LIN/n818 (net)                 1                   0.00      32.76 f
  LIN/U644/Z (XOR4D0)                      0.06      0.22      32.98 f
  LIN/n817 (net)                 1                   0.00      32.98 f
  LIN/U643/Z (XOR3D0)                      0.04      0.20      33.18 f
  LIN/n815 (net)                 1                   0.00      33.18 f
  LIN/U642/Z (XOR4D0)                      0.06      0.17      33.35 f
  LIN/n813 (net)                 1                   0.00      33.35 f
  LIN/U641/Z (XOR4D0)                      0.06      0.22      33.57 f
  LIN/n812 (net)                 1                   0.00      33.57 f
  LIN/U640/Z (XOR3D0)                      0.04      0.20      33.77 f
  LIN/n810 (net)                 1                   0.00      33.77 f
  LIN/U639/Z (XOR4D0)                      0.06      0.17      33.94 f
  LIN/n808 (net)                 1                   0.00      33.94 f
  LIN/U638/Z (XOR4D0)                      0.06      0.22      34.16 f
  LIN/n807 (net)                 1                   0.00      34.16 f
  LIN/U637/Z (XOR3D0)                      0.04      0.20      34.36 f
  LIN/n805 (net)                 1                   0.00      34.36 f
  LIN/U636/Z (XOR4D0)                      0.06      0.17      34.53 f
  LIN/n803 (net)                 1                   0.00      34.53 f
  LIN/U635/Z (XOR4D0)                      0.06      0.22      34.75 f
  LIN/n802 (net)                 1                   0.00      34.75 f
  LIN/U634/Z (XOR3D0)                      0.04      0.20      34.95 f
  LIN/n800 (net)                 1                   0.00      34.95 f
  LIN/U633/Z (XOR4D0)                      0.06      0.17      35.12 f
  LIN/n798 (net)                 1                   0.00      35.12 f
  LIN/U632/Z (XOR4D0)                      0.06      0.22      35.34 f
  LIN/n797 (net)                 1                   0.00      35.34 f
  LIN/U631/Z (XOR3D0)                      0.04      0.20      35.54 f
  LIN/n795 (net)                 1                   0.00      35.54 f
  LIN/U630/Z (XOR4D0)                      0.06      0.17      35.71 f
  LIN/n793 (net)                 1                   0.00      35.71 f
  LIN/U629/Z (XOR4D0)                      0.06      0.22      35.93 f
  LIN/n792 (net)                 1                   0.00      35.93 f
  LIN/U628/Z (XOR3D0)                      0.04      0.20      36.13 f
  LIN/n790 (net)                 1                   0.00      36.13 f
  LIN/U627/Z (XOR4D0)                      0.06      0.17      36.30 f
  LIN/n788 (net)                 1                   0.00      36.30 f
  LIN/U626/Z (XOR4D0)                      0.06      0.22      36.52 f
  LIN/n787 (net)                 1                   0.00      36.52 f
  LIN/U625/Z (XOR3D0)                      0.04      0.20      36.71 f
  LIN/n785 (net)                 1                   0.00      36.71 f
  LIN/U624/Z (XOR4D0)                      0.06      0.17      36.89 f
  LIN/n783 (net)                 1                   0.00      36.89 f
  LIN/U623/Z (XOR4D0)                      0.06      0.22      37.10 f
  LIN/n782 (net)                 1                   0.00      37.10 f
  LIN/U622/Z (XOR3D0)                      0.04      0.20      37.30 f
  LIN/n780 (net)                 1                   0.00      37.30 f
  LIN/U621/Z (XOR4D0)                      0.06      0.17      37.48 f
  LIN/n778 (net)                 1                   0.00      37.48 f
  LIN/U620/Z (XOR4D0)                      0.06      0.22      37.69 f
  LIN/n777 (net)                 1                   0.00      37.69 f
  LIN/U619/Z (XOR3D0)                      0.04      0.20      37.89 f
  LIN/n775 (net)                 1                   0.00      37.89 f
  LIN/U618/Z (XOR4D0)                      0.06      0.17      38.06 f
  LIN/n773 (net)                 1                   0.00      38.06 f
  LIN/U617/Z (XOR4D0)                      0.06      0.22      38.28 f
  LIN/n772 (net)                 1                   0.00      38.28 f
  LIN/U616/Z (XOR3D0)                      0.04      0.20      38.48 f
  LIN/n770 (net)                 1                   0.00      38.48 f
  LIN/U615/Z (XOR4D0)                      0.06      0.17      38.65 f
  LIN/n768 (net)                 1                   0.00      38.65 f
  LIN/U614/Z (XOR4D0)                      0.06      0.22      38.87 f
  LIN/n767 (net)                 1                   0.00      38.87 f
  LIN/U613/Z (XOR3D0)                      0.04      0.20      39.07 f
  LIN/n765 (net)                 1                   0.00      39.07 f
  LIN/U612/Z (XOR4D0)                      0.06      0.17      39.24 f
  LIN/n763 (net)                 1                   0.00      39.24 f
  LIN/U611/Z (XOR4D0)                      0.06      0.22      39.46 f
  LIN/n762 (net)                 1                   0.00      39.46 f
  LIN/U610/Z (XOR3D0)                      0.04      0.20      39.66 f
  LIN/n760 (net)                 1                   0.00      39.66 f
  LIN/U609/Z (XOR4D0)                      0.06      0.17      39.83 f
  LIN/n758 (net)                 1                   0.00      39.83 f
  LIN/U608/Z (XOR4D0)                      0.06      0.22      40.05 f
  LIN/n757 (net)                 1                   0.00      40.05 f
  LIN/U607/Z (XOR3D0)                      0.04      0.20      40.25 f
  LIN/n755 (net)                 1                   0.00      40.25 f
  LIN/U606/Z (XOR4D0)                      0.06      0.17      40.42 f
  LIN/n753 (net)                 1                   0.00      40.42 f
  LIN/U605/Z (XOR4D0)                      0.06      0.22      40.64 f
  LIN/n752 (net)                 1                   0.00      40.64 f
  LIN/U604/Z (XOR3D0)                      0.04      0.20      40.84 f
  LIN/n750 (net)                 1                   0.00      40.84 f
  LIN/U603/Z (XOR4D0)                      0.06      0.17      41.01 f
  LIN/n748 (net)                 1                   0.00      41.01 f
  LIN/U602/Z (XOR4D0)                      0.06      0.22      41.23 f
  LIN/n747 (net)                 1                   0.00      41.23 f
  LIN/U601/Z (XOR3D0)                      0.04      0.20      41.42 f
  LIN/n745 (net)                 1                   0.00      41.42 f
  LIN/U600/Z (XOR4D0)                      0.06      0.17      41.60 f
  LIN/n743 (net)                 1                   0.00      41.60 f
  LIN/U599/Z (XOR4D0)                      0.06      0.22      41.82 f
  LIN/n742 (net)                 1                   0.00      41.82 f
  LIN/U598/Z (XOR3D0)                      0.04      0.20      42.01 f
  LIN/n740 (net)                 1                   0.00      42.01 f
  LIN/U597/Z (XOR4D0)                      0.06      0.17      42.19 f
  LIN/n738 (net)                 1                   0.00      42.19 f
  LIN/U596/Z (XOR4D0)                      0.06      0.22      42.40 f
  LIN/n737 (net)                 1                   0.00      42.40 f
  LIN/U595/Z (XOR3D0)                      0.04      0.20      42.60 f
  LIN/n735 (net)                 1                   0.00      42.60 f
  LIN/U594/Z (XOR4D0)                      0.06      0.17      42.78 f
  LIN/n733 (net)                 1                   0.00      42.78 f
  LIN/U593/Z (XOR4D0)                      0.06      0.22      42.99 f
  LIN/n732 (net)                 1                   0.00      42.99 f
  LIN/U592/Z (XOR3D0)                      0.04      0.20      43.19 f
  LIN/n730 (net)                 1                   0.00      43.19 f
  LIN/U591/Z (XOR4D0)                      0.06      0.17      43.36 f
  LIN/n728 (net)                 1                   0.00      43.36 f
  LIN/U590/Z (XOR4D0)                      0.06      0.22      43.58 f
  LIN/n727 (net)                 1                   0.00      43.58 f
  LIN/U589/Z (XOR3D0)                      0.04      0.20      43.78 f
  LIN/n725 (net)                 1                   0.00      43.78 f
  LIN/U588/Z (XOR4D0)                      0.06      0.17      43.95 f
  LIN/n723 (net)                 1                   0.00      43.95 f
  LIN/U587/Z (XOR4D0)                      0.06      0.22      44.17 f
  LIN/n722 (net)                 1                   0.00      44.17 f
  LIN/U586/Z (XOR3D0)                      0.04      0.20      44.37 f
  LIN/n720 (net)                 1                   0.00      44.37 f
  LIN/U585/Z (XOR4D0)                      0.06      0.17      44.54 f
  LIN/n718 (net)                 1                   0.00      44.54 f
  LIN/U584/Z (XOR4D0)                      0.06      0.22      44.76 f
  LIN/n717 (net)                 1                   0.00      44.76 f
  LIN/U583/Z (XOR3D0)                      0.04      0.20      44.96 f
  LIN/n715 (net)                 1                   0.00      44.96 f
  LIN/U582/Z (XOR4D0)                      0.06      0.17      45.13 f
  LIN/n713 (net)                 1                   0.00      45.13 f
  LIN/U581/Z (XOR4D0)                      0.06      0.22      45.35 f
  LIN/n712 (net)                 1                   0.00      45.35 f
  LIN/U580/Z (XOR3D0)                      0.04      0.20      45.55 f
  LIN/n710 (net)                 1                   0.00      45.55 f
  LIN/U579/Z (XOR4D0)                      0.06      0.17      45.72 f
  LIN/n708 (net)                 1                   0.00      45.72 f
  LIN/U578/Z (XOR4D0)                      0.06      0.22      45.94 f
  LIN/n707 (net)                 1                   0.00      45.94 f
  LIN/U577/Z (XOR3D0)                      0.04      0.20      46.14 f
  LIN/n705 (net)                 1                   0.00      46.14 f
  LIN/U576/Z (XOR4D0)                      0.06      0.17      46.31 f
  LIN/n703 (net)                 1                   0.00      46.31 f
  LIN/U575/Z (XOR4D0)                      0.06      0.22      46.53 f
  LIN/n702 (net)                 1                   0.00      46.53 f
  LIN/U574/Z (XOR3D0)                      0.04      0.20      46.72 f
  LIN/n700 (net)                 1                   0.00      46.72 f
  LIN/U573/Z (XOR4D0)                      0.06      0.17      46.90 f
  LIN/n698 (net)                 1                   0.00      46.90 f
  LIN/U572/Z (XOR4D0)                      0.06      0.22      47.12 f
  LIN/n697 (net)                 1                   0.00      47.12 f
  LIN/U571/Z (XOR3D0)                      0.04      0.20      47.31 f
  LIN/n695 (net)                 1                   0.00      47.31 f
  LIN/U570/Z (XOR4D0)                      0.06      0.17      47.49 f
  LIN/n693 (net)                 1                   0.00      47.49 f
  LIN/U569/Z (XOR4D0)                      0.06      0.22      47.70 f
  LIN/n692 (net)                 1                   0.00      47.70 f
  LIN/U568/Z (XOR3D0)                      0.04      0.20      47.90 f
  LIN/n690 (net)                 1                   0.00      47.90 f
  LIN/U567/Z (XOR4D0)                      0.06      0.17      48.07 f
  LIN/n688 (net)                 1                   0.00      48.07 f
  LIN/U566/Z (XOR4D0)                      0.06      0.22      48.29 f
  LIN/n687 (net)                 1                   0.00      48.29 f
  LIN/U565/Z (XOR3D0)                      0.04      0.20      48.49 f
  LIN/n685 (net)                 1                   0.00      48.49 f
  LIN/U564/Z (XOR4D0)                      0.06      0.17      48.66 f
  LIN/n683 (net)                 1                   0.00      48.66 f
  LIN/U563/Z (XOR4D0)                      0.06      0.22      48.88 f
  LIN/n682 (net)                 1                   0.00      48.88 f
  LIN/U562/Z (XOR3D0)                      0.04      0.20      49.08 f
  LIN/n680 (net)                 1                   0.00      49.08 f
  LIN/U561/Z (XOR4D0)                      0.06      0.17      49.25 f
  LIN/n678 (net)                 1                   0.00      49.25 f
  LIN/U560/Z (XOR4D0)                      0.06      0.22      49.47 f
  LIN/n677 (net)                 1                   0.00      49.47 f
  LIN/U559/Z (XOR3D0)                      0.04      0.20      49.67 f
  LIN/n675 (net)                 1                   0.00      49.67 f
  LIN/U558/Z (XOR4D0)                      0.06      0.17      49.84 f
  LIN/n673 (net)                 1                   0.00      49.84 f
  LIN/U557/Z (XOR4D0)                      0.06      0.22      50.06 f
  LIN/n672 (net)                 1                   0.00      50.06 f
  LIN/U556/Z (XOR3D0)                      0.04      0.20      50.26 f
  LIN/n670 (net)                 1                   0.00      50.26 f
  LIN/U555/Z (XOR4D0)                      0.06      0.17      50.43 f
  LIN/n668 (net)                 1                   0.00      50.43 f
  LIN/U554/Z (XOR4D0)                      0.06      0.22      50.65 f
  LIN/n667 (net)                 1                   0.00      50.65 f
  LIN/U553/Z (XOR3D0)                      0.04      0.20      50.85 f
  LIN/n665 (net)                 1                   0.00      50.85 f
  LIN/U552/Z (XOR4D0)                      0.06      0.17      51.02 f
  LIN/n663 (net)                 1                   0.00      51.02 f
  LIN/U551/Z (XOR4D0)                      0.06      0.22      51.24 f
  LIN/n662 (net)                 1                   0.00      51.24 f
  LIN/U550/Z (XOR3D0)                      0.04      0.20      51.44 f
  LIN/n660 (net)                 1                   0.00      51.44 f
  LIN/U549/Z (XOR4D0)                      0.06      0.17      51.61 f
  LIN/n658 (net)                 1                   0.00      51.61 f
  LIN/U548/Z (XOR4D0)                      0.06      0.22      51.83 f
  LIN/n657 (net)                 1                   0.00      51.83 f
  LIN/U547/Z (XOR3D0)                      0.04      0.20      52.02 f
  LIN/n655 (net)                 1                   0.00      52.02 f
  LIN/U546/Z (XOR4D0)                      0.06      0.17      52.20 f
  LIN/n653 (net)                 1                   0.00      52.20 f
  LIN/U545/Z (XOR4D0)                      0.06      0.22      52.41 f
  LIN/n652 (net)                 1                   0.00      52.41 f
  LIN/U544/Z (XOR3D0)                      0.04      0.20      52.61 f
  LIN/n650 (net)                 1                   0.00      52.61 f
  LIN/U543/Z (XOR4D0)                      0.06      0.17      52.79 f
  LIN/n648 (net)                 1                   0.00      52.79 f
  LIN/U542/Z (XOR4D0)                      0.06      0.22      53.00 f
  LIN/n647 (net)                 1                   0.00      53.00 f
  LIN/U541/Z (XOR3D0)                      0.04      0.20      53.20 f
  LIN/n645 (net)                 1                   0.00      53.20 f
  LIN/U540/Z (XOR4D0)                      0.06      0.17      53.37 f
  LIN/n643 (net)                 1                   0.00      53.37 f
  LIN/U539/Z (XOR4D0)                      0.06      0.22      53.59 f
  LIN/n642 (net)                 1                   0.00      53.59 f
  LIN/U538/Z (XOR3D0)                      0.04      0.20      53.79 f
  LIN/n640 (net)                 1                   0.00      53.79 f
  LIN/U537/Z (XOR4D0)                      0.06      0.17      53.96 f
  LIN/n638 (net)                 1                   0.00      53.96 f
  LIN/U536/Z (XOR4D0)                      0.06      0.22      54.18 f
  LIN/n637 (net)                 1                   0.00      54.18 f
  LIN/U535/Z (XOR3D0)                      0.04      0.20      54.38 f
  LIN/n635 (net)                 1                   0.00      54.38 f
  LIN/U534/Z (XOR4D0)                      0.06      0.17      54.55 f
  LIN/n633 (net)                 1                   0.00      54.55 f
  LIN/U533/Z (XOR4D0)                      0.06      0.22      54.77 f
  LIN/n632 (net)                 1                   0.00      54.77 f
  LIN/U532/Z (XOR3D0)                      0.04      0.20      54.97 f
  LIN/n630 (net)                 1                   0.00      54.97 f
  LIN/U531/Z (XOR4D0)                      0.06      0.17      55.14 f
  LIN/n628 (net)                 1                   0.00      55.14 f
  LIN/U530/Z (XOR4D0)                      0.06      0.22      55.36 f
  LIN/n627 (net)                 1                   0.00      55.36 f
  LIN/U529/Z (XOR3D0)                      0.04      0.20      55.56 f
  LIN/n625 (net)                 1                   0.00      55.56 f
  LIN/U528/Z (XOR4D0)                      0.06      0.17      55.73 f
  LIN/n623 (net)                 1                   0.00      55.73 f
  LIN/U527/Z (XOR4D0)                      0.06      0.22      55.95 f
  LIN/n622 (net)                 1                   0.00      55.95 f
  LIN/U526/Z (XOR3D0)                      0.04      0.20      56.15 f
  LIN/n620 (net)                 1                   0.00      56.15 f
  LIN/U525/Z (XOR4D0)                      0.06      0.17      56.32 f
  LIN/n618 (net)                 1                   0.00      56.32 f
  LIN/U524/Z (XOR4D0)                      0.06      0.22      56.54 f
  LIN/n617 (net)                 1                   0.00      56.54 f
  LIN/U523/Z (XOR3D0)                      0.04      0.20      56.74 f
  LIN/n615 (net)                 1                   0.00      56.74 f
  LIN/U522/Z (XOR4D0)                      0.06      0.17      56.91 f
  LIN/n613 (net)                 1                   0.00      56.91 f
  LIN/U521/Z (XOR4D0)                      0.06      0.22      57.13 f
  LIN/n612 (net)                 1                   0.00      57.13 f
  LIN/U520/Z (XOR3D0)                      0.04      0.20      57.32 f
  LIN/n610 (net)                 1                   0.00      57.32 f
  LIN/U519/Z (XOR4D0)                      0.06      0.17      57.50 f
  LIN/n608 (net)                 1                   0.00      57.50 f
  LIN/U518/Z (XOR4D0)                      0.06      0.22      57.71 f
  LIN/n607 (net)                 1                   0.00      57.71 f
  LIN/U517/Z (XOR3D0)                      0.04      0.20      57.91 f
  LIN/n605 (net)                 1                   0.00      57.91 f
  LIN/U516/Z (XOR4D0)                      0.06      0.17      58.09 f
  LIN/n603 (net)                 1                   0.00      58.09 f
  LIN/U515/Z (XOR4D0)                      0.06      0.22      58.30 f
  LIN/n602 (net)                 1                   0.00      58.30 f
  LIN/U514/Z (XOR3D0)                      0.04      0.20      58.50 f
  LIN/n600 (net)                 1                   0.00      58.50 f
  LIN/U513/Z (XOR4D0)                      0.06      0.17      58.67 f
  LIN/n598 (net)                 1                   0.00      58.67 f
  LIN/U512/Z (XOR4D0)                      0.06      0.22      58.89 f
  LIN/n597 (net)                 1                   0.00      58.89 f
  LIN/U511/Z (XOR3D0)                      0.04      0.20      59.09 f
  LIN/n595 (net)                 1                   0.00      59.09 f
  LIN/U510/Z (XOR4D0)                      0.06      0.17      59.26 f
  LIN/n593 (net)                 1                   0.00      59.26 f
  LIN/U509/Z (XOR4D0)                      0.06      0.22      59.48 f
  LIN/n592 (net)                 1                   0.00      59.48 f
  LIN/U508/Z (XOR3D0)                      0.04      0.20      59.68 f
  LIN/n590 (net)                 1                   0.00      59.68 f
  LIN/U507/Z (XOR4D0)                      0.06      0.17      59.85 f
  LIN/n588 (net)                 1                   0.00      59.85 f
  LIN/U506/Z (XOR4D0)                      0.06      0.22      60.07 f
  LIN/n587 (net)                 1                   0.00      60.07 f
  LIN/U505/Z (XOR3D0)                      0.04      0.20      60.27 f
  LIN/n585 (net)                 1                   0.00      60.27 f
  LIN/U504/Z (XOR4D0)                      0.06      0.17      60.44 f
  LIN/n583 (net)                 1                   0.00      60.44 f
  LIN/U503/Z (XOR4D0)                      0.06      0.22      60.66 f
  LIN/n582 (net)                 1                   0.00      60.66 f
  LIN/U502/Z (XOR3D0)                      0.04      0.20      60.86 f
  LIN/n580 (net)                 1                   0.00      60.86 f
  LIN/U501/Z (XOR4D0)                      0.06      0.17      61.03 f
  LIN/n578 (net)                 1                   0.00      61.03 f
  LIN/U500/Z (XOR4D0)                      0.06      0.22      61.25 f
  LIN/n577 (net)                 1                   0.00      61.25 f
  LIN/U499/Z (XOR3D0)                      0.04      0.20      61.45 f
  LIN/n575 (net)                 1                   0.00      61.45 f
  LIN/U498/Z (XOR4D0)                      0.06      0.17      61.62 f
  LIN/n573 (net)                 1                   0.00      61.62 f
  LIN/U497/Z (XOR4D0)                      0.06      0.22      61.84 f
  LIN/n572 (net)                 1                   0.00      61.84 f
  LIN/U496/Z (XOR3D0)                      0.04      0.20      62.03 f
  LIN/n570 (net)                 1                   0.00      62.03 f
  LIN/U495/Z (XOR4D0)                      0.06      0.17      62.21 f
  LIN/n568 (net)                 1                   0.00      62.21 f
  LIN/U494/Z (XOR4D0)                      0.06      0.22      62.43 f
  LIN/n567 (net)                 1                   0.00      62.43 f
  LIN/U493/Z (XOR3D0)                      0.04      0.20      62.62 f
  LIN/n565 (net)                 1                   0.00      62.62 f
  LIN/U492/Z (XOR4D0)                      0.06      0.17      62.80 f
  LIN/n563 (net)                 1                   0.00      62.80 f
  LIN/U491/Z (XOR4D0)                      0.06      0.22      63.01 f
  LIN/n562 (net)                 1                   0.00      63.01 f
  LIN/U490/Z (XOR3D0)                      0.04      0.20      63.21 f
  LIN/n560 (net)                 1                   0.00      63.21 f
  LIN/U489/Z (XOR4D0)                      0.06      0.17      63.39 f
  LIN/n558 (net)                 1                   0.00      63.39 f
  LIN/U488/Z (XOR4D0)                      0.06      0.22      63.60 f
  LIN/n557 (net)                 1                   0.00      63.60 f
  LIN/U487/Z (XOR3D0)                      0.04      0.20      63.80 f
  LIN/n555 (net)                 1                   0.00      63.80 f
  LIN/U486/Z (XOR4D0)                      0.06      0.17      63.97 f
  LIN/n553 (net)                 1                   0.00      63.97 f
  LIN/U485/Z (XOR4D0)                      0.06      0.22      64.19 f
  LIN/n552 (net)                 1                   0.00      64.19 f
  LIN/U484/Z (XOR3D0)                      0.04      0.20      64.39 f
  LIN/n550 (net)                 1                   0.00      64.39 f
  LIN/U483/Z (XOR4D0)                      0.06      0.17      64.56 f
  LIN/n548 (net)                 1                   0.00      64.56 f
  LIN/U482/Z (XOR4D0)                      0.06      0.22      64.78 f
  LIN/n547 (net)                 1                   0.00      64.78 f
  LIN/U481/Z (XOR3D0)                      0.04      0.20      64.98 f
  LIN/n545 (net)                 1                   0.00      64.98 f
  LIN/U480/Z (XOR4D0)                      0.06      0.17      65.15 f
  LIN/n543 (net)                 1                   0.00      65.15 f
  LIN/U479/Z (XOR4D0)                      0.06      0.22      65.37 f
  LIN/n542 (net)                 1                   0.00      65.37 f
  LIN/U478/Z (XOR3D0)                      0.04      0.20      65.57 f
  LIN/n540 (net)                 1                   0.00      65.57 f
  LIN/U477/Z (XOR4D0)                      0.06      0.17      65.74 f
  LIN/n538 (net)                 1                   0.00      65.74 f
  LIN/U476/Z (XOR4D0)                      0.06      0.22      65.96 f
  LIN/n537 (net)                 1                   0.00      65.96 f
  LIN/U475/Z (XOR3D0)                      0.04      0.20      66.16 f
  LIN/n535 (net)                 1                   0.00      66.16 f
  LIN/U474/Z (XOR4D0)                      0.06      0.17      66.33 f
  LIN/n533 (net)                 1                   0.00      66.33 f
  LIN/U473/Z (XOR4D0)                      0.06      0.22      66.55 f
  LIN/n532 (net)                 1                   0.00      66.55 f
  LIN/U472/Z (XOR3D0)                      0.04      0.20      66.75 f
  LIN/n530 (net)                 1                   0.00      66.75 f
  LIN/U471/Z (XOR4D0)                      0.06      0.17      66.92 f
  LIN/n528 (net)                 1                   0.00      66.92 f
  LIN/U470/Z (XOR4D0)                      0.06      0.22      67.14 f
  LIN/n527 (net)                 1                   0.00      67.14 f
  LIN/U469/Z (XOR3D0)                      0.04      0.20      67.33 f
  LIN/n525 (net)                 1                   0.00      67.33 f
  LIN/U468/Z (XOR4D0)                      0.06      0.17      67.51 f
  LIN/n523 (net)                 1                   0.00      67.51 f
  LIN/U467/Z (XOR4D0)                      0.06      0.22      67.73 f
  LIN/n522 (net)                 1                   0.00      67.73 f
  LIN/U466/Z (XOR3D0)                      0.04      0.20      67.92 f
  LIN/n520 (net)                 1                   0.00      67.92 f
  LIN/U465/Z (XOR4D0)                      0.06      0.17      68.10 f
  LIN/n518 (net)                 1                   0.00      68.10 f
  LIN/U464/Z (XOR4D0)                      0.06      0.22      68.31 f
  LIN/n517 (net)                 1                   0.00      68.31 f
  LIN/U463/Z (XOR3D0)                      0.04      0.20      68.51 f
  LIN/n515 (net)                 1                   0.00      68.51 f
  LIN/U462/Z (XOR4D0)                      0.06      0.17      68.68 f
  LIN/n513 (net)                 1                   0.00      68.68 f
  LIN/U461/Z (XOR4D0)                      0.06      0.22      68.90 f
  LIN/n512 (net)                 1                   0.00      68.90 f
  LIN/U460/Z (XOR3D0)                      0.04      0.20      69.10 f
  LIN/n510 (net)                 1                   0.00      69.10 f
  LIN/U459/Z (XOR4D0)                      0.06      0.17      69.27 f
  LIN/n508 (net)                 1                   0.00      69.27 f
  LIN/U458/Z (XOR4D0)                      0.06      0.22      69.49 f
  LIN/n507 (net)                 1                   0.00      69.49 f
  LIN/U457/Z (XOR3D0)                      0.04      0.20      69.69 f
  LIN/n505 (net)                 1                   0.00      69.69 f
  LIN/U456/Z (XOR4D0)                      0.06      0.17      69.86 f
  LIN/n503 (net)                 1                   0.00      69.86 f
  LIN/U455/Z (XOR4D0)                      0.06      0.22      70.08 f
  LIN/n502 (net)                 1                   0.00      70.08 f
  LIN/U454/Z (XOR3D0)                      0.04      0.20      70.28 f
  LIN/n500 (net)                 1                   0.00      70.28 f
  LIN/U453/Z (XOR4D0)                      0.06      0.17      70.45 f
  LIN/n498 (net)                 1                   0.00      70.45 f
  LIN/U452/Z (XOR4D0)                      0.06      0.22      70.67 f
  LIN/n497 (net)                 1                   0.00      70.67 f
  LIN/U451/Z (XOR3D0)                      0.04      0.20      70.87 f
  LIN/n495 (net)                 1                   0.00      70.87 f
  LIN/U450/Z (XOR4D0)                      0.06      0.17      71.04 f
  LIN/n493 (net)                 1                   0.00      71.04 f
  LIN/U449/Z (XOR4D0)                      0.06      0.22      71.26 f
  LIN/n492 (net)                 1                   0.00      71.26 f
  LIN/U448/Z (XOR3D0)                      0.04      0.20      71.46 f
  LIN/n490 (net)                 1                   0.00      71.46 f
  LIN/U447/Z (XOR4D0)                      0.06      0.17      71.63 f
  LIN/n488 (net)                 1                   0.00      71.63 f
  LIN/U446/Z (XOR4D0)                      0.06      0.22      71.85 f
  LIN/n487 (net)                 1                   0.00      71.85 f
  LIN/U445/Z (XOR3D0)                      0.04      0.20      72.05 f
  LIN/n485 (net)                 1                   0.00      72.05 f
  LIN/U444/Z (XOR4D0)                      0.06      0.17      72.22 f
  LIN/n483 (net)                 1                   0.00      72.22 f
  LIN/U443/Z (XOR4D0)                      0.06      0.22      72.44 f
  LIN/n482 (net)                 1                   0.00      72.44 f
  LIN/U442/Z (XOR3D0)                      0.04      0.20      72.63 f
  LIN/n480 (net)                 1                   0.00      72.63 f
  LIN/U441/Z (XOR4D0)                      0.06      0.17      72.81 f
  LIN/n478 (net)                 1                   0.00      72.81 f
  LIN/U440/Z (XOR4D0)                      0.06      0.22      73.02 f
  LIN/n477 (net)                 1                   0.00      73.02 f
  LIN/U439/Z (XOR3D0)                      0.04      0.20      73.22 f
  LIN/n475 (net)                 1                   0.00      73.22 f
  LIN/U438/Z (XOR4D0)                      0.06      0.17      73.40 f
  LIN/n473 (net)                 1                   0.00      73.40 f
  LIN/U437/Z (XOR4D0)                      0.06      0.22      73.61 f
  LIN/n472 (net)                 1                   0.00      73.61 f
  LIN/U436/Z (XOR3D0)                      0.04      0.20      73.81 f
  LIN/n470 (net)                 1                   0.00      73.81 f
  LIN/U435/Z (XOR4D0)                      0.06      0.17      73.98 f
  LIN/n468 (net)                 1                   0.00      73.98 f
  LIN/U434/Z (XOR4D0)                      0.06      0.22      74.20 f
  LIN/n467 (net)                 1                   0.00      74.20 f
  LIN/U433/Z (XOR3D0)                      0.04      0.20      74.40 f
  LIN/n465 (net)                 1                   0.00      74.40 f
  LIN/U432/Z (XOR4D0)                      0.06      0.17      74.57 f
  LIN/n463 (net)                 1                   0.00      74.57 f
  LIN/U431/Z (XOR4D0)                      0.06      0.22      74.79 f
  LIN/n462 (net)                 1                   0.00      74.79 f
  LIN/U430/Z (XOR3D0)                      0.04      0.20      74.99 f
  LIN/n460 (net)                 1                   0.00      74.99 f
  LIN/U429/Z (XOR4D0)                      0.06      0.17      75.16 f
  LIN/n458 (net)                 1                   0.00      75.16 f
  LIN/U428/Z (XOR4D0)                      0.06      0.22      75.38 f
  LIN/n457 (net)                 1                   0.00      75.38 f
  LIN/U427/Z (XOR3D0)                      0.04      0.20      75.58 f
  LIN/n455 (net)                 1                   0.00      75.58 f
  LIN/U426/Z (XOR4D0)                      0.06      0.17      75.75 f
  LIN/n453 (net)                 1                   0.00      75.75 f
  LIN/U425/Z (XOR4D0)                      0.06      0.22      75.97 f
  LIN/n452 (net)                 1                   0.00      75.97 f
  LIN/U424/Z (XOR3D0)                      0.04      0.20      76.17 f
  LIN/n450 (net)                 1                   0.00      76.17 f
  LIN/U423/Z (XOR4D0)                      0.06      0.17      76.34 f
  LIN/n448 (net)                 1                   0.00      76.34 f
  LIN/U422/Z (XOR4D0)                      0.06      0.22      76.56 f
  LIN/n447 (net)                 1                   0.00      76.56 f
  LIN/U421/Z (XOR3D0)                      0.04      0.20      76.76 f
  LIN/n445 (net)                 1                   0.00      76.76 f
  LIN/U420/Z (XOR4D0)                      0.06      0.17      76.93 f
  LIN/n443 (net)                 1                   0.00      76.93 f
  LIN/U419/Z (XOR4D0)                      0.06      0.22      77.15 f
  LIN/n442 (net)                 1                   0.00      77.15 f
  LIN/U418/Z (XOR3D0)                      0.04      0.20      77.35 f
  LIN/n440 (net)                 1                   0.00      77.35 f
  LIN/U417/Z (XOR4D0)                      0.06      0.17      77.52 f
  LIN/n438 (net)                 1                   0.00      77.52 f
  LIN/U416/Z (XOR4D0)                      0.06      0.22      77.74 f
  LIN/n437 (net)                 1                   0.00      77.74 f
  LIN/U415/Z (XOR3D0)                      0.04      0.20      77.93 f
  LIN/n435 (net)                 1                   0.00      77.93 f
  LIN/U414/Z (XOR4D0)                      0.06      0.17      78.11 f
  LIN/n433 (net)                 1                   0.00      78.11 f
  LIN/U413/Z (XOR4D0)                      0.06      0.22      78.32 f
  LIN/n432 (net)                 1                   0.00      78.32 f
  LIN/U412/Z (XOR3D0)                      0.04      0.20      78.52 f
  LIN/n430 (net)                 1                   0.00      78.52 f
  LIN/U411/Z (XOR4D0)                      0.06      0.17      78.70 f
  LIN/n428 (net)                 1                   0.00      78.70 f
  LIN/U410/Z (XOR4D0)                      0.06      0.22      78.91 f
  LIN/n427 (net)                 1                   0.00      78.91 f
  LIN/U409/Z (XOR3D0)                      0.04      0.20      79.11 f
  LIN/n425 (net)                 1                   0.00      79.11 f
  LIN/U408/Z (XOR4D0)                      0.06      0.17      79.28 f
  LIN/n423 (net)                 1                   0.00      79.28 f
  LIN/U407/Z (XOR4D0)                      0.06      0.22      79.50 f
  LIN/n422 (net)                 1                   0.00      79.50 f
  LIN/U406/Z (XOR3D0)                      0.04      0.20      79.70 f
  LIN/n420 (net)                 1                   0.00      79.70 f
  LIN/U405/Z (XOR4D0)                      0.06      0.17      79.87 f
  LIN/n418 (net)                 1                   0.00      79.87 f
  LIN/U404/Z (XOR4D0)                      0.06      0.22      80.09 f
  LIN/n417 (net)                 1                   0.00      80.09 f
  LIN/U403/Z (XOR3D0)                      0.04      0.20      80.29 f
  LIN/n415 (net)                 1                   0.00      80.29 f
  LIN/U402/Z (XOR4D0)                      0.06      0.17      80.46 f
  LIN/n413 (net)                 1                   0.00      80.46 f
  LIN/U401/Z (XOR4D0)                      0.06      0.22      80.68 f
  LIN/n412 (net)                 1                   0.00      80.68 f
  LIN/U400/Z (XOR3D0)                      0.04      0.20      80.88 f
  LIN/n410 (net)                 1                   0.00      80.88 f
  LIN/U399/Z (XOR4D0)                      0.06      0.17      81.05 f
  LIN/n408 (net)                 1                   0.00      81.05 f
  LIN/U398/Z (XOR4D0)                      0.06      0.22      81.27 f
  LIN/n407 (net)                 1                   0.00      81.27 f
  LIN/U397/Z (XOR3D0)                      0.04      0.20      81.47 f
  LIN/n405 (net)                 1                   0.00      81.47 f
  LIN/U396/Z (XOR4D0)                      0.06      0.17      81.64 f
  LIN/n403 (net)                 1                   0.00      81.64 f
  LIN/U395/Z (XOR4D0)                      0.06      0.22      81.86 f
  LIN/n402 (net)                 1                   0.00      81.86 f
  LIN/U394/Z (XOR3D0)                      0.04      0.20      82.06 f
  LIN/n400 (net)                 1                   0.00      82.06 f
  LIN/U393/Z (XOR4D0)                      0.06      0.17      82.23 f
  LIN/n398 (net)                 1                   0.00      82.23 f
  LIN/U392/Z (XOR4D0)                      0.06      0.22      82.45 f
  LIN/n397 (net)                 1                   0.00      82.45 f
  LIN/U391/Z (XOR3D0)                      0.04      0.20      82.64 f
  LIN/n395 (net)                 1                   0.00      82.64 f
  LIN/U390/Z (XOR4D0)                      0.06      0.17      82.82 f
  LIN/n393 (net)                 1                   0.00      82.82 f
  LIN/U389/Z (XOR4D0)                      0.06      0.22      83.04 f
  LIN/n392 (net)                 1                   0.00      83.04 f
  LIN/U388/Z (XOR3D0)                      0.04      0.20      83.23 f
  LIN/n390 (net)                 1                   0.00      83.23 f
  LIN/U387/Z (XOR4D0)                      0.06      0.17      83.41 f
  LIN/n388 (net)                 1                   0.00      83.41 f
  LIN/U386/Z (XOR4D0)                      0.06      0.22      83.62 f
  LIN/n387 (net)                 1                   0.00      83.62 f
  LIN/U385/Z (XOR3D0)                      0.04      0.20      83.82 f
  LIN/n385 (net)                 1                   0.00      83.82 f
  LIN/U384/Z (XOR4D0)                      0.06      0.17      84.00 f
  LIN/n383 (net)                 1                   0.00      84.00 f
  LIN/U383/Z (XOR4D0)                      0.06      0.22      84.21 f
  LIN/n382 (net)                 1                   0.00      84.21 f
  LIN/U382/Z (XOR3D0)                      0.04      0.20      84.41 f
  LIN/n380 (net)                 1                   0.00      84.41 f
  LIN/U381/Z (XOR4D0)                      0.06      0.17      84.58 f
  LIN/n378 (net)                 1                   0.00      84.58 f
  LIN/U380/Z (XOR4D0)                      0.06      0.22      84.80 f
  LIN/n377 (net)                 1                   0.00      84.80 f
  LIN/U379/Z (XOR3D0)                      0.04      0.20      85.00 f
  LIN/n375 (net)                 1                   0.00      85.00 f
  LIN/U378/Z (XOR4D0)                      0.06      0.17      85.17 f
  LIN/n373 (net)                 1                   0.00      85.17 f
  LIN/U377/Z (XOR4D0)                      0.06      0.22      85.39 f
  LIN/n372 (net)                 1                   0.00      85.39 f
  LIN/U376/Z (XOR3D0)                      0.04      0.20      85.59 f
  LIN/n370 (net)                 1                   0.00      85.59 f
  LIN/U375/Z (XOR4D0)                      0.06      0.17      85.76 f
  LIN/n368 (net)                 1                   0.00      85.76 f
  LIN/U374/Z (XOR4D0)                      0.06      0.22      85.98 f
  LIN/n367 (net)                 1                   0.00      85.98 f
  LIN/U373/Z (XOR3D0)                      0.04      0.20      86.18 f
  LIN/n365 (net)                 1                   0.00      86.18 f
  LIN/U372/Z (XOR4D0)                      0.06      0.17      86.35 f
  LIN/n363 (net)                 1                   0.00      86.35 f
  LIN/U371/Z (XOR4D0)                      0.06      0.21      86.56 f
  LIN/n361 (net)                 1                   0.00      86.56 f
  LIN/U369/Z (XOR4D0)                      0.03      0.19      86.75 r
  s[11] (net)                    1                   0.00      86.75 r
  s[11] (out)                              0.03      0.00      86.75 r
  data arrival time                                            86.75
  ------------------------------------------------------------------------------------------
  (Path is unconstrained)


1
