 
****************************************
Report : cell
Design : gen_cla_decomposed
Version: K-2015.06-SP5-1
Date   : Mon Apr 18 15:24:29 2016
****************************************

Attributes:
    b - black box (unknown)
    h - hierarchical
    n - noncombinational
    r - removable
    u - contains unmapped logic

Cell                      Reference       Library             Area  Attributes
--------------------------------------------------------------------------------
LIN/U1                    XOR3D0          tcbn65gpluswc   6.120000  
LIN/U2                    XOR4D0          tcbn65gpluswc   9.000000  
LIN/U3                    XOR4D0          tcbn65gpluswc   9.000000  
LIN/U4                    XOR3D0          tcbn65gpluswc   6.120000  
LIN/U5                    XOR4D0          tcbn65gpluswc   9.000000  
LIN/U6                    XOR4D0          tcbn65gpluswc   9.000000  
LIN/U7                    XOR3D0          tcbn65gpluswc   6.120000  
LIN/U8                    XOR4D0          tcbn65gpluswc   9.000000  
LIN/U9                    XOR4D0          tcbn65gpluswc   9.000000  
LIN/U10                   XOR3D0          tcbn65gpluswc   6.120000  
LIN/U11                   XOR4D0          tcbn65gpluswc   9.000000  
LIN/U12                   XOR4D0          tcbn65gpluswc   9.000000  
LIN/U13                   XOR3D0          tcbn65gpluswc   6.120000  
LIN/U14                   XOR4D0          tcbn65gpluswc   9.000000  
LIN/U15                   XOR4D0          tcbn65gpluswc   9.000000  
LIN/U16                   XOR3D0          tcbn65gpluswc   6.120000  
LIN/U17                   XOR4D0          tcbn65gpluswc   9.000000  
LIN/U18                   XOR4D0          tcbn65gpluswc   9.000000  
LIN/U19                   XOR3D0          tcbn65gpluswc   6.120000  
LIN/U20                   XOR4D0          tcbn65gpluswc   9.000000  
LIN/U21                   XOR4D0          tcbn65gpluswc   9.000000  
LIN/U22                   XOR3D0          tcbn65gpluswc   6.120000  
LIN/U23                   XOR4D0          tcbn65gpluswc   9.000000  
LIN/U24                   XOR4D0          tcbn65gpluswc   9.000000  
LIN/U25                   XOR3D0          tcbn65gpluswc   6.120000  
LIN/U26                   XOR4D0          tcbn65gpluswc   9.000000  
LIN/U27                   XOR4D0          tcbn65gpluswc   9.000000  
LIN/U28                   XOR3D0          tcbn65gpluswc   6.120000  
LIN/U29                   XOR4D0          tcbn65gpluswc   9.000000  
LIN/U30                   XOR4D0          tcbn65gpluswc   9.000000  
LIN/U31                   XOR3D0          tcbn65gpluswc   6.120000  
LIN/U32                   XOR4D0          tcbn65gpluswc   9.000000  
LIN/U33                   XOR4D0          tcbn65gpluswc   9.000000  
LIN/U34                   XOR3D0          tcbn65gpluswc   6.120000  
LIN/U35                   XOR4D0          tcbn65gpluswc   9.000000  
LIN/U36                   XOR4D0          tcbn65gpluswc   9.000000  
LIN/U37                   XOR3D0          tcbn65gpluswc   6.120000  
LIN/U38                   XOR4D0          tcbn65gpluswc   9.000000  
LIN/U39                   XOR4D0          tcbn65gpluswc   9.000000  
LIN/U40                   XOR3D0          tcbn65gpluswc   6.120000  
LIN/U41                   XOR4D0          tcbn65gpluswc   9.000000  
LIN/U42                   XOR4D0          tcbn65gpluswc   9.000000  
LIN/U43                   XOR3D0          tcbn65gpluswc   6.120000  
LIN/U44                   XOR4D0          tcbn65gpluswc   9.000000  
LIN/U45                   XOR4D0          tcbn65gpluswc   9.000000  
LIN/U46                   XOR3D0          tcbn65gpluswc   6.120000  
LIN/U47                   XOR4D0          tcbn65gpluswc   9.000000  
LIN/U48                   XOR4D0          tcbn65gpluswc   9.000000  
LIN/U49                   XOR3D0          tcbn65gpluswc   6.120000  
LIN/U50                   XOR4D0          tcbn65gpluswc   9.000000  
LIN/U51                   XOR4D0          tcbn65gpluswc   9.000000  
LIN/U52                   XOR3D0          tcbn65gpluswc   6.120000  
LIN/U53                   XOR4D0          tcbn65gpluswc   9.000000  
LIN/U54                   XOR4D0          tcbn65gpluswc   9.000000  
LIN/U55                   XOR3D0          tcbn65gpluswc   6.120000  
LIN/U56                   XOR4D0          tcbn65gpluswc   9.000000  
LIN/U57                   XOR4D0          tcbn65gpluswc   9.000000  
LIN/U58                   XOR3D0          tcbn65gpluswc   6.120000  
LIN/U59                   XOR4D0          tcbn65gpluswc   9.000000  
LIN/U60                   XOR4D0          tcbn65gpluswc   9.000000  
LIN/U61                   XOR3D0          tcbn65gpluswc   6.120000  
LIN/U62                   XOR4D0          tcbn65gpluswc   9.000000  
LIN/U63                   XOR4D0          tcbn65gpluswc   9.000000  
LIN/U64                   XOR3D0          tcbn65gpluswc   6.120000  
LIN/U65                   XOR4D0          tcbn65gpluswc   9.000000  
LIN/U66                   XOR4D0          tcbn65gpluswc   9.000000  
LIN/U67                   XOR3D0          tcbn65gpluswc   6.120000  
LIN/U68                   XOR4D0          tcbn65gpluswc   9.000000  
LIN/U69                   XOR4D0          tcbn65gpluswc   9.000000  
LIN/U70                   XOR3D0          tcbn65gpluswc   6.120000  
LIN/U71                   XOR4D0          tcbn65gpluswc   9.000000  
LIN/U72                   XOR4D0          tcbn65gpluswc   9.000000  
LIN/U73                   XOR3D0          tcbn65gpluswc   6.120000  
LIN/U74                   XOR4D0          tcbn65gpluswc   9.000000  
LIN/U75                   XOR4D0          tcbn65gpluswc   9.000000  
LIN/U76                   XOR3D0          tcbn65gpluswc   6.120000  
LIN/U77                   XOR4D0          tcbn65gpluswc   9.000000  
LIN/U78                   XOR4D0          tcbn65gpluswc   9.000000  
LIN/U79                   XOR3D0          tcbn65gpluswc   6.120000  
LIN/U80                   XOR4D0          tcbn65gpluswc   9.000000  
LIN/U81                   XOR4D0          tcbn65gpluswc   9.000000  
LIN/U82                   XOR3D0          tcbn65gpluswc   6.120000  
LIN/U83                   XOR4D0          tcbn65gpluswc   9.000000  
LIN/U84                   XOR4D0          tcbn65gpluswc   9.000000  
LIN/U85                   XOR3D0          tcbn65gpluswc   6.120000  
LIN/U86                   XOR4D0          tcbn65gpluswc   9.000000  
LIN/U87                   XOR4D0          tcbn65gpluswc   9.000000  
LIN/U88                   XOR3D0          tcbn65gpluswc   6.120000  
LIN/U89                   XOR4D0          tcbn65gpluswc   9.000000  
LIN/U90                   XOR4D0          tcbn65gpluswc   9.000000  
LIN/U91                   XOR3D0          tcbn65gpluswc   6.120000  
LIN/U92                   XOR4D0          tcbn65gpluswc   9.000000  
LIN/U93                   XOR4D0          tcbn65gpluswc   9.000000  
LIN/U94                   XOR3D0          tcbn65gpluswc   6.120000  
LIN/U95                   XOR4D0          tcbn65gpluswc   9.000000  
LIN/U96                   XOR4D0          tcbn65gpluswc   9.000000  
LIN/U97                   XOR3D0          tcbn65gpluswc   6.120000  
LIN/U98                   XOR4D0          tcbn65gpluswc   9.000000  
LIN/U99                   XOR4D0          tcbn65gpluswc   9.000000  
LIN/U100                  XOR3D0          tcbn65gpluswc   6.120000  
LIN/U101                  XOR4D0          tcbn65gpluswc   9.000000  
LIN/U102                  XOR4D0          tcbn65gpluswc   9.000000  
LIN/U103                  XOR3D0          tcbn65gpluswc   6.120000  
LIN/U104                  XOR4D0          tcbn65gpluswc   9.000000  
LIN/U105                  XOR4D0          tcbn65gpluswc   9.000000  
LIN/U106                  XOR3D0          tcbn65gpluswc   6.120000  
LIN/U107                  XOR4D0          tcbn65gpluswc   9.000000  
LIN/U108                  XOR4D0          tcbn65gpluswc   9.000000  
LIN/U109                  XOR3D0          tcbn65gpluswc   6.120000  
LIN/U110                  XOR4D0          tcbn65gpluswc   9.000000  
LIN/U111                  XOR4D0          tcbn65gpluswc   9.000000  
LIN/U112                  XOR4D0          tcbn65gpluswc   9.000000  
LIN/U113                  XOR4D0          tcbn65gpluswc   9.000000  
LIN/U114                  XOR4D0          tcbn65gpluswc   9.000000  
LIN/U115                  XOR4D0          tcbn65gpluswc   9.000000  
LIN/U116                  XOR4D0          tcbn65gpluswc   9.000000  
LIN/U117                  XOR4D0          tcbn65gpluswc   9.000000  
LIN/U118                  XOR4D0          tcbn65gpluswc   9.000000  
LIN/U119                  XOR4D0          tcbn65gpluswc   9.000000  
LIN/U120                  XOR4D0          tcbn65gpluswc   9.000000  
LIN/U121                  XOR4D0          tcbn65gpluswc   9.000000  
LIN/U122                  XOR4D0          tcbn65gpluswc   9.000000  
LIN/U123                  XOR4D0          tcbn65gpluswc   9.000000  
LIN/U124                  XOR4D0          tcbn65gpluswc   9.000000  
LIN/U125                  XOR4D0          tcbn65gpluswc   9.000000  
LIN/U126                  XOR4D0          tcbn65gpluswc   9.000000  
LIN/U127                  XOR4D0          tcbn65gpluswc   9.000000  
LIN/U128                  XOR4D0          tcbn65gpluswc   9.000000  
LIN/U129                  XOR4D0          tcbn65gpluswc   9.000000  
LIN/U130                  XOR4D0          tcbn65gpluswc   9.000000  
LIN/U131                  XOR4D0          tcbn65gpluswc   9.000000  
LIN/U132                  XOR4D0          tcbn65gpluswc   9.000000  
LIN/U133                  XOR4D0          tcbn65gpluswc   9.000000  
LIN/U134                  XOR4D0          tcbn65gpluswc   9.000000  
LIN/U135                  XOR4D0          tcbn65gpluswc   9.000000  
LIN/U136                  XOR4D0          tcbn65gpluswc   9.000000  
LIN/U137                  XOR4D0          tcbn65gpluswc   9.000000  
LIN/U138                  XOR4D0          tcbn65gpluswc   9.000000  
LIN/U139                  XOR4D0          tcbn65gpluswc   9.000000  
LIN/U140                  XOR4D0          tcbn65gpluswc   9.000000  
LIN/U141                  XOR4D0          tcbn65gpluswc   9.000000  
LIN/U142                  XOR4D0          tcbn65gpluswc   9.000000  
LIN/U143                  XOR4D0          tcbn65gpluswc   9.000000  
LIN/U144                  XOR4D0          tcbn65gpluswc   9.000000  
LIN/U145                  XOR4D0          tcbn65gpluswc   9.000000  
LIN/U146                  XOR4D0          tcbn65gpluswc   9.000000  
LIN/U147                  XOR4D0          tcbn65gpluswc   9.000000  
LIN/U148                  XOR4D0          tcbn65gpluswc   9.000000  
LIN/U149                  XOR4D0          tcbn65gpluswc   9.000000  
LIN/U150                  XOR4D0          tcbn65gpluswc   9.000000  
LIN/U151                  XOR4D0          tcbn65gpluswc   9.000000  
LIN/U152                  XOR4D0          tcbn65gpluswc   9.000000  
LIN/U153                  XOR4D0          tcbn65gpluswc   9.000000  
LIN/U154                  XOR4D0          tcbn65gpluswc   9.000000  
LIN/U155                  XOR4D0          tcbn65gpluswc   9.000000  
LIN/U156                  XOR4D0          tcbn65gpluswc   9.000000  
LIN/U157                  XOR4D0          tcbn65gpluswc   9.000000  
LIN/U158                  XOR4D0          tcbn65gpluswc   9.000000  
LIN/U159                  XOR4D0          tcbn65gpluswc   9.000000  
LIN/U160                  XOR4D0          tcbn65gpluswc   9.000000  
LIN/U161                  XOR4D0          tcbn65gpluswc   9.000000  
LIN/U162                  XOR4D0          tcbn65gpluswc   9.000000  
LIN/U163                  XOR4D0          tcbn65gpluswc   9.000000  
LIN/U164                  XOR4D0          tcbn65gpluswc   9.000000  
LIN/U165                  XOR4D0          tcbn65gpluswc   9.000000  
LIN/U166                  XOR4D0          tcbn65gpluswc   9.000000  
LIN/U167                  XOR4D0          tcbn65gpluswc   9.000000  
LIN/U168                  XOR4D0          tcbn65gpluswc   9.000000  
LIN/U169                  XOR4D0          tcbn65gpluswc   9.000000  
LIN/U170                  XOR4D0          tcbn65gpluswc   9.000000  
LIN/U171                  XOR4D0          tcbn65gpluswc   9.000000  
LIN/U172                  XOR4D0          tcbn65gpluswc   9.000000  
LIN/U173                  XOR4D0          tcbn65gpluswc   9.000000  
LIN/U174                  XOR4D0          tcbn65gpluswc   9.000000  
LIN/U175                  XOR4D0          tcbn65gpluswc   9.000000  
LIN/U176                  XOR4D0          tcbn65gpluswc   9.000000  
LIN/U177                  XOR4D0          tcbn65gpluswc   9.000000  
LIN/U178                  XOR4D0          tcbn65gpluswc   9.000000  
LIN/U179                  XOR4D0          tcbn65gpluswc   9.000000  
LIN/U180                  XOR4D0          tcbn65gpluswc   9.000000  
LIN/U181                  XOR4D0          tcbn65gpluswc   9.000000  
LIN/U182                  XOR4D0          tcbn65gpluswc   9.000000  
LIN/U183                  XOR4D0          tcbn65gpluswc   9.000000  
LIN/U184                  XOR4D0          tcbn65gpluswc   9.000000  
LIN/U185                  XOR3D0          tcbn65gpluswc   6.120000  
LIN/U186                  XOR4D0          tcbn65gpluswc   9.000000  
LIN/U187                  XOR4D0          tcbn65gpluswc   9.000000  
LIN/U188                  XOR3D0          tcbn65gpluswc   6.120000  
LIN/U189                  XOR4D0          tcbn65gpluswc   9.000000  
LIN/U190                  XOR4D0          tcbn65gpluswc   9.000000  
LIN/U191                  XOR3D0          tcbn65gpluswc   6.120000  
LIN/U192                  XOR4D0          tcbn65gpluswc   9.000000  
LIN/U193                  XOR4D0          tcbn65gpluswc   9.000000  
LIN/U194                  XOR3D0          tcbn65gpluswc   6.120000  
LIN/U195                  XOR4D0          tcbn65gpluswc   9.000000  
LIN/U196                  XOR4D0          tcbn65gpluswc   9.000000  
LIN/U197                  XOR3D0          tcbn65gpluswc   6.120000  
LIN/U198                  XOR4D0          tcbn65gpluswc   9.000000  
LIN/U199                  XOR4D0          tcbn65gpluswc   9.000000  
LIN/U200                  XOR3D0          tcbn65gpluswc   6.120000  
LIN/U201                  XOR4D0          tcbn65gpluswc   9.000000  
LIN/U202                  XOR4D0          tcbn65gpluswc   9.000000  
LIN/U203                  XOR3D0          tcbn65gpluswc   6.120000  
LIN/U204                  XOR4D0          tcbn65gpluswc   9.000000  
LIN/U205                  XOR4D0          tcbn65gpluswc   9.000000  
LIN/U206                  XOR3D0          tcbn65gpluswc   6.120000  
LIN/U207                  XOR4D0          tcbn65gpluswc   9.000000  
LIN/U208                  XOR4D0          tcbn65gpluswc   9.000000  
LIN/U209                  XOR3D0          tcbn65gpluswc   6.120000  
LIN/U210                  XOR4D0          tcbn65gpluswc   9.000000  
LIN/U211                  XOR4D0          tcbn65gpluswc   9.000000  
LIN/U212                  XOR3D0          tcbn65gpluswc   6.120000  
LIN/U213                  XOR4D0          tcbn65gpluswc   9.000000  
LIN/U214                  XOR4D0          tcbn65gpluswc   9.000000  
LIN/U215                  XOR3D0          tcbn65gpluswc   6.120000  
LIN/U216                  XOR4D0          tcbn65gpluswc   9.000000  
LIN/U217                  XOR4D0          tcbn65gpluswc   9.000000  
LIN/U218                  XOR3D0          tcbn65gpluswc   6.120000  
LIN/U219                  XOR4D0          tcbn65gpluswc   9.000000  
LIN/U220                  XOR4D0          tcbn65gpluswc   9.000000  
LIN/U221                  XOR3D0          tcbn65gpluswc   6.120000  
LIN/U222                  XOR4D0          tcbn65gpluswc   9.000000  
LIN/U223                  XOR4D0          tcbn65gpluswc   9.000000  
LIN/U224                  XOR3D0          tcbn65gpluswc   6.120000  
LIN/U225                  XOR4D0          tcbn65gpluswc   9.000000  
LIN/U226                  XOR4D0          tcbn65gpluswc   9.000000  
LIN/U227                  XOR3D0          tcbn65gpluswc   6.120000  
LIN/U228                  XOR4D0          tcbn65gpluswc   9.000000  
LIN/U229                  XOR4D0          tcbn65gpluswc   9.000000  
LIN/U230                  XOR3D0          tcbn65gpluswc   6.120000  
LIN/U231                  XOR4D0          tcbn65gpluswc   9.000000  
LIN/U232                  XOR4D0          tcbn65gpluswc   9.000000  
LIN/U233                  XOR3D0          tcbn65gpluswc   6.120000  
LIN/U234                  XOR4D0          tcbn65gpluswc   9.000000  
LIN/U235                  XOR4D0          tcbn65gpluswc   9.000000  
LIN/U236                  XOR3D0          tcbn65gpluswc   6.120000  
LIN/U237                  XOR3D0          tcbn65gpluswc   6.120000  
LIN/U238                  XOR3D0          tcbn65gpluswc   6.120000  
LIN/U239                  XOR4D0          tcbn65gpluswc   9.000000  
LIN/U240                  XOR4D0          tcbn65gpluswc   9.000000  
LIN/U241                  XOR4D0          tcbn65gpluswc   9.000000  
LIN/U242                  XOR4D0          tcbn65gpluswc   9.000000  
LIN/U243                  XOR4D0          tcbn65gpluswc   9.000000  
LIN/U244                  XOR4D0          tcbn65gpluswc   9.000000  
LIN/U245                  XOR4D0          tcbn65gpluswc   9.000000  
LIN/U246                  XOR4D0          tcbn65gpluswc   9.000000  
LIN/U247                  XOR4D0          tcbn65gpluswc   9.000000  
LIN/U248                  XOR4D0          tcbn65gpluswc   9.000000  
LIN/U249                  XOR4D0          tcbn65gpluswc   9.000000  
LIN/U250                  XOR4D0          tcbn65gpluswc   9.000000  
LIN/U251                  XOR4D0          tcbn65gpluswc   9.000000  
LIN/U252                  XOR4D0          tcbn65gpluswc   9.000000  
LIN/U253                  XOR4D0          tcbn65gpluswc   9.000000  
LIN/U254                  XOR4D0          tcbn65gpluswc   9.000000  
LIN/U255                  XOR4D0          tcbn65gpluswc   9.000000  
LIN/U256                  XOR4D0          tcbn65gpluswc   9.000000  
LIN/U257                  XOR4D0          tcbn65gpluswc   9.000000  
LIN/U258                  XOR4D0          tcbn65gpluswc   9.000000  
LIN/U259                  XOR4D0          tcbn65gpluswc   9.000000  
LIN/U260                  XOR4D0          tcbn65gpluswc   9.000000  
LIN/U261                  XOR4D0          tcbn65gpluswc   9.000000  
LIN/U262                  XOR4D0          tcbn65gpluswc   9.000000  
LIN/U263                  XOR4D0          tcbn65gpluswc   9.000000  
LIN/U264                  XOR4D0          tcbn65gpluswc   9.000000  
LIN/U265                  XOR4D0          tcbn65gpluswc   9.000000  
LIN/U266                  XOR4D0          tcbn65gpluswc   9.000000  
LIN/U267                  XOR4D0          tcbn65gpluswc   9.000000  
LIN/U268                  XOR4D0          tcbn65gpluswc   9.000000  
LIN/U269                  XOR4D0          tcbn65gpluswc   9.000000  
LIN/U270                  XOR4D0          tcbn65gpluswc   9.000000  
LIN/U271                  XOR4D0          tcbn65gpluswc   9.000000  
LIN/U272                  XOR4D0          tcbn65gpluswc   9.000000  
LIN/U273                  XOR4D0          tcbn65gpluswc   9.000000  
LIN/U274                  XOR4D0          tcbn65gpluswc   9.000000  
LIN/U275                  XOR4D0          tcbn65gpluswc   9.000000  
LIN/U276                  XOR4D0          tcbn65gpluswc   9.000000  
LIN/U277                  XOR4D0          tcbn65gpluswc   9.000000  
LIN/U278                  XOR4D0          tcbn65gpluswc   9.000000  
LIN/U279                  XOR3D0          tcbn65gpluswc   6.120000  
LIN/U280                  XOR4D0          tcbn65gpluswc   9.000000  
LIN/U281                  XOR4D0          tcbn65gpluswc   9.000000  
LIN/U282                  XOR3D0          tcbn65gpluswc   6.120000  
LIN/U283                  XOR4D0          tcbn65gpluswc   9.000000  
LIN/U284                  XOR4D0          tcbn65gpluswc   9.000000  
LIN/U285                  XOR3D0          tcbn65gpluswc   6.120000  
LIN/U286                  XOR4D0          tcbn65gpluswc   9.000000  
LIN/U287                  XOR4D0          tcbn65gpluswc   9.000000  
LIN/U288                  XOR3D0          tcbn65gpluswc   6.120000  
LIN/U289                  XOR4D0          tcbn65gpluswc   9.000000  
LIN/U290                  XOR4D0          tcbn65gpluswc   9.000000  
LIN/U291                  XOR3D0          tcbn65gpluswc   6.120000  
LIN/U292                  XOR4D0          tcbn65gpluswc   9.000000  
LIN/U293                  XOR4D0          tcbn65gpluswc   9.000000  
LIN/U294                  XOR3D0          tcbn65gpluswc   6.120000  
LIN/U295                  XOR4D0          tcbn65gpluswc   9.000000  
LIN/U296                  XOR4D0          tcbn65gpluswc   9.000000  
LIN/U297                  XOR3D0          tcbn65gpluswc   6.120000  
LIN/U298                  XOR4D0          tcbn65gpluswc   9.000000  
LIN/U299                  XOR4D0          tcbn65gpluswc   9.000000  
LIN/U300                  XOR3D0          tcbn65gpluswc   6.120000  
LIN/U301                  XOR3D0          tcbn65gpluswc   6.120000  
LIN/U302                  XOR3D0          tcbn65gpluswc   6.120000  
LIN/U303                  XOR4D0          tcbn65gpluswc   9.000000  
LIN/U304                  XOR4D0          tcbn65gpluswc   9.000000  
LIN/U305                  XOR4D0          tcbn65gpluswc   9.000000  
LIN/U306                  XOR4D0          tcbn65gpluswc   9.000000  
LIN/U307                  XOR4D0          tcbn65gpluswc   9.000000  
LIN/U308                  XOR4D0          tcbn65gpluswc   9.000000  
LIN/U309                  XOR4D0          tcbn65gpluswc   9.000000  
LIN/U310                  XOR4D0          tcbn65gpluswc   9.000000  
LIN/U311                  XOR4D0          tcbn65gpluswc   9.000000  
LIN/U312                  XOR4D0          tcbn65gpluswc   9.000000  
LIN/U313                  XOR4D0          tcbn65gpluswc   9.000000  
LIN/U314                  XOR4D0          tcbn65gpluswc   9.000000  
LIN/U315                  XOR4D0          tcbn65gpluswc   9.000000  
LIN/U316                  XOR4D0          tcbn65gpluswc   9.000000  
LIN/U317                  XOR4D0          tcbn65gpluswc   9.000000  
LIN/U318                  XOR4D0          tcbn65gpluswc   9.000000  
LIN/U319                  XOR4D0          tcbn65gpluswc   9.000000  
LIN/U320                  XOR4D0          tcbn65gpluswc   9.000000  
LIN/U321                  XOR4D0          tcbn65gpluswc   9.000000  
LIN/U322                  XOR3D0          tcbn65gpluswc   6.120000  
LIN/U323                  XOR4D0          tcbn65gpluswc   9.000000  
LIN/U324                  XOR4D0          tcbn65gpluswc   9.000000  
LIN/U325                  XOR3D0          tcbn65gpluswc   6.120000  
LIN/U326                  XOR4D0          tcbn65gpluswc   9.000000  
LIN/U327                  XOR4D0          tcbn65gpluswc   9.000000  
LIN/U328                  XOR3D0          tcbn65gpluswc   6.120000  
LIN/U329                  XOR4D0          tcbn65gpluswc   9.000000  
LIN/U330                  XOR4D0          tcbn65gpluswc   9.000000  
LIN/U331                  XOR3D0          tcbn65gpluswc   6.120000  
LIN/U332                  XOR4D0          tcbn65gpluswc   9.000000  
LIN/U333                  XOR4D0          tcbn65gpluswc   9.000000  
LIN/U334                  XOR3D0          tcbn65gpluswc   6.120000  
LIN/U335                  XOR4D0          tcbn65gpluswc   9.000000  
LIN/U336                  XOR4D0          tcbn65gpluswc   9.000000  
LIN/U337                  XOR4D0          tcbn65gpluswc   9.000000  
LIN/U338                  XOR4D0          tcbn65gpluswc   9.000000  
LIN/U339                  XOR4D0          tcbn65gpluswc   9.000000  
LIN/U340                  XOR4D0          tcbn65gpluswc   9.000000  
LIN/U341                  XOR4D0          tcbn65gpluswc   9.000000  
LIN/U342                  XOR4D0          tcbn65gpluswc   9.000000  
LIN/U343                  XOR4D0          tcbn65gpluswc   9.000000  
LIN/U344                  XOR4D0          tcbn65gpluswc   9.000000  
LIN/U345                  XOR4D0          tcbn65gpluswc   9.000000  
LIN/U346                  XOR3D0          tcbn65gpluswc   6.120000  
LIN/U347                  XOR4D0          tcbn65gpluswc   9.000000  
LIN/U348                  XOR4D0          tcbn65gpluswc   9.000000  
LIN/U349                  XOR3D0          tcbn65gpluswc   6.120000  
LIN/U350                  XOR3D0          tcbn65gpluswc   6.120000  
LIN/U351                  XOR3D0          tcbn65gpluswc   6.120000  
LIN/U352                  XOR4D0          tcbn65gpluswc   9.000000  
LIN/U353                  XOR4D0          tcbn65gpluswc   9.000000  
LIN/U354                  XOR4D0          tcbn65gpluswc   9.000000  
LIN/U355                  XOR4D0          tcbn65gpluswc   9.000000  
LIN/U356                  XOR4D0          tcbn65gpluswc   9.000000  
LIN/U357                  XOR4D0          tcbn65gpluswc   9.000000  
LIN/U358                  XOR3D0          tcbn65gpluswc   6.120000  
LIN/U359                  XOR3D0          tcbn65gpluswc   6.120000  
LIN/U360                  XOR4D0          tcbn65gpluswc   9.000000  
LIN/U361                  XOR4D0          tcbn65gpluswc   9.000000  
LIN/U362                  XOR4D0          tcbn65gpluswc   9.000000  
LIN/U363                  XOR3D0          tcbn65gpluswc   6.120000  
LIN/U364                  XOR4D0          tcbn65gpluswc   9.000000  
LIN/U365                  XOR4D0          tcbn65gpluswc   9.000000  
LIN/U366                  XOR3D0          tcbn65gpluswc   6.120000  
LIN/U367                  XOR3D0          tcbn65gpluswc   6.120000  
LIN/U368                  XOR3D0          tcbn65gpluswc   6.120000  
LIN/U369                  XOR2D0          tcbn65gpluswc   3.600000  
NLIN/U1                   AN2D0           tcbn65gpluswc   2.160000  
NLIN/U2                   AN2D0           tcbn65gpluswc   2.160000  
NLIN/U3                   AN2D0           tcbn65gpluswc   2.160000  
NLIN/U4                   AN2D0           tcbn65gpluswc   2.160000  
NLIN/U5                   AN2D0           tcbn65gpluswc   2.160000  
NLIN/U6                   AN2D0           tcbn65gpluswc   2.160000  
NLIN/U7                   AN2D0           tcbn65gpluswc   2.160000  
NLIN/U8                   AN2D0           tcbn65gpluswc   2.160000  
NLIN/U9                   AN2D0           tcbn65gpluswc   2.160000  
NLIN/U10                  AN2D0           tcbn65gpluswc   2.160000  
NLIN/U11                  AN2D0           tcbn65gpluswc   2.160000  
NLIN/U12                  AN2D0           tcbn65gpluswc   2.160000  
NLIN/U13                  AN2D0           tcbn65gpluswc   2.160000  
NLIN/U14                  AN2D0           tcbn65gpluswc   2.160000  
NLIN/U15                  AN2D0           tcbn65gpluswc   2.160000  
NLIN/U16                  AN2D0           tcbn65gpluswc   2.160000  
NLIN/U17                  AN2D0           tcbn65gpluswc   2.160000  
NLIN/U18                  AN2D0           tcbn65gpluswc   2.160000  
NLIN/U19                  AN2D0           tcbn65gpluswc   2.160000  
NLIN/U20                  AN2D0           tcbn65gpluswc   2.160000  
NLIN/U21                  AN2D0           tcbn65gpluswc   2.160000  
NLIN/U22                  AN2D0           tcbn65gpluswc   2.160000  
NLIN/U23                  AN2D0           tcbn65gpluswc   2.160000  
NLIN/U24                  AN2D0           tcbn65gpluswc   2.160000  
NLIN/U25                  AN2D0           tcbn65gpluswc   2.160000  
NLIN/U26                  AN2D0           tcbn65gpluswc   2.160000  
NLIN/U27                  AN2D0           tcbn65gpluswc   2.160000  
NLIN/U28                  AN2D0           tcbn65gpluswc   2.160000  
NLIN/U29                  AN2D0           tcbn65gpluswc   2.160000  
NLIN/U30                  AN2D0           tcbn65gpluswc   2.160000  
NLIN/U31                  AN2D0           tcbn65gpluswc   2.160000  
NLIN/U32                  AN2D0           tcbn65gpluswc   2.160000  
NLIN/U33                  AN2D0           tcbn65gpluswc   2.160000  
NLIN/U34                  AN2D0           tcbn65gpluswc   2.160000  
NLIN/U35                  AN2D0           tcbn65gpluswc   2.160000  
NLIN/U36                  AN2D0           tcbn65gpluswc   2.160000  
NLIN/U37                  AN2D0           tcbn65gpluswc   2.160000  
NLIN/U38                  AN2D0           tcbn65gpluswc   2.160000  
NLIN/U39                  AN2D0           tcbn65gpluswc   2.160000  
NLIN/U40                  AN2D0           tcbn65gpluswc   2.160000  
NLIN/U41                  AN2D0           tcbn65gpluswc   2.160000  
NLIN/U42                  AN2D0           tcbn65gpluswc   2.160000  
NLIN/U43                  AN2D0           tcbn65gpluswc   2.160000  
NLIN/U44                  AN2D0           tcbn65gpluswc   2.160000  
NLIN/U45                  AN2D0           tcbn65gpluswc   2.160000  
NLIN/U46                  AN2D0           tcbn65gpluswc   2.160000  
NLIN/U47                  AN2D0           tcbn65gpluswc   2.160000  
NLIN/U48                  AN2D0           tcbn65gpluswc   2.160000  
NLIN/U49                  AN2D0           tcbn65gpluswc   2.160000  
NLIN/U50                  AN2D0           tcbn65gpluswc   2.160000  
NLIN/U51                  AN2D0           tcbn65gpluswc   2.160000  
NLIN/U52                  AN2D0           tcbn65gpluswc   2.160000  
NLIN/U53                  AN2D0           tcbn65gpluswc   2.160000  
NLIN/U54                  AN2D0           tcbn65gpluswc   2.160000  
NLIN/U55                  AN2D0           tcbn65gpluswc   2.160000  
NLIN/U56                  AN2D0           tcbn65gpluswc   2.160000  
NLIN/U57                  AN2D0           tcbn65gpluswc   2.160000  
NLIN/U58                  AN2D0           tcbn65gpluswc   2.160000  
NLIN/U59                  AN2D0           tcbn65gpluswc   2.160000  
NLIN/U60                  AN2D0           tcbn65gpluswc   2.160000  
NLIN/U61                  AN2D0           tcbn65gpluswc   2.160000  
NLIN/U62                  AN2D0           tcbn65gpluswc   2.160000  
NLIN/U63                  AN2D0           tcbn65gpluswc   2.160000  
NLIN/U64                  AN2D0           tcbn65gpluswc   2.160000  
NLIN/U65                  AN2D0           tcbn65gpluswc   2.160000  
NLIN/U66                  AN2D0           tcbn65gpluswc   2.160000  
NLIN/U67                  AN2D0           tcbn65gpluswc   2.160000  
NLIN/U68                  AN2D0           tcbn65gpluswc   2.160000  
NLIN/U69                  AN2D0           tcbn65gpluswc   2.160000  
NLIN/U70                  AN2D0           tcbn65gpluswc   2.160000  
NLIN/U71                  AN2D0           tcbn65gpluswc   2.160000  
NLIN/U72                  AN2D0           tcbn65gpluswc   2.160000  
NLIN/U73                  AN2D0           tcbn65gpluswc   2.160000  
NLIN/U74                  AN2D0           tcbn65gpluswc   2.160000  
NLIN/U75                  AN2D0           tcbn65gpluswc   2.160000  
NLIN/U76                  AN2D0           tcbn65gpluswc   2.160000  
NLIN/U77                  AN2D0           tcbn65gpluswc   2.160000  
NLIN/U78                  AN2D0           tcbn65gpluswc   2.160000  
NLIN/U79                  AN2D0           tcbn65gpluswc   2.160000  
NLIN/U80                  AN2D0           tcbn65gpluswc   2.160000  
NLIN/U81                  AN2D0           tcbn65gpluswc   2.160000  
NLIN/U82                  AN2D0           tcbn65gpluswc   2.160000  
NLIN/U83                  AN2D0           tcbn65gpluswc   2.160000  
NLIN/U84                  AN2D0           tcbn65gpluswc   2.160000  
NLIN/U85                  AN2D0           tcbn65gpluswc   2.160000  
NLIN/U86                  AN2D0           tcbn65gpluswc   2.160000  
NLIN/U87                  AN2D0           tcbn65gpluswc   2.160000  
NLIN/U88                  AN2D0           tcbn65gpluswc   2.160000  
NLIN/U89                  AN2D0           tcbn65gpluswc   2.160000  
NLIN/U90                  AN2D0           tcbn65gpluswc   2.160000  
NLIN/U91                  AN2D0           tcbn65gpluswc   2.160000  
NLIN/U92                  AN2D0           tcbn65gpluswc   2.160000  
NLIN/U93                  AN2D0           tcbn65gpluswc   2.160000  
NLIN/U94                  AN2D0           tcbn65gpluswc   2.160000  
NLIN/U95                  AN2D0           tcbn65gpluswc   2.160000  
NLIN/U96                  AN2D0           tcbn65gpluswc   2.160000  
NLIN/U97                  AN2D0           tcbn65gpluswc   2.160000  
NLIN/U98                  AN2D0           tcbn65gpluswc   2.160000  
NLIN/U99                  AN2D0           tcbn65gpluswc   2.160000  
NLIN/U100                 AN2D0           tcbn65gpluswc   2.160000  
NLIN/U101                 AN2D0           tcbn65gpluswc   2.160000  
NLIN/U102                 AN2D0           tcbn65gpluswc   2.160000  
NLIN/U103                 AN2D0           tcbn65gpluswc   2.160000  
NLIN/U104                 AN2D0           tcbn65gpluswc   2.160000  
NLIN/U105                 AN2D0           tcbn65gpluswc   2.160000  
NLIN/U106                 AN2D0           tcbn65gpluswc   2.160000  
NLIN/U107                 AN2D0           tcbn65gpluswc   2.160000  
NLIN/U108                 AN2D0           tcbn65gpluswc   2.160000  
NLIN/U109                 AN2D0           tcbn65gpluswc   2.160000  
NLIN/U110                 AN2D0           tcbn65gpluswc   2.160000  
NLIN/U111                 AN2D0           tcbn65gpluswc   2.160000  
NLIN/U112                 AN2D0           tcbn65gpluswc   2.160000  
NLIN/U113                 AN2D0           tcbn65gpluswc   2.160000  
NLIN/U114                 AN2D0           tcbn65gpluswc   2.160000  
NLIN/U115                 AN2D0           tcbn65gpluswc   2.160000  
NLIN/U116                 AN2D0           tcbn65gpluswc   2.160000  
NLIN/U117                 AN2D0           tcbn65gpluswc   2.160000  
NLIN/U118                 AN2D0           tcbn65gpluswc   2.160000  
NLIN/U119                 AN2D0           tcbn65gpluswc   2.160000  
NLIN/U120                 AN2D0           tcbn65gpluswc   2.160000  
NLIN/U121                 AN2D0           tcbn65gpluswc   2.160000  
NLIN/U122                 AN2D0           tcbn65gpluswc   2.160000  
NLIN/U123                 AN2D0           tcbn65gpluswc   2.160000  
NLIN/U124                 AN2D0           tcbn65gpluswc   2.160000  
NLIN/U125                 AN2D0           tcbn65gpluswc   2.160000  
NLIN/U126                 AN2D0           tcbn65gpluswc   2.160000  
NLIN/U127                 AN2D0           tcbn65gpluswc   2.160000  
NLIN/U128                 AN2D0           tcbn65gpluswc   2.160000  
NLIN/U129                 AN2D0           tcbn65gpluswc   2.160000  
NLIN/U130                 AN2D0           tcbn65gpluswc   2.160000  
NLIN/U131                 AN2D0           tcbn65gpluswc   2.160000  
NLIN/U132                 AN2D0           tcbn65gpluswc   2.160000  
NLIN/U133                 AN2D0           tcbn65gpluswc   2.160000  
NLIN/U134                 AN2D0           tcbn65gpluswc   2.160000  
NLIN/U135                 AN2D0           tcbn65gpluswc   2.160000  
NLIN/U136                 AN2D0           tcbn65gpluswc   2.160000  
NLIN/U137                 AN2D0           tcbn65gpluswc   2.160000  
NLIN/U138                 AN2D0           tcbn65gpluswc   2.160000  
NLIN/U139                 AN2D0           tcbn65gpluswc   2.160000  
NLIN/U140                 AN2D0           tcbn65gpluswc   2.160000  
NLIN/U141                 AN2D0           tcbn65gpluswc   2.160000  
NLIN/U142                 AN2D0           tcbn65gpluswc   2.160000  
NLIN/U143                 AN2D0           tcbn65gpluswc   2.160000  
NLIN/U144                 AN2D0           tcbn65gpluswc   2.160000  
NLIN/U145                 AN2D0           tcbn65gpluswc   2.160000  
NLIN/U146                 AN2D0           tcbn65gpluswc   2.160000  
NLIN/U147                 AN2D0           tcbn65gpluswc   2.160000  
NLIN/U148                 AN2D0           tcbn65gpluswc   2.160000  
NLIN/U149                 AN2D0           tcbn65gpluswc   2.160000  
NLIN/U150                 AN2D0           tcbn65gpluswc   2.160000  
NLIN/U151                 AN2D0           tcbn65gpluswc   2.160000  
NLIN/U152                 AN2D0           tcbn65gpluswc   2.160000  
NLIN/U153                 AN2D0           tcbn65gpluswc   2.160000  
NLIN/U154                 AN2D0           tcbn65gpluswc   2.160000  
NLIN/U155                 AN2D0           tcbn65gpluswc   2.160000  
NLIN/U156                 AN2D0           tcbn65gpluswc   2.160000  
NLIN/U157                 AN2D0           tcbn65gpluswc   2.160000  
NLIN/U158                 AN2D0           tcbn65gpluswc   2.160000  
NLIN/U159                 AN2D0           tcbn65gpluswc   2.160000  
NLIN/U160                 AN2D0           tcbn65gpluswc   2.160000  
NLIN/U161                 AN2D0           tcbn65gpluswc   2.160000  
NLIN/U162                 AN2D0           tcbn65gpluswc   2.160000  
NLIN/U163                 AN2D0           tcbn65gpluswc   2.160000  
NLIN/U164                 AN2D0           tcbn65gpluswc   2.160000  
NLIN/U165                 AN2D0           tcbn65gpluswc   2.160000  
NLIN/U166                 AN2D0           tcbn65gpluswc   2.160000  
NLIN/U167                 AN2D0           tcbn65gpluswc   2.160000  
NLIN/U168                 AN2D0           tcbn65gpluswc   2.160000  
NLIN/U169                 AN2D0           tcbn65gpluswc   2.160000  
NLIN/U170                 AN2D0           tcbn65gpluswc   2.160000  
NLIN/U171                 AN2D0           tcbn65gpluswc   2.160000  
NLIN/U172                 AN2D0           tcbn65gpluswc   2.160000  
NLIN/U173                 AN2D0           tcbn65gpluswc   2.160000  
NLIN/U174                 AN2D0           tcbn65gpluswc   2.160000  
NLIN/U175                 AN2D0           tcbn65gpluswc   2.160000  
NLIN/U176                 AN2D0           tcbn65gpluswc   2.160000  
NLIN/U177                 AN2D0           tcbn65gpluswc   2.160000  
NLIN/U178                 AN2D0           tcbn65gpluswc   2.160000  
NLIN/U179                 AN2D0           tcbn65gpluswc   2.160000  
NLIN/U180                 AN2D0           tcbn65gpluswc   2.160000  
NLIN/U181                 AN2D0           tcbn65gpluswc   2.160000  
NLIN/U182                 AN2D0           tcbn65gpluswc   2.160000  
NLIN/U183                 AN2D0           tcbn65gpluswc   2.160000  
NLIN/U184                 AN2D0           tcbn65gpluswc   2.160000  
NLIN/U185                 AN2D0           tcbn65gpluswc   2.160000  
NLIN/U186                 AN2D0           tcbn65gpluswc   2.160000  
NLIN/U187                 AN2D0           tcbn65gpluswc   2.160000  
NLIN/U188                 AN2D0           tcbn65gpluswc   2.160000  
NLIN/U189                 AN2D0           tcbn65gpluswc   2.160000  
NLIN/U190                 AN2D0           tcbn65gpluswc   2.160000  
NLIN/U191                 AN2D0           tcbn65gpluswc   2.160000  
NLIN/U192                 AN2D0           tcbn65gpluswc   2.160000  
NLIN/U193                 AN2D0           tcbn65gpluswc   2.160000  
NLIN/U194                 AN2D0           tcbn65gpluswc   2.160000  
NLIN/U195                 AN2D0           tcbn65gpluswc   2.160000  
NLIN/U196                 AN2D0           tcbn65gpluswc   2.160000  
NLIN/U197                 AN2D0           tcbn65gpluswc   2.160000  
NLIN/U198                 AN2D0           tcbn65gpluswc   2.160000  
NLIN/U199                 AN2D0           tcbn65gpluswc   2.160000  
NLIN/U200                 AN2D0           tcbn65gpluswc   2.160000  
NLIN/U201                 AN2D0           tcbn65gpluswc   2.160000  
NLIN/U202                 AN2D0           tcbn65gpluswc   2.160000  
NLIN/U203                 AN2D0           tcbn65gpluswc   2.160000  
NLIN/U204                 AN2D0           tcbn65gpluswc   2.160000  
NLIN/U205                 AN2D0           tcbn65gpluswc   2.160000  
NLIN/U206                 AN2D0           tcbn65gpluswc   2.160000  
NLIN/U207                 AN2D0           tcbn65gpluswc   2.160000  
NLIN/U208                 AN2D0           tcbn65gpluswc   2.160000  
NLIN/U209                 AN2D0           tcbn65gpluswc   2.160000  
NLIN/U210                 AN2D0           tcbn65gpluswc   2.160000  
NLIN/U211                 AN2D0           tcbn65gpluswc   2.160000  
NLIN/U212                 AN2D0           tcbn65gpluswc   2.160000  
NLIN/U213                 AN2D0           tcbn65gpluswc   2.160000  
NLIN/U214                 AN2D0           tcbn65gpluswc   2.160000  
NLIN/U215                 AN2D0           tcbn65gpluswc   2.160000  
NLIN/U216                 AN2D0           tcbn65gpluswc   2.160000  
NLIN/U217                 AN2D0           tcbn65gpluswc   2.160000  
NLIN/U218                 AN2D0           tcbn65gpluswc   2.160000  
NLIN/U219                 AN2D0           tcbn65gpluswc   2.160000  
NLIN/U220                 AN2D0           tcbn65gpluswc   2.160000  
NLIN/U221                 AN2D0           tcbn65gpluswc   2.160000  
NLIN/U222                 AN2D0           tcbn65gpluswc   2.160000  
NLIN/U223                 AN2D0           tcbn65gpluswc   2.160000  
NLIN/U224                 AN2D0           tcbn65gpluswc   2.160000  
NLIN/U225                 AN2D0           tcbn65gpluswc   2.160000  
NLIN/U226                 AN2D0           tcbn65gpluswc   2.160000  
NLIN/U227                 AN2D0           tcbn65gpluswc   2.160000  
NLIN/U228                 AN2D0           tcbn65gpluswc   2.160000  
NLIN/U229                 AN2D0           tcbn65gpluswc   2.160000  
NLIN/U230                 AN2D0           tcbn65gpluswc   2.160000  
NLIN/U231                 AN2D0           tcbn65gpluswc   2.160000  
NLIN/U232                 AN2D0           tcbn65gpluswc   2.160000  
NLIN/U233                 AN2D0           tcbn65gpluswc   2.160000  
NLIN/U234                 AN2D0           tcbn65gpluswc   2.160000  
NLIN/U235                 AN2D0           tcbn65gpluswc   2.160000  
NLIN/U236                 AN2D0           tcbn65gpluswc   2.160000  
NLIN/U237                 AN2D0           tcbn65gpluswc   2.160000  
NLIN/U238                 AN2D0           tcbn65gpluswc   2.160000  
NLIN/U239                 AN2D0           tcbn65gpluswc   2.160000  
NLIN/U240                 AN2D0           tcbn65gpluswc   2.160000  
NLIN/U241                 AN2D0           tcbn65gpluswc   2.160000  
NLIN/U242                 AN2D0           tcbn65gpluswc   2.160000  
NLIN/U243                 AN2D0           tcbn65gpluswc   2.160000  
NLIN/U244                 AN2D0           tcbn65gpluswc   2.160000  
NLIN/U245                 AN2D0           tcbn65gpluswc   2.160000  
NLIN/U246                 AN2D0           tcbn65gpluswc   2.160000  
NLIN/U247                 AN2D0           tcbn65gpluswc   2.160000  
NLIN/U248                 AN2D0           tcbn65gpluswc   2.160000  
NLIN/U249                 AN2D0           tcbn65gpluswc   2.160000  
NLIN/U250                 AN2D0           tcbn65gpluswc   2.160000  
NLIN/U251                 AN2D0           tcbn65gpluswc   2.160000  
NLIN/U252                 AN2D0           tcbn65gpluswc   2.160000  
NLIN/U253                 AN2D0           tcbn65gpluswc   2.160000  
NLIN/U254                 AN2D0           tcbn65gpluswc   2.160000  
NLIN/U255                 AN2D0           tcbn65gpluswc   2.160000  
NLIN/U256                 AN2D0           tcbn65gpluswc   2.160000  
NLIN/U257                 AN2D0           tcbn65gpluswc   2.160000  
NLIN/U258                 AN2D0           tcbn65gpluswc   2.160000  
NLIN/U259                 AN2D0           tcbn65gpluswc   2.160000  
NLIN/U260                 AN2D0           tcbn65gpluswc   2.160000  
NLIN/U261                 AN2D0           tcbn65gpluswc   2.160000  
NLIN/U262                 AN2D0           tcbn65gpluswc   2.160000  
NLIN/U263                 AN2D0           tcbn65gpluswc   2.160000  
NLIN/U264                 AN2D0           tcbn65gpluswc   2.160000  
NLIN/U265                 AN2D0           tcbn65gpluswc   2.160000  
NLIN/U266                 AN2D0           tcbn65gpluswc   2.160000  
NLIN/U267                 AN2D0           tcbn65gpluswc   2.160000  
NLIN/U268                 AN2D0           tcbn65gpluswc   2.160000  
NLIN/U269                 AN2D0           tcbn65gpluswc   2.160000  
NLIN/U270                 AN2D0           tcbn65gpluswc   2.160000  
NLIN/U271                 AN2D0           tcbn65gpluswc   2.160000  
NLIN/U272                 AN2D0           tcbn65gpluswc   2.160000  
NLIN/U273                 AN2D0           tcbn65gpluswc   2.160000  
NLIN/U274                 AN2D0           tcbn65gpluswc   2.160000  
NLIN/U275                 AN2D0           tcbn65gpluswc   2.160000  
NLIN/U276                 AN2D0           tcbn65gpluswc   2.160000  
NLIN/U277                 AN2D0           tcbn65gpluswc   2.160000  
NLIN/U278                 AN2D0           tcbn65gpluswc   2.160000  
NLIN/U279                 AN2D0           tcbn65gpluswc   2.160000  
NLIN/U280                 AN2D0           tcbn65gpluswc   2.160000  
NLIN/U281                 AN2D0           tcbn65gpluswc   2.160000  
NLIN/U282                 AN2D0           tcbn65gpluswc   2.160000  
NLIN/U283                 AN2D0           tcbn65gpluswc   2.160000  
NLIN/U284                 AN2D0           tcbn65gpluswc   2.160000  
NLIN/U285                 AN2D0           tcbn65gpluswc   2.160000  
NLIN/U286                 AN2D0           tcbn65gpluswc   2.160000  
NLIN/U287                 AN2D0           tcbn65gpluswc   2.160000  
NLIN/U288                 AN2D0           tcbn65gpluswc   2.160000  
NLIN/U289                 AN2D0           tcbn65gpluswc   2.160000  
NLIN/U290                 AN2D0           tcbn65gpluswc   2.160000  
NLIN/U291                 AN2D0           tcbn65gpluswc   2.160000  
NLIN/U292                 AN2D0           tcbn65gpluswc   2.160000  
NLIN/U293                 AN2D0           tcbn65gpluswc   2.160000  
NLIN/U294                 AN2D0           tcbn65gpluswc   2.160000  
NLIN/U295                 AN2D0           tcbn65gpluswc   2.160000  
NLIN/U296                 AN2D0           tcbn65gpluswc   2.160000  
NLIN/U297                 AN2D0           tcbn65gpluswc   2.160000  
NLIN/U298                 AN2D0           tcbn65gpluswc   2.160000  
NLIN/U299                 AN2D0           tcbn65gpluswc   2.160000  
NLIN/U300                 AN2D0           tcbn65gpluswc   2.160000  
NLIN/U301                 AN2D0           tcbn65gpluswc   2.160000  
NLIN/U302                 AN2D0           tcbn65gpluswc   2.160000  
NLIN/U303                 AN2D0           tcbn65gpluswc   2.160000  
NLIN/U304                 AN2D0           tcbn65gpluswc   2.160000  
NLIN/U305                 AN2D0           tcbn65gpluswc   2.160000  
NLIN/U306                 AN2D0           tcbn65gpluswc   2.160000  
NLIN/U307                 AN2D0           tcbn65gpluswc   2.160000  
NLIN/U308                 AN2D0           tcbn65gpluswc   2.160000  
NLIN/U309                 AN2D0           tcbn65gpluswc   2.160000  
NLIN/U310                 AN2D0           tcbn65gpluswc   2.160000  
NLIN/U311                 AN2D0           tcbn65gpluswc   2.160000  
NLIN/U312                 AN2D0           tcbn65gpluswc   2.160000  
NLIN/U313                 AN2D0           tcbn65gpluswc   2.160000  
NLIN/U314                 AN2D0           tcbn65gpluswc   2.160000  
NLIN/U315                 AN2D0           tcbn65gpluswc   2.160000  
NLIN/U316                 AN2D0           tcbn65gpluswc   2.160000  
NLIN/U317                 AN2D0           tcbn65gpluswc   2.160000  
NLIN/U318                 AN2D0           tcbn65gpluswc   2.160000  
NLIN/U319                 AN2D0           tcbn65gpluswc   2.160000  
NLIN/U320                 AN2D0           tcbn65gpluswc   2.160000  
NLIN/U321                 AN2D0           tcbn65gpluswc   2.160000  
NLIN/U322                 AN2D0           tcbn65gpluswc   2.160000  
NLIN/U323                 AN2D0           tcbn65gpluswc   2.160000  
NLIN/U324                 AN2D0           tcbn65gpluswc   2.160000  
NLIN/U325                 AN2D0           tcbn65gpluswc   2.160000  
NLIN/U326                 AN2D0           tcbn65gpluswc   2.160000  
NLIN/U327                 AN2D0           tcbn65gpluswc   2.160000  
NLIN/U328                 AN2D0           tcbn65gpluswc   2.160000  
NLIN/U329                 AN2D0           tcbn65gpluswc   2.160000  
NLIN/U330                 AN2D0           tcbn65gpluswc   2.160000  
NLIN/U331                 AN2D0           tcbn65gpluswc   2.160000  
NLIN/U332                 AN2D0           tcbn65gpluswc   2.160000  
NLIN/U333                 AN2D0           tcbn65gpluswc   2.160000  
NLIN/U334                 AN2D0           tcbn65gpluswc   2.160000  
NLIN/U335                 AN2D0           tcbn65gpluswc   2.160000  
NLIN/U336                 AN2D0           tcbn65gpluswc   2.160000  
NLIN/U337                 AN2D0           tcbn65gpluswc   2.160000  
NLIN/U338                 AN2D0           tcbn65gpluswc   2.160000  
NLIN/U339                 AN2D0           tcbn65gpluswc   2.160000  
NLIN/U340                 AN2D0           tcbn65gpluswc   2.160000  
NLIN/U341                 AN2D0           tcbn65gpluswc   2.160000  
NLIN/U342                 AN2D0           tcbn65gpluswc   2.160000  
NLIN/U343                 AN2D0           tcbn65gpluswc   2.160000  
NLIN/U344                 AN2D0           tcbn65gpluswc   2.160000  
NLIN/U345                 AN2D0           tcbn65gpluswc   2.160000  
NLIN/U346                 AN2D0           tcbn65gpluswc   2.160000  
NLIN/U347                 AN2D0           tcbn65gpluswc   2.160000  
NLIN/U348                 AN2D0           tcbn65gpluswc   2.160000  
NLIN/U349                 AN2D0           tcbn65gpluswc   2.160000  
NLIN/U350                 AN2D0           tcbn65gpluswc   2.160000  
NLIN/U351                 AN2D0           tcbn65gpluswc   2.160000  
NLIN/U352                 AN2D0           tcbn65gpluswc   2.160000  
NLIN/U353                 AN2D0           tcbn65gpluswc   2.160000  
NLIN/U354                 AN2D0           tcbn65gpluswc   2.160000  
NLIN/U355                 AN2D0           tcbn65gpluswc   2.160000  
NLIN/U356                 AN2D0           tcbn65gpluswc   2.160000  
NLIN/U357                 AN2D0           tcbn65gpluswc   2.160000  
NLIN/U358                 AN2D0           tcbn65gpluswc   2.160000  
NLIN/U359                 AN2D0           tcbn65gpluswc   2.160000  
NLIN/U360                 AN2D0           tcbn65gpluswc   2.160000  
NLIN/U361                 AN2D0           tcbn65gpluswc   2.160000  
NLIN/U362                 AN2D0           tcbn65gpluswc   2.160000  
NLIN/U363                 AN2D0           tcbn65gpluswc   2.160000  
NLIN/U364                 AN2D0           tcbn65gpluswc   2.160000  
NLIN/U365                 AN2D0           tcbn65gpluswc   2.160000  
NLIN/U366                 AN2D0           tcbn65gpluswc   2.160000  
NLIN/U367                 AN2D0           tcbn65gpluswc   2.160000  
NLIN/U368                 AN2D0           tcbn65gpluswc   2.160000  
NLIN/U369                 AN2D0           tcbn65gpluswc   2.160000  
NLIN/U370                 AN2D0           tcbn65gpluswc   2.160000  
NLIN/U371                 AN2D0           tcbn65gpluswc   2.160000  
NLIN/U372                 AN2D0           tcbn65gpluswc   2.160000  
NLIN/U373                 AN2D0           tcbn65gpluswc   2.160000  
NLIN/U374                 AN2D0           tcbn65gpluswc   2.160000  
NLIN/U375                 AN2D0           tcbn65gpluswc   2.160000  
NLIN/U376                 AN2D0           tcbn65gpluswc   2.160000  
NLIN/U377                 AN2D0           tcbn65gpluswc   2.160000  
NLIN/U378                 AN2D0           tcbn65gpluswc   2.160000  
NLIN/U379                 AN2D0           tcbn65gpluswc   2.160000  
NLIN/U380                 AN2D0           tcbn65gpluswc   2.160000  
NLIN/U381                 AN2D0           tcbn65gpluswc   2.160000  
NLIN/U382                 AN2D0           tcbn65gpluswc   2.160000  
NLIN/U383                 AN2D0           tcbn65gpluswc   2.160000  
NLIN/U384                 AN2D0           tcbn65gpluswc   2.160000  
NLIN/U385                 AN2D0           tcbn65gpluswc   2.160000  
NLIN/U386                 AN2D0           tcbn65gpluswc   2.160000  
NLIN/U387                 AN2D0           tcbn65gpluswc   2.160000  
NLIN/U388                 AN2D0           tcbn65gpluswc   2.160000  
NLIN/U389                 AN2D0           tcbn65gpluswc   2.160000  
NLIN/U390                 AN2D0           tcbn65gpluswc   2.160000  
NLIN/U391                 AN2D0           tcbn65gpluswc   2.160000  
NLIN/U392                 AN2D0           tcbn65gpluswc   2.160000  
NLIN/U393                 AN2D0           tcbn65gpluswc   2.160000  
NLIN/U394                 AN2D0           tcbn65gpluswc   2.160000  
NLIN/U395                 AN2D0           tcbn65gpluswc   2.160000  
NLIN/U396                 AN2D0           tcbn65gpluswc   2.160000  
NLIN/U397                 AN2D0           tcbn65gpluswc   2.160000  
NLIN/U398                 AN2D0           tcbn65gpluswc   2.160000  
NLIN/U399                 AN2D0           tcbn65gpluswc   2.160000  
NLIN/U400                 AN2D0           tcbn65gpluswc   2.160000  
NLIN/U401                 AN2D0           tcbn65gpluswc   2.160000  
NLIN/U402                 AN2D0           tcbn65gpluswc   2.160000  
NLIN/U403                 AN2D0           tcbn65gpluswc   2.160000  
NLIN/U404                 AN2D0           tcbn65gpluswc   2.160000  
NLIN/U405                 AN2D0           tcbn65gpluswc   2.160000  
NLIN/U406                 AN2D0           tcbn65gpluswc   2.160000  
NLIN/U407                 AN2D0           tcbn65gpluswc   2.160000  
NLIN/U408                 AN2D0           tcbn65gpluswc   2.160000  
NLIN/U409                 AN2D0           tcbn65gpluswc   2.160000  
NLIN/U410                 AN2D0           tcbn65gpluswc   2.160000  
NLIN/U411                 AN2D0           tcbn65gpluswc   2.160000  
NLIN/U412                 AN2D0           tcbn65gpluswc   2.160000  
NLIN/U413                 AN2D0           tcbn65gpluswc   2.160000  
NLIN/U414                 AN2D0           tcbn65gpluswc   2.160000  
NLIN/U415                 AN2D0           tcbn65gpluswc   2.160000  
NLIN/U416                 AN2D0           tcbn65gpluswc   2.160000  
NLIN/U417                 AN2D0           tcbn65gpluswc   2.160000  
NLIN/U418                 AN2D0           tcbn65gpluswc   2.160000  
NLIN/U419                 AN2D0           tcbn65gpluswc   2.160000  
NLIN/U420                 AN2D0           tcbn65gpluswc   2.160000  
NLIN/U421                 AN2D0           tcbn65gpluswc   2.160000  
NLIN/U422                 AN2D0           tcbn65gpluswc   2.160000  
NLIN/U423                 AN2D0           tcbn65gpluswc   2.160000  
NLIN/U424                 AN2D0           tcbn65gpluswc   2.160000  
NLIN/U425                 AN2D0           tcbn65gpluswc   2.160000  
NLIN/U426                 AN2D0           tcbn65gpluswc   2.160000  
NLIN/U427                 AN2D0           tcbn65gpluswc   2.160000  
NLIN/U428                 AN2D0           tcbn65gpluswc   2.160000  
NLIN/U429                 AN2D0           tcbn65gpluswc   2.160000  
NLIN/U430                 AN2D0           tcbn65gpluswc   2.160000  
NLIN/U431                 AN2D0           tcbn65gpluswc   2.160000  
NLIN/U432                 AN2D0           tcbn65gpluswc   2.160000  
NLIN/U433                 AN2D0           tcbn65gpluswc   2.160000  
NLIN/U434                 AN2D0           tcbn65gpluswc   2.160000  
NLIN/U435                 AN2D0           tcbn65gpluswc   2.160000  
NLIN/U436                 AN2D0           tcbn65gpluswc   2.160000  
NLIN/U437                 AN2D0           tcbn65gpluswc   2.160000  
NLIN/U438                 AN2D0           tcbn65gpluswc   2.160000  
NLIN/U439                 AN2D0           tcbn65gpluswc   2.160000  
NLIN/U440                 AN2D0           tcbn65gpluswc   2.160000  
NLIN/U441                 AN2D0           tcbn65gpluswc   2.160000  
NLIN/U442                 AN2D0           tcbn65gpluswc   2.160000  
NLIN/U443                 AN2D0           tcbn65gpluswc   2.160000  
NLIN/U444                 AN2D0           tcbn65gpluswc   2.160000  
NLIN/U445                 AN2D0           tcbn65gpluswc   2.160000  
NLIN/U446                 AN2D0           tcbn65gpluswc   2.160000  
NLIN/U447                 AN2D0           tcbn65gpluswc   2.160000  
NLIN/U448                 AN2D0           tcbn65gpluswc   2.160000  
NLIN/U449                 AN2D0           tcbn65gpluswc   2.160000  
NLIN/U450                 AN2D0           tcbn65gpluswc   2.160000  
NLIN/U451                 AN2D0           tcbn65gpluswc   2.160000  
NLIN/U452                 AN2D0           tcbn65gpluswc   2.160000  
NLIN/U453                 AN2D0           tcbn65gpluswc   2.160000  
NLIN/U454                 AN2D0           tcbn65gpluswc   2.160000  
NLIN/U455                 AN2D0           tcbn65gpluswc   2.160000  
NLIN/U456                 AN2D0           tcbn65gpluswc   2.160000  
NLIN/U457                 AN2D0           tcbn65gpluswc   2.160000  
NLIN/U458                 AN2D0           tcbn65gpluswc   2.160000  
NLIN/U459                 AN2D0           tcbn65gpluswc   2.160000  
NLIN/U460                 AN2D0           tcbn65gpluswc   2.160000  
NLIN/U461                 AN2D0           tcbn65gpluswc   2.160000  
NLIN/U462                 AN2D0           tcbn65gpluswc   2.160000  
NLIN/U463                 AN2D0           tcbn65gpluswc   2.160000  
NLIN/U464                 AN2D0           tcbn65gpluswc   2.160000  
NLIN/U465                 AN2D0           tcbn65gpluswc   2.160000  
NLIN/U466                 AN2D0           tcbn65gpluswc   2.160000  
NLIN/U467                 AN2D0           tcbn65gpluswc   2.160000  
NLIN/U468                 AN2D0           tcbn65gpluswc   2.160000  
NLIN/U469                 AN2D0           tcbn65gpluswc   2.160000  
NLIN/U470                 AN2D0           tcbn65gpluswc   2.160000  
NLIN/U471                 AN2D0           tcbn65gpluswc   2.160000  
NLIN/U472                 AN2D0           tcbn65gpluswc   2.160000  
NLIN/U473                 AN2D0           tcbn65gpluswc   2.160000  
NLIN/U474                 AN2D0           tcbn65gpluswc   2.160000  
NLIN/U475                 AN2D0           tcbn65gpluswc   2.160000  
NLIN/U476                 AN2D0           tcbn65gpluswc   2.160000  
NLIN/U477                 AN2D0           tcbn65gpluswc   2.160000  
NLIN/U478                 AN2D0           tcbn65gpluswc   2.160000  
NLIN/U479                 AN2D0           tcbn65gpluswc   2.160000  
NLIN/U480                 AN2D0           tcbn65gpluswc   2.160000  
NLIN/U481                 AN2D0           tcbn65gpluswc   2.160000  
NLIN/U482                 AN2D0           tcbn65gpluswc   2.160000  
NLIN/U483                 AN2D0           tcbn65gpluswc   2.160000  
NLIN/U484                 AN2D0           tcbn65gpluswc   2.160000  
NLIN/U485                 AN2D0           tcbn65gpluswc   2.160000  
NLIN/U486                 AN2D0           tcbn65gpluswc   2.160000  
NLIN/U487                 AN2D0           tcbn65gpluswc   2.160000  
NLIN/U488                 AN2D0           tcbn65gpluswc   2.160000  
NLIN/U489                 AN2D0           tcbn65gpluswc   2.160000  
NLIN/U490                 AN2D0           tcbn65gpluswc   2.160000  
NLIN/U491                 AN2D0           tcbn65gpluswc   2.160000  
NLIN/U492                 AN2D0           tcbn65gpluswc   2.160000  
NLIN/U493                 AN2D0           tcbn65gpluswc   2.160000  
NLIN/U494                 AN2D0           tcbn65gpluswc   2.160000  
NLIN/U495                 AN2D0           tcbn65gpluswc   2.160000  
NLIN/U496                 AN2D0           tcbn65gpluswc   2.160000  
NLIN/U497                 AN2D0           tcbn65gpluswc   2.160000  
NLIN/U498                 AN2D0           tcbn65gpluswc   2.160000  
NLIN/U499                 AN2D0           tcbn65gpluswc   2.160000  
NLIN/U500                 AN2D0           tcbn65gpluswc   2.160000  
NLIN/U501                 AN2D0           tcbn65gpluswc   2.160000  
NLIN/U502                 AN2D0           tcbn65gpluswc   2.160000  
NLIN/U503                 AN2D0           tcbn65gpluswc   2.160000  
NLIN/U504                 AN2D0           tcbn65gpluswc   2.160000  
NLIN/U505                 AN2D0           tcbn65gpluswc   2.160000  
NLIN/U506                 AN2D0           tcbn65gpluswc   2.160000  
NLIN/U507                 AN2D0           tcbn65gpluswc   2.160000  
NLIN/U508                 AN2D0           tcbn65gpluswc   2.160000  
NLIN/U509                 AN2D0           tcbn65gpluswc   2.160000  
NLIN/U510                 AN2D0           tcbn65gpluswc   2.160000  
NLIN/U511                 AN2D0           tcbn65gpluswc   2.160000  
NLIN/U512                 AN2D0           tcbn65gpluswc   2.160000  
NLIN/U513                 AN2D0           tcbn65gpluswc   2.160000  
NLIN/U514                 AN2D0           tcbn65gpluswc   2.160000  
NLIN/U515                 AN2D0           tcbn65gpluswc   2.160000  
NLIN/U516                 AN2D0           tcbn65gpluswc   2.160000  
NLIN/U517                 AN2D0           tcbn65gpluswc   2.160000  
NLIN/U518                 AN2D0           tcbn65gpluswc   2.160000  
NLIN/U519                 AN2D0           tcbn65gpluswc   2.160000  
NLIN/U520                 AN2D0           tcbn65gpluswc   2.160000  
NLIN/U521                 AN2D0           tcbn65gpluswc   2.160000  
NLIN/U522                 AN2D0           tcbn65gpluswc   2.160000  
NLIN/U523                 AN2D0           tcbn65gpluswc   2.160000  
NLIN/U524                 AN2D0           tcbn65gpluswc   2.160000  
NLIN/U525                 AN2D0           tcbn65gpluswc   2.160000  
NLIN/U526                 AN2D0           tcbn65gpluswc   2.160000  
NLIN/U527                 AN2D0           tcbn65gpluswc   2.160000  
NLIN/U528                 AN2D0           tcbn65gpluswc   2.160000  
NLIN/U529                 AN2D0           tcbn65gpluswc   2.160000  
NLIN/U530                 AN2D0           tcbn65gpluswc   2.160000  
NLIN/U531                 AN2D0           tcbn65gpluswc   2.160000  
NLIN/U532                 AN2D0           tcbn65gpluswc   2.160000  
NLIN/U533                 AN2D0           tcbn65gpluswc   2.160000  
NLIN/U534                 AN2D0           tcbn65gpluswc   2.160000  
NLIN/U535                 AN2D0           tcbn65gpluswc   2.160000  
NLIN/U536                 AN2D0           tcbn65gpluswc   2.160000  
NLIN/U537                 AN2D0           tcbn65gpluswc   2.160000  
NLIN/U538                 AN2D0           tcbn65gpluswc   2.160000  
NLIN/U539                 AN2D0           tcbn65gpluswc   2.160000  
NLIN/U540                 AN2D0           tcbn65gpluswc   2.160000  
NLIN/U541                 AN2D0           tcbn65gpluswc   2.160000  
NLIN/U542                 AN2D0           tcbn65gpluswc   2.160000  
NLIN/U543                 AN2D0           tcbn65gpluswc   2.160000  
NLIN/U544                 AN2D0           tcbn65gpluswc   2.160000  
NLIN/U545                 AN2D0           tcbn65gpluswc   2.160000  
NLIN/U546                 AN2D0           tcbn65gpluswc   2.160000  
NLIN/U547                 AN2D0           tcbn65gpluswc   2.160000  
NLIN/U548                 AN2D0           tcbn65gpluswc   2.160000  
NLIN/U549                 AN2D0           tcbn65gpluswc   2.160000  
NLIN/U550                 AN2D0           tcbn65gpluswc   2.160000  
NLIN/U551                 AN2D0           tcbn65gpluswc   2.160000  
NLIN/U552                 AN2D0           tcbn65gpluswc   2.160000  
NLIN/U553                 AN2D0           tcbn65gpluswc   2.160000  
NLIN/U554                 AN2D0           tcbn65gpluswc   2.160000  
NLIN/U555                 AN2D0           tcbn65gpluswc   2.160000  
NLIN/U556                 AN2D0           tcbn65gpluswc   2.160000  
NLIN/U557                 AN2D0           tcbn65gpluswc   2.160000  
NLIN/U558                 AN2D0           tcbn65gpluswc   2.160000  
NLIN/U559                 AN2D0           tcbn65gpluswc   2.160000  
NLIN/U560                 AN2D0           tcbn65gpluswc   2.160000  
NLIN/U561                 AN2D0           tcbn65gpluswc   2.160000  
NLIN/U562                 AN2D0           tcbn65gpluswc   2.160000  
NLIN/U563                 AN2D0           tcbn65gpluswc   2.160000  
NLIN/U564                 AN2D0           tcbn65gpluswc   2.160000  
NLIN/U565                 AN2D0           tcbn65gpluswc   2.160000  
NLIN/U566                 AN2D0           tcbn65gpluswc   2.160000  
NLIN/U567                 AN2D0           tcbn65gpluswc   2.160000  
NLIN/U568                 AN2D0           tcbn65gpluswc   2.160000  
NLIN/U569                 AN2D0           tcbn65gpluswc   2.160000  
NLIN/U570                 AN2D0           tcbn65gpluswc   2.160000  
NLIN/U571                 AN2D0           tcbn65gpluswc   2.160000  
NLIN/U572                 AN2D0           tcbn65gpluswc   2.160000  
NLIN/U573                 AN2D0           tcbn65gpluswc   2.160000  
NLIN/U574                 AN2D0           tcbn65gpluswc   2.160000  
NLIN/U575                 AN2D0           tcbn65gpluswc   2.160000  
NLIN/U576                 AN2D0           tcbn65gpluswc   2.160000  
NLIN/U577                 AN2D0           tcbn65gpluswc   2.160000  
NLIN/U578                 AN2D0           tcbn65gpluswc   2.160000  
NLIN/U579                 AN2D0           tcbn65gpluswc   2.160000  
NLIN/U580                 AN2D0           tcbn65gpluswc   2.160000  
NLIN/U581                 AN2D0           tcbn65gpluswc   2.160000  
NLIN/U582                 AN2D0           tcbn65gpluswc   2.160000  
NLIN/U583                 AN2D0           tcbn65gpluswc   2.160000  
NLIN/U584                 AN2D0           tcbn65gpluswc   2.160000  
NLIN/U585                 AN2D0           tcbn65gpluswc   2.160000  
NLIN/U586                 AN2D0           tcbn65gpluswc   2.160000  
NLIN/U587                 AN2D0           tcbn65gpluswc   2.160000  
NLIN/U588                 AN2D0           tcbn65gpluswc   2.160000  
NLIN/U589                 AN2D0           tcbn65gpluswc   2.160000  
NLIN/U590                 AN2D0           tcbn65gpluswc   2.160000  
NLIN/U591                 AN2D0           tcbn65gpluswc   2.160000  
NLIN/U592                 AN2D0           tcbn65gpluswc   2.160000  
NLIN/U593                 AN2D0           tcbn65gpluswc   2.160000  
NLIN/U594                 AN2D0           tcbn65gpluswc   2.160000  
NLIN/U595                 AN2D0           tcbn65gpluswc   2.160000  
NLIN/U596                 AN2D0           tcbn65gpluswc   2.160000  
NLIN/U597                 AN2D0           tcbn65gpluswc   2.160000  
NLIN/U598                 AN2D0           tcbn65gpluswc   2.160000  
NLIN/U599                 AN2D0           tcbn65gpluswc   2.160000  
NLIN/U600                 AN2D0           tcbn65gpluswc   2.160000  
NLIN/U601                 AN2D0           tcbn65gpluswc   2.160000  
NLIN/U602                 AN2D0           tcbn65gpluswc   2.160000  
NLIN/U603                 AN2D0           tcbn65gpluswc   2.160000  
NLIN/U604                 AN2D0           tcbn65gpluswc   2.160000  
NLIN/U605                 AN2D0           tcbn65gpluswc   2.160000  
NLIN/U606                 AN2D0           tcbn65gpluswc   2.160000  
NLIN/U607                 AN2D0           tcbn65gpluswc   2.160000  
NLIN/U608                 AN2D0           tcbn65gpluswc   2.160000  
NLIN/U609                 AN2D0           tcbn65gpluswc   2.160000  
NLIN/U610                 AN2D0           tcbn65gpluswc   2.160000  
NLIN/U611                 AN2D0           tcbn65gpluswc   2.160000  
NLIN/U612                 AN2D0           tcbn65gpluswc   2.160000  
NLIN/U613                 AN2D0           tcbn65gpluswc   2.160000  
NLIN/U614                 AN2D0           tcbn65gpluswc   2.160000  
NLIN/U615                 AN2D0           tcbn65gpluswc   2.160000  
NLIN/U616                 AN2D0           tcbn65gpluswc   2.160000  
NLIN/U617                 AN2D0           tcbn65gpluswc   2.160000  
NLIN/U618                 AN2D0           tcbn65gpluswc   2.160000  
NLIN/U619                 AN2D0           tcbn65gpluswc   2.160000  
NLIN/U620                 AN2D0           tcbn65gpluswc   2.160000  
NLIN/U621                 AN2D0           tcbn65gpluswc   2.160000  
NLIN/U622                 AN2D0           tcbn65gpluswc   2.160000  
NLIN/U623                 AN2D0           tcbn65gpluswc   2.160000  
NLIN/U624                 AN2D0           tcbn65gpluswc   2.160000  
NLIN/U625                 AN2D0           tcbn65gpluswc   2.160000  
NLIN/U626                 AN2D0           tcbn65gpluswc   2.160000  
NLIN/U627                 AN2D0           tcbn65gpluswc   2.160000  
NLIN/U628                 AN2D0           tcbn65gpluswc   2.160000  
NLIN/U629                 AN2D0           tcbn65gpluswc   2.160000  
NLIN/U630                 AN2D0           tcbn65gpluswc   2.160000  
NLIN/U631                 AN2D0           tcbn65gpluswc   2.160000  
NLIN/U632                 AN2D0           tcbn65gpluswc   2.160000  
NLIN/U633                 AN2D0           tcbn65gpluswc   2.160000  
NLIN/U634                 AN2D0           tcbn65gpluswc   2.160000  
NLIN/U635                 AN2D0           tcbn65gpluswc   2.160000  
NLIN/U636                 AN2D0           tcbn65gpluswc   2.160000  
NLIN/U637                 AN2D0           tcbn65gpluswc   2.160000  
NLIN/U638                 AN2D0           tcbn65gpluswc   2.160000  
NLIN/U639                 AN2D0           tcbn65gpluswc   2.160000  
NLIN/U640                 AN2D0           tcbn65gpluswc   2.160000  
NLIN/U641                 AN2D0           tcbn65gpluswc   2.160000  
NLIN/U642                 AN2D0           tcbn65gpluswc   2.160000  
NLIN/U643                 AN2D0           tcbn65gpluswc   2.160000  
NLIN/U644                 AN2D0           tcbn65gpluswc   2.160000  
NLIN/U645                 AN2D0           tcbn65gpluswc   2.160000  
NLIN/U646                 AN2D0           tcbn65gpluswc   2.160000  
NLIN/U647                 AN2D0           tcbn65gpluswc   2.160000  
NLIN/U648                 AN2D0           tcbn65gpluswc   2.160000  
NLIN/U649                 AN2D0           tcbn65gpluswc   2.160000  
NLIN/U650                 AN2D0           tcbn65gpluswc   2.160000  
NLIN/U651                 AN2D0           tcbn65gpluswc   2.160000  
NLIN/U652                 AN2D0           tcbn65gpluswc   2.160000  
NLIN/U653                 AN2D0           tcbn65gpluswc   2.160000  
NLIN/U654                 AN2D0           tcbn65gpluswc   2.160000  
NLIN/U655                 AN2D0           tcbn65gpluswc   2.160000  
NLIN/U656                 AN2D0           tcbn65gpluswc   2.160000  
NLIN/U657                 AN2D0           tcbn65gpluswc   2.160000  
NLIN/U658                 AN2D0           tcbn65gpluswc   2.160000  
NLIN/U659                 AN2D0           tcbn65gpluswc   2.160000  
NLIN/U660                 AN2D0           tcbn65gpluswc   2.160000  
NLIN/U661                 AN2D0           tcbn65gpluswc   2.160000  
NLIN/U662                 AN2D0           tcbn65gpluswc   2.160000  
NLIN/U663                 AN2D0           tcbn65gpluswc   2.160000  
NLIN/U664                 AN2D0           tcbn65gpluswc   2.160000  
NLIN/U665                 AN2D0           tcbn65gpluswc   2.160000  
NLIN/U666                 AN2D0           tcbn65gpluswc   2.160000  
NLIN/U667                 AN2D0           tcbn65gpluswc   2.160000  
NLIN/U668                 AN2D0           tcbn65gpluswc   2.160000  
NLIN/U669                 AN2D0           tcbn65gpluswc   2.160000  
NLIN/U670                 AN2D0           tcbn65gpluswc   2.160000  
NLIN/U671                 AN2D0           tcbn65gpluswc   2.160000  
NLIN/U672                 AN2D0           tcbn65gpluswc   2.160000  
NLIN/U673                 AN2D0           tcbn65gpluswc   2.160000  
NLIN/U674                 AN2D0           tcbn65gpluswc   2.160000  
NLIN/U675                 AN2D0           tcbn65gpluswc   2.160000  
NLIN/U676                 AN2D0           tcbn65gpluswc   2.160000  
NLIN/U677                 AN2D0           tcbn65gpluswc   2.160000  
NLIN/U678                 AN2D0           tcbn65gpluswc   2.160000  
NLIN/U679                 AN2D0           tcbn65gpluswc   2.160000  
NLIN/U680                 AN2D0           tcbn65gpluswc   2.160000  
NLIN/U681                 AN2D0           tcbn65gpluswc   2.160000  
NLIN/U682                 AN2D0           tcbn65gpluswc   2.160000  
NLIN/U683                 AN2D0           tcbn65gpluswc   2.160000  
NLIN/U684                 AN2D0           tcbn65gpluswc   2.160000  
NLIN/U685                 AN2D0           tcbn65gpluswc   2.160000  
NLIN/U686                 AN2D0           tcbn65gpluswc   2.160000  
NLIN/U687                 AN2D0           tcbn65gpluswc   2.160000  
NLIN/U688                 AN2D0           tcbn65gpluswc   2.160000  
NLIN/U689                 AN2D0           tcbn65gpluswc   2.160000  
NLIN/U690                 AN2D0           tcbn65gpluswc   2.160000  
NLIN/U691                 AN2D0           tcbn65gpluswc   2.160000  
NLIN/U692                 AN2D0           tcbn65gpluswc   2.160000  
NLIN/U693                 AN2D0           tcbn65gpluswc   2.160000  
NLIN/U694                 AN2D0           tcbn65gpluswc   2.160000  
NLIN/U695                 AN2D0           tcbn65gpluswc   2.160000  
NLIN/U696                 AN2D0           tcbn65gpluswc   2.160000  
NLIN/U697                 AN2D0           tcbn65gpluswc   2.160000  
NLIN/U698                 AN2D0           tcbn65gpluswc   2.160000  
NLIN/U699                 AN2D0           tcbn65gpluswc   2.160000  
NLIN/U700                 AN2D0           tcbn65gpluswc   2.160000  
NLIN/U701                 AN2D0           tcbn65gpluswc   2.160000  
NLIN/U702                 AN2D0           tcbn65gpluswc   2.160000  
NLIN/U703                 AN2D0           tcbn65gpluswc   2.160000  
NLIN/U704                 AN2D0           tcbn65gpluswc   2.160000  
NLIN/U705                 AN2D0           tcbn65gpluswc   2.160000  
NLIN/U706                 AN2D0           tcbn65gpluswc   2.160000  
NLIN/U707                 AN2D0           tcbn65gpluswc   2.160000  
NLIN/U708                 AN2D0           tcbn65gpluswc   2.160000  
NLIN/U709                 AN2D0           tcbn65gpluswc   2.160000  
NLIN/U710                 AN2D0           tcbn65gpluswc   2.160000  
NLIN/U711                 AN2D0           tcbn65gpluswc   2.160000  
NLIN/U712                 AN2D0           tcbn65gpluswc   2.160000  
NLIN/U713                 AN2D0           tcbn65gpluswc   2.160000  
NLIN/U714                 AN2D0           tcbn65gpluswc   2.160000  
NLIN/U715                 AN2D0           tcbn65gpluswc   2.160000  
NLIN/U716                 AN2D0           tcbn65gpluswc   2.160000  
NLIN/U717                 AN2D0           tcbn65gpluswc   2.160000  
NLIN/U718                 AN2D0           tcbn65gpluswc   2.160000  
NLIN/U719                 AN2D0           tcbn65gpluswc   2.160000  
NLIN/U720                 AN2D0           tcbn65gpluswc   2.160000  
NLIN/U721                 AN2D0           tcbn65gpluswc   2.160000  
NLIN/U722                 AN2D0           tcbn65gpluswc   2.160000  
NLIN/U723                 AN2D0           tcbn65gpluswc   2.160000  
NLIN/U724                 AN2D0           tcbn65gpluswc   2.160000  
NLIN/U725                 AN2D0           tcbn65gpluswc   2.160000  
NLIN/U726                 AN2D0           tcbn65gpluswc   2.160000  
NLIN/U727                 AN2D0           tcbn65gpluswc   2.160000  
NLIN/U728                 AN2D0           tcbn65gpluswc   2.160000  
NLIN/U729                 AN2D0           tcbn65gpluswc   2.160000  
NLIN/U730                 AN2D0           tcbn65gpluswc   2.160000  
NLIN/U731                 AN2D0           tcbn65gpluswc   2.160000  
NLIN/U732                 AN2D0           tcbn65gpluswc   2.160000  
NLIN/U733                 AN2D0           tcbn65gpluswc   2.160000  
NLIN/U734                 AN2D0           tcbn65gpluswc   2.160000  
NLIN/U735                 AN2D0           tcbn65gpluswc   2.160000  
NLIN/U736                 AN2D0           tcbn65gpluswc   2.160000  
NLIN/U737                 AN2D0           tcbn65gpluswc   2.160000  
NLIN/U738                 AN2D0           tcbn65gpluswc   2.160000  
NLIN/U739                 AN2D0           tcbn65gpluswc   2.160000  
NLIN/U740                 AN2D0           tcbn65gpluswc   2.160000  
NLIN/U741                 AN2D0           tcbn65gpluswc   2.160000  
NLIN/U742                 AN2D0           tcbn65gpluswc   2.160000  
NLIN/U743                 AN2D0           tcbn65gpluswc   2.160000  
NLIN/U744                 AN2D0           tcbn65gpluswc   2.160000  
NLIN/U745                 AN2D0           tcbn65gpluswc   2.160000  
NLIN/U746                 AN2D0           tcbn65gpluswc   2.160000  
NLIN/U747                 AN2D0           tcbn65gpluswc   2.160000  
NLIN/U748                 AN2D0           tcbn65gpluswc   2.160000  
NLIN/U749                 AN2D0           tcbn65gpluswc   2.160000  
NLIN/U750                 AN2D0           tcbn65gpluswc   2.160000  
NLIN/U751                 AN2D0           tcbn65gpluswc   2.160000  
NLIN/U752                 AN2D0           tcbn65gpluswc   2.160000  
NLIN/U753                 AN2D0           tcbn65gpluswc   2.160000  
NLIN/U754                 AN2D0           tcbn65gpluswc   2.160000  
NLIN/U755                 AN2D0           tcbn65gpluswc   2.160000  
NLIN/U756                 AN2D0           tcbn65gpluswc   2.160000  
NLIN/U757                 AN2D0           tcbn65gpluswc   2.160000  
NLIN/U758                 AN2D0           tcbn65gpluswc   2.160000  
NLIN/U759                 AN2D0           tcbn65gpluswc   2.160000  
NLIN/U760                 AN2D0           tcbn65gpluswc   2.160000  
NLIN/U761                 AN2D0           tcbn65gpluswc   2.160000  
NLIN/U762                 AN2D0           tcbn65gpluswc   2.160000  
NLIN/U763                 AN2D0           tcbn65gpluswc   2.160000  
NLIN/U764                 AN2D0           tcbn65gpluswc   2.160000  
NLIN/U765                 AN2D0           tcbn65gpluswc   2.160000  
NLIN/U766                 AN2D0           tcbn65gpluswc   2.160000  
NLIN/U767                 AN2D0           tcbn65gpluswc   2.160000  
NLIN/U768                 AN2D0           tcbn65gpluswc   2.160000  
NLIN/U769                 AN2D0           tcbn65gpluswc   2.160000  
NLIN/U770                 AN2D0           tcbn65gpluswc   2.160000  
NLIN/U771                 AN2D0           tcbn65gpluswc   2.160000  
NLIN/U772                 AN2D0           tcbn65gpluswc   2.160000  
NLIN/U773                 AN2D0           tcbn65gpluswc   2.160000  
NLIN/U774                 AN2D0           tcbn65gpluswc   2.160000  
NLIN/U775                 AN2D0           tcbn65gpluswc   2.160000  
NLIN/U776                 AN2D0           tcbn65gpluswc   2.160000  
NLIN/U777                 AN2D0           tcbn65gpluswc   2.160000  
NLIN/U778                 AN2D0           tcbn65gpluswc   2.160000  
NLIN/U779                 AN2D0           tcbn65gpluswc   2.160000  
NLIN/U780                 AN2D0           tcbn65gpluswc   2.160000  
NLIN/U781                 AN2D0           tcbn65gpluswc   2.160000  
NLIN/U782                 AN2D0           tcbn65gpluswc   2.160000  
NLIN/U783                 AN2D0           tcbn65gpluswc   2.160000  
NLIN/U784                 AN2D0           tcbn65gpluswc   2.160000  
NLIN/U785                 AN2D0           tcbn65gpluswc   2.160000  
NLIN/U786                 AN2D0           tcbn65gpluswc   2.160000  
NLIN/U787                 AN2D0           tcbn65gpluswc   2.160000  
NLIN/U788                 AN2D0           tcbn65gpluswc   2.160000  
NLIN/U789                 AN2D0           tcbn65gpluswc   2.160000  
NLIN/U790                 AN2D0           tcbn65gpluswc   2.160000  
NLIN/U791                 AN2D0           tcbn65gpluswc   2.160000  
NLIN/U792                 AN2D0           tcbn65gpluswc   2.160000  
NLIN/U793                 AN2D0           tcbn65gpluswc   2.160000  
NLIN/U794                 AN2D0           tcbn65gpluswc   2.160000  
NLIN/U795                 AN2D0           tcbn65gpluswc   2.160000  
NLIN/U796                 AN2D0           tcbn65gpluswc   2.160000  
NLIN/U797                 AN2D0           tcbn65gpluswc   2.160000  
NLIN/U798                 AN2D0           tcbn65gpluswc   2.160000  
NLIN/U799                 AN2D0           tcbn65gpluswc   2.160000  
NLIN/U800                 AN2D0           tcbn65gpluswc   2.160000  
NLIN/U801                 AN2D0           tcbn65gpluswc   2.160000  
NLIN/U802                 AN2D0           tcbn65gpluswc   2.160000  
NLIN/U803                 AN2D0           tcbn65gpluswc   2.160000  
NLIN/U804                 AN2D0           tcbn65gpluswc   2.160000  
NLIN/U805                 AN2D0           tcbn65gpluswc   2.160000  
NLIN/U806                 AN2D0           tcbn65gpluswc   2.160000  
NLIN/U807                 AN2D0           tcbn65gpluswc   2.160000  
NLIN/U808                 AN2D0           tcbn65gpluswc   2.160000  
NLIN/U809                 AN2D0           tcbn65gpluswc   2.160000  
NLIN/U810                 AN2D0           tcbn65gpluswc   2.160000  
NLIN/U811                 AN2D0           tcbn65gpluswc   2.160000  
NLIN/U812                 AN2D0           tcbn65gpluswc   2.160000  
NLIN/U813                 AN2D0           tcbn65gpluswc   2.160000  
NLIN/U814                 AN2D0           tcbn65gpluswc   2.160000  
NLIN/U815                 AN2D0           tcbn65gpluswc   2.160000  
NLIN/U816                 AN2D0           tcbn65gpluswc   2.160000  
NLIN/U817                 AN2D0           tcbn65gpluswc   2.160000  
NLIN/U818                 AN2D0           tcbn65gpluswc   2.160000  
NLIN/U819                 AN2D0           tcbn65gpluswc   2.160000  
NLIN/U820                 AN2D0           tcbn65gpluswc   2.160000  
NLIN/U821                 AN2D0           tcbn65gpluswc   2.160000  
NLIN/U822                 AN2D0           tcbn65gpluswc   2.160000  
NLIN/U823                 AN2D0           tcbn65gpluswc   2.160000  
NLIN/U824                 AN2D0           tcbn65gpluswc   2.160000  
NLIN/U825                 AN2D0           tcbn65gpluswc   2.160000  
NLIN/U826                 AN2D0           tcbn65gpluswc   2.160000  
NLIN/U827                 AN2D0           tcbn65gpluswc   2.160000  
NLIN/U828                 AN2D0           tcbn65gpluswc   2.160000  
NLIN/U829                 AN2D0           tcbn65gpluswc   2.160000  
NLIN/U830                 AN2D0           tcbn65gpluswc   2.160000  
NLIN/U831                 AN2D0           tcbn65gpluswc   2.160000  
NLIN/U832                 AN2D0           tcbn65gpluswc   2.160000  
NLIN/U833                 AN2D0           tcbn65gpluswc   2.160000  
NLIN/U834                 AN2D0           tcbn65gpluswc   2.160000  
NLIN/U835                 AN2D0           tcbn65gpluswc   2.160000  
NLIN/U836                 AN2D0           tcbn65gpluswc   2.160000  
NLIN/U837                 AN2D0           tcbn65gpluswc   2.160000  
NLIN/U838                 AN2D0           tcbn65gpluswc   2.160000  
NLIN/U839                 AN2D0           tcbn65gpluswc   2.160000  
NLIN/U840                 AN2D0           tcbn65gpluswc   2.160000  
NLIN/U841                 AN2D0           tcbn65gpluswc   2.160000  
NLIN/U842                 AN2D0           tcbn65gpluswc   2.160000  
NLIN/U843                 AN2D0           tcbn65gpluswc   2.160000  
NLIN/U844                 AN2D0           tcbn65gpluswc   2.160000  
NLIN/U845                 AN2D0           tcbn65gpluswc   2.160000  
NLIN/U846                 AN2D0           tcbn65gpluswc   2.160000  
NLIN/U847                 AN2D0           tcbn65gpluswc   2.160000  
NLIN/U848                 AN2D0           tcbn65gpluswc   2.160000  
NLIN/U849                 AN2D0           tcbn65gpluswc   2.160000  
NLIN/U850                 AN2D0           tcbn65gpluswc   2.160000  
NLIN/U851                 AN2D0           tcbn65gpluswc   2.160000  
NLIN/U852                 AN2D0           tcbn65gpluswc   2.160000  
NLIN/U853                 AN2D0           tcbn65gpluswc   2.160000  
NLIN/U854                 AN2D0           tcbn65gpluswc   2.160000  
NLIN/U855                 AN2D0           tcbn65gpluswc   2.160000  
NLIN/U856                 AN2D0           tcbn65gpluswc   2.160000  
NLIN/U857                 AN2D0           tcbn65gpluswc   2.160000  
NLIN/U858                 AN2D0           tcbn65gpluswc   2.160000  
NLIN/U859                 AN2D0           tcbn65gpluswc   2.160000  
NLIN/U860                 AN2D0           tcbn65gpluswc   2.160000  
NLIN/U861                 AN2D0           tcbn65gpluswc   2.160000  
NLIN/U862                 AN2D0           tcbn65gpluswc   2.160000  
NLIN/U863                 AN2D0           tcbn65gpluswc   2.160000  
NLIN/U864                 AN2D0           tcbn65gpluswc   2.160000  
NLIN/U865                 AN2D0           tcbn65gpluswc   2.160000  
NLIN/U866                 AN2D0           tcbn65gpluswc   2.160000  
NLIN/U867                 AN2D0           tcbn65gpluswc   2.160000  
NLIN/U868                 AN2D0           tcbn65gpluswc   2.160000  
NLIN/U869                 AN2D0           tcbn65gpluswc   2.160000  
NLIN/U870                 AN2D0           tcbn65gpluswc   2.160000  
NLIN/U871                 AN2D0           tcbn65gpluswc   2.160000  
NLIN/U872                 AN2D0           tcbn65gpluswc   2.160000  
NLIN/U873                 AN2D0           tcbn65gpluswc   2.160000  
NLIN/U874                 AN2D0           tcbn65gpluswc   2.160000  
NLIN/U875                 AN2D0           tcbn65gpluswc   2.160000  
NLIN/U876                 AN2D0           tcbn65gpluswc   2.160000  
NLIN/U877                 AN2D0           tcbn65gpluswc   2.160000  
NLIN/U878                 AN2D0           tcbn65gpluswc   2.160000  
NLIN/U879                 AN2D0           tcbn65gpluswc   2.160000  
NLIN/U880                 AN2D0           tcbn65gpluswc   2.160000  
NLIN/U881                 AN2D0           tcbn65gpluswc   2.160000  
NLIN/U882                 AN2D0           tcbn65gpluswc   2.160000  
NLIN/U883                 AN2D0           tcbn65gpluswc   2.160000  
NLIN/U884                 AN2D0           tcbn65gpluswc   2.160000  
NLIN/U885                 AN2D0           tcbn65gpluswc   2.160000  
NLIN/U886                 AN2D0           tcbn65gpluswc   2.160000  
NLIN/U887                 AN2D0           tcbn65gpluswc   2.160000  
NLIN/U888                 AN2D0           tcbn65gpluswc   2.160000  
NLIN/U889                 AN2D0           tcbn65gpluswc   2.160000  
NLIN/U890                 AN2D0           tcbn65gpluswc   2.160000  
NLIN/U891                 AN2D0           tcbn65gpluswc   2.160000  
NLIN/U892                 AN2D0           tcbn65gpluswc   2.160000  
NLIN/U893                 AN2D0           tcbn65gpluswc   2.160000  
NLIN/U894                 AN2D0           tcbn65gpluswc   2.160000  
NLIN/U895                 AN2D0           tcbn65gpluswc   2.160000  
NLIN/U896                 AN2D0           tcbn65gpluswc   2.160000  
NLIN/U897                 AN2D0           tcbn65gpluswc   2.160000  
NLIN/U898                 AN2D0           tcbn65gpluswc   2.160000  
NLIN/U899                 AN2D0           tcbn65gpluswc   2.160000  
NLIN/U900                 AN2D0           tcbn65gpluswc   2.160000  
NLIN/U901                 AN2D0           tcbn65gpluswc   2.160000  
NLIN/U902                 AN2D0           tcbn65gpluswc   2.160000  
NLIN/U903                 AN2D0           tcbn65gpluswc   2.160000  
NLIN/U904                 AN2D0           tcbn65gpluswc   2.160000  
NLIN/U905                 AN2D0           tcbn65gpluswc   2.160000  
NLIN/U906                 AN2D0           tcbn65gpluswc   2.160000  
NLIN/U907                 AN2D0           tcbn65gpluswc   2.160000  
NLIN/U908                 AN2D0           tcbn65gpluswc   2.160000  
NLIN/U909                 AN2D0           tcbn65gpluswc   2.160000  
NLIN/U910                 AN2D0           tcbn65gpluswc   2.160000  
NLIN/U911                 AN2D0           tcbn65gpluswc   2.160000  
NLIN/U912                 AN2D0           tcbn65gpluswc   2.160000  
NLIN/U913                 AN2D0           tcbn65gpluswc   2.160000  
NLIN/U914                 AN2D0           tcbn65gpluswc   2.160000  
NLIN/U915                 AN2D0           tcbn65gpluswc   2.160000  
NLIN/U916                 AN2D0           tcbn65gpluswc   2.160000  
NLIN/U917                 AN2D0           tcbn65gpluswc   2.160000  
NLIN/U918                 AN2D0           tcbn65gpluswc   2.160000  
NLIN/U919                 AN2D0           tcbn65gpluswc   2.160000  
NLIN/U920                 AN2D0           tcbn65gpluswc   2.160000  
NLIN/U921                 AN2D0           tcbn65gpluswc   2.160000  
NLIN/U922                 AN2D0           tcbn65gpluswc   2.160000  
NLIN/U923                 AN2D0           tcbn65gpluswc   2.160000  
NLIN/U924                 AN2D0           tcbn65gpluswc   2.160000  
NLIN/U925                 AN2D0           tcbn65gpluswc   2.160000  
NLIN/U926                 AN2D0           tcbn65gpluswc   2.160000  
NLIN/U927                 AN2D0           tcbn65gpluswc   2.160000  
NLIN/U928                 AN2D0           tcbn65gpluswc   2.160000  
NLIN/U929                 AN2D0           tcbn65gpluswc   2.160000  
NLIN/U930                 AN2D0           tcbn65gpluswc   2.160000  
NLIN/U931                 AN2D0           tcbn65gpluswc   2.160000  
NLIN/U932                 AN2D0           tcbn65gpluswc   2.160000  
NLIN/U933                 AN2D0           tcbn65gpluswc   2.160000  
NLIN/U934                 AN2D0           tcbn65gpluswc   2.160000  
NLIN/U935                 AN2D0           tcbn65gpluswc   2.160000  
NLIN/U936                 AN2D0           tcbn65gpluswc   2.160000  
NLIN/U937                 AN2D0           tcbn65gpluswc   2.160000  
NLIN/U938                 AN2D0           tcbn65gpluswc   2.160000  
NLIN/U939                 AN2D0           tcbn65gpluswc   2.160000  
NLIN/U940                 AN2D0           tcbn65gpluswc   2.160000  
NLIN/U941                 AN2D0           tcbn65gpluswc   2.160000  
NLIN/U942                 AN2D0           tcbn65gpluswc   2.160000  
NLIN/U943                 AN2D0           tcbn65gpluswc   2.160000  
NLIN/U944                 AN2D0           tcbn65gpluswc   2.160000  
NLIN/U945                 AN2D0           tcbn65gpluswc   2.160000  
NLIN/U946                 AN2D0           tcbn65gpluswc   2.160000  
NLIN/U947                 AN2D0           tcbn65gpluswc   2.160000  
NLIN/U948                 AN2D0           tcbn65gpluswc   2.160000  
NLIN/U949                 AN2D0           tcbn65gpluswc   2.160000  
NLIN/U950                 AN2D0           tcbn65gpluswc   2.160000  
NLIN/U951                 AN2D0           tcbn65gpluswc   2.160000  
NLIN/U952                 AN2D0           tcbn65gpluswc   2.160000  
NLIN/U953                 AN2D0           tcbn65gpluswc   2.160000  
NLIN/U954                 AN2D0           tcbn65gpluswc   2.160000  
NLIN/U955                 AN2D0           tcbn65gpluswc   2.160000  
NLIN/U956                 AN2D0           tcbn65gpluswc   2.160000  
NLIN/U957                 AN2D0           tcbn65gpluswc   2.160000  
NLIN/U958                 AN2D0           tcbn65gpluswc   2.160000  
NLIN/U959                 AN2D0           tcbn65gpluswc   2.160000  
NLIN/U960                 AN2D0           tcbn65gpluswc   2.160000  
NLIN/U961                 AN2D0           tcbn65gpluswc   2.160000  
NLIN/U962                 AN2D0           tcbn65gpluswc   2.160000  
NLIN/U963                 AN2D0           tcbn65gpluswc   2.160000  
NLIN/U964                 AN2D0           tcbn65gpluswc   2.160000  
NLIN/U965                 AN2D0           tcbn65gpluswc   2.160000  
NLIN/U966                 AN2D0           tcbn65gpluswc   2.160000  
NLIN/U967                 AN2D0           tcbn65gpluswc   2.160000  
NLIN/U968                 AN2D0           tcbn65gpluswc   2.160000  
NLIN/U969                 AN2D0           tcbn65gpluswc   2.160000  
NLIN/U970                 AN2D0           tcbn65gpluswc   2.160000  
NLIN/U971                 AN2D0           tcbn65gpluswc   2.160000  
NLIN/U972                 AN2D0           tcbn65gpluswc   2.160000  
NLIN/U973                 AN2D0           tcbn65gpluswc   2.160000  
NLIN/U974                 AN2D0           tcbn65gpluswc   2.160000  
NLIN/U975                 AN2D0           tcbn65gpluswc   2.160000  
NLIN/U976                 AN2D0           tcbn65gpluswc   2.160000  
NLIN/U977                 AN2D0           tcbn65gpluswc   2.160000  
NLIN/U978                 AN2D0           tcbn65gpluswc   2.160000  
NLIN/U979                 AN2D0           tcbn65gpluswc   2.160000  
NLIN/U980                 AN2D0           tcbn65gpluswc   2.160000  
NLIN/U981                 AN2D0           tcbn65gpluswc   2.160000  
NLIN/U982                 AN2D0           tcbn65gpluswc   2.160000  
NLIN/U983                 AN2D0           tcbn65gpluswc   2.160000  
NLIN/U984                 AN2D0           tcbn65gpluswc   2.160000  
NLIN/U985                 AN2D0           tcbn65gpluswc   2.160000  
NLIN/U986                 AN2D0           tcbn65gpluswc   2.160000  
NLIN/U987                 AN2D0           tcbn65gpluswc   2.160000  
NLIN/U988                 AN2D0           tcbn65gpluswc   2.160000  
NLIN/U989                 AN2D0           tcbn65gpluswc   2.160000  
NLIN/U990                 AN2D0           tcbn65gpluswc   2.160000  
NLIN/U991                 AN2D0           tcbn65gpluswc   2.160000  
NLIN/U992                 AN2D0           tcbn65gpluswc   2.160000  
NLIN/U993                 AN2D0           tcbn65gpluswc   2.160000  
NLIN/U994                 AN2D0           tcbn65gpluswc   2.160000  
NLIN/U995                 AN2D0           tcbn65gpluswc   2.160000  
NLIN/U996                 AN2D0           tcbn65gpluswc   2.160000  
NLIN/U997                 AN2D0           tcbn65gpluswc   2.160000  
NLIN/U998                 AN2D0           tcbn65gpluswc   2.160000  
NLIN/U999                 AN2D0           tcbn65gpluswc   2.160000  
NLIN/U1000                AN2D0           tcbn65gpluswc   2.160000  
NLIN/U1001                AN2D0           tcbn65gpluswc   2.160000  
NLIN/U1002                AN2D0           tcbn65gpluswc   2.160000  
NLIN/U1003                AN2D0           tcbn65gpluswc   2.160000  
NLIN/U1004                AN2D0           tcbn65gpluswc   2.160000  
NLIN/U1005                AN2D0           tcbn65gpluswc   2.160000  
NLIN/U1006                AN2D0           tcbn65gpluswc   2.160000  
NLIN/U1007                AN2D0           tcbn65gpluswc   2.160000  
NLIN/U1008                AN2D0           tcbn65gpluswc   2.160000  
NLIN/U1009                AN2D0           tcbn65gpluswc   2.160000  
NLIN/U1010                AN2D0           tcbn65gpluswc   2.160000  
NLIN/U1011                AN2D0           tcbn65gpluswc   2.160000  
NLIN/U1012                AN2D0           tcbn65gpluswc   2.160000  
NLIN/U1013                AN2D0           tcbn65gpluswc   2.160000  
--------------------------------------------------------------------------------
Total 1382 cells                                          5267.520077
1
