Information: Updating design information... (UID-85)
 
****************************************
Report : timing
        -path full
        -delay max
        -nets
        -max_paths 1
        -transition_time
Design : gen_cla_decomposed
Version: K-2015.06-SP5-1
Date   : Mon Apr 18 15:23:11 2016
****************************************

Operating Conditions: WCCOM   Library: tcbn65gpluswc
Wire Load Model Mode: segmented

  Startpoint: a[0] (input port)
  Endpoint: s[6] (output port)
  Path Group: (none)
  Path Type: max

  Des/Clust/Port     Wire Load Model       Library
  ------------------------------------------------
  gen_cla_decomposed ZeroWireload          tcbn65gpluswc

Attributes:
    d - dont_touch
    u - dont_use
   mo - map_only
   so - size_only
    i - ideal_net or ideal_network
  inf - infeasible path

  Point                        Fanout     Trans      Incr       Path      Attributes
  ------------------------------------------------------------------------------------------
  input external delay                               0.00       0.00 r
  a[0] (in)                                0.00      0.00       0.00 r
  a[0] (net)                     2                   0.00       0.00 r
  NLIN/U120/Z (AN2D0)                      0.06      0.07       0.07 r
  n[0] (net)                     3                   0.00       0.07 r
  NLIN/U119/Z (AN2D0)                      0.07      0.09       0.16 r
  n[2] (net)                     3                   0.00       0.16 r
  NLIN/U118/Z (AN2D0)                      0.07      0.09       0.25 r
  n[6] (net)                     3                   0.00       0.25 r
  NLIN/U85/Z (AN2D0)                       0.06      0.09       0.34 r
  n[14] (net)                    3                   0.00       0.34 r
  NLIN/U50/Z (AN2D0)                       0.06      0.08       0.42 r
  n[30] (net)                    3                   0.00       0.42 r
  NLIN/U38/Z (AN2D0)                       0.05      0.08       0.50 r
  n[62] (net)                    1                   0.00       0.50 r
  LIN/U15/Z (XOR4D0)                       0.06      0.19       0.69 f
  LIN/n21 (net)                  1                   0.00       0.69 f
  LIN/U13/Z (XOR3D0)                       0.04      0.21       0.90 f
  LIN/n20 (net)                  1                   0.00       0.90 f
  LIN/U12/Z (XOR4D0)                       0.06      0.17       1.07 f
  LIN/n18 (net)                  1                   0.00       1.07 f
  LIN/U11/Z (XOR4D0)                       0.06      0.22       1.29 f
  LIN/n17 (net)                  1                   0.00       1.29 f
  LIN/U10/Z (XOR3D0)                       0.04      0.20       1.49 f
  LIN/n15 (net)                  1                   0.00       1.49 f
  LIN/U9/Z (XOR4D0)                        0.06      0.17       1.66 f
  LIN/n13 (net)                  1                   0.00       1.66 f
  LIN/U8/Z (XOR4D0)                        0.06      0.22       1.88 f
  LIN/n12 (net)                  1                   0.00       1.88 f
  LIN/U7/Z (XOR3D0)                        0.04      0.20       2.08 f
  LIN/n10 (net)                  1                   0.00       2.08 f
  LIN/U6/Z (XOR4D0)                        0.06      0.17       2.25 f
  LIN/n8 (net)                   1                   0.00       2.25 f
  LIN/U5/Z (XOR4D0)                        0.06      0.22       2.47 f
  LIN/n7 (net)                   1                   0.00       2.47 f
  LIN/U4/Z (XOR3D0)                        0.04      0.20       2.66 f
  LIN/n5 (net)                   1                   0.00       2.66 f
  LIN/U3/Z (XOR4D0)                        0.06      0.17       2.84 f
  LIN/n3 (net)                   1                   0.00       2.84 f
  LIN/U2/Z (XOR4D0)                        0.06      0.22       3.06 f
  LIN/n2 (net)                   1                   0.00       3.06 f
  LIN/U1/Z (XOR3D0)                        0.02      0.18       3.24 f
  s[6] (net)                     1                   0.00       3.24 f
  s[6] (out)                               0.02      0.00       3.24 f
  data arrival time                                             3.24
  ------------------------------------------------------------------------------------------
  (Path is unconstrained)


1
