 
****************************************
Report : cell
Design : gen_cla_decomposed
Version: K-2015.06-SP5-1
Date   : Mon Apr 18 15:19:37 2016
****************************************

Attributes:
    b - black box (unknown)
    h - hierarchical
    n - noncombinational
    r - removable
    u - contains unmapped logic

Cell                      Reference       Library             Area  Attributes
--------------------------------------------------------------------------------
LIN/U1                    XOR4D0          tcbn65gpluswc   9.000000  
LIN/U2                    XOR4D0          tcbn65gpluswc   9.000000  
LIN/U3                    XOR4D0          tcbn65gpluswc   9.000000  
LIN/U4                    XOR3D0          tcbn65gpluswc   6.120000  
LIN/U5                    XOR4D0          tcbn65gpluswc   9.000000  
LIN/U6                    XOR4D0          tcbn65gpluswc   9.000000  
LIN/U7                    XOR3D0          tcbn65gpluswc   6.120000  
LIN/U8                    XOR4D0          tcbn65gpluswc   9.000000  
LIN/U9                    XOR4D0          tcbn65gpluswc   9.000000  
LIN/U10                   XOR3D0          tcbn65gpluswc   6.120000  
LIN/U11                   XOR4D0          tcbn65gpluswc   9.000000  
LIN/U12                   XOR4D0          tcbn65gpluswc   9.000000  
LIN/U13                   XOR3D0          tcbn65gpluswc   6.120000  
LIN/U14                   XOR4D0          tcbn65gpluswc   9.000000  
LIN/U15                   XOR4D0          tcbn65gpluswc   9.000000  
LIN/U16                   XOR3D0          tcbn65gpluswc   6.120000  
LIN/U17                   XOR4D0          tcbn65gpluswc   9.000000  
LIN/U18                   XOR4D0          tcbn65gpluswc   9.000000  
LIN/U19                   XOR3D0          tcbn65gpluswc   6.120000  
LIN/U20                   XOR4D0          tcbn65gpluswc   9.000000  
LIN/U21                   XOR4D0          tcbn65gpluswc   9.000000  
LIN/U22                   XOR3D0          tcbn65gpluswc   6.120000  
LIN/U23                   XOR4D0          tcbn65gpluswc   9.000000  
LIN/U24                   XOR4D0          tcbn65gpluswc   9.000000  
LIN/U25                   XOR3D0          tcbn65gpluswc   6.120000  
LIN/U26                   XOR3D0          tcbn65gpluswc   6.120000  
LIN/U27                   XOR3D0          tcbn65gpluswc   6.120000  
LIN/U28                   XOR4D0          tcbn65gpluswc   9.000000  
LIN/U29                   XOR4D0          tcbn65gpluswc   9.000000  
LIN/U30                   XOR4D0          tcbn65gpluswc   9.000000  
LIN/U31                   XOR4D0          tcbn65gpluswc   9.000000  
LIN/U32                   XOR4D0          tcbn65gpluswc   9.000000  
LIN/U33                   XOR4D0          tcbn65gpluswc   9.000000  
LIN/U34                   XOR4D0          tcbn65gpluswc   9.000000  
LIN/U35                   XOR4D0          tcbn65gpluswc   9.000000  
LIN/U36                   XOR4D0          tcbn65gpluswc   9.000000  
LIN/U37                   XOR4D0          tcbn65gpluswc   9.000000  
LIN/U38                   XOR4D0          tcbn65gpluswc   9.000000  
LIN/U39                   XOR4D0          tcbn65gpluswc   9.000000  
LIN/U40                   XOR4D0          tcbn65gpluswc   9.000000  
LIN/U41                   XOR4D0          tcbn65gpluswc   9.000000  
LIN/U42                   XOR4D0          tcbn65gpluswc   9.000000  
LIN/U43                   XOR4D0          tcbn65gpluswc   9.000000  
LIN/U44                   XOR4D0          tcbn65gpluswc   9.000000  
LIN/U45                   XOR4D0          tcbn65gpluswc   9.000000  
LIN/U46                   XOR4D0          tcbn65gpluswc   9.000000  
LIN/U47                   XOR3D0          tcbn65gpluswc   6.120000  
LIN/U48                   XOR4D0          tcbn65gpluswc   9.000000  
LIN/U49                   XOR4D0          tcbn65gpluswc   9.000000  
LIN/U50                   XOR3D0          tcbn65gpluswc   6.120000  
LIN/U51                   XOR4D0          tcbn65gpluswc   9.000000  
LIN/U52                   XOR4D0          tcbn65gpluswc   9.000000  
LIN/U53                   XOR3D0          tcbn65gpluswc   6.120000  
LIN/U54                   XOR4D0          tcbn65gpluswc   9.000000  
LIN/U55                   XOR4D0          tcbn65gpluswc   9.000000  
LIN/U56                   XOR3D0          tcbn65gpluswc   6.120000  
LIN/U57                   XOR4D0          tcbn65gpluswc   9.000000  
LIN/U58                   XOR4D0          tcbn65gpluswc   9.000000  
LIN/U59                   XOR3D0          tcbn65gpluswc   6.120000  
LIN/U60                   XOR4D0          tcbn65gpluswc   9.000000  
LIN/U61                   XOR4D0          tcbn65gpluswc   9.000000  
LIN/U62                   XOR4D0          tcbn65gpluswc   9.000000  
LIN/U63                   XOR4D0          tcbn65gpluswc   9.000000  
LIN/U64                   XOR4D0          tcbn65gpluswc   9.000000  
LIN/U65                   XOR4D0          tcbn65gpluswc   9.000000  
LIN/U66                   XOR4D0          tcbn65gpluswc   9.000000  
LIN/U67                   XOR4D0          tcbn65gpluswc   9.000000  
LIN/U68                   XOR4D0          tcbn65gpluswc   9.000000  
LIN/U69                   XOR4D0          tcbn65gpluswc   9.000000  
LIN/U70                   XOR4D0          tcbn65gpluswc   9.000000  
LIN/U71                   XOR3D0          tcbn65gpluswc   6.120000  
LIN/U72                   XOR4D0          tcbn65gpluswc   9.000000  
LIN/U73                   XOR4D0          tcbn65gpluswc   9.000000  
LIN/U74                   XOR3D0          tcbn65gpluswc   6.120000  
LIN/U75                   XOR3D0          tcbn65gpluswc   6.120000  
LIN/U76                   XOR3D0          tcbn65gpluswc   6.120000  
LIN/U77                   XOR4D0          tcbn65gpluswc   9.000000  
LIN/U78                   XOR4D0          tcbn65gpluswc   9.000000  
LIN/U79                   XOR4D0          tcbn65gpluswc   9.000000  
LIN/U80                   XOR4D0          tcbn65gpluswc   9.000000  
LIN/U81                   XOR4D0          tcbn65gpluswc   9.000000  
LIN/U82                   XOR4D0          tcbn65gpluswc   9.000000  
LIN/U83                   XOR3D0          tcbn65gpluswc   6.120000  
LIN/U84                   XOR3D0          tcbn65gpluswc   6.120000  
LIN/U85                   XOR4D0          tcbn65gpluswc   9.000000  
LIN/U86                   XOR4D0          tcbn65gpluswc   9.000000  
LIN/U87                   XOR4D0          tcbn65gpluswc   9.000000  
LIN/U88                   XOR3D0          tcbn65gpluswc   6.120000  
LIN/U89                   XOR4D0          tcbn65gpluswc   9.000000  
LIN/U90                   XOR4D0          tcbn65gpluswc   9.000000  
LIN/U91                   XOR3D0          tcbn65gpluswc   6.120000  
LIN/U92                   XOR3D0          tcbn65gpluswc   6.120000  
LIN/U93                   XOR3D0          tcbn65gpluswc   6.120000  
LIN/U94                   XOR2D0          tcbn65gpluswc   3.600000  
NLIN/U1                   AN2D0           tcbn65gpluswc   2.160000  
NLIN/U2                   AN2D0           tcbn65gpluswc   2.160000  
NLIN/U3                   AN2D0           tcbn65gpluswc   2.160000  
NLIN/U4                   AN2D0           tcbn65gpluswc   2.160000  
NLIN/U5                   AN2D0           tcbn65gpluswc   2.160000  
NLIN/U6                   AN2D0           tcbn65gpluswc   2.160000  
NLIN/U7                   AN2D0           tcbn65gpluswc   2.160000  
NLIN/U8                   AN2D0           tcbn65gpluswc   2.160000  
NLIN/U9                   AN2D0           tcbn65gpluswc   2.160000  
NLIN/U10                  AN2D0           tcbn65gpluswc   2.160000  
NLIN/U11                  AN2D0           tcbn65gpluswc   2.160000  
NLIN/U12                  AN2D0           tcbn65gpluswc   2.160000  
NLIN/U13                  AN2D0           tcbn65gpluswc   2.160000  
NLIN/U14                  AN2D0           tcbn65gpluswc   2.160000  
NLIN/U15                  AN2D0           tcbn65gpluswc   2.160000  
NLIN/U16                  AN2D0           tcbn65gpluswc   2.160000  
NLIN/U17                  AN2D0           tcbn65gpluswc   2.160000  
NLIN/U18                  AN2D0           tcbn65gpluswc   2.160000  
NLIN/U19                  AN2D0           tcbn65gpluswc   2.160000  
NLIN/U20                  AN2D0           tcbn65gpluswc   2.160000  
NLIN/U21                  AN2D0           tcbn65gpluswc   2.160000  
NLIN/U22                  AN2D0           tcbn65gpluswc   2.160000  
NLIN/U23                  AN2D0           tcbn65gpluswc   2.160000  
NLIN/U24                  AN2D0           tcbn65gpluswc   2.160000  
NLIN/U25                  AN2D0           tcbn65gpluswc   2.160000  
NLIN/U26                  AN2D0           tcbn65gpluswc   2.160000  
NLIN/U27                  AN2D0           tcbn65gpluswc   2.160000  
NLIN/U28                  AN2D0           tcbn65gpluswc   2.160000  
NLIN/U29                  AN2D0           tcbn65gpluswc   2.160000  
NLIN/U30                  AN2D0           tcbn65gpluswc   2.160000  
NLIN/U31                  AN2D0           tcbn65gpluswc   2.160000  
NLIN/U32                  AN2D0           tcbn65gpluswc   2.160000  
NLIN/U33                  AN2D0           tcbn65gpluswc   2.160000  
NLIN/U34                  AN2D0           tcbn65gpluswc   2.160000  
NLIN/U35                  AN2D0           tcbn65gpluswc   2.160000  
NLIN/U36                  AN2D0           tcbn65gpluswc   2.160000  
NLIN/U37                  AN2D0           tcbn65gpluswc   2.160000  
NLIN/U38                  AN2D0           tcbn65gpluswc   2.160000  
NLIN/U39                  AN2D0           tcbn65gpluswc   2.160000  
NLIN/U40                  AN2D0           tcbn65gpluswc   2.160000  
NLIN/U41                  AN2D0           tcbn65gpluswc   2.160000  
NLIN/U42                  AN2D0           tcbn65gpluswc   2.160000  
NLIN/U43                  AN2D0           tcbn65gpluswc   2.160000  
NLIN/U44                  AN2D0           tcbn65gpluswc   2.160000  
NLIN/U45                  AN2D0           tcbn65gpluswc   2.160000  
NLIN/U46                  AN2D0           tcbn65gpluswc   2.160000  
NLIN/U47                  AN2D0           tcbn65gpluswc   2.160000  
NLIN/U48                  AN2D0           tcbn65gpluswc   2.160000  
NLIN/U49                  AN2D0           tcbn65gpluswc   2.160000  
NLIN/U50                  AN2D0           tcbn65gpluswc   2.160000  
NLIN/U51                  AN2D0           tcbn65gpluswc   2.160000  
NLIN/U52                  AN2D0           tcbn65gpluswc   2.160000  
NLIN/U53                  AN2D0           tcbn65gpluswc   2.160000  
NLIN/U54                  AN2D0           tcbn65gpluswc   2.160000  
NLIN/U55                  AN2D0           tcbn65gpluswc   2.160000  
NLIN/U56                  AN2D0           tcbn65gpluswc   2.160000  
NLIN/U57                  AN2D0           tcbn65gpluswc   2.160000  
NLIN/U58                  AN2D0           tcbn65gpluswc   2.160000  
NLIN/U59                  AN2D0           tcbn65gpluswc   2.160000  
NLIN/U60                  AN2D0           tcbn65gpluswc   2.160000  
NLIN/U61                  AN2D0           tcbn65gpluswc   2.160000  
NLIN/U62                  AN2D0           tcbn65gpluswc   2.160000  
NLIN/U63                  AN2D0           tcbn65gpluswc   2.160000  
NLIN/U64                  AN2D0           tcbn65gpluswc   2.160000  
NLIN/U65                  AN2D0           tcbn65gpluswc   2.160000  
NLIN/U66                  AN2D0           tcbn65gpluswc   2.160000  
NLIN/U67                  AN2D0           tcbn65gpluswc   2.160000  
NLIN/U68                  AN2D0           tcbn65gpluswc   2.160000  
NLIN/U69                  AN2D0           tcbn65gpluswc   2.160000  
NLIN/U70                  AN2D0           tcbn65gpluswc   2.160000  
NLIN/U71                  AN2D0           tcbn65gpluswc   2.160000  
NLIN/U72                  AN2D0           tcbn65gpluswc   2.160000  
NLIN/U73                  AN2D0           tcbn65gpluswc   2.160000  
NLIN/U74                  AN2D0           tcbn65gpluswc   2.160000  
NLIN/U75                  AN2D0           tcbn65gpluswc   2.160000  
NLIN/U76                  AN2D0           tcbn65gpluswc   2.160000  
NLIN/U77                  AN2D0           tcbn65gpluswc   2.160000  
NLIN/U78                  AN2D0           tcbn65gpluswc   2.160000  
NLIN/U79                  AN2D0           tcbn65gpluswc   2.160000  
NLIN/U80                  AN2D0           tcbn65gpluswc   2.160000  
NLIN/U81                  AN2D0           tcbn65gpluswc   2.160000  
NLIN/U82                  AN2D0           tcbn65gpluswc   2.160000  
NLIN/U83                  AN2D0           tcbn65gpluswc   2.160000  
NLIN/U84                  AN2D0           tcbn65gpluswc   2.160000  
NLIN/U85                  AN2D0           tcbn65gpluswc   2.160000  
NLIN/U86                  AN2D0           tcbn65gpluswc   2.160000  
NLIN/U87                  AN2D0           tcbn65gpluswc   2.160000  
NLIN/U88                  AN2D0           tcbn65gpluswc   2.160000  
NLIN/U89                  AN2D0           tcbn65gpluswc   2.160000  
NLIN/U90                  AN2D0           tcbn65gpluswc   2.160000  
NLIN/U91                  AN2D0           tcbn65gpluswc   2.160000  
NLIN/U92                  AN2D0           tcbn65gpluswc   2.160000  
NLIN/U93                  AN2D0           tcbn65gpluswc   2.160000  
NLIN/U94                  AN2D0           tcbn65gpluswc   2.160000  
NLIN/U95                  AN2D0           tcbn65gpluswc   2.160000  
NLIN/U96                  AN2D0           tcbn65gpluswc   2.160000  
NLIN/U97                  AN2D0           tcbn65gpluswc   2.160000  
NLIN/U98                  AN2D0           tcbn65gpluswc   2.160000  
NLIN/U99                  AN2D0           tcbn65gpluswc   2.160000  
NLIN/U100                 AN2D0           tcbn65gpluswc   2.160000  
NLIN/U101                 AN2D0           tcbn65gpluswc   2.160000  
NLIN/U102                 AN2D0           tcbn65gpluswc   2.160000  
NLIN/U103                 AN2D0           tcbn65gpluswc   2.160000  
NLIN/U104                 AN2D0           tcbn65gpluswc   2.160000  
NLIN/U105                 AN2D0           tcbn65gpluswc   2.160000  
NLIN/U106                 AN2D0           tcbn65gpluswc   2.160000  
NLIN/U107                 AN2D0           tcbn65gpluswc   2.160000  
NLIN/U108                 AN2D0           tcbn65gpluswc   2.160000  
NLIN/U109                 AN2D0           tcbn65gpluswc   2.160000  
NLIN/U110                 AN2D0           tcbn65gpluswc   2.160000  
NLIN/U111                 AN2D0           tcbn65gpluswc   2.160000  
NLIN/U112                 AN2D0           tcbn65gpluswc   2.160000  
NLIN/U113                 AN2D0           tcbn65gpluswc   2.160000  
NLIN/U114                 AN2D0           tcbn65gpluswc   2.160000  
NLIN/U115                 AN2D0           tcbn65gpluswc   2.160000  
NLIN/U116                 AN2D0           tcbn65gpluswc   2.160000  
NLIN/U117                 AN2D0           tcbn65gpluswc   2.160000  
NLIN/U118                 AN2D0           tcbn65gpluswc   2.160000  
NLIN/U119                 AN2D0           tcbn65gpluswc   2.160000  
NLIN/U120                 AN2D0           tcbn65gpluswc   2.160000  
NLIN/U121                 AN2D0           tcbn65gpluswc   2.160000  
NLIN/U122                 AN2D0           tcbn65gpluswc   2.160000  
NLIN/U123                 AN2D0           tcbn65gpluswc   2.160000  
NLIN/U124                 AN2D0           tcbn65gpluswc   2.160000  
NLIN/U125                 AN2D0           tcbn65gpluswc   2.160000  
NLIN/U126                 AN2D0           tcbn65gpluswc   2.160000  
NLIN/U127                 AN2D0           tcbn65gpluswc   2.160000  
NLIN/U128                 AN2D0           tcbn65gpluswc   2.160000  
NLIN/U129                 AN2D0           tcbn65gpluswc   2.160000  
NLIN/U130                 AN2D0           tcbn65gpluswc   2.160000  
NLIN/U131                 AN2D0           tcbn65gpluswc   2.160000  
NLIN/U132                 AN2D0           tcbn65gpluswc   2.160000  
NLIN/U133                 AN2D0           tcbn65gpluswc   2.160000  
NLIN/U134                 AN2D0           tcbn65gpluswc   2.160000  
NLIN/U135                 AN2D0           tcbn65gpluswc   2.160000  
NLIN/U136                 AN2D0           tcbn65gpluswc   2.160000  
NLIN/U137                 AN2D0           tcbn65gpluswc   2.160000  
NLIN/U138                 AN2D0           tcbn65gpluswc   2.160000  
NLIN/U139                 AN2D0           tcbn65gpluswc   2.160000  
NLIN/U140                 AN2D0           tcbn65gpluswc   2.160000  
NLIN/U141                 AN2D0           tcbn65gpluswc   2.160000  
NLIN/U142                 AN2D0           tcbn65gpluswc   2.160000  
NLIN/U143                 AN2D0           tcbn65gpluswc   2.160000  
NLIN/U144                 AN2D0           tcbn65gpluswc   2.160000  
NLIN/U145                 AN2D0           tcbn65gpluswc   2.160000  
NLIN/U146                 AN2D0           tcbn65gpluswc   2.160000  
NLIN/U147                 AN2D0           tcbn65gpluswc   2.160000  
NLIN/U148                 AN2D0           tcbn65gpluswc   2.160000  
NLIN/U149                 AN2D0           tcbn65gpluswc   2.160000  
NLIN/U150                 AN2D0           tcbn65gpluswc   2.160000  
NLIN/U151                 AN2D0           tcbn65gpluswc   2.160000  
NLIN/U152                 AN2D0           tcbn65gpluswc   2.160000  
NLIN/U153                 AN2D0           tcbn65gpluswc   2.160000  
NLIN/U154                 AN2D0           tcbn65gpluswc   2.160000  
NLIN/U155                 AN2D0           tcbn65gpluswc   2.160000  
NLIN/U156                 AN2D0           tcbn65gpluswc   2.160000  
NLIN/U157                 AN2D0           tcbn65gpluswc   2.160000  
NLIN/U158                 AN2D0           tcbn65gpluswc   2.160000  
NLIN/U159                 AN2D0           tcbn65gpluswc   2.160000  
NLIN/U160                 AN2D0           tcbn65gpluswc   2.160000  
NLIN/U161                 AN2D0           tcbn65gpluswc   2.160000  
NLIN/U162                 AN2D0           tcbn65gpluswc   2.160000  
NLIN/U163                 AN2D0           tcbn65gpluswc   2.160000  
NLIN/U164                 AN2D0           tcbn65gpluswc   2.160000  
NLIN/U165                 AN2D0           tcbn65gpluswc   2.160000  
NLIN/U166                 AN2D0           tcbn65gpluswc   2.160000  
NLIN/U167                 AN2D0           tcbn65gpluswc   2.160000  
NLIN/U168                 AN2D0           tcbn65gpluswc   2.160000  
NLIN/U169                 AN2D0           tcbn65gpluswc   2.160000  
NLIN/U170                 AN2D0           tcbn65gpluswc   2.160000  
NLIN/U171                 AN2D0           tcbn65gpluswc   2.160000  
NLIN/U172                 AN2D0           tcbn65gpluswc   2.160000  
NLIN/U173                 AN2D0           tcbn65gpluswc   2.160000  
NLIN/U174                 AN2D0           tcbn65gpluswc   2.160000  
NLIN/U175                 AN2D0           tcbn65gpluswc   2.160000  
NLIN/U176                 AN2D0           tcbn65gpluswc   2.160000  
NLIN/U177                 AN2D0           tcbn65gpluswc   2.160000  
NLIN/U178                 AN2D0           tcbn65gpluswc   2.160000  
NLIN/U179                 AN2D0           tcbn65gpluswc   2.160000  
NLIN/U180                 AN2D0           tcbn65gpluswc   2.160000  
NLIN/U181                 AN2D0           tcbn65gpluswc   2.160000  
NLIN/U182                 AN2D0           tcbn65gpluswc   2.160000  
NLIN/U183                 AN2D0           tcbn65gpluswc   2.160000  
NLIN/U184                 AN2D0           tcbn65gpluswc   2.160000  
NLIN/U185                 AN2D0           tcbn65gpluswc   2.160000  
NLIN/U186                 AN2D0           tcbn65gpluswc   2.160000  
NLIN/U187                 AN2D0           tcbn65gpluswc   2.160000  
NLIN/U188                 AN2D0           tcbn65gpluswc   2.160000  
NLIN/U189                 AN2D0           tcbn65gpluswc   2.160000  
NLIN/U190                 AN2D0           tcbn65gpluswc   2.160000  
NLIN/U191                 AN2D0           tcbn65gpluswc   2.160000  
NLIN/U192                 AN2D0           tcbn65gpluswc   2.160000  
NLIN/U193                 AN2D0           tcbn65gpluswc   2.160000  
NLIN/U194                 AN2D0           tcbn65gpluswc   2.160000  
NLIN/U195                 AN2D0           tcbn65gpluswc   2.160000  
NLIN/U196                 AN2D0           tcbn65gpluswc   2.160000  
NLIN/U197                 AN2D0           tcbn65gpluswc   2.160000  
NLIN/U198                 AN2D0           tcbn65gpluswc   2.160000  
NLIN/U199                 AN2D0           tcbn65gpluswc   2.160000  
NLIN/U200                 AN2D0           tcbn65gpluswc   2.160000  
NLIN/U201                 AN2D0           tcbn65gpluswc   2.160000  
NLIN/U202                 AN2D0           tcbn65gpluswc   2.160000  
NLIN/U203                 AN2D0           tcbn65gpluswc   2.160000  
NLIN/U204                 AN2D0           tcbn65gpluswc   2.160000  
NLIN/U205                 AN2D0           tcbn65gpluswc   2.160000  
NLIN/U206                 AN2D0           tcbn65gpluswc   2.160000  
NLIN/U207                 AN2D0           tcbn65gpluswc   2.160000  
NLIN/U208                 AN2D0           tcbn65gpluswc   2.160000  
NLIN/U209                 AN2D0           tcbn65gpluswc   2.160000  
NLIN/U210                 AN2D0           tcbn65gpluswc   2.160000  
NLIN/U211                 AN2D0           tcbn65gpluswc   2.160000  
NLIN/U212                 AN2D0           tcbn65gpluswc   2.160000  
NLIN/U213                 AN2D0           tcbn65gpluswc   2.160000  
NLIN/U214                 AN2D0           tcbn65gpluswc   2.160000  
NLIN/U215                 AN2D0           tcbn65gpluswc   2.160000  
NLIN/U216                 AN2D0           tcbn65gpluswc   2.160000  
NLIN/U217                 AN2D0           tcbn65gpluswc   2.160000  
NLIN/U218                 AN2D0           tcbn65gpluswc   2.160000  
NLIN/U219                 AN2D0           tcbn65gpluswc   2.160000  
NLIN/U220                 AN2D0           tcbn65gpluswc   2.160000  
NLIN/U221                 AN2D0           tcbn65gpluswc   2.160000  
NLIN/U222                 AN2D0           tcbn65gpluswc   2.160000  
NLIN/U223                 AN2D0           tcbn65gpluswc   2.160000  
NLIN/U224                 AN2D0           tcbn65gpluswc   2.160000  
NLIN/U225                 AN2D0           tcbn65gpluswc   2.160000  
NLIN/U226                 AN2D0           tcbn65gpluswc   2.160000  
NLIN/U227                 AN2D0           tcbn65gpluswc   2.160000  
NLIN/U228                 AN2D0           tcbn65gpluswc   2.160000  
NLIN/U229                 AN2D0           tcbn65gpluswc   2.160000  
NLIN/U230                 AN2D0           tcbn65gpluswc   2.160000  
NLIN/U231                 AN2D0           tcbn65gpluswc   2.160000  
NLIN/U232                 AN2D0           tcbn65gpluswc   2.160000  
NLIN/U233                 AN2D0           tcbn65gpluswc   2.160000  
NLIN/U234                 AN2D0           tcbn65gpluswc   2.160000  
NLIN/U235                 AN2D0           tcbn65gpluswc   2.160000  
NLIN/U236                 AN2D0           tcbn65gpluswc   2.160000  
NLIN/U237                 AN2D0           tcbn65gpluswc   2.160000  
NLIN/U238                 AN2D0           tcbn65gpluswc   2.160000  
NLIN/U239                 AN2D0           tcbn65gpluswc   2.160000  
NLIN/U240                 AN2D0           tcbn65gpluswc   2.160000  
NLIN/U241                 AN2D0           tcbn65gpluswc   2.160000  
NLIN/U242                 AN2D0           tcbn65gpluswc   2.160000  
NLIN/U243                 AN2D0           tcbn65gpluswc   2.160000  
NLIN/U244                 AN2D0           tcbn65gpluswc   2.160000  
NLIN/U245                 AN2D0           tcbn65gpluswc   2.160000  
NLIN/U246                 AN2D0           tcbn65gpluswc   2.160000  
NLIN/U247                 AN2D0           tcbn65gpluswc   2.160000  
--------------------------------------------------------------------------------
Total 341 cells                                           1302.120018
1
