Information: Updating design information... (UID-85)
 
****************************************
Report : timing
        -path full
        -delay max
        -nets
        -max_paths 1
        -transition_time
Design : gen_cla_decomposed
Version: K-2015.06-SP5-1
Date   : Mon Apr 18 15:16:32 2016
****************************************

Operating Conditions: WCCOM   Library: tcbn65gpluswc
Wire Load Model Mode: segmented

  Startpoint: a[0] (input port)
  Endpoint: s[3] (output port)
  Path Group: (none)
  Path Type: max

  Des/Clust/Port     Wire Load Model       Library
  ------------------------------------------------
  gen_cla_decomposed ZeroWireload          tcbn65gpluswc

Attributes:
    d - dont_touch
    u - dont_use
   mo - map_only
   so - size_only
    i - ideal_net or ideal_network
  inf - infeasible path

  Point                        Fanout     Trans      Incr       Path      Attributes
  ------------------------------------------------------------------------------------------
  input external delay                               0.00       0.00 r
  a[0] (in)                                0.00      0.00       0.00 r
  a[0] (net)                     2                   0.00       0.00 r
  NLIN/U11/Z (AN2D0)                       0.06      0.07       0.07 r
  n[0] (net)                     3                   0.00       0.07 r
  NLIN/U7/Z (AN2D0)                        0.07      0.09       0.16 r
  n[2] (net)                     3                   0.00       0.16 r
  NLIN/U4/Z (AN2D0)                        0.05      0.08       0.24 r
  n[6] (net)                     1                   0.00       0.24 r
  LIN/U3/Z (XOR4D0)                        0.06      0.19       0.43 f
  LIN/n1 (net)                   1                   0.00       0.43 f
  LIN/U1/Z (XOR3D0)                        0.02      0.19       0.62 f
  s[3] (net)                     1                   0.00       0.62 f
  s[3] (out)                               0.02      0.00       0.62 f
  data arrival time                                             0.62
  ------------------------------------------------------------------------------------------
  (Path is unconstrained)


1
