 
****************************************
Report : reference
Design : gen_cla_decomposed
Version: K-2015.06-SP5-1
Date   : Mon Apr 18 15:22:03 2016
****************************************

Attributes:
    b - black box (unknown)
   bo - allows boundary optimization
    d - dont_touch
   mo - map_only
    h - hierarchical
    n - noncombinational
    r - removable
    s - synthetic operator
    u - contains unmapped logic

Reference          Library       Unit Area   Count    Total Area   Attributes
-----------------------------------------------------------------------------
AN2D0              tcbn65gpluswc     2.160000      57   123.120005
XOR2D0             tcbn65gpluswc     3.600000       1     3.600000
XOR3D0             tcbn65gpluswc     6.120000      10    61.199999
XOR4D0             tcbn65gpluswc     9.000000      14   126.000000
-----------------------------------------------------------------------------
Total 4 references                                    313.920004
1
