 
****************************************
Report : area
Design : nand2
Version: K-2015.06-SP5-1
Date   : Mon Apr 18 16:27:22 2016
****************************************

Library(s) Used:

    tcbn65gpluswc (File: /cadtools/tsmc/digital/Front_End/timing_power_noise/NLDM/tcbn65gplus_121b/tcbn65gpluswc.db)

Number of ports:                            3
Number of nets:                             3
Number of cells:                            1
Number of combinational cells:              1
Number of sequential cells:                 0
Number of macros/black boxes:               0
Number of buf/inv:                          0
Number of references:                       1

Combinational area:                  1.440000
Buf/Inv area:                        0.000000
Noncombinational area:               0.000000
Macro/Black Box area:                0.000000
Net Interconnect area:      undefined  (Wire load has zero net area)

Total cell area:                     1.440000
Total area:                 undefined
1
