Information: Updating design information... (UID-85)
 
****************************************
Report : timing
        -path full
        -delay max
        -nets
        -max_paths 1
        -transition_time
Design : nand2
Version: K-2015.06-SP5-1
Date   : Mon Apr 18 16:27:22 2016
****************************************

Operating Conditions: WCCOM   Library: tcbn65gpluswc
Wire Load Model Mode: segmented

  Startpoint: a (input port)
  Endpoint: c (output port)
  Path Group: (none)
  Path Type: max

  Des/Clust/Port     Wire Load Model       Library
  ------------------------------------------------
  nand2              ZeroWireload          tcbn65gpluswc

Attributes:
    d - dont_touch
    u - dont_use
   mo - map_only
   so - size_only
    i - ideal_net or ideal_network
  inf - infeasible path

  Point                        Fanout     Trans      Incr       Path      Attributes
  ------------------------------------------------------------------------------------------
  input external delay                               0.00       0.00 f
  a (in)                                   0.00      0.00       0.00 f
  a (net)                        1                   0.00       0.00 f
  U2/ZN (CKND2D0)                          0.02      0.01       0.01 r
  c (net)                        1                   0.00       0.01 r
  c (out)                                  0.02      0.00       0.01 r
  data arrival time                                             0.01
  ------------------------------------------------------------------------------------------
  (Path is unconstrained)


1
