/cadtools/tsmc/digital/Front_End/timing_power_noise/NLDM/tcbn65gplus_121b/tcbn65gpluswc.db
/cadtools/tsmc/digital/Front_End/timing_power_noise/NLDM/tcbn65gplus_121b/tcbn65gplusbc.db
/cadtools/tsmc/digital/Front_End/timing_power/tcbn65gpluscg_121a/tcbn65gpluscgwc.db
/cadtools/tsmc/digital/Front_End/timing_power/tcbn65gpluscg_121a/tcbn65gpluscgbc.db
/cadtools/tsmc/digital/Front_End/timing_power_noise/NLDM/tcbn65gplushvt_121b/tcbn65gplushvtwc.db
/cadtools/tsmc/digital/Front_End/timing_power_noise/NLDM/tcbn65gplushvt_121b/tcbn65gplushvtbc.db
/cadtools/tsmc/digital/Front_End/timing_power/tcbn65gpluscghvt_121a/tcbn65gpluscghvtwc.db
/cadtools/tsmc/digital/Front_End/timing_power/tcbn65gpluscghvt_121a/tcbn65gpluscghvtbc.db
/cadtools/synopsys/2009/synthesis/auxx/gui/dv/dv_setup.tcl
/cadtools/synopsys/2009/synthesis/auxx/gui/syn/snpsSynProcs.tcl
/cadtools/synopsys/2009/synthesis/auxx/gui/syn/layout/pkgIndex.tcl
/cadtools/synopsys/2009/synthesis/auxx/gui/common/pathinspector/pkgIndex.tcl
/cadtools/synopsys/2009/synthesis/auxx/gui/common/highlight/pkgIndex.tcl
/cadtools/synopsys/2009/synthesis/auxx/gui/common/tcl-dp/pkgIndex.tcl
/cadtools/synopsys/2009/synthesis/auxx/gui/common/docBrowser/pkgIndex.tcl
/cadtools/synopsys/2009/synthesis/auxx/gui/common/histogram/pkgIndex.tcl
/cadtools/synopsys/2009/synthesis/auxx/gui/common/regressionToolkit/pkgIndex.tcl
/cadtools/synopsys/2009/synthesis/auxx/gui/common/opdlg/pkgIndex.tcl
/cadtools/synopsys/2009/synthesis/auxx/gui/common/dialogs/pkgIndex.tcl
/cadtools/synopsys/2009/synthesis/auxx/gui/common/strokes/pkgIndex.tcl
/cadtools/synopsys/2009/synthesis/auxx/gui/common/profiler/pkgIndex.tcl
/cadtools/synopsys/2009/synthesis/auxx/gui/common/fanoutviewer/pkgIndex.tcl
/cadtools/synopsys/2009/synthesis/auxx/gui/common/table/pkgIndex.tcl
/cadtools/synopsys/2009/synthesis/auxx/gui/common/schematic/pkgIndex.tcl
/cadtools/synopsys/2009/synthesis/auxx/gui/common/menus/pkgIndex.tcl
/cadtools/synopsys/2009/synthesis/auxx/gui/common/WindowFrameWork/pkgIndex.tcl
/cadtools/synopsys/2009/synthesis/auxx/gui/common/hierarchy/pkgIndex.tcl
/cadtools/synopsys/2009/synthesis/auxx/gui/common/setup/pkgIndex.tcl
/cadtools/synopsys/2009/synthesis/auxx/gui/common/qtcl/pkgIndex.tcl
/cadtools/synopsys/2009/synthesis/auxx/gui/common/view/pkgIndex.tcl
/cadtools/synopsys/2009/synthesis/auxx/gui/common/select/pkgIndex.tcl
/cadtools/synopsys/2009/synthesis/auxx/gui/common/misc/pkgIndex.tcl
/cadtools/synopsys/2009/synthesis/auxx/gui/common/libviewer/pkgIndex.tcl
/cadtools/synopsys/2009/synthesis/auxx/tcllib/snps_tcl/snpsUtils/pkgIndex.tcl
/cadtools/synopsys/2009/synthesis/auxx/tcllib/snps_tcl/snpsTclPro/pkgIndex.tcl
/cadtools/synopsys/2009/synthesis/auxx/tcllib/snps_tcl/snpsTest/pkgIndex.tcl
/cadtools/synopsys/2009/synthesis/auxx/tcllib/lib/tcl8.4/dde/pkgIndex.tcl
/cadtools/synopsys/2009/synthesis/auxx/tcllib/lib/tcl8.4/msgcat/pkgIndex.tcl
/cadtools/synopsys/2009/synthesis/auxx/tcllib/lib/tcl8.4/http/pkgIndex.tcl
/cadtools/synopsys/2009/synthesis/auxx/tcllib/lib/tcl8.4/opt/pkgIndex.tcl
/cadtools/synopsys/2009/synthesis/auxx/tcllib/lib/tcl8.4/reg/pkgIndex.tcl
/cadtools/synopsys/2009/synthesis/auxx/tcllib/lib/tcl8.4/tcltest/pkgIndex.tcl
/cadtools/synopsys/2009/synthesis/auxx/tcllib/lib/tcl8.4/http1.0/pkgIndex.tcl
/cadtools/synopsys/2009/synthesis/auxx/gui/common/setup/snpsCommonSetup.tcl
/cadtools/synopsys/2009/synthesis/auxx/gui/common/setup/snpsCustomize.tcl
/cadtools/synopsys/2009/synthesis/auxx/gui/common/setup/snpsProcheck.tcl
/cadtools/synopsys/2009/synthesis/auxx/gui/common/qtcl/.synopsys_qtcl.tcl
/cadtools/synopsys/2009/synthesis/auxx/gui/common/highlight/highlight.tcl
/cadtools/synopsys/2009/synthesis/auxx/gui/common/misc/base.tcl
/cadtools/synopsys/2009/synthesis/auxx/gui/common/misc/timing.tcl
/cadtools/synopsys/2009/synthesis/auxx/gui/common/misc/setting.tcl
/cadtools/synopsys/2009/synthesis/auxx/gui/common/docBrowser/docBrowser.tcl
/cadtools/synopsys/2009/synthesis/auxx/tcllib/snps_tcl/snpsUtils/snpsUtils.tcl
/cadtools/synopsys/2009/synthesis/auxx/gui/common/WindowFrameWork/windowFrameWork.tcl
/cadtools/synopsys/2009/synthesis/auxx/gui/common/WindowFrameWork/skipBusyCursorCmdList.tcl
/cadtools/synopsys/2009/synthesis/auxx/gui/common/dialogs/ObjectChooser.tcl
/cadtools/synopsys/2009/synthesis/auxx/gui/common/misc/DialogObjectChooser.tcl
/cadtools/synopsys/2009/synthesis/auxx/gui/common/dialogs/HistBinInformation.tcl
/cadtools/synopsys/2009/synthesis/auxx/gui/common/dialogs/HistBin1Information.tcl
/cadtools/synopsys/2009/synthesis/auxx/gui/common/dialogs/BinsOnlyInformation.tcl
/cadtools/synopsys/2009/synthesis/auxx/gui/common/dialogs/FileChooser.tcl
/cadtools/synopsys/2009/synthesis/auxx/gui/common/dialogs/PathPinSimpleInfo.tcl
/cadtools/synopsys/2009/synthesis/auxx/gui/common/dialogs/PathsBasicInfo.tcl
/cadtools/synopsys/2009/synthesis/auxx/gui/common/dialogs/PathsBasicSimpleInfo.tcl
/cadtools/synopsys/2009/synthesis/auxx/gui/common/dialogs/SlctOperationInfo.tcl
/cadtools/synopsys/2009/synthesis/auxx/gui/common/dialogs/ObjectListInfo.tcl
/cadtools/synopsys/2009/synthesis/auxx/gui/common/dialogs/FanInOutInfo.tcl
/cadtools/synopsys/2009/synthesis/auxx/gui/common/dialogs/NumberOfLevelsChooser.tcl
/cadtools/synopsys/2009/synthesis/auxx/gui/common/dialogs/WindowReuseInfo.tcl
/cadtools/synopsys/2009/synthesis/auxx/gui/common/dialogs/ReportOutputOptionInfo.tcl
/cadtools/synopsys/2009/synthesis/auxx/gui/common/setup/snpsCollections.tcl
/cadtools/synopsys/2009/synthesis/auxx/gui/common/dialogs/CompileLinkDesign.tcl
/cadtools/synopsys/2009/synthesis/auxx/gui/common/histogram/DialogEndpointSlack.tcl
/cadtools/synopsys/2009/synthesis/auxx/gui/common/histogram/DialogPathsSlack.tcl
/cadtools/synopsys/2009/synthesis/auxx/gui/common/histogram/DialogNetCapacitance.tcl
/cadtools/synopsys/2009/synthesis/auxx/gui/common/schematic/DialogPathSchematicFanInOut.tcl
/cadtools/synopsys/2009/synthesis/auxx/gui/common/schematic/DialogPathSchematicAddPaths.tcl
/cadtools/synopsys/2009/synthesis/auxx/gui/common/histogram/base.tcl
/cadtools/synopsys/2009/synthesis/auxx/gui/common/profiler/base.tcl
/cadtools/synopsys/2009/synthesis/auxx/gui/common/schematic/base.tcl
/cadtools/synopsys/2009/synthesis/auxx/gui/common/select/baseInternal.tcl
/cadtools/synopsys/2009/synthesis/auxx/gui/common/schematic/enable.tcl
/cadtools/synopsys/2009/synthesis/auxx/gui/common/schematic/netlist.tcl
/cadtools/synopsys/2009/synthesis/auxx/gui/common/schematic/method.tcl
/cadtools/synopsys/2009/synthesis/auxx/gui/common/misc/createViewType.tcl
/cadtools/synopsys/2009/synthesis/auxx/gui/common/menus/base.tcl
/cadtools/synopsys/2009/synthesis/auxx/gui/common/libviewer/base.tcl
/cadtools/synopsys/2009/synthesis/auxx/gui/common/misc/viewmgr.tcl
/cadtools/synopsys/2009/synthesis/auxx/gui/common/pathinspector/base.tcl
/cadtools/synopsys/2009/synthesis/auxx/gui/common/pathinspector/create_window_and_menu.tcl
/cadtools/synopsys/2009/synthesis/auxx/gui/common/misc/infotip.tcl
/cadtools/synopsys/2009/synthesis/auxx/gui/common/misc/viewporthistory.tcl
/user/erasmus/danielrb/Dropbox/Tesi/CLA_decomposed/synthesis/syn
/cadtools/synopsys/2009/synthesis/libraries/syn/dw_foundation.sldb
/cadtools/synopsys/2009/synthesis/libraries/syn/gtech.db
/cadtools/synopsys/2009/synthesis/libraries/syn/standard.sldb
/user/erasmus/danielrb/Dropbox/Tesi/CLA_decomposed/source/linear_part.v
/user/erasmus/danielrb/Dropbox/Tesi/CLA_decomposed/source/nonlinear_part.v
/user/erasmus/danielrb/Dropbox/Tesi/CLA_decomposed/source/cla_decomposed.v
/cadtools/tsmc/digital/Front_End/timing_power_noise/NLDM/tcbn65gplus_121b/tcbn65gplusbc.db
/cadtools/tsmc/digital/Front_End/timing_power/tcbn65gpluscg_121a/tcbn65gpluscgbc.db
/cadtools/tsmc/digital/Front_End/timing_power_noise/NLDM/tcbn65gplushvt_121b/tcbn65gplushvtbc.db
/cadtools/tsmc/digital/Front_End/timing_power/tcbn65gpluscghvt_121a/tcbn65gpluscghvtbc.db
/cadtools/tsmc/digital/Front_End/timing_power_noise/NLDM/tcbn65gplus_121b/tcbn65gpluswc.db
/cadtools/tsmc/digital/Front_End/timing_power/tcbn65gpluscg_121a/tcbn65gpluscgwc.db
/cadtools/tsmc/digital/Front_End/timing_power_noise/NLDM/tcbn65gplushvt_121b/tcbn65gplushvtwc.db
/cadtools/tsmc/digital/Front_End/timing_power/tcbn65gpluscghvt_121a/tcbn65gpluscghvtwc.db
/cadtools/tsmc/digital/Front_End/timing_power_noise/NLDM/tcbn65gplus_121b/tcbn65gplus.sdb
/cadtools/tsmc/digital/Front_End/timing_power/tcbn65gpluscg_121a/tcbn65gpluscg.sdb
/cadtools/tsmc/digital/Front_End/timing_power_noise/NLDM/tcbn65gplushvt_121b/tcbn65gplushvt.sdb
/cadtools/tsmc/digital/Front_End/timing_power/tcbn65gpluscghvt_121a/tcbn65gpluscghvt.sdb
/cadtools/synopsys/2009/synthesis/libraries/syn/generic.sdb
/user/erasmus/danielrb/Dropbox/Tesi/CLA_decomposed/synthesis/syn
/user/erasmus/danielrb/Dropbox/Tesi/CLA_decomposed/source/linear_part.v
/user/erasmus/danielrb/Dropbox/Tesi/CLA_decomposed/source/nonlinear_part.v
/user/erasmus/danielrb/Dropbox/Tesi/CLA_decomposed/source/cla_decomposed.v
/user/erasmus/danielrb/Dropbox/Tesi/CLA_decomposed/source/cla_8bit.v
/cadtools/tsmc/digital/Front_End/timing_power_noise/NLDM/tcbn65gplus_121b/tcbn65gplusbc.db
/cadtools/tsmc/digital/Front_End/timing_power/tcbn65gpluscg_121a/tcbn65gpluscgbc.db
/cadtools/tsmc/digital/Front_End/timing_power_noise/NLDM/tcbn65gplushvt_121b/tcbn65gplushvtbc.db
/cadtools/tsmc/digital/Front_End/timing_power/tcbn65gpluscghvt_121a/tcbn65gpluscghvtbc.db
/cadtools/tsmc/digital/Front_End/timing_power_noise/NLDM/tcbn65gplus_121b/tcbn65gpluswc.db
/cadtools/tsmc/digital/Front_End/timing_power/tcbn65gpluscg_121a/tcbn65gpluscgwc.db
/cadtools/tsmc/digital/Front_End/timing_power_noise/NLDM/tcbn65gplushvt_121b/tcbn65gplushvtwc.db
/cadtools/tsmc/digital/Front_End/timing_power/tcbn65gpluscghvt_121a/tcbn65gpluscghvtwc.db
/user/erasmus/danielrb/Dropbox/Tesi/CLA_decomposed/synthesis/syn
/user/erasmus/danielrb/Dropbox/Tesi/CLA_decomposed/source/linear_part.v
/user/erasmus/danielrb/Dropbox/Tesi/CLA_decomposed/source/nonlinear_part.v
/user/erasmus/danielrb/Dropbox/Tesi/CLA_decomposed/source/cla_decomposed.v
/user/erasmus/danielrb/Dropbox/Tesi/CLA_decomposed/source/cla_8bit.v
/cadtools/tsmc/digital/Front_End/timing_power_noise/NLDM/tcbn65gplus_121b/tcbn65gplusbc.db
/cadtools/tsmc/digital/Front_End/timing_power/tcbn65gpluscg_121a/tcbn65gpluscgbc.db
/cadtools/tsmc/digital/Front_End/timing_power_noise/NLDM/tcbn65gplushvt_121b/tcbn65gplushvtbc.db
/cadtools/tsmc/digital/Front_End/timing_power/tcbn65gpluscghvt_121a/tcbn65gpluscghvtbc.db
/cadtools/tsmc/digital/Front_End/timing_power_noise/NLDM/tcbn65gplus_121b/tcbn65gpluswc.db
/cadtools/tsmc/digital/Front_End/timing_power/tcbn65gpluscg_121a/tcbn65gpluscgwc.db
/cadtools/tsmc/digital/Front_End/timing_power_noise/NLDM/tcbn65gplushvt_121b/tcbn65gplushvtwc.db
/cadtools/tsmc/digital/Front_End/timing_power/tcbn65gpluscghvt_121a/tcbn65gpluscghvtwc.db
/user/erasmus/danielrb/Dropbox/Tesi/CLA_decomposed/synthesis/syn
/user/erasmus/danielrb/Dropbox/Tesi/CLA_decomposed/source/linear_part.v
/user/erasmus/danielrb/Dropbox/Tesi/CLA_decomposed/source/nonlinear_part.v
/user/erasmus/danielrb/Dropbox/Tesi/CLA_decomposed/source/cla_decomposed.v
/user/erasmus/danielrb/Dropbox/Tesi/CLA_decomposed/source/cla_8bit.v
/cadtools/tsmc/digital/Front_End/timing_power_noise/NLDM/tcbn65gplus_121b/tcbn65gplusbc.db
/cadtools/tsmc/digital/Front_End/timing_power/tcbn65gpluscg_121a/tcbn65gpluscgbc.db
/cadtools/tsmc/digital/Front_End/timing_power_noise/NLDM/tcbn65gplushvt_121b/tcbn65gplushvtbc.db
/cadtools/tsmc/digital/Front_End/timing_power/tcbn65gpluscghvt_121a/tcbn65gpluscghvtbc.db
/cadtools/tsmc/digital/Front_End/timing_power_noise/NLDM/tcbn65gplus_121b/tcbn65gpluswc.db
/cadtools/tsmc/digital/Front_End/timing_power/tcbn65gpluscg_121a/tcbn65gpluscgwc.db
/cadtools/tsmc/digital/Front_End/timing_power_noise/NLDM/tcbn65gplushvt_121b/tcbn65gplushvtwc.db
/cadtools/tsmc/digital/Front_End/timing_power/tcbn65gpluscghvt_121a/tcbn65gpluscghvtwc.db
