#! /usr/bin/vvp
:ivl_version "10.0 (stable)" "(v10_0)";
:ivl_delay_selection "TYPICAL";
:vpi_time_precision + 0;
:vpi_module "system";
:vpi_module "vhdl_sys";
:vpi_module "v2005_math";
:vpi_module "va_math";
S_0xf58090 .scope module, "non_lin_part" "non_lin_part" 2 10;
 .timescale 0 0;
    .port_info 0 /INPUT 31 "a"
    .port_info 1 /INPUT 31 "b"
    .port_info 2 /INPUT 29 "r"
    .port_info 3 /OUTPUT 91 "nl"
P_0xf4e060 .param/l "N" 0 2 12, +C4<00000000000000000000000000100000>;
L_0xf984d0 .functor AND 1, L_0xf98540, L_0xf98630, C4<1>, C4<1>;
L_0xf97f50 .functor BUFZ 1, L_0xf984d0, C4<0>, C4<0>, C4<0>;
L_0xf98010 .functor AND 1, L_0xf980e0, L_0xf981d0, C4<1>, C4<1>;
L_0xf982c0 .functor AND 1, L_0xf98360, L_0xf984d0, C4<1>, C4<1>;
L_0xf897a0 .functor AND 1, L_0xf98720, L_0xf984d0, C4<1>, C4<1>;
v0xf83660_0 .net *"_s0", 0 0, L_0xf89460;  1 drivers
v0xf83760_0 .net *"_s100", 0 0, L_0xf8de50;  1 drivers
v0xf83840_0 .net *"_s104", 0 0, L_0xf8dcb0;  1 drivers
v0xf83900_0 .net *"_s108", 0 0, L_0xf8e0a0;  1 drivers
v0xf839e0_0 .net *"_s112", 0 0, L_0xf8e390;  1 drivers
v0xf83b10_0 .net *"_s116", 0 0, L_0xf8e5f0;  1 drivers
v0xf83bf0_0 .net *"_s12", 0 0, L_0xf89df0;  1 drivers
v0xf83cd0_0 .net *"_s120", 0 0, L_0xf8e8b0;  1 drivers
v0xf83db0_0 .net *"_s124", 0 0, L_0xf8eb30;  1 drivers
v0xf83f20_0 .net *"_s128", 0 0, L_0xf8edc0;  1 drivers
v0xf84000_0 .net *"_s132", 0 0, L_0xf8f060;  1 drivers
v0xf840e0_0 .net *"_s136", 0 0, L_0xf8f310;  1 drivers
v0xf841c0_0 .net *"_s140", 0 0, L_0xf8f5d0;  1 drivers
v0xf842a0_0 .net *"_s144", 0 0, L_0xf8f850;  1 drivers
v0xf84380_0 .net *"_s148", 0 0, L_0xf8fae0;  1 drivers
v0xf84460_0 .net *"_s152", 0 0, L_0xf8fd80;  1 drivers
v0xf84540_0 .net *"_s156", 0 0, L_0xf90030;  1 drivers
v0xf846f0_0 .net *"_s16", 0 0, L_0xf8a090;  1 drivers
v0xf84790_0 .net *"_s160", 0 0, L_0xf90580;  1 drivers
v0xf84870_0 .net *"_s164", 0 0, L_0xf902f0;  1 drivers
v0xf84950_0 .net *"_s168", 0 0, L_0xf907d0;  1 drivers
v0xf84a30_0 .net *"_s172", 0 0, L_0xf90d80;  1 drivers
v0xf84b10_0 .net *"_s176", 0 0, L_0xf90ac0;  1 drivers
v0xf84bf0_0 .net *"_s180", 0 0, L_0xf912b0;  1 drivers
v0xf84cd0_0 .net *"_s184", 0 0, L_0xf90fd0;  1 drivers
v0xf84db0_0 .net *"_s188", 0 0, L_0xf8a8c0;  1 drivers
v0xf84e90_0 .net *"_s192", 0 0, L_0xf8dba0;  1 drivers
v0xf84f70_0 .net *"_s196", 0 0, L_0xf915f0;  1 drivers
v0xf85050_0 .net *"_s20", 0 0, L_0xf8a380;  1 drivers
v0xf85130_0 .net *"_s200", 0 0, L_0xf91780;  1 drivers
v0xf85210_0 .net *"_s204", 0 0, L_0xf8d890;  1 drivers
v0xf852f0_0 .net *"_s208", 0 0, L_0xf8db10;  1 drivers
v0xf853d0_0 .net *"_s212", 0 0, L_0xf92720;  1 drivers
v0xf84620_0 .net *"_s216", 0 0, L_0xf929d0;  1 drivers
v0xf856a0_0 .net *"_s220", 0 0, L_0xf92c50;  1 drivers
v0xf85780_0 .net *"_s224", 0 0, L_0xf92ed0;  1 drivers
v0xf85860_0 .net *"_s228", 0 0, L_0xf931a0;  1 drivers
v0xf85940_0 .net *"_s232", 0 0, L_0xf93420;  1 drivers
v0xf85a20_0 .net *"_s236", 0 0, L_0xf936c0;  1 drivers
v0xf85b00_0 .net *"_s24", 0 0, L_0xf8a6c0;  1 drivers
v0xf85be0_0 .net *"_s240", 0 0, L_0xf93940;  1 drivers
v0xf85cc0_0 .net *"_s244", 0 0, L_0xf93c00;  1 drivers
v0xf85da0_0 .net *"_s248", 0 0, L_0xf93e80;  1 drivers
v0xf85e80_0 .net *"_s252", 0 0, L_0xf94160;  1 drivers
v0xf85f60_0 .net *"_s256", 0 0, L_0xf943e0;  1 drivers
v0xf86040_0 .net *"_s260", 0 0, L_0xf94690;  1 drivers
v0xf86120_0 .net *"_s264", 0 0, L_0xf948e0;  1 drivers
v0xf86200_0 .net *"_s268", 0 0, L_0xf94be0;  1 drivers
v0xf862e0_0 .net *"_s272", 0 0, L_0xf94e30;  1 drivers
v0xf863c0_0 .net *"_s276", 0 0, L_0xf95100;  1 drivers
v0xf864a0_0 .net *"_s28", 0 0, L_0xf8a650;  1 drivers
v0xf86580_0 .net *"_s280", 0 0, L_0xf95380;  1 drivers
v0xf86660_0 .net *"_s284", 0 0, L_0xf955f0;  1 drivers
v0xf86740_0 .net *"_s288", 0 0, L_0xf95870;  1 drivers
v0xf86820_0 .net *"_s292", 0 0, L_0xf95b50;  1 drivers
v0xf86900_0 .net *"_s296", 0 0, L_0xf95dd0;  1 drivers
v0xf869e0_0 .net *"_s300", 0 0, L_0xf96080;  1 drivers
v0xf86ac0_0 .net *"_s304", 0 0, L_0xf962d0;  1 drivers
v0xf86ba0_0 .net *"_s308", 0 0, L_0xf965d0;  1 drivers
v0xf86c80_0 .net *"_s312", 0 0, L_0xf96820;  1 drivers
v0xf86d60_0 .net *"_s316", 0 0, L_0xf96ff0;  1 drivers
v0xf86e40_0 .net *"_s32", 0 0, L_0xf8abe0;  1 drivers
v0xf86f20_0 .net *"_s320", 0 0, L_0xf96af0;  1 drivers
v0xf87000_0 .net *"_s324", 0 0, L_0xf96da0;  1 drivers
v0xf870e0_0 .net *"_s328", 0 0, L_0xf97240;  1 drivers
v0xf85470_0 .net *"_s332", 0 0, L_0xf974c0;  1 drivers
v0xf85550_0 .net *"_s336", 0 0, L_0xf97d00;  1 drivers
v0xf87590_0 .net *"_s340", 0 0, L_0xf977b0;  1 drivers
v0xf87630_0 .net *"_s344", 0 0, L_0xf97a60;  1 drivers
v0xf876f0_0 .net *"_s350", 0 0, L_0xf98540;  1 drivers
v0xf877d0_0 .net *"_s352", 0 0, L_0xf98630;  1 drivers
v0xf878b0_0 .net *"_s356", 0 0, L_0xf97f50;  1 drivers
v0xf87990_0 .net *"_s358", 0 0, L_0xf98010;  1 drivers
v0xf87a70_0 .net *"_s36", 0 0, L_0xf8ab50;  1 drivers
v0xf87b50_0 .net *"_s361", 0 0, L_0xf980e0;  1 drivers
v0xf87c30_0 .net *"_s363", 0 0, L_0xf981d0;  1 drivers
v0xf87d10_0 .net *"_s365", 0 0, L_0xf982c0;  1 drivers
v0xf87df0_0 .net *"_s368", 0 0, L_0xf98360;  1 drivers
v0xf87ed0_0 .net *"_s370", 0 0, L_0xf897a0;  1 drivers
v0xf87fb0_0 .net *"_s374", 0 0, L_0xf98720;  1 drivers
v0xf88090_0 .net *"_s4", 0 0, L_0xf89730;  1 drivers
v0xf88170_0 .net *"_s40", 0 0, L_0xf8ae60;  1 drivers
v0xf88250_0 .net *"_s44", 0 0, L_0xf8b110;  1 drivers
v0xf88330_0 .net *"_s48", 0 0, L_0xf8a5c0;  1 drivers
v0xf88410_0 .net *"_s52", 0 0, L_0xf8b8d0;  1 drivers
v0xf884f0_0 .net *"_s56", 0 0, L_0xf8bae0;  1 drivers
v0xf885d0_0 .net *"_s60", 0 0, L_0xf8bdd0;  1 drivers
v0xf886b0_0 .net *"_s64", 0 0, L_0xf8c0a0;  1 drivers
v0xf88790_0 .net *"_s68", 0 0, L_0xf8c330;  1 drivers
v0xf88870_0 .net *"_s72", 0 0, L_0xf8c5d0;  1 drivers
v0xf88950_0 .net *"_s76", 0 0, L_0xf8c880;  1 drivers
v0xf88a30_0 .net *"_s8", 0 0, L_0xf89a60;  1 drivers
v0xf88b10_0 .net *"_s80", 0 0, L_0xf8cb40;  1 drivers
v0xf88bf0_0 .net *"_s84", 0 0, L_0xf8cdc0;  1 drivers
v0xf88cd0_0 .net *"_s88", 0 0, L_0xf8d050;  1 drivers
v0xf88db0_0 .net *"_s92", 0 0, L_0xf8d2f0;  1 drivers
v0xf88e90_0 .net *"_s96", 0 0, L_0xf8b7c0;  1 drivers
o0x7ff48fdb02e8 .functor BUFZ 31, C4<zzzzzzzzzzzzzzzzzzzzzzzzzzzzzzz>; HiZ drive
v0xf88f70_0 .net "a", 30 0, o0x7ff48fdb02e8;  0 drivers
o0x7ff48fdb0318 .functor BUFZ 31, C4<zzzzzzzzzzzzzzzzzzzzzzzzzzzzzzz>; HiZ drive
v0xf89050_0 .net "b", 30 0, o0x7ff48fdb0318;  0 drivers
v0xf89130_0 .net "nl", 90 0, L_0xf98cc0;  1 drivers
o0x7ff48fdb0378 .functor BUFZ 29, C4<zzzzzzzzzzzzzzzzzzzzzzzzzzzzz>; HiZ drive
v0xf89210_0 .net "r", 28 0, o0x7ff48fdb0378;  0 drivers
v0xf892f0_0 .net "r1", 0 0, L_0xf984d0;  1 drivers
L_0xf89550 .part o0x7ff48fdb02e8, 2, 1;
L_0xf89640 .part o0x7ff48fdb0318, 2, 1;
L_0xf89830 .part o0x7ff48fdb02e8, 2, 1;
L_0xf89970 .part o0x7ff48fdb0378, 0, 1;
L_0xf89b30 .part o0x7ff48fdb0318, 2, 1;
L_0xf89c70 .part o0x7ff48fdb0378, 0, 1;
L_0xf89e60 .part o0x7ff48fdb02e8, 3, 1;
L_0xf89f50 .part o0x7ff48fdb0318, 3, 1;
L_0xf8a100 .part o0x7ff48fdb02e8, 3, 1;
L_0xf8a280 .part o0x7ff48fdb0378, 1, 1;
L_0xf8a3f0 .part o0x7ff48fdb0318, 3, 1;
L_0xf8a520 .part o0x7ff48fdb0378, 1, 1;
L_0xf8a730 .part o0x7ff48fdb02e8, 4, 1;
L_0xf8a7d0 .part o0x7ff48fdb0318, 4, 1;
L_0xf8a970 .part o0x7ff48fdb02e8, 4, 1;
L_0xf8aa60 .part o0x7ff48fdb0378, 2, 1;
L_0xf8ac80 .part o0x7ff48fdb0318, 4, 1;
L_0xf8ad70 .part o0x7ff48fdb0378, 2, 1;
L_0xf8af30 .part o0x7ff48fdb02e8, 5, 1;
L_0xf8b020 .part o0x7ff48fdb0318, 5, 1;
L_0xf8b1c0 .part o0x7ff48fdb02e8, 5, 1;
L_0xf8b3c0 .part o0x7ff48fdb0378, 3, 1;
L_0xf8b520 .part o0x7ff48fdb0318, 5, 1;
L_0xf8b720 .part o0x7ff48fdb0378, 3, 1;
L_0xf8b460 .part o0x7ff48fdb02e8, 6, 1;
L_0xf8b9f0 .part o0x7ff48fdb0318, 6, 1;
L_0xf8bbf0 .part o0x7ff48fdb02e8, 6, 1;
L_0xf8bce0 .part o0x7ff48fdb0378, 4, 1;
L_0xf8bec0 .part o0x7ff48fdb0318, 6, 1;
L_0xf8bfb0 .part o0x7ff48fdb0378, 4, 1;
L_0xf8c1a0 .part o0x7ff48fdb02e8, 7, 1;
L_0xf8c240 .part o0x7ff48fdb0318, 7, 1;
L_0xf8c440 .part o0x7ff48fdb02e8, 7, 1;
L_0xf8c4e0 .part o0x7ff48fdb0378, 5, 1;
L_0xf8c6f0 .part o0x7ff48fdb0318, 7, 1;
L_0xf8c790 .part o0x7ff48fdb0378, 5, 1;
L_0xf8c9b0 .part o0x7ff48fdb02e8, 8, 1;
L_0xf8ca50 .part o0x7ff48fdb0318, 8, 1;
L_0xf8c8f0 .part o0x7ff48fdb02e8, 8, 1;
L_0xf8ccd0 .part o0x7ff48fdb0378, 6, 1;
L_0xf8cbe0 .part o0x7ff48fdb0318, 8, 1;
L_0xf8cf60 .part o0x7ff48fdb0378, 6, 1;
L_0xf8ce60 .part o0x7ff48fdb02e8, 9, 1;
L_0xf8d200 .part o0x7ff48fdb0318, 9, 1;
L_0xf8d0f0 .part o0x7ff48fdb02e8, 9, 1;
L_0xf8b2b0 .part o0x7ff48fdb0378, 7, 1;
L_0xf8d390 .part o0x7ff48fdb0318, 9, 1;
L_0xf8b610 .part o0x7ff48fdb0378, 7, 1;
L_0xf8b830 .part o0x7ff48fdb02e8, 10, 1;
L_0xf8d710 .part o0x7ff48fdb0318, 10, 1;
L_0xf8dec0 .part o0x7ff48fdb02e8, 10, 1;
L_0xf8dfb0 .part o0x7ff48fdb0378, 8, 1;
L_0xf8dd80 .part o0x7ff48fdb0318, 10, 1;
L_0xf8e2a0 .part o0x7ff48fdb0378, 8, 1;
L_0xf8e110 .part o0x7ff48fdb02e8, 11, 1;
L_0xf8e550 .part o0x7ff48fdb0318, 11, 1;
L_0xf8e430 .part o0x7ff48fdb02e8, 11, 1;
L_0xf8e7c0 .part o0x7ff48fdb0378, 9, 1;
L_0xf8e660 .part o0x7ff48fdb0318, 11, 1;
L_0xf8ea90 .part o0x7ff48fdb0378, 9, 1;
L_0xf8e950 .part o0x7ff48fdb02e8, 12, 1;
L_0xf8ed20 .part o0x7ff48fdb0318, 12, 1;
L_0xf8ebd0 .part o0x7ff48fdb02e8, 12, 1;
L_0xf8efc0 .part o0x7ff48fdb0378, 10, 1;
L_0xf8ee60 .part o0x7ff48fdb0318, 12, 1;
L_0xf8f270 .part o0x7ff48fdb0378, 10, 1;
L_0xf8f100 .part o0x7ff48fdb02e8, 13, 1;
L_0xf8f530 .part o0x7ff48fdb0318, 13, 1;
L_0xf8f380 .part o0x7ff48fdb02e8, 13, 1;
L_0xf8f470 .part o0x7ff48fdb0378, 11, 1;
L_0xf8f670 .part o0x7ff48fdb0318, 13, 1;
L_0xf8f760 .part o0x7ff48fdb0378, 11, 1;
L_0xf8f8f0 .part o0x7ff48fdb02e8, 14, 1;
L_0xf8f9e0 .part o0x7ff48fdb0318, 14, 1;
L_0xf8fb80 .part o0x7ff48fdb02e8, 14, 1;
L_0xf8fc70 .part o0x7ff48fdb0378, 12, 1;
L_0xf8fe20 .part o0x7ff48fdb0318, 14, 1;
L_0xf8ff10 .part o0x7ff48fdb0378, 12, 1;
L_0xf900a0 .part o0x7ff48fdb02e8, 15, 1;
L_0xf90190 .part o0x7ff48fdb0318, 15, 1;
L_0xf905f0 .part o0x7ff48fdb02e8, 15, 1;
L_0xf906e0 .part o0x7ff48fdb0378, 13, 1;
L_0xf903c0 .part o0x7ff48fdb0318, 15, 1;
L_0xf904b0 .part o0x7ff48fdb0378, 13, 1;
L_0xf90840 .part o0x7ff48fdb02e8, 16, 1;
L_0xf90930 .part o0x7ff48fdb0318, 16, 1;
L_0xf90df0 .part o0x7ff48fdb02e8, 16, 1;
L_0xf90ee0 .part o0x7ff48fdb0378, 14, 1;
L_0xf90b60 .part o0x7ff48fdb0318, 16, 1;
L_0xf90c50 .part o0x7ff48fdb0378, 14, 1;
L_0xf91320 .part o0x7ff48fdb02e8, 17, 1;
L_0xf91410 .part o0x7ff48fdb0318, 17, 1;
L_0xf910a0 .part o0x7ff48fdb02e8, 17, 1;
L_0xf91190 .part o0x7ff48fdb0378, 15, 1;
L_0xf8d4b0 .part o0x7ff48fdb0318, 17, 1;
L_0xf8d5a0 .part o0x7ff48fdb0378, 15, 1;
L_0xf8dc10 .part o0x7ff48fdb02e8, 18, 1;
L_0xf91500 .part o0x7ff48fdb0318, 18, 1;
L_0xf91690 .part o0x7ff48fdb02e8, 18, 1;
L_0xf91c00 .part o0x7ff48fdb0378, 16, 1;
L_0xf91d20 .part o0x7ff48fdb0318, 18, 1;
L_0xf91e10 .part o0x7ff48fdb0378, 16, 1;
L_0xf8d930 .part o0x7ff48fdb02e8, 19, 1;
L_0xf8da20 .part o0x7ff48fdb0318, 19, 1;
L_0xf92a70 .part o0x7ff48fdb02e8, 19, 1;
L_0xf92b60 .part o0x7ff48fdb0378, 17, 1;
L_0xf927f0 .part o0x7ff48fdb0318, 19, 1;
L_0xf928e0 .part o0x7ff48fdb0378, 17, 1;
L_0xf92fc0 .part o0x7ff48fdb02e8, 20, 1;
L_0xf930b0 .part o0x7ff48fdb0318, 20, 1;
L_0xf92cf0 .part o0x7ff48fdb02e8, 20, 1;
L_0xf92de0 .part o0x7ff48fdb0378, 18, 1;
L_0xf93530 .part o0x7ff48fdb0318, 20, 1;
L_0xf935d0 .part o0x7ff48fdb0378, 18, 1;
L_0xf93240 .part o0x7ff48fdb02e8, 21, 1;
L_0xf93330 .part o0x7ff48fdb0318, 21, 1;
L_0xf93a70 .part o0x7ff48fdb02e8, 21, 1;
L_0xf93b10 .part o0x7ff48fdb0378, 19, 1;
L_0xf93760 .part o0x7ff48fdb0318, 21, 1;
L_0xf93850 .part o0x7ff48fdb0378, 19, 1;
L_0xf93fd0 .part o0x7ff48fdb02e8, 22, 1;
L_0xf94070 .part o0x7ff48fdb0318, 22, 1;
L_0xf93ca0 .part o0x7ff48fdb02e8, 22, 1;
L_0xf93d90 .part o0x7ff48fdb0378, 20, 1;
L_0xf93f20 .part o0x7ff48fdb0318, 22, 1;
L_0xf945a0 .part o0x7ff48fdb0378, 20, 1;
L_0xf94200 .part o0x7ff48fdb02e8, 23, 1;
L_0xf942f0 .part o0x7ff48fdb0318, 23, 1;
L_0xf94480 .part o0x7ff48fdb02e8, 23, 1;
L_0xf94af0 .part o0x7ff48fdb0378, 21, 1;
L_0xf94700 .part o0x7ff48fdb0318, 23, 1;
L_0xf947f0 .part o0x7ff48fdb0378, 21, 1;
L_0xf94980 .part o0x7ff48fdb02e8, 24, 1;
L_0xf95010 .part o0x7ff48fdb0318, 24, 1;
L_0xf94c50 .part o0x7ff48fdb02e8, 24, 1;
L_0xf94d40 .part o0x7ff48fdb0378, 22, 1;
L_0xf94ed0 .part o0x7ff48fdb0318, 24, 1;
L_0xf95550 .part o0x7ff48fdb0378, 22, 1;
L_0xf951a0 .part o0x7ff48fdb02e8, 25, 1;
L_0xf95290 .part o0x7ff48fdb0318, 25, 1;
L_0xf95420 .part o0x7ff48fdb02e8, 25, 1;
L_0xf95a60 .part o0x7ff48fdb0378, 23, 1;
L_0xf95690 .part o0x7ff48fdb0318, 25, 1;
L_0xf95780 .part o0x7ff48fdb0378, 23, 1;
L_0xf95910 .part o0x7ff48fdb02e8, 26, 1;
L_0xf95fe0 .part o0x7ff48fdb0318, 26, 1;
L_0xf95bf0 .part o0x7ff48fdb02e8, 26, 1;
L_0xf95ce0 .part o0x7ff48fdb0378, 24, 1;
L_0xf95e70 .part o0x7ff48fdb0318, 26, 1;
L_0xf96530 .part o0x7ff48fdb0378, 24, 1;
L_0xf960f0 .part o0x7ff48fdb02e8, 27, 1;
L_0xf961e0 .part o0x7ff48fdb0318, 27, 1;
L_0xf96370 .part o0x7ff48fdb02e8, 27, 1;
L_0xf96460 .part o0x7ff48fdb0378, 25, 1;
L_0xf96640 .part o0x7ff48fdb0318, 27, 1;
L_0xf96730 .part o0x7ff48fdb0378, 25, 1;
L_0xf968c0 .part o0x7ff48fdb02e8, 28, 1;
L_0xf969b0 .part o0x7ff48fdb0318, 28, 1;
L_0xf97060 .part o0x7ff48fdb02e8, 28, 1;
L_0xf97150 .part o0x7ff48fdb0378, 26, 1;
L_0xf96bc0 .part o0x7ff48fdb0318, 28, 1;
L_0xf96cb0 .part o0x7ff48fdb0378, 26, 1;
L_0xf96e40 .part o0x7ff48fdb02e8, 29, 1;
L_0xf96f30 .part o0x7ff48fdb0318, 29, 1;
L_0xf972e0 .part o0x7ff48fdb02e8, 29, 1;
L_0xf973d0 .part o0x7ff48fdb0378, 27, 1;
L_0xf97560 .part o0x7ff48fdb0318, 29, 1;
L_0xf97650 .part o0x7ff48fdb0378, 27, 1;
L_0xf97d70 .part o0x7ff48fdb02e8, 30, 1;
L_0xf97e60 .part o0x7ff48fdb0318, 30, 1;
L_0xf97880 .part o0x7ff48fdb02e8, 30, 1;
L_0xf97970 .part o0x7ff48fdb0378, 28, 1;
L_0xf97b00 .part o0x7ff48fdb0318, 30, 1;
L_0xf97bf0 .part o0x7ff48fdb0378, 28, 1;
L_0xf98540 .part o0x7ff48fdb02e8, 0, 1;
L_0xf98630 .part o0x7ff48fdb0318, 0, 1;
L_0xf980e0 .part o0x7ff48fdb02e8, 1, 1;
L_0xf981d0 .part o0x7ff48fdb0318, 1, 1;
L_0xf98360 .part o0x7ff48fdb02e8, 1, 1;
LS_0xf98cc0_0_0 .concat8 [ 1 1 1 1], L_0xf97f50, L_0xf98010, L_0xf982c0, L_0xf897a0;
LS_0xf98cc0_0_4 .concat8 [ 1 1 1 1], L_0xf89460, L_0xf89730, L_0xf89a60, L_0xf89df0;
LS_0xf98cc0_0_8 .concat8 [ 1 1 1 1], L_0xf8a090, L_0xf8a380, L_0xf8a6c0, L_0xf8a650;
LS_0xf98cc0_0_12 .concat8 [ 1 1 1 1], L_0xf8abe0, L_0xf8ab50, L_0xf8ae60, L_0xf8b110;
LS_0xf98cc0_0_16 .concat8 [ 1 1 1 1], L_0xf8a5c0, L_0xf8b8d0, L_0xf8bae0, L_0xf8bdd0;
LS_0xf98cc0_0_20 .concat8 [ 1 1 1 1], L_0xf8c0a0, L_0xf8c330, L_0xf8c5d0, L_0xf8c880;
LS_0xf98cc0_0_24 .concat8 [ 1 1 1 1], L_0xf8cb40, L_0xf8cdc0, L_0xf8d050, L_0xf8d2f0;
LS_0xf98cc0_0_28 .concat8 [ 1 1 1 1], L_0xf8b7c0, L_0xf8de50, L_0xf8dcb0, L_0xf8e0a0;
LS_0xf98cc0_0_32 .concat8 [ 1 1 1 1], L_0xf8e390, L_0xf8e5f0, L_0xf8e8b0, L_0xf8eb30;
LS_0xf98cc0_0_36 .concat8 [ 1 1 1 1], L_0xf8edc0, L_0xf8f060, L_0xf8f310, L_0xf8f5d0;
LS_0xf98cc0_0_40 .concat8 [ 1 1 1 1], L_0xf8f850, L_0xf8fae0, L_0xf8fd80, L_0xf90030;
LS_0xf98cc0_0_44 .concat8 [ 1 1 1 1], L_0xf90580, L_0xf902f0, L_0xf907d0, L_0xf90d80;
LS_0xf98cc0_0_48 .concat8 [ 1 1 1 1], L_0xf90ac0, L_0xf912b0, L_0xf90fd0, L_0xf8a8c0;
LS_0xf98cc0_0_52 .concat8 [ 1 1 1 1], L_0xf8dba0, L_0xf915f0, L_0xf91780, L_0xf8d890;
LS_0xf98cc0_0_56 .concat8 [ 1 1 1 1], L_0xf8db10, L_0xf92720, L_0xf929d0, L_0xf92c50;
LS_0xf98cc0_0_60 .concat8 [ 1 1 1 1], L_0xf92ed0, L_0xf931a0, L_0xf93420, L_0xf936c0;
LS_0xf98cc0_0_64 .concat8 [ 1 1 1 1], L_0xf93940, L_0xf93c00, L_0xf93e80, L_0xf94160;
LS_0xf98cc0_0_68 .concat8 [ 1 1 1 1], L_0xf943e0, L_0xf94690, L_0xf948e0, L_0xf94be0;
LS_0xf98cc0_0_72 .concat8 [ 1 1 1 1], L_0xf94e30, L_0xf95100, L_0xf95380, L_0xf955f0;
LS_0xf98cc0_0_76 .concat8 [ 1 1 1 1], L_0xf95870, L_0xf95b50, L_0xf95dd0, L_0xf96080;
LS_0xf98cc0_0_80 .concat8 [ 1 1 1 1], L_0xf962d0, L_0xf965d0, L_0xf96820, L_0xf96ff0;
LS_0xf98cc0_0_84 .concat8 [ 1 1 1 1], L_0xf96af0, L_0xf96da0, L_0xf97240, L_0xf974c0;
LS_0xf98cc0_0_88 .concat8 [ 1 1 1 0], L_0xf97d00, L_0xf977b0, L_0xf97a60;
LS_0xf98cc0_1_0 .concat8 [ 4 4 4 4], LS_0xf98cc0_0_0, LS_0xf98cc0_0_4, LS_0xf98cc0_0_8, LS_0xf98cc0_0_12;
LS_0xf98cc0_1_4 .concat8 [ 4 4 4 4], LS_0xf98cc0_0_16, LS_0xf98cc0_0_20, LS_0xf98cc0_0_24, LS_0xf98cc0_0_28;
LS_0xf98cc0_1_8 .concat8 [ 4 4 4 4], LS_0xf98cc0_0_32, LS_0xf98cc0_0_36, LS_0xf98cc0_0_40, LS_0xf98cc0_0_44;
LS_0xf98cc0_1_12 .concat8 [ 4 4 4 4], LS_0xf98cc0_0_48, LS_0xf98cc0_0_52, LS_0xf98cc0_0_56, LS_0xf98cc0_0_60;
LS_0xf98cc0_1_16 .concat8 [ 4 4 4 4], LS_0xf98cc0_0_64, LS_0xf98cc0_0_68, LS_0xf98cc0_0_72, LS_0xf98cc0_0_76;
LS_0xf98cc0_1_20 .concat8 [ 4 4 3 0], LS_0xf98cc0_0_80, LS_0xf98cc0_0_84, LS_0xf98cc0_0_88;
LS_0xf98cc0_2_0 .concat8 [ 16 16 16 16], LS_0xf98cc0_1_0, LS_0xf98cc0_1_4, LS_0xf98cc0_1_8, LS_0xf98cc0_1_12;
LS_0xf98cc0_2_4 .concat8 [ 16 11 0 0], LS_0xf98cc0_1_16, LS_0xf98cc0_1_20;
L_0xf98cc0 .concat8 [ 64 27 0 0], LS_0xf98cc0_2_0, LS_0xf98cc0_2_4;
L_0xf98720 .part o0x7ff48fdb0318, 1, 1;
S_0xf081e0 .scope generate, "AND_LOOP[2]" "AND_LOOP[2]" 2 36, 2 36 0, S_0xf58090;
 .timescale 0 0;
P_0xf4bd70 .param/l "i" 0 2 36, +C4<010>;
L_0xf89460 .functor AND 1, L_0xf89550, L_0xf89640, C4<1>, C4<1>;
L_0xf89730 .functor AND 1, L_0xf89830, L_0xf89970, C4<1>, C4<1>;
L_0xf89a60 .functor AND 1, L_0xf89b30, L_0xf89c70, C4<1>, C4<1>;
v0xf1d7c0_0 .net *"_s1", 0 0, L_0xf89550;  1 drivers
v0xf749a0_0 .net *"_s2", 0 0, L_0xf89640;  1 drivers
v0xf74a80_0 .net *"_s4", 0 0, L_0xf89830;  1 drivers
v0xf74b70_0 .net *"_s5", 0 0, L_0xf89970;  1 drivers
v0xf74c50_0 .net *"_s7", 0 0, L_0xf89b30;  1 drivers
v0xf74d80_0 .net *"_s8", 0 0, L_0xf89c70;  1 drivers
S_0xf74e60 .scope generate, "AND_LOOP[3]" "AND_LOOP[3]" 2 36, 2 36 0, S_0xf58090;
 .timescale 0 0;
P_0xf75070 .param/l "i" 0 2 36, +C4<011>;
L_0xf89df0 .functor AND 1, L_0xf89e60, L_0xf89f50, C4<1>, C4<1>;
L_0xf8a090 .functor AND 1, L_0xf8a100, L_0xf8a280, C4<1>, C4<1>;
L_0xf8a380 .functor AND 1, L_0xf8a3f0, L_0xf8a520, C4<1>, C4<1>;
v0xf75130_0 .net *"_s1", 0 0, L_0xf89e60;  1 drivers
v0xf75210_0 .net *"_s2", 0 0, L_0xf89f50;  1 drivers
v0xf752f0_0 .net *"_s4", 0 0, L_0xf8a100;  1 drivers
v0xf753b0_0 .net *"_s5", 0 0, L_0xf8a280;  1 drivers
v0xf75490_0 .net *"_s7", 0 0, L_0xf8a3f0;  1 drivers
v0xf755c0_0 .net *"_s8", 0 0, L_0xf8a520;  1 drivers
S_0xf756a0 .scope generate, "AND_LOOP[4]" "AND_LOOP[4]" 2 36, 2 36 0, S_0xf58090;
 .timescale 0 0;
P_0xf758b0 .param/l "i" 0 2 36, +C4<0100>;
L_0xf8a6c0 .functor AND 1, L_0xf8a730, L_0xf8a7d0, C4<1>, C4<1>;
L_0xf8a650 .functor AND 1, L_0xf8a970, L_0xf8aa60, C4<1>, C4<1>;
L_0xf8abe0 .functor AND 1, L_0xf8ac80, L_0xf8ad70, C4<1>, C4<1>;
v0xf75950_0 .net *"_s1", 0 0, L_0xf8a730;  1 drivers
v0xf75a30_0 .net *"_s2", 0 0, L_0xf8a7d0;  1 drivers
v0xf75b10_0 .net *"_s4", 0 0, L_0xf8a970;  1 drivers
v0xf75c00_0 .net *"_s5", 0 0, L_0xf8aa60;  1 drivers
v0xf75ce0_0 .net *"_s7", 0 0, L_0xf8ac80;  1 drivers
v0xf75e10_0 .net *"_s8", 0 0, L_0xf8ad70;  1 drivers
S_0xf75ef0 .scope generate, "AND_LOOP[5]" "AND_LOOP[5]" 2 36, 2 36 0, S_0xf58090;
 .timescale 0 0;
P_0xf76100 .param/l "i" 0 2 36, +C4<0101>;
L_0xf8ab50 .functor AND 1, L_0xf8af30, L_0xf8b020, C4<1>, C4<1>;
L_0xf8ae60 .functor AND 1, L_0xf8b1c0, L_0xf8b3c0, C4<1>, C4<1>;
L_0xf8b110 .functor AND 1, L_0xf8b520, L_0xf8b720, C4<1>, C4<1>;
v0xf761c0_0 .net *"_s1", 0 0, L_0xf8af30;  1 drivers
v0xf762a0_0 .net *"_s2", 0 0, L_0xf8b020;  1 drivers
v0xf76380_0 .net *"_s4", 0 0, L_0xf8b1c0;  1 drivers
v0xf76440_0 .net *"_s5", 0 0, L_0xf8b3c0;  1 drivers
v0xf76520_0 .net *"_s7", 0 0, L_0xf8b520;  1 drivers
v0xf76650_0 .net *"_s8", 0 0, L_0xf8b720;  1 drivers
S_0xf76730 .scope generate, "AND_LOOP[6]" "AND_LOOP[6]" 2 36, 2 36 0, S_0xf58090;
 .timescale 0 0;
P_0xf76990 .param/l "i" 0 2 36, +C4<0110>;
L_0xf8a5c0 .functor AND 1, L_0xf8b460, L_0xf8b9f0, C4<1>, C4<1>;
L_0xf8b8d0 .functor AND 1, L_0xf8bbf0, L_0xf8bce0, C4<1>, C4<1>;
L_0xf8bae0 .functor AND 1, L_0xf8bec0, L_0xf8bfb0, C4<1>, C4<1>;
v0xf76a50_0 .net *"_s1", 0 0, L_0xf8b460;  1 drivers
v0xf76b30_0 .net *"_s2", 0 0, L_0xf8b9f0;  1 drivers
v0xf76c10_0 .net *"_s4", 0 0, L_0xf8bbf0;  1 drivers
v0xf76cd0_0 .net *"_s5", 0 0, L_0xf8bce0;  1 drivers
v0xf76db0_0 .net *"_s7", 0 0, L_0xf8bec0;  1 drivers
v0xf76ee0_0 .net *"_s8", 0 0, L_0xf8bfb0;  1 drivers
S_0xf76fc0 .scope generate, "AND_LOOP[7]" "AND_LOOP[7]" 2 36, 2 36 0, S_0xf58090;
 .timescale 0 0;
P_0xf771d0 .param/l "i" 0 2 36, +C4<0111>;
L_0xf8bdd0 .functor AND 1, L_0xf8c1a0, L_0xf8c240, C4<1>, C4<1>;
L_0xf8c0a0 .functor AND 1, L_0xf8c440, L_0xf8c4e0, C4<1>, C4<1>;
L_0xf8c330 .functor AND 1, L_0xf8c6f0, L_0xf8c790, C4<1>, C4<1>;
v0xf77290_0 .net *"_s1", 0 0, L_0xf8c1a0;  1 drivers
v0xf77370_0 .net *"_s2", 0 0, L_0xf8c240;  1 drivers
v0xf77450_0 .net *"_s4", 0 0, L_0xf8c440;  1 drivers
v0xf77510_0 .net *"_s5", 0 0, L_0xf8c4e0;  1 drivers
v0xf775f0_0 .net *"_s7", 0 0, L_0xf8c6f0;  1 drivers
v0xf77720_0 .net *"_s8", 0 0, L_0xf8c790;  1 drivers
S_0xf77800 .scope generate, "AND_LOOP[8]" "AND_LOOP[8]" 2 36, 2 36 0, S_0xf58090;
 .timescale 0 0;
P_0xf77a10 .param/l "i" 0 2 36, +C4<01000>;
L_0xf8c5d0 .functor AND 1, L_0xf8c9b0, L_0xf8ca50, C4<1>, C4<1>;
L_0xf8c880 .functor AND 1, L_0xf8c8f0, L_0xf8ccd0, C4<1>, C4<1>;
L_0xf8cb40 .functor AND 1, L_0xf8cbe0, L_0xf8cf60, C4<1>, C4<1>;
v0xf77ad0_0 .net *"_s1", 0 0, L_0xf8c9b0;  1 drivers
v0xf77bb0_0 .net *"_s2", 0 0, L_0xf8ca50;  1 drivers
v0xf77c90_0 .net *"_s4", 0 0, L_0xf8c8f0;  1 drivers
v0xf77d50_0 .net *"_s5", 0 0, L_0xf8ccd0;  1 drivers
v0xf77e30_0 .net *"_s7", 0 0, L_0xf8cbe0;  1 drivers
v0xf77f60_0 .net *"_s8", 0 0, L_0xf8cf60;  1 drivers
S_0xf78040 .scope generate, "AND_LOOP[9]" "AND_LOOP[9]" 2 36, 2 36 0, S_0xf58090;
 .timescale 0 0;
P_0xf78250 .param/l "i" 0 2 36, +C4<01001>;
L_0xf8cdc0 .functor AND 1, L_0xf8ce60, L_0xf8d200, C4<1>, C4<1>;
L_0xf8d050 .functor AND 1, L_0xf8d0f0, L_0xf8b2b0, C4<1>, C4<1>;
L_0xf8d2f0 .functor AND 1, L_0xf8d390, L_0xf8b610, C4<1>, C4<1>;
v0xf78310_0 .net *"_s1", 0 0, L_0xf8ce60;  1 drivers
v0xf783f0_0 .net *"_s2", 0 0, L_0xf8d200;  1 drivers
v0xf784d0_0 .net *"_s4", 0 0, L_0xf8d0f0;  1 drivers
v0xf78590_0 .net *"_s5", 0 0, L_0xf8b2b0;  1 drivers
v0xf78670_0 .net *"_s7", 0 0, L_0xf8d390;  1 drivers
v0xf787a0_0 .net *"_s8", 0 0, L_0xf8b610;  1 drivers
S_0xf78880 .scope generate, "AND_LOOP[10]" "AND_LOOP[10]" 2 36, 2 36 0, S_0xf58090;
 .timescale 0 0;
P_0xf76940 .param/l "i" 0 2 36, +C4<01010>;
L_0xf8b7c0 .functor AND 1, L_0xf8b830, L_0xf8d710, C4<1>, C4<1>;
L_0xf8de50 .functor AND 1, L_0xf8dec0, L_0xf8dfb0, C4<1>, C4<1>;
L_0xf8dcb0 .functor AND 1, L_0xf8dd80, L_0xf8e2a0, C4<1>, C4<1>;
v0xf78b90_0 .net *"_s1", 0 0, L_0xf8b830;  1 drivers
v0xf78c70_0 .net *"_s2", 0 0, L_0xf8d710;  1 drivers
v0xf78d50_0 .net *"_s4", 0 0, L_0xf8dec0;  1 drivers
v0xf78e10_0 .net *"_s5", 0 0, L_0xf8dfb0;  1 drivers
v0xf78ef0_0 .net *"_s7", 0 0, L_0xf8dd80;  1 drivers
v0xf79020_0 .net *"_s8", 0 0, L_0xf8e2a0;  1 drivers
S_0xf79100 .scope generate, "AND_LOOP[11]" "AND_LOOP[11]" 2 36, 2 36 0, S_0xf58090;
 .timescale 0 0;
P_0xf79310 .param/l "i" 0 2 36, +C4<01011>;
L_0xf8e0a0 .functor AND 1, L_0xf8e110, L_0xf8e550, C4<1>, C4<1>;
L_0xf8e390 .functor AND 1, L_0xf8e430, L_0xf8e7c0, C4<1>, C4<1>;
L_0xf8e5f0 .functor AND 1, L_0xf8e660, L_0xf8ea90, C4<1>, C4<1>;
v0xf793d0_0 .net *"_s1", 0 0, L_0xf8e110;  1 drivers
v0xf794b0_0 .net *"_s2", 0 0, L_0xf8e550;  1 drivers
v0xf79590_0 .net *"_s4", 0 0, L_0xf8e430;  1 drivers
v0xf79650_0 .net *"_s5", 0 0, L_0xf8e7c0;  1 drivers
v0xf79730_0 .net *"_s7", 0 0, L_0xf8e660;  1 drivers
v0xf79860_0 .net *"_s8", 0 0, L_0xf8ea90;  1 drivers
S_0xf79940 .scope generate, "AND_LOOP[12]" "AND_LOOP[12]" 2 36, 2 36 0, S_0xf58090;
 .timescale 0 0;
P_0xf79b50 .param/l "i" 0 2 36, +C4<01100>;
L_0xf8e8b0 .functor AND 1, L_0xf8e950, L_0xf8ed20, C4<1>, C4<1>;
L_0xf8eb30 .functor AND 1, L_0xf8ebd0, L_0xf8efc0, C4<1>, C4<1>;
L_0xf8edc0 .functor AND 1, L_0xf8ee60, L_0xf8f270, C4<1>, C4<1>;
v0xf79c10_0 .net *"_s1", 0 0, L_0xf8e950;  1 drivers
v0xf79cf0_0 .net *"_s2", 0 0, L_0xf8ed20;  1 drivers
v0xf79dd0_0 .net *"_s4", 0 0, L_0xf8ebd0;  1 drivers
v0xf79e90_0 .net *"_s5", 0 0, L_0xf8efc0;  1 drivers
v0xf79f70_0 .net *"_s7", 0 0, L_0xf8ee60;  1 drivers
v0xf7a0a0_0 .net *"_s8", 0 0, L_0xf8f270;  1 drivers
S_0xf7a180 .scope generate, "AND_LOOP[13]" "AND_LOOP[13]" 2 36, 2 36 0, S_0xf58090;
 .timescale 0 0;
P_0xf7a390 .param/l "i" 0 2 36, +C4<01101>;
L_0xf8f060 .functor AND 1, L_0xf8f100, L_0xf8f530, C4<1>, C4<1>;
L_0xf8f310 .functor AND 1, L_0xf8f380, L_0xf8f470, C4<1>, C4<1>;
L_0xf8f5d0 .functor AND 1, L_0xf8f670, L_0xf8f760, C4<1>, C4<1>;
v0xf7a450_0 .net *"_s1", 0 0, L_0xf8f100;  1 drivers
v0xf7a530_0 .net *"_s2", 0 0, L_0xf8f530;  1 drivers
v0xf7a610_0 .net *"_s4", 0 0, L_0xf8f380;  1 drivers
v0xf7a6d0_0 .net *"_s5", 0 0, L_0xf8f470;  1 drivers
v0xf7a7b0_0 .net *"_s7", 0 0, L_0xf8f670;  1 drivers
v0xf7a8e0_0 .net *"_s8", 0 0, L_0xf8f760;  1 drivers
S_0xf7a9c0 .scope generate, "AND_LOOP[14]" "AND_LOOP[14]" 2 36, 2 36 0, S_0xf58090;
 .timescale 0 0;
P_0xf7abd0 .param/l "i" 0 2 36, +C4<01110>;
L_0xf8f850 .functor AND 1, L_0xf8f8f0, L_0xf8f9e0, C4<1>, C4<1>;
L_0xf8fae0 .functor AND 1, L_0xf8fb80, L_0xf8fc70, C4<1>, C4<1>;
L_0xf8fd80 .functor AND 1, L_0xf8fe20, L_0xf8ff10, C4<1>, C4<1>;
v0xf7ac90_0 .net *"_s1", 0 0, L_0xf8f8f0;  1 drivers
v0xf7ad70_0 .net *"_s2", 0 0, L_0xf8f9e0;  1 drivers
v0xf7ae50_0 .net *"_s4", 0 0, L_0xf8fb80;  1 drivers
v0xf7af10_0 .net *"_s5", 0 0, L_0xf8fc70;  1 drivers
v0xf7aff0_0 .net *"_s7", 0 0, L_0xf8fe20;  1 drivers
v0xf7b100_0 .net *"_s8", 0 0, L_0xf8ff10;  1 drivers
S_0xf7b1e0 .scope generate, "AND_LOOP[15]" "AND_LOOP[15]" 2 36, 2 36 0, S_0xf58090;
 .timescale 0 0;
P_0xf7b3f0 .param/l "i" 0 2 36, +C4<01111>;
L_0xf90030 .functor AND 1, L_0xf900a0, L_0xf90190, C4<1>, C4<1>;
L_0xf90580 .functor AND 1, L_0xf905f0, L_0xf906e0, C4<1>, C4<1>;
L_0xf902f0 .functor AND 1, L_0xf903c0, L_0xf904b0, C4<1>, C4<1>;
v0xf7b4b0_0 .net *"_s1", 0 0, L_0xf900a0;  1 drivers
v0xf7b590_0 .net *"_s2", 0 0, L_0xf90190;  1 drivers
v0xf7b670_0 .net *"_s4", 0 0, L_0xf905f0;  1 drivers
v0xf7b730_0 .net *"_s5", 0 0, L_0xf906e0;  1 drivers
v0xf7b810_0 .net *"_s7", 0 0, L_0xf903c0;  1 drivers
v0xf7b940_0 .net *"_s8", 0 0, L_0xf904b0;  1 drivers
S_0xf7ba20 .scope generate, "AND_LOOP[16]" "AND_LOOP[16]" 2 36, 2 36 0, S_0xf58090;
 .timescale 0 0;
P_0xf7bc30 .param/l "i" 0 2 36, +C4<010000>;
L_0xf907d0 .functor AND 1, L_0xf90840, L_0xf90930, C4<1>, C4<1>;
L_0xf90d80 .functor AND 1, L_0xf90df0, L_0xf90ee0, C4<1>, C4<1>;
L_0xf90ac0 .functor AND 1, L_0xf90b60, L_0xf90c50, C4<1>, C4<1>;
v0xf7bcf0_0 .net *"_s1", 0 0, L_0xf90840;  1 drivers
v0xf7bdd0_0 .net *"_s2", 0 0, L_0xf90930;  1 drivers
v0xf7beb0_0 .net *"_s4", 0 0, L_0xf90df0;  1 drivers
v0xf7bf70_0 .net *"_s5", 0 0, L_0xf90ee0;  1 drivers
v0xf7c050_0 .net *"_s7", 0 0, L_0xf90b60;  1 drivers
v0xf7c180_0 .net *"_s8", 0 0, L_0xf90c50;  1 drivers
S_0xf7c260 .scope generate, "AND_LOOP[17]" "AND_LOOP[17]" 2 36, 2 36 0, S_0xf58090;
 .timescale 0 0;
P_0xf7c470 .param/l "i" 0 2 36, +C4<010001>;
L_0xf912b0 .functor AND 1, L_0xf91320, L_0xf91410, C4<1>, C4<1>;
L_0xf90fd0 .functor AND 1, L_0xf910a0, L_0xf91190, C4<1>, C4<1>;
L_0xf8a8c0 .functor AND 1, L_0xf8d4b0, L_0xf8d5a0, C4<1>, C4<1>;
v0xf7c530_0 .net *"_s1", 0 0, L_0xf91320;  1 drivers
v0xf7c610_0 .net *"_s2", 0 0, L_0xf91410;  1 drivers
v0xf7c6f0_0 .net *"_s4", 0 0, L_0xf910a0;  1 drivers
v0xf7c7b0_0 .net *"_s5", 0 0, L_0xf91190;  1 drivers
v0xf7c890_0 .net *"_s7", 0 0, L_0xf8d4b0;  1 drivers
v0xf7c9c0_0 .net *"_s8", 0 0, L_0xf8d5a0;  1 drivers
S_0xf7caa0 .scope generate, "AND_LOOP[18]" "AND_LOOP[18]" 2 36, 2 36 0, S_0xf58090;
 .timescale 0 0;
P_0xf78a90 .param/l "i" 0 2 36, +C4<010010>;
L_0xf8dba0 .functor AND 1, L_0xf8dc10, L_0xf91500, C4<1>, C4<1>;
L_0xf915f0 .functor AND 1, L_0xf91690, L_0xf91c00, C4<1>, C4<1>;
L_0xf91780 .functor AND 1, L_0xf91d20, L_0xf91e10, C4<1>, C4<1>;
v0xf7ce10_0 .net *"_s1", 0 0, L_0xf8dc10;  1 drivers
v0xf7ced0_0 .net *"_s2", 0 0, L_0xf91500;  1 drivers
v0xf7cfb0_0 .net *"_s4", 0 0, L_0xf91690;  1 drivers
v0xf7d070_0 .net *"_s5", 0 0, L_0xf91c00;  1 drivers
v0xf7d150_0 .net *"_s7", 0 0, L_0xf91d20;  1 drivers
v0xf7d280_0 .net *"_s8", 0 0, L_0xf91e10;  1 drivers
S_0xf7d360 .scope generate, "AND_LOOP[19]" "AND_LOOP[19]" 2 36, 2 36 0, S_0xf58090;
 .timescale 0 0;
P_0xf7d570 .param/l "i" 0 2 36, +C4<010011>;
L_0xf8d890 .functor AND 1, L_0xf8d930, L_0xf8da20, C4<1>, C4<1>;
L_0xf8db10 .functor AND 1, L_0xf92a70, L_0xf92b60, C4<1>, C4<1>;
L_0xf92720 .functor AND 1, L_0xf927f0, L_0xf928e0, C4<1>, C4<1>;
v0xf7d630_0 .net *"_s1", 0 0, L_0xf8d930;  1 drivers
v0xf7d710_0 .net *"_s2", 0 0, L_0xf8da20;  1 drivers
v0xf7d7f0_0 .net *"_s4", 0 0, L_0xf92a70;  1 drivers
v0xf7d8b0_0 .net *"_s5", 0 0, L_0xf92b60;  1 drivers
v0xf7d990_0 .net *"_s7", 0 0, L_0xf927f0;  1 drivers
v0xf7dac0_0 .net *"_s8", 0 0, L_0xf928e0;  1 drivers
S_0xf7dba0 .scope generate, "AND_LOOP[20]" "AND_LOOP[20]" 2 36, 2 36 0, S_0xf58090;
 .timescale 0 0;
P_0xf7ddb0 .param/l "i" 0 2 36, +C4<010100>;
L_0xf929d0 .functor AND 1, L_0xf92fc0, L_0xf930b0, C4<1>, C4<1>;
L_0xf92c50 .functor AND 1, L_0xf92cf0, L_0xf92de0, C4<1>, C4<1>;
L_0xf92ed0 .functor AND 1, L_0xf93530, L_0xf935d0, C4<1>, C4<1>;
v0xf7de70_0 .net *"_s1", 0 0, L_0xf92fc0;  1 drivers
v0xf7df50_0 .net *"_s2", 0 0, L_0xf930b0;  1 drivers
v0xf7e030_0 .net *"_s4", 0 0, L_0xf92cf0;  1 drivers
v0xf7e0f0_0 .net *"_s5", 0 0, L_0xf92de0;  1 drivers
v0xf7e1d0_0 .net *"_s7", 0 0, L_0xf93530;  1 drivers
v0xf7e300_0 .net *"_s8", 0 0, L_0xf935d0;  1 drivers
S_0xf7e3e0 .scope generate, "AND_LOOP[21]" "AND_LOOP[21]" 2 36, 2 36 0, S_0xf58090;
 .timescale 0 0;
P_0xf7e5f0 .param/l "i" 0 2 36, +C4<010101>;
L_0xf931a0 .functor AND 1, L_0xf93240, L_0xf93330, C4<1>, C4<1>;
L_0xf93420 .functor AND 1, L_0xf93a70, L_0xf93b10, C4<1>, C4<1>;
L_0xf936c0 .functor AND 1, L_0xf93760, L_0xf93850, C4<1>, C4<1>;
v0xf7e6b0_0 .net *"_s1", 0 0, L_0xf93240;  1 drivers
v0xf7e790_0 .net *"_s2", 0 0, L_0xf93330;  1 drivers
v0xf7e870_0 .net *"_s4", 0 0, L_0xf93a70;  1 drivers
v0xf7e930_0 .net *"_s5", 0 0, L_0xf93b10;  1 drivers
v0xf7ea10_0 .net *"_s7", 0 0, L_0xf93760;  1 drivers
v0xf7eb40_0 .net *"_s8", 0 0, L_0xf93850;  1 drivers
S_0xf7ec20 .scope generate, "AND_LOOP[22]" "AND_LOOP[22]" 2 36, 2 36 0, S_0xf58090;
 .timescale 0 0;
P_0xf7ee30 .param/l "i" 0 2 36, +C4<010110>;
L_0xf93940 .functor AND 1, L_0xf93fd0, L_0xf94070, C4<1>, C4<1>;
L_0xf93c00 .functor AND 1, L_0xf93ca0, L_0xf93d90, C4<1>, C4<1>;
L_0xf93e80 .functor AND 1, L_0xf93f20, L_0xf945a0, C4<1>, C4<1>;
v0xf7eef0_0 .net *"_s1", 0 0, L_0xf93fd0;  1 drivers
v0xf7efd0_0 .net *"_s2", 0 0, L_0xf94070;  1 drivers
v0xf7f0b0_0 .net *"_s4", 0 0, L_0xf93ca0;  1 drivers
v0xf7f170_0 .net *"_s5", 0 0, L_0xf93d90;  1 drivers
v0xf7f250_0 .net *"_s7", 0 0, L_0xf93f20;  1 drivers
v0xf7f380_0 .net *"_s8", 0 0, L_0xf945a0;  1 drivers
S_0xf7f460 .scope generate, "AND_LOOP[23]" "AND_LOOP[23]" 2 36, 2 36 0, S_0xf58090;
 .timescale 0 0;
P_0xf7f670 .param/l "i" 0 2 36, +C4<010111>;
L_0xf94160 .functor AND 1, L_0xf94200, L_0xf942f0, C4<1>, C4<1>;
L_0xf943e0 .functor AND 1, L_0xf94480, L_0xf94af0, C4<1>, C4<1>;
L_0xf94690 .functor AND 1, L_0xf94700, L_0xf947f0, C4<1>, C4<1>;
v0xf7f730_0 .net *"_s1", 0 0, L_0xf94200;  1 drivers
v0xf7f810_0 .net *"_s2", 0 0, L_0xf942f0;  1 drivers
v0xf7f8f0_0 .net *"_s4", 0 0, L_0xf94480;  1 drivers
v0xf7f9b0_0 .net *"_s5", 0 0, L_0xf94af0;  1 drivers
v0xf7fa90_0 .net *"_s7", 0 0, L_0xf94700;  1 drivers
v0xf7fbc0_0 .net *"_s8", 0 0, L_0xf947f0;  1 drivers
S_0xf7fca0 .scope generate, "AND_LOOP[24]" "AND_LOOP[24]" 2 36, 2 36 0, S_0xf58090;
 .timescale 0 0;
P_0xf7feb0 .param/l "i" 0 2 36, +C4<011000>;
L_0xf948e0 .functor AND 1, L_0xf94980, L_0xf95010, C4<1>, C4<1>;
L_0xf94be0 .functor AND 1, L_0xf94c50, L_0xf94d40, C4<1>, C4<1>;
L_0xf94e30 .functor AND 1, L_0xf94ed0, L_0xf95550, C4<1>, C4<1>;
v0xf7ff70_0 .net *"_s1", 0 0, L_0xf94980;  1 drivers
v0xf80050_0 .net *"_s2", 0 0, L_0xf95010;  1 drivers
v0xf80130_0 .net *"_s4", 0 0, L_0xf94c50;  1 drivers
v0xf801f0_0 .net *"_s5", 0 0, L_0xf94d40;  1 drivers
v0xf802d0_0 .net *"_s7", 0 0, L_0xf94ed0;  1 drivers
v0xf80400_0 .net *"_s8", 0 0, L_0xf95550;  1 drivers
S_0xf804e0 .scope generate, "AND_LOOP[25]" "AND_LOOP[25]" 2 36, 2 36 0, S_0xf58090;
 .timescale 0 0;
P_0xf806f0 .param/l "i" 0 2 36, +C4<011001>;
L_0xf95100 .functor AND 1, L_0xf951a0, L_0xf95290, C4<1>, C4<1>;
L_0xf95380 .functor AND 1, L_0xf95420, L_0xf95a60, C4<1>, C4<1>;
L_0xf955f0 .functor AND 1, L_0xf95690, L_0xf95780, C4<1>, C4<1>;
v0xf807b0_0 .net *"_s1", 0 0, L_0xf951a0;  1 drivers
v0xf80890_0 .net *"_s2", 0 0, L_0xf95290;  1 drivers
v0xf80970_0 .net *"_s4", 0 0, L_0xf95420;  1 drivers
v0xf80a30_0 .net *"_s5", 0 0, L_0xf95a60;  1 drivers
v0xf80b10_0 .net *"_s7", 0 0, L_0xf95690;  1 drivers
v0xf80c40_0 .net *"_s8", 0 0, L_0xf95780;  1 drivers
S_0xf80d20 .scope generate, "AND_LOOP[26]" "AND_LOOP[26]" 2 36, 2 36 0, S_0xf58090;
 .timescale 0 0;
P_0xf80f30 .param/l "i" 0 2 36, +C4<011010>;
L_0xf95870 .functor AND 1, L_0xf95910, L_0xf95fe0, C4<1>, C4<1>;
L_0xf95b50 .functor AND 1, L_0xf95bf0, L_0xf95ce0, C4<1>, C4<1>;
L_0xf95dd0 .functor AND 1, L_0xf95e70, L_0xf96530, C4<1>, C4<1>;
v0xf80ff0_0 .net *"_s1", 0 0, L_0xf95910;  1 drivers
v0xf810d0_0 .net *"_s2", 0 0, L_0xf95fe0;  1 drivers
v0xf811b0_0 .net *"_s4", 0 0, L_0xf95bf0;  1 drivers
v0xf81270_0 .net *"_s5", 0 0, L_0xf95ce0;  1 drivers
v0xf81350_0 .net *"_s7", 0 0, L_0xf95e70;  1 drivers
v0xf81480_0 .net *"_s8", 0 0, L_0xf96530;  1 drivers
S_0xf81560 .scope generate, "AND_LOOP[27]" "AND_LOOP[27]" 2 36, 2 36 0, S_0xf58090;
 .timescale 0 0;
P_0xf81770 .param/l "i" 0 2 36, +C4<011011>;
L_0xf96080 .functor AND 1, L_0xf960f0, L_0xf961e0, C4<1>, C4<1>;
L_0xf962d0 .functor AND 1, L_0xf96370, L_0xf96460, C4<1>, C4<1>;
L_0xf965d0 .functor AND 1, L_0xf96640, L_0xf96730, C4<1>, C4<1>;
v0xf81830_0 .net *"_s1", 0 0, L_0xf960f0;  1 drivers
v0xf81910_0 .net *"_s2", 0 0, L_0xf961e0;  1 drivers
v0xf819f0_0 .net *"_s4", 0 0, L_0xf96370;  1 drivers
v0xf81ab0_0 .net *"_s5", 0 0, L_0xf96460;  1 drivers
v0xf81b90_0 .net *"_s7", 0 0, L_0xf96640;  1 drivers
v0xf81cc0_0 .net *"_s8", 0 0, L_0xf96730;  1 drivers
S_0xf81da0 .scope generate, "AND_LOOP[28]" "AND_LOOP[28]" 2 36, 2 36 0, S_0xf58090;
 .timescale 0 0;
P_0xf81fb0 .param/l "i" 0 2 36, +C4<011100>;
L_0xf96820 .functor AND 1, L_0xf968c0, L_0xf969b0, C4<1>, C4<1>;
L_0xf96ff0 .functor AND 1, L_0xf97060, L_0xf97150, C4<1>, C4<1>;
L_0xf96af0 .functor AND 1, L_0xf96bc0, L_0xf96cb0, C4<1>, C4<1>;
v0xf82070_0 .net *"_s1", 0 0, L_0xf968c0;  1 drivers
v0xf82150_0 .net *"_s2", 0 0, L_0xf969b0;  1 drivers
v0xf82230_0 .net *"_s4", 0 0, L_0xf97060;  1 drivers
v0xf822f0_0 .net *"_s5", 0 0, L_0xf97150;  1 drivers
v0xf823d0_0 .net *"_s7", 0 0, L_0xf96bc0;  1 drivers
v0xf82500_0 .net *"_s8", 0 0, L_0xf96cb0;  1 drivers
S_0xf825e0 .scope generate, "AND_LOOP[29]" "AND_LOOP[29]" 2 36, 2 36 0, S_0xf58090;
 .timescale 0 0;
P_0xf827f0 .param/l "i" 0 2 36, +C4<011101>;
L_0xf96da0 .functor AND 1, L_0xf96e40, L_0xf96f30, C4<1>, C4<1>;
L_0xf97240 .functor AND 1, L_0xf972e0, L_0xf973d0, C4<1>, C4<1>;
L_0xf974c0 .functor AND 1, L_0xf97560, L_0xf97650, C4<1>, C4<1>;
v0xf828b0_0 .net *"_s1", 0 0, L_0xf96e40;  1 drivers
v0xf82990_0 .net *"_s2", 0 0, L_0xf96f30;  1 drivers
v0xf82a70_0 .net *"_s4", 0 0, L_0xf972e0;  1 drivers
v0xf82b30_0 .net *"_s5", 0 0, L_0xf973d0;  1 drivers
v0xf82c10_0 .net *"_s7", 0 0, L_0xf97560;  1 drivers
v0xf82d40_0 .net *"_s8", 0 0, L_0xf97650;  1 drivers
S_0xf82e20 .scope generate, "AND_LOOP[30]" "AND_LOOP[30]" 2 36, 2 36 0, S_0xf58090;
 .timescale 0 0;
P_0xf83030 .param/l "i" 0 2 36, +C4<011110>;
L_0xf97d00 .functor AND 1, L_0xf97d70, L_0xf97e60, C4<1>, C4<1>;
L_0xf977b0 .functor AND 1, L_0xf97880, L_0xf97970, C4<1>, C4<1>;
L_0xf97a60 .functor AND 1, L_0xf97b00, L_0xf97bf0, C4<1>, C4<1>;
v0xf830f0_0 .net *"_s1", 0 0, L_0xf97d70;  1 drivers
v0xf831d0_0 .net *"_s2", 0 0, L_0xf97e60;  1 drivers
v0xf832b0_0 .net *"_s4", 0 0, L_0xf97880;  1 drivers
v0xf83370_0 .net *"_s5", 0 0, L_0xf97970;  1 drivers
v0xf83450_0 .net *"_s7", 0 0, L_0xf97b00;  1 drivers
v0xf83580_0 .net *"_s8", 0 0, L_0xf97bf0;  1 drivers
# The file index is used to find the file name in the following table.
:file_names 3;
    "N/A";
    "<interactive>";
    "non_lin_part.v";
