Copyright 1986-2015 Xilinx, Inc. All Rights Reserved.
--------------------------------------------------------------------------------------
| Tool Version : Vivado v.2015.4 (lin64) Build 1412921 Wed Nov 18 09:44:32 MST 2015
| Date         : Sat Apr 23 21:05:44 2016
| Host         : localhost.localdomain running 64-bit unknown
| Command      : report_timing -file ./reports/timing/12bit_decomposed_rca_timing.rpt
| Design       : decomposed_rca
| Device       : 7z010-clg400
| Speed File   : -1  PRODUCTION 1.11 2014-09-11
--------------------------------------------------------------------------------------

Timing Report

Slack:                    inf
  Source:                 A[0]
                            (input port)
  Destination:            S[9]
                            (output port)
  Path Group:             (none)
  Path Type:              Max at Slow Process Corner
  Data Path Delay:        12.258ns  (logic 4.959ns (40.455%)  route 7.299ns (59.545%))
  Logic Levels:           7  (IBUF=1 LUT3=1 LUT5=3 LUT6=1 OBUF=1)

    Location             Delay type                Incr(ns)  Path(ns)    Netlist Resource(s)
  -------------------------------------------------------------------    -------------------
    T19                                               0.000     0.000 r  A[0] (IN)
                         net (fo=0)                   0.000     0.000    A[0]
    T19                  IBUF (Prop_ibuf_I_O)         0.950     0.950 r  A_IBUF[0]_inst/O
                         net (fo=4, routed)           1.797     2.747    A_IBUF[0]
    SLICE_X43Y13         LUT6 (Prop_lut6_I2_O)        0.124     2.871 r  S_OBUF[4]_inst_i_2/O
                         net (fo=3, routed)           0.998     3.869    r[1]
    SLICE_X43Y15         LUT5 (Prop_lut5_I2_O)        0.124     3.993 r  S_OBUF[6]_inst_i_2/O
                         net (fo=3, routed)           0.412     4.405    r[3]
    SLICE_X43Y17         LUT5 (Prop_lut5_I2_O)        0.118     4.523 r  S_OBUF[8]_inst_i_2/O
                         net (fo=3, routed)           1.002     5.525    r[5]
    SLICE_X43Y19         LUT5 (Prop_lut5_I2_O)        0.354     5.879 r  S_OBUF[10]_inst_i_2/O
                         net (fo=3, routed)           1.002     6.880    r[7]
    SLICE_X43Y21         LUT3 (Prop_lut3_I1_O)        0.354     7.234 r  S_OBUF[9]_inst_i_1/O
                         net (fo=1, routed)           2.088     9.323    S_OBUF[9]
    Y14                  OBUF (Prop_obuf_I_O)         2.935    12.258 r  S_OBUF[9]_inst/O
                         net (fo=0)                   0.000    12.258    S[9]
    Y14                                                               r  S[9] (OUT)
  -------------------------------------------------------------------    -------------------




