Copyright 1986-2015 Xilinx, Inc. All Rights Reserved.
-------------------------------------------------------------------------------------------
| Tool Version : Vivado v.2015.4 (lin64) Build 1412921 Wed Nov 18 09:44:32 MST 2015
| Date         : Sat Apr 23 21:08:53 2016
| Host         : localhost.localdomain running 64-bit CentOS Linux release 7.2.1511 (Core)
| Command      : report_timing -file ./reports/timing/17bit_decomposed_rca_timing.rpt
| Design       : decomposed_rca
| Device       : 7z010-clg400
| Speed File   : -1  PRODUCTION 1.11 2014-09-11
-------------------------------------------------------------------------------------------

Timing Report

Slack:                    inf
  Source:                 A[0]
                            (input port)
  Destination:            S[16]
                            (output port)
  Path Group:             (none)
  Path Type:              Max at Slow Process Corner
  Data Path Delay:        21.299ns  (logic 5.773ns (27.106%)  route 15.526ns (72.894%))
  Logic Levels:           18  (IBUF=1 LUT3=1 LUT5=14 LUT6=1 OBUF=1)

    Location             Delay type                Incr(ns)  Path(ns)    Netlist Resource(s)
  -------------------------------------------------------------------    -------------------
    T19                                               0.000     0.000 r  A[0] (IN)
                         net (fo=0)                   0.000     0.000    A[0]
    T19                  IBUF (Prop_ibuf_I_O)         0.950     0.950 r  A_IBUF[0]_inst/O
                         net (fo=4, routed)           1.760     2.710    NL_PART/A_IBUF[0]
    SLICE_X43Y16         LUT3 (Prop_lut3_I2_O)        0.150     2.860 r  NL_PART/S_OBUF[2]_inst_i_3/O
                         net (fo=3, routed)           0.673     3.533    NL_PART/nl[3]
    SLICE_X42Y16         LUT5 (Prop_lut5_I3_O)        0.326     3.859 r  NL_PART/S_OBUF[3]_inst_i_3/O
                         net (fo=3, routed)           0.832     4.691    NL_PART/nl[6]
    SLICE_X43Y17         LUT5 (Prop_lut5_I3_O)        0.124     4.815 r  NL_PART/S_OBUF[4]_inst_i_3/O
                         net (fo=3, routed)           0.823     5.638    NL_PART/nl[9]
    SLICE_X42Y17         LUT5 (Prop_lut5_I3_O)        0.124     5.762 r  NL_PART/S_OBUF[5]_inst_i_2/O
                         net (fo=3, routed)           0.713     6.475    NL_PART/nl[11]
    SLICE_X42Y17         LUT5 (Prop_lut5_I2_O)        0.124     6.599 r  NL_PART/S_OBUF[6]_inst_i_3/O
                         net (fo=3, routed)           0.676     7.275    NL_PART/nl[15]
    SLICE_X42Y18         LUT5 (Prop_lut5_I3_O)        0.124     7.399 r  NL_PART/S_OBUF[7]_inst_i_3/O
                         net (fo=3, routed)           0.478     7.877    NL_PART/nl[18]
    SLICE_X42Y18         LUT5 (Prop_lut5_I3_O)        0.124     8.001 r  NL_PART/S_OBUF[8]_inst_i_2/O
                         net (fo=3, routed)           0.611     8.612    NL_PART/nl[20]
    SLICE_X42Y19         LUT5 (Prop_lut5_I2_O)        0.124     8.736 r  NL_PART/S_OBUF[9]_inst_i_2/O
                         net (fo=3, routed)           0.814     9.550    NL_PART/nl[23]
    SLICE_X42Y20         LUT5 (Prop_lut5_I2_O)        0.124     9.674 r  NL_PART/S_OBUF[10]_inst_i_3/O
                         net (fo=3, routed)           0.814    10.488    NL_PART/nl[27]
    SLICE_X42Y21         LUT5 (Prop_lut5_I3_O)        0.124    10.612 r  NL_PART/S_OBUF[11]_inst_i_3/O
                         net (fo=3, routed)           0.608    11.220    NL_PART/nl[30]
    SLICE_X42Y22         LUT5 (Prop_lut5_I3_O)        0.124    11.344 r  NL_PART/S_OBUF[12]_inst_i_3/O
                         net (fo=3, routed)           0.656    12.000    NL_PART/nl[33]
    SLICE_X43Y22         LUT5 (Prop_lut5_I3_O)        0.124    12.124 r  NL_PART/S_OBUF[13]_inst_i_3/O
                         net (fo=3, routed)           0.682    12.805    NL_PART/nl[36]
    SLICE_X42Y22         LUT5 (Prop_lut5_I3_O)        0.124    12.929 r  NL_PART/S_OBUF[14]_inst_i_2/O
                         net (fo=3, routed)           0.608    13.538    NL_PART/nl[38]
    SLICE_X42Y23         LUT5 (Prop_lut5_I2_O)        0.124    13.662 r  NL_PART/S_OBUF[15]_inst_i_2/O
                         net (fo=3, routed)           1.040    14.701    NL_PART/nl[41]
    SLICE_X42Y26         LUT5 (Prop_lut5_I2_O)        0.124    14.825 r  NL_PART/S_OBUF[16]_inst_i_3/O
                         net (fo=1, routed)           0.701    15.526    NL_PART/nl[44]
    SLICE_X43Y26         LUT6 (Prop_lut6_I4_O)        0.124    15.650 r  NL_PART/S_OBUF[16]_inst_i_1/O
                         net (fo=1, routed)           3.037    18.688    S_OBUF[16]
    J20                  OBUF (Prop_obuf_I_O)         2.612    21.299 r  S_OBUF[16]_inst/O
                         net (fo=0)                   0.000    21.299    S[16]
    J20                                                               r  S[16] (OUT)
  -------------------------------------------------------------------    -------------------




