Copyright 1986-2015 Xilinx, Inc. All Rights Reserved.
-------------------------------------------------------------------------------------------
| Tool Version : Vivado v.2015.4 (lin64) Build 1412921 Wed Nov 18 09:44:32 MST 2015
| Date         : Wed Apr 27 10:50:05 2016
| Host         : localhost.localdomain running 64-bit CentOS Linux release 7.2.1511 (Core)
| Command      : report_timing -file ./reports/timing/18bit_decomposed_rca_timing.rpt
| Design       : decomposed_rca
| Device       : 7z010-clg400
| Speed File   : -1  PRODUCTION 1.11 2014-09-11
-------------------------------------------------------------------------------------------

Timing Report

Slack:                    inf
  Source:                 A[0]
                            (input port)
  Destination:            S[17]
                            (output port)
  Path Group:             (none)
  Path Type:              Max at Slow Process Corner
  Data Path Delay:        22.309ns  (logic 5.895ns (26.425%)  route 16.414ns (73.575%))
  Logic Levels:           19  (IBUF=1 LUT3=1 LUT5=15 LUT6=1 OBUF=1)

    Location             Delay type                Incr(ns)  Path(ns)    Netlist Resource(s)
  -------------------------------------------------------------------    -------------------
    T19                                               0.000     0.000 r  A[0] (IN)
                         net (fo=0)                   0.000     0.000    A[0]
    T19                  IBUF (Prop_ibuf_I_O)         0.950     0.950 r  A_IBUF[0]_inst/O
                         net (fo=4, routed)           1.646     2.595    NL_PART/A_IBUF[0]
    SLICE_X43Y17         LUT3 (Prop_lut3_I2_O)        0.150     2.745 r  NL_PART/S_OBUF[2]_inst_i_3/O
                         net (fo=3, routed)           0.671     3.416    NL_PART/nl[3]
    SLICE_X42Y17         LUT5 (Prop_lut5_I3_O)        0.326     3.742 r  NL_PART/S_OBUF[3]_inst_i_2/O
                         net (fo=3, routed)           0.683     4.425    NL_PART/nl[5]
    SLICE_X42Y17         LUT5 (Prop_lut5_I2_O)        0.124     4.549 r  NL_PART/S_OBUF[4]_inst_i_2/O
                         net (fo=3, routed)           0.625     5.174    NL_PART/nl[8]
    SLICE_X42Y18         LUT5 (Prop_lut5_I2_O)        0.124     5.298 r  NL_PART/S_OBUF[5]_inst_i_3/O
                         net (fo=3, routed)           0.605     5.903    NL_PART/nl[12]
    SLICE_X42Y19         LUT5 (Prop_lut5_I3_O)        0.124     6.027 r  NL_PART/S_OBUF[6]_inst_i_2/O
                         net (fo=3, routed)           0.831     6.858    NL_PART/nl[14]
    SLICE_X42Y20         LUT5 (Prop_lut5_I2_O)        0.124     6.982 r  NL_PART/S_OBUF[7]_inst_i_2/O
                         net (fo=3, routed)           0.625     7.607    NL_PART/nl[17]
    SLICE_X42Y21         LUT5 (Prop_lut5_I2_O)        0.124     7.731 r  NL_PART/S_OBUF[8]_inst_i_3/O
                         net (fo=3, routed)           0.832     8.563    NL_PART/nl[21]
    SLICE_X42Y23         LUT5 (Prop_lut5_I3_O)        0.124     8.687 r  NL_PART/S_OBUF[9]_inst_i_2/O
                         net (fo=3, routed)           0.609     9.296    NL_PART/nl[23]
    SLICE_X42Y24         LUT5 (Prop_lut5_I2_O)        0.124     9.420 r  NL_PART/S_OBUF[10]_inst_i_2/O
                         net (fo=3, routed)           0.739    10.159    NL_PART/nl[26]
    SLICE_X43Y24         LUT5 (Prop_lut5_I2_O)        0.124    10.283 r  NL_PART/S_OBUF[11]_inst_i_3/O
                         net (fo=3, routed)           0.845    11.127    NL_PART/nl[30]
    SLICE_X43Y25         LUT5 (Prop_lut5_I3_O)        0.124    11.251 r  NL_PART/S_OBUF[12]_inst_i_3/O
                         net (fo=3, routed)           0.819    12.071    NL_PART/nl[33]
    SLICE_X42Y26         LUT5 (Prop_lut5_I3_O)        0.124    12.195 r  NL_PART/S_OBUF[13]_inst_i_2/O
                         net (fo=3, routed)           0.964    13.159    NL_PART/nl[35]
    SLICE_X42Y27         LUT5 (Prop_lut5_I2_O)        0.124    13.283 r  NL_PART/S_OBUF[14]_inst_i_2/O
                         net (fo=3, routed)           1.045    14.328    NL_PART/nl[38]
    SLICE_X42Y28         LUT5 (Prop_lut5_I2_O)        0.124    14.452 r  NL_PART/S_OBUF[15]_inst_i_2/O
                         net (fo=3, routed)           0.625    15.077    NL_PART/nl[41]
    SLICE_X42Y29         LUT5 (Prop_lut5_I2_O)        0.124    15.201 r  NL_PART/S_OBUF[16]_inst_i_3/O
                         net (fo=3, routed)           0.829    16.030    NL_PART/nl[45]
    SLICE_X42Y30         LUT5 (Prop_lut5_I3_O)        0.124    16.154 r  NL_PART/S_OBUF[17]_inst_i_2/O
                         net (fo=1, routed)           0.656    16.810    NL_PART/nl[48]
    SLICE_X43Y30         LUT6 (Prop_lut6_I3_O)        0.124    16.934 r  NL_PART/S_OBUF[17]_inst_i_1/O
                         net (fo=1, routed)           2.766    19.700    S_OBUF[17]
    G18                  OBUF (Prop_obuf_I_O)         2.609    22.309 r  S_OBUF[17]_inst/O
                         net (fo=0)                   0.000    22.309    S[17]
    G18                                                               r  S[17] (OUT)
  -------------------------------------------------------------------    -------------------




