Copyright 1986-2015 Xilinx, Inc. All Rights Reserved.
-------------------------------------------------------------------------------------------
| Tool Version : Vivado v.2015.4 (lin64) Build 1412921 Wed Nov 18 09:44:32 MST 2015
| Date         : Sat Apr 23 21:10:07 2016
| Host         : localhost.localdomain running 64-bit CentOS Linux release 7.2.1511 (Core)
| Command      : report_timing -file ./reports/timing/19bit_decomposed_rca_timing.rpt
| Design       : decomposed_rca
| Device       : 7z010-clg400
| Speed File   : -1  PRODUCTION 1.11 2014-09-11
-------------------------------------------------------------------------------------------

Timing Report

Slack:                    inf
  Source:                 A[1]
                            (input port)
  Destination:            S[18]
                            (output port)
  Path Group:             (none)
  Path Type:              Max at Slow Process Corner
  Data Path Delay:        26.894ns  (logic 9.247ns (34.382%)  route 17.647ns (65.618%))
  Logic Levels:           20  (IBUF=1 LUT3=16 LUT4=1 LUT5=1 OBUF=1)

    Location             Delay type                Incr(ns)  Path(ns)    Netlist Resource(s)
  -------------------------------------------------------------------    -------------------
    P16                                               0.000     0.000 r  A[1] (IN)
                         net (fo=0)                   0.000     0.000    A[1]
    P16                  IBUF (Prop_ibuf_I_O)         0.938     0.938 r  A_IBUF[1]_inst/O
                         net (fo=4, routed)           1.982     2.921    A_IBUF[1]
    SLICE_X43Y20         LUT3 (Prop_lut3_I0_O)        0.152     3.073 r  S_OBUF[2]_inst_i_2/O
                         net (fo=2, routed)           0.282     3.354    nl[2]
    SLICE_X43Y20         LUT4 (Prop_lut4_I2_O)        0.332     3.686 r  S_OBUF[3]_inst_i_2/O
                         net (fo=2, routed)           0.808     4.494    r[0]
    SLICE_X43Y21         LUT3 (Prop_lut3_I1_O)        0.124     4.618 r  S_OBUF[4]_inst_i_2/O
                         net (fo=2, routed)           0.433     5.051    r[1]
    SLICE_X43Y21         LUT3 (Prop_lut3_I1_O)        0.150     5.201 r  S_OBUF[5]_inst_i_2/O
                         net (fo=2, routed)           0.942     6.143    r[2]
    SLICE_X43Y23         LUT3 (Prop_lut3_I1_O)        0.354     6.497 r  S_OBUF[6]_inst_i_2/O
                         net (fo=2, routed)           0.848     7.344    r[3]
    SLICE_X43Y23         LUT3 (Prop_lut3_I1_O)        0.354     7.698 r  S_OBUF[7]_inst_i_2/O
                         net (fo=2, routed)           0.969     8.668    r[4]
    SLICE_X43Y25         LUT3 (Prop_lut3_I1_O)        0.360     9.028 r  S_OBUF[8]_inst_i_2/O
                         net (fo=2, routed)           0.848     9.875    r[5]
    SLICE_X43Y25         LUT3 (Prop_lut3_I1_O)        0.354    10.229 r  S_OBUF[9]_inst_i_2/O
                         net (fo=2, routed)           0.814    11.043    r[6]
    SLICE_X43Y27         LUT3 (Prop_lut3_I1_O)        0.360    11.403 r  S_OBUF[10]_inst_i_2/O
                         net (fo=2, routed)           0.669    12.072    r[7]
    SLICE_X43Y27         LUT3 (Prop_lut3_I1_O)        0.360    12.432 r  S_OBUF[11]_inst_i_2/O
                         net (fo=2, routed)           0.777    13.209    r[8]
    SLICE_X43Y29         LUT3 (Prop_lut3_I1_O)        0.352    13.561 r  S_OBUF[12]_inst_i_2/O
                         net (fo=2, routed)           0.848    14.408    r[9]
    SLICE_X43Y29         LUT3 (Prop_lut3_I1_O)        0.354    14.762 r  S_OBUF[13]_inst_i_2/O
                         net (fo=2, routed)           0.942    15.704    r[10]
    SLICE_X43Y31         LUT3 (Prop_lut3_I1_O)        0.360    16.064 r  S_OBUF[14]_inst_i_2/O
                         net (fo=2, routed)           0.848    16.912    r[11]
    SLICE_X43Y31         LUT3 (Prop_lut3_I1_O)        0.354    17.266 r  S_OBUF[15]_inst_i_2/O
                         net (fo=2, routed)           0.942    18.208    r[12]
    SLICE_X43Y33         LUT3 (Prop_lut3_I1_O)        0.360    18.568 r  S_OBUF[16]_inst_i_2/O
                         net (fo=2, routed)           0.848    19.415    r[13]
    SLICE_X43Y33         LUT3 (Prop_lut3_I1_O)        0.354    19.769 r  S_OBUF[17]_inst_i_2/O
                         net (fo=2, routed)           0.267    20.036    r[14]
    SLICE_X43Y33         LUT3 (Prop_lut3_I1_O)        0.328    20.364 r  S_OBUF[18]_inst_i_2/O
                         net (fo=1, routed)           0.674    21.038    r[15]
    SLICE_X43Y33         LUT5 (Prop_lut5_I1_O)        0.327    21.365 r  S_OBUF[18]_inst_i_1/O
                         net (fo=1, routed)           2.910    24.275    S_OBUF[18]
    G17                  OBUF (Prop_obuf_I_O)         2.619    26.894 r  S_OBUF[18]_inst/O
                         net (fo=0)                   0.000    26.894    S[18]
    G17                                                               r  S[18] (OUT)
  -------------------------------------------------------------------    -------------------




