Copyright 1986-2015 Xilinx, Inc. All Rights Reserved.
-------------------------------------------------------------------------------------------
| Tool Version : Vivado v.2015.4 (lin64) Build 1412921 Wed Nov 18 09:44:32 MST 2015
| Date         : Sat Apr 23 21:10:44 2016
| Host         : localhost.localdomain running 64-bit CentOS Linux release 7.2.1511 (Core)
| Command      : report_timing -file ./reports/timing/20bit_decomposed_rca_timing.rpt
| Design       : decomposed_rca
| Device       : 7z010-clg400
| Speed File   : -1  PRODUCTION 1.11 2014-09-11
-------------------------------------------------------------------------------------------

Timing Report

Slack:                    inf
  Source:                 A[1]
                            (input port)
  Destination:            S[19]
                            (output port)
  Path Group:             (none)
  Path Type:              Max at Slow Process Corner
  Data Path Delay:        26.327ns  (logic 9.400ns (35.706%)  route 16.926ns (64.294%))
  Logic Levels:           21  (IBUF=1 LUT3=17 LUT4=1 LUT5=1 OBUF=1)

    Location             Delay type                Incr(ns)  Path(ns)    Netlist Resource(s)
  -------------------------------------------------------------------    -------------------
    P16                                               0.000     0.000 r  A[1] (IN)
                         net (fo=0)                   0.000     0.000    A[1]
    P16                  IBUF (Prop_ibuf_I_O)         0.938     0.938 r  A_IBUF[1]_inst/O
                         net (fo=4, routed)           2.111     3.049    A_IBUF[1]
    SLICE_X43Y21         LUT3 (Prop_lut3_I0_O)        0.152     3.201 r  S_OBUF[2]_inst_i_2/O
                         net (fo=2, routed)           0.280     3.481    nl[2]
    SLICE_X43Y21         LUT4 (Prop_lut4_I2_O)        0.332     3.813 r  S_OBUF[3]_inst_i_2/O
                         net (fo=2, routed)           0.806     4.619    r[0]
    SLICE_X43Y22         LUT3 (Prop_lut3_I1_O)        0.124     4.743 r  S_OBUF[4]_inst_i_2/O
                         net (fo=2, routed)           0.634     5.378    r[1]
    SLICE_X43Y23         LUT3 (Prop_lut3_I1_O)        0.150     5.528 r  S_OBUF[5]_inst_i_2/O
                         net (fo=2, routed)           0.848     6.375    r[2]
    SLICE_X43Y23         LUT3 (Prop_lut3_I1_O)        0.354     6.729 r  S_OBUF[6]_inst_i_2/O
                         net (fo=2, routed)           0.573     7.302    r[3]
    SLICE_X43Y25         LUT3 (Prop_lut3_I1_O)        0.326     7.628 r  S_OBUF[7]_inst_i_2/O
                         net (fo=2, routed)           0.848     8.476    r[4]
    SLICE_X43Y25         LUT3 (Prop_lut3_I1_O)        0.354     8.830 r  S_OBUF[8]_inst_i_2/O
                         net (fo=2, routed)           0.546     9.376    r[5]
    SLICE_X43Y27         LUT3 (Prop_lut3_I1_O)        0.326     9.702 r  S_OBUF[9]_inst_i_2/O
                         net (fo=2, routed)           0.848    10.549    r[6]
    SLICE_X43Y27         LUT3 (Prop_lut3_I1_O)        0.354    10.903 r  S_OBUF[10]_inst_i_2/O
                         net (fo=2, routed)           0.546    11.449    r[7]
    SLICE_X43Y29         LUT3 (Prop_lut3_I1_O)        0.326    11.775 r  S_OBUF[11]_inst_i_2/O
                         net (fo=2, routed)           0.848    12.623    r[8]
    SLICE_X43Y29         LUT3 (Prop_lut3_I1_O)        0.354    12.977 r  S_OBUF[12]_inst_i_2/O
                         net (fo=2, routed)           0.546    13.523    r[9]
    SLICE_X43Y31         LUT3 (Prop_lut3_I1_O)        0.326    13.849 r  S_OBUF[13]_inst_i_2/O
                         net (fo=2, routed)           0.848    14.696    r[10]
    SLICE_X43Y31         LUT3 (Prop_lut3_I1_O)        0.354    15.050 r  S_OBUF[14]_inst_i_2/O
                         net (fo=2, routed)           0.546    15.596    r[11]
    SLICE_X43Y33         LUT3 (Prop_lut3_I1_O)        0.326    15.922 r  S_OBUF[15]_inst_i_2/O
                         net (fo=2, routed)           0.848    16.770    r[12]
    SLICE_X43Y33         LUT3 (Prop_lut3_I1_O)        0.354    17.124 r  S_OBUF[16]_inst_i_2/O
                         net (fo=2, routed)           0.546    17.670    r[13]
    SLICE_X43Y35         LUT3 (Prop_lut3_I1_O)        0.326    17.996 r  S_OBUF[17]_inst_i_2/O
                         net (fo=2, routed)           0.848    18.843    r[14]
    SLICE_X43Y35         LUT3 (Prop_lut3_I1_O)        0.354    19.197 r  S_OBUF[18]_inst_i_2/O
                         net (fo=2, routed)           0.267    19.464    r[15]
    SLICE_X43Y35         LUT3 (Prop_lut3_I1_O)        0.328    19.792 r  S_OBUF[19]_inst_i_2/O
                         net (fo=1, routed)           0.674    20.466    r[16]
    SLICE_X43Y35         LUT5 (Prop_lut5_I1_O)        0.327    20.793 r  S_OBUF[19]_inst_i_1/O
                         net (fo=1, routed)           2.919    23.712    S_OBUF[19]
    F20                  OBUF (Prop_obuf_I_O)         2.615    26.327 r  S_OBUF[19]_inst/O
                         net (fo=0)                   0.000    26.327    S[19]
    F20                                                               r  S[19] (OUT)
  -------------------------------------------------------------------    -------------------




