Copyright 1986-2015 Xilinx, Inc. All Rights Reserved.
-------------------------------------------------------------------------------------------
| Tool Version : Vivado v.2015.4 (lin64) Build 1412921 Wed Nov 18 09:44:32 MST 2015
| Date         : Sat Apr 23 21:11:21 2016
| Host         : localhost.localdomain running 64-bit CentOS Linux release 7.2.1511 (Core)
| Command      : report_timing -file ./reports/timing/21bit_decomposed_rca_timing.rpt
| Design       : decomposed_rca
| Device       : 7z010-clg400
| Speed File   : -1  PRODUCTION 1.11 2014-09-11
-------------------------------------------------------------------------------------------

Timing Report

Slack:                    inf
  Source:                 A[0]
                            (input port)
  Destination:            S[20]
                            (output port)
  Path Group:             (none)
  Path Type:              Max at Slow Process Corner
  Data Path Delay:        28.798ns  (logic 9.882ns (34.315%)  route 18.916ns (65.685%))
  Logic Levels:           22  (IBUF=1 LUT3=18 LUT4=1 LUT5=1 OBUF=1)

    Location             Delay type                Incr(ns)  Path(ns)    Netlist Resource(s)
  -------------------------------------------------------------------    -------------------
    T19                                               0.000     0.000 r  A[0] (IN)
                         net (fo=0)                   0.000     0.000    A[0]
    T19                  IBUF (Prop_ibuf_I_O)         0.950     0.950 r  A_IBUF[0]_inst/O
                         net (fo=4, routed)           2.012     2.962    A_IBUF[0]
    SLICE_X43Y22         LUT3 (Prop_lut3_I2_O)        0.152     3.114 r  S_OBUF[2]_inst_i_3/O
                         net (fo=2, routed)           0.451     3.564    nl[3]
    SLICE_X43Y22         LUT4 (Prop_lut4_I3_O)        0.326     3.890 r  S_OBUF[3]_inst_i_2/O
                         net (fo=2, routed)           0.797     4.687    r[0]
    SLICE_X43Y23         LUT3 (Prop_lut3_I1_O)        0.124     4.811 r  S_OBUF[4]_inst_i_2/O
                         net (fo=2, routed)           0.520     5.332    r[1]
    SLICE_X42Y23         LUT3 (Prop_lut3_I1_O)        0.148     5.480 r  S_OBUF[5]_inst_i_2/O
                         net (fo=2, routed)           0.974     6.454    r[2]
    SLICE_X42Y25         LUT3 (Prop_lut3_I1_O)        0.350     6.804 r  S_OBUF[6]_inst_i_2/O
                         net (fo=2, routed)           0.704     7.508    r[3]
    SLICE_X43Y25         LUT3 (Prop_lut3_I1_O)        0.354     7.862 r  S_OBUF[7]_inst_i_2/O
                         net (fo=2, routed)           0.942     8.803    r[4]
    SLICE_X43Y27         LUT3 (Prop_lut3_I1_O)        0.354     9.157 r  S_OBUF[8]_inst_i_2/O
                         net (fo=2, routed)           0.848    10.005    r[5]
    SLICE_X43Y27         LUT3 (Prop_lut3_I1_O)        0.354    10.359 r  S_OBUF[9]_inst_i_2/O
                         net (fo=2, routed)           0.814    11.173    r[6]
    SLICE_X43Y29         LUT3 (Prop_lut3_I1_O)        0.360    11.533 r  S_OBUF[10]_inst_i_2/O
                         net (fo=2, routed)           0.669    12.202    r[7]
    SLICE_X43Y29         LUT3 (Prop_lut3_I1_O)        0.360    12.562 r  S_OBUF[11]_inst_i_2/O
                         net (fo=2, routed)           0.546    13.107    r[8]
    SLICE_X43Y31         LUT3 (Prop_lut3_I1_O)        0.320    13.427 r  S_OBUF[12]_inst_i_2/O
                         net (fo=2, routed)           0.848    14.275    r[9]
    SLICE_X43Y31         LUT3 (Prop_lut3_I1_O)        0.354    14.629 r  S_OBUF[13]_inst_i_2/O
                         net (fo=2, routed)           0.950    15.579    r[10]
    SLICE_X43Y33         LUT3 (Prop_lut3_I1_O)        0.358    15.937 r  S_OBUF[14]_inst_i_2/O
                         net (fo=2, routed)           0.848    16.785    r[11]
    SLICE_X43Y33         LUT3 (Prop_lut3_I1_O)        0.354    17.139 r  S_OBUF[15]_inst_i_2/O
                         net (fo=2, routed)           0.942    18.080    r[12]
    SLICE_X43Y35         LUT3 (Prop_lut3_I1_O)        0.360    18.440 r  S_OBUF[16]_inst_i_2/O
                         net (fo=2, routed)           0.848    19.288    r[13]
    SLICE_X43Y35         LUT3 (Prop_lut3_I1_O)        0.354    19.642 r  S_OBUF[17]_inst_i_2/O
                         net (fo=2, routed)           0.546    20.188    r[14]
    SLICE_X43Y37         LUT3 (Prop_lut3_I1_O)        0.326    20.514 r  S_OBUF[18]_inst_i_2/O
                         net (fo=2, routed)           0.848    21.361    r[15]
    SLICE_X43Y37         LUT3 (Prop_lut3_I1_O)        0.354    21.715 r  S_OBUF[19]_inst_i_2/O
                         net (fo=2, routed)           0.267    21.982    r[16]
    SLICE_X43Y37         LUT3 (Prop_lut3_I1_O)        0.328    22.310 r  S_OBUF[20]_inst_i_2/O
                         net (fo=1, routed)           0.674    22.984    r[17]
    SLICE_X43Y37         LUT5 (Prop_lut5_I1_O)        0.327    23.311 r  S_OBUF[20]_inst_i_1/O
                         net (fo=1, routed)           2.871    26.183    S_OBUF[20]
    F19                  OBUF (Prop_obuf_I_O)         2.615    28.798 r  S_OBUF[20]_inst/O
                         net (fo=0)                   0.000    28.798    S[20]
    F19                                                               r  S[20] (OUT)
  -------------------------------------------------------------------    -------------------




