Copyright 1986-2015 Xilinx, Inc. All Rights Reserved.
-------------------------------------------------------------------------------------------
| Tool Version : Vivado v.2015.4 (lin64) Build 1412921 Wed Nov 18 09:44:32 MST 2015
| Date         : Sat Apr 23 21:12:35 2016
| Host         : localhost.localdomain running 64-bit CentOS Linux release 7.2.1511 (Core)
| Command      : report_timing -file ./reports/timing/23bit_decomposed_rca_timing.rpt
| Design       : decomposed_rca
| Device       : 7z010-clg400
| Speed File   : -1  PRODUCTION 1.11 2014-09-11
-------------------------------------------------------------------------------------------

Timing Report

Slack:                    inf
  Source:                 A[0]
                            (input port)
  Destination:            S[22]
                            (output port)
  Path Group:             (none)
  Path Type:              Max at Slow Process Corner
  Data Path Delay:        31.079ns  (logic 10.659ns (34.298%)  route 20.419ns (65.702%))
  Logic Levels:           24  (IBUF=1 LUT3=20 LUT4=1 LUT5=1 OBUF=1)

    Location             Delay type                Incr(ns)  Path(ns)    Netlist Resource(s)
  -------------------------------------------------------------------    -------------------
    T19                                               0.000     0.000 r  A[0] (IN)
                         net (fo=0)                   0.000     0.000    A[0]
    T19                  IBUF (Prop_ibuf_I_O)         0.950     0.950 r  A_IBUF[0]_inst/O
                         net (fo=4, routed)           2.168     3.118    A_IBUF[0]
    SLICE_X42Y25         LUT3 (Prop_lut3_I2_O)        0.150     3.268 r  S_OBUF[2]_inst_i_3/O
                         net (fo=2, routed)           0.676     3.943    nl[3]
    SLICE_X43Y25         LUT4 (Prop_lut4_I3_O)        0.328     4.271 r  S_OBUF[3]_inst_i_2/O
                         net (fo=2, routed)           0.645     4.916    r[0]
    SLICE_X43Y25         LUT3 (Prop_lut3_I1_O)        0.124     5.040 r  S_OBUF[4]_inst_i_2/O
                         net (fo=2, routed)           0.633     5.673    r[1]
    SLICE_X43Y26         LUT3 (Prop_lut3_I1_O)        0.150     5.823 r  S_OBUF[5]_inst_i_2/O
                         net (fo=2, routed)           0.577     6.400    r[2]
    SLICE_X43Y27         LUT3 (Prop_lut3_I1_O)        0.352     6.752 r  S_OBUF[6]_inst_i_2/O
                         net (fo=2, routed)           0.848     7.600    r[3]
    SLICE_X43Y27         LUT3 (Prop_lut3_I1_O)        0.354     7.954 r  S_OBUF[7]_inst_i_2/O
                         net (fo=2, routed)           0.801     8.755    r[4]
    SLICE_X43Y28         LUT3 (Prop_lut3_I1_O)        0.360     9.115 r  S_OBUF[8]_inst_i_2/O
                         net (fo=2, routed)           0.781     9.896    r[5]
    SLICE_X43Y28         LUT3 (Prop_lut3_I1_O)        0.354    10.250 r  S_OBUF[9]_inst_i_2/O
                         net (fo=2, routed)           0.737    10.987    r[6]
    SLICE_X42Y31         LUT3 (Prop_lut3_I1_O)        0.358    11.345 r  S_OBUF[10]_inst_i_2/O
                         net (fo=2, routed)           0.684    12.028    r[7]
    SLICE_X42Y31         LUT3 (Prop_lut3_I1_O)        0.374    12.402 r  S_OBUF[11]_inst_i_2/O
                         net (fo=2, routed)           0.665    13.067    r[8]
    SLICE_X42Y32         LUT3 (Prop_lut3_I1_O)        0.352    13.419 r  S_OBUF[12]_inst_i_2/O
                         net (fo=2, routed)           0.857    14.276    r[9]
    SLICE_X43Y32         LUT3 (Prop_lut3_I1_O)        0.356    14.632 r  S_OBUF[13]_inst_i_2/O
                         net (fo=2, routed)           0.942    15.574    r[10]
    SLICE_X43Y35         LUT3 (Prop_lut3_I1_O)        0.354    15.928 r  S_OBUF[14]_inst_i_2/O
                         net (fo=2, routed)           0.848    16.776    r[11]
    SLICE_X43Y35         LUT3 (Prop_lut3_I1_O)        0.354    17.130 r  S_OBUF[15]_inst_i_2/O
                         net (fo=2, routed)           0.546    17.676    r[12]
    SLICE_X43Y37         LUT3 (Prop_lut3_I1_O)        0.326    18.002 r  S_OBUF[16]_inst_i_2/O
                         net (fo=2, routed)           0.848    18.849    r[13]
    SLICE_X43Y37         LUT3 (Prop_lut3_I1_O)        0.354    19.203 r  S_OBUF[17]_inst_i_2/O
                         net (fo=2, routed)           0.942    20.145    r[14]
    SLICE_X43Y39         LUT3 (Prop_lut3_I1_O)        0.360    20.505 r  S_OBUF[18]_inst_i_2/O
                         net (fo=2, routed)           0.848    21.353    r[15]
    SLICE_X43Y39         LUT3 (Prop_lut3_I1_O)        0.354    21.707 r  S_OBUF[19]_inst_i_2/O
                         net (fo=2, routed)           0.992    22.699    r[16]
    SLICE_X43Y41         LUT3 (Prop_lut3_I1_O)        0.360    23.059 r  S_OBUF[20]_inst_i_2/O
                         net (fo=2, routed)           0.848    23.907    r[17]
    SLICE_X43Y41         LUT3 (Prop_lut3_I1_O)        0.354    24.261 r  S_OBUF[21]_inst_i_2/O
                         net (fo=2, routed)           0.267    24.527    r[18]
    SLICE_X43Y41         LUT3 (Prop_lut3_I1_O)        0.328    24.855 r  S_OBUF[22]_inst_i_2/O
                         net (fo=1, routed)           0.674    25.530    r[19]
    SLICE_X43Y41         LUT5 (Prop_lut5_I1_O)        0.327    25.857 r  S_OBUF[22]_inst_i_1/O
                         net (fo=1, routed)           2.595    28.452    S_OBUF[22]
    J18                  OBUF (Prop_obuf_I_O)         2.627    31.079 r  S_OBUF[22]_inst/O
                         net (fo=0)                   0.000    31.079    S[22]
    J18                                                               r  S[22] (OUT)
  -------------------------------------------------------------------    -------------------




