Copyright 1986-2015 Xilinx, Inc. All Rights Reserved.
-------------------------------------------------------------------------------------------
| Tool Version : Vivado v.2015.4 (lin64) Build 1412921 Wed Nov 18 09:44:32 MST 2015
| Date         : Sat Apr 23 21:14:29 2016
| Host         : localhost.localdomain running 64-bit CentOS Linux release 7.2.1511 (Core)
| Command      : report_timing -file ./reports/timing/26bit_decomposed_rca_timing.rpt
| Design       : decomposed_rca
| Device       : 7z010-clg400
| Speed File   : -1  PRODUCTION 1.11 2014-09-11
-------------------------------------------------------------------------------------------

Timing Report

Slack:                    inf
  Source:                 A[1]
                            (input port)
  Destination:            S[25]
                            (output port)
  Path Group:             (none)
  Path Type:              Max at Slow Process Corner
  Data Path Delay:        34.476ns  (logic 11.722ns (34.002%)  route 22.754ns (65.998%))
  Logic Levels:           27  (IBUF=1 LUT3=23 LUT4=1 LUT5=1 OBUF=1)

    Location             Delay type                Incr(ns)  Path(ns)    Netlist Resource(s)
  -------------------------------------------------------------------    -------------------
    P16                                               0.000     0.000 r  A[1] (IN)
                         net (fo=0)                   0.000     0.000    A[1]
    P16                  IBUF (Prop_ibuf_I_O)         0.938     0.938 r  A_IBUF[1]_inst/O
                         net (fo=4, routed)           2.193     3.131    A_IBUF[1]
    SLICE_X43Y28         LUT3 (Prop_lut3_I0_O)        0.152     3.283 r  S_OBUF[2]_inst_i_2/O
                         net (fo=2, routed)           0.280     3.563    nl[2]
    SLICE_X43Y28         LUT4 (Prop_lut4_I2_O)        0.332     3.895 r  S_OBUF[3]_inst_i_2/O
                         net (fo=2, routed)           0.875     4.771    r[0]
    SLICE_X42Y28         LUT3 (Prop_lut3_I1_O)        0.124     4.895 r  S_OBUF[4]_inst_i_2/O
                         net (fo=2, routed)           0.663     5.558    r[1]
    SLICE_X42Y29         LUT3 (Prop_lut3_I1_O)        0.148     5.706 r  S_OBUF[5]_inst_i_2/O
                         net (fo=2, routed)           0.946     6.653    r[2]
    SLICE_X42Y31         LUT3 (Prop_lut3_I1_O)        0.350     7.003 r  S_OBUF[6]_inst_i_2/O
                         net (fo=2, routed)           0.857     7.860    r[3]
    SLICE_X43Y31         LUT3 (Prop_lut3_I1_O)        0.356     8.216 r  S_OBUF[7]_inst_i_2/O
                         net (fo=2, routed)           0.777     8.993    r[4]
    SLICE_X43Y33         LUT3 (Prop_lut3_I1_O)        0.352     9.345 r  S_OBUF[8]_inst_i_2/O
                         net (fo=2, routed)           0.848    10.192    r[5]
    SLICE_X43Y33         LUT3 (Prop_lut3_I1_O)        0.354    10.546 r  S_OBUF[9]_inst_i_2/O
                         net (fo=2, routed)           0.814    11.360    r[6]
    SLICE_X43Y35         LUT3 (Prop_lut3_I1_O)        0.360    11.720 r  S_OBUF[10]_inst_i_2/O
                         net (fo=2, routed)           0.407    12.127    r[7]
    SLICE_X43Y35         LUT3 (Prop_lut3_I1_O)        0.326    12.453 r  S_OBUF[11]_inst_i_2/O
                         net (fo=2, routed)           0.546    12.999    r[8]
    SLICE_X43Y37         LUT3 (Prop_lut3_I1_O)        0.320    13.319 r  S_OBUF[12]_inst_i_2/O
                         net (fo=2, routed)           0.774    14.093    r[9]
    SLICE_X43Y37         LUT3 (Prop_lut3_I1_O)        0.352    14.445 r  S_OBUF[13]_inst_i_2/O
                         net (fo=2, routed)           0.812    15.257    r[10]
    SLICE_X43Y39         LUT3 (Prop_lut3_I1_O)        0.360    15.617 r  S_OBUF[14]_inst_i_2/O
                         net (fo=2, routed)           0.848    16.465    r[11]
    SLICE_X43Y39         LUT3 (Prop_lut3_I1_O)        0.354    16.819 r  S_OBUF[15]_inst_i_2/O
                         net (fo=2, routed)           0.812    17.631    r[12]
    SLICE_X43Y41         LUT3 (Prop_lut3_I1_O)        0.360    17.991 r  S_OBUF[16]_inst_i_2/O
                         net (fo=2, routed)           0.848    18.839    r[13]
    SLICE_X43Y41         LUT3 (Prop_lut3_I1_O)        0.354    19.193 r  S_OBUF[17]_inst_i_2/O
                         net (fo=2, routed)           0.812    20.005    r[14]
    SLICE_X43Y43         LUT3 (Prop_lut3_I1_O)        0.360    20.365 r  S_OBUF[18]_inst_i_2/O
                         net (fo=2, routed)           0.848    21.213    r[15]
    SLICE_X43Y43         LUT3 (Prop_lut3_I1_O)        0.354    21.567 r  S_OBUF[19]_inst_i_2/O
                         net (fo=2, routed)           0.812    22.379    r[16]
    SLICE_X43Y45         LUT3 (Prop_lut3_I1_O)        0.360    22.739 r  S_OBUF[20]_inst_i_2/O
                         net (fo=2, routed)           0.848    23.586    r[17]
    SLICE_X43Y45         LUT3 (Prop_lut3_I1_O)        0.354    23.940 r  S_OBUF[21]_inst_i_2/O
                         net (fo=2, routed)           0.812    24.753    r[18]
    SLICE_X43Y47         LUT3 (Prop_lut3_I1_O)        0.360    25.113 r  S_OBUF[22]_inst_i_2/O
                         net (fo=2, routed)           0.848    25.960    r[19]
    SLICE_X43Y47         LUT3 (Prop_lut3_I1_O)        0.354    26.314 r  S_OBUF[23]_inst_i_2/O
                         net (fo=2, routed)           0.812    27.126    r[20]
    SLICE_X43Y49         LUT3 (Prop_lut3_I1_O)        0.360    27.486 r  S_OBUF[24]_inst_i_2/O
                         net (fo=2, routed)           0.848    28.334    r[21]
    SLICE_X43Y49         LUT3 (Prop_lut3_I1_O)        0.354    28.688 r  S_OBUF[25]_inst_i_2/O
                         net (fo=1, routed)           0.267    28.955    r[22]
    SLICE_X43Y49         LUT5 (Prop_lut5_I1_O)        0.332    29.287 r  S_OBUF[25]_inst_i_1/O
                         net (fo=1, routed)           2.548    31.834    S_OBUF[25]
    L17                  OBUF (Prop_obuf_I_O)         2.642    34.476 r  S_OBUF[25]_inst/O
                         net (fo=0)                   0.000    34.476    S[25]
    L17                                                               r  S[25] (OUT)
  -------------------------------------------------------------------    -------------------




