#-----------------------------------------------------------
# Vivado v2015.4 (64-bit)
# SW Build 1412921 on Wed Nov 18 09:44:32 MST 2015
# IP Build 1412160 on Tue Nov 17 13:47:24 MST 2015
# Start of session at: Wed Apr 27 13:10:55 2016
# Process ID: 27765
# Current directory: /home/danielrb/Dropbox/tesi/rca_adder/undecomposed
# Command line: vivado -mode tcl -source synth_rca.tcl
# Log file: /home/danielrb/Dropbox/tesi/rca_adder/undecomposed/vivado.log
# Journal file: /home/danielrb/Dropbox/tesi/rca_adder/undecomposed/vivado.jou
#-----------------------------------------------------------
source synth_rca.tcl
# read_verilog [glob ./constants.v]
# read_verilog [glob ./normal_adder.v]
# synth_design -top normal_adder -part xc7z010clg400-1 -no_lc
Command: synth_design -top normal_adder -part xc7z010clg400-1 -no_lc
Starting synth_design
Attempting to get a license for feature 'Synthesis' and/or device 'xc7z010'
INFO: [Common 17-349] Got license for feature 'Synthesis' and/or device 'xc7z010'
INFO: Launching helper process for spawning children vivado processes
INFO: Helper process launched with PID 27770 
WARNING: [Synth 8-2644] root scope declaration is not allowed in verilog 95/2K mode [/home/danielrb/Dropbox/tesi/rca_adder/undecomposed/constants.v:1]
---------------------------------------------------------------------------------
Starting Synthesize : Time (s): cpu = 00:00:05 ; elapsed = 00:00:05 . Memory (MB): peak = 1102.621 ; gain = 172.371 ; free physical = 764 ; free virtual = 1716
---------------------------------------------------------------------------------
INFO: [Synth 8-638] synthesizing module 'normal_adder' [/home/danielrb/Dropbox/tesi/rca_adder/undecomposed/normal_adder.v:1]
	Parameter NBIT bound to: 29 - type: integer 
INFO: [Synth 8-256] done synthesizing module 'normal_adder' (1#1) [/home/danielrb/Dropbox/tesi/rca_adder/undecomposed/normal_adder.v:1]
---------------------------------------------------------------------------------
Finished Synthesize : Time (s): cpu = 00:00:06 ; elapsed = 00:00:06 . Memory (MB): peak = 1127.879 ; gain = 197.629 ; free physical = 738 ; free virtual = 1690
---------------------------------------------------------------------------------
---------------------------------------------------------------------------------
Finished Constraint Validation : Time (s): cpu = 00:00:06 ; elapsed = 00:00:06 . Memory (MB): peak = 1127.879 ; gain = 197.629 ; free physical = 738 ; free virtual = 1690
---------------------------------------------------------------------------------
---------------------------------------------------------------------------------
Start Loading Part and Timing Information
---------------------------------------------------------------------------------
Loading part: xc7z010clg400-1
---------------------------------------------------------------------------------
Finished Loading Part and Timing Information : Time (s): cpu = 00:00:06 ; elapsed = 00:00:06 . Memory (MB): peak = 1135.879 ; gain = 205.629 ; free physical = 738 ; free virtual = 1690
---------------------------------------------------------------------------------
INFO: [Device 21-403] Loading part xc7z010clg400-1
---------------------------------------------------------------------------------
Finished RTL Optimization Phase 2 : Time (s): cpu = 00:00:06 ; elapsed = 00:00:06 . Memory (MB): peak = 1143.883 ; gain = 213.633 ; free physical = 730 ; free virtual = 1682
---------------------------------------------------------------------------------

Report RTL Partitions: 
+-+--------------+------------+----------+
| |RTL Partition |Replication |Instances |
+-+--------------+------------+----------+
+-+--------------+------------+----------+
No constraint files found.
---------------------------------------------------------------------------------
Start RTL Component Statistics 
---------------------------------------------------------------------------------
Detailed RTL Component Info : 
+---XORs : 
	   3 Input     28 Bit         XORs := 1     
	   2 Input      1 Bit         XORs := 1     
---------------------------------------------------------------------------------
Finished RTL Component Statistics 
---------------------------------------------------------------------------------
---------------------------------------------------------------------------------
Start RTL Hierarchical Component Statistics 
---------------------------------------------------------------------------------
Hierarchical RTL Component report 
Module normal_adder 
Detailed RTL Component Info : 
+---XORs : 
	   3 Input     28 Bit         XORs := 1     
	   2 Input      1 Bit         XORs := 1     
---------------------------------------------------------------------------------
Finished RTL Hierarchical Component Statistics
---------------------------------------------------------------------------------
---------------------------------------------------------------------------------
Start Part Resource Summary
---------------------------------------------------------------------------------
Part Resources:
DSPs: 80 (col length:40)
BRAMs: 120 (col length: RAMB18 40 RAMB36 20)
---------------------------------------------------------------------------------
Finished Part Resource Summary
---------------------------------------------------------------------------------
Start Parallel Synthesis Optimization  : Time (s): cpu = 00:00:09 ; elapsed = 00:00:09 . Memory (MB): peak = 1227.211 ; gain = 296.961 ; free physical = 654 ; free virtual = 1606
---------------------------------------------------------------------------------
Start Cross Boundary Optimization
---------------------------------------------------------------------------------
---------------------------------------------------------------------------------
Finished Cross Boundary Optimization : Time (s): cpu = 00:00:09 ; elapsed = 00:00:09 . Memory (MB): peak = 1227.211 ; gain = 296.961 ; free physical = 655 ; free virtual = 1607
---------------------------------------------------------------------------------
Finished Parallel Reinference  : Time (s): cpu = 00:00:09 ; elapsed = 00:00:09 . Memory (MB): peak = 1227.211 ; gain = 296.961 ; free physical = 655 ; free virtual = 1607

Report RTL Partitions: 
+-+--------------+------------+----------+
| |RTL Partition |Replication |Instances |
+-+--------------+------------+----------+
+-+--------------+------------+----------+
No constraint files found.
---------------------------------------------------------------------------------
Start Area Optimization
---------------------------------------------------------------------------------
---------------------------------------------------------------------------------
Finished Area Optimization : Time (s): cpu = 00:00:09 ; elapsed = 00:00:09 . Memory (MB): peak = 1256.246 ; gain = 325.996 ; free physical = 626 ; free virtual = 1578
---------------------------------------------------------------------------------
Finished Parallel Area Optimization  : Time (s): cpu = 00:00:09 ; elapsed = 00:00:09 . Memory (MB): peak = 1256.246 ; gain = 325.996 ; free physical = 626 ; free virtual = 1578

Report RTL Partitions: 
+-+--------------+------------+----------+
| |RTL Partition |Replication |Instances |
+-+--------------+------------+----------+
+-+--------------+------------+----------+
---------------------------------------------------------------------------------
Start Timing Optimization
---------------------------------------------------------------------------------
No constraint files found.
---------------------------------------------------------------------------------
Finished Timing Optimization : Time (s): cpu = 00:00:09 ; elapsed = 00:00:09 . Memory (MB): peak = 1256.246 ; gain = 325.996 ; free physical = 626 ; free virtual = 1578
---------------------------------------------------------------------------------

Report RTL Partitions: 
+-+--------------+------------+----------+
| |RTL Partition |Replication |Instances |
+-+--------------+------------+----------+
+-+--------------+------------+----------+
---------------------------------------------------------------------------------
Start Technology Mapping
---------------------------------------------------------------------------------
---------------------------------------------------------------------------------
Finished Technology Mapping : Time (s): cpu = 00:00:09 ; elapsed = 00:00:09 . Memory (MB): peak = 1256.246 ; gain = 325.996 ; free physical = 626 ; free virtual = 1578
---------------------------------------------------------------------------------
Finished Parallel Technology Mapping Optimization  : Time (s): cpu = 00:00:09 ; elapsed = 00:00:09 . Memory (MB): peak = 1256.246 ; gain = 325.996 ; free physical = 626 ; free virtual = 1578

Report RTL Partitions: 
+-+--------------+------------+----------+
| |RTL Partition |Replication |Instances |
+-+--------------+------------+----------+
+-+--------------+------------+----------+
Finished Parallel Synthesis Optimization  : Time (s): cpu = 00:00:09 ; elapsed = 00:00:09 . Memory (MB): peak = 1256.246 ; gain = 325.996 ; free physical = 626 ; free virtual = 1578
---------------------------------------------------------------------------------
Start IO Insertion
---------------------------------------------------------------------------------
---------------------------------------------------------------------------------
Start Flattening Before IO Insertion
---------------------------------------------------------------------------------
---------------------------------------------------------------------------------
Finished Flattening Before IO Insertion
---------------------------------------------------------------------------------
---------------------------------------------------------------------------------
Start Final Netlist Cleanup
---------------------------------------------------------------------------------
---------------------------------------------------------------------------------
Finished Final Netlist Cleanup
---------------------------------------------------------------------------------
---------------------------------------------------------------------------------
Finished IO Insertion : Time (s): cpu = 00:00:10 ; elapsed = 00:00:10 . Memory (MB): peak = 1256.246 ; gain = 325.996 ; free physical = 626 ; free virtual = 1578
---------------------------------------------------------------------------------

Report Check Netlist: 
+------+------------------+-------+---------+-------+------------------+
|      |Item              |Errors |Warnings |Status |Description       |
+------+------------------+-------+---------+-------+------------------+
|1     |multi_driven_nets |      0|        0|Passed |Multi driven nets |
+------+------------------+-------+---------+-------+------------------+
---------------------------------------------------------------------------------
Start Renaming Generated Instances
---------------------------------------------------------------------------------
---------------------------------------------------------------------------------
Finished Renaming Generated Instances : Time (s): cpu = 00:00:10 ; elapsed = 00:00:10 . Memory (MB): peak = 1256.246 ; gain = 325.996 ; free physical = 626 ; free virtual = 1578
---------------------------------------------------------------------------------

Report RTL Partitions: 
+-+--------------+------------+----------+
| |RTL Partition |Replication |Instances |
+-+--------------+------------+----------+
+-+--------------+------------+----------+
---------------------------------------------------------------------------------
Start Rebuilding User Hierarchy
---------------------------------------------------------------------------------
---------------------------------------------------------------------------------
Finished Rebuilding User Hierarchy : Time (s): cpu = 00:00:10 ; elapsed = 00:00:10 . Memory (MB): peak = 1256.246 ; gain = 325.996 ; free physical = 626 ; free virtual = 1578
---------------------------------------------------------------------------------
---------------------------------------------------------------------------------
Start Renaming Generated Ports
---------------------------------------------------------------------------------
---------------------------------------------------------------------------------
Finished Renaming Generated Ports : Time (s): cpu = 00:00:10 ; elapsed = 00:00:10 . Memory (MB): peak = 1256.246 ; gain = 325.996 ; free physical = 626 ; free virtual = 1578
---------------------------------------------------------------------------------
---------------------------------------------------------------------------------
Start Handling Custom Attributes
---------------------------------------------------------------------------------
---------------------------------------------------------------------------------
Finished Handling Custom Attributes : Time (s): cpu = 00:00:10 ; elapsed = 00:00:10 . Memory (MB): peak = 1256.246 ; gain = 325.996 ; free physical = 626 ; free virtual = 1578
---------------------------------------------------------------------------------
---------------------------------------------------------------------------------
Start Renaming Generated Nets
---------------------------------------------------------------------------------
---------------------------------------------------------------------------------
Finished Renaming Generated Nets : Time (s): cpu = 00:00:10 ; elapsed = 00:00:10 . Memory (MB): peak = 1256.246 ; gain = 325.996 ; free physical = 626 ; free virtual = 1578
---------------------------------------------------------------------------------
---------------------------------------------------------------------------------
Start Writing Synthesis Report
---------------------------------------------------------------------------------

Report BlackBoxes: 
+-+--------------+----------+
| |BlackBox name |Instances |
+-+--------------+----------+
+-+--------------+----------+

Report Cell Usage: 
+------+-----+------+
|      |Cell |Count |
+------+-----+------+
|1     |LUT2 |     1|
|2     |LUT3 |    13|
|3     |LUT4 |     1|
|4     |LUT5 |    25|
|5     |LUT6 |     2|
|6     |IBUF |    58|
|7     |OBUF |    29|
+------+-----+------+

Report Instance Areas: 
+------+---------+-------+------+
|      |Instance |Module |Cells |
+------+---------+-------+------+
|1     |top      |       |   129|
+------+---------+-------+------+
---------------------------------------------------------------------------------
Finished Writing Synthesis Report : Time (s): cpu = 00:00:10 ; elapsed = 00:00:10 . Memory (MB): peak = 1256.246 ; gain = 325.996 ; free physical = 626 ; free virtual = 1578
---------------------------------------------------------------------------------
Synthesis finished with 0 errors, 0 critical warnings and 1 warnings.
Synthesis Optimization Runtime : Time (s): cpu = 00:00:08 ; elapsed = 00:00:08 . Memory (MB): peak = 1256.246 ; gain = 205.750 ; free physical = 625 ; free virtual = 1577
Synthesis Optimization Complete : Time (s): cpu = 00:00:10 ; elapsed = 00:00:10 . Memory (MB): peak = 1256.246 ; gain = 325.996 ; free physical = 625 ; free virtual = 1577
INFO: [Project 1-571] Translating synthesized netlist
INFO: [Netlist 29-17] Analyzing 58 Unisim elements for replacement
INFO: [Netlist 29-28] Unisim Transformation completed in 0 CPU seconds
INFO: [Project 1-570] Preparing netlist for logic optimization
INFO: [Opt 31-138] Pushed 0 inverter(s) to 0 load pin(s).
INFO: [Project 1-111] Unisim Transformation Summary:
No Unisim elements were transformed.

INFO: [Common 17-83] Releasing license: Synthesis
11 Infos, 1 Warnings, 0 Critical Warnings and 0 Errors encountered.
synth_design completed successfully
synth_design: Time (s): cpu = 00:00:09 ; elapsed = 00:00:09 . Memory (MB): peak = 1315.242 ; gain = 313.656 ; free physical = 565 ; free virtual = 1517
# opt_design
Command: opt_design
Attempting to get a license for feature 'Implementation' and/or device 'xc7z010'
INFO: [Common 17-349] Got license for feature 'Implementation' and/or device 'xc7z010'
Running DRC as a precondition to command opt_design

Starting DRC Task
INFO: [DRC 23-27] Running DRC with 4 threads
INFO: [Project 1-461] DRC finished with 0 Errors
INFO: [Project 1-462] Please refer to the DRC report (report_drc) for more information.

Time (s): cpu = 00:00:00.07 ; elapsed = 00:00:00.07 . Memory (MB): peak = 1347.258 ; gain = 32.016 ; free physical = 564 ; free virtual = 1516
INFO: [Timing 38-35] Done setting XDC timing constraints.

Starting Logic Optimization Task
Implement Debug Cores | Checksum: b0500208

Phase 1 Retarget
INFO: [Opt 31-138] Pushed 0 inverter(s) to 0 load pin(s).
INFO: [Opt 31-49] Retargeted 0 cell(s).
Phase 1 Retarget | Checksum: b0500208

Time (s): cpu = 00:00:00 ; elapsed = 00:00:00.01 . Memory (MB): peak = 1717.750 ; gain = 0.000 ; free physical = 270 ; free virtual = 1219

Phase 2 Constant Propagation
INFO: [Opt 31-138] Pushed 0 inverter(s) to 0 load pin(s).
INFO: [Opt 31-10] Eliminated 0 cells.
Phase 2 Constant Propagation | Checksum: b0500208

Time (s): cpu = 00:00:00.01 ; elapsed = 00:00:00.01 . Memory (MB): peak = 1717.750 ; gain = 0.000 ; free physical = 270 ; free virtual = 1219

Phase 3 Sweep
INFO: [Opt 31-12] Eliminated 0 unconnected nets.
INFO: [Opt 31-11] Eliminated 0 unconnected cells.
Phase 3 Sweep | Checksum: b0500208

Time (s): cpu = 00:00:00.01 ; elapsed = 00:00:00.01 . Memory (MB): peak = 1717.750 ; gain = 0.000 ; free physical = 270 ; free virtual = 1219

Starting Connectivity Check Task

Time (s): cpu = 00:00:00 ; elapsed = 00:00:00 . Memory (MB): peak = 1717.750 ; gain = 0.000 ; free physical = 270 ; free virtual = 1219
Ending Logic Optimization Task | Checksum: b0500208

Time (s): cpu = 00:00:00.01 ; elapsed = 00:00:00.02 . Memory (MB): peak = 1717.750 ; gain = 0.000 ; free physical = 270 ; free virtual = 1219

Starting Power Optimization Task
INFO: [Pwropt 34-132] Skipping clock gating for clocks with a period < 2.00 ns.
Ending Power Optimization Task | Checksum: b0500208

Time (s): cpu = 00:00:00.01 ; elapsed = 00:00:00 . Memory (MB): peak = 1717.750 ; gain = 0.000 ; free physical = 270 ; free virtual = 1218
INFO: [Common 17-83] Releasing license: Implementation
13 Infos, 0 Warnings, 0 Critical Warnings and 0 Errors encountered.
opt_design completed successfully
opt_design: Time (s): cpu = 00:00:09 ; elapsed = 00:00:09 . Memory (MB): peak = 1717.750 ; gain = 402.508 ; free physical = 270 ; free virtual = 1218
# place_design
Command: place_design
Attempting to get a license for feature 'Implementation' and/or device 'xc7z010'
INFO: [Common 17-349] Got license for feature 'Implementation' and/or device 'xc7z010'
INFO: [DRC 23-27] Running DRC with 4 threads
INFO: [Vivado_Tcl 4-198] DRC finished with 0 Errors
INFO: [Vivado_Tcl 4-199] Please refer to the DRC report (report_drc) for more information.
Running DRC as a precondition to command place_design
INFO: [DRC 23-27] Running DRC with 4 threads
INFO: [Vivado_Tcl 4-198] DRC finished with 0 Errors
INFO: [Vivado_Tcl 4-199] Please refer to the DRC report (report_drc) for more information.

Starting Placer Task
INFO: [Place 30-611] Multithreading enabled for place_design using a maximum of 4 CPUs

Phase 1 Placer Initialization
Netlist sorting complete. Time (s): cpu = 00:00:00 ; elapsed = 00:00:00 . Memory (MB): peak = 1749.766 ; gain = 0.000 ; free physical = 267 ; free virtual = 1216
Netlist sorting complete. Time (s): cpu = 00:00:00 ; elapsed = 00:00:00 . Memory (MB): peak = 1749.766 ; gain = 0.000 ; free physical = 267 ; free virtual = 1216

Phase 1.1 IO Placement/ Clock Placement/ Build Placer Device

Phase 1.1.1 Pre-Place Cells
Phase 1.1.1 Pre-Place Cells | Checksum: 00000000

Time (s): cpu = 00:00:00.03 ; elapsed = 00:00:00.04 . Memory (MB): peak = 1749.766 ; gain = 0.000 ; free physical = 267 ; free virtual = 1216
INFO: [Timing 38-35] Done setting XDC timing constraints.

Phase 1.1.2 IO and Clk Clean Up
Phase 1.1.2 IO and Clk Clean Up | Checksum: 00000000

Time (s): cpu = 00:00:00.60 ; elapsed = 00:00:00.46 . Memory (MB): peak = 1773.773 ; gain = 24.008 ; free physical = 267 ; free virtual = 1216

Phase 1.1.3 Implementation Feasibility check On IDelay
Phase 1.1.3 Implementation Feasibility check On IDelay | Checksum: 00000000

Time (s): cpu = 00:00:00.60 ; elapsed = 00:00:00.46 . Memory (MB): peak = 1773.773 ; gain = 24.008 ; free physical = 267 ; free virtual = 1216

Phase 1.1.4 Commit IO Placement
Phase 1.1.4 Commit IO Placement | Checksum: a4ec47e9

Time (s): cpu = 00:00:00.61 ; elapsed = 00:00:00.47 . Memory (MB): peak = 1773.773 ; gain = 24.008 ; free physical = 267 ; free virtual = 1216
Phase 1.1 IO Placement/ Clock Placement/ Build Placer Device | Checksum: 10a44fcde

Time (s): cpu = 00:00:00.61 ; elapsed = 00:00:00.47 . Memory (MB): peak = 1773.773 ; gain = 24.008 ; free physical = 267 ; free virtual = 1216

Phase 1.2 Build Placer Netlist Model

Phase 1.2.1 Place Init Design
Phase 1.2.1 Place Init Design | Checksum: 173ce428c

Time (s): cpu = 00:00:00.62 ; elapsed = 00:00:00.48 . Memory (MB): peak = 1773.773 ; gain = 24.008 ; free physical = 267 ; free virtual = 1216
Phase 1.2 Build Placer Netlist Model | Checksum: 173ce428c

Time (s): cpu = 00:00:00.62 ; elapsed = 00:00:00.48 . Memory (MB): peak = 1773.773 ; gain = 24.008 ; free physical = 267 ; free virtual = 1216

Phase 1.3 Constrain Clocks/Macros

Phase 1.3.1 Constrain Global/Regional Clocks
Phase 1.3.1 Constrain Global/Regional Clocks | Checksum: 173ce428c

Time (s): cpu = 00:00:00.62 ; elapsed = 00:00:00.48 . Memory (MB): peak = 1773.773 ; gain = 24.008 ; free physical = 267 ; free virtual = 1216
Phase 1.3 Constrain Clocks/Macros | Checksum: 173ce428c

Time (s): cpu = 00:00:00.62 ; elapsed = 00:00:00.48 . Memory (MB): peak = 1773.773 ; gain = 24.008 ; free physical = 267 ; free virtual = 1216
Phase 1 Placer Initialization | Checksum: 173ce428c

Time (s): cpu = 00:00:00.62 ; elapsed = 00:00:00.48 . Memory (MB): peak = 1773.773 ; gain = 24.008 ; free physical = 267 ; free virtual = 1216

Phase 2 Global Placement
Phase 2 Global Placement | Checksum: 1560a5d31

Time (s): cpu = 00:00:00.90 ; elapsed = 00:00:00.60 . Memory (MB): peak = 1805.789 ; gain = 56.023 ; free physical = 268 ; free virtual = 1216

Phase 3 Detail Placement

Phase 3.1 Commit Multi Column Macros
Phase 3.1 Commit Multi Column Macros | Checksum: 1560a5d31

Time (s): cpu = 00:00:00.91 ; elapsed = 00:00:00.60 . Memory (MB): peak = 1805.789 ; gain = 56.023 ; free physical = 268 ; free virtual = 1216

Phase 3.2 Commit Most Macros & LUTRAMs
Phase 3.2 Commit Most Macros & LUTRAMs | Checksum: 1ac4cfed3

Time (s): cpu = 00:00:00.92 ; elapsed = 00:00:00.60 . Memory (MB): peak = 1805.789 ; gain = 56.023 ; free physical = 268 ; free virtual = 1216

Phase 3.3 Area Swap Optimization
Phase 3.3 Area Swap Optimization | Checksum: 153cfa3d0

Time (s): cpu = 00:00:00.93 ; elapsed = 00:00:00.61 . Memory (MB): peak = 1805.789 ; gain = 56.023 ; free physical = 268 ; free virtual = 1216

Phase 3.4 Small Shape Detail Placement

Phase 3.4.1 Commit Small Macros and Core Logic

Phase 3.4.1.1 Commit Slice Clusters
Phase 3.4.1.1 Commit Slice Clusters | Checksum: 1060e0e3f

Time (s): cpu = 00:00:00.99 ; elapsed = 00:00:00.66 . Memory (MB): peak = 1805.789 ; gain = 56.023 ; free physical = 267 ; free virtual = 1216
Phase 3.4.1 Commit Small Macros and Core Logic | Checksum: 1060e0e3f

Time (s): cpu = 00:00:00.99 ; elapsed = 00:00:00.66 . Memory (MB): peak = 1805.789 ; gain = 56.023 ; free physical = 267 ; free virtual = 1216

Phase 3.4.2 Clock Restriction Legalization for Leaf Columns
Phase 3.4.2 Clock Restriction Legalization for Leaf Columns | Checksum: 1060e0e3f

Time (s): cpu = 00:00:01 ; elapsed = 00:00:00.67 . Memory (MB): peak = 1805.789 ; gain = 56.023 ; free physical = 267 ; free virtual = 1216

Phase 3.4.3 Clock Restriction Legalization for Non-Clock Pins
Phase 3.4.3 Clock Restriction Legalization for Non-Clock Pins | Checksum: 1060e0e3f

Time (s): cpu = 00:00:01 ; elapsed = 00:00:00.67 . Memory (MB): peak = 1805.789 ; gain = 56.023 ; free physical = 267 ; free virtual = 1216
Phase 3.4 Small Shape Detail Placement | Checksum: 1060e0e3f

Time (s): cpu = 00:00:01 ; elapsed = 00:00:00.67 . Memory (MB): peak = 1805.789 ; gain = 56.023 ; free physical = 267 ; free virtual = 1216

Phase 3.5 Re-assign LUT pins
Phase 3.5 Re-assign LUT pins | Checksum: 1060e0e3f

Time (s): cpu = 00:00:01 ; elapsed = 00:00:00.67 . Memory (MB): peak = 1805.789 ; gain = 56.023 ; free physical = 267 ; free virtual = 1216
Phase 3 Detail Placement | Checksum: 1060e0e3f

Time (s): cpu = 00:00:01 ; elapsed = 00:00:00.67 . Memory (MB): peak = 1805.789 ; gain = 56.023 ; free physical = 267 ; free virtual = 1216

Phase 4 Post Placement Optimization and Clean-Up

Phase 4.1 Post Commit Optimization
Phase 4.1 Post Commit Optimization | Checksum: 1060e0e3f

Time (s): cpu = 00:00:01 ; elapsed = 00:00:00.68 . Memory (MB): peak = 1805.789 ; gain = 56.023 ; free physical = 267 ; free virtual = 1216

Phase 4.2 Sweep Clock Roots: Post-Placement
Phase 4.2 Sweep Clock Roots: Post-Placement | Checksum: 1060e0e3f

Time (s): cpu = 00:00:01 ; elapsed = 00:00:00.68 . Memory (MB): peak = 1805.789 ; gain = 56.023 ; free physical = 267 ; free virtual = 1216

Phase 4.3 Post Placement Cleanup
Phase 4.3 Post Placement Cleanup | Checksum: 1060e0e3f

Time (s): cpu = 00:00:01 ; elapsed = 00:00:00.68 . Memory (MB): peak = 1805.789 ; gain = 56.023 ; free physical = 267 ; free virtual = 1216

Phase 4.4 Placer Reporting
Phase 4.4 Placer Reporting | Checksum: 1060e0e3f

Time (s): cpu = 00:00:01 ; elapsed = 00:00:00.68 . Memory (MB): peak = 1805.789 ; gain = 56.023 ; free physical = 267 ; free virtual = 1216

Phase 4.5 Final Placement Cleanup
Phase 4.5 Final Placement Cleanup | Checksum: 1060e0e3f

Time (s): cpu = 00:00:01 ; elapsed = 00:00:00.68 . Memory (MB): peak = 1805.789 ; gain = 56.023 ; free physical = 267 ; free virtual = 1216
Phase 4 Post Placement Optimization and Clean-Up | Checksum: 1060e0e3f

Time (s): cpu = 00:00:01 ; elapsed = 00:00:00.68 . Memory (MB): peak = 1805.789 ; gain = 56.023 ; free physical = 267 ; free virtual = 1216
Ending Placer Task | Checksum: e058d10f

Time (s): cpu = 00:00:01 ; elapsed = 00:00:00.68 . Memory (MB): peak = 1805.789 ; gain = 56.023 ; free physical = 267 ; free virtual = 1216
INFO: [Common 17-83] Releasing license: Implementation
10 Infos, 0 Warnings, 0 Critical Warnings and 0 Errors encountered.
place_design completed successfully
# route_design
Command: route_design
Attempting to get a license for feature 'Implementation' and/or device 'xc7z010'
INFO: [Common 17-349] Got license for feature 'Implementation' and/or device 'xc7z010'
Running DRC as a precondition to command route_design
INFO: [DRC 23-27] Running DRC with 4 threads
INFO: [Vivado_Tcl 4-198] DRC finished with 0 Errors
INFO: [Vivado_Tcl 4-199] Please refer to the DRC report (report_drc) for more information.


Starting Routing Task
INFO: [Route 35-254] Multithreading enabled for route_design using a maximum of 4 CPUs
Checksum: PlaceDB: 7b001c1a ConstDB: 0 ShapeSum: 6558b4f5 RouteDB: 0

Phase 1 Build RT Design
Phase 1 Build RT Design | Checksum: 1149a73be

Time (s): cpu = 00:00:10 ; elapsed = 00:00:09 . Memory (MB): peak = 1805.789 ; gain = 0.000 ; free physical = 197 ; free virtual = 1146

Phase 2 Router Initialization
INFO: [Route 35-64] No timing constraints were detected. The router will operate in resource-optimization mode.

Phase 2.1 Pre Route Cleanup
Phase 2.1 Pre Route Cleanup | Checksum: 1149a73be

Time (s): cpu = 00:00:10 ; elapsed = 00:00:09 . Memory (MB): peak = 1816.781 ; gain = 10.992 ; free physical = 183 ; free virtual = 1132
Phase 2 Router Initialization | Checksum: 1149a73be

Time (s): cpu = 00:00:11 ; elapsed = 00:00:09 . Memory (MB): peak = 1819.781 ; gain = 13.992 ; free physical = 180 ; free virtual = 1130

Phase 3 Initial Routing
Phase 3 Initial Routing | Checksum: d067919d

Time (s): cpu = 00:00:11 ; elapsed = 00:00:09 . Memory (MB): peak = 1819.781 ; gain = 13.992 ; free physical = 179 ; free virtual = 1129

Phase 4 Rip-up And Reroute

Phase 4.1 Global Iteration 0
 Number of Nodes with overlaps = 0
Phase 4.1 Global Iteration 0 | Checksum: e63f5e6e

Time (s): cpu = 00:00:11 ; elapsed = 00:00:09 . Memory (MB): peak = 1819.781 ; gain = 13.992 ; free physical = 179 ; free virtual = 1129
Phase 4 Rip-up And Reroute | Checksum: e63f5e6e

Time (s): cpu = 00:00:11 ; elapsed = 00:00:09 . Memory (MB): peak = 1819.781 ; gain = 13.992 ; free physical = 179 ; free virtual = 1129

Phase 5 Delay and Skew Optimization
Phase 5 Delay and Skew Optimization | Checksum: e63f5e6e

Time (s): cpu = 00:00:11 ; elapsed = 00:00:09 . Memory (MB): peak = 1819.781 ; gain = 13.992 ; free physical = 179 ; free virtual = 1129

Phase 6 Post Hold Fix
Phase 6 Post Hold Fix | Checksum: e63f5e6e

Time (s): cpu = 00:00:11 ; elapsed = 00:00:09 . Memory (MB): peak = 1819.781 ; gain = 13.992 ; free physical = 179 ; free virtual = 1129

Phase 7 Route finalize

Router Utilization Summary
  Global Vertical Routing Utilization    = 0.319679 %
  Global Horizontal Routing Utilization  = 0.0471048 %
  Routable Net Status*
  *Does not include unroutable nets such as driverless and loadless.
  Run report_route_status for detailed report.
  Number of Failed Nets               = 0
  Number of Unrouted Nets             = 0
  Number of Partially Routed Nets     = 0
  Number of Node Overlaps             = 0

Congestion Report
North Dir 1x1 Area, Max Cong = 25.2252%, No Congested Regions.
South Dir 1x1 Area, Max Cong = 27.027%, No Congested Regions.
East Dir 1x1 Area, Max Cong = 7.35294%, No Congested Regions.
West Dir 1x1 Area, Max Cong = 8.82353%, No Congested Regions.
Phase 7 Route finalize | Checksum: e63f5e6e

Time (s): cpu = 00:00:11 ; elapsed = 00:00:09 . Memory (MB): peak = 1819.781 ; gain = 13.992 ; free physical = 179 ; free virtual = 1129

Phase 8 Verifying routed nets

 Verification completed successfully
Phase 8 Verifying routed nets | Checksum: e63f5e6e

Time (s): cpu = 00:00:11 ; elapsed = 00:00:09 . Memory (MB): peak = 1821.781 ; gain = 15.992 ; free physical = 177 ; free virtual = 1127

Phase 9 Depositing Routes
Phase 9 Depositing Routes | Checksum: 7359fecc

Time (s): cpu = 00:00:11 ; elapsed = 00:00:09 . Memory (MB): peak = 1821.781 ; gain = 15.992 ; free physical = 177 ; free virtual = 1127
INFO: [Route 35-16] Router Completed Successfully

Time (s): cpu = 00:00:11 ; elapsed = 00:00:09 . Memory (MB): peak = 1821.781 ; gain = 15.992 ; free physical = 177 ; free virtual = 1127

Routing Is Done.
INFO: [Common 17-83] Releasing license: Implementation
8 Infos, 0 Warnings, 0 Critical Warnings and 0 Errors encountered.
route_design completed successfully
route_design: Time (s): cpu = 00:00:11 ; elapsed = 00:00:09 . Memory (MB): peak = 1821.879 ; gain = 16.090 ; free physical = 177 ; free virtual = 1127
# report_utilization -file ./reports/area/29bit_normal_adder_util.rpt
report_utilization: Time (s): cpu = 00:00:00.01 ; elapsed = 00:00:00.01 . Memory (MB): peak = 1821.879 ; gain = 0.000 ; free physical = 177 ; free virtual = 1127
# report_power -file ./reports/power/29bit_normal_adder_power.rpt
WARNING: [Power 33-232] No user defined clocks were found in the design!
Resolution: Please specify clocks using create_clock/create_generated_clock for sequential elements. For pure combinatorial circuits, please specify a virtual clock, otherwise the vectorless estimation might be inaccurate
Running Vector-less Activity Propagation...

Finished Running Vector-less Activity Propagation
# report_timing -file ./reports/timing/29bit_normal_adder_timing.rpt
INFO: [Timing 38-91] UpdateTimingParams: Speed grade: -1, Delay Type: max.
INFO: [Timing 38-191] Multithreading enabled for timing update using a maximum of 4 CPUs
INFO: [Timing 38-78] ReportTimingParams: -max_paths 1 -nworst 1 -delay_type max -sort_by slack.
# exit
INFO: [Common 17-206] Exiting Vivado at Wed Apr 27 13:11:31 2016...
