#-----------------------------------------------------------
# Vivado v2015.4 (64-bit)
# SW Build 1412921 on Wed Nov 18 09:44:32 MST 2015
# IP Build 1412160 on Tue Nov 17 13:47:24 MST 2015
# Start of session at: Sat Apr 23 21:40:32 2016
# Process ID: 14384
# Current directory: /home/danielrb/Dropbox/tesi/rca_adder/undecomposed
# Command line: vivado -mode tcl -source synth_rca.tcl
# Log file: /home/danielrb/Dropbox/tesi/rca_adder/undecomposed/vivado.log
# Journal file: /home/danielrb/Dropbox/tesi/rca_adder/undecomposed/vivado.jou
#-----------------------------------------------------------
source synth_rca.tcl
# read_verilog [glob ./constants.v]
# read_verilog [glob ./adder.v]
# synth_design -top adder -part xc7z010clg400-1
Command: synth_design -top adder -part xc7z010clg400-1
Starting synth_design
Attempting to get a license for feature 'Synthesis' and/or device 'xc7z010'
INFO: [Common 17-349] Got license for feature 'Synthesis' and/or device 'xc7z010'
INFO: Launching helper process for spawning children vivado processes
INFO: Helper process launched with PID 14388 
WARNING: [Synth 8-2644] root scope declaration is not allowed in verilog 95/2K mode [/home/danielrb/Dropbox/tesi/rca_adder/undecomposed/constants.v:1]
---------------------------------------------------------------------------------
Starting Synthesize : Time (s): cpu = 00:00:05 ; elapsed = 00:00:06 . Memory (MB): peak = 1102.621 ; gain = 172.371 ; free physical = 1063 ; free virtual = 2288
---------------------------------------------------------------------------------
INFO: [Synth 8-638] synthesizing module 'adder' [/home/danielrb/Dropbox/tesi/rca_adder/undecomposed/adder.v:1]
	Parameter NBIT bound to: 29 - type: integer 
INFO: [Synth 8-256] done synthesizing module 'adder' (1#1) [/home/danielrb/Dropbox/tesi/rca_adder/undecomposed/adder.v:1]
---------------------------------------------------------------------------------
Finished Synthesize : Time (s): cpu = 00:00:06 ; elapsed = 00:00:06 . Memory (MB): peak = 1126.879 ; gain = 196.629 ; free physical = 1044 ; free virtual = 2265
---------------------------------------------------------------------------------
---------------------------------------------------------------------------------
Finished Constraint Validation : Time (s): cpu = 00:00:06 ; elapsed = 00:00:06 . Memory (MB): peak = 1126.879 ; gain = 196.629 ; free physical = 1043 ; free virtual = 2264
---------------------------------------------------------------------------------
---------------------------------------------------------------------------------
Start Loading Part and Timing Information
---------------------------------------------------------------------------------
Loading part: xc7z010clg400-1
---------------------------------------------------------------------------------
Finished Loading Part and Timing Information : Time (s): cpu = 00:00:06 ; elapsed = 00:00:06 . Memory (MB): peak = 1134.879 ; gain = 204.629 ; free physical = 1043 ; free virtual = 2264
---------------------------------------------------------------------------------
---------------------------------------------------------------------------------
Finished RTL Optimization Phase 2 : Time (s): cpu = 00:00:06 ; elapsed = 00:00:06 . Memory (MB): peak = 1142.883 ; gain = 212.633 ; free physical = 1036 ; free virtual = 2256
---------------------------------------------------------------------------------
INFO: [Device 21-403] Loading part xc7z010clg400-1

Report RTL Partitions: 
+-+--------------+------------+----------+
| |RTL Partition |Replication |Instances |
+-+--------------+------------+----------+
+-+--------------+------------+----------+
No constraint files found.
---------------------------------------------------------------------------------
Start RTL Component Statistics 
---------------------------------------------------------------------------------
Detailed RTL Component Info : 
+---Adders : 
	   2 Input     29 Bit       Adders := 1     
---------------------------------------------------------------------------------
Finished RTL Component Statistics 
---------------------------------------------------------------------------------
---------------------------------------------------------------------------------
Start RTL Hierarchical Component Statistics 
---------------------------------------------------------------------------------
Hierarchical RTL Component report 
Module adder 
Detailed RTL Component Info : 
+---Adders : 
	   2 Input     29 Bit       Adders := 1     
---------------------------------------------------------------------------------
Finished RTL Hierarchical Component Statistics
---------------------------------------------------------------------------------
---------------------------------------------------------------------------------
Start Part Resource Summary
---------------------------------------------------------------------------------
Part Resources:
DSPs: 80 (col length:40)
BRAMs: 120 (col length: RAMB18 40 RAMB36 20)
---------------------------------------------------------------------------------
Finished Part Resource Summary
---------------------------------------------------------------------------------
Start Parallel Synthesis Optimization  : Time (s): cpu = 00:00:09 ; elapsed = 00:00:10 . Memory (MB): peak = 1218.211 ; gain = 287.961 ; free physical = 934 ; free virtual = 2156
---------------------------------------------------------------------------------
Start Cross Boundary Optimization
---------------------------------------------------------------------------------
---------------------------------------------------------------------------------
Finished Cross Boundary Optimization : Time (s): cpu = 00:00:10 ; elapsed = 00:00:10 . Memory (MB): peak = 1226.211 ; gain = 295.961 ; free physical = 928 ; free virtual = 2149
---------------------------------------------------------------------------------
Finished Parallel Reinference  : Time (s): cpu = 00:00:10 ; elapsed = 00:00:10 . Memory (MB): peak = 1226.211 ; gain = 295.961 ; free physical = 928 ; free virtual = 2149

Report RTL Partitions: 
+-+--------------+------------+----------+
| |RTL Partition |Replication |Instances |
+-+--------------+------------+----------+
+-+--------------+------------+----------+
No constraint files found.
---------------------------------------------------------------------------------
Start Area Optimization
---------------------------------------------------------------------------------
---------------------------------------------------------------------------------
Finished Area Optimization : Time (s): cpu = 00:00:10 ; elapsed = 00:00:10 . Memory (MB): peak = 1226.215 ; gain = 295.965 ; free physical = 927 ; free virtual = 2148
---------------------------------------------------------------------------------
Finished Parallel Area Optimization  : Time (s): cpu = 00:00:10 ; elapsed = 00:00:10 . Memory (MB): peak = 1226.215 ; gain = 295.965 ; free physical = 927 ; free virtual = 2148

Report RTL Partitions: 
+-+--------------+------------+----------+
| |RTL Partition |Replication |Instances |
+-+--------------+------------+----------+
+-+--------------+------------+----------+
---------------------------------------------------------------------------------
Start Timing Optimization
---------------------------------------------------------------------------------
No constraint files found.
---------------------------------------------------------------------------------
Finished Timing Optimization : Time (s): cpu = 00:00:10 ; elapsed = 00:00:10 . Memory (MB): peak = 1226.215 ; gain = 295.965 ; free physical = 927 ; free virtual = 2148
---------------------------------------------------------------------------------

Report RTL Partitions: 
+-+--------------+------------+----------+
| |RTL Partition |Replication |Instances |
+-+--------------+------------+----------+
+-+--------------+------------+----------+
---------------------------------------------------------------------------------
Start Technology Mapping
---------------------------------------------------------------------------------
---------------------------------------------------------------------------------
Finished Technology Mapping : Time (s): cpu = 00:00:10 ; elapsed = 00:00:10 . Memory (MB): peak = 1234.219 ; gain = 303.969 ; free physical = 919 ; free virtual = 2140
---------------------------------------------------------------------------------
Finished Parallel Technology Mapping Optimization  : Time (s): cpu = 00:00:10 ; elapsed = 00:00:10 . Memory (MB): peak = 1234.219 ; gain = 303.969 ; free physical = 919 ; free virtual = 2140

Report RTL Partitions: 
+-+--------------+------------+----------+
| |RTL Partition |Replication |Instances |
+-+--------------+------------+----------+
+-+--------------+------------+----------+
Finished Parallel Synthesis Optimization  : Time (s): cpu = 00:00:10 ; elapsed = 00:00:10 . Memory (MB): peak = 1234.219 ; gain = 303.969 ; free physical = 919 ; free virtual = 2140
---------------------------------------------------------------------------------
Start IO Insertion
---------------------------------------------------------------------------------
---------------------------------------------------------------------------------
Start Flattening Before IO Insertion
---------------------------------------------------------------------------------
---------------------------------------------------------------------------------
Finished Flattening Before IO Insertion
---------------------------------------------------------------------------------
---------------------------------------------------------------------------------
Start Final Netlist Cleanup
---------------------------------------------------------------------------------
---------------------------------------------------------------------------------
Finished Final Netlist Cleanup
---------------------------------------------------------------------------------
---------------------------------------------------------------------------------
Finished IO Insertion : Time (s): cpu = 00:00:10 ; elapsed = 00:00:10 . Memory (MB): peak = 1234.219 ; gain = 303.969 ; free physical = 925 ; free virtual = 2147
---------------------------------------------------------------------------------

Report Check Netlist: 
+------+------------------+-------+---------+-------+------------------+
|      |Item              |Errors |Warnings |Status |Description       |
+------+------------------+-------+---------+-------+------------------+
|1     |multi_driven_nets |      0|        0|Passed |Multi driven nets |
+------+------------------+-------+---------+-------+------------------+
---------------------------------------------------------------------------------
Start Renaming Generated Instances
---------------------------------------------------------------------------------
---------------------------------------------------------------------------------
Finished Renaming Generated Instances : Time (s): cpu = 00:00:10 ; elapsed = 00:00:10 . Memory (MB): peak = 1234.219 ; gain = 303.969 ; free physical = 925 ; free virtual = 2147
---------------------------------------------------------------------------------

Report RTL Partitions: 
+-+--------------+------------+----------+
| |RTL Partition |Replication |Instances |
+-+--------------+------------+----------+
+-+--------------+------------+----------+
---------------------------------------------------------------------------------
Start Rebuilding User Hierarchy
---------------------------------------------------------------------------------
---------------------------------------------------------------------------------
Finished Rebuilding User Hierarchy : Time (s): cpu = 00:00:10 ; elapsed = 00:00:10 . Memory (MB): peak = 1234.219 ; gain = 303.969 ; free physical = 925 ; free virtual = 2147
---------------------------------------------------------------------------------
---------------------------------------------------------------------------------
Start Renaming Generated Ports
---------------------------------------------------------------------------------
---------------------------------------------------------------------------------
Finished Renaming Generated Ports : Time (s): cpu = 00:00:10 ; elapsed = 00:00:10 . Memory (MB): peak = 1234.219 ; gain = 303.969 ; free physical = 925 ; free virtual = 2147
---------------------------------------------------------------------------------
---------------------------------------------------------------------------------
Start Handling Custom Attributes
---------------------------------------------------------------------------------
---------------------------------------------------------------------------------
Finished Handling Custom Attributes : Time (s): cpu = 00:00:10 ; elapsed = 00:00:10 . Memory (MB): peak = 1234.219 ; gain = 303.969 ; free physical = 925 ; free virtual = 2147
---------------------------------------------------------------------------------
---------------------------------------------------------------------------------
Start Renaming Generated Nets
---------------------------------------------------------------------------------
---------------------------------------------------------------------------------
Finished Renaming Generated Nets : Time (s): cpu = 00:00:10 ; elapsed = 00:00:10 . Memory (MB): peak = 1234.219 ; gain = 303.969 ; free physical = 925 ; free virtual = 2147
---------------------------------------------------------------------------------
---------------------------------------------------------------------------------
Start Writing Synthesis Report
---------------------------------------------------------------------------------

Report BlackBoxes: 
+-+--------------+----------+
| |BlackBox name |Instances |
+-+--------------+----------+
+-+--------------+----------+

Report Cell Usage: 
+------+-------+------+
|      |Cell   |Count |
+------+-------+------+
|1     |CARRY4 |     8|
|2     |LUT2   |    29|
|3     |IBUF   |    58|
|4     |OBUF   |    29|
+------+-------+------+

Report Instance Areas: 
+------+---------+-------+------+
|      |Instance |Module |Cells |
+------+---------+-------+------+
|1     |top      |       |   124|
+------+---------+-------+------+
---------------------------------------------------------------------------------
Finished Writing Synthesis Report : Time (s): cpu = 00:00:10 ; elapsed = 00:00:10 . Memory (MB): peak = 1234.219 ; gain = 303.969 ; free physical = 925 ; free virtual = 2147
---------------------------------------------------------------------------------
Synthesis finished with 0 errors, 0 critical warnings and 1 warnings.
Synthesis Optimization Runtime : Time (s): cpu = 00:00:08 ; elapsed = 00:00:08 . Memory (MB): peak = 1234.219 ; gain = 183.723 ; free physical = 924 ; free virtual = 2146
Synthesis Optimization Complete : Time (s): cpu = 00:00:10 ; elapsed = 00:00:10 . Memory (MB): peak = 1234.219 ; gain = 303.969 ; free physical = 924 ; free virtual = 2146
INFO: [Project 1-571] Translating synthesized netlist
INFO: [Netlist 29-17] Analyzing 66 Unisim elements for replacement
INFO: [Netlist 29-28] Unisim Transformation completed in 0 CPU seconds
INFO: [Project 1-570] Preparing netlist for logic optimization
INFO: [Opt 31-138] Pushed 0 inverter(s) to 0 load pin(s).
INFO: [Project 1-111] Unisim Transformation Summary:
No Unisim elements were transformed.

INFO: [Common 17-83] Releasing license: Synthesis
11 Infos, 1 Warnings, 0 Critical Warnings and 0 Errors encountered.
synth_design completed successfully
synth_design: Time (s): cpu = 00:00:09 ; elapsed = 00:00:09 . Memory (MB): peak = 1304.219 ; gain = 302.633 ; free physical = 852 ; free virtual = 2073
# opt_design
Command: opt_design
Attempting to get a license for feature 'Implementation' and/or device 'xc7z010'
INFO: [Common 17-349] Got license for feature 'Implementation' and/or device 'xc7z010'
Running DRC as a precondition to command opt_design

Starting DRC Task
INFO: [DRC 23-27] Running DRC with 4 threads
INFO: [Project 1-461] DRC finished with 0 Errors
INFO: [Project 1-462] Please refer to the DRC report (report_drc) for more information.

Time (s): cpu = 00:00:00.08 ; elapsed = 00:00:00.08 . Memory (MB): peak = 1336.234 ; gain = 32.016 ; free physical = 852 ; free virtual = 2073
INFO: [Timing 38-35] Done setting XDC timing constraints.

Starting Logic Optimization Task
Implement Debug Cores | Checksum: 94d9a29c

Phase 1 Retarget
INFO: [Opt 31-138] Pushed 0 inverter(s) to 0 load pin(s).
INFO: [Opt 31-49] Retargeted 0 cell(s).
Phase 1 Retarget | Checksum: 94d9a29c

Time (s): cpu = 00:00:00 ; elapsed = 00:00:00.01 . Memory (MB): peak = 1691.727 ; gain = 0.000 ; free physical = 572 ; free virtual = 1789

Phase 2 Constant Propagation
INFO: [Opt 31-138] Pushed 0 inverter(s) to 0 load pin(s).
INFO: [Opt 31-10] Eliminated 0 cells.
Phase 2 Constant Propagation | Checksum: 94d9a29c

Time (s): cpu = 00:00:00.01 ; elapsed = 00:00:00.01 . Memory (MB): peak = 1691.727 ; gain = 0.000 ; free physical = 572 ; free virtual = 1789

Phase 3 Sweep
INFO: [Opt 31-12] Eliminated 21 unconnected nets.
INFO: [Opt 31-11] Eliminated 0 unconnected cells.
Phase 3 Sweep | Checksum: f4b39589

Time (s): cpu = 00:00:00.02 ; elapsed = 00:00:00.02 . Memory (MB): peak = 1691.727 ; gain = 0.000 ; free physical = 571 ; free virtual = 1789

Starting Connectivity Check Task

Time (s): cpu = 00:00:00 ; elapsed = 00:00:00 . Memory (MB): peak = 1691.727 ; gain = 0.000 ; free physical = 571 ; free virtual = 1789
Ending Logic Optimization Task | Checksum: f4b39589

Time (s): cpu = 00:00:00.02 ; elapsed = 00:00:00.02 . Memory (MB): peak = 1691.727 ; gain = 0.000 ; free physical = 571 ; free virtual = 1789

Starting Power Optimization Task
INFO: [Pwropt 34-132] Skipping clock gating for clocks with a period < 2.00 ns.
Ending Power Optimization Task | Checksum: f4b39589

Time (s): cpu = 00:00:00.01 ; elapsed = 00:00:00.01 . Memory (MB): peak = 1691.727 ; gain = 0.000 ; free physical = 571 ; free virtual = 1788
INFO: [Common 17-83] Releasing license: Implementation
13 Infos, 0 Warnings, 0 Critical Warnings and 0 Errors encountered.
opt_design completed successfully
opt_design: Time (s): cpu = 00:00:10 ; elapsed = 00:00:10 . Memory (MB): peak = 1691.727 ; gain = 387.508 ; free physical = 571 ; free virtual = 1788
# place_design
Command: place_design
Attempting to get a license for feature 'Implementation' and/or device 'xc7z010'
INFO: [Common 17-349] Got license for feature 'Implementation' and/or device 'xc7z010'
INFO: [DRC 23-27] Running DRC with 4 threads
INFO: [Vivado_Tcl 4-198] DRC finished with 0 Errors
INFO: [Vivado_Tcl 4-199] Please refer to the DRC report (report_drc) for more information.
Running DRC as a precondition to command place_design
INFO: [DRC 23-27] Running DRC with 4 threads
INFO: [Vivado_Tcl 4-198] DRC finished with 0 Errors
INFO: [Vivado_Tcl 4-199] Please refer to the DRC report (report_drc) for more information.

Starting Placer Task
INFO: [Place 30-611] Multithreading enabled for place_design using a maximum of 4 CPUs

Phase 1 Placer Initialization
Netlist sorting complete. Time (s): cpu = 00:00:00 ; elapsed = 00:00:00 . Memory (MB): peak = 1723.742 ; gain = 0.000 ; free physical = 558 ; free virtual = 1776
Netlist sorting complete. Time (s): cpu = 00:00:00 ; elapsed = 00:00:00 . Memory (MB): peak = 1723.742 ; gain = 0.000 ; free physical = 558 ; free virtual = 1776

Phase 1.1 IO Placement/ Clock Placement/ Build Placer Device

Phase 1.1.1 Pre-Place Cells
Phase 1.1.1 Pre-Place Cells | Checksum: 00000000

Time (s): cpu = 00:00:00.01 ; elapsed = 00:00:00.01 . Memory (MB): peak = 1723.742 ; gain = 0.000 ; free physical = 558 ; free virtual = 1776
INFO: [Timing 38-35] Done setting XDC timing constraints.

Phase 1.1.2 IO and Clk Clean Up
Phase 1.1.2 IO and Clk Clean Up | Checksum: 00000000

Time (s): cpu = 00:00:00.61 ; elapsed = 00:00:00.40 . Memory (MB): peak = 1747.750 ; gain = 24.008 ; free physical = 558 ; free virtual = 1775

Phase 1.1.3 Implementation Feasibility check On IDelay
Phase 1.1.3 Implementation Feasibility check On IDelay | Checksum: 00000000

Time (s): cpu = 00:00:00.61 ; elapsed = 00:00:00.41 . Memory (MB): peak = 1747.750 ; gain = 24.008 ; free physical = 558 ; free virtual = 1775

Phase 1.1.4 Commit IO Placement
Phase 1.1.4 Commit IO Placement | Checksum: a4ec47e9

Time (s): cpu = 00:00:00.62 ; elapsed = 00:00:00.41 . Memory (MB): peak = 1747.750 ; gain = 24.008 ; free physical = 558 ; free virtual = 1775
Phase 1.1 IO Placement/ Clock Placement/ Build Placer Device | Checksum: 136742286

Time (s): cpu = 00:00:00.62 ; elapsed = 00:00:00.41 . Memory (MB): peak = 1747.750 ; gain = 24.008 ; free physical = 558 ; free virtual = 1775

Phase 1.2 Build Placer Netlist Model

Phase 1.2.1 Place Init Design
Phase 1.2.1 Place Init Design | Checksum: 1c837ae6c

Time (s): cpu = 00:00:00.63 ; elapsed = 00:00:00.42 . Memory (MB): peak = 1747.750 ; gain = 24.008 ; free physical = 558 ; free virtual = 1775
Phase 1.2 Build Placer Netlist Model | Checksum: 1c837ae6c

Time (s): cpu = 00:00:00.63 ; elapsed = 00:00:00.42 . Memory (MB): peak = 1747.750 ; gain = 24.008 ; free physical = 558 ; free virtual = 1775

Phase 1.3 Constrain Clocks/Macros

Phase 1.3.1 Constrain Global/Regional Clocks
Phase 1.3.1 Constrain Global/Regional Clocks | Checksum: 1c837ae6c

Time (s): cpu = 00:00:00.63 ; elapsed = 00:00:00.43 . Memory (MB): peak = 1747.750 ; gain = 24.008 ; free physical = 558 ; free virtual = 1775
Phase 1.3 Constrain Clocks/Macros | Checksum: 1c837ae6c

Time (s): cpu = 00:00:00.63 ; elapsed = 00:00:00.43 . Memory (MB): peak = 1747.750 ; gain = 24.008 ; free physical = 558 ; free virtual = 1775
Phase 1 Placer Initialization | Checksum: 1c837ae6c

Time (s): cpu = 00:00:00.63 ; elapsed = 00:00:00.43 . Memory (MB): peak = 1747.750 ; gain = 24.008 ; free physical = 558 ; free virtual = 1775

Phase 2 Global Placement
Phase 2 Global Placement | Checksum: 1d2212b1a

Time (s): cpu = 00:00:00.95 ; elapsed = 00:00:00.56 . Memory (MB): peak = 1779.766 ; gain = 56.023 ; free physical = 557 ; free virtual = 1775

Phase 3 Detail Placement

Phase 3.1 Commit Multi Column Macros
Phase 3.1 Commit Multi Column Macros | Checksum: 1d2212b1a

Time (s): cpu = 00:00:00.96 ; elapsed = 00:00:00.56 . Memory (MB): peak = 1779.766 ; gain = 56.023 ; free physical = 557 ; free virtual = 1775

Phase 3.2 Commit Most Macros & LUTRAMs
Phase 3.2 Commit Most Macros & LUTRAMs | Checksum: 138c6ec76

Time (s): cpu = 00:00:00.98 ; elapsed = 00:00:00.57 . Memory (MB): peak = 1779.766 ; gain = 56.023 ; free physical = 557 ; free virtual = 1775

Phase 3.3 Area Swap Optimization
Phase 3.3 Area Swap Optimization | Checksum: 138c6ec76

Time (s): cpu = 00:00:01 ; elapsed = 00:00:00.59 . Memory (MB): peak = 1779.766 ; gain = 56.023 ; free physical = 557 ; free virtual = 1775

Phase 3.4 Small Shape Detail Placement

Phase 3.4.1 Commit Small Macros and Core Logic

Phase 3.4.1.1 Commit Slice Clusters
Phase 3.4.1.1 Commit Slice Clusters | Checksum: 138c6ec76

Time (s): cpu = 00:00:01 ; elapsed = 00:00:00.61 . Memory (MB): peak = 1779.766 ; gain = 56.023 ; free physical = 557 ; free virtual = 1775
Phase 3.4.1 Commit Small Macros and Core Logic | Checksum: 138c6ec76

Time (s): cpu = 00:00:01 ; elapsed = 00:00:00.62 . Memory (MB): peak = 1779.766 ; gain = 56.023 ; free physical = 557 ; free virtual = 1775

Phase 3.4.2 Clock Restriction Legalization for Leaf Columns
Phase 3.4.2 Clock Restriction Legalization for Leaf Columns | Checksum: 138c6ec76

Time (s): cpu = 00:00:01 ; elapsed = 00:00:00.62 . Memory (MB): peak = 1779.766 ; gain = 56.023 ; free physical = 557 ; free virtual = 1775

Phase 3.4.3 Clock Restriction Legalization for Non-Clock Pins
Phase 3.4.3 Clock Restriction Legalization for Non-Clock Pins | Checksum: 138c6ec76

Time (s): cpu = 00:00:01 ; elapsed = 00:00:00.62 . Memory (MB): peak = 1779.766 ; gain = 56.023 ; free physical = 557 ; free virtual = 1775
Phase 3.4 Small Shape Detail Placement | Checksum: 138c6ec76

Time (s): cpu = 00:00:01 ; elapsed = 00:00:00.62 . Memory (MB): peak = 1779.766 ; gain = 56.023 ; free physical = 557 ; free virtual = 1775

Phase 3.5 Re-assign LUT pins
Phase 3.5 Re-assign LUT pins | Checksum: 138c6ec76

Time (s): cpu = 00:00:01 ; elapsed = 00:00:00.63 . Memory (MB): peak = 1779.766 ; gain = 56.023 ; free physical = 557 ; free virtual = 1775
Phase 3 Detail Placement | Checksum: 138c6ec76

Time (s): cpu = 00:00:01 ; elapsed = 00:00:00.63 . Memory (MB): peak = 1779.766 ; gain = 56.023 ; free physical = 557 ; free virtual = 1775

Phase 4 Post Placement Optimization and Clean-Up

Phase 4.1 Post Commit Optimization
Phase 4.1 Post Commit Optimization | Checksum: 138c6ec76

Time (s): cpu = 00:00:01 ; elapsed = 00:00:00.63 . Memory (MB): peak = 1779.766 ; gain = 56.023 ; free physical = 557 ; free virtual = 1775

Phase 4.2 Sweep Clock Roots: Post-Placement
Phase 4.2 Sweep Clock Roots: Post-Placement | Checksum: 138c6ec76

Time (s): cpu = 00:00:01 ; elapsed = 00:00:00.63 . Memory (MB): peak = 1779.766 ; gain = 56.023 ; free physical = 557 ; free virtual = 1775

Phase 4.3 Post Placement Cleanup
Phase 4.3 Post Placement Cleanup | Checksum: 138c6ec76

Time (s): cpu = 00:00:01 ; elapsed = 00:00:00.63 . Memory (MB): peak = 1779.766 ; gain = 56.023 ; free physical = 557 ; free virtual = 1775

Phase 4.4 Placer Reporting
Phase 4.4 Placer Reporting | Checksum: 138c6ec76

Time (s): cpu = 00:00:01 ; elapsed = 00:00:00.63 . Memory (MB): peak = 1779.766 ; gain = 56.023 ; free physical = 557 ; free virtual = 1775

Phase 4.5 Final Placement Cleanup
Phase 4.5 Final Placement Cleanup | Checksum: 138c6ec76

Time (s): cpu = 00:00:01 ; elapsed = 00:00:00.63 . Memory (MB): peak = 1779.766 ; gain = 56.023 ; free physical = 557 ; free virtual = 1775
Phase 4 Post Placement Optimization and Clean-Up | Checksum: 138c6ec76

Time (s): cpu = 00:00:01 ; elapsed = 00:00:00.63 . Memory (MB): peak = 1779.766 ; gain = 56.023 ; free physical = 557 ; free virtual = 1775
Ending Placer Task | Checksum: c40ebeaf

Time (s): cpu = 00:00:01 ; elapsed = 00:00:00.64 . Memory (MB): peak = 1779.766 ; gain = 56.023 ; free physical = 557 ; free virtual = 1775
INFO: [Common 17-83] Releasing license: Implementation
10 Infos, 0 Warnings, 0 Critical Warnings and 0 Errors encountered.
place_design completed successfully
# route_design
Command: route_design
Attempting to get a license for feature 'Implementation' and/or device 'xc7z010'
INFO: [Common 17-349] Got license for feature 'Implementation' and/or device 'xc7z010'
Running DRC as a precondition to command route_design
INFO: [DRC 23-27] Running DRC with 4 threads
INFO: [Vivado_Tcl 4-198] DRC finished with 0 Errors
INFO: [Vivado_Tcl 4-199] Please refer to the DRC report (report_drc) for more information.


Starting Routing Task
INFO: [Route 35-254] Multithreading enabled for route_design using a maximum of 4 CPUs
Checksum: PlaceDB: 3286e412 ConstDB: 0 ShapeSum: 9187da9d RouteDB: 0

Phase 1 Build RT Design
Phase 1 Build RT Design | Checksum: ae6b9339

Time (s): cpu = 00:00:11 ; elapsed = 00:00:10 . Memory (MB): peak = 1792.758 ; gain = 12.992 ; free physical = 501 ; free virtual = 1711

Phase 2 Router Initialization
INFO: [Route 35-64] No timing constraints were detected. The router will operate in resource-optimization mode.

Phase 2.1 Pre Route Cleanup
Phase 2.1 Pre Route Cleanup | Checksum: ae6b9339

Time (s): cpu = 00:00:11 ; elapsed = 00:00:10 . Memory (MB): peak = 1806.758 ; gain = 26.992 ; free physical = 487 ; free virtual = 1697
 Number of Nodes with overlaps = 0
Phase 2 Router Initialization | Checksum: 324a5b40

Time (s): cpu = 00:00:11 ; elapsed = 00:00:10 . Memory (MB): peak = 1809.758 ; gain = 29.992 ; free physical = 483 ; free virtual = 1694

Phase 3 Initial Routing
Phase 3 Initial Routing | Checksum: a8f8a84e

Time (s): cpu = 00:00:12 ; elapsed = 00:00:10 . Memory (MB): peak = 1809.758 ; gain = 29.992 ; free physical = 483 ; free virtual = 1694

Phase 4 Rip-up And Reroute

Phase 4.1 Global Iteration 0
 Number of Nodes with overlaps = 0
Phase 4.1 Global Iteration 0 | Checksum: 1513b811a

Time (s): cpu = 00:00:12 ; elapsed = 00:00:10 . Memory (MB): peak = 1809.758 ; gain = 29.992 ; free physical = 483 ; free virtual = 1693
Phase 4 Rip-up And Reroute | Checksum: 1513b811a

Time (s): cpu = 00:00:12 ; elapsed = 00:00:10 . Memory (MB): peak = 1809.758 ; gain = 29.992 ; free physical = 483 ; free virtual = 1693

Phase 5 Delay and Skew Optimization
Phase 5 Delay and Skew Optimization | Checksum: 1513b811a

Time (s): cpu = 00:00:12 ; elapsed = 00:00:10 . Memory (MB): peak = 1809.758 ; gain = 29.992 ; free physical = 483 ; free virtual = 1693

Phase 6 Post Hold Fix
Phase 6 Post Hold Fix | Checksum: 1513b811a

Time (s): cpu = 00:00:12 ; elapsed = 00:00:10 . Memory (MB): peak = 1809.758 ; gain = 29.992 ; free physical = 483 ; free virtual = 1693

Phase 7 Route finalize

Router Utilization Summary
  Global Vertical Routing Utilization    = 0.315597 %
  Global Horizontal Routing Utilization  = 0.0569853 %
  Routable Net Status*
  *Does not include unroutable nets such as driverless and loadless.
  Run report_route_status for detailed report.
  Number of Failed Nets               = 0
  Number of Unrouted Nets             = 0
  Number of Partially Routed Nets     = 0
  Number of Node Overlaps             = 0

Congestion Report
North Dir 1x1 Area, Max Cong = 21.6216%, No Congested Regions.
South Dir 1x1 Area, Max Cong = 24.3243%, No Congested Regions.
East Dir 1x1 Area, Max Cong = 10.2941%, No Congested Regions.
West Dir 1x1 Area, Max Cong = 8.82353%, No Congested Regions.
Phase 7 Route finalize | Checksum: 1513b811a

Time (s): cpu = 00:00:12 ; elapsed = 00:00:10 . Memory (MB): peak = 1809.758 ; gain = 29.992 ; free physical = 483 ; free virtual = 1693

Phase 8 Verifying routed nets

 Verification completed successfully
Phase 8 Verifying routed nets | Checksum: 1513b811a

Time (s): cpu = 00:00:12 ; elapsed = 00:00:10 . Memory (MB): peak = 1811.758 ; gain = 31.992 ; free physical = 481 ; free virtual = 1691

Phase 9 Depositing Routes
Phase 9 Depositing Routes | Checksum: 163153da8

Time (s): cpu = 00:00:12 ; elapsed = 00:00:10 . Memory (MB): peak = 1811.758 ; gain = 31.992 ; free physical = 481 ; free virtual = 1691
INFO: [Route 35-16] Router Completed Successfully

Time (s): cpu = 00:00:12 ; elapsed = 00:00:10 . Memory (MB): peak = 1811.758 ; gain = 31.992 ; free physical = 482 ; free virtual = 1692

Routing Is Done.
INFO: [Common 17-83] Releasing license: Implementation
8 Infos, 0 Warnings, 0 Critical Warnings and 0 Errors encountered.
route_design completed successfully
route_design: Time (s): cpu = 00:00:12 ; elapsed = 00:00:10 . Memory (MB): peak = 1811.855 ; gain = 32.090 ; free physical = 482 ; free virtual = 1692
# report_utilization -file ./reports/area/29bit_adder_util.rpt
report_utilization: Time (s): cpu = 00:00:00.02 ; elapsed = 00:00:00.06 . Memory (MB): peak = 1811.855 ; gain = 0.000 ; free physical = 482 ; free virtual = 1692
# report_power -file ./reports/power/29bit_adder_power.rpt
WARNING: [Power 33-232] No user defined clocks were found in the design!
Resolution: Please specify clocks using create_clock/create_generated_clock for sequential elements. For pure combinatorial circuits, please specify a virtual clock, otherwise the vectorless estimation might be inaccurate
Running Vector-less Activity Propagation...

Finished Running Vector-less Activity Propagation
# report_timing -file ./reports/timing/29bit_adder_timing.rpt
INFO: [Timing 38-91] UpdateTimingParams: Speed grade: -1, Delay Type: max.
INFO: [Timing 38-191] Multithreading enabled for timing update using a maximum of 4 CPUs
INFO: [Timing 38-78] ReportTimingParams: -max_paths 1 -nworst 1 -delay_type max -sort_by slack.
# exit
INFO: [Common 17-206] Exiting Vivado at Sat Apr 23 21:41:11 2016...
