#-----------------------------------------------------------
# Vivado v2015.1 (64-bit)
# SW Build 1215546 on Mon Apr 27 19:07:21 MDT 2015
# IP Build 1209967 on Tue Apr 21 11:39:20 MDT 2015
# Start of session at: Wed Apr 13 15:22:08 2016
# Process ID: 5929
# Log file: /user/erasmus/danielrb/Dropbox/Tesi/cla_adder/decomposed/viv/vivado.log
# Journal file: /user/erasmus/danielrb/Dropbox/Tesi/cla_adder/decomposed/viv/vivado.jou
#-----------------------------------------------------------
start_gui
open_project /user/erasmus/danielrb/Dropbox/Tesi/cla_adder/decomposed/viv/decomposed_adder/decomposed_adder.xpr
Scanning sources...
Finished scanning sources
INFO: [IP_Flow 19-234] Refreshing IP repositories
INFO: [IP_Flow 19-1704] No user IP repositories specified
INFO: [IP_Flow 19-2313] Loaded Vivado IP repository '/cadtools/xilinx/2010/Vivado/Vivado/2015.1/data/ip'.
open_project: Time (s): cpu = 00:00:10 ; elapsed = 00:00:09 . Memory (MB): peak = 5790.852 ; gain = 91.574 ; free physical = 5653 ; free virtual = 18949
reset_run synth_1
launch_runs synth_1
INFO: [HDL 9-2216] Analyzing Verilog file "/user/erasmus/danielrb/Dropbox/Tesi/cla_adder/decomposed/viv/decomposed_adder/decomposed_adder.srcs/sources_1/imports/decomposed/gen_cla_decomposed.v" into library work [/user/erasmus/danielrb/Dropbox/Tesi/cla_adder/decomposed/viv/decomposed_adder/decomposed_adder.srcs/sources_1/imports/decomposed/gen_cla_decomposed.v:1]
INFO: [HDL 9-2216] Analyzing Verilog file "/user/erasmus/danielrb/Dropbox/Tesi/cla_adder/decomposed/viv/decomposed_adder/decomposed_adder.srcs/sources_1/imports/decomposed/gen_linear_part.v" into library work [/user/erasmus/danielrb/Dropbox/Tesi/cla_adder/decomposed/viv/decomposed_adder/decomposed_adder.srcs/sources_1/imports/decomposed/gen_linear_part.v:1]
INFO: [HDL 9-2216] Analyzing Verilog file "/user/erasmus/danielrb/Dropbox/Tesi/cla_adder/decomposed/viv/decomposed_adder/decomposed_adder.srcs/sources_1/imports/decomposed/gen_nonlinear_part.v" into library work [/user/erasmus/danielrb/Dropbox/Tesi/cla_adder/decomposed/viv/decomposed_adder/decomposed_adder.srcs/sources_1/imports/decomposed/gen_nonlinear_part.v:1]
[Wed Apr 13 15:23:32 2016] Launched synth_1...
Run output will be captured here: /user/erasmus/danielrb/Dropbox/Tesi/cla_adder/decomposed/viv/decomposed_adder/decomposed_adder.runs/synth_1/runme.log
