Copyright 1986-2015 Xilinx, Inc. All Rights Reserved.
--------------------------------------------------------------------------------------
| Tool Version : Vivado v.2015.4 (lin64) Build 1412921 Wed Nov 18 09:44:32 MST 2015
| Date         : Wed Apr 27 12:43:44 2016
| Host         : localhost.localdomain running 64-bit unknown
| Command      : report_timing -file ./reports/timing/16bit_decomposed_rca_timing.rpt
| Design       : decomposed_rca
| Device       : 7z010-clg400
| Speed File   : -1  PRODUCTION 1.11 2014-09-11
--------------------------------------------------------------------------------------

Timing Report

Slack:                    inf
  Source:                 A[0]
                            (input port)
  Destination:            S[15]
                            (output port)
  Path Group:             (none)
  Path Type:              Max at Slow Process Corner
  Data Path Delay:        21.167ns  (logic 5.515ns (26.055%)  route 15.652ns (73.945%))
  Logic Levels:           17  (IBUF=1 LUT3=1 LUT5=13 LUT6=1 OBUF=1)

    Location             Delay type                Incr(ns)  Path(ns)    Netlist Resource(s)
  -------------------------------------------------------------------    -------------------
    T19                                               0.000     0.000 r  A[0] (IN)
                         net (fo=0)                   0.000     0.000    A[0]
    T19                  IBUF (Prop_ibuf_I_O)         0.950     0.950 r  A_IBUF[0]_inst/O
                         net (fo=4, routed)           1.905     2.855    NL_PART/A_IBUF[0]
    SLICE_X40Y15         LUT3 (Prop_lut3_I2_O)        0.124     2.979 r  NL_PART/S_OBUF[2]_inst_i_3/O
                         net (fo=3, routed)           0.828     3.807    NL_PART/nl[3]
    SLICE_X40Y16         LUT5 (Prop_lut5_I3_O)        0.124     3.931 r  NL_PART/S_OBUF[3]_inst_i_3/O
                         net (fo=3, routed)           0.809     4.740    NL_PART/nl[6]
    SLICE_X43Y16         LUT5 (Prop_lut5_I3_O)        0.124     4.864 r  NL_PART/S_OBUF[4]_inst_i_3/O
                         net (fo=3, routed)           0.882     5.747    NL_PART/nl[9]
    SLICE_X42Y16         LUT5 (Prop_lut5_I3_O)        0.124     5.871 r  NL_PART/S_OBUF[5]_inst_i_2/O
                         net (fo=3, routed)           0.590     6.461    NL_PART/nl[11]
    SLICE_X43Y15         LUT5 (Prop_lut5_I2_O)        0.124     6.585 r  NL_PART/S_OBUF[6]_inst_i_3/O
                         net (fo=3, routed)           0.750     7.335    NL_PART/nl[15]
    SLICE_X42Y15         LUT5 (Prop_lut5_I3_O)        0.124     7.459 r  NL_PART/S_OBUF[7]_inst_i_2/O
                         net (fo=3, routed)           0.595     8.054    NL_PART/nl[17]
    SLICE_X43Y16         LUT5 (Prop_lut5_I2_O)        0.124     8.178 r  NL_PART/S_OBUF[8]_inst_i_3/O
                         net (fo=3, routed)           0.817     8.995    NL_PART/nl[21]
    SLICE_X43Y17         LUT5 (Prop_lut5_I3_O)        0.124     9.119 r  NL_PART/S_OBUF[9]_inst_i_3/O
                         net (fo=3, routed)           0.815     9.934    NL_PART/nl[24]
    SLICE_X43Y18         LUT5 (Prop_lut5_I3_O)        0.124    10.058 r  NL_PART/S_OBUF[10]_inst_i_3/O
                         net (fo=3, routed)           0.892    10.950    NL_PART/nl[27]
    SLICE_X42Y18         LUT5 (Prop_lut5_I3_O)        0.124    11.074 r  NL_PART/S_OBUF[11]_inst_i_2/O
                         net (fo=3, routed)           0.681    11.755    NL_PART/nl[29]
    SLICE_X42Y17         LUT5 (Prop_lut5_I2_O)        0.124    11.879 r  NL_PART/S_OBUF[12]_inst_i_2/O
                         net (fo=3, routed)           0.931    12.810    NL_PART/nl[32]
    SLICE_X41Y14         LUT5 (Prop_lut5_I2_O)        0.124    12.934 r  NL_PART/S_OBUF[13]_inst_i_3/O
                         net (fo=3, routed)           0.998    13.932    NL_PART/nl[36]
    SLICE_X42Y14         LUT5 (Prop_lut5_I3_O)        0.124    14.056 r  NL_PART/S_OBUF[14]_inst_i_2/O
                         net (fo=3, routed)           0.679    14.736    NL_PART/nl[38]
    SLICE_X43Y14         LUT5 (Prop_lut5_I2_O)        0.124    14.860 r  NL_PART/S_OBUF[15]_inst_i_3/O
                         net (fo=1, routed)           0.667    15.527    NL_PART/nl[41]
    SLICE_X43Y14         LUT6 (Prop_lut6_I4_O)        0.124    15.651 r  NL_PART/S_OBUF[15]_inst_i_1/O
                         net (fo=1, routed)           2.811    18.462    S_OBUF[15]
    T10                  OBUF (Prop_obuf_I_O)         2.705    21.167 r  S_OBUF[15]_inst/O
                         net (fo=0)                   0.000    21.167    S[15]
    T10                                                               r  S[15] (OUT)
  -------------------------------------------------------------------    -------------------




