adder cell add_7/U34 add_7_U34
adder cell add_7/U33 add_7_U33
adder cell add_7/U32 add_7_U32
adder cell add_7/U31 add_7_U31
adder cell add_7/U30 add_7_U30
adder cell add_7/U29 add_7_U29
adder cell add_7/U28 add_7_U28
adder cell add_7/U27 add_7_U27
adder cell add_7/U26 add_7_U26
adder cell add_7/U25 add_7_U25
adder cell add_7/U24 add_7_U24
adder cell add_7/U23 add_7_U23
adder cell add_7/U22 add_7_U22
adder cell add_7/U21 add_7_U21
adder cell add_7/U20 add_7_U20
adder cell add_7/U19 add_7_U19
adder cell add_7/U18 add_7_U18
adder cell add_7/U17 add_7_U17
adder cell add_7/U16 add_7_U16
adder cell add_7/U15 add_7_U15
adder cell add_7/U14 add_7_U14
adder cell add_7/U13 add_7_U13
adder cell add_7/U12 add_7_U12
adder cell add_7/U11 add_7_U11
adder cell add_7/U10 add_7_U10
adder cell add_7/U9 add_7_U9
adder cell add_7/U8 add_7_U8
adder cell add_7/U7 add_7_U7
adder cell add_7/U6 add_7_U6
adder cell add_7/U5 add_7_U5
adder cell add_7/U4 add_7_U4
adder cell add_7/U3 add_7_U3
adder cell add_7/U2 add_7_U2
adder cell add_7/U1 add_7_U1
adder net *Logic0* s[13]
adder net add_7/n27 add_7_n27
adder net add_7/n26 add_7_n26
adder net add_7/n25 add_7_n25
adder net add_7/n24 add_7_n24
adder net add_7/n23 add_7_n23
adder net add_7/n22 add_7_n22
adder net add_7/n21 add_7_n21
adder net add_7/n20 add_7_n20
adder net add_7/n19 add_7_n19
adder net add_7/n18 add_7_n18
adder net add_7/n17 add_7_n17
adder net add_7/n16 add_7_n16
adder net add_7/n15 add_7_n15
adder net add_7/n14 add_7_n14
adder net add_7/n13 add_7_n13
adder net add_7/n12 add_7_n12
adder net add_7/n11 add_7_n11
adder net add_7/n10 add_7_n10
adder net add_7/n9 add_7_n9
adder net add_7/n8 add_7_n8
adder net add_7/n7 add_7_n7
adder net add_7/n6 add_7_n6
adder net add_7/n5 add_7_n5
adder net add_7/n4 add_7_n4
adder net add_7/n3 add_7_n3
adder net add_7/n2 add_7_n2
adder net add_7/n1 add_7_n1
adder cell add_7/U34 add_7_U34
adder cell add_7/U33 add_7_U33
adder cell add_7/U32 add_7_U32
adder cell add_7/U31 add_7_U31
adder cell add_7/U30 add_7_U30
adder cell add_7/U29 add_7_U29
adder cell add_7/U28 add_7_U28
adder cell add_7/U27 add_7_U27
adder cell add_7/U26 add_7_U26
adder cell add_7/U25 add_7_U25
adder cell add_7/U24 add_7_U24
adder cell add_7/U23 add_7_U23
adder cell add_7/U22 add_7_U22
adder cell add_7/U21 add_7_U21
adder cell add_7/U20 add_7_U20
adder cell add_7/U19 add_7_U19
adder cell add_7/U18 add_7_U18
adder cell add_7/U17 add_7_U17
adder cell add_7/U16 add_7_U16
adder cell add_7/U15 add_7_U15
adder cell add_7/U14 add_7_U14
adder cell add_7/U13 add_7_U13
adder cell add_7/U12 add_7_U12
adder cell add_7/U11 add_7_U11
adder cell add_7/U10 add_7_U10
adder cell add_7/U9 add_7_U9
adder cell add_7/U8 add_7_U8
adder cell add_7/U7 add_7_U7
adder cell add_7/U6 add_7_U6
adder cell add_7/U5 add_7_U5
adder cell add_7/U4 add_7_U4
adder cell add_7/U3 add_7_U3
adder cell add_7/U2 add_7_U2
adder cell add_7/U1 add_7_U1
adder net add_7/n27 add_7_n27
adder net add_7/n26 add_7_n26
adder net add_7/n25 add_7_n25
adder net add_7/n24 add_7_n24
adder net add_7/n23 add_7_n23
adder net add_7/n22 add_7_n22
adder net add_7/n21 add_7_n21
adder net add_7/n20 add_7_n20
adder net add_7/n19 add_7_n19
adder net add_7/n18 add_7_n18
adder net add_7/n17 add_7_n17
adder net add_7/n16 add_7_n16
adder net add_7/n15 add_7_n15
adder net add_7/n14 add_7_n14
adder net add_7/n13 add_7_n13
adder net add_7/n12 add_7_n12
adder net add_7/n11 add_7_n11
adder net add_7/n10 add_7_n10
adder net add_7/n9 add_7_n9
adder net add_7/n8 add_7_n8
adder net add_7/n7 add_7_n7
adder net add_7/n6 add_7_n6
adder net add_7/n5 add_7_n5
adder net add_7/n4 add_7_n4
adder net add_7/n3 add_7_n3
adder net add_7/n2 add_7_n2
adder net add_7/n1 add_7_n1
adder cell r314/U34 r314_U34
adder cell r314/U33 r314_U33
adder cell r314/U32 r314_U32
adder cell r314/U31 r314_U31
adder cell r314/U30 r314_U30
adder cell r314/U29 r314_U29
adder cell r314/U28 r314_U28
adder cell r314/U27 r314_U27
adder cell r314/U26 r314_U26
adder cell r314/U25 r314_U25
adder cell r314/U24 r314_U24
adder cell r314/U23 r314_U23
adder cell r314/U22 r314_U22
adder cell r314/U21 r314_U21
adder cell r314/U20 r314_U20
adder cell r314/U19 r314_U19
adder cell r314/U18 r314_U18
adder cell r314/U17 r314_U17
adder cell r314/U16 r314_U16
adder cell r314/U15 r314_U15
adder cell r314/U14 r314_U14
adder cell r314/U13 r314_U13
adder cell r314/U12 r314_U12
adder cell r314/U11 r314_U11
adder cell r314/U10 r314_U10
adder cell r314/U9 r314_U9
adder cell r314/U8 r314_U8
adder cell r314/U7 r314_U7
adder cell r314/U6 r314_U6
adder cell r314/U5 r314_U5
adder cell r314/U4 r314_U4
adder cell r314/U3 r314_U3
adder cell r314/U2 r314_U2
adder cell r314/U1 r314_U1
adder net r314/n27 r314_n27
adder net r314/n26 r314_n26
adder net r314/n25 r314_n25
adder net r314/n24 r314_n24
adder net r314/n23 r314_n23
adder net r314/n22 r314_n22
adder net r314/n21 r314_n21
adder net r314/n20 r314_n20
adder net r314/n19 r314_n19
adder net r314/n18 r314_n18
adder net r314/n17 r314_n17
adder net r314/n16 r314_n16
adder net r314/n15 r314_n15
adder net r314/n14 r314_n14
adder net r314/n13 r314_n13
adder net r314/n12 r314_n12
adder net r314/n11 r314_n11
adder net r314/n10 r314_n10
adder net r314/n9 r314_n9
adder net r314/n8 r314_n8
adder net r314/n7 r314_n7
adder net r314/n6 r314_n6
adder net r314/n5 r314_n5
adder net r314/n4 r314_n4
adder net r314/n3 r314_n3
adder net r314/n2 r314_n2
adder net r314/n1 r314_n1
adder cell add_7/U34 add_7_U34
adder cell add_7/U33 add_7_U33
adder cell add_7/U32 add_7_U32
adder cell add_7/U31 add_7_U31
adder cell add_7/U30 add_7_U30
adder cell add_7/U29 add_7_U29
adder cell add_7/U28 add_7_U28
adder cell add_7/U27 add_7_U27
adder cell add_7/U26 add_7_U26
adder cell add_7/U25 add_7_U25
adder cell add_7/U24 add_7_U24
adder cell add_7/U23 add_7_U23
adder cell add_7/U22 add_7_U22
adder cell add_7/U21 add_7_U21
adder cell add_7/U20 add_7_U20
adder cell add_7/U19 add_7_U19
adder cell add_7/U18 add_7_U18
adder cell add_7/U17 add_7_U17
adder cell add_7/U16 add_7_U16
adder cell add_7/U15 add_7_U15
adder cell add_7/U14 add_7_U14
adder cell add_7/U13 add_7_U13
adder cell add_7/U12 add_7_U12
adder cell add_7/U11 add_7_U11
adder cell add_7/U10 add_7_U10
adder cell add_7/U9 add_7_U9
adder cell add_7/U8 add_7_U8
adder cell add_7/U7 add_7_U7
adder cell add_7/U6 add_7_U6
adder cell add_7/U5 add_7_U5
adder cell add_7/U4 add_7_U4
adder cell add_7/U3 add_7_U3
adder cell add_7/U2 add_7_U2
adder cell add_7/U1 add_7_U1
adder net add_7/n27 add_7_n27
adder net add_7/n26 add_7_n26
adder net add_7/n25 add_7_n25
adder net add_7/n24 add_7_n24
adder net add_7/n23 add_7_n23
adder net add_7/n22 add_7_n22
adder net add_7/n21 add_7_n21
adder net add_7/n20 add_7_n20
adder net add_7/n19 add_7_n19
adder net add_7/n18 add_7_n18
adder net add_7/n17 add_7_n17
adder net add_7/n16 add_7_n16
adder net add_7/n15 add_7_n15
adder net add_7/n14 add_7_n14
adder net add_7/n13 add_7_n13
adder net add_7/n12 add_7_n12
adder net add_7/n11 add_7_n11
adder net add_7/n10 add_7_n10
adder net add_7/n9 add_7_n9
adder net add_7/n8 add_7_n8
adder net add_7/n7 add_7_n7
adder net add_7/n6 add_7_n6
adder net add_7/n5 add_7_n5
adder net add_7/n4 add_7_n4
adder net add_7/n3 add_7_n3
adder net add_7/n2 add_7_n2
adder net add_7/n1 add_7_n1
adder cell add_7/U34 add_7_U34
adder cell add_7/U33 add_7_U33
adder cell add_7/U32 add_7_U32
adder cell add_7/U31 add_7_U31
adder cell add_7/U30 add_7_U30
adder cell add_7/U29 add_7_U29
adder cell add_7/U28 add_7_U28
adder cell add_7/U27 add_7_U27
adder cell add_7/U26 add_7_U26
adder cell add_7/U25 add_7_U25
adder cell add_7/U24 add_7_U24
adder cell add_7/U23 add_7_U23
adder cell add_7/U22 add_7_U22
adder cell add_7/U21 add_7_U21
adder cell add_7/U20 add_7_U20
adder cell add_7/U19 add_7_U19
adder cell add_7/U18 add_7_U18
adder cell add_7/U17 add_7_U17
adder cell add_7/U16 add_7_U16
adder cell add_7/U15 add_7_U15
adder cell add_7/U14 add_7_U14
adder cell add_7/U13 add_7_U13
adder cell add_7/U12 add_7_U12
adder cell add_7/U11 add_7_U11
adder cell add_7/U10 add_7_U10
adder cell add_7/U9 add_7_U9
adder cell add_7/U8 add_7_U8
adder cell add_7/U7 add_7_U7
adder cell add_7/U6 add_7_U6
adder cell add_7/U5 add_7_U5
adder cell add_7/U4 add_7_U4
adder cell add_7/U3 add_7_U3
adder cell add_7/U2 add_7_U2
adder cell add_7/U1 add_7_U1
adder net add_7/n27 add_7_n27
adder net add_7/n26 add_7_n26
adder net add_7/n25 add_7_n25
adder net add_7/n24 add_7_n24
adder net add_7/n23 add_7_n23
adder net add_7/n22 add_7_n22
adder net add_7/n21 add_7_n21
adder net add_7/n20 add_7_n20
adder net add_7/n19 add_7_n19
adder net add_7/n18 add_7_n18
adder net add_7/n17 add_7_n17
adder net add_7/n16 add_7_n16
adder net add_7/n15 add_7_n15
adder net add_7/n14 add_7_n14
adder net add_7/n13 add_7_n13
adder net add_7/n12 add_7_n12
adder net add_7/n11 add_7_n11
adder net add_7/n10 add_7_n10
adder net add_7/n9 add_7_n9
adder net add_7/n8 add_7_n8
adder net add_7/n7 add_7_n7
adder net add_7/n6 add_7_n6
adder net add_7/n5 add_7_n5
adder net add_7/n4 add_7_n4
adder net add_7/n3 add_7_n3
adder net add_7/n2 add_7_n2
adder net add_7/n1 add_7_n1
adder_P cell ADD/U1 ADD_U1
adder_P cell ADD/add_8/U76 ADD_add_8_U76
adder_P cell ADD/add_8/U75 ADD_add_8_U75
adder_P cell ADD/add_8/U74 ADD_add_8_U74
adder_P cell ADD/add_8/U73 ADD_add_8_U73
adder_P cell ADD/add_8/U72 ADD_add_8_U72
adder_P cell ADD/add_8/U71 ADD_add_8_U71
adder_P cell ADD/add_8/U70 ADD_add_8_U70
adder_P cell ADD/add_8/U69 ADD_add_8_U69
adder_P cell ADD/add_8/U68 ADD_add_8_U68
adder_P cell ADD/add_8/U67 ADD_add_8_U67
adder_P cell ADD/add_8/U66 ADD_add_8_U66
adder_P cell ADD/add_8/U65 ADD_add_8_U65
adder_P cell ADD/add_8/U64 ADD_add_8_U64
adder_P cell ADD/add_8/U63 ADD_add_8_U63
adder_P cell ADD/add_8/U62 ADD_add_8_U62
adder_P cell ADD/add_8/U61 ADD_add_8_U61
adder_P cell ADD/add_8/U60 ADD_add_8_U60
adder_P cell ADD/add_8/U59 ADD_add_8_U59
adder_P cell ADD/add_8/U58 ADD_add_8_U58
adder_P cell ADD/add_8/U57 ADD_add_8_U57
adder_P cell ADD/add_8/U56 ADD_add_8_U56
adder_P cell ADD/add_8/U55 ADD_add_8_U55
adder_P cell ADD/add_8/U54 ADD_add_8_U54
adder_P cell ADD/add_8/U53 ADD_add_8_U53
adder_P cell ADD/add_8/U52 ADD_add_8_U52
adder_P cell ADD/add_8/U51 ADD_add_8_U51
adder_P cell ADD/add_8/U50 ADD_add_8_U50
adder_P cell ADD/add_8/U49 ADD_add_8_U49
adder_P cell ADD/add_8/U48 ADD_add_8_U48
adder_P cell ADD/add_8/U47 ADD_add_8_U47
adder_P cell ADD/add_8/U46 ADD_add_8_U46
adder_P cell ADD/add_8/U45 ADD_add_8_U45
adder_P cell ADD/add_8/U44 ADD_add_8_U44
adder_P cell ADD/add_8/U43 ADD_add_8_U43
adder_P cell ADD/add_8/U42 ADD_add_8_U42
adder_P cell ADD/add_8/U41 ADD_add_8_U41
adder_P cell ADD/add_8/U40 ADD_add_8_U40
adder_P cell ADD/add_8/U39 ADD_add_8_U39
adder_P cell ADD/add_8/U38 ADD_add_8_U38
adder_P cell ADD/add_8/U37 ADD_add_8_U37
adder_P cell ADD/add_8/U36 ADD_add_8_U36
adder_P cell ADD/add_8/U35 ADD_add_8_U35
adder_P cell ADD/add_8/U34 ADD_add_8_U34
adder_P cell ADD/add_8/U33 ADD_add_8_U33
adder_P cell ADD/add_8/U32 ADD_add_8_U32
adder_P cell ADD/add_8/U31 ADD_add_8_U31
adder_P cell ADD/add_8/U30 ADD_add_8_U30
adder_P cell ADD/add_8/U29 ADD_add_8_U29
adder_P cell ADD/add_8/U28 ADD_add_8_U28
adder_P cell ADD/add_8/U27 ADD_add_8_U27
adder_P cell ADD/add_8/U26 ADD_add_8_U26
adder_P cell ADD/add_8/U25 ADD_add_8_U25
adder_P cell ADD/add_8/U24 ADD_add_8_U24
adder_P cell ADD/add_8/U23 ADD_add_8_U23
adder_P cell ADD/add_8/U22 ADD_add_8_U22
adder_P cell ADD/add_8/U21 ADD_add_8_U21
adder_P cell ADD/add_8/U20 ADD_add_8_U20
adder_P cell ADD/add_8/U19 ADD_add_8_U19
adder_P cell ADD/add_8/U18 ADD_add_8_U18
adder_P cell ADD/add_8/U17 ADD_add_8_U17
adder_P cell ADD/add_8/U16 ADD_add_8_U16
adder_P cell ADD/add_8/U15 ADD_add_8_U15
adder_P cell ADD/add_8/U14 ADD_add_8_U14
adder_P cell ADD/add_8/U13 ADD_add_8_U13
adder_P cell ADD/add_8/U12 ADD_add_8_U12
adder_P cell ADD/add_8/U11 ADD_add_8_U11
adder_P cell ADD/add_8/U10 ADD_add_8_U10
adder_P cell ADD/add_8/U9 ADD_add_8_U9
adder_P cell ADD/add_8/U8 ADD_add_8_U8
adder_P cell ADD/add_8/U7 ADD_add_8_U7
adder_P cell ADD/add_8/U6 ADD_add_8_U6
adder_P cell ADD/add_8/U5 ADD_add_8_U5
adder_P cell ADD/add_8/U4 ADD_add_8_U4
adder_P cell ADD/add_8/U3 ADD_add_8_U3
adder_P cell ADD/add_8/U2 ADD_add_8_U2
adder_P cell ADD/add_8/U1 ADD_add_8_U1
adder_P cell PAR/U48 PAR_U48
adder_P cell PAR/U47 PAR_U47
adder_P cell PAR/U46 PAR_U46
adder_P cell PAR/U45 PAR_U45
adder_P cell PAR/U44 PAR_U44
adder_P cell PAR/U43 PAR_U43
adder_P cell PAR/U42 PAR_U42
adder_P cell PAR/U41 PAR_U41
adder_P cell PAR/U40 PAR_U40
adder_P cell PAR/U39 PAR_U39
adder_P cell PAR/U38 PAR_U38
adder_P cell PAR/U37 PAR_U37
adder_P cell PAR/U36 PAR_U36
adder_P cell PAR/U35 PAR_U35
adder_P cell PAR/U34 PAR_U34
adder_P cell PAR/U33 PAR_U33
adder_P cell PAR/U32 PAR_U32
adder_P cell PAR/U31 PAR_U31
adder_P cell PAR/U30 PAR_U30
adder_P cell PAR/U29 PAR_U29
adder_P cell PAR/U28 PAR_U28
adder_P cell PAR/U27 PAR_U27
adder_P cell PAR/U26 PAR_U26
adder_P cell PAR/U25 PAR_U25
adder_P cell PAR/U24 PAR_U24
adder_P cell PAR/U23 PAR_U23
adder_P cell PAR/U22 PAR_U22
adder_P cell PAR/U21 PAR_U21
adder_P cell PAR/U20 PAR_U20
adder_P cell PAR/U19 PAR_U19
adder_P cell PAR/U18 PAR_U18
adder_P cell PAR/U17 PAR_U17
adder_P cell PAR/U16 PAR_U16
adder_P cell PAR/U15 PAR_U15
adder_P cell PAR/U14 PAR_U14
adder_P cell PAR/U13 PAR_U13
adder_P cell PAR/U12 PAR_U12
adder_P cell PAR/U11 PAR_U11
adder_P cell PAR/U10 PAR_U10
adder_P cell PAR/U9 PAR_U9
adder_P cell PAR/U8 PAR_U8
adder_P cell PAR/U7 PAR_U7
adder_P cell PAR/U6 PAR_U6
adder_P cell PAR/U5 PAR_U5
adder_P cell PAR/U4 PAR_U4
adder_P cell PAR/U3 PAR_U3
adder_P cell PAR/U2 PAR_U2
adder_P cell PAR/U1 PAR_U1
adder_P net ADD/n1 ADD_n1
adder_P net ADD/add_8/n62 ADD_add_8_n62
adder_P net ADD/add_8/n61 ADD_add_8_n61
adder_P net ADD/add_8/n60 ADD_add_8_n60
adder_P net ADD/add_8/n59 ADD_add_8_n59
adder_P net ADD/add_8/n58 ADD_add_8_n58
adder_P net ADD/add_8/n57 ADD_add_8_n57
adder_P net ADD/add_8/n56 ADD_add_8_n56
adder_P net ADD/add_8/n55 ADD_add_8_n55
adder_P net ADD/add_8/n54 ADD_add_8_n54
adder_P net ADD/add_8/n53 ADD_add_8_n53
adder_P net ADD/add_8/n52 ADD_add_8_n52
adder_P net ADD/add_8/n51 ADD_add_8_n51
adder_P net ADD/add_8/n50 ADD_add_8_n50
adder_P net ADD/add_8/n49 ADD_add_8_n49
adder_P net ADD/add_8/n48 ADD_add_8_n48
adder_P net ADD/add_8/n47 ADD_add_8_n47
adder_P net ADD/add_8/n46 ADD_add_8_n46
adder_P net ADD/add_8/n45 ADD_add_8_n45
adder_P net ADD/add_8/n44 ADD_add_8_n44
adder_P net ADD/add_8/n43 ADD_add_8_n43
adder_P net ADD/add_8/n42 ADD_add_8_n42
adder_P net ADD/add_8/n41 ADD_add_8_n41
adder_P net ADD/add_8/n40 ADD_add_8_n40
adder_P net ADD/add_8/n39 ADD_add_8_n39
adder_P net ADD/add_8/n38 ADD_add_8_n38
adder_P net ADD/add_8/n37 ADD_add_8_n37
adder_P net ADD/add_8/n36 ADD_add_8_n36
adder_P net ADD/add_8/n35 ADD_add_8_n35
adder_P net ADD/add_8/n34 ADD_add_8_n34
adder_P net ADD/add_8/n33 ADD_add_8_n33
adder_P net ADD/add_8/n32 ADD_add_8_n32
adder_P net ADD/add_8/n31 ADD_add_8_n31
adder_P net ADD/add_8/n30 ADD_add_8_n30
adder_P net ADD/add_8/n29 ADD_add_8_n29
adder_P net ADD/add_8/n28 ADD_add_8_n28
adder_P net ADD/add_8/n27 ADD_add_8_n27
adder_P net ADD/add_8/n26 ADD_add_8_n26
adder_P net ADD/add_8/n25 ADD_add_8_n25
adder_P net ADD/add_8/n24 ADD_add_8_n24
adder_P net ADD/add_8/n23 ADD_add_8_n23
adder_P net ADD/add_8/n22 ADD_add_8_n22
adder_P net ADD/add_8/n21 ADD_add_8_n21
adder_P net ADD/add_8/n20 ADD_add_8_n20
adder_P net ADD/add_8/n19 ADD_add_8_n19
adder_P net ADD/add_8/n18 ADD_add_8_n18
adder_P net ADD/add_8/n17 ADD_add_8_n17
adder_P net ADD/add_8/n16 ADD_add_8_n16
adder_P net ADD/add_8/n15 ADD_add_8_n15
adder_P net ADD/add_8/n14 ADD_add_8_n14
adder_P net ADD/add_8/n13 ADD_add_8_n13
adder_P net ADD/add_8/n12 ADD_add_8_n12
adder_P net ADD/add_8/n11 ADD_add_8_n11
adder_P net ADD/add_8/n10 ADD_add_8_n10
adder_P net ADD/add_8/n9 ADD_add_8_n9
adder_P net ADD/add_8/n8 ADD_add_8_n8
adder_P net ADD/add_8/n7 ADD_add_8_n7
adder_P net ADD/add_8/n6 ADD_add_8_n6
adder_P net ADD/add_8/n5 ADD_add_8_n5
adder_P net ADD/add_8/n4 ADD_add_8_n4
adder_P net ADD/add_8/n3 ADD_add_8_n3
adder_P net ADD/add_8/n2 ADD_add_8_n2
adder_P net ADD/add_8/n1 ADD_add_8_n1
adder_P net PAR/n34 PAR_n34
adder_P net PAR/n33 PAR_n33
adder_P net PAR/n32 PAR_n32
adder_P net PAR/n31 PAR_n31
adder_P net PAR/n30 PAR_n30
adder_P net PAR/n29 PAR_n29
adder_P net PAR/n28 PAR_n28
adder_P net PAR/n27 PAR_n27
adder_P net PAR/n26 PAR_n26
adder_P net PAR/n25 PAR_n25
adder_P net PAR/n24 PAR_n24
adder_P net PAR/n23 PAR_n23
adder_P net PAR/n22 PAR_n22
adder_P net PAR/n21 PAR_n21
adder_P net PAR/n20 PAR_n20
adder_P net PAR/n19 PAR_n19
adder_P net PAR/n18 PAR_n18
adder_P net PAR/n17 PAR_n17
adder_P net PAR/n16 PAR_n16
adder_P net PAR/n15 PAR_n15
adder_P net PAR/n14 PAR_n14
adder_P net PAR/n13 PAR_n13
adder_P net PAR/n12 PAR_n12
adder_P net PAR/n11 PAR_n11
adder_P net PAR/n10 PAR_n10
adder_P net PAR/n9 PAR_n9
adder_P net PAR/n8 PAR_n8
adder_P net PAR/n7 PAR_n7
adder_P net PAR/n6 PAR_n6
adder_P net PAR/n5 PAR_n5
adder_P net PAR/n4 PAR_n4
adder_P net PAR/n3 PAR_n3
adder_P net PAR/n2 PAR_n2
adder_P net PAR/n1 PAR_n1
