#! /usr/bin/vvp
:ivl_version "10.0 (stable)" "(v10_0)";
:ivl_delay_selection "TYPICAL";
:vpi_time_precision - 11;
:vpi_module "system";
:vpi_module "vhdl_sys";
:vpi_module "v2005_math";
:vpi_module "va_math";
S_0x149b020 .scope module, "tb_cla_adder" "tb_cla_adder" 2 3;
 .timescale -9 -11;
P_0x149b1a0 .param/l "NBIT" 0 2 5, +C4<00000000000000000000000000000100>;
v0x14c7690_0 .var "a", 3 0;
v0x14c77a0_0 .var "b", 3 0;
v0x14c7870_0 .var "cin", 0 0;
v0x14c7970_0 .net "cout", 0 0, v0x14c7240_0;  1 drivers
v0x14c7a40_0 .net "s", 3 0, v0x14c7510_0;  1 drivers
S_0x14941e0 .scope module, "DUT" "cla_adder" 2 14, 3 1 0, S_0x149b020;
 .timescale 0 0;
    .port_info 0 /INPUT 4 "a"
    .port_info 1 /INPUT 4 "b"
    .port_info 2 /INPUT 1 "cin"
    .port_info 3 /OUTPUT 4 "s"
    .port_info 4 /OUTPUT 1 "cout"
P_0x14943b0 .param/l "NBIT" 0 3 5, +C4<00000000000000000000000000000100>;
v0x1494510_0 .net "a", 3 0, v0x14c7690_0;  1 drivers
v0x14c6fb0_0 .net "b", 3 0, v0x14c77a0_0;  1 drivers
v0x14c7090_0 .var "c", 4 0;
v0x14c7180_0 .net "cin", 0 0, v0x14c7870_0;  1 drivers
v0x14c7240_0 .var "cout", 0 0;
v0x14c7350_0 .var "g", 3 0;
v0x14c7430_0 .var "p", 3 0;
v0x14c7510_0 .var "s", 3 0;
E_0x149bac0 .event edge, v0x14c7180_0, v0x14c6fb0_0, v0x1494510_0;
    .scope S_0x14941e0;
T_0 ;
    %wait E_0x149bac0;
    %load/vec4 v0x1494510_0;
    %load/vec4 v0x14c6fb0_0;
    %and;
    %store/vec4 v0x14c7350_0, 0, 4;
    %load/vec4 v0x1494510_0;
    %load/vec4 v0x14c6fb0_0;
    %xor;
    %store/vec4 v0x14c7430_0, 0, 4;
    %load/vec4 v0x14c7180_0;
    %ix/load 4, 0, 0;
    %flag_set/imm 4, 0;
    %store/vec4 v0x14c7090_0, 4, 1;
    %load/vec4 v0x14c7350_0;
    %parti/s 1, 0, 2;
    %load/vec4 v0x14c7430_0;
    %parti/s 1, 0, 2;
    %load/vec4 v0x14c7090_0;
    %parti/s 1, 0, 2;
    %and;
    %or;
    %ix/load 4, 1, 0;
    %flag_set/imm 4, 0;
    %store/vec4 v0x14c7090_0, 4, 1;
    %load/vec4 v0x14c7350_0;
    %parti/s 1, 1, 2;
    %load/vec4 v0x14c7430_0;
    %parti/s 1, 1, 2;
    %load/vec4 v0x14c7350_0;
    %parti/s 1, 0, 2;
    %and;
    %or;
    %load/vec4 v0x14c7430_0;
    %parti/s 1, 1, 2;
    %load/vec4 v0x14c7430_0;
    %parti/s 1, 0, 2;
    %and;
    %load/vec4 v0x14c7090_0;
    %parti/s 1, 0, 2;
    %and;
    %or;
    %ix/load 4, 2, 0;
    %flag_set/imm 4, 0;
    %store/vec4 v0x14c7090_0, 4, 1;
    %load/vec4 v0x14c7350_0;
    %parti/s 1, 2, 3;
    %load/vec4 v0x14c7430_0;
    %parti/s 1, 2, 3;
    %load/vec4 v0x14c7350_0;
    %parti/s 1, 1, 2;
    %and;
    %or;
    %load/vec4 v0x14c7430_0;
    %parti/s 1, 2, 3;
    %load/vec4 v0x14c7430_0;
    %parti/s 1, 1, 2;
    %and;
    %load/vec4 v0x14c7350_0;
    %parti/s 1, 0, 2;
    %and;
    %or;
    %load/vec4 v0x14c7430_0;
    %parti/s 1, 2, 3;
    %load/vec4 v0x14c7430_0;
    %parti/s 1, 1, 2;
    %and;
    %load/vec4 v0x14c7430_0;
    %parti/s 1, 0, 2;
    %and;
    %load/vec4 v0x14c7090_0;
    %parti/s 1, 0, 2;
    %and;
    %or;
    %ix/load 4, 3, 0;
    %flag_set/imm 4, 0;
    %store/vec4 v0x14c7090_0, 4, 1;
    %load/vec4 v0x14c7350_0;
    %parti/s 1, 3, 3;
    %load/vec4 v0x14c7430_0;
    %parti/s 1, 3, 3;
    %load/vec4 v0x14c7350_0;
    %parti/s 1, 2, 3;
    %and;
    %or;
    %load/vec4 v0x14c7430_0;
    %parti/s 1, 3, 3;
    %load/vec4 v0x14c7430_0;
    %parti/s 1, 2, 3;
    %and;
    %load/vec4 v0x14c7350_0;
    %parti/s 1, 1, 2;
    %and;
    %or;
    %load/vec4 v0x14c7430_0;
    %parti/s 1, 3, 3;
    %load/vec4 v0x14c7430_0;
    %parti/s 1, 2, 3;
    %and;
    %load/vec4 v0x14c7430_0;
    %parti/s 1, 1, 2;
    %and;
    %load/vec4 v0x14c7430_0;
    %parti/s 1, 0, 2;
    %and;
    %load/vec4 v0x14c7350_0;
    %parti/s 1, 0, 2;
    %and;
    %or;
    %load/vec4 v0x14c7430_0;
    %parti/s 1, 3, 3;
    %load/vec4 v0x14c7430_0;
    %parti/s 1, 2, 3;
    %and;
    %load/vec4 v0x14c7430_0;
    %parti/s 1, 1, 2;
    %and;
    %load/vec4 v0x14c7430_0;
    %parti/s 1, 0, 2;
    %and;
    %load/vec4 v0x14c7090_0;
    %parti/s 1, 0, 2;
    %and;
    %or;
    %ix/load 4, 4, 0;
    %flag_set/imm 4, 0;
    %store/vec4 v0x14c7090_0, 4, 1;
    %load/vec4 v0x14c7090_0;
    %parti/s 1, 3, 3;
    %store/vec4 v0x14c7240_0, 0, 1;
    %load/vec4 v0x14c7430_0;
    %pad/u 5;
    %load/vec4 v0x14c7090_0;
    %xor;
    %pad/u 4;
    %store/vec4 v0x14c7510_0, 0, 4;
    %jmp T_0;
    .thread T_0, $push;
    .scope S_0x149b020;
T_1 ;
    %vpi_call 2 24 "$monitor", "A:%d B:%d S:%d Cout:%d", v0x14c7690_0, v0x14c77a0_0, v0x14c7a40_0, v0x14c7970_0 {0 0 0};
    %pushi/vec4 0, 0, 4;
    %store/vec4 v0x14c7690_0, 0, 4;
    %pushi/vec4 0, 0, 4;
    %store/vec4 v0x14c77a0_0, 0, 4;
    %pushi/vec4 0, 0, 1;
    %store/vec4 v0x14c7870_0, 0, 1;
    %delay 1000, 0;
    %pushi/vec4 1, 0, 4;
    %store/vec4 v0x14c7690_0, 0, 4;
    %pushi/vec4 2, 0, 4;
    %store/vec4 v0x14c77a0_0, 0, 4;
    %delay 1000, 0;
    %pushi/vec4 5, 0, 4;
    %store/vec4 v0x14c7690_0, 0, 4;
    %delay 500, 0;
    %pushi/vec4 11, 0, 4;
    %store/vec4 v0x14c77a0_0, 0, 4;
    %end;
    .thread T_1;
# The file index is used to find the file name in the following table.
:file_names 4;
    "N/A";
    "<interactive>";
    "tb_cla_adder.v";
    "cla_adder.v";
