 
****************************************
Report : reference
Design : adder7bit_P
Version: K-2015.06-SP5-1
Date   : Sun May 22 19:53:47 2016
****************************************

Attributes:
    b - black box (unknown)
   bo - allows boundary optimization
    d - dont_touch
   mo - map_only
    h - hierarchical
    n - noncombinational
    r - removable
    s - synthetic operator
    u - contains unmapped logic

Reference          Library       Unit Area   Count    Total Area   Attributes
-----------------------------------------------------------------------------
XOR2D0             tcbn65gpluswc     3.600000      48   172.799995
-----------------------------------------------------------------------------
Total 1 references                                    172.799995
1
