Information: Updating design information... (UID-85)
 
****************************************
Report : timing
        -path full
        -delay max
        -nets
        -max_paths 1
        -transition_time
Design : adder
Version: K-2015.06-SP5-1
Date   : Mon May 16 15:00:34 2016
****************************************

Operating Conditions: WCCOM   Library: tcbn65gpluswc
Wire Load Model Mode: segmented

  Startpoint: b[1] (input port)
  Endpoint: s[3] (output port)
  Path Group: (none)
  Path Type: max

  Des/Clust/Port     Wire Load Model       Library
  ------------------------------------------------
  adder              ZeroWireload          tcbn65gpluswc

Attributes:
    d - dont_touch
    u - dont_use
   mo - map_only
   so - size_only
    i - ideal_net or ideal_network
  inf - infeasible path

  Point                        Fanout     Trans      Incr       Path      Attributes
  ------------------------------------------------------------------------------------------
  input external delay                               0.00       0.00 f
  b[1] (in)                                0.00      0.00       0.00 f
  b[1] (net)                     3                   0.00       0.00 f
  U29/Z (OR2D0)                            0.03      0.07       0.07 f
  n24 (net)                      1                   0.00       0.07 f
  U28/Z (AN2D0)                            0.02      0.05       0.12 f
  n23 (net)                      1                   0.00       0.12 f
  U27/Z (AN2D0)                            0.02      0.04       0.16 f
  n21 (net)                      1                   0.00       0.16 f
  U25/Z (OR2D0)                            0.04      0.08       0.24 f
  n18 (net)                      3                   0.00       0.24 f
  U22/Z (OR2D0)                            0.03      0.08       0.32 f
  n19 (net)                      1                   0.00       0.32 f
  U21/Z (AN2D0)                            0.02      0.05       0.37 f
  n16 (net)                      1                   0.00       0.37 f
  U19/Z (OR2D0)                            0.03      0.07       0.43 f
  n15 (net)                      1                   0.00       0.43 f
  U18/Z (XOR2D0)                           0.02      0.10       0.53 f
  s[3] (net)                     1                   0.00       0.53 f
  s[3] (out)                               0.02      0.00       0.53 f
  data arrival time                                             0.53
  ------------------------------------------------------------------------------------------
  (Path is unconstrained)


1
