 
****************************************
Report : reference
Design : adder
Version: K-2015.06-SP5-1
Date   : Sun May 22 19:55:39 2016
****************************************

Attributes:
    b - black box (unknown)
   bo - allows boundary optimization
    d - dont_touch
   mo - map_only
    h - hierarchical
    n - noncombinational
    r - removable
    s - synthetic operator
    u - contains unmapped logic

Reference          Library       Unit Area   Count    Total Area   Attributes
-----------------------------------------------------------------------------
AN2D0              tcbn65gpluswc     2.160000      11    23.760001
OR2D0              tcbn65gpluswc     2.160000      10    21.600001
XOR2D0             tcbn65gpluswc     3.600000      20    71.999998
-----------------------------------------------------------------------------
Total 3 references                                    117.360000
1
