Information: Updating design information... (UID-85)
 
****************************************
Report : timing
        -path full
        -delay max
        -nets
        -max_paths 1
        -transition_time
Design : adder
Version: K-2015.06-SP5-1
Date   : Mon May 16 15:01:20 2016
****************************************

Operating Conditions: WCCOM   Library: tcbn65gpluswc
Wire Load Model Mode: segmented

  Startpoint: b[0] (input port)
  Endpoint: s[10] (output port)
  Path Group: (none)
  Path Type: max

  Des/Clust/Port     Wire Load Model       Library
  ------------------------------------------------
  adder              ZeroWireload          tcbn65gpluswc
  adder_DW01_add_0   ZeroWireload          tcbn65gpluswc

Attributes:
    d - dont_touch
    u - dont_use
   mo - map_only
   so - size_only
    i - ideal_net or ideal_network
  inf - infeasible path

  Point                        Fanout     Trans      Incr       Path      Attributes
  ------------------------------------------------------------------------------------------
  input external delay                               0.00       0.00 f
  b[0] (in)                                0.00      0.00       0.00 f
  b[0] (net)                     2                   0.00       0.00 f
  add_7/B[0] (adder_DW01_add_0)                      0.00       0.00 f
  add_7/B[0] (net)                                   0.00       0.00 f
  add_7/U56/Z (AN2D0)                      0.04      0.06       0.06 f
  add_7/n17 (net)                3                   0.00       0.06 f
  add_7/U55/Z (OR2D0)                      0.03      0.07       0.13 f
  add_7/n47 (net)                1                   0.00       0.13 f
  add_7/U54/Z (AN2D0)                      0.02      0.05       0.18 f
  add_7/n45 (net)                1                   0.00       0.18 f
  add_7/U52/Z (OR2D0)                      0.04      0.08       0.26 f
  add_7/n16 (net)                3                   0.00       0.26 f
  add_7/U51/Z (OR2D0)                      0.03      0.08       0.33 f
  add_7/n44 (net)                1                   0.00       0.33 f
  add_7/U50/Z (AN2D0)                      0.02      0.05       0.38 f
  add_7/n42 (net)                1                   0.00       0.38 f
  add_7/U48/Z (OR2D0)                      0.05      0.09       0.47 f
  add_7/n13 (net)                3                   0.00       0.47 f
  add_7/U47/Z (OR2D0)                      0.03      0.08       0.55 f
  add_7/n41 (net)                1                   0.00       0.55 f
  add_7/U46/Z (AN2D0)                      0.02      0.05       0.60 f
  add_7/n39 (net)                1                   0.00       0.60 f
  add_7/U44/Z (OR2D0)                      0.05      0.09       0.68 f
  add_7/n11 (net)                3                   0.00       0.68 f
  add_7/U43/Z (OR2D0)                      0.03      0.08       0.76 f
  add_7/n38 (net)                1                   0.00       0.76 f
  add_7/U42/Z (AN2D0)                      0.02      0.05       0.81 f
  add_7/n36 (net)                1                   0.00       0.81 f
  add_7/U40/Z (OR2D0)                      0.05      0.09       0.89 f
  add_7/n9 (net)                 3                   0.00       0.89 f
  add_7/U39/Z (OR2D0)                      0.03      0.08       0.97 f
  add_7/n35 (net)                1                   0.00       0.97 f
  add_7/U38/Z (AN2D0)                      0.02      0.05       1.02 f
  add_7/n33 (net)                1                   0.00       1.02 f
  add_7/U36/Z (OR2D0)                      0.05      0.09       1.11 f
  add_7/n7 (net)                 3                   0.00       1.11 f
  add_7/U35/Z (OR2D0)                      0.03      0.08       1.19 f
  add_7/n32 (net)                1                   0.00       1.19 f
  add_7/U34/Z (AN2D0)                      0.02      0.05       1.24 f
  add_7/n30 (net)                1                   0.00       1.24 f
  add_7/U32/Z (OR2D0)                      0.05      0.09       1.32 f
  add_7/n5 (net)                 3                   0.00       1.32 f
  add_7/U31/Z (OR2D0)                      0.03      0.08       1.40 f
  add_7/n29 (net)                1                   0.00       1.40 f
  add_7/U30/Z (AN2D0)                      0.02      0.05       1.45 f
  add_7/n27 (net)                1                   0.00       1.45 f
  add_7/U28/Z (OR2D0)                      0.05      0.09       1.53 f
  add_7/n3 (net)                 3                   0.00       1.53 f
  add_7/U27/Z (OR2D0)                      0.03      0.08       1.61 f
  add_7/n26 (net)                1                   0.00       1.61 f
  add_7/U26/Z (AN2D0)                      0.02      0.05       1.66 f
  add_7/n24 (net)                1                   0.00       1.66 f
  add_7/U24/Z (OR2D0)                      0.05      0.09       1.75 f
  add_7/n1 (net)                 3                   0.00       1.75 f
  add_7/U23/Z (OR2D0)                      0.03      0.08       1.83 f
  add_7/n23 (net)                1                   0.00       1.83 f
  add_7/U22/Z (AN2D0)                      0.02      0.05       1.88 f
  add_7/n21 (net)                1                   0.00       1.88 f
  add_7/U20/Z (OR2D0)                      0.03      0.07       1.94 f
  add_7/n20 (net)                1                   0.00       1.94 f
  add_7/U19/Z (XOR2D0)                     0.02      0.10       2.04 f
  add_7/SUM[10] (net)            1                   0.00       2.04 f
  add_7/SUM[10] (adder_DW01_add_0)                   0.00       2.04 f
  s[10] (net)                                        0.00       2.04 f
  s[10] (out)                              0.02      0.00       2.04 f
  data arrival time                                             2.04
  ------------------------------------------------------------------------------------------
  (Path is unconstrained)


1
