Information: Updating design information... (UID-85)
 
****************************************
Report : timing
        -path full
        -delay max
        -nets
        -max_paths 1
        -transition_time
Design : adder7bit_P
Version: K-2015.06-SP5-1
Date   : Sun May 22 19:53:47 2016
****************************************

Operating Conditions: WCCOM   Library: tcbn65gpluswc
Wire Load Model Mode: segmented

  Startpoint: c[10] (input port)
  Endpoint: s[0] (output port)
  Path Group: (none)
  Path Type: max

  Des/Clust/Port     Wire Load Model       Library
  ------------------------------------------------
  adder7bit_P        ZeroWireload          tcbn65gpluswc

Attributes:
    d - dont_touch
    u - dont_use
   mo - map_only
   so - size_only
    i - ideal_net or ideal_network
  inf - infeasible path

  Point                        Fanout     Trans      Incr       Path      Attributes
  ------------------------------------------------------------------------------------------
  input external delay                               0.00       0.00 f
  c[10] (in)                               0.00      0.00       0.00 f
  c[10] (net)                    2                   0.00       0.00 f
  U96/Z (XOR2D0)                           0.08      0.12       0.12 r
  n57 (net)                      3                   0.00       0.12 r
  U95/Z (XOR2D0)                           0.11      0.14       0.26 r
  n50 (net)                      4                   0.00       0.26 r
  U94/Z (XOR2D0)                           0.07      0.12       0.38 r
  n47 (net)                      2                   0.00       0.38 r
  U93/Z (XOR2D0)                           0.04      0.10       0.48 f
  n68 (net)                      1                   0.00       0.48 f
  U91/Z (XOR2D0)                           0.02      0.07       0.55 f
  s[0] (net)                     1                   0.00       0.55 f
  s[0] (out)                               0.02      0.00       0.55 f
  data arrival time                                             0.55
  ------------------------------------------------------------------------------------------
  (Path is unconstrained)


1
