 
****************************************
Report : area
Design : adder
Version: K-2015.06-SP5-1
Date   : Tue May 24 12:42:46 2016
****************************************

Library(s) Used:

    tcbn65gpluswc (File: /cadtools/tsmc/digital/Front_End/timing_power_noise/NLDM/tcbn65gplus_121b/tcbn65gpluswc.db)

Number of ports:                           44
Number of nets:                            70
Number of cells:                           36
Number of combinational cells:             34
Number of sequential cells:                 1
Number of macros/black boxes:               0
Number of buf/inv:                          0
Number of references:                       1

Combinational area:                 92.160001
Buf/Inv area:                        0.000000
Noncombinational area:               0.000000
Macro/Black Box area:                0.000000
Net Interconnect area:      undefined  (Wire load has zero net area)

Total cell area:                    92.160001
Total area:                 undefined
1
