 
****************************************
Report : reference
Design : adder
Version: K-2015.06-SP5-1
Date   : Thu May 19 13:03:42 2016
****************************************

Attributes:
    b - black box (unknown)
   bo - allows boundary optimization
    d - dont_touch
   mo - map_only
    h - hierarchical
    n - noncombinational
    r - removable
    s - synthetic operator
    u - contains unmapped logic

Reference          Library       Unit Area   Count    Total Area   Attributes
-----------------------------------------------------------------------------
AN2D0              tcbn65gpluswc     2.160000    2045  4417.200176
OR2D0              tcbn65gpluswc     2.160000    2044  4415.040175
XOR2D0             tcbn65gpluswc     3.600000    2047  7369.199805
-----------------------------------------------------------------------------
Total 3 references                                  16201.440156
1
