 
****************************************
Report : area
Design : adder
Version: K-2015.06-SP5-1
Date   : Sun May 22 19:55:39 2016
****************************************

Library(s) Used:

    tcbn65gpluswc (File: /cadtools/tsmc/digital/Front_End/timing_power_noise/NLDM/tcbn65gplus_121b/tcbn65gpluswc.db)

Number of ports:                           51
Number of nets:                            77
Number of cells:                           43
Number of combinational cells:             41
Number of sequential cells:                 1
Number of macros/black boxes:               0
Number of buf/inv:                          0
Number of references:                       2

Combinational area:                117.360000
Buf/Inv area:                        0.000000
Noncombinational area:               0.000000
Macro/Black Box area:                0.000000
Net Interconnect area:      undefined  (Wire load has zero net area)

Total cell area:                   117.360000
Total area:                 undefined
1
