Loading db file '/cadtools/tsmc/digital/Front_End/timing_power_noise/NLDM/tcbn65gplus_121b/tcbn65gpluswc.db'
Information: Propagating switching activity (low effort zero delay simulation). (PWR-6)
Warning: There is no defined clock in the design. (PWR-80)
Warning: Design has unannotated primary inputs. (PWR-414)
 
****************************************
Report : power
        -analysis_effort low
Design : adder_P
Version: K-2015.06-SP5-1
Date   : Tue May 24 14:28:22 2016
****************************************


Library(s) Used:

    tcbn65gpluswc (File: /cadtools/tsmc/digital/Front_End/timing_power_noise/NLDM/tcbn65gplus_121b/tcbn65gpluswc.db)


Operating Conditions: WCCOM   Library: tcbn65gpluswc
Wire Load Model Mode: segmented

Design        Wire Load Model            Library
------------------------------------------------
adder_P                ZeroWireload      tcbn65gpluswc


Global Operating Voltage = 0.9  
Power-specific unit information :
    Voltage Units = 1V
    Capacitance Units = 1.000000pf
    Time Units = 1ns
    Dynamic Power Units = 1mW    (derived from V,C,T units)
    Leakage Power Units = 1nW


  Cell Internal Power  =  90.8750 uW   (76%)
  Net Switching Power  =  28.1290 uW   (24%)
                         ---------
Total Dynamic Power    = 119.0040 uW  (100%)

Cell Leakage Power     =   2.5153 uW

Information: report_power power group summary does not include estimated clock tree power. (PWR-789)

                 Internal         Switching           Leakage            Total
Power Group      Power            Power               Power              Power   (   %    )  Attrs
--------------------------------------------------------------------------------------------------
io_pad             0.0000            0.0000            0.0000            0.0000  (   0.00%)
memory             0.0000            0.0000            0.0000            0.0000  (   0.00%)
black_box          0.0000            0.0000            0.0000            0.0000  (   0.00%)
clock_network      0.0000            0.0000            0.0000            0.0000  (   0.00%)
register           0.0000            0.0000            0.0000            0.0000  (   0.00%)
sequential         0.0000            0.0000            0.0000            0.0000  (   0.00%)
combinational  9.0875e-02        2.8129e-02        2.5153e+03            0.1215  ( 100.00%)
--------------------------------------------------------------------------------------------------
Total          9.0875e-02 mW     2.8129e-02 mW     2.5153e+03 nW         0.1215 mW
1
