 
****************************************
Report : reference
Design : adder
Version: K-2015.06-SP5-1
Date   : Mon May 16 15:01:13 2016
****************************************

Attributes:
    b - black box (unknown)
   bo - allows boundary optimization
    d - dont_touch
   mo - map_only
    h - hierarchical
    n - noncombinational
    r - removable
    s - synthetic operator
    u - contains unmapped logic

Reference          Library       Unit Area   Count    Total Area   Attributes
-----------------------------------------------------------------------------
AN2D0              tcbn65gpluswc     2.160000      17    36.720001
OR2D0              tcbn65gpluswc     2.160000      16    34.560001
XOR2D0             tcbn65gpluswc     3.600000      19    68.399998
-----------------------------------------------------------------------------
Total 3 references                                    139.680001
1
