Loading db file '/cadtools/tsmc/digital/Front_End/timing_power_noise/NLDM/tcbn65gplus_121b/tcbn65gpluswc.db'
Information: Propagating switching activity (low effort zero delay simulation). (PWR-6)
Warning: There is no defined clock in the design. (PWR-80)
Warning: Design has unannotated primary inputs. (PWR-414)
 
****************************************
Report : power
        -analysis_effort low
Design : adder
Version: K-2015.06-SP5-1
Date   : Mon May 16 15:01:20 2016
****************************************


Library(s) Used:

    tcbn65gpluswc (File: /cadtools/tsmc/digital/Front_End/timing_power_noise/NLDM/tcbn65gplus_121b/tcbn65gpluswc.db)


Operating Conditions: WCCOM   Library: tcbn65gpluswc
Wire Load Model Mode: segmented

Design        Wire Load Model            Library
------------------------------------------------
adder                  ZeroWireload      tcbn65gpluswc


Global Operating Voltage = 0.9  
Power-specific unit information :
    Voltage Units = 1V
    Capacitance Units = 1.000000pf
    Time Units = 1ns
    Dynamic Power Units = 1mW    (derived from V,C,T units)
    Leakage Power Units = 1nW


  Cell Internal Power  =  17.8826 uW   (82%)
  Net Switching Power  =   3.8177 uW   (18%)
                         ---------
Total Dynamic Power    =  21.7003 uW  (100%)

Cell Leakage Power     = 937.8895 nW

Information: report_power power group summary does not include estimated clock tree power. (PWR-789)

                 Internal         Switching           Leakage            Total
Power Group      Power            Power               Power              Power   (   %    )  Attrs
--------------------------------------------------------------------------------------------------
io_pad             0.0000            0.0000            0.0000            0.0000  (   0.00%)
memory             0.0000            0.0000            0.0000            0.0000  (   0.00%)
black_box          0.0000            0.0000            0.0000            0.0000  (   0.00%)
clock_network      0.0000            0.0000            0.0000            0.0000  (   0.00%)
register           0.0000            0.0000            0.0000            0.0000  (   0.00%)
sequential         0.0000            0.0000            0.0000            0.0000  (   0.00%)
combinational  1.7883e-02        3.8177e-03          937.8895        2.2638e-02  ( 100.00%)
--------------------------------------------------------------------------------------------------
Total          1.7883e-02 mW     3.8177e-03 mW       937.8895 nW     2.2638e-02 mW
1
