 
****************************************
Report : reference
Design : adder
Version: K-2015.06-SP5-1
Date   : Mon May 16 15:01:07 2016
****************************************

Attributes:
    b - black box (unknown)
   bo - allows boundary optimization
    d - dont_touch
   mo - map_only
    h - hierarchical
    n - noncombinational
    r - removable
    s - synthetic operator
    u - contains unmapped logic

Reference          Library       Unit Area   Count    Total Area   Attributes
-----------------------------------------------------------------------------
AN2D0              tcbn65gpluswc     2.160000      15    32.400001
OR2D0              tcbn65gpluswc     2.160000      14    30.240001
XOR2D0             tcbn65gpluswc     3.600000      17    61.199998
-----------------------------------------------------------------------------
Total 3 references                                    123.840001
1
