 
****************************************
Report : reference
Design : adder
Version: K-2015.06-SP5-1
Date   : Mon May 16 15:00:41 2016
****************************************

Attributes:
    b - black box (unknown)
   bo - allows boundary optimization
    d - dont_touch
   mo - map_only
    h - hierarchical
    n - noncombinational
    r - removable
    s - synthetic operator
    u - contains unmapped logic

Reference          Library       Unit Area   Count    Total Area   Attributes
-----------------------------------------------------------------------------
AN2D0              tcbn65gpluswc     2.160000       7    15.120001
OR2D0              tcbn65gpluswc     2.160000       6    12.960001
XOR2D0             tcbn65gpluswc     3.600000       9    32.399999
-----------------------------------------------------------------------------
Total 3 references                                     60.480000
1
