 
****************************************
Report : area
Design : adder_P
Version: K-2015.06-SP5-1
Date   : Tue May 24 14:28:21 2016
****************************************

Library(s) Used:

    tcbn65gpluswc (File: /cadtools/tsmc/digital/Front_End/timing_power_noise/NLDM/tcbn65gplus_121b/tcbn65gpluswc.db)

Number of ports:                          156
Number of nets:                           265
Number of cells:                          128
Number of combinational cells:            124
Number of sequential cells:                 1
Number of macros/black boxes:               0
Number of buf/inv:                          0
Number of references:                       2

Combinational area:                375.839997
Buf/Inv area:                        0.000000
Noncombinational area:               0.000000
Macro/Black Box area:                0.000000
Net Interconnect area:      undefined  (Wire load has zero net area)

Total cell area:                   375.839997
Total area:                 undefined
1
