Information: Updating design information... (UID-85)
 
****************************************
Report : timing
        -path full
        -delay max
        -nets
        -max_paths 1
        -transition_time
Design : adder
Version: K-2015.06-SP5-1
Date   : Mon May 16 15:01:00 2016
****************************************

Operating Conditions: WCCOM   Library: tcbn65gpluswc
Wire Load Model Mode: segmented

  Startpoint: b[0] (input port)
  Endpoint: s[7] (output port)
  Path Group: (none)
  Path Type: max

  Des/Clust/Port     Wire Load Model       Library
  ------------------------------------------------
  adder              ZeroWireload          tcbn65gpluswc
  adder_DW01_add_0   ZeroWireload          tcbn65gpluswc

Attributes:
    d - dont_touch
    u - dont_use
   mo - map_only
   so - size_only
    i - ideal_net or ideal_network
  inf - infeasible path

  Point                        Fanout     Trans      Incr       Path      Attributes
  ------------------------------------------------------------------------------------------
  input external delay                               0.00       0.00 f
  b[0] (in)                                0.00      0.00       0.00 f
  b[0] (net)                     2                   0.00       0.00 f
  add_7/B[0] (adder_DW01_add_0)                      0.00       0.00 f
  add_7/B[0] (net)                                   0.00       0.00 f
  add_7/U39/Z (AN2D0)                      0.04      0.06       0.06 f
  add_7/n30 (net)                3                   0.00       0.06 f
  add_7/U35/Z (OR2D0)                      0.03      0.07       0.13 f
  add_7/n31 (net)                1                   0.00       0.13 f
  add_7/U34/Z (AN2D0)                      0.02      0.05       0.18 f
  add_7/n28 (net)                1                   0.00       0.18 f
  add_7/U32/Z (OR2D0)                      0.04      0.08       0.26 f
  add_7/n25 (net)                3                   0.00       0.26 f
  add_7/U30/Z (OR2D0)                      0.03      0.08       0.33 f
  add_7/n26 (net)                1                   0.00       0.33 f
  add_7/U29/Z (AN2D0)                      0.02      0.05       0.38 f
  add_7/n23 (net)                1                   0.00       0.38 f
  add_7/U27/Z (OR2D0)                      0.05      0.09       0.47 f
  add_7/n20 (net)                3                   0.00       0.47 f
  add_7/U24/Z (OR2D0)                      0.03      0.08       0.55 f
  add_7/n21 (net)                1                   0.00       0.55 f
  add_7/U23/Z (AN2D0)                      0.02      0.05       0.60 f
  add_7/n18 (net)                1                   0.00       0.60 f
  add_7/U21/Z (OR2D0)                      0.05      0.09       0.68 f
  add_7/n15 (net)                3                   0.00       0.68 f
  add_7/U18/Z (OR2D0)                      0.03      0.08       0.76 f
  add_7/n16 (net)                1                   0.00       0.76 f
  add_7/U17/Z (AN2D0)                      0.02      0.05       0.81 f
  add_7/n13 (net)                1                   0.00       0.81 f
  add_7/U15/Z (OR2D0)                      0.05      0.09       0.89 f
  add_7/n10 (net)                3                   0.00       0.89 f
  add_7/U12/Z (OR2D0)                      0.03      0.08       0.97 f
  add_7/n11 (net)                1                   0.00       0.97 f
  add_7/U11/Z (AN2D0)                      0.02      0.05       1.02 f
  add_7/n8 (net)                 1                   0.00       1.02 f
  add_7/U9/Z (OR2D0)                       0.05      0.09       1.11 f
  add_7/n5 (net)                 3                   0.00       1.11 f
  add_7/U5/Z (OR2D0)                       0.03      0.08       1.19 f
  add_7/n6 (net)                 1                   0.00       1.19 f
  add_7/U4/Z (AN2D0)                       0.02      0.05       1.24 f
  add_7/n3 (net)                 1                   0.00       1.24 f
  add_7/U2/Z (OR2D0)                       0.03      0.07       1.30 f
  add_7/n2 (net)                 1                   0.00       1.30 f
  add_7/U1/Z (XOR2D0)                      0.02      0.10       1.40 f
  add_7/SUM[7] (net)             1                   0.00       1.40 f
  add_7/SUM[7] (adder_DW01_add_0)                    0.00       1.40 f
  s[7] (net)                                         0.00       1.40 f
  s[7] (out)                               0.02      0.00       1.40 f
  data arrival time                                             1.40
  ------------------------------------------------------------------------------------------
  (Path is unconstrained)


1
