#! /usr/bin/vvp
:ivl_version "10.0 (stable)" "(v10_0)";
:ivl_delay_selection "TYPICAL";
:vpi_time_precision - 11;
:vpi_module "system";
:vpi_module "vhdl_sys";
:vpi_module "v2005_math";
:vpi_module "va_math";
S_0x1bcc150 .scope module, "cla_decomposed_tb" "cla_decomposed_tb" 2 3;
 .timescale -9 -11;
P_0x1b5b620 .param/l "NBIT" 0 2 5, +C4<00000000000000000000000000000100>;
P_0x1b5b660 .param/l "NNL" 0 2 6, +C4<00000000000000000000000000111000>;
v0x1bfe740_0 .var "a", 3 0;
v0x1bfe820_0 .var "b", 3 0;
v0x1bfe8e0_0 .var "c_in", 0 0;
v0x1bfe980_0 .net "c_out", 0 0, L_0x1c10a00;  1 drivers
v0x1bfea70_0 .net "s", 3 0, L_0x1c0b7d0;  1 drivers
S_0x1b521e0 .scope module, "DUT" "cla_decomposed" 2 15, 3 1 0, S_0x1bcc150;
 .timescale 0 0;
    .port_info 0 /INPUT 4 "a"
    .port_info 1 /INPUT 4 "b"
    .port_info 2 /INPUT 1 "c_in"
    .port_info 3 /OUTPUT 4 "s"
    .port_info 4 /OUTPUT 1 "c_out"
P_0x1b6f470 .param/l "NBIT" 0 3 3, +C4<00000000000000000000000000000100>;
P_0x1b6f4b0 .param/l "NNL" 0 3 4, +C4<00000000000000000000000000111000>;
v0x1bfe110_0 .net "a", 3 0, v0x1bfe740_0;  1 drivers
v0x1bfe240_0 .net "b", 3 0, v0x1bfe820_0;  1 drivers
v0x1bfe350_0 .net "c_in", 0 0, v0x1bfe8e0_0;  1 drivers
v0x1bfe440_0 .net "c_out", 0 0, L_0x1c10a00;  alias, 1 drivers
v0x1bfe4e0_0 .net "n", 55 0, L_0x1c08910;  1 drivers
v0x1bfe620_0 .net "s", 3 0, L_0x1c0b7d0;  alias, 1 drivers
S_0x1b52400 .scope module, "LIN" "linear_part" 3 22, 4 2 0, S_0x1b521e0;
 .timescale 0 0;
    .port_info 0 /INPUT 4 "a"
    .port_info 1 /INPUT 4 "b"
    .port_info 2 /INPUT 1 "c_in"
    .port_info 3 /INPUT 56 "n"
    .port_info 4 /OUTPUT 4 "s"
    .port_info 5 /OUTPUT 1 "c_out"
P_0x1b52dd0 .param/l "NBIT" 0 4 4, +C4<00000000000000000000000000000100>;
P_0x1b52e10 .param/l "NNL" 0 4 5, +C4<00000000000000000000000000111000>;
L_0x1c07700 .functor XOR 1, L_0x1c08980, L_0x1c07660, C4<0>, C4<0>;
L_0x1c09f20 .functor XOR 1, L_0x1c07700, v0x1bfe8e0_0, C4<0>, C4<0>;
L_0x1c0a0d0 .functor XOR 1, L_0x1c09f90, L_0x1c0a030, C4<0>, C4<0>;
L_0x1c0a450 .functor XOR 1, L_0x1c0a310, L_0x1c0a3b0, C4<0>, C4<0>;
L_0x1c0a510 .functor XOR 1, L_0x1c0a1e0, L_0x1c0a450, C4<0>, C4<0>;
L_0x1c0a620 .functor XOR 1, L_0x1c0a0d0, L_0x1c0a510, C4<0>, C4<0>;
L_0x1c0a8c0 .functor XOR 1, L_0x1c0a730, L_0x1c0a820, C4<0>, C4<0>;
L_0x1c0a280 .functor XOR 1, L_0x1c0a9d0, L_0x1c0aad0, C4<0>, C4<0>;
L_0x1c0ae30 .functor XOR 1, L_0x1c0a280, L_0x1c0ad20, C4<0>, C4<0>;
L_0x1c0afe0 .functor XOR 1, L_0x1c0ae30, L_0x1c0af40, C4<0>, C4<0>;
L_0x1c0adc0 .functor XOR 1, L_0x1c0afe0, L_0x1c0b0f0, C4<0>, C4<0>;
L_0x1c0b300 .functor XOR 1, L_0x1c0adc0, L_0x1c0b260, C4<0>, C4<0>;
L_0x1c0b5b0 .functor XOR 1, L_0x1c0b300, L_0x1c0b480, C4<0>, C4<0>;
L_0x1c0b6c0 .functor XOR 1, L_0x1c0a8c0, L_0x1c0b5b0, C4<0>, C4<0>;
L_0x1c0b410 .functor XOR 1, L_0x1c0b960, L_0x1c0baa0, C4<0>, C4<0>;
L_0x1c0bce0 .functor XOR 1, L_0x1c0bb90, L_0x1c0ba00, C4<0>, C4<0>;
L_0x1c0bc30 .functor XOR 1, L_0x1c0bce0, L_0x1c0be80, C4<0>, C4<0>;
L_0x1c0c220 .functor XOR 1, L_0x1c0bc30, L_0x1c0c180, C4<0>, C4<0>;
L_0x1c0bdf0 .functor XOR 1, L_0x1c0c220, L_0x1c0c3d0, C4<0>, C4<0>;
L_0x1c0c5e0 .functor XOR 1, L_0x1c0bdf0, L_0x1c0c540, C4<0>, C4<0>;
L_0x1c0c470 .functor XOR 1, L_0x1c0c5e0, L_0x1c0c330, C4<0>, C4<0>;
L_0x1c0c970 .functor XOR 1, L_0x1c0c470, L_0x1c0c8d0, C4<0>, C4<0>;
L_0x1c0c7a0 .functor XOR 1, L_0x1c0c970, L_0x1c0c6f0, C4<0>, C4<0>;
L_0x1c0cd20 .functor XOR 1, L_0x1c0c7a0, L_0x1c0cc80, C4<0>, C4<0>;
L_0x1c0cb20 .functor XOR 1, L_0x1c0cd20, L_0x1c0ca80, C4<0>, C4<0>;
L_0x1c0d0a0 .functor XOR 1, L_0x1c0cb20, L_0x1c0d000, C4<0>, C4<0>;
L_0x1c0ced0 .functor XOR 1, L_0x1c0d0a0, L_0x1c0ce30, C4<0>, C4<0>;
L_0x1c0d440 .functor XOR 1, L_0x1c0ced0, L_0x1c0d3a0, C4<0>, C4<0>;
L_0x1c0d250 .functor XOR 1, L_0x1c0d440, L_0x1c0d1b0, C4<0>, C4<0>;
L_0x1c0d760 .functor XOR 1, L_0x1c0b410, L_0x1c0d250, C4<0>, C4<0>;
L_0x1c0d5f0 .functor XOR 1, L_0x1c0d550, L_0x1c0d9c0, C4<0>, C4<0>;
L_0x1c0dc30 .functor XOR 1, L_0x1c0d5f0, L_0x1c0db90, C4<0>, C4<0>;
L_0x1c0b190 .functor XOR 1, L_0x1c0dc30, L_0x1c0d8c0, C4<0>, C4<0>;
L_0x1c0da60 .functor XOR 1, L_0x1c0b190, L_0x1c0c060, C4<0>, C4<0>;
L_0x1c0db20 .functor XOR 1, L_0x1c0da60, L_0x1c0dcf0, C4<0>, C4<0>;
L_0x1c0dd90 .functor XOR 1, L_0x1c0db20, L_0x1c0bf20, C4<0>, C4<0>;
L_0x1c0e2b0 .functor XOR 1, L_0x1c0dd90, L_0x1c0e210, C4<0>, C4<0>;
L_0x1c0e710 .functor XOR 1, L_0x1c0e2b0, L_0x1c0e3c0, C4<0>, C4<0>;
L_0x1c0e500 .functor XOR 1, L_0x1c0e710, L_0x1c0e460, C4<0>, C4<0>;
L_0x1c0ea80 .functor XOR 1, L_0x1c0e500, L_0x1c0e610, C4<0>, C4<0>;
L_0x1c0e870 .functor XOR 1, L_0x1c0ea80, L_0x1c0e7d0, C4<0>, C4<0>;
L_0x1c0ee10 .functor XOR 1, L_0x1c0e870, L_0x1c0e980, C4<0>, C4<0>;
L_0x1c0ebe0 .functor XOR 1, L_0x1c0ee10, L_0x1c0eb40, C4<0>, C4<0>;
L_0x1c0ed90 .functor XOR 1, L_0x1c0ebe0, L_0x1c0ecf0, C4<0>, C4<0>;
L_0x1c0ef70 .functor XOR 1, L_0x1c0ed90, L_0x1c0eed0, C4<0>, C4<0>;
L_0x1c0f120 .functor XOR 1, L_0x1c0ef70, L_0x1c0f080, C4<0>, C4<0>;
L_0x1c0f300 .functor XOR 1, L_0x1c0f120, L_0x1c0f260, C4<0>, C4<0>;
L_0x1c0f4b0 .functor XOR 1, L_0x1c0f300, L_0x1c0f410, C4<0>, C4<0>;
L_0x1c0f6b0 .functor XOR 1, L_0x1c0f4b0, L_0x1c0f610, C4<0>, C4<0>;
L_0x1c0f860 .functor XOR 1, L_0x1c0f6b0, L_0x1c0f7c0, C4<0>, C4<0>;
L_0x1c0fa30 .functor XOR 1, L_0x1c0f860, L_0x1c0f990, C4<0>, C4<0>;
L_0x1c0fbe0 .functor XOR 1, L_0x1c0fa30, L_0x1c0fb40, C4<0>, C4<0>;
L_0x1c0fdd0 .functor XOR 1, L_0x1c0fbe0, L_0x1c0fd30, C4<0>, C4<0>;
L_0x1c0ff80 .functor XOR 1, L_0x1c0fdd0, L_0x1c0fee0, C4<0>, C4<0>;
L_0x1c10190 .functor XOR 1, L_0x1c0ff80, L_0x1c100f0, C4<0>, C4<0>;
L_0x1c10340 .functor XOR 1, L_0x1c10190, L_0x1c102a0, C4<0>, C4<0>;
L_0x1c104f0 .functor XOR 1, L_0x1c10340, L_0x1c10450, C4<0>, C4<0>;
L_0x1c106a0 .functor XOR 1, L_0x1c104f0, L_0x1c10600, C4<0>, C4<0>;
L_0x1c10850 .functor XOR 1, L_0x1c106a0, L_0x1c107b0, C4<0>, C4<0>;
L_0x1c10a00 .functor XOR 1, L_0x1c10850, L_0x1c10960, C4<0>, C4<0>;
v0x1b5ad90_0 .net *"_s102", 0 0, L_0x1c0c8d0;  1 drivers
v0x1bec590_0 .net *"_s103", 0 0, L_0x1c0c970;  1 drivers
v0x1bec670_0 .net *"_s106", 0 0, L_0x1c0c6f0;  1 drivers
v0x1bec760_0 .net *"_s107", 0 0, L_0x1c0c7a0;  1 drivers
v0x1bec840_0 .net *"_s110", 0 0, L_0x1c0cc80;  1 drivers
v0x1bec970_0 .net *"_s111", 0 0, L_0x1c0cd20;  1 drivers
v0x1beca50_0 .net *"_s114", 0 0, L_0x1c0ca80;  1 drivers
v0x1becb30_0 .net *"_s115", 0 0, L_0x1c0cb20;  1 drivers
v0x1becc10_0 .net *"_s118", 0 0, L_0x1c0d000;  1 drivers
v0x1becd80_0 .net *"_s119", 0 0, L_0x1c0d0a0;  1 drivers
v0x1bece60_0 .net *"_s122", 0 0, L_0x1c0ce30;  1 drivers
v0x1becf40_0 .net *"_s123", 0 0, L_0x1c0ced0;  1 drivers
v0x1bed020_0 .net *"_s126", 0 0, L_0x1c0d3a0;  1 drivers
v0x1bed100_0 .net *"_s127", 0 0, L_0x1c0d440;  1 drivers
v0x1bed1e0_0 .net *"_s13", 0 0, L_0x1c09f90;  1 drivers
v0x1bed2c0_0 .net *"_s130", 0 0, L_0x1c0d1b0;  1 drivers
v0x1bed3a0_0 .net *"_s131", 0 0, L_0x1c0d250;  1 drivers
v0x1bed550_0 .net *"_s133", 0 0, L_0x1c0d760;  1 drivers
v0x1bed5f0_0 .net *"_s136", 0 0, L_0x1c0d550;  1 drivers
v0x1bed6d0_0 .net *"_s138", 0 0, L_0x1c0d9c0;  1 drivers
v0x1bed7b0_0 .net *"_s139", 0 0, L_0x1c0d5f0;  1 drivers
v0x1bed890_0 .net *"_s142", 0 0, L_0x1c0db90;  1 drivers
v0x1bed970_0 .net *"_s143", 0 0, L_0x1c0dc30;  1 drivers
v0x1beda50_0 .net *"_s146", 0 0, L_0x1c0d8c0;  1 drivers
v0x1bedb30_0 .net *"_s147", 0 0, L_0x1c0b190;  1 drivers
v0x1bedc10_0 .net *"_s15", 0 0, L_0x1c0a030;  1 drivers
v0x1bedcf0_0 .net *"_s150", 0 0, L_0x1c0c060;  1 drivers
v0x1beddd0_0 .net *"_s151", 0 0, L_0x1c0da60;  1 drivers
v0x1bedeb0_0 .net *"_s154", 0 0, L_0x1c0dcf0;  1 drivers
v0x1bedf90_0 .net *"_s155", 0 0, L_0x1c0db20;  1 drivers
v0x1bee070_0 .net *"_s158", 0 0, L_0x1c0bf20;  1 drivers
v0x1bee150_0 .net *"_s159", 0 0, L_0x1c0dd90;  1 drivers
v0x1bee230_0 .net *"_s16", 0 0, L_0x1c0a0d0;  1 drivers
v0x1bed480_0 .net *"_s162", 0 0, L_0x1c0e210;  1 drivers
v0x1bee500_0 .net *"_s163", 0 0, L_0x1c0e2b0;  1 drivers
v0x1bee5e0_0 .net *"_s166", 0 0, L_0x1c0e3c0;  1 drivers
v0x1bee6c0_0 .net *"_s167", 0 0, L_0x1c0e710;  1 drivers
v0x1bee7a0_0 .net *"_s170", 0 0, L_0x1c0e460;  1 drivers
v0x1bee880_0 .net *"_s171", 0 0, L_0x1c0e500;  1 drivers
v0x1bee960_0 .net *"_s174", 0 0, L_0x1c0e610;  1 drivers
v0x1beea40_0 .net *"_s175", 0 0, L_0x1c0ea80;  1 drivers
v0x1beeb20_0 .net *"_s178", 0 0, L_0x1c0e7d0;  1 drivers
v0x1beec00_0 .net *"_s179", 0 0, L_0x1c0e870;  1 drivers
v0x1beece0_0 .net *"_s182", 0 0, L_0x1c0e980;  1 drivers
v0x1beedc0_0 .net *"_s183", 0 0, L_0x1c0ee10;  1 drivers
v0x1beeea0_0 .net *"_s186", 0 0, L_0x1c0eb40;  1 drivers
v0x1beef80_0 .net *"_s187", 0 0, L_0x1c0ebe0;  1 drivers
v0x1bef060_0 .net *"_s19", 0 0, L_0x1c0a1e0;  1 drivers
v0x1bef140_0 .net *"_s190", 0 0, L_0x1c0ecf0;  1 drivers
v0x1bef220_0 .net *"_s191", 0 0, L_0x1c0ed90;  1 drivers
v0x1bef300_0 .net *"_s194", 0 0, L_0x1c0eed0;  1 drivers
v0x1bef3e0_0 .net *"_s195", 0 0, L_0x1c0ef70;  1 drivers
v0x1bef4c0_0 .net *"_s198", 0 0, L_0x1c0f080;  1 drivers
v0x1bef5a0_0 .net *"_s199", 0 0, L_0x1c0f120;  1 drivers
v0x1bef680_0 .net *"_s202", 0 0, L_0x1c0f260;  1 drivers
v0x1bef760_0 .net *"_s203", 0 0, L_0x1c0f300;  1 drivers
v0x1bef840_0 .net *"_s206", 0 0, L_0x1c0f410;  1 drivers
v0x1bef920_0 .net *"_s207", 0 0, L_0x1c0f4b0;  1 drivers
v0x1befa00_0 .net *"_s21", 0 0, L_0x1c0a310;  1 drivers
v0x1befae0_0 .net *"_s210", 0 0, L_0x1c0f610;  1 drivers
v0x1befbc0_0 .net *"_s211", 0 0, L_0x1c0f6b0;  1 drivers
v0x1befca0_0 .net *"_s214", 0 0, L_0x1c0f7c0;  1 drivers
v0x1befd80_0 .net *"_s215", 0 0, L_0x1c0f860;  1 drivers
v0x1befe60_0 .net *"_s218", 0 0, L_0x1c0f990;  1 drivers
v0x1beff40_0 .net *"_s219", 0 0, L_0x1c0fa30;  1 drivers
v0x1bee2d0_0 .net *"_s222", 0 0, L_0x1c0fb40;  1 drivers
v0x1bee3b0_0 .net *"_s223", 0 0, L_0x1c0fbe0;  1 drivers
v0x1bf03f0_0 .net *"_s226", 0 0, L_0x1c0fd30;  1 drivers
v0x1bf0490_0 .net *"_s227", 0 0, L_0x1c0fdd0;  1 drivers
v0x1bf0550_0 .net *"_s23", 0 0, L_0x1c0a3b0;  1 drivers
v0x1bf0630_0 .net *"_s230", 0 0, L_0x1c0fee0;  1 drivers
v0x1bf0710_0 .net *"_s231", 0 0, L_0x1c0ff80;  1 drivers
v0x1bf07f0_0 .net *"_s234", 0 0, L_0x1c100f0;  1 drivers
v0x1bf08d0_0 .net *"_s235", 0 0, L_0x1c10190;  1 drivers
v0x1bf09b0_0 .net *"_s238", 0 0, L_0x1c102a0;  1 drivers
v0x1bf0a90_0 .net *"_s239", 0 0, L_0x1c10340;  1 drivers
v0x1bf0b70_0 .net *"_s24", 0 0, L_0x1c0a450;  1 drivers
v0x1bf0c50_0 .net *"_s242", 0 0, L_0x1c10450;  1 drivers
v0x1bf0d30_0 .net *"_s243", 0 0, L_0x1c104f0;  1 drivers
v0x1bf0e10_0 .net *"_s246", 0 0, L_0x1c10600;  1 drivers
v0x1bf0ef0_0 .net *"_s247", 0 0, L_0x1c106a0;  1 drivers
v0x1bf0fd0_0 .net *"_s250", 0 0, L_0x1c107b0;  1 drivers
v0x1bf10b0_0 .net *"_s251", 0 0, L_0x1c10850;  1 drivers
v0x1bf1190_0 .net *"_s254", 0 0, L_0x1c10960;  1 drivers
v0x1bf1270_0 .net *"_s26", 0 0, L_0x1c0a510;  1 drivers
v0x1bf1350_0 .net *"_s28", 0 0, L_0x1c0a620;  1 drivers
v0x1bf1430_0 .net *"_s3", 0 0, L_0x1c08980;  1 drivers
v0x1bf1510_0 .net *"_s33", 0 0, L_0x1c0a730;  1 drivers
v0x1bf15f0_0 .net *"_s35", 0 0, L_0x1c0a820;  1 drivers
v0x1bf16d0_0 .net *"_s36", 0 0, L_0x1c0a8c0;  1 drivers
v0x1bf17b0_0 .net *"_s39", 0 0, L_0x1c0a9d0;  1 drivers
v0x1bf1890_0 .net *"_s41", 0 0, L_0x1c0aad0;  1 drivers
v0x1bf1970_0 .net *"_s42", 0 0, L_0x1c0a280;  1 drivers
v0x1bf1a50_0 .net *"_s45", 0 0, L_0x1c0ad20;  1 drivers
v0x1bf1b30_0 .net *"_s46", 0 0, L_0x1c0ae30;  1 drivers
v0x1bf1c10_0 .net *"_s49", 0 0, L_0x1c0af40;  1 drivers
v0x1bf1cf0_0 .net *"_s5", 0 0, L_0x1c07660;  1 drivers
v0x1bf1dd0_0 .net *"_s50", 0 0, L_0x1c0afe0;  1 drivers
v0x1bf1eb0_0 .net *"_s53", 0 0, L_0x1c0b0f0;  1 drivers
v0x1bf1f90_0 .net *"_s54", 0 0, L_0x1c0adc0;  1 drivers
v0x1bf2070_0 .net *"_s57", 0 0, L_0x1c0b260;  1 drivers
v0x1bf2150_0 .net *"_s58", 0 0, L_0x1c0b300;  1 drivers
v0x1bf2230_0 .net *"_s6", 0 0, L_0x1c07700;  1 drivers
v0x1bf2310_0 .net *"_s61", 0 0, L_0x1c0b480;  1 drivers
v0x1bf23f0_0 .net *"_s62", 0 0, L_0x1c0b5b0;  1 drivers
v0x1bf24d0_0 .net *"_s64", 0 0, L_0x1c0b6c0;  1 drivers
v0x1bf25b0_0 .net *"_s70", 0 0, L_0x1c0b960;  1 drivers
v0x1bf2690_0 .net *"_s72", 0 0, L_0x1c0baa0;  1 drivers
v0x1bf2770_0 .net *"_s73", 0 0, L_0x1c0b410;  1 drivers
v0x1bf2850_0 .net *"_s76", 0 0, L_0x1c0bb90;  1 drivers
v0x1bf2930_0 .net *"_s78", 0 0, L_0x1c0ba00;  1 drivers
v0x1bf2a10_0 .net *"_s79", 0 0, L_0x1c0bce0;  1 drivers
v0x1bf2af0_0 .net *"_s8", 0 0, L_0x1c09f20;  1 drivers
v0x1bf2bd0_0 .net *"_s82", 0 0, L_0x1c0be80;  1 drivers
v0x1bf2cb0_0 .net *"_s83", 0 0, L_0x1c0bc30;  1 drivers
v0x1bf2d90_0 .net *"_s86", 0 0, L_0x1c0c180;  1 drivers
v0x1bf2e70_0 .net *"_s87", 0 0, L_0x1c0c220;  1 drivers
v0x1bf2f50_0 .net *"_s90", 0 0, L_0x1c0c3d0;  1 drivers
v0x1bf3030_0 .net *"_s91", 0 0, L_0x1c0bdf0;  1 drivers
v0x1bf3110_0 .net *"_s94", 0 0, L_0x1c0c540;  1 drivers
v0x1bf31f0_0 .net *"_s95", 0 0, L_0x1c0c5e0;  1 drivers
v0x1bf32d0_0 .net *"_s98", 0 0, L_0x1c0c330;  1 drivers
v0x1bf33b0_0 .net *"_s99", 0 0, L_0x1c0c470;  1 drivers
v0x1bf3490_0 .net "a", 3 0, v0x1bfe740_0;  alias, 1 drivers
v0x1bf3570_0 .net "b", 3 0, v0x1bfe820_0;  alias, 1 drivers
v0x1bf3650_0 .net "c_in", 0 0, v0x1bfe8e0_0;  alias, 1 drivers
v0x1bf3730_0 .net "c_out", 0 0, L_0x1c10a00;  alias, 1 drivers
v0x1bf37f0_0 .net "n", 55 0, L_0x1c08910;  alias, 1 drivers
v0x1bf38d0_0 .net "s", 3 0, L_0x1c0b7d0;  alias, 1 drivers
L_0x1c08980 .part v0x1bfe740_0, 0, 1;
L_0x1c07660 .part v0x1bfe820_0, 0, 1;
L_0x1c09f90 .part v0x1bfe740_0, 1, 1;
L_0x1c0a030 .part v0x1bfe820_0, 1, 1;
L_0x1c0a1e0 .part L_0x1c08910, 0, 1;
L_0x1c0a310 .part L_0x1c08910, 1, 1;
L_0x1c0a3b0 .part L_0x1c08910, 2, 1;
L_0x1c0a730 .part v0x1bfe740_0, 2, 1;
L_0x1c0a820 .part v0x1bfe820_0, 2, 1;
L_0x1c0a9d0 .part L_0x1c08910, 3, 1;
L_0x1c0aad0 .part L_0x1c08910, 4, 1;
L_0x1c0ad20 .part L_0x1c08910, 5, 1;
L_0x1c0af40 .part L_0x1c08910, 6, 1;
L_0x1c0b0f0 .part L_0x1c08910, 7, 1;
L_0x1c0b260 .part L_0x1c08910, 8, 1;
L_0x1c0b480 .part L_0x1c08910, 9, 1;
L_0x1c0b7d0 .concat8 [ 1 1 1 1], L_0x1c09f20, L_0x1c0a620, L_0x1c0b6c0, L_0x1c0d760;
L_0x1c0b960 .part v0x1bfe740_0, 3, 1;
L_0x1c0baa0 .part v0x1bfe820_0, 3, 1;
L_0x1c0bb90 .part L_0x1c08910, 10, 1;
L_0x1c0ba00 .part L_0x1c08910, 11, 1;
L_0x1c0be80 .part L_0x1c08910, 12, 1;
L_0x1c0c180 .part L_0x1c08910, 13, 1;
L_0x1c0c3d0 .part L_0x1c08910, 14, 1;
L_0x1c0c540 .part L_0x1c08910, 15, 1;
L_0x1c0c330 .part L_0x1c08910, 16, 1;
L_0x1c0c8d0 .part L_0x1c08910, 17, 1;
L_0x1c0c6f0 .part L_0x1c08910, 18, 1;
L_0x1c0cc80 .part L_0x1c08910, 19, 1;
L_0x1c0ca80 .part L_0x1c08910, 20, 1;
L_0x1c0d000 .part L_0x1c08910, 21, 1;
L_0x1c0ce30 .part L_0x1c08910, 22, 1;
L_0x1c0d3a0 .part L_0x1c08910, 23, 1;
L_0x1c0d1b0 .part L_0x1c08910, 24, 1;
L_0x1c0d550 .part L_0x1c08910, 25, 1;
L_0x1c0d9c0 .part L_0x1c08910, 26, 1;
L_0x1c0db90 .part L_0x1c08910, 27, 1;
L_0x1c0d8c0 .part L_0x1c08910, 28, 1;
L_0x1c0c060 .part L_0x1c08910, 29, 1;
L_0x1c0dcf0 .part L_0x1c08910, 30, 1;
L_0x1c0bf20 .part L_0x1c08910, 31, 1;
L_0x1c0e210 .part L_0x1c08910, 32, 1;
L_0x1c0e3c0 .part L_0x1c08910, 33, 1;
L_0x1c0e460 .part L_0x1c08910, 34, 1;
L_0x1c0e610 .part L_0x1c08910, 35, 1;
L_0x1c0e7d0 .part L_0x1c08910, 36, 1;
L_0x1c0e980 .part L_0x1c08910, 37, 1;
L_0x1c0eb40 .part L_0x1c08910, 38, 1;
L_0x1c0ecf0 .part L_0x1c08910, 39, 1;
L_0x1c0eed0 .part L_0x1c08910, 40, 1;
L_0x1c0f080 .part L_0x1c08910, 41, 1;
L_0x1c0f260 .part L_0x1c08910, 42, 1;
L_0x1c0f410 .part L_0x1c08910, 43, 1;
L_0x1c0f610 .part L_0x1c08910, 44, 1;
L_0x1c0f7c0 .part L_0x1c08910, 45, 1;
L_0x1c0f990 .part L_0x1c08910, 46, 1;
L_0x1c0fb40 .part L_0x1c08910, 47, 1;
L_0x1c0fd30 .part L_0x1c08910, 48, 1;
L_0x1c0fee0 .part L_0x1c08910, 49, 1;
L_0x1c100f0 .part L_0x1c08910, 50, 1;
L_0x1c102a0 .part L_0x1c08910, 51, 1;
L_0x1c10450 .part L_0x1c08910, 52, 1;
L_0x1c10600 .part L_0x1c08910, 53, 1;
L_0x1c107b0 .part L_0x1c08910, 54, 1;
L_0x1c10960 .part L_0x1c08910, 55, 1;
S_0x1bf0120 .scope module, "NLIN" "nonlinear_part" 3 14, 5 1 0, S_0x1b521e0;
 .timescale 0 0;
    .port_info 0 /INPUT 4 "a"
    .port_info 1 /INPUT 4 "b"
    .port_info 2 /INPUT 1 "c"
    .port_info 3 /OUTPUT 56 "n"
P_0x1bf0310 .param/l "NBIT" 0 5 3, +C4<00000000000000000000000000000100>;
P_0x1bf0350 .param/l "NNL" 0 5 4, +C4<00000000000000000000000000111000>;
L_0x1bfee10 .functor AND 1, L_0x1bfebb0, L_0x1bfece0, C4<1>, C4<1>;
L_0x1bfef20 .functor AND 1, L_0x1bfee80, v0x1bfe8e0_0, C4<1>, C4<1>;
L_0x1bff140 .functor AND 1, L_0x1bff070, v0x1bfe8e0_0, C4<1>, C4<1>;
L_0x1bff350 .functor AND 1, L_0x1bff1e0, L_0x1bff280, C4<1>, C4<1>;
L_0x1bff650 .functor AND 1, L_0x1bff460, L_0x1bff500, C4<1>, C4<1>;
L_0x1bffa40 .functor AND 1, L_0x1bff790, L_0x1bff940, C4<1>, C4<1>;
L_0x1bffcb0 .functor AND 1, L_0x1bffb00, L_0x1bffba0, C4<1>, C4<1>;
L_0x1bffc40 .functor AND 1, L_0x1bffdc0, L_0x1bffe60, C4<1>, C4<1>;
L_0x1c00300 .functor AND 1, L_0x1c000b0, L_0x1c00260, C4<1>, C4<1>;
L_0x1bfed80 .functor AND 1, L_0x1c00410, L_0x1c004b0, C4<1>, C4<1>;
L_0x1c00550 .functor AND 1, L_0x1c006c0, L_0x1c00760, C4<1>, C4<1>;
L_0x1c00800 .functor AND 1, L_0x1c00900, L_0x1c009a0, C4<1>, C4<1>;
L_0x1bfff00 .functor AND 1, L_0x1c00c10, L_0x1c00cb0, C4<1>, C4<1>;
L_0x1c00e60 .functor AND 1, L_0x1c00f80, L_0x1c01020, C4<1>, C4<1>;
L_0x1c00ba0 .functor AND 1, L_0x1c01240, L_0x1c012e0, C4<1>, C4<1>;
L_0x1c01380 .functor AND 1, L_0x1c01470, L_0x1c01510, C4<1>, C4<1>;
L_0x1bff8d0 .functor AND 1, L_0x1c01790, L_0x1bff830, C4<1>, C4<1>;
L_0x1c01a40 .functor AND 1, L_0x1c01b50, L_0x1c01bf0, C4<1>, C4<1>;
L_0x1c01700 .functor AND 1, L_0x1c01e50, L_0x1c01ef0, C4<1>, C4<1>;
L_0x1c01d30 .functor AND 1, L_0x1c020c0, L_0x1c02160, C4<1>, C4<1>;
L_0x1c02030 .functor AND 1, L_0x1c01db0, L_0x1c023f0, C4<1>, C4<1>;
L_0x1c02800 .functor AND 1, L_0x1c02200, L_0x1c022a0, C4<1>, C4<1>;
L_0x1c026a0 .functor AND 1, L_0x1c02340, L_0x1c029d0, C4<1>, C4<1>;
L_0x1c001f0 .functor AND 1, L_0x1c02be0, L_0x1c00150, C4<1>, C4<1>;
L_0x1c02e90 .functor AND 1, L_0x1c02b40, L_0x1c02910, C4<1>, C4<1>;
L_0x1c030e0 .functor AND 1, L_0x1c03270, L_0x1c03310, C4<1>, C4<1>;
L_0x1c03070 .functor AND 1, L_0x1c02fd0, L_0x1c03630, C4<1>, C4<1>;
L_0x1c036d0 .functor AND 1, L_0x1c03450, L_0x1c03880, C4<1>, C4<1>;
L_0x1c03810 .functor AND 1, L_0x1c034f0, L_0x1c03590, C4<1>, C4<1>;
L_0x1c03bd0 .functor AND 1, L_0x1c039f0, L_0x1c03da0, C4<1>, C4<1>;
L_0x1c03e40 .functor AND 1, L_0x1c03cc0, L_0x1c03ae0, C4<1>, C4<1>;
L_0x1c04120 .functor AND 1, L_0x1c03f30, L_0x1c04310, C4<1>, C4<1>;
L_0x1c043b0 .functor AND 1, L_0x1c04210, L_0x1c04020, C4<1>, C4<1>;
L_0x1c046c0 .functor AND 1, L_0x1c044f0, L_0x1c048d0, C4<1>, C4<1>;
L_0x1c04630 .functor AND 1, L_0x1c04800, L_0x1c04590, C4<1>, C4<1>;
L_0x1c04ab0 .functor AND 1, L_0x1c04970, L_0x1c04a10, C4<1>, C4<1>;
L_0x1c04bf0 .functor AND 1, L_0x1bfff70, L_0x1c04b50, C4<1>, C4<1>;
L_0x1c04e70 .functor AND 1, L_0x1c04d30, L_0x1c04dd0, C4<1>, C4<1>;
L_0x1c02620 .functor AND 1, L_0x1c024e0, L_0x1c02580, C4<1>, C4<1>;
L_0x1c01830 .functor AND 1, L_0x1c05170, L_0x1c05210, C4<1>, C4<1>;
L_0x1c05910 .functor AND 1, L_0x1c01970, L_0x1c05870, C4<1>, C4<1>;
L_0x1c05da0 .functor AND 1, L_0x1c04fe0, L_0x1c06030, C4<1>, C4<1>;
L_0x1c06380 .functor AND 1, L_0x1c05720, L_0x1c057c0, C4<1>, C4<1>;
L_0x1c060d0 .functor AND 1, L_0x1c06490, L_0x1c06530, C4<1>, C4<1>;
L_0x1c068a0 .functor AND 1, L_0x1c06210, L_0x1c062b0, C4<1>, C4<1>;
L_0x1c065d0 .functor AND 1, L_0x1c069b0, L_0x1c06a50, C4<1>, C4<1>;
L_0x1c06de0 .functor AND 1, L_0x1c05e90, L_0x1c05f30, C4<1>, C4<1>;
L_0x1c06af0 .functor AND 1, L_0x1c06ef0, L_0x1c06f90, C4<1>, C4<1>;
L_0x1c06d70 .functor AND 1, L_0x1c06c30, L_0x1c06cd0, C4<1>, C4<1>;
L_0x1c07030 .functor AND 1, L_0x1c073e0, L_0x1c07480, C4<1>, C4<1>;
L_0x1c07850 .functor AND 1, L_0x1c066e0, L_0x1c06780, C4<1>, C4<1>;
L_0x1c07520 .functor AND 1, L_0x1c07910, L_0x1c079b0, C4<1>, C4<1>;
L_0x1c07da0 .functor AND 1, L_0x1c07170, L_0x1c07210, C4<1>, C4<1>;
L_0x1c07a50 .functor AND 1, L_0x1c07e60, L_0x1c07f00, C4<1>, C4<1>;
L_0x1c07cd0 .functor AND 1, L_0x1c07b90, L_0x1c07c30, C4<1>, C4<1>;
L_0x1c087b0 .functor AND 1, L_0x1c09930, L_0x1c08710, C4<1>, C4<1>;
L_0x1c08910 .functor BUFZ 56, L_0x1c02cd0, C4<00000000000000000000000000000000000000000000000000000000>, C4<00000000000000000000000000000000000000000000000000000000>, C4<00000000000000000000000000000000000000000000000000000000>;
v0x1bf42b0_0 .net *"_s103", 0 0, L_0x1c00f80;  1 drivers
v0x1bf4390_0 .net *"_s105", 0 0, L_0x1c01020;  1 drivers
v0x1bf4470_0 .net *"_s106", 0 0, L_0x1c00e60;  1 drivers
v0x1bf4560_0 .net *"_s11", 0 0, L_0x1bfee80;  1 drivers
v0x1bf4640_0 .net *"_s111", 0 0, L_0x1c01240;  1 drivers
v0x1bf4770_0 .net *"_s113", 0 0, L_0x1c012e0;  1 drivers
v0x1bf4850_0 .net *"_s114", 0 0, L_0x1c00ba0;  1 drivers
v0x1bf4930_0 .net *"_s119", 0 0, L_0x1c01470;  1 drivers
v0x1bf4a10_0 .net *"_s12", 0 0, L_0x1bfef20;  1 drivers
v0x1bf4b80_0 .net *"_s121", 0 0, L_0x1c01510;  1 drivers
v0x1bf4c60_0 .net *"_s122", 0 0, L_0x1c01380;  1 drivers
v0x1bf4d40_0 .net *"_s127", 0 0, L_0x1c01790;  1 drivers
v0x1bf4e20_0 .net *"_s129", 0 0, L_0x1bff830;  1 drivers
v0x1bf4f00_0 .net *"_s130", 0 0, L_0x1bff8d0;  1 drivers
v0x1bf4fe0_0 .net *"_s135", 0 0, L_0x1c01b50;  1 drivers
v0x1bf50c0_0 .net *"_s137", 0 0, L_0x1c01bf0;  1 drivers
v0x1bf51a0_0 .net *"_s138", 0 0, L_0x1c01a40;  1 drivers
v0x1bf5350_0 .net *"_s143", 0 0, L_0x1c01e50;  1 drivers
v0x1bf53f0_0 .net *"_s145", 0 0, L_0x1c01ef0;  1 drivers
v0x1bf54d0_0 .net *"_s146", 0 0, L_0x1c01700;  1 drivers
v0x1bf55b0_0 .net *"_s151", 0 0, L_0x1c020c0;  1 drivers
v0x1bf5690_0 .net *"_s153", 0 0, L_0x1c02160;  1 drivers
v0x1bf5770_0 .net *"_s154", 0 0, L_0x1c01d30;  1 drivers
v0x1bf5850_0 .net *"_s159", 0 0, L_0x1c01db0;  1 drivers
v0x1bf5930_0 .net *"_s161", 0 0, L_0x1c023f0;  1 drivers
v0x1bf5a10_0 .net *"_s162", 0 0, L_0x1c02030;  1 drivers
v0x1bf5af0_0 .net *"_s167", 0 0, L_0x1c02200;  1 drivers
v0x1bf5bd0_0 .net *"_s169", 0 0, L_0x1c022a0;  1 drivers
v0x1bf5cb0_0 .net *"_s17", 0 0, L_0x1bff070;  1 drivers
v0x1bf5d90_0 .net *"_s170", 0 0, L_0x1c02800;  1 drivers
v0x1bf5e70_0 .net *"_s175", 0 0, L_0x1c02340;  1 drivers
v0x1bf5f50_0 .net *"_s177", 0 0, L_0x1c029d0;  1 drivers
v0x1bf6030_0 .net *"_s178", 0 0, L_0x1c026a0;  1 drivers
v0x1bf5280_0 .net *"_s18", 0 0, L_0x1bff140;  1 drivers
v0x1bf6300_0 .net *"_s183", 0 0, L_0x1c02be0;  1 drivers
v0x1bf63e0_0 .net *"_s185", 0 0, L_0x1c00150;  1 drivers
v0x1bf64c0_0 .net *"_s186", 0 0, L_0x1c001f0;  1 drivers
v0x1bf65a0_0 .net *"_s191", 0 0, L_0x1c02b40;  1 drivers
v0x1bf6680_0 .net *"_s193", 0 0, L_0x1c02910;  1 drivers
v0x1bf6760_0 .net *"_s194", 0 0, L_0x1c02e90;  1 drivers
v0x1bf6840_0 .net *"_s199", 0 0, L_0x1c03270;  1 drivers
v0x1bf6920_0 .net *"_s201", 0 0, L_0x1c03310;  1 drivers
v0x1bf6a00_0 .net *"_s202", 0 0, L_0x1c030e0;  1 drivers
v0x1bf6ae0_0 .net *"_s207", 0 0, L_0x1c02fd0;  1 drivers
v0x1bf6bc0_0 .net *"_s209", 0 0, L_0x1c03630;  1 drivers
v0x1bf6ca0_0 .net *"_s210", 0 0, L_0x1c03070;  1 drivers
v0x1bf6d80_0 .net *"_s215", 0 0, L_0x1c03450;  1 drivers
v0x1bf6e60_0 .net *"_s217", 0 0, L_0x1c03880;  1 drivers
v0x1bf6f40_0 .net *"_s218", 0 0, L_0x1c036d0;  1 drivers
v0x1bf7020_0 .net *"_s223", 0 0, L_0x1c034f0;  1 drivers
v0x1bf7100_0 .net *"_s225", 0 0, L_0x1c03590;  1 drivers
v0x1bf71e0_0 .net *"_s226", 0 0, L_0x1c03810;  1 drivers
v0x1bf72c0_0 .net *"_s23", 0 0, L_0x1bff1e0;  1 drivers
v0x1bf73a0_0 .net *"_s231", 0 0, L_0x1c039f0;  1 drivers
v0x1bf7480_0 .net *"_s233", 0 0, L_0x1c03da0;  1 drivers
v0x1bf7560_0 .net *"_s234", 0 0, L_0x1c03bd0;  1 drivers
v0x1bf7640_0 .net *"_s239", 0 0, L_0x1c03cc0;  1 drivers
v0x1bf7720_0 .net *"_s241", 0 0, L_0x1c03ae0;  1 drivers
v0x1bf7800_0 .net *"_s242", 0 0, L_0x1c03e40;  1 drivers
v0x1bf78e0_0 .net *"_s247", 0 0, L_0x1c03f30;  1 drivers
v0x1bf79c0_0 .net *"_s249", 0 0, L_0x1c04310;  1 drivers
v0x1bf7aa0_0 .net *"_s25", 0 0, L_0x1bff280;  1 drivers
v0x1bf7b80_0 .net *"_s250", 0 0, L_0x1c04120;  1 drivers
v0x1bf7c60_0 .net *"_s255", 0 0, L_0x1c04210;  1 drivers
v0x1bf7d40_0 .net *"_s257", 0 0, L_0x1c04020;  1 drivers
v0x1bf60d0_0 .net *"_s258", 0 0, L_0x1c043b0;  1 drivers
v0x1bf61b0_0 .net *"_s26", 0 0, L_0x1bff350;  1 drivers
v0x1bf81f0_0 .net *"_s263", 0 0, L_0x1c044f0;  1 drivers
v0x1bf8290_0 .net *"_s265", 0 0, L_0x1c048d0;  1 drivers
v0x1bf8350_0 .net *"_s266", 0 0, L_0x1c046c0;  1 drivers
v0x1bf8430_0 .net *"_s271", 0 0, L_0x1c04800;  1 drivers
v0x1bf8510_0 .net *"_s273", 0 0, L_0x1c04590;  1 drivers
v0x1bf85f0_0 .net *"_s274", 0 0, L_0x1c04630;  1 drivers
v0x1bf86d0_0 .net *"_s279", 0 0, L_0x1c04970;  1 drivers
v0x1bf87b0_0 .net *"_s281", 0 0, L_0x1c04a10;  1 drivers
v0x1bf8890_0 .net *"_s282", 0 0, L_0x1c04ab0;  1 drivers
v0x1bf8970_0 .net *"_s287", 0 0, L_0x1bfff70;  1 drivers
v0x1bf8a50_0 .net *"_s289", 0 0, L_0x1c04b50;  1 drivers
v0x1bf8b30_0 .net *"_s290", 0 0, L_0x1c04bf0;  1 drivers
v0x1bf8c10_0 .net *"_s295", 0 0, L_0x1c04d30;  1 drivers
v0x1bf8cf0_0 .net *"_s297", 0 0, L_0x1c04dd0;  1 drivers
v0x1bf8dd0_0 .net *"_s298", 0 0, L_0x1c04e70;  1 drivers
v0x1bf8eb0_0 .net *"_s3", 0 0, L_0x1bfebb0;  1 drivers
v0x1bf8f90_0 .net *"_s303", 0 0, L_0x1c024e0;  1 drivers
v0x1bf9070_0 .net *"_s305", 0 0, L_0x1c02580;  1 drivers
v0x1bf9150_0 .net *"_s306", 0 0, L_0x1c02620;  1 drivers
v0x1bf9230_0 .net *"_s31", 0 0, L_0x1bff460;  1 drivers
v0x1bf9310_0 .net *"_s311", 0 0, L_0x1c05170;  1 drivers
v0x1bf93f0_0 .net *"_s313", 0 0, L_0x1c05210;  1 drivers
v0x1bf94d0_0 .net *"_s314", 0 0, L_0x1c01830;  1 drivers
v0x1bf95b0_0 .net *"_s319", 0 0, L_0x1c01970;  1 drivers
v0x1bf9690_0 .net *"_s321", 0 0, L_0x1c05870;  1 drivers
v0x1bf9770_0 .net *"_s322", 0 0, L_0x1c05910;  1 drivers
v0x1bf9850_0 .net *"_s327", 0 0, L_0x1c04fe0;  1 drivers
v0x1bf9930_0 .net *"_s329", 0 0, L_0x1c06030;  1 drivers
v0x1bf9a10_0 .net *"_s33", 0 0, L_0x1bff500;  1 drivers
v0x1bf9af0_0 .net *"_s330", 0 0, L_0x1c05da0;  1 drivers
v0x1bf9bd0_0 .net *"_s335", 0 0, L_0x1c05720;  1 drivers
v0x1bf9cb0_0 .net *"_s337", 0 0, L_0x1c057c0;  1 drivers
v0x1bf9d90_0 .net *"_s338", 0 0, L_0x1c06380;  1 drivers
v0x1bf9e70_0 .net *"_s34", 0 0, L_0x1bff650;  1 drivers
v0x1bf9f50_0 .net *"_s343", 0 0, L_0x1c06490;  1 drivers
v0x1bfa030_0 .net *"_s345", 0 0, L_0x1c06530;  1 drivers
v0x1bfa110_0 .net *"_s346", 0 0, L_0x1c060d0;  1 drivers
v0x1bfa1f0_0 .net *"_s351", 0 0, L_0x1c06210;  1 drivers
v0x1bfa2d0_0 .net *"_s353", 0 0, L_0x1c062b0;  1 drivers
v0x1bfa3b0_0 .net *"_s354", 0 0, L_0x1c068a0;  1 drivers
v0x1bfa490_0 .net *"_s359", 0 0, L_0x1c069b0;  1 drivers
v0x1bfa570_0 .net *"_s361", 0 0, L_0x1c06a50;  1 drivers
v0x1bfa650_0 .net *"_s362", 0 0, L_0x1c065d0;  1 drivers
v0x1bfa730_0 .net *"_s367", 0 0, L_0x1c05e90;  1 drivers
v0x1bfa810_0 .net *"_s369", 0 0, L_0x1c05f30;  1 drivers
v0x1bfa8f0_0 .net *"_s370", 0 0, L_0x1c06de0;  1 drivers
v0x1bfa9d0_0 .net *"_s375", 0 0, L_0x1c06ef0;  1 drivers
v0x1bfaab0_0 .net *"_s377", 0 0, L_0x1c06f90;  1 drivers
v0x1bfab90_0 .net *"_s378", 0 0, L_0x1c06af0;  1 drivers
v0x1bfac70_0 .net *"_s383", 0 0, L_0x1c06c30;  1 drivers
v0x1bfad50_0 .net *"_s385", 0 0, L_0x1c06cd0;  1 drivers
v0x1bfae30_0 .net *"_s386", 0 0, L_0x1c06d70;  1 drivers
v0x1bfaf10_0 .net *"_s39", 0 0, L_0x1bff790;  1 drivers
v0x1bfaff0_0 .net *"_s391", 0 0, L_0x1c073e0;  1 drivers
v0x1bfb0d0_0 .net *"_s393", 0 0, L_0x1c07480;  1 drivers
v0x1bfb1b0_0 .net *"_s394", 0 0, L_0x1c07030;  1 drivers
v0x1bfb290_0 .net *"_s399", 0 0, L_0x1c066e0;  1 drivers
v0x1bfb370_0 .net *"_s401", 0 0, L_0x1c06780;  1 drivers
v0x1bfb450_0 .net *"_s402", 0 0, L_0x1c07850;  1 drivers
v0x1bfb530_0 .net *"_s407", 0 0, L_0x1c07910;  1 drivers
v0x1bfb610_0 .net *"_s409", 0 0, L_0x1c079b0;  1 drivers
v0x1bfb6f0_0 .net *"_s41", 0 0, L_0x1bff940;  1 drivers
v0x1bf7e20_0 .net *"_s410", 0 0, L_0x1c07520;  1 drivers
v0x1bf7f00_0 .net *"_s415", 0 0, L_0x1c07170;  1 drivers
v0x1bf7fe0_0 .net *"_s417", 0 0, L_0x1c07210;  1 drivers
v0x1bf80c0_0 .net *"_s418", 0 0, L_0x1c07da0;  1 drivers
v0x1bfbfa0_0 .net *"_s42", 0 0, L_0x1bffa40;  1 drivers
v0x1bfc040_0 .net *"_s423", 0 0, L_0x1c07e60;  1 drivers
v0x1bfc120_0 .net *"_s425", 0 0, L_0x1c07f00;  1 drivers
v0x1bfc200_0 .net *"_s426", 0 0, L_0x1c07a50;  1 drivers
v0x1bfc2e0_0 .net *"_s431", 0 0, L_0x1c07b90;  1 drivers
v0x1bfc3c0_0 .net *"_s433", 0 0, L_0x1c07c30;  1 drivers
v0x1bfc4a0_0 .net *"_s434", 0 0, L_0x1c07cd0;  1 drivers
v0x1bfc580_0 .net *"_s440", 0 0, L_0x1c09930;  1 drivers
v0x1bfc660_0 .net *"_s442", 0 0, L_0x1c08710;  1 drivers
v0x1bfc740_0 .net *"_s443", 0 0, L_0x1c087b0;  1 drivers
v0x1bfc820_0 .net *"_s47", 0 0, L_0x1bffb00;  1 drivers
v0x1bfc900_0 .net *"_s49", 0 0, L_0x1bffba0;  1 drivers
v0x1bfc9e0_0 .net *"_s5", 0 0, L_0x1bfece0;  1 drivers
v0x1bfcac0_0 .net *"_s50", 0 0, L_0x1bffcb0;  1 drivers
v0x1bfcba0_0 .net *"_s55", 0 0, L_0x1bffdc0;  1 drivers
v0x1bfcc80_0 .net *"_s57", 0 0, L_0x1bffe60;  1 drivers
v0x1bfcd60_0 .net *"_s58", 0 0, L_0x1bffc40;  1 drivers
v0x1bfce40_0 .net *"_s6", 0 0, L_0x1bfee10;  1 drivers
v0x1bfcf20_0 .net *"_s63", 0 0, L_0x1c000b0;  1 drivers
v0x1bfd000_0 .net *"_s65", 0 0, L_0x1c00260;  1 drivers
v0x1bfd0e0_0 .net *"_s66", 0 0, L_0x1c00300;  1 drivers
v0x1bfd1c0_0 .net *"_s71", 0 0, L_0x1c00410;  1 drivers
v0x1bfd2a0_0 .net *"_s73", 0 0, L_0x1c004b0;  1 drivers
v0x1bfd380_0 .net *"_s74", 0 0, L_0x1bfed80;  1 drivers
v0x1bfd460_0 .net *"_s79", 0 0, L_0x1c006c0;  1 drivers
v0x1bfd540_0 .net *"_s81", 0 0, L_0x1c00760;  1 drivers
v0x1bfd620_0 .net *"_s82", 0 0, L_0x1c00550;  1 drivers
v0x1bfd700_0 .net *"_s87", 0 0, L_0x1c00900;  1 drivers
v0x1bfd7e0_0 .net *"_s89", 0 0, L_0x1c009a0;  1 drivers
v0x1bfd8c0_0 .net *"_s90", 0 0, L_0x1c00800;  1 drivers
v0x1bfd9a0_0 .net *"_s95", 0 0, L_0x1c00c10;  1 drivers
v0x1bfda80_0 .net *"_s97", 0 0, L_0x1c00cb0;  1 drivers
v0x1bfdb60_0 .net *"_s98", 0 0, L_0x1bfff00;  1 drivers
v0x1bfdc40_0 .net "a", 3 0, v0x1bfe740_0;  alias, 1 drivers
v0x1bfdd30_0 .net "b", 3 0, v0x1bfe820_0;  alias, 1 drivers
v0x1bfde00_0 .net "c", 0 0, v0x1bfe8e0_0;  alias, 1 drivers
v0x1bfded0_0 .net "g", 55 0, L_0x1c02cd0;  1 drivers
v0x1bfdf90_0 .net "n", 55 0, L_0x1c08910;  alias, 1 drivers
L_0x1bfebb0 .part v0x1bfe740_0, 0, 1;
L_0x1bfece0 .part v0x1bfe820_0, 0, 1;
L_0x1bfee80 .part v0x1bfe740_0, 0, 1;
L_0x1bff070 .part v0x1bfe820_0, 0, 1;
L_0x1bff1e0 .part v0x1bfe740_0, 1, 1;
L_0x1bff280 .part v0x1bfe820_0, 1, 1;
L_0x1bff460 .part v0x1bfe740_0, 1, 1;
L_0x1bff500 .part L_0x1c02cd0, 0, 1;
L_0x1bff790 .part v0x1bfe740_0, 1, 1;
L_0x1bff940 .part L_0x1c02cd0, 1, 1;
L_0x1bffb00 .part v0x1bfe740_0, 1, 1;
L_0x1bffba0 .part L_0x1c02cd0, 2, 1;
L_0x1bffdc0 .part v0x1bfe820_0, 1, 1;
L_0x1bffe60 .part L_0x1c02cd0, 0, 1;
L_0x1c000b0 .part v0x1bfe820_0, 1, 1;
L_0x1c00260 .part L_0x1c02cd0, 1, 1;
L_0x1c00410 .part v0x1bfe820_0, 1, 1;
L_0x1c004b0 .part L_0x1c02cd0, 2, 1;
L_0x1c006c0 .part v0x1bfe740_0, 2, 1;
L_0x1c00760 .part v0x1bfe820_0, 2, 1;
L_0x1c00900 .part v0x1bfe740_0, 2, 1;
L_0x1c009a0 .part L_0x1c02cd0, 3, 1;
L_0x1c00c10 .part v0x1bfe740_0, 2, 1;
L_0x1c00cb0 .part L_0x1c02cd0, 4, 1;
L_0x1c00f80 .part v0x1bfe740_0, 2, 1;
L_0x1c01020 .part L_0x1c02cd0, 5, 1;
L_0x1c01240 .part v0x1bfe740_0, 2, 1;
L_0x1c012e0 .part L_0x1c02cd0, 6, 1;
L_0x1c01470 .part v0x1bfe740_0, 2, 1;
L_0x1c01510 .part L_0x1c02cd0, 7, 1;
L_0x1c01790 .part v0x1bfe740_0, 2, 1;
L_0x1bff830 .part L_0x1c02cd0, 8, 1;
L_0x1c01b50 .part v0x1bfe740_0, 2, 1;
L_0x1c01bf0 .part L_0x1c02cd0, 9, 1;
L_0x1c01e50 .part v0x1bfe820_0, 2, 1;
L_0x1c01ef0 .part L_0x1c02cd0, 3, 1;
L_0x1c020c0 .part v0x1bfe820_0, 2, 1;
L_0x1c02160 .part L_0x1c02cd0, 4, 1;
L_0x1c01db0 .part v0x1bfe820_0, 2, 1;
L_0x1c023f0 .part L_0x1c02cd0, 5, 1;
L_0x1c02200 .part v0x1bfe820_0, 2, 1;
L_0x1c022a0 .part L_0x1c02cd0, 6, 1;
L_0x1c02340 .part v0x1bfe820_0, 2, 1;
L_0x1c029d0 .part L_0x1c02cd0, 7, 1;
L_0x1c02be0 .part v0x1bfe820_0, 2, 1;
L_0x1c00150 .part L_0x1c02cd0, 8, 1;
L_0x1c02b40 .part v0x1bfe820_0, 2, 1;
L_0x1c02910 .part L_0x1c02cd0, 9, 1;
L_0x1c03270 .part v0x1bfe740_0, 3, 1;
L_0x1c03310 .part v0x1bfe820_0, 3, 1;
L_0x1c02fd0 .part v0x1bfe740_0, 3, 1;
L_0x1c03630 .part L_0x1c02cd0, 10, 1;
L_0x1c03450 .part v0x1bfe740_0, 3, 1;
L_0x1c03880 .part L_0x1c02cd0, 11, 1;
L_0x1c034f0 .part v0x1bfe740_0, 3, 1;
L_0x1c03590 .part L_0x1c02cd0, 12, 1;
L_0x1c039f0 .part v0x1bfe740_0, 3, 1;
L_0x1c03da0 .part L_0x1c02cd0, 13, 1;
L_0x1c03cc0 .part v0x1bfe740_0, 3, 1;
L_0x1c03ae0 .part L_0x1c02cd0, 14, 1;
L_0x1c03f30 .part v0x1bfe740_0, 3, 1;
L_0x1c04310 .part L_0x1c02cd0, 15, 1;
L_0x1c04210 .part v0x1bfe740_0, 3, 1;
L_0x1c04020 .part L_0x1c02cd0, 16, 1;
L_0x1c044f0 .part v0x1bfe740_0, 3, 1;
L_0x1c048d0 .part L_0x1c02cd0, 17, 1;
L_0x1c04800 .part v0x1bfe740_0, 3, 1;
L_0x1c04590 .part L_0x1c02cd0, 18, 1;
L_0x1c04970 .part v0x1bfe740_0, 3, 1;
L_0x1c04a10 .part L_0x1c02cd0, 19, 1;
L_0x1bfff70 .part v0x1bfe740_0, 3, 1;
L_0x1c04b50 .part L_0x1c02cd0, 20, 1;
L_0x1c04d30 .part v0x1bfe740_0, 3, 1;
L_0x1c04dd0 .part L_0x1c02cd0, 21, 1;
L_0x1c024e0 .part v0x1bfe740_0, 3, 1;
L_0x1c02580 .part L_0x1c02cd0, 22, 1;
L_0x1c05170 .part v0x1bfe740_0, 3, 1;
L_0x1c05210 .part L_0x1c02cd0, 23, 1;
L_0x1c01970 .part v0x1bfe740_0, 3, 1;
L_0x1c05870 .part L_0x1c02cd0, 24, 1;
L_0x1c04fe0 .part v0x1bfe820_0, 3, 1;
L_0x1c06030 .part L_0x1c02cd0, 10, 1;
L_0x1c05720 .part v0x1bfe820_0, 3, 1;
L_0x1c057c0 .part L_0x1c02cd0, 11, 1;
L_0x1c06490 .part v0x1bfe820_0, 3, 1;
L_0x1c06530 .part L_0x1c02cd0, 12, 1;
L_0x1c06210 .part v0x1bfe820_0, 3, 1;
L_0x1c062b0 .part L_0x1c02cd0, 13, 1;
L_0x1c069b0 .part v0x1bfe820_0, 3, 1;
L_0x1c06a50 .part L_0x1c02cd0, 14, 1;
L_0x1c05e90 .part v0x1bfe820_0, 3, 1;
L_0x1c05f30 .part L_0x1c02cd0, 15, 1;
L_0x1c06ef0 .part v0x1bfe820_0, 3, 1;
L_0x1c06f90 .part L_0x1c02cd0, 16, 1;
L_0x1c06c30 .part v0x1bfe820_0, 3, 1;
L_0x1c06cd0 .part L_0x1c02cd0, 17, 1;
L_0x1c073e0 .part v0x1bfe820_0, 3, 1;
L_0x1c07480 .part L_0x1c02cd0, 18, 1;
L_0x1c066e0 .part v0x1bfe820_0, 3, 1;
L_0x1c06780 .part L_0x1c02cd0, 19, 1;
L_0x1c07910 .part v0x1bfe820_0, 3, 1;
L_0x1c079b0 .part L_0x1c02cd0, 20, 1;
L_0x1c07170 .part v0x1bfe820_0, 3, 1;
L_0x1c07210 .part L_0x1c02cd0, 21, 1;
L_0x1c07e60 .part v0x1bfe820_0, 3, 1;
L_0x1c07f00 .part L_0x1c02cd0, 22, 1;
L_0x1c07b90 .part v0x1bfe820_0, 3, 1;
L_0x1c07c30 .part L_0x1c02cd0, 23, 1;
LS_0x1c02cd0_0_0 .concat8 [ 1 1 1 1], L_0x1bfee10, L_0x1bfef20, L_0x1bff140, L_0x1bff350;
LS_0x1c02cd0_0_4 .concat8 [ 1 1 1 1], L_0x1bff650, L_0x1bffa40, L_0x1bffcb0, L_0x1bffc40;
LS_0x1c02cd0_0_8 .concat8 [ 1 1 1 1], L_0x1c00300, L_0x1bfed80, L_0x1c00550, L_0x1c00800;
LS_0x1c02cd0_0_12 .concat8 [ 1 1 1 1], L_0x1bfff00, L_0x1c00e60, L_0x1c00ba0, L_0x1c01380;
LS_0x1c02cd0_0_16 .concat8 [ 1 1 1 1], L_0x1bff8d0, L_0x1c01a40, L_0x1c01700, L_0x1c01d30;
LS_0x1c02cd0_0_20 .concat8 [ 1 1 1 1], L_0x1c02030, L_0x1c02800, L_0x1c026a0, L_0x1c001f0;
LS_0x1c02cd0_0_24 .concat8 [ 1 1 1 1], L_0x1c02e90, L_0x1c030e0, L_0x1c03070, L_0x1c036d0;
LS_0x1c02cd0_0_28 .concat8 [ 1 1 1 1], L_0x1c03810, L_0x1c03bd0, L_0x1c03e40, L_0x1c04120;
LS_0x1c02cd0_0_32 .concat8 [ 1 1 1 1], L_0x1c043b0, L_0x1c046c0, L_0x1c04630, L_0x1c04ab0;
LS_0x1c02cd0_0_36 .concat8 [ 1 1 1 1], L_0x1c04bf0, L_0x1c04e70, L_0x1c02620, L_0x1c01830;
LS_0x1c02cd0_0_40 .concat8 [ 1 1 1 1], L_0x1c05910, L_0x1c05da0, L_0x1c06380, L_0x1c060d0;
LS_0x1c02cd0_0_44 .concat8 [ 1 1 1 1], L_0x1c068a0, L_0x1c065d0, L_0x1c06de0, L_0x1c06af0;
LS_0x1c02cd0_0_48 .concat8 [ 1 1 1 1], L_0x1c06d70, L_0x1c07030, L_0x1c07850, L_0x1c07520;
LS_0x1c02cd0_0_52 .concat8 [ 1 1 1 1], L_0x1c07da0, L_0x1c07a50, L_0x1c07cd0, L_0x1c087b0;
LS_0x1c02cd0_1_0 .concat8 [ 4 4 4 4], LS_0x1c02cd0_0_0, LS_0x1c02cd0_0_4, LS_0x1c02cd0_0_8, LS_0x1c02cd0_0_12;
LS_0x1c02cd0_1_4 .concat8 [ 4 4 4 4], LS_0x1c02cd0_0_16, LS_0x1c02cd0_0_20, LS_0x1c02cd0_0_24, LS_0x1c02cd0_0_28;
LS_0x1c02cd0_1_8 .concat8 [ 4 4 4 4], LS_0x1c02cd0_0_32, LS_0x1c02cd0_0_36, LS_0x1c02cd0_0_40, LS_0x1c02cd0_0_44;
LS_0x1c02cd0_1_12 .concat8 [ 4 4 0 0], LS_0x1c02cd0_0_48, LS_0x1c02cd0_0_52;
L_0x1c02cd0 .concat8 [ 16 16 16 8], LS_0x1c02cd0_1_0, LS_0x1c02cd0_1_4, LS_0x1c02cd0_1_8, LS_0x1c02cd0_1_12;
L_0x1c09930 .part v0x1bfe820_0, 3, 1;
L_0x1c08710 .part L_0x1c02cd0, 24, 1;
    .scope S_0x1bcc150;
T_0 ;
    %vpi_call 2 25 "$monitor", "A:%d\011B:%d\011S:%d\011Cout:%d", v0x1bfe740_0, v0x1bfe820_0, v0x1bfea70_0, v0x1bfe980_0 {0 0 0};
    %pushi/vec4 0, 0, 4;
    %assign/vec4 v0x1bfe740_0, 0;
    %pushi/vec4 0, 0, 1;
    %assign/vec4 v0x1bfe8e0_0, 0;
    %pushi/vec4 0, 0, 4;
    %assign/vec4 v0x1bfe820_0, 0;
    %delay 300, 0;
    %pushi/vec4 2, 0, 4;
    %assign/vec4 v0x1bfe740_0, 0;
    %delay 300, 0;
    %pushi/vec4 3, 0, 4;
    %assign/vec4 v0x1bfe820_0, 0;
    %delay 300, 0;
    %pushi/vec4 5, 0, 4;
    %assign/vec4 v0x1bfe740_0, 0;
    %delay 300, 0;
    %pushi/vec4 10, 0, 4;
    %assign/vec4 v0x1bfe820_0, 0;
    %delay 300, 0;
    %pushi/vec4 6, 0, 4;
    %assign/vec4 v0x1bfe740_0, 0;
    %delay 300, 0;
    %pushi/vec4 1, 0, 4;
    %assign/vec4 v0x1bfe820_0, 0;
    %end;
    .thread T_0;
# The file index is used to find the file name in the following table.
:file_names 6;
    "N/A";
    "<interactive>";
    "cla_decomposed_tb.v";
    "cla_decomposed.v";
    "linear_part.v";
    "nonlinear_part.v";
