 
****************************************
Report : area
Design : decomposed_rca
Version: K-2015.06-SP5-1
Date   : Fri Apr 22 15:56:57 2016
****************************************

Library(s) Used:

    tcbn65gpluswc (File: /cadtools/tsmc/digital/Front_End/timing_power_noise/NLDM/tcbn65gplus_121b/tcbn65gpluswc.db)

Number of ports:                           78
Number of nets:                            95
Number of cells:                           25
Number of combinational cells:             23
Number of sequential cells:                 0
Number of macros/black boxes:               0
Number of buf/inv:                          0
Number of references:                       2

Combinational area:                 86.760000
Buf/Inv area:                        0.000000
Noncombinational area:               0.000000
Macro/Black Box area:                0.000000
Net Interconnect area:      undefined  (Wire load has zero net area)

Total cell area:                    86.760000
Total area:                 undefined
1
