Information: Updating design information... (UID-85)
 
****************************************
Report : timing
        -path full
        -delay max
        -nets
        -max_paths 1
        -transition_time
Design : decomposed_rca
Version: K-2015.06-SP5-1
Date   : Fri Apr 29 13:23:03 2016
****************************************

Operating Conditions: WCCOM   Library: tcbn65gpluswc
Wire Load Model Mode: segmented

  Startpoint: A[0] (input port)
  Endpoint: S[14] (output port)
  Path Group: (none)
  Path Type: max

  Des/Clust/Port     Wire Load Model       Library
  ------------------------------------------------
  lin_part           ZeroWireload          tcbn65gpluswc
  decomposed_rca     ZeroWireload          tcbn65gpluswc
  nonlin_part        ZeroWireload          tcbn65gpluswc

Attributes:
    d - dont_touch
    u - dont_use
   mo - map_only
   so - size_only
    i - ideal_net or ideal_network
  inf - infeasible path

  Point                        Fanout     Trans      Incr       Path      Attributes
  ------------------------------------------------------------------------------------------
  input external delay                               0.00       0.00 r
  A[0] (in)                                0.00      0.00       0.00 r
  A[0] (net)                     2                   0.00       0.00 r
  NL_PART/a[0] (nonlin_part)                         0.00       0.00 r
  NL_PART/a[0] (net)                                 0.00       0.00 r
  NL_PART/U40/Z (AN2D0)                    0.06      0.07       0.07 r
  NL_PART/nl[0] (net)            3                   0.00       0.07 r
  NL_PART/U7/Z (AN2D0)                     0.03      0.07       0.14 r
  NL_PART/nl[3] (net)            1                   0.00       0.14 r
  NL_PART/nl[3] (nonlin_part)                        0.00       0.14 r
  nl[3] (net)                                        0.00       0.14 r
  L_PART/nl[3] (lin_part)                            0.00       0.14 r
  L_PART/nl[3] (net)                                 0.00       0.14 r
  L_PART/U28/Z (XOR3D0)                    0.06      0.20       0.34 r
  L_PART/r[0] (net)              3                   0.00       0.34 r
  L_PART/r[0] (lin_part)                             0.00       0.34 r
  r[0] (net)                                         0.00       0.34 r
  NL_PART/r[0] (nonlin_part)                         0.00       0.34 r
  NL_PART/r[0] (net)                                 0.00       0.34 r
  NL_PART/U4/Z (AN2D0)                     0.03      0.07       0.40 r
  NL_PART/nl[6] (net)            1                   0.00       0.40 r
  NL_PART/nl[6] (nonlin_part)                        0.00       0.40 r
  nl[6] (net)                                        0.00       0.40 r
  L_PART/nl[6] (lin_part)                            0.00       0.40 r
  L_PART/nl[6] (net)                                 0.00       0.40 r
  L_PART/U25/Z (XOR3D0)                    0.06      0.20       0.60 r
  L_PART/r[1] (net)              3                   0.00       0.60 r
  L_PART/r[1] (lin_part)                             0.00       0.60 r
  r[1] (net)                                         0.00       0.60 r
  NL_PART/r[1] (nonlin_part)                         0.00       0.60 r
  NL_PART/r[1] (net)                                 0.00       0.60 r
  NL_PART/U1/Z (AN2D0)                     0.03      0.07       0.67 r
  NL_PART/nl[9] (net)            1                   0.00       0.67 r
  NL_PART/nl[9] (nonlin_part)                        0.00       0.67 r
  nl[9] (net)                                        0.00       0.67 r
  L_PART/nl[9] (lin_part)                            0.00       0.67 r
  L_PART/nl[9] (net)                                 0.00       0.67 r
  L_PART/U24/Z (XOR3D0)                    0.06      0.20       0.87 r
  L_PART/r[2] (net)              3                   0.00       0.87 r
  L_PART/r[2] (lin_part)                             0.00       0.87 r
  r[2] (net)                                         0.00       0.87 r
  NL_PART/r[2] (nonlin_part)                         0.00       0.87 r
  NL_PART/r[2] (net)                                 0.00       0.87 r
  NL_PART/U37/Z (AN2D0)                    0.03      0.07       0.94 r
  NL_PART/nl[12] (net)           1                   0.00       0.94 r
  NL_PART/nl[12] (nonlin_part)                       0.00       0.94 r
  nl[12] (net)                                       0.00       0.94 r
  L_PART/nl[12] (lin_part)                           0.00       0.94 r
  L_PART/nl[12] (net)                                0.00       0.94 r
  L_PART/U23/Z (XOR3D0)                    0.06      0.20       1.14 r
  L_PART/r[3] (net)              3                   0.00       1.14 r
  L_PART/r[3] (lin_part)                             0.00       1.14 r
  r[3] (net)                                         0.00       1.14 r
  NL_PART/r[3] (nonlin_part)                         0.00       1.14 r
  NL_PART/r[3] (net)                                 0.00       1.14 r
  NL_PART/U34/Z (AN2D0)                    0.03      0.07       1.20 r
  NL_PART/nl[15] (net)           1                   0.00       1.20 r
  NL_PART/nl[15] (nonlin_part)                       0.00       1.20 r
  nl[15] (net)                                       0.00       1.20 r
  L_PART/nl[15] (lin_part)                           0.00       1.20 r
  L_PART/nl[15] (net)                                0.00       1.20 r
  L_PART/U22/Z (XOR3D0)                    0.06      0.20       1.40 r
  L_PART/r[4] (net)              3                   0.00       1.40 r
  L_PART/r[4] (lin_part)                             0.00       1.40 r
  r[4] (net)                                         0.00       1.40 r
  NL_PART/r[4] (nonlin_part)                         0.00       1.40 r
  NL_PART/r[4] (net)                                 0.00       1.40 r
  NL_PART/U31/Z (AN2D0)                    0.03      0.07       1.47 r
  NL_PART/nl[18] (net)           1                   0.00       1.47 r
  NL_PART/nl[18] (nonlin_part)                       0.00       1.47 r
  nl[18] (net)                                       0.00       1.47 r
  L_PART/nl[18] (lin_part)                           0.00       1.47 r
  L_PART/nl[18] (net)                                0.00       1.47 r
  L_PART/U21/Z (XOR3D0)                    0.06      0.20       1.67 r
  L_PART/r[5] (net)              3                   0.00       1.67 r
  L_PART/r[5] (lin_part)                             0.00       1.67 r
  r[5] (net)                                         0.00       1.67 r
  NL_PART/r[5] (nonlin_part)                         0.00       1.67 r
  NL_PART/r[5] (net)                                 0.00       1.67 r
  NL_PART/U27/Z (AN2D0)                    0.03      0.07       1.73 r
  NL_PART/nl[21] (net)           1                   0.00       1.73 r
  NL_PART/nl[21] (nonlin_part)                       0.00       1.73 r
  nl[21] (net)                                       0.00       1.73 r
  L_PART/nl[21] (lin_part)                           0.00       1.73 r
  L_PART/nl[21] (net)                                0.00       1.73 r
  L_PART/U20/Z (XOR3D0)                    0.06      0.20       1.93 r
  L_PART/r[6] (net)              3                   0.00       1.93 r
  L_PART/r[6] (lin_part)                             0.00       1.93 r
  r[6] (net)                                         0.00       1.93 r
  NL_PART/r[6] (nonlin_part)                         0.00       1.93 r
  NL_PART/r[6] (net)                                 0.00       1.93 r
  NL_PART/U24/Z (AN2D0)                    0.03      0.07       2.00 r
  NL_PART/nl[24] (net)           1                   0.00       2.00 r
  NL_PART/nl[24] (nonlin_part)                       0.00       2.00 r
  nl[24] (net)                                       0.00       2.00 r
  L_PART/nl[24] (lin_part)                           0.00       2.00 r
  L_PART/nl[24] (net)                                0.00       2.00 r
  L_PART/U19/Z (XOR3D0)                    0.06      0.20       2.20 r
  L_PART/r[7] (net)              3                   0.00       2.20 r
  L_PART/r[7] (lin_part)                             0.00       2.20 r
  r[7] (net)                                         0.00       2.20 r
  NL_PART/r[7] (nonlin_part)                         0.00       2.20 r
  NL_PART/r[7] (net)                                 0.00       2.20 r
  NL_PART/U21/Z (AN2D0)                    0.03      0.07       2.27 r
  NL_PART/nl[27] (net)           1                   0.00       2.27 r
  NL_PART/nl[27] (nonlin_part)                       0.00       2.27 r
  nl[27] (net)                                       0.00       2.27 r
  L_PART/nl[27] (lin_part)                           0.00       2.27 r
  L_PART/nl[27] (net)                                0.00       2.27 r
  L_PART/U18/Z (XOR3D0)                    0.06      0.20       2.46 r
  L_PART/r[8] (net)              3                   0.00       2.46 r
  L_PART/r[8] (lin_part)                             0.00       2.46 r
  r[8] (net)                                         0.00       2.46 r
  NL_PART/r[8] (nonlin_part)                         0.00       2.46 r
  NL_PART/r[8] (net)                                 0.00       2.46 r
  NL_PART/U17/Z (AN2D0)                    0.03      0.07       2.53 r
  NL_PART/nl[30] (net)           1                   0.00       2.53 r
  NL_PART/nl[30] (nonlin_part)                       0.00       2.53 r
  nl[30] (net)                                       0.00       2.53 r
  L_PART/nl[30] (lin_part)                           0.00       2.53 r
  L_PART/nl[30] (net)                                0.00       2.53 r
  L_PART/U17/Z (XOR3D0)                    0.06      0.20       2.73 r
  L_PART/r[9] (net)              3                   0.00       2.73 r
  L_PART/r[9] (lin_part)                             0.00       2.73 r
  r[9] (net)                                         0.00       2.73 r
  NL_PART/r[9] (nonlin_part)                         0.00       2.73 r
  NL_PART/r[9] (net)                                 0.00       2.73 r
  NL_PART/U14/Z (AN2D0)                    0.03      0.07       2.80 r
  NL_PART/nl[33] (net)           1                   0.00       2.80 r
  NL_PART/nl[33] (nonlin_part)                       0.00       2.80 r
  nl[33] (net)                                       0.00       2.80 r
  L_PART/nl[33] (lin_part)                           0.00       2.80 r
  L_PART/nl[33] (net)                                0.00       2.80 r
  L_PART/U27/Z (XOR3D0)                    0.06      0.20       3.00 r
  L_PART/r[10] (net)             3                   0.00       3.00 r
  L_PART/r[10] (lin_part)                            0.00       3.00 r
  r[10] (net)                                        0.00       3.00 r
  NL_PART/r[10] (nonlin_part)                        0.00       3.00 r
  NL_PART/r[10] (net)                                0.00       3.00 r
  NL_PART/U11/Z (AN2D0)                    0.03      0.07       3.06 r
  NL_PART/nl[36] (net)           1                   0.00       3.06 r
  NL_PART/nl[36] (nonlin_part)                       0.00       3.06 r
  nl[36] (net)                                       0.00       3.06 r
  L_PART/nl[36] (lin_part)                           0.00       3.06 r
  L_PART/nl[36] (net)                                0.00       3.06 r
  L_PART/U26/Z (XOR3D0)                    0.06      0.20       3.26 r
  L_PART/r[11] (net)             3                   0.00       3.26 r
  L_PART/r[11] (lin_part)                            0.00       3.26 r
  r[11] (net)                                        0.00       3.26 r
  NL_PART/r[11] (nonlin_part)                        0.00       3.26 r
  NL_PART/r[11] (net)                                0.00       3.26 r
  NL_PART/U9/Z (AN2D0)                     0.05      0.08       3.34 r
  NL_PART/nl[38] (net)           1                   0.00       3.34 r
  NL_PART/nl[38] (nonlin_part)                       0.00       3.34 r
  nl[38] (net)                                       0.00       3.34 r
  L_PART/nl[38] (lin_part)                           0.00       3.34 r
  L_PART/nl[38] (net)                                0.00       3.34 r
  L_PART/U11/Z (XOR3D0)                    0.03      0.18       3.52 f
  L_PART/n1 (net)                1                   0.00       3.52 f
  L_PART/U10/Z (XOR3D0)                    0.02      0.10       3.63 f
  L_PART/s[14] (net)             1                   0.00       3.63 f
  L_PART/s[14] (lin_part)                            0.00       3.63 f
  S[14] (net)                                        0.00       3.63 f
  S[14] (out)                              0.02      0.00       3.63 f
  data arrival time                                             3.63
  ------------------------------------------------------------------------------------------
  (Path is unconstrained)


1
