Information: Updating design information... (UID-85)
 
****************************************
Report : timing
        -path full
        -delay max
        -nets
        -max_paths 1
        -transition_time
Design : decomposed_rca
Version: K-2015.06-SP5-1
Date   : Fri Apr 29 13:22:23 2016
****************************************

Operating Conditions: WCCOM   Library: tcbn65gpluswc
Wire Load Model Mode: segmented

  Startpoint: A[0] (input port)
  Endpoint: S[8] (output port)
  Path Group: (none)
  Path Type: max

  Des/Clust/Port     Wire Load Model       Library
  ------------------------------------------------
  lin_part           ZeroWireload          tcbn65gpluswc
  decomposed_rca     ZeroWireload          tcbn65gpluswc
  nonlin_part        ZeroWireload          tcbn65gpluswc

Attributes:
    d - dont_touch
    u - dont_use
   mo - map_only
   so - size_only
    i - ideal_net or ideal_network
  inf - infeasible path

  Point                        Fanout     Trans      Incr       Path      Attributes
  ------------------------------------------------------------------------------------------
  input external delay                               0.00       0.00 r
  A[0] (in)                                0.00      0.00       0.00 r
  A[0] (net)                     2                   0.00       0.00 r
  NL_PART/a[0] (nonlin_part)                         0.00       0.00 r
  NL_PART/a[0] (net)                                 0.00       0.00 r
  NL_PART/U22/Z (AN2D0)                    0.06      0.07       0.07 r
  NL_PART/nl[0] (net)            3                   0.00       0.07 r
  NL_PART/U7/Z (AN2D0)                     0.03      0.07       0.14 r
  NL_PART/nl[3] (net)            1                   0.00       0.14 r
  NL_PART/nl[3] (nonlin_part)                        0.00       0.14 r
  nl[3] (net)                                        0.00       0.14 r
  L_PART/nl[3] (lin_part)                            0.00       0.14 r
  L_PART/nl[3] (net)                                 0.00       0.14 r
  L_PART/U16/Z (XOR3D0)                    0.06      0.20       0.34 r
  L_PART/r[0] (net)              3                   0.00       0.34 r
  L_PART/r[0] (lin_part)                             0.00       0.34 r
  r[0] (net)                                         0.00       0.34 r
  NL_PART/r[0] (nonlin_part)                         0.00       0.34 r
  NL_PART/r[0] (net)                                 0.00       0.34 r
  NL_PART/U4/Z (AN2D0)                     0.03      0.07       0.40 r
  NL_PART/nl[6] (net)            1                   0.00       0.40 r
  NL_PART/nl[6] (nonlin_part)                        0.00       0.40 r
  nl[6] (net)                                        0.00       0.40 r
  L_PART/nl[6] (lin_part)                            0.00       0.40 r
  L_PART/nl[6] (net)                                 0.00       0.40 r
  L_PART/U15/Z (XOR3D0)                    0.06      0.20       0.60 r
  L_PART/r[1] (net)              3                   0.00       0.60 r
  L_PART/r[1] (lin_part)                             0.00       0.60 r
  r[1] (net)                                         0.00       0.60 r
  NL_PART/r[1] (nonlin_part)                         0.00       0.60 r
  NL_PART/r[1] (net)                                 0.00       0.60 r
  NL_PART/U1/Z (AN2D0)                     0.03      0.07       0.67 r
  NL_PART/nl[9] (net)            1                   0.00       0.67 r
  NL_PART/nl[9] (nonlin_part)                        0.00       0.67 r
  nl[9] (net)                                        0.00       0.67 r
  L_PART/nl[9] (lin_part)                            0.00       0.67 r
  L_PART/nl[9] (net)                                 0.00       0.67 r
  L_PART/U14/Z (XOR3D0)                    0.06      0.20       0.87 r
  L_PART/r[2] (net)              3                   0.00       0.87 r
  L_PART/r[2] (lin_part)                             0.00       0.87 r
  r[2] (net)                                         0.00       0.87 r
  NL_PART/r[2] (nonlin_part)                         0.00       0.87 r
  NL_PART/r[2] (net)                                 0.00       0.87 r
  NL_PART/U19/Z (AN2D0)                    0.03      0.07       0.94 r
  NL_PART/nl[12] (net)           1                   0.00       0.94 r
  NL_PART/nl[12] (nonlin_part)                       0.00       0.94 r
  nl[12] (net)                                       0.00       0.94 r
  L_PART/nl[12] (lin_part)                           0.00       0.94 r
  L_PART/nl[12] (net)                                0.00       0.94 r
  L_PART/U13/Z (XOR3D0)                    0.06      0.20       1.14 r
  L_PART/r[3] (net)              3                   0.00       1.14 r
  L_PART/r[3] (lin_part)                             0.00       1.14 r
  r[3] (net)                                         0.00       1.14 r
  NL_PART/r[3] (nonlin_part)                         0.00       1.14 r
  NL_PART/r[3] (net)                                 0.00       1.14 r
  NL_PART/U16/Z (AN2D0)                    0.03      0.07       1.20 r
  NL_PART/nl[15] (net)           1                   0.00       1.20 r
  NL_PART/nl[15] (nonlin_part)                       0.00       1.20 r
  nl[15] (net)                                       0.00       1.20 r
  L_PART/nl[15] (lin_part)                           0.00       1.20 r
  L_PART/nl[15] (net)                                0.00       1.20 r
  L_PART/U12/Z (XOR3D0)                    0.06      0.20       1.40 r
  L_PART/r[4] (net)              3                   0.00       1.40 r
  L_PART/r[4] (lin_part)                             0.00       1.40 r
  r[4] (net)                                         0.00       1.40 r
  NL_PART/r[4] (nonlin_part)                         0.00       1.40 r
  NL_PART/r[4] (net)                                 0.00       1.40 r
  NL_PART/U13/Z (AN2D0)                    0.03      0.07       1.47 r
  NL_PART/nl[18] (net)           1                   0.00       1.47 r
  NL_PART/nl[18] (nonlin_part)                       0.00       1.47 r
  nl[18] (net)                                       0.00       1.47 r
  L_PART/nl[18] (lin_part)                           0.00       1.47 r
  L_PART/nl[18] (net)                                0.00       1.47 r
  L_PART/U11/Z (XOR3D0)                    0.06      0.20       1.67 r
  L_PART/r[5] (net)              3                   0.00       1.67 r
  L_PART/r[5] (lin_part)                             0.00       1.67 r
  r[5] (net)                                         0.00       1.67 r
  NL_PART/r[5] (nonlin_part)                         0.00       1.67 r
  NL_PART/r[5] (net)                                 0.00       1.67 r
  NL_PART/U10/Z (AN2D0)                    0.05      0.08       1.74 r
  NL_PART/nl[20] (net)           1                   0.00       1.74 r
  NL_PART/nl[20] (nonlin_part)                       0.00       1.74 r
  nl[20] (net)                                       0.00       1.74 r
  L_PART/nl[20] (lin_part)                           0.00       1.74 r
  L_PART/nl[20] (net)                                0.00       1.74 r
  L_PART/U2/Z (XOR3D0)                     0.03      0.18       1.93 f
  L_PART/n1 (net)                1                   0.00       1.93 f
  L_PART/U1/Z (XOR3D0)                     0.02      0.10       2.03 f
  L_PART/s[8] (net)              1                   0.00       2.03 f
  L_PART/s[8] (lin_part)                             0.00       2.03 f
  S[8] (net)                                         0.00       2.03 f
  S[8] (out)                               0.02      0.00       2.03 f
  data arrival time                                             2.03
  ------------------------------------------------------------------------------------------
  (Path is unconstrained)


1
