Information: Updating design information... (UID-85)
 
****************************************
Report : timing
        -path full
        -delay max
        -nets
        -max_paths 1
        -transition_time
Design : decomposed_rca
Version: K-2015.06-SP5-1
Date   : Fri Apr 22 14:59:33 2016
****************************************

Operating Conditions: WCCOM   Library: tcbn65gpluswc
Wire Load Model Mode: segmented

  Startpoint: A[0] (input port)
  Endpoint: S[3] (output port)
  Path Group: (none)
  Path Type: max

  Des/Clust/Port     Wire Load Model       Library
  ------------------------------------------------
  decomposed_rca     ZeroWireload          tcbn65gpluswc

Attributes:
    d - dont_touch
    u - dont_use
   mo - map_only
   so - size_only
    i - ideal_net or ideal_network
  inf - infeasible path

  Point                        Fanout     Trans      Incr       Path      Attributes
  ------------------------------------------------------------------------------------------
  input external delay                               0.00       0.00 r
  A[0] (in)                                0.00      0.00       0.00 r
  A[0] (net)                     2                   0.00       0.00 r
  NL_PART/U7/Z (AN2D0)                     0.06      0.07       0.07 r
  nl[0] (net)                    3                   0.00       0.07 r
  NL_PART/U4/Z (AN2D0)                     0.03      0.07       0.14 r
  nl[3] (net)                    1                   0.00       0.14 r
  L_PART/U6/Z (XOR3D0)                     0.06      0.20       0.34 r
  r[0] (net)                     3                   0.00       0.34 r
  NL_PART/U2/Z (AN2D0)                     0.05      0.08       0.42 r
  nl[5] (net)                    1                   0.00       0.42 r
  L_PART/U2/Z (XOR3D0)                     0.03      0.18       0.60 f
  L_PART/n1 (net)                1                   0.00       0.60 f
  L_PART/U1/Z (XOR3D0)                     0.02      0.10       0.70 f
  S[3] (net)                     1                   0.00       0.70 f
  S[3] (out)                               0.02      0.00       0.70 f
  data arrival time                                             0.70
  ------------------------------------------------------------------------------------------
  (Path is unconstrained)


1
