Information: Updating design information... (UID-85)
 
****************************************
Report : timing
        -path full
        -delay max
        -nets
        -max_paths 1
        -transition_time
Design : c4
Version: G-2012.06-SP2
Date   : Sun Nov 15 22:15:45 2015
****************************************

Operating Conditions: NC0D9COM   Library: tcbn40lpbwptc0d9
Wire Load Model Mode: segmented

  Startpoint: A__0 (input port)
  Endpoint: S__3 (output port)
  Path Group: (none)
  Path Type: max

  Des/Clust/Port     Wire Load Model       Library
  ------------------------------------------------
  c4                 ZeroWireload          tcbn40lpbwptc0d9

Attributes:
    d - dont_touch
    u - dont_use
   mo - map_only
   so - size_only
    i - ideal_net or ideal_network

  Point                        Fanout     Trans      Incr       Path      Attributes
  ---------------------------------------------------------------------------------------
  input external delay                               0.00       0.00 r
  A__0 (in)                                0.00      0.00       0.00 r
  A__0 (net)                     2                   0.00       0.00 r
  U21/ZN (ND2D0BWP)                        0.04      0.03       0.03 f
  n23 (net)                      1                   0.00       0.03 f
  U20/ZN (NR2D0BWP)                        0.07      0.07       0.10 r
  n21 (net)                      1                   0.00       0.10 r
  U19/Z (OR2D0BWP)                         0.03      0.08       0.18 r
  n20 (net)                      1                   0.00       0.18 r
  U18/ZN (ND2D0BWP)                        0.06      0.06       0.24 f
  n18 (net)                      2                   0.00       0.24 f
  U17/Z (OR2D0BWP)                         0.04      0.13       0.37 f
  n14 (net)                      1                   0.00       0.37 f
  U14/ZN (ND2D0BWP)                        0.04      0.04       0.41 r
  n13 (net)                      1                   0.00       0.41 r
  U13/Z (XOR2D0BWP)                        0.03      0.15       0.56 f
  S__3 (net)                     1                   0.00       0.56 f
  S__3 (out)                               0.03      0.00       0.56 f
  data arrival time                                             0.56
  ---------------------------------------------------------------------------------------
  (Path is unconstrained)


1
