Information: Updating design information... (UID-85)
 
****************************************
Report : timing
        -path full
        -delay max
        -nets
        -max_paths 1
        -transition_time
Design : c5
Version: G-2012.06-SP2
Date   : Sun Nov 15 22:15:37 2015
****************************************

Operating Conditions: NC0D9COM   Library: tcbn40lpbwptc0d9
Wire Load Model Mode: segmented

  Startpoint: A__0 (input port)
  Endpoint: S__4 (output port)
  Path Group: (none)
  Path Type: max

  Des/Clust/Port     Wire Load Model       Library
  ------------------------------------------------
  c5                 ZeroWireload          tcbn40lpbwptc0d9

Attributes:
    d - dont_touch
    u - dont_use
   mo - map_only
   so - size_only
    i - ideal_net or ideal_network

  Point                        Fanout     Trans      Incr       Path      Attributes
  ---------------------------------------------------------------------------------------
  input external delay                               0.00       0.00 f
  A__0 (in)                                0.00      0.00       0.00 f
  A__0 (net)                     1                   0.00       0.00 f
  U32/ZN (ND2D0BWP)                        0.05      0.03       0.03 r
  n31 (net)                      2                   0.00       0.03 r
  U29/ZN (NR2D0BWP)                        0.03      0.04       0.06 f
  n30 (net)                      1                   0.00       0.06 f
  U28/Z (OR2D0BWP)                         0.04      0.12       0.18 f
  n29 (net)                      1                   0.00       0.18 f
  U27/ZN (ND2D0BWP)                        0.05      0.05       0.23 r
  n27 (net)                      2                   0.00       0.23 r
  U25/ZN (ND2D0BWP)                        0.05      0.06       0.29 f
  n25 (net)                      1                   0.00       0.29 f
  U24/ZN (ND2D0BWP)                        0.04      0.04       0.33 r
  n24 (net)                      1                   0.00       0.33 r
  U23/ZN (ND2D0BWP)                        0.06      0.06       0.39 f
  n22 (net)                      2                   0.00       0.39 f
  U21/Z (OR2D0BWP)                         0.04      0.12       0.51 f
  n21 (net)                      1                   0.00       0.51 f
  U20/ZN (ND2D0BWP)                        0.04      0.04       0.56 r
  n20 (net)                      1                   0.00       0.56 r
  U19/ZN (ND2D0BWP)                        0.05      0.05       0.61 f
  n18 (net)                      1                   0.00       0.61 f
  U18/Z (XOR2D0BWP)                        0.03      0.14       0.75 f
  S__4 (net)                     1                   0.00       0.75 f
  S__4 (out)                               0.03      0.00       0.75 f
  data arrival time                                             0.75
  ---------------------------------------------------------------------------------------
  (Path is unconstrained)


1
