Copyright 1986-2015 Xilinx, Inc. All Rights Reserved.
-------------------------------------------------------------------------------------------
| Tool Version : Vivado v.2015.4 (lin64) Build 1412921 Wed Nov 18 09:44:32 MST 2015
| Date         : Sat Apr 23 21:31:20 2016
| Host         : localhost.localdomain running 64-bit CentOS Linux release 7.2.1511 (Core)
| Command      : report_timing -file ./reports/timing/13bit_adder_timing.rpt
| Design       : adder
| Device       : 7z010-clg400
| Speed File   : -1  PRODUCTION 1.11 2014-09-11
-------------------------------------------------------------------------------------------

Timing Report

Slack:                    inf
  Source:                 a[1]
                            (input port)
  Destination:            s[9]
                            (output port)
  Path Group:             (none)
  Path Type:              Max at Slow Process Corner
  Data Path Delay:        8.903ns  (logic 4.947ns (55.572%)  route 3.955ns (44.428%))
  Logic Levels:           6  (CARRY4=3 IBUF=1 LUT2=1 OBUF=1)

    Location             Delay type                Incr(ns)  Path(ns)    Netlist Resource(s)
  -------------------------------------------------------------------    -------------------
    P16                                               0.000     0.000 r  a[1] (IN)
                         net (fo=0)                   0.000     0.000    a[1]
    P16                  IBUF (Prop_ibuf_I_O)         0.938     0.938 r  a_IBUF[1]_inst/O
                         net (fo=2, routed)           1.655     2.593    a_IBUF[1]
    SLICE_X43Y18         LUT2 (Prop_lut2_I0_O)        0.124     2.717 r  s_OBUF[3]_inst_i_4/O
                         net (fo=1, routed)           0.000     2.717    s_OBUF[3]_inst_i_4_n_0
    SLICE_X43Y18         CARRY4 (Prop_carry4_S[1]_CO[3])
                                                      0.550     3.267 r  s_OBUF[3]_inst_i_1/CO[3]
                         net (fo=1, routed)           0.000     3.267    s_OBUF[3]_inst_i_1_n_0
    SLICE_X43Y19         CARRY4 (Prop_carry4_CI_CO[3])
                                                      0.114     3.381 r  s_OBUF[7]_inst_i_1/CO[3]
                         net (fo=1, routed)           0.000     3.381    s_OBUF[7]_inst_i_1_n_0
    SLICE_X43Y20         CARRY4 (Prop_carry4_CI_O[1])
                                                      0.334     3.715 r  s_OBUF[11]_inst_i_1/O[1]
                         net (fo=1, routed)           2.300     6.016    s_OBUF[9]
    Y17                  OBUF (Prop_obuf_I_O)         2.887     8.903 r  s_OBUF[9]_inst/O
                         net (fo=0)                   0.000     8.903    s[9]
    Y17                                                               r  s[9] (OUT)
  -------------------------------------------------------------------    -------------------




