Copyright 1986-2015 Xilinx, Inc. All Rights Reserved.
-------------------------------------------------------------------------------------------
| Tool Version : Vivado v.2015.4 (lin64) Build 1412921 Wed Nov 18 09:44:32 MST 2015
| Date         : Sat Apr 23 21:33:06 2016
| Host         : localhost.localdomain running 64-bit CentOS Linux release 7.2.1511 (Core)
| Command      : report_timing -file ./reports/timing/16bit_adder_timing.rpt
| Design       : adder
| Device       : 7z010-clg400
| Speed File   : -1  PRODUCTION 1.11 2014-09-11
-------------------------------------------------------------------------------------------

Timing Report

Slack:                    inf
  Source:                 a[1]
                            (input port)
  Destination:            s[13]
                            (output port)
  Path Group:             (none)
  Path Type:              Max at Slow Process Corner
  Data Path Delay:        9.578ns  (logic 5.052ns (52.751%)  route 4.525ns (47.249%))
  Logic Levels:           7  (CARRY4=4 IBUF=1 LUT2=1 OBUF=1)

    Location             Delay type                Incr(ns)  Path(ns)    Netlist Resource(s)
  -------------------------------------------------------------------    -------------------
    P16                                               0.000     0.000 r  a[1] (IN)
                         net (fo=0)                   0.000     0.000    a[1]
    P16                  IBUF (Prop_ibuf_I_O)         0.938     0.938 r  a_IBUF[1]_inst/O
                         net (fo=2, routed)           1.968     2.907    a_IBUF[1]
    SLICE_X43Y20         LUT2 (Prop_lut2_I0_O)        0.124     3.031 r  s_OBUF[3]_inst_i_4/O
                         net (fo=1, routed)           0.000     3.031    s_OBUF[3]_inst_i_4_n_0
    SLICE_X43Y20         CARRY4 (Prop_carry4_S[1]_CO[3])
                                                      0.550     3.581 r  s_OBUF[3]_inst_i_1/CO[3]
                         net (fo=1, routed)           0.000     3.581    s_OBUF[3]_inst_i_1_n_0
    SLICE_X43Y21         CARRY4 (Prop_carry4_CI_CO[3])
                                                      0.114     3.695 r  s_OBUF[7]_inst_i_1/CO[3]
                         net (fo=1, routed)           0.000     3.695    s_OBUF[7]_inst_i_1_n_0
    SLICE_X43Y22         CARRY4 (Prop_carry4_CI_CO[3])
                                                      0.114     3.809 r  s_OBUF[11]_inst_i_1/CO[3]
                         net (fo=1, routed)           0.000     3.809    s_OBUF[11]_inst_i_1_n_0
    SLICE_X43Y23         CARRY4 (Prop_carry4_CI_O[1])
                                                      0.334     4.143 r  s_OBUF[15]_inst_i_1/O[1]
                         net (fo=1, routed)           2.557     6.700    s_OBUF[13]
    U12                  OBUF (Prop_obuf_I_O)         2.878     9.578 r  s_OBUF[13]_inst/O
                         net (fo=0)                   0.000     9.578    s[13]
    U12                                                               r  s[13] (OUT)
  -------------------------------------------------------------------    -------------------




