Copyright 1986-2015 Xilinx, Inc. All Rights Reserved.
-------------------------------------------------------------------------------------------
| Tool Version : Vivado v.2015.4 (lin64) Build 1412921 Wed Nov 18 09:44:32 MST 2015
| Date         : Sat Apr 23 21:43:07 2016
| Host         : localhost.localdomain running 64-bit CentOS Linux release 7.2.1511 (Core)
| Command      : report_timing -file ./reports/timing/32bit_adder_timing.rpt
| Design       : adder
| Device       : 7z010-clg400
| Speed File   : -1  PRODUCTION 1.11 2014-09-11
-------------------------------------------------------------------------------------------

Timing Report

Slack:                    inf
  Source:                 a[0]
                            (input port)
  Destination:            s[29]
                            (output port)
  Path Group:             (none)
  Path Type:              Max at Slow Process Corner
  Data Path Delay:        11.203ns  (logic 5.406ns (48.252%)  route 5.797ns (51.748%))
  Logic Levels:           11  (CARRY4=8 IBUF=1 LUT2=1 OBUF=1)

    Location             Delay type                Incr(ns)  Path(ns)    Netlist Resource(s)
  -------------------------------------------------------------------    -------------------
    T19                                               0.000     0.000 r  a[0] (IN)
                         net (fo=0)                   0.000     0.000    a[0]
    T19                  IBUF (Prop_ibuf_I_O)         0.950     0.950 r  a_IBUF[0]_inst/O
                         net (fo=2, routed)           2.354     3.303    a_IBUF[0]
    SLICE_X43Y36         LUT2 (Prop_lut2_I0_O)        0.124     3.427 r  s_OBUF[3]_inst_i_5/O
                         net (fo=1, routed)           0.000     3.427    s_OBUF[3]_inst_i_5_n_0
    SLICE_X43Y36         CARRY4 (Prop_carry4_S[0]_CO[3])
                                                      0.532     3.959 r  s_OBUF[3]_inst_i_1/CO[3]
                         net (fo=1, routed)           0.000     3.959    s_OBUF[3]_inst_i_1_n_0
    SLICE_X43Y37         CARRY4 (Prop_carry4_CI_CO[3])
                                                      0.114     4.073 r  s_OBUF[7]_inst_i_1/CO[3]
                         net (fo=1, routed)           0.000     4.073    s_OBUF[7]_inst_i_1_n_0
    SLICE_X43Y38         CARRY4 (Prop_carry4_CI_CO[3])
                                                      0.114     4.187 r  s_OBUF[11]_inst_i_1/CO[3]
                         net (fo=1, routed)           0.000     4.187    s_OBUF[11]_inst_i_1_n_0
    SLICE_X43Y39         CARRY4 (Prop_carry4_CI_CO[3])
                                                      0.114     4.301 r  s_OBUF[15]_inst_i_1/CO[3]
                         net (fo=1, routed)           0.000     4.301    s_OBUF[15]_inst_i_1_n_0
    SLICE_X43Y40         CARRY4 (Prop_carry4_CI_CO[3])
                                                      0.114     4.415 r  s_OBUF[19]_inst_i_1/CO[3]
                         net (fo=1, routed)           0.000     4.415    s_OBUF[19]_inst_i_1_n_0
    SLICE_X43Y41         CARRY4 (Prop_carry4_CI_CO[3])
                                                      0.114     4.529 r  s_OBUF[23]_inst_i_1/CO[3]
                         net (fo=1, routed)           0.000     4.529    s_OBUF[23]_inst_i_1_n_0
    SLICE_X43Y42         CARRY4 (Prop_carry4_CI_CO[3])
                                                      0.114     4.643 r  s_OBUF[27]_inst_i_1/CO[3]
                         net (fo=1, routed)           0.000     4.643    s_OBUF[27]_inst_i_1_n_0
    SLICE_X43Y43         CARRY4 (Prop_carry4_CI_O[1])
                                                      0.334     4.977 r  s_OBUF[31]_inst_i_1/O[1]
                         net (fo=1, routed)           3.444     8.421    s_OBUF[29]
    D18                  OBUF (Prop_obuf_I_O)         2.782    11.203 r  s_OBUF[29]_inst/O
                         net (fo=0)                   0.000    11.203    s[29]
    D18                                                               r  s[29] (OUT)
  -------------------------------------------------------------------    -------------------




