Copyright 1986-2015 Xilinx, Inc. All Rights Reserved.
-------------------------------------------------------------------------------------------
| Tool Version : Vivado v.2015.4 (lin64) Build 1412921 Wed Nov 18 09:44:32 MST 2015
| Date         : Sat Apr 23 21:28:54 2016
| Host         : localhost.localdomain running 64-bit CentOS Linux release 7.2.1511 (Core)
| Command      : report_timing -file ./reports/timing/9bit_adder_timing.rpt
| Design       : adder
| Device       : 7z010-clg400
| Speed File   : -1  PRODUCTION 1.11 2014-09-11
-------------------------------------------------------------------------------------------

Timing Report

Slack:                    inf
  Source:                 a[1]
                            (input port)
  Destination:            s[8]
                            (output port)
  Path Group:             (none)
  Path Type:              Max at Slow Process Corner
  Data Path Delay:        8.518ns  (logic 4.801ns (56.367%)  route 3.717ns (43.633%))
  Logic Levels:           6  (CARRY4=3 IBUF=1 LUT2=1 OBUF=1)

    Location             Delay type                Incr(ns)  Path(ns)    Netlist Resource(s)
  -------------------------------------------------------------------    -------------------
    P16                                               0.000     0.000 r  a[1] (IN)
                         net (fo=0)                   0.000     0.000    a[1]
    P16                  IBUF (Prop_ibuf_I_O)         0.938     0.938 r  a_IBUF[1]_inst/O
                         net (fo=2, routed)           1.622     2.560    a_IBUF[1]
    SLICE_X43Y11         LUT2 (Prop_lut2_I0_O)        0.124     2.684 r  s_OBUF[3]_inst_i_4/O
                         net (fo=1, routed)           0.000     2.684    s_OBUF[3]_inst_i_4_n_0
    SLICE_X43Y11         CARRY4 (Prop_carry4_S[1]_CO[3])
                                                      0.550     3.234 r  s_OBUF[3]_inst_i_1/CO[3]
                         net (fo=1, routed)           0.000     3.234    s_OBUF[3]_inst_i_1_n_0
    SLICE_X43Y12         CARRY4 (Prop_carry4_CI_CO[3])
                                                      0.114     3.348 r  s_OBUF[7]_inst_i_1/CO[3]
                         net (fo=1, routed)           0.000     3.348    s_OBUF[7]_inst_i_1_n_0
    SLICE_X43Y13         CARRY4 (Prop_carry4_CI_O[0])
                                                      0.222     3.570 r  s_OBUF[8]_inst_i_1/O[0]
                         net (fo=1, routed)           2.095     5.665    s_OBUF[8]
    U18                  OBUF (Prop_obuf_I_O)         2.853     8.518 r  s_OBUF[8]_inst/O
                         net (fo=0)                   0.000     8.518    s[8]
    U18                                                               r  s[8] (OUT)
  -------------------------------------------------------------------    -------------------




