Copyright 1986-2015 Xilinx, Inc. All Rights Reserved.
--------------------------------------------------------------------------------------
| Tool Version : Vivado v.2015.4 (lin64) Build 1412921 Wed Nov 18 09:44:32 MST 2015
| Date         : Wed Apr 27 15:29:44 2016
| Host         : localhost.localdomain running 64-bit unknown
| Command      : report_timing -file ./reports/timing/30bit_decomposed_rca_timing.rpt
| Design       : decomposed_rca
| Device       : 7z010-clg400
| Speed File   : -1  PRODUCTION 1.11 2014-09-11
--------------------------------------------------------------------------------------

Timing Report

Slack:                    inf
  Source:                 B[1]
                            (input port)
  Destination:            S[28]
                            (output port)
  Path Group:             (none)
  Path Type:              Max at Slow Process Corner
  Data Path Delay:        27.657ns  (logic 7.031ns (25.420%)  route 20.627ns (74.580%))
  Logic Levels:           30  (IBUF=1 LUT3=26 LUT4=1 LUT5=1 OBUF=1)

    Location             Delay type                Incr(ns)  Path(ns)    Netlist Resource(s)
  -------------------------------------------------------------------    -------------------
    J16                                               0.000     0.000 r  B[1] (IN)
                         net (fo=0)                   0.000     0.000    B[1]
    J16                  IBUF (Prop_ibuf_I_O)         0.951     0.951 r  B_IBUF[1]_inst/O
                         net (fo=4, routed)           2.081     3.032    B_IBUF[1]
    SLICE_X42Y31         LUT3 (Prop_lut3_I0_O)        0.124     3.156 r  S_OBUF[2]_inst_i_3/O
                         net (fo=2, routed)           0.681     3.837    nl[3]
    SLICE_X42Y31         LUT4 (Prop_lut4_I3_O)        0.124     3.961 r  S_OBUF[3]_inst_i_2/O
                         net (fo=2, routed)           0.804     4.766    r[0]
    SLICE_X42Y33         LUT3 (Prop_lut3_I1_O)        0.124     4.890 r  S_OBUF[4]_inst_i_2/O
                         net (fo=2, routed)           0.666     5.555    r[1]
    SLICE_X43Y33         LUT3 (Prop_lut3_I1_O)        0.124     5.679 r  S_OBUF[5]_inst_i_2/O
                         net (fo=2, routed)           0.817     6.497    r[2]
    SLICE_X43Y35         LUT3 (Prop_lut3_I1_O)        0.124     6.621 r  S_OBUF[6]_inst_i_2/O
                         net (fo=2, routed)           0.445     7.065    r[3]
    SLICE_X43Y35         LUT3 (Prop_lut3_I1_O)        0.124     7.189 r  S_OBUF[7]_inst_i_2/O
                         net (fo=2, routed)           0.822     8.012    r[4]
    SLICE_X42Y37         LUT3 (Prop_lut3_I1_O)        0.124     8.136 r  S_OBUF[8]_inst_i_2/O
                         net (fo=2, routed)           0.723     8.859    r[5]
    SLICE_X43Y37         LUT3 (Prop_lut3_I1_O)        0.124     8.983 r  S_OBUF[9]_inst_i_2/O
                         net (fo=2, routed)           0.274     9.256    r[6]
    SLICE_X43Y37         LUT3 (Prop_lut3_I1_O)        0.124     9.380 r  S_OBUF[10]_inst_i_2/O
                         net (fo=2, routed)           0.304     9.684    r[7]
    SLICE_X43Y39         LUT3 (Prop_lut3_I1_O)        0.124     9.808 r  S_OBUF[11]_inst_i_2/O
                         net (fo=2, routed)           0.300    10.109    r[8]
    SLICE_X43Y41         LUT3 (Prop_lut3_I1_O)        0.124    10.233 r  S_OBUF[12]_inst_i_2/O
                         net (fo=2, routed)           0.445    10.677    r[9]
    SLICE_X43Y41         LUT3 (Prop_lut3_I1_O)        0.124    10.801 r  S_OBUF[13]_inst_i_2/O
                         net (fo=2, routed)           0.652    11.454    r[10]
    SLICE_X43Y43         LUT3 (Prop_lut3_I1_O)        0.124    11.578 r  S_OBUF[14]_inst_i_2/O
                         net (fo=2, routed)           0.445    12.022    r[11]
    SLICE_X43Y43         LUT3 (Prop_lut3_I1_O)        0.124    12.146 r  S_OBUF[15]_inst_i_2/O
                         net (fo=2, routed)           0.819    12.966    r[12]
    SLICE_X43Y45         LUT3 (Prop_lut3_I1_O)        0.124    13.090 r  S_OBUF[16]_inst_i_2/O
                         net (fo=2, routed)           0.160    13.249    r[13]
    SLICE_X43Y45         LUT3 (Prop_lut3_I1_O)        0.124    13.373 r  S_OBUF[17]_inst_i_2/O
                         net (fo=2, routed)           0.809    14.182    r[14]
    SLICE_X43Y47         LUT3 (Prop_lut3_I1_O)        0.124    14.306 r  S_OBUF[18]_inst_i_2/O
                         net (fo=2, routed)           0.445    14.751    r[15]
    SLICE_X43Y47         LUT3 (Prop_lut3_I1_O)        0.124    14.875 r  S_OBUF[19]_inst_i_2/O
                         net (fo=2, routed)           0.819    15.694    r[16]
    SLICE_X43Y49         LUT3 (Prop_lut3_I1_O)        0.124    15.818 r  S_OBUF[20]_inst_i_2/O
                         net (fo=2, routed)           1.236    17.054    r[17]
    SLICE_X43Y68         LUT3 (Prop_lut3_I1_O)        0.124    17.178 r  S_OBUF[21]_inst_i_2/O
                         net (fo=2, routed)           0.553    17.731    r[18]
    SLICE_X43Y69         LUT3 (Prop_lut3_I1_O)        0.124    17.855 r  S_OBUF[22]_inst_i_2/O
                         net (fo=2, routed)           0.433    18.289    r[19]
    SLICE_X43Y69         LUT3 (Prop_lut3_I1_O)        0.124    18.413 r  S_OBUF[23]_inst_i_2/O
                         net (fo=2, routed)           0.819    19.232    r[20]
    SLICE_X43Y71         LUT3 (Prop_lut3_I1_O)        0.124    19.356 r  S_OBUF[24]_inst_i_2/O
                         net (fo=2, routed)           0.806    20.163    r[21]
    SLICE_X43Y73         LUT3 (Prop_lut3_I1_O)        0.124    20.287 r  S_OBUF[25]_inst_i_2/O
                         net (fo=2, routed)           0.300    20.586    r[22]
    SLICE_X43Y74         LUT3 (Prop_lut3_I1_O)        0.124    20.710 r  S_OBUF[26]_inst_i_2/O
                         net (fo=2, routed)           0.433    21.144    r[23]
    SLICE_X43Y74         LUT3 (Prop_lut3_I1_O)        0.124    21.268 r  S_OBUF[27]_inst_i_2/O
                         net (fo=2, routed)           0.845    22.113    r[24]
    SLICE_X43Y75         LUT3 (Prop_lut3_I1_O)        0.124    22.237 r  S_OBUF[28]_inst_i_2/O
                         net (fo=2, routed)           0.584    22.821    r[25]
    SLICE_X43Y76         LUT5 (Prop_lut5_I1_O)        0.124    22.945 r  S_OBUF[28]_inst_i_1/O
                         net (fo=1, routed)           2.105    25.050    S_OBUF[28]
    F16                  OBUF (Prop_obuf_I_O)         2.607    27.657 r  S_OBUF[28]_inst/O
                         net (fo=0)                   0.000    27.657    S[28]
    F16                                                               r  S[28] (OUT)
  -------------------------------------------------------------------    -------------------




