Copyright 1986-2015 Xilinx, Inc. All Rights Reserved.
-------------------------------------------------------------------------------------
| Tool Version : Vivado v.2015.4 (lin64) Build 1412921 Wed Nov 18 09:44:32 MST 2015
| Date         : Wed Apr 27 15:16:11 2016
| Host         : localhost.localdomain running 64-bit unknown
| Command      : report_timing -file ./reports/timing/8bit_decomposed_rca_timing.rpt
| Design       : decomposed_rca
| Device       : 7z010-clg400
| Speed File   : -1  PRODUCTION 1.11 2014-09-11
-------------------------------------------------------------------------------------

Timing Report

Slack:                    inf
  Source:                 A[0]
                            (input port)
  Destination:            S[7]
                            (output port)
  Path Group:             (none)
  Path Type:              Max at Slow Process Corner
  Data Path Delay:        9.263ns  (logic 3.964ns (42.791%)  route 5.300ns (57.209%))
  Logic Levels:           5  (IBUF=1 LUT5=1 LUT6=2 OBUF=1)

    Location             Delay type                Incr(ns)  Path(ns)    Netlist Resource(s)
  -------------------------------------------------------------------    -------------------
    T19                                               0.000     0.000 r  A[0] (IN)
                         net (fo=0)                   0.000     0.000    A[0]
    T19                  IBUF (Prop_ibuf_I_O)         0.950     0.950 r  A_IBUF[0]_inst/O
                         net (fo=4, routed)           1.835     2.785    A_IBUF[0]
    SLICE_X43Y9          LUT6 (Prop_lut6_I1_O)        0.124     2.909 r  S_OBUF[4]_inst_i_2/O
                         net (fo=3, routed)           0.592     3.501    S_OBUF[4]_inst_i_2_n_0
    SLICE_X43Y11         LUT5 (Prop_lut5_I0_O)        0.124     3.625 r  S_OBUF[7]_inst_i_2/O
                         net (fo=3, routed)           0.817     4.441    S_OBUF[7]_inst_i_2_n_0
    SLICE_X43Y13         LUT6 (Prop_lut6_I1_O)        0.124     4.565 r  S_OBUF[7]_inst_i_1/O
                         net (fo=1, routed)           2.056     6.621    S_OBUF[7]
    P19                  OBUF (Prop_obuf_I_O)         2.642     9.263 r  S_OBUF[7]_inst/O
                         net (fo=0)                   0.000     9.263    S[7]
    P19                                                               r  S[7] (OUT)
  -------------------------------------------------------------------    -------------------




