 
****************************************
Report : cell
Design : top_adder/NL_part (non_lin_part)
Version: G-2012.06-SP2
Date   : Mon Oct 19 17:22:37 2015
****************************************

Attributes:
    b - black box (unknown)
    h - hierarchical
    n - noncombinational
    r - removable
    u - contains unmapped logic

Cell                      Reference       Library             Area  Attributes
--------------------------------------------------------------------------------
U1                        AN2D0           tcbn65gpluswc   2.160000  
U2                        AN2D0           tcbn65gpluswc   2.160000  
U3                        NR2D0           tcbn65gpluswc   1.440000  
U4                        NR2D0           tcbn65gpluswc   1.440000  
U5                        NR2D0           tcbn65gpluswc   1.440000  
U6                        INVD0           tcbn65gpluswc   1.080000  
U7                        INVD0           tcbn65gpluswc   1.080000  
U8                        INVD0           tcbn65gpluswc   1.080000  
U9                        ND2D0           tcbn65gpluswc   1.440000  
--------------------------------------------------------------------------------
Total 9 cells                                             13.320001
1
