 
****************************************
Report : cell
Design : cla_adder
Version: B-2008.09-SP4
Date   : Fri Mar  4 14:04:08 2016
****************************************

Attributes:
    b - black box (unknown)
    h - hierarchical
    n - noncombinational
    r - removable
    u - contains unmapped logic

Cell                      Reference       Library             Area  Attributes
--------------------------------------------------------------------------------
C262                      AN2D0           tcbn65gpluswc   2.160000  
C263                      AN2D0           tcbn65gpluswc   2.160000  
C264                      AN2D0           tcbn65gpluswc   2.160000  
C265                      AN2D0           tcbn65gpluswc   2.160000  
C266                      AN2D0           tcbn65gpluswc   2.160000  
C267                      AN2D0           tcbn65gpluswc   2.160000  
C268                      AN2D0           tcbn65gpluswc   2.160000  
C269                      AN2D0           tcbn65gpluswc   2.160000  
C270                      AN2D0           tcbn65gpluswc   2.160000  
C271                      AN2D0           tcbn65gpluswc   2.160000  
C272                      AN2D0           tcbn65gpluswc   2.160000  
C273                      AN2D0           tcbn65gpluswc   2.160000  
C274                      AN2D0           tcbn65gpluswc   2.160000  
C275                      AN2D0           tcbn65gpluswc   2.160000  
C276                      AN2D0           tcbn65gpluswc   2.160000  
C277                      AN2D0           tcbn65gpluswc   2.160000  
C278                      AN2D0           tcbn65gpluswc   2.160000  
C279                      AN2D0           tcbn65gpluswc   2.160000  
C280                      AN2D0           tcbn65gpluswc   2.160000  
C281                      AN2D0           tcbn65gpluswc   2.160000  
C282                      AN2D0           tcbn65gpluswc   2.160000  
C283                      AN2D0           tcbn65gpluswc   2.160000  
C284                      AN2D0           tcbn65gpluswc   2.160000  
C285                      AN2D0           tcbn65gpluswc   2.160000  
C286                      AN2D0           tcbn65gpluswc   2.160000  
C287                      AN2D0           tcbn65gpluswc   2.160000  
C288                      AN2D0           tcbn65gpluswc   2.160000  
C289                      AN2D0           tcbn65gpluswc   2.160000  
C290                      AN2D0           tcbn65gpluswc   2.160000  
C291                      AN2D0           tcbn65gpluswc   2.160000  
C292                      AN2D0           tcbn65gpluswc   2.160000  
C293                      AN2D0           tcbn65gpluswc   2.160000  
C294                      AN2D0           tcbn65gpluswc   2.160000  
C295                      AN2D0           tcbn65gpluswc   2.160000  
C296                      AN2D0           tcbn65gpluswc   2.160000  
C297                      AN2D0           tcbn65gpluswc   2.160000  
C298                      AN2D0           tcbn65gpluswc   2.160000  
C299                      AN2D0           tcbn65gpluswc   2.160000  
C300                      AN2D0           tcbn65gpluswc   2.160000  
C301                      AN2D0           tcbn65gpluswc   2.160000  
C302                      AN2D0           tcbn65gpluswc   2.160000  
C303                      AN2D0           tcbn65gpluswc   2.160000  
C304                      AN2D0           tcbn65gpluswc   2.160000  
C305                      AN2D0           tcbn65gpluswc   2.160000  
C306                      AN2D0           tcbn65gpluswc   2.160000  
C307                      AN2D0           tcbn65gpluswc   2.160000  
C308                      AN2D0           tcbn65gpluswc   2.160000  
C309                      AN2D0           tcbn65gpluswc   2.160000  
C310                      AN2D0           tcbn65gpluswc   2.160000  
C311                      AN2D0           tcbn65gpluswc   2.160000  
C312                      AN2D0           tcbn65gpluswc   2.160000  
C313                      AN2D0           tcbn65gpluswc   2.160000  
C314                      AN2D0           tcbn65gpluswc   2.160000  
C315                      AN2D0           tcbn65gpluswc   2.160000  
C316                      AN2D0           tcbn65gpluswc   2.160000  
C317                      AN2D0           tcbn65gpluswc   2.160000  
C318                      AN2D0           tcbn65gpluswc   2.160000  
C319                      AN2D0           tcbn65gpluswc   2.160000  
C320                      AN2D0           tcbn65gpluswc   2.160000  
C321                      AN2D0           tcbn65gpluswc   2.160000  
C322                      AN2D0           tcbn65gpluswc   2.160000  
C323                      AN2D0           tcbn65gpluswc   2.160000  
C324                      AN2D0           tcbn65gpluswc   2.160000  
C325                      XOR2D0          tcbn65gpluswc   3.600000  
C326                      XOR2D0          tcbn65gpluswc   3.600000  
C327                      XOR2D0          tcbn65gpluswc   3.600000  
C328                      XOR2D0          tcbn65gpluswc   3.600000  
C329                      XOR2D0          tcbn65gpluswc   3.600000  
C330                      XOR2D0          tcbn65gpluswc   3.600000  
C331                      XOR2D0          tcbn65gpluswc   3.600000  
C332                      XOR2D0          tcbn65gpluswc   3.600000  
C333                      XOR2D0          tcbn65gpluswc   3.600000  
C334                      XOR2D0          tcbn65gpluswc   3.600000  
C335                      XOR2D0          tcbn65gpluswc   3.600000  
C336                      XOR2D0          tcbn65gpluswc   3.600000  
C337                      XOR2D0          tcbn65gpluswc   3.600000  
C338                      XOR2D0          tcbn65gpluswc   3.600000  
C339                      XOR2D0          tcbn65gpluswc   3.600000  
C340                      XOR2D0          tcbn65gpluswc   3.600000  
C341                      XOR2D0          tcbn65gpluswc   3.600000  
C342                      XOR2D0          tcbn65gpluswc   3.600000  
C343                      XOR2D0          tcbn65gpluswc   3.600000  
C344                      XOR2D0          tcbn65gpluswc   3.600000  
C345                      XOR2D0          tcbn65gpluswc   3.600000  
C346                      XOR2D0          tcbn65gpluswc   3.600000  
C347                      XOR2D0          tcbn65gpluswc   3.600000  
C348                      XOR2D0          tcbn65gpluswc   3.600000  
C349                      XOR2D0          tcbn65gpluswc   3.600000  
C350                      XOR2D0          tcbn65gpluswc   3.600000  
C351                      XOR2D0          tcbn65gpluswc   3.600000  
C352                      XOR2D0          tcbn65gpluswc   3.600000  
C353                      XOR2D0          tcbn65gpluswc   3.600000  
C354                      XOR2D0          tcbn65gpluswc   3.600000  
C355                      XOR2D0          tcbn65gpluswc   3.600000  
C356                      XOR2D0          tcbn65gpluswc   3.600000  
C357                      XOR2D0          tcbn65gpluswc   3.600000  
C358                      XOR2D0          tcbn65gpluswc   3.600000  
C359                      XOR2D0          tcbn65gpluswc   3.600000  
C360                      XOR2D0          tcbn65gpluswc   3.600000  
C361                      XOR2D0          tcbn65gpluswc   3.600000  
C362                      XOR2D0          tcbn65gpluswc   3.600000  
C363                      XOR2D0          tcbn65gpluswc   3.600000  
C364                      XOR2D0          tcbn65gpluswc   3.600000  
C365                      XOR2D0          tcbn65gpluswc   3.600000  
C366                      XOR2D0          tcbn65gpluswc   3.600000  
C367                      XOR2D0          tcbn65gpluswc   3.600000  
C368                      XOR2D0          tcbn65gpluswc   3.600000  
C369                      XOR2D0          tcbn65gpluswc   3.600000  
C370                      XOR2D0          tcbn65gpluswc   3.600000  
C371                      XOR2D0          tcbn65gpluswc   3.600000  
C372                      XOR2D0          tcbn65gpluswc   3.600000  
C373                      XOR2D0          tcbn65gpluswc   3.600000  
C374                      XOR2D0          tcbn65gpluswc   3.600000  
C375                      XOR2D0          tcbn65gpluswc   3.600000  
C376                      XOR2D0          tcbn65gpluswc   3.600000  
C377                      XOR2D0          tcbn65gpluswc   3.600000  
C378                      XOR2D0          tcbn65gpluswc   3.600000  
C379                      XOR2D0          tcbn65gpluswc   3.600000  
C380                      XOR2D0          tcbn65gpluswc   3.600000  
C381                      XOR2D0          tcbn65gpluswc   3.600000  
C382                      XOR2D0          tcbn65gpluswc   3.600000  
C383                      XOR2D0          tcbn65gpluswc   3.600000  
C384                      XOR2D0          tcbn65gpluswc   3.600000  
C385                      XOR2D0          tcbn65gpluswc   3.600000  
C386                      XOR2D0          tcbn65gpluswc   3.600000  
C387                      XOR2D0          tcbn65gpluswc   3.600000  
C388                      XOR2D0          tcbn65gpluswc   3.600000  
C389                      OR2D0           tcbn65gpluswc   2.160000  
C390                      AN2D0           tcbn65gpluswc   2.160000  
C391                      OR2D0           tcbn65gpluswc   2.160000  
C392                      AN2D0           tcbn65gpluswc   2.160000  
C393                      OR2D0           tcbn65gpluswc   2.160000  
C394                      AN2D0           tcbn65gpluswc   2.160000  
C395                      OR2D0           tcbn65gpluswc   2.160000  
C396                      AN2D0           tcbn65gpluswc   2.160000  
C397                      OR2D0           tcbn65gpluswc   2.160000  
C398                      AN2D0           tcbn65gpluswc   2.160000  
C399                      OR2D0           tcbn65gpluswc   2.160000  
C400                      AN2D0           tcbn65gpluswc   2.160000  
C401                      OR2D0           tcbn65gpluswc   2.160000  
C402                      AN2D0           tcbn65gpluswc   2.160000  
C403                      OR2D0           tcbn65gpluswc   2.160000  
C404                      AN2D0           tcbn65gpluswc   2.160000  
C405                      OR2D0           tcbn65gpluswc   2.160000  
C406                      AN2D0           tcbn65gpluswc   2.160000  
C407                      OR2D0           tcbn65gpluswc   2.160000  
C408                      AN2D0           tcbn65gpluswc   2.160000  
C409                      OR2D0           tcbn65gpluswc   2.160000  
C410                      AN2D0           tcbn65gpluswc   2.160000  
C411                      OR2D0           tcbn65gpluswc   2.160000  
C412                      AN2D0           tcbn65gpluswc   2.160000  
C413                      OR2D0           tcbn65gpluswc   2.160000  
C414                      AN2D0           tcbn65gpluswc   2.160000  
C415                      OR2D0           tcbn65gpluswc   2.160000  
C416                      AN2D0           tcbn65gpluswc   2.160000  
C417                      OR2D0           tcbn65gpluswc   2.160000  
C418                      AN2D0           tcbn65gpluswc   2.160000  
C419                      OR2D0           tcbn65gpluswc   2.160000  
C420                      AN2D0           tcbn65gpluswc   2.160000  
C421                      OR2D0           tcbn65gpluswc   2.160000  
C422                      AN2D0           tcbn65gpluswc   2.160000  
C423                      OR2D0           tcbn65gpluswc   2.160000  
C424                      AN2D0           tcbn65gpluswc   2.160000  
C425                      OR2D0           tcbn65gpluswc   2.160000  
C426                      AN2D0           tcbn65gpluswc   2.160000  
C427                      OR2D0           tcbn65gpluswc   2.160000  
C428                      AN2D0           tcbn65gpluswc   2.160000  
C429                      OR2D0           tcbn65gpluswc   2.160000  
C430                      AN2D0           tcbn65gpluswc   2.160000  
C431                      OR2D0           tcbn65gpluswc   2.160000  
C432                      AN2D0           tcbn65gpluswc   2.160000  
C433                      OR2D0           tcbn65gpluswc   2.160000  
C434                      AN2D0           tcbn65gpluswc   2.160000  
C435                      OR2D0           tcbn65gpluswc   2.160000  
C436                      AN2D0           tcbn65gpluswc   2.160000  
C437                      OR2D0           tcbn65gpluswc   2.160000  
C438                      AN2D0           tcbn65gpluswc   2.160000  
C439                      OR2D0           tcbn65gpluswc   2.160000  
C440                      AN2D0           tcbn65gpluswc   2.160000  
C441                      OR2D0           tcbn65gpluswc   2.160000  
C442                      AN2D0           tcbn65gpluswc   2.160000  
C443                      OR2D0           tcbn65gpluswc   2.160000  
C444                      AN2D0           tcbn65gpluswc   2.160000  
C445                      OR2D0           tcbn65gpluswc   2.160000  
C446                      AN2D0           tcbn65gpluswc   2.160000  
C447                      OR2D0           tcbn65gpluswc   2.160000  
C448                      AN2D0           tcbn65gpluswc   2.160000  
C449                      OR2D0           tcbn65gpluswc   2.160000  
C450                      AN2D0           tcbn65gpluswc   2.160000  
C451                      OR2D0           tcbn65gpluswc   2.160000  
C452                      AN2D0           tcbn65gpluswc   2.160000  
C453                      OR2D0           tcbn65gpluswc   2.160000  
C454                      AN2D0           tcbn65gpluswc   2.160000  
C455                      OR2D0           tcbn65gpluswc   2.160000  
C456                      AN2D0           tcbn65gpluswc   2.160000  
C457                      OR2D0           tcbn65gpluswc   2.160000  
C458                      AN2D0           tcbn65gpluswc   2.160000  
C459                      OR2D0           tcbn65gpluswc   2.160000  
C460                      AN2D0           tcbn65gpluswc   2.160000  
C461                      OR2D0           tcbn65gpluswc   2.160000  
C462                      AN2D0           tcbn65gpluswc   2.160000  
C463                      OR2D0           tcbn65gpluswc   2.160000  
C464                      AN2D0           tcbn65gpluswc   2.160000  
C465                      OR2D0           tcbn65gpluswc   2.160000  
C466                      AN2D0           tcbn65gpluswc   2.160000  
C467                      OR2D0           tcbn65gpluswc   2.160000  
C468                      AN2D0           tcbn65gpluswc   2.160000  
C469                      OR2D0           tcbn65gpluswc   2.160000  
C470                      AN2D0           tcbn65gpluswc   2.160000  
C471                      OR2D0           tcbn65gpluswc   2.160000  
C472                      AN2D0           tcbn65gpluswc   2.160000  
C473                      OR2D0           tcbn65gpluswc   2.160000  
C474                      AN2D0           tcbn65gpluswc   2.160000  
C475                      OR2D0           tcbn65gpluswc   2.160000  
C476                      AN2D0           tcbn65gpluswc   2.160000  
C477                      OR2D0           tcbn65gpluswc   2.160000  
C478                      AN2D0           tcbn65gpluswc   2.160000  
C479                      OR2D0           tcbn65gpluswc   2.160000  
C480                      AN2D0           tcbn65gpluswc   2.160000  
C481                      OR2D0           tcbn65gpluswc   2.160000  
C482                      AN2D0           tcbn65gpluswc   2.160000  
C483                      OR2D0           tcbn65gpluswc   2.160000  
C484                      AN2D0           tcbn65gpluswc   2.160000  
C485                      OR2D0           tcbn65gpluswc   2.160000  
C486                      AN2D0           tcbn65gpluswc   2.160000  
C487                      OR2D0           tcbn65gpluswc   2.160000  
C488                      AN2D0           tcbn65gpluswc   2.160000  
C489                      OR2D0           tcbn65gpluswc   2.160000  
C490                      AN2D0           tcbn65gpluswc   2.160000  
C491                      OR2D0           tcbn65gpluswc   2.160000  
C492                      AN2D0           tcbn65gpluswc   2.160000  
C493                      OR2D0           tcbn65gpluswc   2.160000  
C494                      AN2D0           tcbn65gpluswc   2.160000  
C495                      OR2D0           tcbn65gpluswc   2.160000  
C496                      AN2D0           tcbn65gpluswc   2.160000  
C497                      OR2D0           tcbn65gpluswc   2.160000  
C498                      AN2D0           tcbn65gpluswc   2.160000  
C499                      OR2D0           tcbn65gpluswc   2.160000  
C500                      AN2D0           tcbn65gpluswc   2.160000  
C501                      OR2D0           tcbn65gpluswc   2.160000  
C502                      AN2D0           tcbn65gpluswc   2.160000  
C503                      OR2D0           tcbn65gpluswc   2.160000  
C504                      AN2D0           tcbn65gpluswc   2.160000  
C505                      OR2D0           tcbn65gpluswc   2.160000  
C506                      AN2D0           tcbn65gpluswc   2.160000  
C507                      OR2D0           tcbn65gpluswc   2.160000  
C508                      AN2D0           tcbn65gpluswc   2.160000  
C509                      OR2D0           tcbn65gpluswc   2.160000  
C510                      AN2D0           tcbn65gpluswc   2.160000  
C511                      OR2D0           tcbn65gpluswc   2.160000  
C512                      AN2D0           tcbn65gpluswc   2.160000  
C513                      OR2D0           tcbn65gpluswc   2.160000  
C514                      AN2D0           tcbn65gpluswc   2.160000  
C515                      XOR2D0          tcbn65gpluswc   3.600000  
C516                      XOR2D0          tcbn65gpluswc   3.600000  
C517                      XOR2D0          tcbn65gpluswc   3.600000  
C518                      XOR2D0          tcbn65gpluswc   3.600000  
C519                      XOR2D0          tcbn65gpluswc   3.600000  
C520                      XOR2D0          tcbn65gpluswc   3.600000  
C521                      XOR2D0          tcbn65gpluswc   3.600000  
C522                      XOR2D0          tcbn65gpluswc   3.600000  
C523                      XOR2D0          tcbn65gpluswc   3.600000  
C524                      XOR2D0          tcbn65gpluswc   3.600000  
C525                      XOR2D0          tcbn65gpluswc   3.600000  
C526                      XOR2D0          tcbn65gpluswc   3.600000  
C527                      XOR2D0          tcbn65gpluswc   3.600000  
C528                      XOR2D0          tcbn65gpluswc   3.600000  
C529                      XOR2D0          tcbn65gpluswc   3.600000  
C530                      XOR2D0          tcbn65gpluswc   3.600000  
C531                      XOR2D0          tcbn65gpluswc   3.600000  
C532                      XOR2D0          tcbn65gpluswc   3.600000  
C533                      XOR2D0          tcbn65gpluswc   3.600000  
C534                      XOR2D0          tcbn65gpluswc   3.600000  
C535                      XOR2D0          tcbn65gpluswc   3.600000  
C536                      XOR2D0          tcbn65gpluswc   3.600000  
C537                      XOR2D0          tcbn65gpluswc   3.600000  
C538                      XOR2D0          tcbn65gpluswc   3.600000  
C539                      XOR2D0          tcbn65gpluswc   3.600000  
C540                      XOR2D0          tcbn65gpluswc   3.600000  
C541                      XOR2D0          tcbn65gpluswc   3.600000  
C542                      XOR2D0          tcbn65gpluswc   3.600000  
C543                      XOR2D0          tcbn65gpluswc   3.600000  
C544                      XOR2D0          tcbn65gpluswc   3.600000  
C545                      XOR2D0          tcbn65gpluswc   3.600000  
C546                      XOR2D0          tcbn65gpluswc   3.600000  
C547                      XOR2D0          tcbn65gpluswc   3.600000  
C548                      XOR2D0          tcbn65gpluswc   3.600000  
C549                      XOR2D0          tcbn65gpluswc   3.600000  
C550                      XOR2D0          tcbn65gpluswc   3.600000  
C551                      XOR2D0          tcbn65gpluswc   3.600000  
C552                      XOR2D0          tcbn65gpluswc   3.600000  
C553                      XOR2D0          tcbn65gpluswc   3.600000  
C554                      XOR2D0          tcbn65gpluswc   3.600000  
C555                      XOR2D0          tcbn65gpluswc   3.600000  
C556                      XOR2D0          tcbn65gpluswc   3.600000  
C557                      XOR2D0          tcbn65gpluswc   3.600000  
C558                      XOR2D0          tcbn65gpluswc   3.600000  
C559                      XOR2D0          tcbn65gpluswc   3.600000  
C560                      XOR2D0          tcbn65gpluswc   3.600000  
C561                      XOR2D0          tcbn65gpluswc   3.600000  
C562                      XOR2D0          tcbn65gpluswc   3.600000  
C563                      XOR2D0          tcbn65gpluswc   3.600000  
C564                      XOR2D0          tcbn65gpluswc   3.600000  
C565                      XOR2D0          tcbn65gpluswc   3.600000  
C566                      XOR2D0          tcbn65gpluswc   3.600000  
C567                      XOR2D0          tcbn65gpluswc   3.600000  
C568                      XOR2D0          tcbn65gpluswc   3.600000  
C569                      XOR2D0          tcbn65gpluswc   3.600000  
C570                      XOR2D0          tcbn65gpluswc   3.600000  
C571                      XOR2D0          tcbn65gpluswc   3.600000  
C572                      XOR2D0          tcbn65gpluswc   3.600000  
C573                      XOR2D0          tcbn65gpluswc   3.600000  
C574                      XOR2D0          tcbn65gpluswc   3.600000  
C575                      XOR2D0          tcbn65gpluswc   3.600000  
C576                      XOR2D0          tcbn65gpluswc   3.600000  
C577                      XOR2D0          tcbn65gpluswc   3.600000  
C578                      XOR2D0          tcbn65gpluswc   3.600000  
--------------------------------------------------------------------------------
Total 317 cells                                           869.040004
1
