 
****************************************
Report : cell
Design : cla_adder
Version: B-2008.09-SP4
Date   : Fri Mar  4 14:06:02 2016
****************************************

Attributes:
    b - black box (unknown)
    h - hierarchical
    n - noncombinational
    r - removable
    u - contains unmapped logic

Cell                      Reference       Library             Area  Attributes
--------------------------------------------------------------------------------
C1030                     AN2D0           tcbn65gpluswc   2.160000  
C1031                     AN2D0           tcbn65gpluswc   2.160000  
C1032                     AN2D0           tcbn65gpluswc   2.160000  
C1033                     AN2D0           tcbn65gpluswc   2.160000  
C1034                     AN2D0           tcbn65gpluswc   2.160000  
C1035                     AN2D0           tcbn65gpluswc   2.160000  
C1036                     AN2D0           tcbn65gpluswc   2.160000  
C1037                     AN2D0           tcbn65gpluswc   2.160000  
C1038                     AN2D0           tcbn65gpluswc   2.160000  
C1039                     AN2D0           tcbn65gpluswc   2.160000  
C1040                     AN2D0           tcbn65gpluswc   2.160000  
C1041                     AN2D0           tcbn65gpluswc   2.160000  
C1042                     AN2D0           tcbn65gpluswc   2.160000  
C1043                     AN2D0           tcbn65gpluswc   2.160000  
C1044                     AN2D0           tcbn65gpluswc   2.160000  
C1045                     AN2D0           tcbn65gpluswc   2.160000  
C1046                     AN2D0           tcbn65gpluswc   2.160000  
C1047                     AN2D0           tcbn65gpluswc   2.160000  
C1048                     AN2D0           tcbn65gpluswc   2.160000  
C1049                     AN2D0           tcbn65gpluswc   2.160000  
C1050                     AN2D0           tcbn65gpluswc   2.160000  
C1051                     AN2D0           tcbn65gpluswc   2.160000  
C1052                     AN2D0           tcbn65gpluswc   2.160000  
C1053                     AN2D0           tcbn65gpluswc   2.160000  
C1054                     AN2D0           tcbn65gpluswc   2.160000  
C1055                     AN2D0           tcbn65gpluswc   2.160000  
C1056                     AN2D0           tcbn65gpluswc   2.160000  
C1057                     AN2D0           tcbn65gpluswc   2.160000  
C1058                     AN2D0           tcbn65gpluswc   2.160000  
C1059                     AN2D0           tcbn65gpluswc   2.160000  
C1060                     AN2D0           tcbn65gpluswc   2.160000  
C1061                     AN2D0           tcbn65gpluswc   2.160000  
C1062                     AN2D0           tcbn65gpluswc   2.160000  
C1063                     AN2D0           tcbn65gpluswc   2.160000  
C1064                     AN2D0           tcbn65gpluswc   2.160000  
C1065                     AN2D0           tcbn65gpluswc   2.160000  
C1066                     AN2D0           tcbn65gpluswc   2.160000  
C1067                     AN2D0           tcbn65gpluswc   2.160000  
C1068                     AN2D0           tcbn65gpluswc   2.160000  
C1069                     AN2D0           tcbn65gpluswc   2.160000  
C1070                     AN2D0           tcbn65gpluswc   2.160000  
C1071                     AN2D0           tcbn65gpluswc   2.160000  
C1072                     AN2D0           tcbn65gpluswc   2.160000  
C1073                     AN2D0           tcbn65gpluswc   2.160000  
C1074                     AN2D0           tcbn65gpluswc   2.160000  
C1075                     AN2D0           tcbn65gpluswc   2.160000  
C1076                     AN2D0           tcbn65gpluswc   2.160000  
C1077                     AN2D0           tcbn65gpluswc   2.160000  
C1078                     AN2D0           tcbn65gpluswc   2.160000  
C1079                     AN2D0           tcbn65gpluswc   2.160000  
C1080                     AN2D0           tcbn65gpluswc   2.160000  
C1081                     AN2D0           tcbn65gpluswc   2.160000  
C1082                     AN2D0           tcbn65gpluswc   2.160000  
C1083                     AN2D0           tcbn65gpluswc   2.160000  
C1084                     AN2D0           tcbn65gpluswc   2.160000  
C1085                     AN2D0           tcbn65gpluswc   2.160000  
C1086                     AN2D0           tcbn65gpluswc   2.160000  
C1087                     AN2D0           tcbn65gpluswc   2.160000  
C1088                     AN2D0           tcbn65gpluswc   2.160000  
C1089                     AN2D0           tcbn65gpluswc   2.160000  
C1090                     AN2D0           tcbn65gpluswc   2.160000  
C1091                     AN2D0           tcbn65gpluswc   2.160000  
C1092                     AN2D0           tcbn65gpluswc   2.160000  
C1093                     AN2D0           tcbn65gpluswc   2.160000  
C1094                     AN2D0           tcbn65gpluswc   2.160000  
C1095                     AN2D0           tcbn65gpluswc   2.160000  
C1096                     AN2D0           tcbn65gpluswc   2.160000  
C1097                     AN2D0           tcbn65gpluswc   2.160000  
C1098                     AN2D0           tcbn65gpluswc   2.160000  
C1099                     AN2D0           tcbn65gpluswc   2.160000  
C1100                     AN2D0           tcbn65gpluswc   2.160000  
C1101                     AN2D0           tcbn65gpluswc   2.160000  
C1102                     AN2D0           tcbn65gpluswc   2.160000  
C1103                     AN2D0           tcbn65gpluswc   2.160000  
C1104                     AN2D0           tcbn65gpluswc   2.160000  
C1105                     AN2D0           tcbn65gpluswc   2.160000  
C1106                     AN2D0           tcbn65gpluswc   2.160000  
C1107                     AN2D0           tcbn65gpluswc   2.160000  
C1108                     AN2D0           tcbn65gpluswc   2.160000  
C1109                     AN2D0           tcbn65gpluswc   2.160000  
C1110                     AN2D0           tcbn65gpluswc   2.160000  
C1111                     AN2D0           tcbn65gpluswc   2.160000  
C1112                     AN2D0           tcbn65gpluswc   2.160000  
C1113                     AN2D0           tcbn65gpluswc   2.160000  
C1114                     AN2D0           tcbn65gpluswc   2.160000  
C1115                     AN2D0           tcbn65gpluswc   2.160000  
C1116                     AN2D0           tcbn65gpluswc   2.160000  
C1117                     AN2D0           tcbn65gpluswc   2.160000  
C1118                     AN2D0           tcbn65gpluswc   2.160000  
C1119                     AN2D0           tcbn65gpluswc   2.160000  
C1120                     AN2D0           tcbn65gpluswc   2.160000  
C1121                     AN2D0           tcbn65gpluswc   2.160000  
C1122                     AN2D0           tcbn65gpluswc   2.160000  
C1123                     AN2D0           tcbn65gpluswc   2.160000  
C1124                     AN2D0           tcbn65gpluswc   2.160000  
C1125                     AN2D0           tcbn65gpluswc   2.160000  
C1126                     AN2D0           tcbn65gpluswc   2.160000  
C1127                     AN2D0           tcbn65gpluswc   2.160000  
C1128                     AN2D0           tcbn65gpluswc   2.160000  
C1129                     AN2D0           tcbn65gpluswc   2.160000  
C1130                     AN2D0           tcbn65gpluswc   2.160000  
C1131                     AN2D0           tcbn65gpluswc   2.160000  
C1132                     AN2D0           tcbn65gpluswc   2.160000  
C1133                     AN2D0           tcbn65gpluswc   2.160000  
C1134                     AN2D0           tcbn65gpluswc   2.160000  
C1135                     AN2D0           tcbn65gpluswc   2.160000  
C1136                     AN2D0           tcbn65gpluswc   2.160000  
C1137                     AN2D0           tcbn65gpluswc   2.160000  
C1138                     AN2D0           tcbn65gpluswc   2.160000  
C1139                     AN2D0           tcbn65gpluswc   2.160000  
C1140                     AN2D0           tcbn65gpluswc   2.160000  
C1141                     AN2D0           tcbn65gpluswc   2.160000  
C1142                     AN2D0           tcbn65gpluswc   2.160000  
C1143                     AN2D0           tcbn65gpluswc   2.160000  
C1144                     AN2D0           tcbn65gpluswc   2.160000  
C1145                     AN2D0           tcbn65gpluswc   2.160000  
C1146                     AN2D0           tcbn65gpluswc   2.160000  
C1147                     AN2D0           tcbn65gpluswc   2.160000  
C1148                     AN2D0           tcbn65gpluswc   2.160000  
C1149                     AN2D0           tcbn65gpluswc   2.160000  
C1150                     AN2D0           tcbn65gpluswc   2.160000  
C1151                     AN2D0           tcbn65gpluswc   2.160000  
C1152                     AN2D0           tcbn65gpluswc   2.160000  
C1153                     AN2D0           tcbn65gpluswc   2.160000  
C1154                     AN2D0           tcbn65gpluswc   2.160000  
C1155                     AN2D0           tcbn65gpluswc   2.160000  
C1156                     AN2D0           tcbn65gpluswc   2.160000  
C1157                     AN2D0           tcbn65gpluswc   2.160000  
C1158                     AN2D0           tcbn65gpluswc   2.160000  
C1159                     AN2D0           tcbn65gpluswc   2.160000  
C1160                     AN2D0           tcbn65gpluswc   2.160000  
C1161                     AN2D0           tcbn65gpluswc   2.160000  
C1162                     AN2D0           tcbn65gpluswc   2.160000  
C1163                     AN2D0           tcbn65gpluswc   2.160000  
C1164                     AN2D0           tcbn65gpluswc   2.160000  
C1165                     AN2D0           tcbn65gpluswc   2.160000  
C1166                     AN2D0           tcbn65gpluswc   2.160000  
C1167                     AN2D0           tcbn65gpluswc   2.160000  
C1168                     AN2D0           tcbn65gpluswc   2.160000  
C1169                     AN2D0           tcbn65gpluswc   2.160000  
C1170                     AN2D0           tcbn65gpluswc   2.160000  
C1171                     AN2D0           tcbn65gpluswc   2.160000  
C1172                     AN2D0           tcbn65gpluswc   2.160000  
C1173                     AN2D0           tcbn65gpluswc   2.160000  
C1174                     AN2D0           tcbn65gpluswc   2.160000  
C1175                     AN2D0           tcbn65gpluswc   2.160000  
C1176                     AN2D0           tcbn65gpluswc   2.160000  
C1177                     AN2D0           tcbn65gpluswc   2.160000  
C1178                     AN2D0           tcbn65gpluswc   2.160000  
C1179                     AN2D0           tcbn65gpluswc   2.160000  
C1180                     AN2D0           tcbn65gpluswc   2.160000  
C1181                     AN2D0           tcbn65gpluswc   2.160000  
C1182                     AN2D0           tcbn65gpluswc   2.160000  
C1183                     AN2D0           tcbn65gpluswc   2.160000  
C1184                     AN2D0           tcbn65gpluswc   2.160000  
C1185                     AN2D0           tcbn65gpluswc   2.160000  
C1186                     AN2D0           tcbn65gpluswc   2.160000  
C1187                     AN2D0           tcbn65gpluswc   2.160000  
C1188                     AN2D0           tcbn65gpluswc   2.160000  
C1189                     AN2D0           tcbn65gpluswc   2.160000  
C1190                     AN2D0           tcbn65gpluswc   2.160000  
C1191                     AN2D0           tcbn65gpluswc   2.160000  
C1192                     AN2D0           tcbn65gpluswc   2.160000  
C1193                     AN2D0           tcbn65gpluswc   2.160000  
C1194                     AN2D0           tcbn65gpluswc   2.160000  
C1195                     AN2D0           tcbn65gpluswc   2.160000  
C1196                     AN2D0           tcbn65gpluswc   2.160000  
C1197                     AN2D0           tcbn65gpluswc   2.160000  
C1198                     AN2D0           tcbn65gpluswc   2.160000  
C1199                     AN2D0           tcbn65gpluswc   2.160000  
C1200                     AN2D0           tcbn65gpluswc   2.160000  
C1201                     AN2D0           tcbn65gpluswc   2.160000  
C1202                     AN2D0           tcbn65gpluswc   2.160000  
C1203                     AN2D0           tcbn65gpluswc   2.160000  
C1204                     AN2D0           tcbn65gpluswc   2.160000  
C1205                     AN2D0           tcbn65gpluswc   2.160000  
C1206                     AN2D0           tcbn65gpluswc   2.160000  
C1207                     AN2D0           tcbn65gpluswc   2.160000  
C1208                     AN2D0           tcbn65gpluswc   2.160000  
C1209                     AN2D0           tcbn65gpluswc   2.160000  
C1210                     AN2D0           tcbn65gpluswc   2.160000  
C1211                     AN2D0           tcbn65gpluswc   2.160000  
C1212                     AN2D0           tcbn65gpluswc   2.160000  
C1213                     AN2D0           tcbn65gpluswc   2.160000  
C1214                     AN2D0           tcbn65gpluswc   2.160000  
C1215                     AN2D0           tcbn65gpluswc   2.160000  
C1216                     AN2D0           tcbn65gpluswc   2.160000  
C1217                     AN2D0           tcbn65gpluswc   2.160000  
C1218                     AN2D0           tcbn65gpluswc   2.160000  
C1219                     AN2D0           tcbn65gpluswc   2.160000  
C1220                     AN2D0           tcbn65gpluswc   2.160000  
C1221                     AN2D0           tcbn65gpluswc   2.160000  
C1222                     AN2D0           tcbn65gpluswc   2.160000  
C1223                     AN2D0           tcbn65gpluswc   2.160000  
C1224                     AN2D0           tcbn65gpluswc   2.160000  
C1225                     AN2D0           tcbn65gpluswc   2.160000  
C1226                     AN2D0           tcbn65gpluswc   2.160000  
C1227                     AN2D0           tcbn65gpluswc   2.160000  
C1228                     AN2D0           tcbn65gpluswc   2.160000  
C1229                     AN2D0           tcbn65gpluswc   2.160000  
C1230                     AN2D0           tcbn65gpluswc   2.160000  
C1231                     AN2D0           tcbn65gpluswc   2.160000  
C1232                     AN2D0           tcbn65gpluswc   2.160000  
C1233                     AN2D0           tcbn65gpluswc   2.160000  
C1234                     AN2D0           tcbn65gpluswc   2.160000  
C1235                     AN2D0           tcbn65gpluswc   2.160000  
C1236                     AN2D0           tcbn65gpluswc   2.160000  
C1237                     AN2D0           tcbn65gpluswc   2.160000  
C1238                     AN2D0           tcbn65gpluswc   2.160000  
C1239                     AN2D0           tcbn65gpluswc   2.160000  
C1240                     AN2D0           tcbn65gpluswc   2.160000  
C1241                     AN2D0           tcbn65gpluswc   2.160000  
C1242                     AN2D0           tcbn65gpluswc   2.160000  
C1243                     AN2D0           tcbn65gpluswc   2.160000  
C1244                     AN2D0           tcbn65gpluswc   2.160000  
C1245                     AN2D0           tcbn65gpluswc   2.160000  
C1246                     AN2D0           tcbn65gpluswc   2.160000  
C1247                     AN2D0           tcbn65gpluswc   2.160000  
C1248                     AN2D0           tcbn65gpluswc   2.160000  
C1249                     AN2D0           tcbn65gpluswc   2.160000  
C1250                     AN2D0           tcbn65gpluswc   2.160000  
C1251                     AN2D0           tcbn65gpluswc   2.160000  
C1252                     AN2D0           tcbn65gpluswc   2.160000  
C1253                     AN2D0           tcbn65gpluswc   2.160000  
C1254                     AN2D0           tcbn65gpluswc   2.160000  
C1255                     AN2D0           tcbn65gpluswc   2.160000  
C1256                     AN2D0           tcbn65gpluswc   2.160000  
C1257                     AN2D0           tcbn65gpluswc   2.160000  
C1258                     AN2D0           tcbn65gpluswc   2.160000  
C1259                     AN2D0           tcbn65gpluswc   2.160000  
C1260                     AN2D0           tcbn65gpluswc   2.160000  
C1261                     AN2D0           tcbn65gpluswc   2.160000  
C1262                     AN2D0           tcbn65gpluswc   2.160000  
C1263                     AN2D0           tcbn65gpluswc   2.160000  
C1264                     AN2D0           tcbn65gpluswc   2.160000  
C1265                     AN2D0           tcbn65gpluswc   2.160000  
C1266                     AN2D0           tcbn65gpluswc   2.160000  
C1267                     AN2D0           tcbn65gpluswc   2.160000  
C1268                     AN2D0           tcbn65gpluswc   2.160000  
C1269                     AN2D0           tcbn65gpluswc   2.160000  
C1270                     AN2D0           tcbn65gpluswc   2.160000  
C1271                     AN2D0           tcbn65gpluswc   2.160000  
C1272                     AN2D0           tcbn65gpluswc   2.160000  
C1273                     AN2D0           tcbn65gpluswc   2.160000  
C1274                     AN2D0           tcbn65gpluswc   2.160000  
C1275                     AN2D0           tcbn65gpluswc   2.160000  
C1276                     AN2D0           tcbn65gpluswc   2.160000  
C1277                     AN2D0           tcbn65gpluswc   2.160000  
C1278                     AN2D0           tcbn65gpluswc   2.160000  
C1279                     AN2D0           tcbn65gpluswc   2.160000  
C1280                     AN2D0           tcbn65gpluswc   2.160000  
C1281                     AN2D0           tcbn65gpluswc   2.160000  
C1282                     AN2D0           tcbn65gpluswc   2.160000  
C1283                     AN2D0           tcbn65gpluswc   2.160000  
C1284                     AN2D0           tcbn65gpluswc   2.160000  
C1285                     XOR2D0          tcbn65gpluswc   3.600000  
C1286                     XOR2D0          tcbn65gpluswc   3.600000  
C1287                     XOR2D0          tcbn65gpluswc   3.600000  
C1288                     XOR2D0          tcbn65gpluswc   3.600000  
C1289                     XOR2D0          tcbn65gpluswc   3.600000  
C1290                     XOR2D0          tcbn65gpluswc   3.600000  
C1291                     XOR2D0          tcbn65gpluswc   3.600000  
C1292                     XOR2D0          tcbn65gpluswc   3.600000  
C1293                     XOR2D0          tcbn65gpluswc   3.600000  
C1294                     XOR2D0          tcbn65gpluswc   3.600000  
C1295                     XOR2D0          tcbn65gpluswc   3.600000  
C1296                     XOR2D0          tcbn65gpluswc   3.600000  
C1297                     XOR2D0          tcbn65gpluswc   3.600000  
C1298                     XOR2D0          tcbn65gpluswc   3.600000  
C1299                     XOR2D0          tcbn65gpluswc   3.600000  
C1300                     XOR2D0          tcbn65gpluswc   3.600000  
C1301                     XOR2D0          tcbn65gpluswc   3.600000  
C1302                     XOR2D0          tcbn65gpluswc   3.600000  
C1303                     XOR2D0          tcbn65gpluswc   3.600000  
C1304                     XOR2D0          tcbn65gpluswc   3.600000  
C1305                     XOR2D0          tcbn65gpluswc   3.600000  
C1306                     XOR2D0          tcbn65gpluswc   3.600000  
C1307                     XOR2D0          tcbn65gpluswc   3.600000  
C1308                     XOR2D0          tcbn65gpluswc   3.600000  
C1309                     XOR2D0          tcbn65gpluswc   3.600000  
C1310                     XOR2D0          tcbn65gpluswc   3.600000  
C1311                     XOR2D0          tcbn65gpluswc   3.600000  
C1312                     XOR2D0          tcbn65gpluswc   3.600000  
C1313                     XOR2D0          tcbn65gpluswc   3.600000  
C1314                     XOR2D0          tcbn65gpluswc   3.600000  
C1315                     XOR2D0          tcbn65gpluswc   3.600000  
C1316                     XOR2D0          tcbn65gpluswc   3.600000  
C1317                     XOR2D0          tcbn65gpluswc   3.600000  
C1318                     XOR2D0          tcbn65gpluswc   3.600000  
C1319                     XOR2D0          tcbn65gpluswc   3.600000  
C1320                     XOR2D0          tcbn65gpluswc   3.600000  
C1321                     XOR2D0          tcbn65gpluswc   3.600000  
C1322                     XOR2D0          tcbn65gpluswc   3.600000  
C1323                     XOR2D0          tcbn65gpluswc   3.600000  
C1324                     XOR2D0          tcbn65gpluswc   3.600000  
C1325                     XOR2D0          tcbn65gpluswc   3.600000  
C1326                     XOR2D0          tcbn65gpluswc   3.600000  
C1327                     XOR2D0          tcbn65gpluswc   3.600000  
C1328                     XOR2D0          tcbn65gpluswc   3.600000  
C1329                     XOR2D0          tcbn65gpluswc   3.600000  
C1330                     XOR2D0          tcbn65gpluswc   3.600000  
C1331                     XOR2D0          tcbn65gpluswc   3.600000  
C1332                     XOR2D0          tcbn65gpluswc   3.600000  
C1333                     XOR2D0          tcbn65gpluswc   3.600000  
C1334                     XOR2D0          tcbn65gpluswc   3.600000  
C1335                     XOR2D0          tcbn65gpluswc   3.600000  
C1336                     XOR2D0          tcbn65gpluswc   3.600000  
C1337                     XOR2D0          tcbn65gpluswc   3.600000  
C1338                     XOR2D0          tcbn65gpluswc   3.600000  
C1339                     XOR2D0          tcbn65gpluswc   3.600000  
C1340                     XOR2D0          tcbn65gpluswc   3.600000  
C1341                     XOR2D0          tcbn65gpluswc   3.600000  
C1342                     XOR2D0          tcbn65gpluswc   3.600000  
C1343                     XOR2D0          tcbn65gpluswc   3.600000  
C1344                     XOR2D0          tcbn65gpluswc   3.600000  
C1345                     XOR2D0          tcbn65gpluswc   3.600000  
C1346                     XOR2D0          tcbn65gpluswc   3.600000  
C1347                     XOR2D0          tcbn65gpluswc   3.600000  
C1348                     XOR2D0          tcbn65gpluswc   3.600000  
C1349                     XOR2D0          tcbn65gpluswc   3.600000  
C1350                     XOR2D0          tcbn65gpluswc   3.600000  
C1351                     XOR2D0          tcbn65gpluswc   3.600000  
C1352                     XOR2D0          tcbn65gpluswc   3.600000  
C1353                     XOR2D0          tcbn65gpluswc   3.600000  
C1354                     XOR2D0          tcbn65gpluswc   3.600000  
C1355                     XOR2D0          tcbn65gpluswc   3.600000  
C1356                     XOR2D0          tcbn65gpluswc   3.600000  
C1357                     XOR2D0          tcbn65gpluswc   3.600000  
C1358                     XOR2D0          tcbn65gpluswc   3.600000  
C1359                     XOR2D0          tcbn65gpluswc   3.600000  
C1360                     XOR2D0          tcbn65gpluswc   3.600000  
C1361                     XOR2D0          tcbn65gpluswc   3.600000  
C1362                     XOR2D0          tcbn65gpluswc   3.600000  
C1363                     XOR2D0          tcbn65gpluswc   3.600000  
C1364                     XOR2D0          tcbn65gpluswc   3.600000  
C1365                     XOR2D0          tcbn65gpluswc   3.600000  
C1366                     XOR2D0          tcbn65gpluswc   3.600000  
C1367                     XOR2D0          tcbn65gpluswc   3.600000  
C1368                     XOR2D0          tcbn65gpluswc   3.600000  
C1369                     XOR2D0          tcbn65gpluswc   3.600000  
C1370                     XOR2D0          tcbn65gpluswc   3.600000  
C1371                     XOR2D0          tcbn65gpluswc   3.600000  
C1372                     XOR2D0          tcbn65gpluswc   3.600000  
C1373                     XOR2D0          tcbn65gpluswc   3.600000  
C1374                     XOR2D0          tcbn65gpluswc   3.600000  
C1375                     XOR2D0          tcbn65gpluswc   3.600000  
C1376                     XOR2D0          tcbn65gpluswc   3.600000  
C1377                     XOR2D0          tcbn65gpluswc   3.600000  
C1378                     XOR2D0          tcbn65gpluswc   3.600000  
C1379                     XOR2D0          tcbn65gpluswc   3.600000  
C1380                     XOR2D0          tcbn65gpluswc   3.600000  
C1381                     XOR2D0          tcbn65gpluswc   3.600000  
C1382                     XOR2D0          tcbn65gpluswc   3.600000  
C1383                     XOR2D0          tcbn65gpluswc   3.600000  
C1384                     XOR2D0          tcbn65gpluswc   3.600000  
C1385                     XOR2D0          tcbn65gpluswc   3.600000  
C1386                     XOR2D0          tcbn65gpluswc   3.600000  
C1387                     XOR2D0          tcbn65gpluswc   3.600000  
C1388                     XOR2D0          tcbn65gpluswc   3.600000  
C1389                     XOR2D0          tcbn65gpluswc   3.600000  
C1390                     XOR2D0          tcbn65gpluswc   3.600000  
C1391                     XOR2D0          tcbn65gpluswc   3.600000  
C1392                     XOR2D0          tcbn65gpluswc   3.600000  
C1393                     XOR2D0          tcbn65gpluswc   3.600000  
C1394                     XOR2D0          tcbn65gpluswc   3.600000  
C1395                     XOR2D0          tcbn65gpluswc   3.600000  
C1396                     XOR2D0          tcbn65gpluswc   3.600000  
C1397                     XOR2D0          tcbn65gpluswc   3.600000  
C1398                     XOR2D0          tcbn65gpluswc   3.600000  
C1399                     XOR2D0          tcbn65gpluswc   3.600000  
C1400                     XOR2D0          tcbn65gpluswc   3.600000  
C1401                     XOR2D0          tcbn65gpluswc   3.600000  
C1402                     XOR2D0          tcbn65gpluswc   3.600000  
C1403                     XOR2D0          tcbn65gpluswc   3.600000  
C1404                     XOR2D0          tcbn65gpluswc   3.600000  
C1405                     XOR2D0          tcbn65gpluswc   3.600000  
C1406                     XOR2D0          tcbn65gpluswc   3.600000  
C1407                     XOR2D0          tcbn65gpluswc   3.600000  
C1408                     XOR2D0          tcbn65gpluswc   3.600000  
C1409                     XOR2D0          tcbn65gpluswc   3.600000  
C1410                     XOR2D0          tcbn65gpluswc   3.600000  
C1411                     XOR2D0          tcbn65gpluswc   3.600000  
C1412                     XOR2D0          tcbn65gpluswc   3.600000  
C1413                     XOR2D0          tcbn65gpluswc   3.600000  
C1414                     XOR2D0          tcbn65gpluswc   3.600000  
C1415                     XOR2D0          tcbn65gpluswc   3.600000  
C1416                     XOR2D0          tcbn65gpluswc   3.600000  
C1417                     XOR2D0          tcbn65gpluswc   3.600000  
C1418                     XOR2D0          tcbn65gpluswc   3.600000  
C1419                     XOR2D0          tcbn65gpluswc   3.600000  
C1420                     XOR2D0          tcbn65gpluswc   3.600000  
C1421                     XOR2D0          tcbn65gpluswc   3.600000  
C1422                     XOR2D0          tcbn65gpluswc   3.600000  
C1423                     XOR2D0          tcbn65gpluswc   3.600000  
C1424                     XOR2D0          tcbn65gpluswc   3.600000  
C1425                     XOR2D0          tcbn65gpluswc   3.600000  
C1426                     XOR2D0          tcbn65gpluswc   3.600000  
C1427                     XOR2D0          tcbn65gpluswc   3.600000  
C1428                     XOR2D0          tcbn65gpluswc   3.600000  
C1429                     XOR2D0          tcbn65gpluswc   3.600000  
C1430                     XOR2D0          tcbn65gpluswc   3.600000  
C1431                     XOR2D0          tcbn65gpluswc   3.600000  
C1432                     XOR2D0          tcbn65gpluswc   3.600000  
C1433                     XOR2D0          tcbn65gpluswc   3.600000  
C1434                     XOR2D0          tcbn65gpluswc   3.600000  
C1435                     XOR2D0          tcbn65gpluswc   3.600000  
C1436                     XOR2D0          tcbn65gpluswc   3.600000  
C1437                     XOR2D0          tcbn65gpluswc   3.600000  
C1438                     XOR2D0          tcbn65gpluswc   3.600000  
C1439                     XOR2D0          tcbn65gpluswc   3.600000  
C1440                     XOR2D0          tcbn65gpluswc   3.600000  
C1441                     XOR2D0          tcbn65gpluswc   3.600000  
C1442                     XOR2D0          tcbn65gpluswc   3.600000  
C1443                     XOR2D0          tcbn65gpluswc   3.600000  
C1444                     XOR2D0          tcbn65gpluswc   3.600000  
C1445                     XOR2D0          tcbn65gpluswc   3.600000  
C1446                     XOR2D0          tcbn65gpluswc   3.600000  
C1447                     XOR2D0          tcbn65gpluswc   3.600000  
C1448                     XOR2D0          tcbn65gpluswc   3.600000  
C1449                     XOR2D0          tcbn65gpluswc   3.600000  
C1450                     XOR2D0          tcbn65gpluswc   3.600000  
C1451                     XOR2D0          tcbn65gpluswc   3.600000  
C1452                     XOR2D0          tcbn65gpluswc   3.600000  
C1453                     XOR2D0          tcbn65gpluswc   3.600000  
C1454                     XOR2D0          tcbn65gpluswc   3.600000  
C1455                     XOR2D0          tcbn65gpluswc   3.600000  
C1456                     XOR2D0          tcbn65gpluswc   3.600000  
C1457                     XOR2D0          tcbn65gpluswc   3.600000  
C1458                     XOR2D0          tcbn65gpluswc   3.600000  
C1459                     XOR2D0          tcbn65gpluswc   3.600000  
C1460                     XOR2D0          tcbn65gpluswc   3.600000  
C1461                     XOR2D0          tcbn65gpluswc   3.600000  
C1462                     XOR2D0          tcbn65gpluswc   3.600000  
C1463                     XOR2D0          tcbn65gpluswc   3.600000  
C1464                     XOR2D0          tcbn65gpluswc   3.600000  
C1465                     XOR2D0          tcbn65gpluswc   3.600000  
C1466                     XOR2D0          tcbn65gpluswc   3.600000  
C1467                     XOR2D0          tcbn65gpluswc   3.600000  
C1468                     XOR2D0          tcbn65gpluswc   3.600000  
C1469                     XOR2D0          tcbn65gpluswc   3.600000  
C1470                     XOR2D0          tcbn65gpluswc   3.600000  
C1471                     XOR2D0          tcbn65gpluswc   3.600000  
C1472                     XOR2D0          tcbn65gpluswc   3.600000  
C1473                     XOR2D0          tcbn65gpluswc   3.600000  
C1474                     XOR2D0          tcbn65gpluswc   3.600000  
C1475                     XOR2D0          tcbn65gpluswc   3.600000  
C1476                     XOR2D0          tcbn65gpluswc   3.600000  
C1477                     XOR2D0          tcbn65gpluswc   3.600000  
C1478                     XOR2D0          tcbn65gpluswc   3.600000  
C1479                     XOR2D0          tcbn65gpluswc   3.600000  
C1480                     XOR2D0          tcbn65gpluswc   3.600000  
C1481                     XOR2D0          tcbn65gpluswc   3.600000  
C1482                     XOR2D0          tcbn65gpluswc   3.600000  
C1483                     XOR2D0          tcbn65gpluswc   3.600000  
C1484                     XOR2D0          tcbn65gpluswc   3.600000  
C1485                     XOR2D0          tcbn65gpluswc   3.600000  
C1486                     XOR2D0          tcbn65gpluswc   3.600000  
C1487                     XOR2D0          tcbn65gpluswc   3.600000  
C1488                     XOR2D0          tcbn65gpluswc   3.600000  
C1489                     XOR2D0          tcbn65gpluswc   3.600000  
C1490                     XOR2D0          tcbn65gpluswc   3.600000  
C1491                     XOR2D0          tcbn65gpluswc   3.600000  
C1492                     XOR2D0          tcbn65gpluswc   3.600000  
C1493                     XOR2D0          tcbn65gpluswc   3.600000  
C1494                     XOR2D0          tcbn65gpluswc   3.600000  
C1495                     XOR2D0          tcbn65gpluswc   3.600000  
C1496                     XOR2D0          tcbn65gpluswc   3.600000  
C1497                     XOR2D0          tcbn65gpluswc   3.600000  
C1498                     XOR2D0          tcbn65gpluswc   3.600000  
C1499                     XOR2D0          tcbn65gpluswc   3.600000  
C1500                     XOR2D0          tcbn65gpluswc   3.600000  
C1501                     XOR2D0          tcbn65gpluswc   3.600000  
C1502                     XOR2D0          tcbn65gpluswc   3.600000  
C1503                     XOR2D0          tcbn65gpluswc   3.600000  
C1504                     XOR2D0          tcbn65gpluswc   3.600000  
C1505                     XOR2D0          tcbn65gpluswc   3.600000  
C1506                     XOR2D0          tcbn65gpluswc   3.600000  
C1507                     XOR2D0          tcbn65gpluswc   3.600000  
C1508                     XOR2D0          tcbn65gpluswc   3.600000  
C1509                     XOR2D0          tcbn65gpluswc   3.600000  
C1510                     XOR2D0          tcbn65gpluswc   3.600000  
C1511                     XOR2D0          tcbn65gpluswc   3.600000  
C1512                     XOR2D0          tcbn65gpluswc   3.600000  
C1513                     XOR2D0          tcbn65gpluswc   3.600000  
C1514                     XOR2D0          tcbn65gpluswc   3.600000  
C1515                     XOR2D0          tcbn65gpluswc   3.600000  
C1516                     XOR2D0          tcbn65gpluswc   3.600000  
C1517                     XOR2D0          tcbn65gpluswc   3.600000  
C1518                     XOR2D0          tcbn65gpluswc   3.600000  
C1519                     XOR2D0          tcbn65gpluswc   3.600000  
C1520                     XOR2D0          tcbn65gpluswc   3.600000  
C1521                     XOR2D0          tcbn65gpluswc   3.600000  
C1522                     XOR2D0          tcbn65gpluswc   3.600000  
C1523                     XOR2D0          tcbn65gpluswc   3.600000  
C1524                     XOR2D0          tcbn65gpluswc   3.600000  
C1525                     XOR2D0          tcbn65gpluswc   3.600000  
C1526                     XOR2D0          tcbn65gpluswc   3.600000  
C1527                     XOR2D0          tcbn65gpluswc   3.600000  
C1528                     XOR2D0          tcbn65gpluswc   3.600000  
C1529                     XOR2D0          tcbn65gpluswc   3.600000  
C1530                     XOR2D0          tcbn65gpluswc   3.600000  
C1531                     XOR2D0          tcbn65gpluswc   3.600000  
C1532                     XOR2D0          tcbn65gpluswc   3.600000  
C1533                     XOR2D0          tcbn65gpluswc   3.600000  
C1534                     XOR2D0          tcbn65gpluswc   3.600000  
C1535                     XOR2D0          tcbn65gpluswc   3.600000  
C1536                     XOR2D0          tcbn65gpluswc   3.600000  
C1537                     XOR2D0          tcbn65gpluswc   3.600000  
C1538                     XOR2D0          tcbn65gpluswc   3.600000  
C1539                     XOR2D0          tcbn65gpluswc   3.600000  
C1540                     XOR2D0          tcbn65gpluswc   3.600000  
C1541                     OR2D0           tcbn65gpluswc   2.160000  
C1542                     AN2D0           tcbn65gpluswc   2.160000  
C1543                     OR2D0           tcbn65gpluswc   2.160000  
C1544                     AN2D0           tcbn65gpluswc   2.160000  
C1545                     OR2D0           tcbn65gpluswc   2.160000  
C1546                     AN2D0           tcbn65gpluswc   2.160000  
C1547                     OR2D0           tcbn65gpluswc   2.160000  
C1548                     AN2D0           tcbn65gpluswc   2.160000  
C1549                     OR2D0           tcbn65gpluswc   2.160000  
C1550                     AN2D0           tcbn65gpluswc   2.160000  
C1551                     OR2D0           tcbn65gpluswc   2.160000  
C1552                     AN2D0           tcbn65gpluswc   2.160000  
C1553                     OR2D0           tcbn65gpluswc   2.160000  
C1554                     AN2D0           tcbn65gpluswc   2.160000  
C1555                     OR2D0           tcbn65gpluswc   2.160000  
C1556                     AN2D0           tcbn65gpluswc   2.160000  
C1557                     OR2D0           tcbn65gpluswc   2.160000  
C1558                     AN2D0           tcbn65gpluswc   2.160000  
C1559                     OR2D0           tcbn65gpluswc   2.160000  
C1560                     AN2D0           tcbn65gpluswc   2.160000  
C1561                     OR2D0           tcbn65gpluswc   2.160000  
C1562                     AN2D0           tcbn65gpluswc   2.160000  
C1563                     OR2D0           tcbn65gpluswc   2.160000  
C1564                     AN2D0           tcbn65gpluswc   2.160000  
C1565                     OR2D0           tcbn65gpluswc   2.160000  
C1566                     AN2D0           tcbn65gpluswc   2.160000  
C1567                     OR2D0           tcbn65gpluswc   2.160000  
C1568                     AN2D0           tcbn65gpluswc   2.160000  
C1569                     OR2D0           tcbn65gpluswc   2.160000  
C1570                     AN2D0           tcbn65gpluswc   2.160000  
C1571                     OR2D0           tcbn65gpluswc   2.160000  
C1572                     AN2D0           tcbn65gpluswc   2.160000  
C1573                     OR2D0           tcbn65gpluswc   2.160000  
C1574                     AN2D0           tcbn65gpluswc   2.160000  
C1575                     OR2D0           tcbn65gpluswc   2.160000  
C1576                     AN2D0           tcbn65gpluswc   2.160000  
C1577                     OR2D0           tcbn65gpluswc   2.160000  
C1578                     AN2D0           tcbn65gpluswc   2.160000  
C1579                     OR2D0           tcbn65gpluswc   2.160000  
C1580                     AN2D0           tcbn65gpluswc   2.160000  
C1581                     OR2D0           tcbn65gpluswc   2.160000  
C1582                     AN2D0           tcbn65gpluswc   2.160000  
C1583                     OR2D0           tcbn65gpluswc   2.160000  
C1584                     AN2D0           tcbn65gpluswc   2.160000  
C1585                     OR2D0           tcbn65gpluswc   2.160000  
C1586                     AN2D0           tcbn65gpluswc   2.160000  
C1587                     OR2D0           tcbn65gpluswc   2.160000  
C1588                     AN2D0           tcbn65gpluswc   2.160000  
C1589                     OR2D0           tcbn65gpluswc   2.160000  
C1590                     AN2D0           tcbn65gpluswc   2.160000  
C1591                     OR2D0           tcbn65gpluswc   2.160000  
C1592                     AN2D0           tcbn65gpluswc   2.160000  
C1593                     OR2D0           tcbn65gpluswc   2.160000  
C1594                     AN2D0           tcbn65gpluswc   2.160000  
C1595                     OR2D0           tcbn65gpluswc   2.160000  
C1596                     AN2D0           tcbn65gpluswc   2.160000  
C1597                     OR2D0           tcbn65gpluswc   2.160000  
C1598                     AN2D0           tcbn65gpluswc   2.160000  
C1599                     OR2D0           tcbn65gpluswc   2.160000  
C1600                     AN2D0           tcbn65gpluswc   2.160000  
C1601                     OR2D0           tcbn65gpluswc   2.160000  
C1602                     AN2D0           tcbn65gpluswc   2.160000  
C1603                     OR2D0           tcbn65gpluswc   2.160000  
C1604                     AN2D0           tcbn65gpluswc   2.160000  
C1605                     OR2D0           tcbn65gpluswc   2.160000  
C1606                     AN2D0           tcbn65gpluswc   2.160000  
C1607                     OR2D0           tcbn65gpluswc   2.160000  
C1608                     AN2D0           tcbn65gpluswc   2.160000  
C1609                     OR2D0           tcbn65gpluswc   2.160000  
C1610                     AN2D0           tcbn65gpluswc   2.160000  
C1611                     OR2D0           tcbn65gpluswc   2.160000  
C1612                     AN2D0           tcbn65gpluswc   2.160000  
C1613                     OR2D0           tcbn65gpluswc   2.160000  
C1614                     AN2D0           tcbn65gpluswc   2.160000  
C1615                     OR2D0           tcbn65gpluswc   2.160000  
C1616                     AN2D0           tcbn65gpluswc   2.160000  
C1617                     OR2D0           tcbn65gpluswc   2.160000  
C1618                     AN2D0           tcbn65gpluswc   2.160000  
C1619                     OR2D0           tcbn65gpluswc   2.160000  
C1620                     AN2D0           tcbn65gpluswc   2.160000  
C1621                     OR2D0           tcbn65gpluswc   2.160000  
C1622                     AN2D0           tcbn65gpluswc   2.160000  
C1623                     OR2D0           tcbn65gpluswc   2.160000  
C1624                     AN2D0           tcbn65gpluswc   2.160000  
C1625                     OR2D0           tcbn65gpluswc   2.160000  
C1626                     AN2D0           tcbn65gpluswc   2.160000  
C1627                     OR2D0           tcbn65gpluswc   2.160000  
C1628                     AN2D0           tcbn65gpluswc   2.160000  
C1629                     OR2D0           tcbn65gpluswc   2.160000  
C1630                     AN2D0           tcbn65gpluswc   2.160000  
C1631                     OR2D0           tcbn65gpluswc   2.160000  
C1632                     AN2D0           tcbn65gpluswc   2.160000  
C1633                     OR2D0           tcbn65gpluswc   2.160000  
C1634                     AN2D0           tcbn65gpluswc   2.160000  
C1635                     OR2D0           tcbn65gpluswc   2.160000  
C1636                     AN2D0           tcbn65gpluswc   2.160000  
C1637                     OR2D0           tcbn65gpluswc   2.160000  
C1638                     AN2D0           tcbn65gpluswc   2.160000  
C1639                     OR2D0           tcbn65gpluswc   2.160000  
C1640                     AN2D0           tcbn65gpluswc   2.160000  
C1641                     OR2D0           tcbn65gpluswc   2.160000  
C1642                     AN2D0           tcbn65gpluswc   2.160000  
C1643                     OR2D0           tcbn65gpluswc   2.160000  
C1644                     AN2D0           tcbn65gpluswc   2.160000  
C1645                     OR2D0           tcbn65gpluswc   2.160000  
C1646                     AN2D0           tcbn65gpluswc   2.160000  
C1647                     OR2D0           tcbn65gpluswc   2.160000  
C1648                     AN2D0           tcbn65gpluswc   2.160000  
C1649                     OR2D0           tcbn65gpluswc   2.160000  
C1650                     AN2D0           tcbn65gpluswc   2.160000  
C1651                     OR2D0           tcbn65gpluswc   2.160000  
C1652                     AN2D0           tcbn65gpluswc   2.160000  
C1653                     OR2D0           tcbn65gpluswc   2.160000  
C1654                     AN2D0           tcbn65gpluswc   2.160000  
C1655                     OR2D0           tcbn65gpluswc   2.160000  
C1656                     AN2D0           tcbn65gpluswc   2.160000  
C1657                     OR2D0           tcbn65gpluswc   2.160000  
C1658                     AN2D0           tcbn65gpluswc   2.160000  
C1659                     OR2D0           tcbn65gpluswc   2.160000  
C1660                     AN2D0           tcbn65gpluswc   2.160000  
C1661                     OR2D0           tcbn65gpluswc   2.160000  
C1662                     AN2D0           tcbn65gpluswc   2.160000  
C1663                     OR2D0           tcbn65gpluswc   2.160000  
C1664                     AN2D0           tcbn65gpluswc   2.160000  
C1665                     OR2D0           tcbn65gpluswc   2.160000  
C1666                     AN2D0           tcbn65gpluswc   2.160000  
C1667                     OR2D0           tcbn65gpluswc   2.160000  
C1668                     AN2D0           tcbn65gpluswc   2.160000  
C1669                     OR2D0           tcbn65gpluswc   2.160000  
C1670                     AN2D0           tcbn65gpluswc   2.160000  
C1671                     OR2D0           tcbn65gpluswc   2.160000  
C1672                     AN2D0           tcbn65gpluswc   2.160000  
C1673                     OR2D0           tcbn65gpluswc   2.160000  
C1674                     AN2D0           tcbn65gpluswc   2.160000  
C1675                     OR2D0           tcbn65gpluswc   2.160000  
C1676                     AN2D0           tcbn65gpluswc   2.160000  
C1677                     OR2D0           tcbn65gpluswc   2.160000  
C1678                     AN2D0           tcbn65gpluswc   2.160000  
C1679                     OR2D0           tcbn65gpluswc   2.160000  
C1680                     AN2D0           tcbn65gpluswc   2.160000  
C1681                     OR2D0           tcbn65gpluswc   2.160000  
C1682                     AN2D0           tcbn65gpluswc   2.160000  
C1683                     OR2D0           tcbn65gpluswc   2.160000  
C1684                     AN2D0           tcbn65gpluswc   2.160000  
C1685                     OR2D0           tcbn65gpluswc   2.160000  
C1686                     AN2D0           tcbn65gpluswc   2.160000  
C1687                     OR2D0           tcbn65gpluswc   2.160000  
C1688                     AN2D0           tcbn65gpluswc   2.160000  
C1689                     OR2D0           tcbn65gpluswc   2.160000  
C1690                     AN2D0           tcbn65gpluswc   2.160000  
C1691                     OR2D0           tcbn65gpluswc   2.160000  
C1692                     AN2D0           tcbn65gpluswc   2.160000  
C1693                     OR2D0           tcbn65gpluswc   2.160000  
C1694                     AN2D0           tcbn65gpluswc   2.160000  
C1695                     OR2D0           tcbn65gpluswc   2.160000  
C1696                     AN2D0           tcbn65gpluswc   2.160000  
C1697                     OR2D0           tcbn65gpluswc   2.160000  
C1698                     AN2D0           tcbn65gpluswc   2.160000  
C1699                     OR2D0           tcbn65gpluswc   2.160000  
C1700                     AN2D0           tcbn65gpluswc   2.160000  
C1701                     OR2D0           tcbn65gpluswc   2.160000  
C1702                     AN2D0           tcbn65gpluswc   2.160000  
C1703                     OR2D0           tcbn65gpluswc   2.160000  
C1704                     AN2D0           tcbn65gpluswc   2.160000  
C1705                     OR2D0           tcbn65gpluswc   2.160000  
C1706                     AN2D0           tcbn65gpluswc   2.160000  
C1707                     OR2D0           tcbn65gpluswc   2.160000  
C1708                     AN2D0           tcbn65gpluswc   2.160000  
C1709                     OR2D0           tcbn65gpluswc   2.160000  
C1710                     AN2D0           tcbn65gpluswc   2.160000  
C1711                     OR2D0           tcbn65gpluswc   2.160000  
C1712                     AN2D0           tcbn65gpluswc   2.160000  
C1713                     OR2D0           tcbn65gpluswc   2.160000  
C1714                     AN2D0           tcbn65gpluswc   2.160000  
C1715                     OR2D0           tcbn65gpluswc   2.160000  
C1716                     AN2D0           tcbn65gpluswc   2.160000  
C1717                     OR2D0           tcbn65gpluswc   2.160000  
C1718                     AN2D0           tcbn65gpluswc   2.160000  
C1719                     OR2D0           tcbn65gpluswc   2.160000  
C1720                     AN2D0           tcbn65gpluswc   2.160000  
C1721                     OR2D0           tcbn65gpluswc   2.160000  
C1722                     AN2D0           tcbn65gpluswc   2.160000  
C1723                     OR2D0           tcbn65gpluswc   2.160000  
C1724                     AN2D0           tcbn65gpluswc   2.160000  
C1725                     OR2D0           tcbn65gpluswc   2.160000  
C1726                     AN2D0           tcbn65gpluswc   2.160000  
C1727                     OR2D0           tcbn65gpluswc   2.160000  
C1728                     AN2D0           tcbn65gpluswc   2.160000  
C1729                     OR2D0           tcbn65gpluswc   2.160000  
C1730                     AN2D0           tcbn65gpluswc   2.160000  
C1731                     OR2D0           tcbn65gpluswc   2.160000  
C1732                     AN2D0           tcbn65gpluswc   2.160000  
C1733                     OR2D0           tcbn65gpluswc   2.160000  
C1734                     AN2D0           tcbn65gpluswc   2.160000  
C1735                     OR2D0           tcbn65gpluswc   2.160000  
C1736                     AN2D0           tcbn65gpluswc   2.160000  
C1737                     OR2D0           tcbn65gpluswc   2.160000  
C1738                     AN2D0           tcbn65gpluswc   2.160000  
C1739                     OR2D0           tcbn65gpluswc   2.160000  
C1740                     AN2D0           tcbn65gpluswc   2.160000  
C1741                     OR2D0           tcbn65gpluswc   2.160000  
C1742                     AN2D0           tcbn65gpluswc   2.160000  
C1743                     OR2D0           tcbn65gpluswc   2.160000  
C1744                     AN2D0           tcbn65gpluswc   2.160000  
C1745                     OR2D0           tcbn65gpluswc   2.160000  
C1746                     AN2D0           tcbn65gpluswc   2.160000  
C1747                     OR2D0           tcbn65gpluswc   2.160000  
C1748                     AN2D0           tcbn65gpluswc   2.160000  
C1749                     OR2D0           tcbn65gpluswc   2.160000  
C1750                     AN2D0           tcbn65gpluswc   2.160000  
C1751                     OR2D0           tcbn65gpluswc   2.160000  
C1752                     AN2D0           tcbn65gpluswc   2.160000  
C1753                     OR2D0           tcbn65gpluswc   2.160000  
C1754                     AN2D0           tcbn65gpluswc   2.160000  
C1755                     OR2D0           tcbn65gpluswc   2.160000  
C1756                     AN2D0           tcbn65gpluswc   2.160000  
C1757                     OR2D0           tcbn65gpluswc   2.160000  
C1758                     AN2D0           tcbn65gpluswc   2.160000  
C1759                     OR2D0           tcbn65gpluswc   2.160000  
C1760                     AN2D0           tcbn65gpluswc   2.160000  
C1761                     OR2D0           tcbn65gpluswc   2.160000  
C1762                     AN2D0           tcbn65gpluswc   2.160000  
C1763                     OR2D0           tcbn65gpluswc   2.160000  
C1764                     AN2D0           tcbn65gpluswc   2.160000  
C1765                     OR2D0           tcbn65gpluswc   2.160000  
C1766                     AN2D0           tcbn65gpluswc   2.160000  
C1767                     OR2D0           tcbn65gpluswc   2.160000  
C1768                     AN2D0           tcbn65gpluswc   2.160000  
C1769                     OR2D0           tcbn65gpluswc   2.160000  
C1770                     AN2D0           tcbn65gpluswc   2.160000  
C1771                     OR2D0           tcbn65gpluswc   2.160000  
C1772                     AN2D0           tcbn65gpluswc   2.160000  
C1773                     OR2D0           tcbn65gpluswc   2.160000  
C1774                     AN2D0           tcbn65gpluswc   2.160000  
C1775                     OR2D0           tcbn65gpluswc   2.160000  
C1776                     AN2D0           tcbn65gpluswc   2.160000  
C1777                     OR2D0           tcbn65gpluswc   2.160000  
C1778                     AN2D0           tcbn65gpluswc   2.160000  
C1779                     OR2D0           tcbn65gpluswc   2.160000  
C1780                     AN2D0           tcbn65gpluswc   2.160000  
C1781                     OR2D0           tcbn65gpluswc   2.160000  
C1782                     AN2D0           tcbn65gpluswc   2.160000  
C1783                     OR2D0           tcbn65gpluswc   2.160000  
C1784                     AN2D0           tcbn65gpluswc   2.160000  
C1785                     OR2D0           tcbn65gpluswc   2.160000  
C1786                     AN2D0           tcbn65gpluswc   2.160000  
C1787                     OR2D0           tcbn65gpluswc   2.160000  
C1788                     AN2D0           tcbn65gpluswc   2.160000  
C1789                     OR2D0           tcbn65gpluswc   2.160000  
C1790                     AN2D0           tcbn65gpluswc   2.160000  
C1791                     OR2D0           tcbn65gpluswc   2.160000  
C1792                     AN2D0           tcbn65gpluswc   2.160000  
C1793                     OR2D0           tcbn65gpluswc   2.160000  
C1794                     AN2D0           tcbn65gpluswc   2.160000  
C1795                     OR2D0           tcbn65gpluswc   2.160000  
C1796                     AN2D0           tcbn65gpluswc   2.160000  
C1797                     OR2D0           tcbn65gpluswc   2.160000  
C1798                     AN2D0           tcbn65gpluswc   2.160000  
C1799                     OR2D0           tcbn65gpluswc   2.160000  
C1800                     AN2D0           tcbn65gpluswc   2.160000  
C1801                     OR2D0           tcbn65gpluswc   2.160000  
C1802                     AN2D0           tcbn65gpluswc   2.160000  
C1803                     OR2D0           tcbn65gpluswc   2.160000  
C1804                     AN2D0           tcbn65gpluswc   2.160000  
C1805                     OR2D0           tcbn65gpluswc   2.160000  
C1806                     AN2D0           tcbn65gpluswc   2.160000  
C1807                     OR2D0           tcbn65gpluswc   2.160000  
C1808                     AN2D0           tcbn65gpluswc   2.160000  
C1809                     OR2D0           tcbn65gpluswc   2.160000  
C1810                     AN2D0           tcbn65gpluswc   2.160000  
C1811                     OR2D0           tcbn65gpluswc   2.160000  
C1812                     AN2D0           tcbn65gpluswc   2.160000  
C1813                     OR2D0           tcbn65gpluswc   2.160000  
C1814                     AN2D0           tcbn65gpluswc   2.160000  
C1815                     OR2D0           tcbn65gpluswc   2.160000  
C1816                     AN2D0           tcbn65gpluswc   2.160000  
C1817                     OR2D0           tcbn65gpluswc   2.160000  
C1818                     AN2D0           tcbn65gpluswc   2.160000  
C1819                     OR2D0           tcbn65gpluswc   2.160000  
C1820                     AN2D0           tcbn65gpluswc   2.160000  
C1821                     OR2D0           tcbn65gpluswc   2.160000  
C1822                     AN2D0           tcbn65gpluswc   2.160000  
C1823                     OR2D0           tcbn65gpluswc   2.160000  
C1824                     AN2D0           tcbn65gpluswc   2.160000  
C1825                     OR2D0           tcbn65gpluswc   2.160000  
C1826                     AN2D0           tcbn65gpluswc   2.160000  
C1827                     OR2D0           tcbn65gpluswc   2.160000  
C1828                     AN2D0           tcbn65gpluswc   2.160000  
C1829                     OR2D0           tcbn65gpluswc   2.160000  
C1830                     AN2D0           tcbn65gpluswc   2.160000  
C1831                     OR2D0           tcbn65gpluswc   2.160000  
C1832                     AN2D0           tcbn65gpluswc   2.160000  
C1833                     OR2D0           tcbn65gpluswc   2.160000  
C1834                     AN2D0           tcbn65gpluswc   2.160000  
C1835                     OR2D0           tcbn65gpluswc   2.160000  
C1836                     AN2D0           tcbn65gpluswc   2.160000  
C1837                     OR2D0           tcbn65gpluswc   2.160000  
C1838                     AN2D0           tcbn65gpluswc   2.160000  
C1839                     OR2D0           tcbn65gpluswc   2.160000  
C1840                     AN2D0           tcbn65gpluswc   2.160000  
C1841                     OR2D0           tcbn65gpluswc   2.160000  
C1842                     AN2D0           tcbn65gpluswc   2.160000  
C1843                     OR2D0           tcbn65gpluswc   2.160000  
C1844                     AN2D0           tcbn65gpluswc   2.160000  
C1845                     OR2D0           tcbn65gpluswc   2.160000  
C1846                     AN2D0           tcbn65gpluswc   2.160000  
C1847                     OR2D0           tcbn65gpluswc   2.160000  
C1848                     AN2D0           tcbn65gpluswc   2.160000  
C1849                     OR2D0           tcbn65gpluswc   2.160000  
C1850                     AN2D0           tcbn65gpluswc   2.160000  
C1851                     OR2D0           tcbn65gpluswc   2.160000  
C1852                     AN2D0           tcbn65gpluswc   2.160000  
C1853                     OR2D0           tcbn65gpluswc   2.160000  
C1854                     AN2D0           tcbn65gpluswc   2.160000  
C1855                     OR2D0           tcbn65gpluswc   2.160000  
C1856                     AN2D0           tcbn65gpluswc   2.160000  
C1857                     OR2D0           tcbn65gpluswc   2.160000  
C1858                     AN2D0           tcbn65gpluswc   2.160000  
C1859                     OR2D0           tcbn65gpluswc   2.160000  
C1860                     AN2D0           tcbn65gpluswc   2.160000  
C1861                     OR2D0           tcbn65gpluswc   2.160000  
C1862                     AN2D0           tcbn65gpluswc   2.160000  
C1863                     OR2D0           tcbn65gpluswc   2.160000  
C1864                     AN2D0           tcbn65gpluswc   2.160000  
C1865                     OR2D0           tcbn65gpluswc   2.160000  
C1866                     AN2D0           tcbn65gpluswc   2.160000  
C1867                     OR2D0           tcbn65gpluswc   2.160000  
C1868                     AN2D0           tcbn65gpluswc   2.160000  
C1869                     OR2D0           tcbn65gpluswc   2.160000  
C1870                     AN2D0           tcbn65gpluswc   2.160000  
C1871                     OR2D0           tcbn65gpluswc   2.160000  
C1872                     AN2D0           tcbn65gpluswc   2.160000  
C1873                     OR2D0           tcbn65gpluswc   2.160000  
C1874                     AN2D0           tcbn65gpluswc   2.160000  
C1875                     OR2D0           tcbn65gpluswc   2.160000  
C1876                     AN2D0           tcbn65gpluswc   2.160000  
C1877                     OR2D0           tcbn65gpluswc   2.160000  
C1878                     AN2D0           tcbn65gpluswc   2.160000  
C1879                     OR2D0           tcbn65gpluswc   2.160000  
C1880                     AN2D0           tcbn65gpluswc   2.160000  
C1881                     OR2D0           tcbn65gpluswc   2.160000  
C1882                     AN2D0           tcbn65gpluswc   2.160000  
C1883                     OR2D0           tcbn65gpluswc   2.160000  
C1884                     AN2D0           tcbn65gpluswc   2.160000  
C1885                     OR2D0           tcbn65gpluswc   2.160000  
C1886                     AN2D0           tcbn65gpluswc   2.160000  
C1887                     OR2D0           tcbn65gpluswc   2.160000  
C1888                     AN2D0           tcbn65gpluswc   2.160000  
C1889                     OR2D0           tcbn65gpluswc   2.160000  
C1890                     AN2D0           tcbn65gpluswc   2.160000  
C1891                     OR2D0           tcbn65gpluswc   2.160000  
C1892                     AN2D0           tcbn65gpluswc   2.160000  
C1893                     OR2D0           tcbn65gpluswc   2.160000  
C1894                     AN2D0           tcbn65gpluswc   2.160000  
C1895                     OR2D0           tcbn65gpluswc   2.160000  
C1896                     AN2D0           tcbn65gpluswc   2.160000  
C1897                     OR2D0           tcbn65gpluswc   2.160000  
C1898                     AN2D0           tcbn65gpluswc   2.160000  
C1899                     OR2D0           tcbn65gpluswc   2.160000  
C1900                     AN2D0           tcbn65gpluswc   2.160000  
C1901                     OR2D0           tcbn65gpluswc   2.160000  
C1902                     AN2D0           tcbn65gpluswc   2.160000  
C1903                     OR2D0           tcbn65gpluswc   2.160000  
C1904                     AN2D0           tcbn65gpluswc   2.160000  
C1905                     OR2D0           tcbn65gpluswc   2.160000  
C1906                     AN2D0           tcbn65gpluswc   2.160000  
C1907                     OR2D0           tcbn65gpluswc   2.160000  
C1908                     AN2D0           tcbn65gpluswc   2.160000  
C1909                     OR2D0           tcbn65gpluswc   2.160000  
C1910                     AN2D0           tcbn65gpluswc   2.160000  
C1911                     OR2D0           tcbn65gpluswc   2.160000  
C1912                     AN2D0           tcbn65gpluswc   2.160000  
C1913                     OR2D0           tcbn65gpluswc   2.160000  
C1914                     AN2D0           tcbn65gpluswc   2.160000  
C1915                     OR2D0           tcbn65gpluswc   2.160000  
C1916                     AN2D0           tcbn65gpluswc   2.160000  
C1917                     OR2D0           tcbn65gpluswc   2.160000  
C1918                     AN2D0           tcbn65gpluswc   2.160000  
C1919                     OR2D0           tcbn65gpluswc   2.160000  
C1920                     AN2D0           tcbn65gpluswc   2.160000  
C1921                     OR2D0           tcbn65gpluswc   2.160000  
C1922                     AN2D0           tcbn65gpluswc   2.160000  
C1923                     OR2D0           tcbn65gpluswc   2.160000  
C1924                     AN2D0           tcbn65gpluswc   2.160000  
C1925                     OR2D0           tcbn65gpluswc   2.160000  
C1926                     AN2D0           tcbn65gpluswc   2.160000  
C1927                     OR2D0           tcbn65gpluswc   2.160000  
C1928                     AN2D0           tcbn65gpluswc   2.160000  
C1929                     OR2D0           tcbn65gpluswc   2.160000  
C1930                     AN2D0           tcbn65gpluswc   2.160000  
C1931                     OR2D0           tcbn65gpluswc   2.160000  
C1932                     AN2D0           tcbn65gpluswc   2.160000  
C1933                     OR2D0           tcbn65gpluswc   2.160000  
C1934                     AN2D0           tcbn65gpluswc   2.160000  
C1935                     OR2D0           tcbn65gpluswc   2.160000  
C1936                     AN2D0           tcbn65gpluswc   2.160000  
C1937                     OR2D0           tcbn65gpluswc   2.160000  
C1938                     AN2D0           tcbn65gpluswc   2.160000  
C1939                     OR2D0           tcbn65gpluswc   2.160000  
C1940                     AN2D0           tcbn65gpluswc   2.160000  
C1941                     OR2D0           tcbn65gpluswc   2.160000  
C1942                     AN2D0           tcbn65gpluswc   2.160000  
C1943                     OR2D0           tcbn65gpluswc   2.160000  
C1944                     AN2D0           tcbn65gpluswc   2.160000  
C1945                     OR2D0           tcbn65gpluswc   2.160000  
C1946                     AN2D0           tcbn65gpluswc   2.160000  
C1947                     OR2D0           tcbn65gpluswc   2.160000  
C1948                     AN2D0           tcbn65gpluswc   2.160000  
C1949                     OR2D0           tcbn65gpluswc   2.160000  
C1950                     AN2D0           tcbn65gpluswc   2.160000  
C1951                     OR2D0           tcbn65gpluswc   2.160000  
C1952                     AN2D0           tcbn65gpluswc   2.160000  
C1953                     OR2D0           tcbn65gpluswc   2.160000  
C1954                     AN2D0           tcbn65gpluswc   2.160000  
C1955                     OR2D0           tcbn65gpluswc   2.160000  
C1956                     AN2D0           tcbn65gpluswc   2.160000  
C1957                     OR2D0           tcbn65gpluswc   2.160000  
C1958                     AN2D0           tcbn65gpluswc   2.160000  
C1959                     OR2D0           tcbn65gpluswc   2.160000  
C1960                     AN2D0           tcbn65gpluswc   2.160000  
C1961                     OR2D0           tcbn65gpluswc   2.160000  
C1962                     AN2D0           tcbn65gpluswc   2.160000  
C1963                     OR2D0           tcbn65gpluswc   2.160000  
C1964                     AN2D0           tcbn65gpluswc   2.160000  
C1965                     OR2D0           tcbn65gpluswc   2.160000  
C1966                     AN2D0           tcbn65gpluswc   2.160000  
C1967                     OR2D0           tcbn65gpluswc   2.160000  
C1968                     AN2D0           tcbn65gpluswc   2.160000  
C1969                     OR2D0           tcbn65gpluswc   2.160000  
C1970                     AN2D0           tcbn65gpluswc   2.160000  
C1971                     OR2D0           tcbn65gpluswc   2.160000  
C1972                     AN2D0           tcbn65gpluswc   2.160000  
C1973                     OR2D0           tcbn65gpluswc   2.160000  
C1974                     AN2D0           tcbn65gpluswc   2.160000  
C1975                     OR2D0           tcbn65gpluswc   2.160000  
C1976                     AN2D0           tcbn65gpluswc   2.160000  
C1977                     OR2D0           tcbn65gpluswc   2.160000  
C1978                     AN2D0           tcbn65gpluswc   2.160000  
C1979                     OR2D0           tcbn65gpluswc   2.160000  
C1980                     AN2D0           tcbn65gpluswc   2.160000  
C1981                     OR2D0           tcbn65gpluswc   2.160000  
C1982                     AN2D0           tcbn65gpluswc   2.160000  
C1983                     OR2D0           tcbn65gpluswc   2.160000  
C1984                     AN2D0           tcbn65gpluswc   2.160000  
C1985                     OR2D0           tcbn65gpluswc   2.160000  
C1986                     AN2D0           tcbn65gpluswc   2.160000  
C1987                     OR2D0           tcbn65gpluswc   2.160000  
C1988                     AN2D0           tcbn65gpluswc   2.160000  
C1989                     OR2D0           tcbn65gpluswc   2.160000  
C1990                     AN2D0           tcbn65gpluswc   2.160000  
C1991                     OR2D0           tcbn65gpluswc   2.160000  
C1992                     AN2D0           tcbn65gpluswc   2.160000  
C1993                     OR2D0           tcbn65gpluswc   2.160000  
C1994                     AN2D0           tcbn65gpluswc   2.160000  
C1995                     OR2D0           tcbn65gpluswc   2.160000  
C1996                     AN2D0           tcbn65gpluswc   2.160000  
C1997                     OR2D0           tcbn65gpluswc   2.160000  
C1998                     AN2D0           tcbn65gpluswc   2.160000  
C1999                     OR2D0           tcbn65gpluswc   2.160000  
C2000                     AN2D0           tcbn65gpluswc   2.160000  
C2001                     OR2D0           tcbn65gpluswc   2.160000  
C2002                     AN2D0           tcbn65gpluswc   2.160000  
C2003                     OR2D0           tcbn65gpluswc   2.160000  
C2004                     AN2D0           tcbn65gpluswc   2.160000  
C2005                     OR2D0           tcbn65gpluswc   2.160000  
C2006                     AN2D0           tcbn65gpluswc   2.160000  
C2007                     OR2D0           tcbn65gpluswc   2.160000  
C2008                     AN2D0           tcbn65gpluswc   2.160000  
C2009                     OR2D0           tcbn65gpluswc   2.160000  
C2010                     AN2D0           tcbn65gpluswc   2.160000  
C2011                     OR2D0           tcbn65gpluswc   2.160000  
C2012                     AN2D0           tcbn65gpluswc   2.160000  
C2013                     OR2D0           tcbn65gpluswc   2.160000  
C2014                     AN2D0           tcbn65gpluswc   2.160000  
C2015                     OR2D0           tcbn65gpluswc   2.160000  
C2016                     AN2D0           tcbn65gpluswc   2.160000  
C2017                     OR2D0           tcbn65gpluswc   2.160000  
C2018                     AN2D0           tcbn65gpluswc   2.160000  
C2019                     OR2D0           tcbn65gpluswc   2.160000  
C2020                     AN2D0           tcbn65gpluswc   2.160000  
C2021                     OR2D0           tcbn65gpluswc   2.160000  
C2022                     AN2D0           tcbn65gpluswc   2.160000  
C2023                     OR2D0           tcbn65gpluswc   2.160000  
C2024                     AN2D0           tcbn65gpluswc   2.160000  
C2025                     OR2D0           tcbn65gpluswc   2.160000  
C2026                     AN2D0           tcbn65gpluswc   2.160000  
C2027                     OR2D0           tcbn65gpluswc   2.160000  
C2028                     AN2D0           tcbn65gpluswc   2.160000  
C2029                     OR2D0           tcbn65gpluswc   2.160000  
C2030                     AN2D0           tcbn65gpluswc   2.160000  
C2031                     OR2D0           tcbn65gpluswc   2.160000  
C2032                     AN2D0           tcbn65gpluswc   2.160000  
C2033                     OR2D0           tcbn65gpluswc   2.160000  
C2034                     AN2D0           tcbn65gpluswc   2.160000  
C2035                     OR2D0           tcbn65gpluswc   2.160000  
C2036                     AN2D0           tcbn65gpluswc   2.160000  
C2037                     OR2D0           tcbn65gpluswc   2.160000  
C2038                     AN2D0           tcbn65gpluswc   2.160000  
C2039                     OR2D0           tcbn65gpluswc   2.160000  
C2040                     AN2D0           tcbn65gpluswc   2.160000  
C2041                     OR2D0           tcbn65gpluswc   2.160000  
C2042                     AN2D0           tcbn65gpluswc   2.160000  
C2043                     OR2D0           tcbn65gpluswc   2.160000  
C2044                     AN2D0           tcbn65gpluswc   2.160000  
C2045                     OR2D0           tcbn65gpluswc   2.160000  
C2046                     AN2D0           tcbn65gpluswc   2.160000  
C2047                     OR2D0           tcbn65gpluswc   2.160000  
C2048                     AN2D0           tcbn65gpluswc   2.160000  
C2049                     OR2D0           tcbn65gpluswc   2.160000  
C2050                     AN2D0           tcbn65gpluswc   2.160000  
C2051                     XOR2D0          tcbn65gpluswc   3.600000  
C2052                     XOR2D0          tcbn65gpluswc   3.600000  
C2053                     XOR2D0          tcbn65gpluswc   3.600000  
C2054                     XOR2D0          tcbn65gpluswc   3.600000  
C2055                     XOR2D0          tcbn65gpluswc   3.600000  
C2056                     XOR2D0          tcbn65gpluswc   3.600000  
C2057                     XOR2D0          tcbn65gpluswc   3.600000  
C2058                     XOR2D0          tcbn65gpluswc   3.600000  
C2059                     XOR2D0          tcbn65gpluswc   3.600000  
C2060                     XOR2D0          tcbn65gpluswc   3.600000  
C2061                     XOR2D0          tcbn65gpluswc   3.600000  
C2062                     XOR2D0          tcbn65gpluswc   3.600000  
C2063                     XOR2D0          tcbn65gpluswc   3.600000  
C2064                     XOR2D0          tcbn65gpluswc   3.600000  
C2065                     XOR2D0          tcbn65gpluswc   3.600000  
C2066                     XOR2D0          tcbn65gpluswc   3.600000  
C2067                     XOR2D0          tcbn65gpluswc   3.600000  
C2068                     XOR2D0          tcbn65gpluswc   3.600000  
C2069                     XOR2D0          tcbn65gpluswc   3.600000  
C2070                     XOR2D0          tcbn65gpluswc   3.600000  
C2071                     XOR2D0          tcbn65gpluswc   3.600000  
C2072                     XOR2D0          tcbn65gpluswc   3.600000  
C2073                     XOR2D0          tcbn65gpluswc   3.600000  
C2074                     XOR2D0          tcbn65gpluswc   3.600000  
C2075                     XOR2D0          tcbn65gpluswc   3.600000  
C2076                     XOR2D0          tcbn65gpluswc   3.600000  
C2077                     XOR2D0          tcbn65gpluswc   3.600000  
C2078                     XOR2D0          tcbn65gpluswc   3.600000  
C2079                     XOR2D0          tcbn65gpluswc   3.600000  
C2080                     XOR2D0          tcbn65gpluswc   3.600000  
C2081                     XOR2D0          tcbn65gpluswc   3.600000  
C2082                     XOR2D0          tcbn65gpluswc   3.600000  
C2083                     XOR2D0          tcbn65gpluswc   3.600000  
C2084                     XOR2D0          tcbn65gpluswc   3.600000  
C2085                     XOR2D0          tcbn65gpluswc   3.600000  
C2086                     XOR2D0          tcbn65gpluswc   3.600000  
C2087                     XOR2D0          tcbn65gpluswc   3.600000  
C2088                     XOR2D0          tcbn65gpluswc   3.600000  
C2089                     XOR2D0          tcbn65gpluswc   3.600000  
C2090                     XOR2D0          tcbn65gpluswc   3.600000  
C2091                     XOR2D0          tcbn65gpluswc   3.600000  
C2092                     XOR2D0          tcbn65gpluswc   3.600000  
C2093                     XOR2D0          tcbn65gpluswc   3.600000  
C2094                     XOR2D0          tcbn65gpluswc   3.600000  
C2095                     XOR2D0          tcbn65gpluswc   3.600000  
C2096                     XOR2D0          tcbn65gpluswc   3.600000  
C2097                     XOR2D0          tcbn65gpluswc   3.600000  
C2098                     XOR2D0          tcbn65gpluswc   3.600000  
C2099                     XOR2D0          tcbn65gpluswc   3.600000  
C2100                     XOR2D0          tcbn65gpluswc   3.600000  
C2101                     XOR2D0          tcbn65gpluswc   3.600000  
C2102                     XOR2D0          tcbn65gpluswc   3.600000  
C2103                     XOR2D0          tcbn65gpluswc   3.600000  
C2104                     XOR2D0          tcbn65gpluswc   3.600000  
C2105                     XOR2D0          tcbn65gpluswc   3.600000  
C2106                     XOR2D0          tcbn65gpluswc   3.600000  
C2107                     XOR2D0          tcbn65gpluswc   3.600000  
C2108                     XOR2D0          tcbn65gpluswc   3.600000  
C2109                     XOR2D0          tcbn65gpluswc   3.600000  
C2110                     XOR2D0          tcbn65gpluswc   3.600000  
C2111                     XOR2D0          tcbn65gpluswc   3.600000  
C2112                     XOR2D0          tcbn65gpluswc   3.600000  
C2113                     XOR2D0          tcbn65gpluswc   3.600000  
C2114                     XOR2D0          tcbn65gpluswc   3.600000  
C2115                     XOR2D0          tcbn65gpluswc   3.600000  
C2116                     XOR2D0          tcbn65gpluswc   3.600000  
C2117                     XOR2D0          tcbn65gpluswc   3.600000  
C2118                     XOR2D0          tcbn65gpluswc   3.600000  
C2119                     XOR2D0          tcbn65gpluswc   3.600000  
C2120                     XOR2D0          tcbn65gpluswc   3.600000  
C2121                     XOR2D0          tcbn65gpluswc   3.600000  
C2122                     XOR2D0          tcbn65gpluswc   3.600000  
C2123                     XOR2D0          tcbn65gpluswc   3.600000  
C2124                     XOR2D0          tcbn65gpluswc   3.600000  
C2125                     XOR2D0          tcbn65gpluswc   3.600000  
C2126                     XOR2D0          tcbn65gpluswc   3.600000  
C2127                     XOR2D0          tcbn65gpluswc   3.600000  
C2128                     XOR2D0          tcbn65gpluswc   3.600000  
C2129                     XOR2D0          tcbn65gpluswc   3.600000  
C2130                     XOR2D0          tcbn65gpluswc   3.600000  
C2131                     XOR2D0          tcbn65gpluswc   3.600000  
C2132                     XOR2D0          tcbn65gpluswc   3.600000  
C2133                     XOR2D0          tcbn65gpluswc   3.600000  
C2134                     XOR2D0          tcbn65gpluswc   3.600000  
C2135                     XOR2D0          tcbn65gpluswc   3.600000  
C2136                     XOR2D0          tcbn65gpluswc   3.600000  
C2137                     XOR2D0          tcbn65gpluswc   3.600000  
C2138                     XOR2D0          tcbn65gpluswc   3.600000  
C2139                     XOR2D0          tcbn65gpluswc   3.600000  
C2140                     XOR2D0          tcbn65gpluswc   3.600000  
C2141                     XOR2D0          tcbn65gpluswc   3.600000  
C2142                     XOR2D0          tcbn65gpluswc   3.600000  
C2143                     XOR2D0          tcbn65gpluswc   3.600000  
C2144                     XOR2D0          tcbn65gpluswc   3.600000  
C2145                     XOR2D0          tcbn65gpluswc   3.600000  
C2146                     XOR2D0          tcbn65gpluswc   3.600000  
C2147                     XOR2D0          tcbn65gpluswc   3.600000  
C2148                     XOR2D0          tcbn65gpluswc   3.600000  
C2149                     XOR2D0          tcbn65gpluswc   3.600000  
C2150                     XOR2D0          tcbn65gpluswc   3.600000  
C2151                     XOR2D0          tcbn65gpluswc   3.600000  
C2152                     XOR2D0          tcbn65gpluswc   3.600000  
C2153                     XOR2D0          tcbn65gpluswc   3.600000  
C2154                     XOR2D0          tcbn65gpluswc   3.600000  
C2155                     XOR2D0          tcbn65gpluswc   3.600000  
C2156                     XOR2D0          tcbn65gpluswc   3.600000  
C2157                     XOR2D0          tcbn65gpluswc   3.600000  
C2158                     XOR2D0          tcbn65gpluswc   3.600000  
C2159                     XOR2D0          tcbn65gpluswc   3.600000  
C2160                     XOR2D0          tcbn65gpluswc   3.600000  
C2161                     XOR2D0          tcbn65gpluswc   3.600000  
C2162                     XOR2D0          tcbn65gpluswc   3.600000  
C2163                     XOR2D0          tcbn65gpluswc   3.600000  
C2164                     XOR2D0          tcbn65gpluswc   3.600000  
C2165                     XOR2D0          tcbn65gpluswc   3.600000  
C2166                     XOR2D0          tcbn65gpluswc   3.600000  
C2167                     XOR2D0          tcbn65gpluswc   3.600000  
C2168                     XOR2D0          tcbn65gpluswc   3.600000  
C2169                     XOR2D0          tcbn65gpluswc   3.600000  
C2170                     XOR2D0          tcbn65gpluswc   3.600000  
C2171                     XOR2D0          tcbn65gpluswc   3.600000  
C2172                     XOR2D0          tcbn65gpluswc   3.600000  
C2173                     XOR2D0          tcbn65gpluswc   3.600000  
C2174                     XOR2D0          tcbn65gpluswc   3.600000  
C2175                     XOR2D0          tcbn65gpluswc   3.600000  
C2176                     XOR2D0          tcbn65gpluswc   3.600000  
C2177                     XOR2D0          tcbn65gpluswc   3.600000  
C2178                     XOR2D0          tcbn65gpluswc   3.600000  
C2179                     XOR2D0          tcbn65gpluswc   3.600000  
C2180                     XOR2D0          tcbn65gpluswc   3.600000  
C2181                     XOR2D0          tcbn65gpluswc   3.600000  
C2182                     XOR2D0          tcbn65gpluswc   3.600000  
C2183                     XOR2D0          tcbn65gpluswc   3.600000  
C2184                     XOR2D0          tcbn65gpluswc   3.600000  
C2185                     XOR2D0          tcbn65gpluswc   3.600000  
C2186                     XOR2D0          tcbn65gpluswc   3.600000  
C2187                     XOR2D0          tcbn65gpluswc   3.600000  
C2188                     XOR2D0          tcbn65gpluswc   3.600000  
C2189                     XOR2D0          tcbn65gpluswc   3.600000  
C2190                     XOR2D0          tcbn65gpluswc   3.600000  
C2191                     XOR2D0          tcbn65gpluswc   3.600000  
C2192                     XOR2D0          tcbn65gpluswc   3.600000  
C2193                     XOR2D0          tcbn65gpluswc   3.600000  
C2194                     XOR2D0          tcbn65gpluswc   3.600000  
C2195                     XOR2D0          tcbn65gpluswc   3.600000  
C2196                     XOR2D0          tcbn65gpluswc   3.600000  
C2197                     XOR2D0          tcbn65gpluswc   3.600000  
C2198                     XOR2D0          tcbn65gpluswc   3.600000  
C2199                     XOR2D0          tcbn65gpluswc   3.600000  
C2200                     XOR2D0          tcbn65gpluswc   3.600000  
C2201                     XOR2D0          tcbn65gpluswc   3.600000  
C2202                     XOR2D0          tcbn65gpluswc   3.600000  
C2203                     XOR2D0          tcbn65gpluswc   3.600000  
C2204                     XOR2D0          tcbn65gpluswc   3.600000  
C2205                     XOR2D0          tcbn65gpluswc   3.600000  
C2206                     XOR2D0          tcbn65gpluswc   3.600000  
C2207                     XOR2D0          tcbn65gpluswc   3.600000  
C2208                     XOR2D0          tcbn65gpluswc   3.600000  
C2209                     XOR2D0          tcbn65gpluswc   3.600000  
C2210                     XOR2D0          tcbn65gpluswc   3.600000  
C2211                     XOR2D0          tcbn65gpluswc   3.600000  
C2212                     XOR2D0          tcbn65gpluswc   3.600000  
C2213                     XOR2D0          tcbn65gpluswc   3.600000  
C2214                     XOR2D0          tcbn65gpluswc   3.600000  
C2215                     XOR2D0          tcbn65gpluswc   3.600000  
C2216                     XOR2D0          tcbn65gpluswc   3.600000  
C2217                     XOR2D0          tcbn65gpluswc   3.600000  
C2218                     XOR2D0          tcbn65gpluswc   3.600000  
C2219                     XOR2D0          tcbn65gpluswc   3.600000  
C2220                     XOR2D0          tcbn65gpluswc   3.600000  
C2221                     XOR2D0          tcbn65gpluswc   3.600000  
C2222                     XOR2D0          tcbn65gpluswc   3.600000  
C2223                     XOR2D0          tcbn65gpluswc   3.600000  
C2224                     XOR2D0          tcbn65gpluswc   3.600000  
C2225                     XOR2D0          tcbn65gpluswc   3.600000  
C2226                     XOR2D0          tcbn65gpluswc   3.600000  
C2227                     XOR2D0          tcbn65gpluswc   3.600000  
C2228                     XOR2D0          tcbn65gpluswc   3.600000  
C2229                     XOR2D0          tcbn65gpluswc   3.600000  
C2230                     XOR2D0          tcbn65gpluswc   3.600000  
C2231                     XOR2D0          tcbn65gpluswc   3.600000  
C2232                     XOR2D0          tcbn65gpluswc   3.600000  
C2233                     XOR2D0          tcbn65gpluswc   3.600000  
C2234                     XOR2D0          tcbn65gpluswc   3.600000  
C2235                     XOR2D0          tcbn65gpluswc   3.600000  
C2236                     XOR2D0          tcbn65gpluswc   3.600000  
C2237                     XOR2D0          tcbn65gpluswc   3.600000  
C2238                     XOR2D0          tcbn65gpluswc   3.600000  
C2239                     XOR2D0          tcbn65gpluswc   3.600000  
C2240                     XOR2D0          tcbn65gpluswc   3.600000  
C2241                     XOR2D0          tcbn65gpluswc   3.600000  
C2242                     XOR2D0          tcbn65gpluswc   3.600000  
C2243                     XOR2D0          tcbn65gpluswc   3.600000  
C2244                     XOR2D0          tcbn65gpluswc   3.600000  
C2245                     XOR2D0          tcbn65gpluswc   3.600000  
C2246                     XOR2D0          tcbn65gpluswc   3.600000  
C2247                     XOR2D0          tcbn65gpluswc   3.600000  
C2248                     XOR2D0          tcbn65gpluswc   3.600000  
C2249                     XOR2D0          tcbn65gpluswc   3.600000  
C2250                     XOR2D0          tcbn65gpluswc   3.600000  
C2251                     XOR2D0          tcbn65gpluswc   3.600000  
C2252                     XOR2D0          tcbn65gpluswc   3.600000  
C2253                     XOR2D0          tcbn65gpluswc   3.600000  
C2254                     XOR2D0          tcbn65gpluswc   3.600000  
C2255                     XOR2D0          tcbn65gpluswc   3.600000  
C2256                     XOR2D0          tcbn65gpluswc   3.600000  
C2257                     XOR2D0          tcbn65gpluswc   3.600000  
C2258                     XOR2D0          tcbn65gpluswc   3.600000  
C2259                     XOR2D0          tcbn65gpluswc   3.600000  
C2260                     XOR2D0          tcbn65gpluswc   3.600000  
C2261                     XOR2D0          tcbn65gpluswc   3.600000  
C2262                     XOR2D0          tcbn65gpluswc   3.600000  
C2263                     XOR2D0          tcbn65gpluswc   3.600000  
C2264                     XOR2D0          tcbn65gpluswc   3.600000  
C2265                     XOR2D0          tcbn65gpluswc   3.600000  
C2266                     XOR2D0          tcbn65gpluswc   3.600000  
C2267                     XOR2D0          tcbn65gpluswc   3.600000  
C2268                     XOR2D0          tcbn65gpluswc   3.600000  
C2269                     XOR2D0          tcbn65gpluswc   3.600000  
C2270                     XOR2D0          tcbn65gpluswc   3.600000  
C2271                     XOR2D0          tcbn65gpluswc   3.600000  
C2272                     XOR2D0          tcbn65gpluswc   3.600000  
C2273                     XOR2D0          tcbn65gpluswc   3.600000  
C2274                     XOR2D0          tcbn65gpluswc   3.600000  
C2275                     XOR2D0          tcbn65gpluswc   3.600000  
C2276                     XOR2D0          tcbn65gpluswc   3.600000  
C2277                     XOR2D0          tcbn65gpluswc   3.600000  
C2278                     XOR2D0          tcbn65gpluswc   3.600000  
C2279                     XOR2D0          tcbn65gpluswc   3.600000  
C2280                     XOR2D0          tcbn65gpluswc   3.600000  
C2281                     XOR2D0          tcbn65gpluswc   3.600000  
C2282                     XOR2D0          tcbn65gpluswc   3.600000  
C2283                     XOR2D0          tcbn65gpluswc   3.600000  
C2284                     XOR2D0          tcbn65gpluswc   3.600000  
C2285                     XOR2D0          tcbn65gpluswc   3.600000  
C2286                     XOR2D0          tcbn65gpluswc   3.600000  
C2287                     XOR2D0          tcbn65gpluswc   3.600000  
C2288                     XOR2D0          tcbn65gpluswc   3.600000  
C2289                     XOR2D0          tcbn65gpluswc   3.600000  
C2290                     XOR2D0          tcbn65gpluswc   3.600000  
C2291                     XOR2D0          tcbn65gpluswc   3.600000  
C2292                     XOR2D0          tcbn65gpluswc   3.600000  
C2293                     XOR2D0          tcbn65gpluswc   3.600000  
C2294                     XOR2D0          tcbn65gpluswc   3.600000  
C2295                     XOR2D0          tcbn65gpluswc   3.600000  
C2296                     XOR2D0          tcbn65gpluswc   3.600000  
C2297                     XOR2D0          tcbn65gpluswc   3.600000  
C2298                     XOR2D0          tcbn65gpluswc   3.600000  
C2299                     XOR2D0          tcbn65gpluswc   3.600000  
C2300                     XOR2D0          tcbn65gpluswc   3.600000  
C2301                     XOR2D0          tcbn65gpluswc   3.600000  
C2302                     XOR2D0          tcbn65gpluswc   3.600000  
C2303                     XOR2D0          tcbn65gpluswc   3.600000  
C2304                     XOR2D0          tcbn65gpluswc   3.600000  
C2305                     XOR2D0          tcbn65gpluswc   3.600000  
C2306                     XOR2D0          tcbn65gpluswc   3.600000  
--------------------------------------------------------------------------------
Total 1277 cells                                          3495.600017
1
