 
****************************************
Report : cell
Design : cla_adder
Version: B-2008.09-SP4
Date   : Fri Apr  8 12:43:35 2016
****************************************

Attributes:
    b - black box (unknown)
    h - hierarchical
    n - noncombinational
    r - removable
    u - contains unmapped logic

Cell                      Reference       Library             Area  Attributes
--------------------------------------------------------------------------------
C38                       AN2D0           tcbn65gpluswc   2.160000  
C39                       AN2D0           tcbn65gpluswc   2.160000  
C40                       AN2D0           tcbn65gpluswc   2.160000  
C41                       AN2D0           tcbn65gpluswc   2.160000  
C42                       AN2D0           tcbn65gpluswc   2.160000  
C43                       AN2D0           tcbn65gpluswc   2.160000  
C44                       AN2D0           tcbn65gpluswc   2.160000  
C45                       XOR2D1          tcbn65gpluswc   3.600000  
C46                       XOR2D1          tcbn65gpluswc   3.600000  
C47                       XOR2D1          tcbn65gpluswc   3.600000  
C48                       XOR2D1          tcbn65gpluswc   3.600000  
C49                       XOR2D1          tcbn65gpluswc   3.600000  
C50                       XOR2D1          tcbn65gpluswc   3.600000  
C51                       XOR2D1          tcbn65gpluswc   3.600000  
C52                       XOR2D1          tcbn65gpluswc   3.600000  
C53                       OR2D1           tcbn65gpluswc   2.160000  
C54                       AN2D0           tcbn65gpluswc   2.160000  
C55                       OR2D1           tcbn65gpluswc   2.160000  
C56                       AN2D0           tcbn65gpluswc   2.160000  
C57                       OR2D1           tcbn65gpluswc   2.160000  
C58                       AN2D0           tcbn65gpluswc   2.160000  
C59                       OR2D1           tcbn65gpluswc   2.160000  
C60                       AN2D0           tcbn65gpluswc   2.160000  
C61                       OR2D1           tcbn65gpluswc   2.160000  
C62                       AN2D0           tcbn65gpluswc   2.160000  
C63                       OR2D1           tcbn65gpluswc   2.160000  
C64                       AN2D0           tcbn65gpluswc   2.160000  
C65                       OR2D1           tcbn65gpluswc   2.160000  
C66                       AN2D0           tcbn65gpluswc   2.160000  
C67                       XOR2D1          tcbn65gpluswc   3.600000  
C68                       XOR2D1          tcbn65gpluswc   3.600000  
C69                       XOR2D1          tcbn65gpluswc   3.600000  
C70                       XOR2D1          tcbn65gpluswc   3.600000  
C71                       XOR2D1          tcbn65gpluswc   3.600000  
C72                       XOR2D1          tcbn65gpluswc   3.600000  
C73                       XOR2D1          tcbn65gpluswc   3.600000  
C74                       XOR2D1          tcbn65gpluswc   3.600000  
--------------------------------------------------------------------------------
Total 37 cells                                            102.960000
1
