decomposed_rca cell NL_PART/U13 NL_PART_U13
decomposed_rca cell NL_PART/U12 NL_PART_U12
decomposed_rca cell NL_PART/U11 NL_PART_U11
decomposed_rca cell NL_PART/U10 NL_PART_U10
decomposed_rca cell NL_PART/U9 NL_PART_U9
decomposed_rca cell NL_PART/U8 NL_PART_U8
decomposed_rca cell NL_PART/U7 NL_PART_U7
decomposed_rca cell NL_PART/U6 NL_PART_U6
decomposed_rca cell NL_PART/U5 NL_PART_U5
decomposed_rca cell NL_PART/U4 NL_PART_U4
decomposed_rca cell NL_PART/U3 NL_PART_U3
decomposed_rca cell NL_PART/U2 NL_PART_U2
decomposed_rca cell NL_PART/U1 NL_PART_U1
decomposed_rca cell L_PART/U6 L_PART_U6
decomposed_rca cell L_PART/U5 L_PART_U5
decomposed_rca cell L_PART/U4 L_PART_U4
decomposed_rca cell L_PART/U3 L_PART_U3
decomposed_rca cell L_PART/U2 L_PART_U2
decomposed_rca cell L_PART/U1 L_PART_U1
decomposed_rca net r[0] r_0_
decomposed_rca net NL_PART/n6 NL_PART_n6
decomposed_rca net NL_PART/n5 NL_PART_n5
decomposed_rca net NL_PART/n4 NL_PART_n4
decomposed_rca net NL_PART/n3 NL_PART_n3
decomposed_rca net NL_PART/n2 NL_PART_n2
decomposed_rca net NL_PART/n1 NL_PART_n1
decomposed_rca net L_PART/n1 L_PART_n1
decomposed_rca cell NL_PART/U7 NL_PART_U7
decomposed_rca cell NL_PART/U6 NL_PART_U6
decomposed_rca cell NL_PART/U5 NL_PART_U5
decomposed_rca cell NL_PART/U4 NL_PART_U4
decomposed_rca cell NL_PART/U3 NL_PART_U3
decomposed_rca cell NL_PART/U2 NL_PART_U2
decomposed_rca cell NL_PART/U1 NL_PART_U1
decomposed_rca cell L_PART/U6 L_PART_U6
decomposed_rca cell L_PART/U5 L_PART_U5
decomposed_rca cell L_PART/U4 L_PART_U4
decomposed_rca cell L_PART/U3 L_PART_U3
decomposed_rca cell L_PART/U2 L_PART_U2
decomposed_rca cell L_PART/U1 L_PART_U1
decomposed_rca net r[0] r_0_
decomposed_rca net L_PART/n1 L_PART_n1
decomposed_rca cell NL_PART/U7 NL_PART_U7
decomposed_rca cell NL_PART/U6 NL_PART_U6
decomposed_rca cell NL_PART/U5 NL_PART_U5
decomposed_rca cell NL_PART/U4 NL_PART_U4
decomposed_rca cell NL_PART/U3 NL_PART_U3
decomposed_rca cell NL_PART/U2 NL_PART_U2
decomposed_rca cell NL_PART/U1 NL_PART_U1
decomposed_rca cell L_PART/U6 L_PART_U6
decomposed_rca cell L_PART/U5 L_PART_U5
decomposed_rca cell L_PART/U4 L_PART_U4
decomposed_rca cell L_PART/U3 L_PART_U3
decomposed_rca cell L_PART/U2 L_PART_U2
decomposed_rca cell L_PART/U1 L_PART_U1
decomposed_rca net r[0] r_0_
decomposed_rca net L_PART/n1 L_PART_n1
decomposed_rca cell NL_PART/U10 NL_PART_U10
decomposed_rca cell NL_PART/U9 NL_PART_U9
decomposed_rca cell NL_PART/U8 NL_PART_U8
decomposed_rca cell NL_PART/U7 NL_PART_U7
decomposed_rca cell NL_PART/U6 NL_PART_U6
decomposed_rca cell NL_PART/U5 NL_PART_U5
decomposed_rca cell NL_PART/U4 NL_PART_U4
decomposed_rca cell NL_PART/U3 NL_PART_U3
decomposed_rca cell NL_PART/U2 NL_PART_U2
decomposed_rca cell NL_PART/U1 NL_PART_U1
decomposed_rca cell L_PART/U8 L_PART_U8
decomposed_rca cell L_PART/U7 L_PART_U7
decomposed_rca cell L_PART/U6 L_PART_U6
decomposed_rca cell L_PART/U5 L_PART_U5
decomposed_rca cell L_PART/U4 L_PART_U4
decomposed_rca cell L_PART/U3 L_PART_U3
decomposed_rca cell L_PART/U2 L_PART_U2
decomposed_rca cell L_PART/U1 L_PART_U1
decomposed_rca net L_PART/n1 L_PART_n1
decomposed_rca cell NL_PART/U13 NL_PART_U13
decomposed_rca cell NL_PART/U12 NL_PART_U12
decomposed_rca cell NL_PART/U11 NL_PART_U11
decomposed_rca cell NL_PART/U10 NL_PART_U10
decomposed_rca cell NL_PART/U9 NL_PART_U9
decomposed_rca cell NL_PART/U8 NL_PART_U8
decomposed_rca cell NL_PART/U7 NL_PART_U7
decomposed_rca cell NL_PART/U6 NL_PART_U6
decomposed_rca cell NL_PART/U5 NL_PART_U5
decomposed_rca cell NL_PART/U4 NL_PART_U4
decomposed_rca cell NL_PART/U3 NL_PART_U3
decomposed_rca cell NL_PART/U2 NL_PART_U2
decomposed_rca cell NL_PART/U1 NL_PART_U1
decomposed_rca cell L_PART/U10 L_PART_U10
decomposed_rca cell L_PART/U9 L_PART_U9
decomposed_rca cell L_PART/U8 L_PART_U8
decomposed_rca cell L_PART/U7 L_PART_U7
decomposed_rca cell L_PART/U6 L_PART_U6
decomposed_rca cell L_PART/U5 L_PART_U5
decomposed_rca cell L_PART/U4 L_PART_U4
decomposed_rca cell L_PART/U3 L_PART_U3
decomposed_rca cell L_PART/U2 L_PART_U2
decomposed_rca cell L_PART/U1 L_PART_U1
decomposed_rca net L_PART/n1 L_PART_n1
decomposed_rca cell NL_PART/U13 NL_PART_U13
decomposed_rca cell NL_PART/U12 NL_PART_U12
decomposed_rca cell NL_PART/U11 NL_PART_U11
decomposed_rca cell NL_PART/U10 NL_PART_U10
decomposed_rca cell NL_PART/U9 NL_PART_U9
decomposed_rca cell NL_PART/U8 NL_PART_U8
decomposed_rca cell NL_PART/U7 NL_PART_U7
decomposed_rca cell NL_PART/U6 NL_PART_U6
decomposed_rca cell NL_PART/U5 NL_PART_U5
decomposed_rca cell NL_PART/U4 NL_PART_U4
decomposed_rca cell NL_PART/U3 NL_PART_U3
decomposed_rca cell NL_PART/U2 NL_PART_U2
decomposed_rca cell NL_PART/U1 NL_PART_U1
decomposed_rca cell L_PART/U10 L_PART_U10
decomposed_rca cell L_PART/U9 L_PART_U9
decomposed_rca cell L_PART/U8 L_PART_U8
decomposed_rca cell L_PART/U7 L_PART_U7
decomposed_rca cell L_PART/U6 L_PART_U6
decomposed_rca cell L_PART/U5 L_PART_U5
decomposed_rca cell L_PART/U4 L_PART_U4
decomposed_rca cell L_PART/U3 L_PART_U3
decomposed_rca cell L_PART/U2 L_PART_U2
decomposed_rca cell L_PART/U1 L_PART_U1
decomposed_rca net L_PART/n1 L_PART_n1
decomposed_rca cell NL_PART/U13 NL_PART_U13
decomposed_rca cell NL_PART/U12 NL_PART_U12
decomposed_rca cell NL_PART/U11 NL_PART_U11
decomposed_rca cell NL_PART/U10 NL_PART_U10
decomposed_rca cell NL_PART/U9 NL_PART_U9
decomposed_rca cell NL_PART/U8 NL_PART_U8
decomposed_rca cell NL_PART/U7 NL_PART_U7
decomposed_rca cell NL_PART/U6 NL_PART_U6
decomposed_rca cell NL_PART/U5 NL_PART_U5
decomposed_rca cell NL_PART/U4 NL_PART_U4
decomposed_rca cell NL_PART/U3 NL_PART_U3
decomposed_rca cell NL_PART/U2 NL_PART_U2
decomposed_rca cell NL_PART/U1 NL_PART_U1
decomposed_rca cell L_PART/U10 L_PART_U10
decomposed_rca cell L_PART/U9 L_PART_U9
decomposed_rca cell L_PART/U8 L_PART_U8
decomposed_rca cell L_PART/U7 L_PART_U7
decomposed_rca cell L_PART/U6 L_PART_U6
decomposed_rca cell L_PART/U5 L_PART_U5
decomposed_rca cell L_PART/U4 L_PART_U4
decomposed_rca cell L_PART/U3 L_PART_U3
decomposed_rca cell L_PART/U2 L_PART_U2
decomposed_rca cell L_PART/U1 L_PART_U1
decomposed_rca net L_PART/n1 L_PART_n1
