/cadtools/synopsys/2015/synthesis/auxx/gui/dv/dv_setup.tcl
/cadtools/synopsys/2015/synthesis/auxx/gui/syn/snpsSynProcs.tcl
/cadtools/synopsys/2015/synthesis/auxx/tcllib/lib/tcl8.5/tm.tcl
/cadtools/synopsys/2015/synthesis/auxx/tcllib/lib/tcl8.5/package.tcl
/cadtools/synopsys/2015/synthesis/auxx/gui/syn/layout/pkgIndex.tcl
/cadtools/synopsys/2015/synthesis/auxx/gui/common/pathinspector/pkgIndex.tcl
/cadtools/synopsys/2015/synthesis/auxx/gui/common/highlight/pkgIndex.tcl
/cadtools/synopsys/2015/synthesis/auxx/gui/common/tcl-dp/pkgIndex.tcl
/cadtools/synopsys/2015/synthesis/auxx/gui/common/docBrowser/pkgIndex.tcl
/cadtools/synopsys/2015/synthesis/auxx/gui/common/histogram/pkgIndex.tcl
/cadtools/synopsys/2015/synthesis/auxx/gui/common/regressionToolkit/pkgIndex.tcl
/cadtools/synopsys/2015/synthesis/auxx/gui/common/opdlg/pkgIndex.tcl
/cadtools/synopsys/2015/synthesis/auxx/gui/common/tq/pkgIndex.tcl
/cadtools/synopsys/2015/synthesis/auxx/gui/common/acg/pkgIndex.tcl
/cadtools/synopsys/2015/synthesis/auxx/gui/common/tiledview/pkgIndex.tcl
/cadtools/synopsys/2015/synthesis/auxx/gui/common/dialogs/pkgIndex.tcl
/cadtools/synopsys/2015/synthesis/auxx/gui/common/strokes/pkgIndex.tcl
/cadtools/synopsys/2015/synthesis/auxx/gui/common/timing/pkgIndex.tcl
/cadtools/synopsys/2015/synthesis/auxx/gui/common/profiler/pkgIndex.tcl
/cadtools/synopsys/2015/synthesis/auxx/gui/common/fanoutviewer/pkgIndex.tcl
/cadtools/synopsys/2015/synthesis/auxx/gui/common/palettegroup/pkgIndex.tcl
/cadtools/synopsys/2015/synthesis/auxx/gui/common/layout/pkgIndex.tcl
/cadtools/synopsys/2015/synthesis/auxx/gui/common/table/pkgIndex.tcl
/cadtools/synopsys/2015/synthesis/auxx/gui/common/commandform/pkgIndex.tcl
/cadtools/synopsys/2015/synthesis/auxx/gui/common/schematic/pkgIndex.tcl
/cadtools/synopsys/2015/synthesis/auxx/gui/common/menus/pkgIndex.tcl
/cadtools/synopsys/2015/synthesis/auxx/gui/common/WindowFrameWork/pkgIndex.tcl
/cadtools/synopsys/2015/synthesis/auxx/gui/common/hierarchy/pkgIndex.tcl
/cadtools/synopsys/2015/synthesis/auxx/gui/common/setup/pkgIndex.tcl
/cadtools/synopsys/2015/synthesis/auxx/gui/common/qtcl/pkgIndex.tcl
/cadtools/synopsys/2015/synthesis/auxx/gui/common/view/pkgIndex.tcl
/cadtools/synopsys/2015/synthesis/auxx/gui/common/select/pkgIndex.tcl
/cadtools/synopsys/2015/synthesis/auxx/gui/common/misc/pkgIndex.tcl
/cadtools/synopsys/2015/synthesis/auxx/gui/common/libviewer/pkgIndex.tcl
/cadtools/synopsys/2015/synthesis/auxx/gui/common/mrupalette/pkgIndex.tcl
/cadtools/synopsys/2015/synthesis/auxx/gui/dv/pkgIndex.tcl
/cadtools/synopsys/2015/synthesis/auxx/tcllib/snps_tcl/snpsUtils/pkgIndex.tcl
/cadtools/synopsys/2015/synthesis/auxx/tcllib/snps_tcl/snpsTclPro/pkgIndex.tcl
/cadtools/synopsys/2015/synthesis/auxx/tcllib/snps_tcl/snpsTest/pkgIndex.tcl
/cadtools/synopsys/2015/synthesis/auxx/tcllib/snps_tcl/pkgIndex.tcl
/cadtools/synopsys/2015/synthesis/auxx/tcllib/lib/tcl8.5/dde/pkgIndex.tcl
/cadtools/synopsys/2015/synthesis/auxx/tcllib/lib/tcl8.5/msgcat/pkgIndex.tcl
/cadtools/synopsys/2015/synthesis/auxx/tcllib/lib/tcl8.5/platform/pkgIndex.tcl
/cadtools/synopsys/2015/synthesis/auxx/tcllib/lib/tcl8.5/http/pkgIndex.tcl
/cadtools/synopsys/2015/synthesis/auxx/tcllib/lib/tcl8.5/opt/pkgIndex.tcl
/cadtools/synopsys/2015/synthesis/auxx/tcllib/lib/tcl8.5/reg/pkgIndex.tcl
/cadtools/synopsys/2015/synthesis/auxx/tcllib/lib/tcl8.5/tcltest/pkgIndex.tcl
/cadtools/synopsys/2015/synthesis/auxx/tcllib/lib/tcl8.5/http1.0/pkgIndex.tcl
/cadtools/synopsys/2015/synthesis/auxx/gui/common/setup/snpsCommonSetup.tcl
/cadtools/synopsys/2015/synthesis/auxx/gui/common/setup/snpsCustomize.tcl
/cadtools/synopsys/2015/synthesis/auxx/gui/common/setup/snpsProcheck.tcl
/cadtools/synopsys/2015/synthesis/auxx/gui/common/qtcl/.synopsys_qtcl.tcl
/cadtools/synopsys/2015/synthesis/auxx/gui/common/highlight/highlight.tcl
/cadtools/synopsys/2015/synthesis/auxx/gui/common/misc/base.tcl
/cadtools/synopsys/2015/synthesis/auxx/gui/common/misc/timing.tcl
/cadtools/synopsys/2015/synthesis/auxx/gui/common/misc/setting.tcl
/cadtools/synopsys/2015/synthesis/auxx/gui/common/misc/preset.tcl
/cadtools/synopsys/2015/synthesis/auxx/gui/common/WindowFrameWork/windowFrameWork.tcl
/cadtools/synopsys/2015/synthesis/auxx/gui/common/WindowFrameWork/skipBusyCursorCmdList.tcl
/cadtools/synopsys/2015/synthesis/auxx/gui/common/docBrowser/docBrowser.tcl
/cadtools/synopsys/2015/synthesis/auxx/tcllib/snps_tcl/snpsUtils/snpsUtils.tcl
/cadtools/synopsys/2015/synthesis/auxx/gui/common/dialogs/ObjectChooser.tcl
/cadtools/synopsys/2015/synthesis/auxx/gui/common/misc/DialogObjectChooser.tcl
/cadtools/synopsys/2015/synthesis/auxx/gui/common/dialogs/HistBinInformation.tcl
/cadtools/synopsys/2015/synthesis/auxx/gui/common/dialogs/HistBin1Information.tcl
/cadtools/synopsys/2015/synthesis/auxx/gui/common/dialogs/BinsOnlyInformation.tcl
/cadtools/synopsys/2015/synthesis/auxx/gui/common/dialogs/FileChooser.tcl
/cadtools/synopsys/2015/synthesis/auxx/gui/common/dialogs/PathPinSimpleInfo.tcl
/cadtools/synopsys/2015/synthesis/auxx/gui/common/dialogs/PathsBasicInfo.tcl
/cadtools/synopsys/2015/synthesis/auxx/gui/common/dialogs/PathsBasicSimpleInfo.tcl
/cadtools/synopsys/2015/synthesis/auxx/gui/common/dialogs/SlctOperationInfo.tcl
/cadtools/synopsys/2015/synthesis/auxx/gui/common/dialogs/ObjectListInfo.tcl
/cadtools/synopsys/2015/synthesis/auxx/gui/common/dialogs/FanInOutInfo.tcl
/cadtools/synopsys/2015/synthesis/auxx/gui/common/dialogs/NumberOfLevelsChooser.tcl
/cadtools/synopsys/2015/synthesis/auxx/gui/common/dialogs/WindowReuseInfo.tcl
/cadtools/synopsys/2015/synthesis/auxx/gui/common/dialogs/ReportOutputOptionInfo.tcl
/cadtools/synopsys/2015/synthesis/auxx/gui/common/setup/snpsCollections.tcl
/cadtools/synopsys/2015/synthesis/auxx/gui/common/dialogs/CompileLinkDesign.tcl
/cadtools/synopsys/2015/synthesis/auxx/gui/common/histogram/DialogEndpointSlack.tcl
/cadtools/synopsys/2015/synthesis/auxx/gui/common/histogram/DialogPathsSlack.tcl
/cadtools/synopsys/2015/synthesis/auxx/gui/common/histogram/DialogNetCapacitance.tcl
/cadtools/synopsys/2015/synthesis/auxx/gui/common/schematic/DialogPathSchematicFanInOut.tcl
/cadtools/synopsys/2015/synthesis/auxx/gui/common/schematic/DialogPathSchematicAddPaths.tcl
/user/erasmus/danielrb/Dropbox/Tesi/other_decompositions/syn/run.tcl
/user/erasmus/danielrb/Dropbox/Tesi/other_decompositions/syn/dc_setup.tcl
/user/erasmus/danielrb/Dropbox/Tesi/other_decompositions/syn/common_setup.tcl
/user/erasmus/danielrb/Dropbox/Tesi/other_decompositions/syn/dc.tcl
/user/erasmus/danielrb/Dropbox/Tesi/other_decompositions/normal_adder.v
/cadtools/tsmc/digital/Front_End/timing_power_noise/NLDM/tcbn65gplus_121b/tcbn65gpluswc.db
/cadtools/synopsys/2009/synthesis/libraries/syn/dw_foundation.sldb
/cadtools/synopsys/2015/synthesis/libraries/syn/gtech.db
/cadtools/synopsys/2015/synthesis/libraries/syn/standard.sldb
/user/erasmus/danielrb/synopsys_cache_K-2015.06-SP5-1/DW01/DW01_MUX/str/tcbn65gpluswc_2959_8167_3385/element.ddc
/user/erasmus/danielrb/synopsys_cache_K-2015.06-SP5-1/DW01/DW01_mmux/str/2/tcbn65gpluswc_2959_8167_3385/element.ddc
/user/erasmus/danielrb/synopsys_cache_K-2015.06-SP5-1/DW01/DW01_mmux/str/3/tcbn65gpluswc_2959_8167_3385/element.ddc
/user/erasmus/danielrb/synopsys_cache_K-2015.06-SP5-1/DW01/DW01_mmux/str/4/tcbn65gpluswc_2959_8167_3385/element.ddc
/user/erasmus/danielrb/synopsys_cache_K-2015.06-SP5-1/DW01/DW01_mmux/str/5/tcbn65gpluswc_2959_8167_3385/element.ddc
/user/erasmus/danielrb/synopsys_cache_K-2015.06-SP5-1/DW01/DW01_NOT/str/tcbn65gpluswc_2959_8167_3385/element.ddc
