 
****************************************
Report : reference
Design : adder
Version: K-2015.06-SP5-1
Date   : Thu May 12 15:10:54 2016
****************************************

Attributes:
    b - black box (unknown)
   bo - allows boundary optimization
    d - dont_touch
   mo - map_only
    h - hierarchical
    n - noncombinational
    r - removable
    s - synthetic operator
    u - contains unmapped logic

Reference          Library       Unit Area   Count    Total Area   Attributes
-----------------------------------------------------------------------------
AN2D0              tcbn65gpluswc     2.160000      15    32.400001
OR2D0              tcbn65gpluswc     2.160000      14    30.240001
XOR2D0             tcbn65gpluswc     3.600000       1     3.600000
XOR3D0             tcbn65gpluswc     6.120000       7    42.839999
-----------------------------------------------------------------------------
Total 4 references                                    109.080002
1
