Information: Updating design information... (UID-85)
 
****************************************
Report : timing
        -path full
        -delay max
        -nets
        -max_paths 1
        -transition_time
Design : h_adder
Version: K-2015.06-SP5-1
Date   : Fri May 13 10:50:10 2016
****************************************

Operating Conditions: WCCOM   Library: tcbn65gpluswc
Wire Load Model Mode: segmented

  Startpoint: a[2] (input port)
  Endpoint: s[1] (output port)
  Path Group: (none)
  Path Type: max

  Des/Clust/Port     Wire Load Model       Library
  ------------------------------------------------
  h_adder            ZeroWireload          tcbn65gpluswc

Attributes:
    d - dont_touch
    u - dont_use
   mo - map_only
   so - size_only
    i - ideal_net or ideal_network
  inf - infeasible path

  Point                        Fanout     Trans      Incr       Path      Attributes
  ------------------------------------------------------------------------------------------
  input external delay                               0.00       0.00 r
  a[2] (in)                                0.00      0.00       0.00 r
  a[2] (net)                     2                   0.00       0.00 r
  U61/ZN (CKND2D0)                         0.12      0.07       0.07 f
  n40 (net)                      7                   0.00       0.07 f
  U59/ZN (OAI21D0)                         0.14      0.08       0.15 r
  n36 (net)                      4                   0.00       0.15 r
  U58/ZN (CKND0)                           0.06      0.07       0.22 f
  n46 (net)                      4                   0.00       0.22 f
  U51/ZN (CKND2D0)                         0.08      0.06       0.28 r
  n34 (net)                      3                   0.00       0.28 r
  U48/ZN (AOI31D0)                         0.07      0.07       0.35 f
  n50 (net)                      1                   0.00       0.35 f
  U46/ZN (MUX2ND0)                         0.06      0.06       0.41 r
  n49 (net)                      1                   0.00       0.41 r
  U45/ZN (OAI221D0)                        0.08      0.08       0.49 f
  s[1] (net)                     1                   0.00       0.49 f
  s[1] (out)                               0.08      0.00       0.49 f
  data arrival time                                             0.49
  ------------------------------------------------------------------------------------------
  (Path is unconstrained)


1
