 
****************************************
Report : reference
Design : h_adder
Version: K-2015.06-SP5-1
Date   : Fri May 13 10:50:10 2016
****************************************

Attributes:
    b - black box (unknown)
   bo - allows boundary optimization
    d - dont_touch
   mo - map_only
    h - hierarchical
    n - noncombinational
    r - removable
    s - synthetic operator
    u - contains unmapped logic

Reference          Library       Unit Area   Count    Total Area   Attributes
-----------------------------------------------------------------------------
AO21D0             tcbn65gpluswc     2.520000       1     2.520000
AOI21D0            tcbn65gpluswc     2.160000       2     4.320000
AOI31D0            tcbn65gpluswc     2.520000       1     2.520000
CKND0              tcbn65gpluswc     1.080000       6     6.480000
CKND2D0            tcbn65gpluswc     1.440000       7    10.080000
IND2D0             tcbn65gpluswc     2.160000       1     2.160000
MUX2ND0            tcbn65gpluswc     2.880000       2     5.760000
NR2D0              tcbn65gpluswc     1.440000       3     4.320000
OA21D0             tcbn65gpluswc     2.520000       1     2.520000
OAI21D0            tcbn65gpluswc     2.160000       2     4.320000
OAI22D0            tcbn65gpluswc     2.520000       1     2.520000
OAI211D0           tcbn65gpluswc     2.520000       2     5.040000
OAI221D0           tcbn65gpluswc     2.880000       2     5.760000
OAI222D0           tcbn65gpluswc     3.240000       1     3.240000
XNR2D0             tcbn65gpluswc     3.600000       1     3.600000
-----------------------------------------------------------------------------
Total 15 references                                    65.160002
1
