 
****************************************
Report : reference
Design : normal_adder
Version: K-2015.06-SP5-1
Date   : Fri May 13 10:49:28 2016
****************************************

Attributes:
    b - black box (unknown)
   bo - allows boundary optimization
    d - dont_touch
   mo - map_only
    h - hierarchical
    n - noncombinational
    r - removable
    s - synthetic operator
    u - contains unmapped logic

Reference          Library       Unit Area   Count    Total Area   Attributes
-----------------------------------------------------------------------------
AN2D0              tcbn65gpluswc     2.160000       1     2.160000
AOI22D0            tcbn65gpluswc     2.520000       1     2.520000
CKXOR2D0           tcbn65gpluswc     3.600000       4    14.400000
MOAI22D0           tcbn65gpluswc     2.880000       1     2.880000
XNR2D0             tcbn65gpluswc     3.600000       1     3.600000
-----------------------------------------------------------------------------
Total 5 references                                     25.560000
1
