 
****************************************
Report : cell
Design : top_adder
Version: K-2015.06-SP5-1
Date   : Thu May 12 14:45:51 2016
****************************************

Attributes:
    b - black box (unknown)
    h - hierarchical
   mo - map_only
    n - noncombinational
    r - removable
    u - contains unmapped logic

Cell                      Reference       Library             Area  Attributes
--------------------------------------------------------------------------------
ADD/U1                    TIEL            tcbn65gpluswc   1.080000  
ADD/add_8/U1              AN2XD1          tcbn65gpluswc   2.160000  
ADD/add_8/U1_1            FA1D0           tcbn65gpluswc   9.000000  mo, r
ADD/add_8/U1_2            FA1D0           tcbn65gpluswc   9.000000  mo, r
ADD/add_8/U1_3            FA1D0           tcbn65gpluswc   9.000000  mo, r
ADD/add_8/U1_4            FA1D0           tcbn65gpluswc   9.000000  mo, r
ADD/add_8/U1_5            FA1D0           tcbn65gpluswc   9.000000  mo, r
ADD/add_8/U1_6            FA1D0           tcbn65gpluswc   9.000000  mo, r
ADD/add_8/U1_7            FA1D0           tcbn65gpluswc   9.000000  mo, r
ADD/add_8/U2              CKXOR2D1        tcbn65gpluswc   3.600000  
DEC/U3                    AO211D0         tcbn65gpluswc   2.880000  
DEC/U4                    OAI222D0        tcbn65gpluswc   3.240000  
DEC/U5                    AOI211D0        tcbn65gpluswc   2.520000  
DEC/U6                    OAI222D0        tcbn65gpluswc   3.240000  
DEC/U7                    AOI21D0         tcbn65gpluswc   2.160000  
DEC/U8                    NR2D0           tcbn65gpluswc   1.440000  
DEC/U9                    CKND0           tcbn65gpluswc   1.080000  
DEC/U10                   OAI222D0        tcbn65gpluswc   3.240000  
DEC/U11                   CKND2D0         tcbn65gpluswc   1.440000  
DEC/U12                   AOI21D0         tcbn65gpluswc   2.160000  
DEC/U13                   CKND0           tcbn65gpluswc   1.080000  
DEC/U14                   CKND0           tcbn65gpluswc   1.080000  
DEC/U15                   NR2D0           tcbn65gpluswc   1.440000  
DEC/U16                   OAI31D0         tcbn65gpluswc   2.520000  
DEC/U17                   AOI21D0         tcbn65gpluswc   2.160000  
DEC/U18                   CKND0           tcbn65gpluswc   1.080000  
DEC/U19                   NR2D0           tcbn65gpluswc   1.440000  
DEC/U20                   OAI21D0         tcbn65gpluswc   2.160000  
DEC/U21                   AOI21D0         tcbn65gpluswc   2.160000  
DEC/U22                   ND4D0           tcbn65gpluswc   2.520000  
DEC/U23                   AOI221D0        tcbn65gpluswc   2.880000  
DEC/U24                   OAI222D0        tcbn65gpluswc   3.240000  
DEC/U25                   NR3D0           tcbn65gpluswc   2.160000  
DEC/U26                   NR2D0           tcbn65gpluswc   1.440000  
DEC/U27                   NR3D0           tcbn65gpluswc   2.160000  
DEC/U28                   AOI221D0        tcbn65gpluswc   2.880000  
DEC/U29                   OAI22D0         tcbn65gpluswc   2.520000  
DEC/U30                   AOI221D0        tcbn65gpluswc   2.880000  
DEC/U31                   OAI222D0        tcbn65gpluswc   3.240000  
DEC/U32                   NR4D0           tcbn65gpluswc   2.520000  
DEC/U33                   ND4D0           tcbn65gpluswc   2.520000  
DEC/U34                   AOI211D0        tcbn65gpluswc   2.520000  
DEC/U35                   OA31D0          tcbn65gpluswc   2.880000  
DEC/U36                   OAI222D0        tcbn65gpluswc   3.240000  
DEC/U37                   NR2D0           tcbn65gpluswc   1.440000  
DEC/U38                   NR2D0           tcbn65gpluswc   1.440000  
DEC/U39                   NR2D0           tcbn65gpluswc   1.440000  
DEC/U40                   CKND0           tcbn65gpluswc   1.080000  
DEC/U41                   CKND0           tcbn65gpluswc   1.080000  
DEC/U42                   AOI221D0        tcbn65gpluswc   2.880000  
DEC/U43                   OAI22D0         tcbn65gpluswc   2.520000  
DEC/U44                   AOI211D0        tcbn65gpluswc   2.520000  
DEC/U45                   OAI22D0         tcbn65gpluswc   2.520000  
DEC/U46                   CKND0           tcbn65gpluswc   1.080000  
DEC/U47                   INR4D0          tcbn65gpluswc   2.880000  
DEC/U48                   ND4D0           tcbn65gpluswc   2.520000  
DEC/U49                   AOI221D0        tcbn65gpluswc   2.880000  
DEC/U50                   OAI222D0        tcbn65gpluswc   3.240000  
DEC/U51                   NR2D0           tcbn65gpluswc   1.440000  
DEC/U52                   CKND0           tcbn65gpluswc   1.080000  
DEC/U53                   NR2D0           tcbn65gpluswc   1.440000  
DEC/U54                   NR2D0           tcbn65gpluswc   1.440000  
DEC/U55                   CKND2D0         tcbn65gpluswc   1.440000  
DEC/U56                   CKND2D0         tcbn65gpluswc   1.440000  
DEC/U57                   AOI221D0        tcbn65gpluswc   2.880000  
DEC/U58                   OAI22D0         tcbn65gpluswc   2.520000  
DEC/U59                   ND3D0           tcbn65gpluswc   2.160000  
DEC/U60                   AOI211D0        tcbn65gpluswc   2.520000  
DEC/U61                   OAI222D0        tcbn65gpluswc   3.240000  
DEC/U62                   NR4D0           tcbn65gpluswc   2.520000  
DEC/U63                   ND4D0           tcbn65gpluswc   2.520000  
DEC/U64                   NR4D0           tcbn65gpluswc   2.520000  
DEC/U65                   AOI31D0         tcbn65gpluswc   2.520000  
DEC/U66                   AOI21D0         tcbn65gpluswc   2.160000  
DEC/U67                   AOI21D0         tcbn65gpluswc   2.160000  
DEC/U68                   AOI21D0         tcbn65gpluswc   2.160000  
DEC/U69                   AOI221D0        tcbn65gpluswc   2.880000  
DEC/U70                   OAI22D0         tcbn65gpluswc   2.520000  
DEC/U71                   AOI221D0        tcbn65gpluswc   2.880000  
DEC/U72                   OAI22D0         tcbn65gpluswc   2.520000  
DEC/U73                   AOI221D0        tcbn65gpluswc   2.880000  
DEC/U74                   ND4D0           tcbn65gpluswc   2.520000  
DEC/U75                   AOI221D0        tcbn65gpluswc   2.880000  
DEC/U76                   OAI222D0        tcbn65gpluswc   3.240000  
DEC/U77                   NR2D0           tcbn65gpluswc   1.440000  
DEC/U78                   NR2D0           tcbn65gpluswc   1.440000  
DEC/U79                   NR2D0           tcbn65gpluswc   1.440000  
DEC/U80                   CKND2D0         tcbn65gpluswc   1.440000  
DEC/U81                   AOI221D0        tcbn65gpluswc   2.880000  
DEC/U82                   OAI222D0        tcbn65gpluswc   3.240000  
DEC/U83                   NR2D0           tcbn65gpluswc   1.440000  
DEC/U84                   NR3D0           tcbn65gpluswc   2.160000  
DEC/U85                   ND4D0           tcbn65gpluswc   2.520000  
DEC/U86                   NR4D0           tcbn65gpluswc   2.520000  
DEC/U87                   AOI21D0         tcbn65gpluswc   2.160000  
DEC/U88                   AOI21D0         tcbn65gpluswc   2.160000  
DEC/U89                   AOI21D0         tcbn65gpluswc   2.160000  
DEC/U90                   AOI21D0         tcbn65gpluswc   2.160000  
DEC/U91                   AOI222D0        tcbn65gpluswc   3.600000  
DEC/U92                   AOI221D0        tcbn65gpluswc   2.880000  
DEC/U93                   OAI22D0         tcbn65gpluswc   2.520000  
DEC/U94                   OA221D0         tcbn65gpluswc   3.600000  
DEC/U95                   OAI222D0        tcbn65gpluswc   3.240000  
DEC/U96                   NR4D0           tcbn65gpluswc   2.520000  
DEC/U97                   OAI22D0         tcbn65gpluswc   2.520000  
DEC/U98                   OR3D0           tcbn65gpluswc   2.520000  
DEC/U99                   IIND4D0         tcbn65gpluswc   3.600000  
DEC/U100                  OA221D0         tcbn65gpluswc   3.600000  
DEC/U101                  NR4D0           tcbn65gpluswc   2.520000  
DEC/U102                  OAI221D0        tcbn65gpluswc   2.880000  
DEC/U103                  OAI31D0         tcbn65gpluswc   2.520000  
DEC/U104                  ND4D0           tcbn65gpluswc   2.520000  
DEC/U105                  IOA21D0         tcbn65gpluswc   2.520000  
DEC/U106                  NR2D0           tcbn65gpluswc   1.440000  
DEC/U107                  OAI21D0         tcbn65gpluswc   2.160000  
DEC/U108                  IOA21D0         tcbn65gpluswc   2.520000  
DEC/U109                  NR2D0           tcbn65gpluswc   1.440000  
DEC/U110                  OAI21D0         tcbn65gpluswc   2.160000  
DEC/U111                  OAI222D0        tcbn65gpluswc   3.240000  
DEC/U112                  OAI222D0        tcbn65gpluswc   3.240000  
DEC/U113                  ND4D0           tcbn65gpluswc   2.520000  
DEC/U114                  OA221D0         tcbn65gpluswc   3.600000  
DEC/U115                  OA222D0         tcbn65gpluswc   4.320000  
DEC/U116                  NR2D0           tcbn65gpluswc   1.440000  
DEC/U117                  NR2D0           tcbn65gpluswc   1.440000  
DEC/U118                  AOI221D0        tcbn65gpluswc   2.880000  
DEC/U119                  OAI22D0         tcbn65gpluswc   2.520000  
DEC/U120                  NR2D0           tcbn65gpluswc   1.440000  
DEC/U121                  CKND2D0         tcbn65gpluswc   1.440000  
DEC/U122                  AOI221D0        tcbn65gpluswc   2.880000  
DEC/U123                  OAI22D0         tcbn65gpluswc   2.520000  
DEC/U124                  NR4D0           tcbn65gpluswc   2.520000  
DEC/U125                  OR4D0           tcbn65gpluswc   2.880000  
DEC/U126                  OAI222D0        tcbn65gpluswc   3.240000  
DEC/U127                  OAI221D0        tcbn65gpluswc   2.880000  
DEC/U128                  AOI21D0         tcbn65gpluswc   2.160000  
DEC/U129                  AOI31D0         tcbn65gpluswc   2.520000  
DEC/U130                  CKND2D0         tcbn65gpluswc   1.440000  
DEC/U131                  NR4D0           tcbn65gpluswc   2.520000  
DEC/U132                  AN2D0           tcbn65gpluswc   2.160000  
DEC/U133                  OAI222D0        tcbn65gpluswc   3.240000  
DEC/U134                  OAI222D0        tcbn65gpluswc   3.240000  
DEC/U135                  NR2D0           tcbn65gpluswc   1.440000  
DEC/U136                  OAI222D0        tcbn65gpluswc   3.240000  
DEC/U137                  NR4D0           tcbn65gpluswc   2.520000  
DEC/U138                  AOI21D0         tcbn65gpluswc   2.160000  
DEC/U139                  AOI21D0         tcbn65gpluswc   2.160000  
DEC/U140                  OAI21D0         tcbn65gpluswc   2.160000  
DEC/U141                  AO31D0          tcbn65gpluswc   2.880000  
DEC/U142                  OAI222D0        tcbn65gpluswc   3.240000  
DEC/U143                  OAI221D0        tcbn65gpluswc   2.880000  
DEC/U144                  AOI22D0         tcbn65gpluswc   2.520000  
DEC/U145                  CKND2D0         tcbn65gpluswc   1.440000  
DEC/U146                  CKND2D0         tcbn65gpluswc   1.440000  
DEC/U147                  IND3D0          tcbn65gpluswc   2.520000  
DEC/U148                  NR4D0           tcbn65gpluswc   2.520000  
DEC/U149                  OR4D0           tcbn65gpluswc   2.880000  
DEC/U150                  OAI221D0        tcbn65gpluswc   2.880000  
DEC/U151                  OAI31D0         tcbn65gpluswc   2.520000  
DEC/U152                  NR2D0           tcbn65gpluswc   1.440000  
DEC/U153                  CKND0           tcbn65gpluswc   1.080000  
DEC/U154                  OAI222D0        tcbn65gpluswc   3.240000  
DEC/U155                  INR2D0          tcbn65gpluswc   2.160000  
DEC/U156                  NR2D0           tcbn65gpluswc   1.440000  
DEC/U157                  NR2D0           tcbn65gpluswc   1.440000  
DEC/U158                  NR2D0           tcbn65gpluswc   1.440000  
DEC/U159                  OAI222D0        tcbn65gpluswc   3.240000  
DEC/U160                  OAI222D0        tcbn65gpluswc   3.240000  
DEC/U161                  OR4D0           tcbn65gpluswc   2.880000  
DEC/U162                  OAI221D0        tcbn65gpluswc   2.880000  
DEC/U163                  OAI31D0         tcbn65gpluswc   2.520000  
DEC/U164                  CKND2D0         tcbn65gpluswc   1.440000  
DEC/U165                  NR2D0           tcbn65gpluswc   1.440000  
DEC/U166                  ND4D0           tcbn65gpluswc   2.520000  
DEC/U167                  OAI21D0         tcbn65gpluswc   2.160000  
DEC/U168                  OAI21D0         tcbn65gpluswc   2.160000  
DEC/U169                  CKND2D0         tcbn65gpluswc   1.440000  
DEC/U170                  OAI21D0         tcbn65gpluswc   2.160000  
DEC/U171                  OAI21D0         tcbn65gpluswc   2.160000  
DEC/U172                  OAI222D0        tcbn65gpluswc   3.240000  
DEC/U173                  OAI222D0        tcbn65gpluswc   3.240000  
DEC/U174                  IND4D0          tcbn65gpluswc   2.880000  
DEC/U175                  AOI221D0        tcbn65gpluswc   2.880000  
DEC/U176                  OAI22D0         tcbn65gpluswc   2.520000  
DEC/U177                  AOI221D0        tcbn65gpluswc   2.880000  
DEC/U178                  OAI22D0         tcbn65gpluswc   2.520000  
DEC/U179                  NR4D0           tcbn65gpluswc   2.520000  
DEC/U180                  AOI21D0         tcbn65gpluswc   2.160000  
DEC/U181                  AOI21D0         tcbn65gpluswc   2.160000  
DEC/U182                  AOI21D0         tcbn65gpluswc   2.160000  
DEC/U183                  OA21D0          tcbn65gpluswc   2.520000  
DEC/U184                  CKND2D0         tcbn65gpluswc   1.440000  
DEC/U185                  OAI222D0        tcbn65gpluswc   3.240000  
DEC/U186                  AN2D0           tcbn65gpluswc   2.160000  
DEC/U187                  NR2D0           tcbn65gpluswc   1.440000  
DEC/U188                  OAI211D0        tcbn65gpluswc   2.520000  
DEC/U189                  AOI22D0         tcbn65gpluswc   2.520000  
DEC/U190                  OAI221D0        tcbn65gpluswc   2.880000  
DEC/U191                  MAOI22D0        tcbn65gpluswc   2.880000  
DEC/U192                  NR2D0           tcbn65gpluswc   1.440000  
DEC/U193                  ND4D0           tcbn65gpluswc   2.520000  
DEC/U194                  NR2D0           tcbn65gpluswc   1.440000  
DEC/U195                  NR2D0           tcbn65gpluswc   1.440000  
DEC/U196                  NR2D0           tcbn65gpluswc   1.440000  
DEC/U197                  CKND0           tcbn65gpluswc   1.080000  
DEC/U198                  ND4D0           tcbn65gpluswc   2.520000  
DEC/U199                  OA221D0         tcbn65gpluswc   3.600000  
DEC/U200                  OA222D0         tcbn65gpluswc   4.320000  
DEC/U201                  NR2D0           tcbn65gpluswc   1.440000  
DEC/U202                  NR2D0           tcbn65gpluswc   1.440000  
DEC/U203                  NR2D0           tcbn65gpluswc   1.440000  
DEC/U204                  CKND2D0         tcbn65gpluswc   1.440000  
DEC/U205                  NR2D0           tcbn65gpluswc   1.440000  
DEC/U206                  AOI221D0        tcbn65gpluswc   2.880000  
DEC/U207                  OAI222D0        tcbn65gpluswc   3.240000  
DEC/U208                  AOI221D0        tcbn65gpluswc   2.880000  
DEC/U209                  OAI222D0        tcbn65gpluswc   3.240000  
DEC/U210                  AOI211D0        tcbn65gpluswc   2.520000  
DEC/U211                  OR4D0           tcbn65gpluswc   2.880000  
DEC/U212                  OAI222D0        tcbn65gpluswc   3.240000  
DEC/U213                  NR2D0           tcbn65gpluswc   1.440000  
DEC/U214                  ND4D0           tcbn65gpluswc   2.520000  
DEC/U215                  OAI21D0         tcbn65gpluswc   2.160000  
DEC/U216                  OAI21D0         tcbn65gpluswc   2.160000  
DEC/U217                  OAI21D0         tcbn65gpluswc   2.160000  
DEC/U218                  OAI31D0         tcbn65gpluswc   2.520000  
DEC/U219                  OAI222D0        tcbn65gpluswc   3.240000  
DEC/U220                  OAI221D0        tcbn65gpluswc   2.880000  
DEC/U221                  AOI22D0         tcbn65gpluswc   2.520000  
DEC/U222                  IND2D0          tcbn65gpluswc   2.160000  
DEC/U223                  NR4D0           tcbn65gpluswc   2.520000  
DEC/U224                  OAI221D0        tcbn65gpluswc   2.880000  
DEC/U225                  OAI31D0         tcbn65gpluswc   2.520000  
DEC/U226                  NR2D0           tcbn65gpluswc   1.440000  
DEC/U227                  NR2D0           tcbn65gpluswc   1.440000  
DEC/U228                  OAI222D0        tcbn65gpluswc   3.240000  
DEC/U229                  NR2D0           tcbn65gpluswc   1.440000  
DEC/U230                  CKND0           tcbn65gpluswc   1.080000  
DEC/U231                  NR2D0           tcbn65gpluswc   1.440000  
DEC/U232                  CKND0           tcbn65gpluswc   1.080000  
DEC/U233                  NR2D0           tcbn65gpluswc   1.440000  
DEC/U234                  OAI221D0        tcbn65gpluswc   2.880000  
DEC/U235                  AOI22D0         tcbn65gpluswc   2.520000  
DEC/U236                  NR2D0           tcbn65gpluswc   1.440000  
DEC/U237                  CKND2D0         tcbn65gpluswc   1.440000  
DEC/U238                  NR2D0           tcbn65gpluswc   1.440000  
DEC/U239                  OAI222D0        tcbn65gpluswc   3.240000  
DEC/U240                  CKND2D0         tcbn65gpluswc   1.440000  
DEC/U241                  AOI211D0        tcbn65gpluswc   2.520000  
DEC/U242                  AOI31D0         tcbn65gpluswc   2.520000  
DEC/U243                  OAI222D0        tcbn65gpluswc   3.240000  
DEC/U244                  NR2D0           tcbn65gpluswc   1.440000  
DEC/U245                  AN2D0           tcbn65gpluswc   2.160000  
DEC/U246                  AN2D0           tcbn65gpluswc   2.160000  
DEC/U247                  ND4D0           tcbn65gpluswc   2.520000  
DEC/U248                  AOI221D0        tcbn65gpluswc   2.880000  
DEC/U249                  OAI222D0        tcbn65gpluswc   3.240000  
DEC/U250                  AN3D0           tcbn65gpluswc   2.520000  
DEC/U251                  NR2D0           tcbn65gpluswc   1.440000  
DEC/U252                  NR4D0           tcbn65gpluswc   2.520000  
DEC/U253                  AOI21D0         tcbn65gpluswc   2.160000  
DEC/U254                  CKND0           tcbn65gpluswc   1.080000  
DEC/U255                  AOI21D0         tcbn65gpluswc   2.160000  
DEC/U256                  NR2D0           tcbn65gpluswc   1.440000  
DEC/U257                  AOI21D0         tcbn65gpluswc   2.160000  
DEC/U258                  AOI21D0         tcbn65gpluswc   2.160000  
DEC/U259                  CKND0           tcbn65gpluswc   1.080000  
DEC/U260                  AOI21D0         tcbn65gpluswc   2.160000  
DEC/U261                  OAI222D0        tcbn65gpluswc   3.240000  
DEC/U262                  NR2D0           tcbn65gpluswc   1.440000  
DEC/U263                  ND4D0           tcbn65gpluswc   2.520000  
DEC/U264                  AOI221D0        tcbn65gpluswc   2.880000  
DEC/U265                  OAI222D0        tcbn65gpluswc   3.240000  
DEC/U266                  AN2D0           tcbn65gpluswc   2.160000  
DEC/U267                  AOI221D0        tcbn65gpluswc   2.880000  
DEC/U268                  OAI22D0         tcbn65gpluswc   2.520000  
DEC/U269                  CKND0           tcbn65gpluswc   1.080000  
DEC/U270                  NR2D0           tcbn65gpluswc   1.440000  
DEC/U271                  AOI221D0        tcbn65gpluswc   2.880000  
DEC/U272                  OAI22D0         tcbn65gpluswc   2.520000  
DEC/U273                  NR4D0           tcbn65gpluswc   2.520000  
DEC/U274                  ND4D0           tcbn65gpluswc   2.520000  
DEC/U275                  AOI221D0        tcbn65gpluswc   2.880000  
DEC/U276                  OAI222D0        tcbn65gpluswc   3.240000  
DEC/U277                  NR2D0           tcbn65gpluswc   1.440000  
DEC/U278                  NR2D0           tcbn65gpluswc   1.440000  
DEC/U279                  NR2D0           tcbn65gpluswc   1.440000  
DEC/U280                  CKND2D0         tcbn65gpluswc   1.440000  
DEC/U281                  OR2D0           tcbn65gpluswc   2.160000  
DEC/U282                  CKND2D0         tcbn65gpluswc   1.440000  
DEC/U283                  AOI221D0        tcbn65gpluswc   2.880000  
DEC/U284                  MOAI22D0        tcbn65gpluswc   2.880000  
DEC/U285                  NR2D0           tcbn65gpluswc   1.440000  
DEC/U286                  AOI221D0        tcbn65gpluswc   2.880000  
DEC/U287                  OAI22D0         tcbn65gpluswc   2.520000  
DEC/U288                  AOI221D0        tcbn65gpluswc   2.880000  
DEC/U289                  OAI22D0         tcbn65gpluswc   2.520000  
DEC/U290                  ND4D0           tcbn65gpluswc   2.520000  
DEC/U291                  AOI221D0        tcbn65gpluswc   2.880000  
DEC/U292                  OAI222D0        tcbn65gpluswc   3.240000  
DEC/U293                  AN2D0           tcbn65gpluswc   2.160000  
DEC/U294                  NR2D0           tcbn65gpluswc   1.440000  
DEC/U295                  NR2D0           tcbn65gpluswc   1.440000  
DEC/U296                  NR2D0           tcbn65gpluswc   1.440000  
DEC/U297                  CKND0           tcbn65gpluswc   1.080000  
DEC/U298                  OR2D0           tcbn65gpluswc   2.160000  
DEC/U299                  CKND2D0         tcbn65gpluswc   1.440000  
DEC/U300                  AOI221D0        tcbn65gpluswc   2.880000  
DEC/U301                  OAI222D0        tcbn65gpluswc   3.240000  
DEC/U302                  NR2D0           tcbn65gpluswc   1.440000  
DEC/U303                  CKND0           tcbn65gpluswc   1.080000  
DEC/U304                  AOI221D0        tcbn65gpluswc   2.880000  
DEC/U305                  OAI222D0        tcbn65gpluswc   3.240000  
DEC/U306                  CKND0           tcbn65gpluswc   1.080000  
DEC/U307                  CKND0           tcbn65gpluswc   1.080000  
DEC/U308                  NR2D0           tcbn65gpluswc   1.440000  
DEC/U309                  NR4D0           tcbn65gpluswc   2.520000  
DEC/U310                  IND4D0          tcbn65gpluswc   2.880000  
DEC/U311                  NR4D0           tcbn65gpluswc   2.520000  
DEC/U312                  AOI21D0         tcbn65gpluswc   2.160000  
DEC/U313                  AOI21D0         tcbn65gpluswc   2.160000  
DEC/U314                  AOI21D0         tcbn65gpluswc   2.160000  
DEC/U315                  AOI31D0         tcbn65gpluswc   2.520000  
DEC/U316                  NR3D0           tcbn65gpluswc   2.160000  
DEC/U317                  AOI221D0        tcbn65gpluswc   2.880000  
DEC/U318                  AOI31D0         tcbn65gpluswc   2.520000  
DEC/U319                  CKND0           tcbn65gpluswc   1.080000  
DEC/U320                  CKND0           tcbn65gpluswc   1.080000  
DEC/U321                  AOI221D0        tcbn65gpluswc   2.880000  
DEC/U322                  OAI22D0         tcbn65gpluswc   2.520000  
DEC/U323                  OAI222D0        tcbn65gpluswc   3.240000  
DEC/U324                  NR2D0           tcbn65gpluswc   1.440000  
DEC/U325                  ND4D0           tcbn65gpluswc   2.520000  
DEC/U326                  NR4D0           tcbn65gpluswc   2.520000  
DEC/U327                  AOI21D0         tcbn65gpluswc   2.160000  
DEC/U328                  AOI21D0         tcbn65gpluswc   2.160000  
DEC/U329                  AOI21D0         tcbn65gpluswc   2.160000  
DEC/U330                  OA21D0          tcbn65gpluswc   2.520000  
DEC/U331                  ND4D0           tcbn65gpluswc   2.520000  
DEC/U332                  NR2D0           tcbn65gpluswc   1.440000  
DEC/U333                  AOI211D0        tcbn65gpluswc   2.520000  
DEC/U334                  AOI31D0         tcbn65gpluswc   2.520000  
DEC/U335                  OAI22D0         tcbn65gpluswc   2.520000  
DEC/U336                  AOI221D0        tcbn65gpluswc   2.880000  
DEC/U337                  OAI22D0         tcbn65gpluswc   2.520000  
DEC/U338                  NR2D0           tcbn65gpluswc   1.440000  
DEC/U339                  OAI222D0        tcbn65gpluswc   3.240000  
DEC/U340                  OAI222D0        tcbn65gpluswc   3.240000  
DEC/U341                  NR2D0           tcbn65gpluswc   1.440000  
DEC/U342                  AN2D0           tcbn65gpluswc   2.160000  
DEC/U343                  CKND0           tcbn65gpluswc   1.080000  
DEC/U344                  NR2D0           tcbn65gpluswc   1.440000  
DEC/U345                  CKND0           tcbn65gpluswc   1.080000  
DEC/U346                  CKND0           tcbn65gpluswc   1.080000  
DEC/U347                  NR2D0           tcbn65gpluswc   1.440000  
DEC/U348                  NR4D0           tcbn65gpluswc   2.520000  
DEC/U349                  ND4D0           tcbn65gpluswc   2.520000  
DEC/U350                  NR4D0           tcbn65gpluswc   2.520000  
DEC/U351                  AOI21D0         tcbn65gpluswc   2.160000  
DEC/U352                  NR2D0           tcbn65gpluswc   1.440000  
DEC/U353                  NR2D0           tcbn65gpluswc   1.440000  
DEC/U354                  AOI21D0         tcbn65gpluswc   2.160000  
DEC/U355                  AOI21D0         tcbn65gpluswc   2.160000  
DEC/U356                  AOI21D0         tcbn65gpluswc   2.160000  
DEC/U357                  AOI221D0        tcbn65gpluswc   2.880000  
DEC/U358                  OAI22D0         tcbn65gpluswc   2.520000  
DEC/U359                  NR2D0           tcbn65gpluswc   1.440000  
DEC/U360                  CKND2D0         tcbn65gpluswc   1.440000  
DEC/U361                  NR2D0           tcbn65gpluswc   1.440000  
DEC/U362                  AOI221D0        tcbn65gpluswc   2.880000  
DEC/U363                  OAI22D0         tcbn65gpluswc   2.520000  
DEC/U364                  AOI211D0        tcbn65gpluswc   2.520000  
DEC/U365                  OAI22D0         tcbn65gpluswc   2.520000  
DEC/U366                  OAI22D0         tcbn65gpluswc   2.520000  
DEC/U367                  CKND0           tcbn65gpluswc   1.080000  
DEC/U368                  ND4D0           tcbn65gpluswc   2.520000  
DEC/U369                  AOI221D0        tcbn65gpluswc   2.880000  
DEC/U370                  OAI222D0        tcbn65gpluswc   3.240000  
DEC/U371                  NR2D0           tcbn65gpluswc   1.440000  
DEC/U372                  NR2D0           tcbn65gpluswc   1.440000  
DEC/U373                  CKND2D0         tcbn65gpluswc   1.440000  
DEC/U374                  NR2D0           tcbn65gpluswc   1.440000  
DEC/U375                  CKND0           tcbn65gpluswc   1.080000  
DEC/U376                  NR2D0           tcbn65gpluswc   1.440000  
DEC/U377                  OR2D0           tcbn65gpluswc   2.160000  
DEC/U378                  CKND2D0         tcbn65gpluswc   1.440000  
DEC/U379                  OA221D0         tcbn65gpluswc   3.600000  
DEC/U380                  AOI222D0        tcbn65gpluswc   3.600000  
DEC/U381                  CKND2D0         tcbn65gpluswc   1.440000  
DEC/U382                  NR2D0           tcbn65gpluswc   1.440000  
DEC/U383                  CKND0           tcbn65gpluswc   1.080000  
DEC/U384                  CKND2D0         tcbn65gpluswc   1.440000  
DEC/U385                  CKND2D0         tcbn65gpluswc   1.440000  
DEC/U386                  NR2D0           tcbn65gpluswc   1.440000  
DEC/U387                  AOI221D0        tcbn65gpluswc   2.880000  
DEC/U388                  OAI222D0        tcbn65gpluswc   3.240000  
DEC/U389                  NR2D0           tcbn65gpluswc   1.440000  
DEC/U390                  NR4D0           tcbn65gpluswc   2.520000  
DEC/U391                  OR4D0           tcbn65gpluswc   2.880000  
DEC/U392                  OAI222D0        tcbn65gpluswc   3.240000  
DEC/U393                  CKND0           tcbn65gpluswc   1.080000  
DEC/U394                  NR2D0           tcbn65gpluswc   1.440000  
DEC/U395                  CKND0           tcbn65gpluswc   1.080000  
DEC/U396                  ND4D0           tcbn65gpluswc   2.520000  
DEC/U397                  OAI21D0         tcbn65gpluswc   2.160000  
DEC/U398                  CKND0           tcbn65gpluswc   1.080000  
DEC/U399                  NR2D0           tcbn65gpluswc   1.440000  
DEC/U400                  OAI21D0         tcbn65gpluswc   2.160000  
DEC/U401                  OAI21D0         tcbn65gpluswc   2.160000  
DEC/U402                  CKND0           tcbn65gpluswc   1.080000  
DEC/U403                  NR2D0           tcbn65gpluswc   1.440000  
DEC/U404                  OAI31D0         tcbn65gpluswc   2.520000  
DEC/U405                  CKND0           tcbn65gpluswc   1.080000  
DEC/U406                  NR2D0           tcbn65gpluswc   1.440000  
DEC/U407                  OAI222D0        tcbn65gpluswc   3.240000  
DEC/U408                  OAI221D0        tcbn65gpluswc   2.880000  
DEC/U409                  AOI22D0         tcbn65gpluswc   2.520000  
DEC/U410                  CKND0           tcbn65gpluswc   1.080000  
DEC/U411                  CKND0           tcbn65gpluswc   1.080000  
DEC/U412                  NR2D0           tcbn65gpluswc   1.440000  
DEC/U413                  OR4D0           tcbn65gpluswc   2.880000  
DEC/U414                  OAI222D0        tcbn65gpluswc   3.240000  
DEC/U415                  NR2D0           tcbn65gpluswc   1.440000  
DEC/U416                  CKND0           tcbn65gpluswc   1.080000  
DEC/U417                  NR2D0           tcbn65gpluswc   1.440000  
DEC/U418                  NR3D0           tcbn65gpluswc   2.160000  
DEC/U419                  CKND0           tcbn65gpluswc   1.080000  
DEC/U420                  NR2D0           tcbn65gpluswc   1.440000  
DEC/U421                  ND4D0           tcbn65gpluswc   2.520000  
DEC/U422                  IOA21D0         tcbn65gpluswc   2.520000  
DEC/U423                  NR2D0           tcbn65gpluswc   1.440000  
DEC/U424                  CKND0           tcbn65gpluswc   1.080000  
DEC/U425                  IOA21D0         tcbn65gpluswc   2.520000  
DEC/U426                  OAI21D0         tcbn65gpluswc   2.160000  
DEC/U427                  CKND0           tcbn65gpluswc   1.080000  
DEC/U428                  OAI21D0         tcbn65gpluswc   2.160000  
DEC/U429                  CKND2D0         tcbn65gpluswc   1.440000  
DEC/U430                  CKND0           tcbn65gpluswc   1.080000  
DEC/U431                  NR2D0           tcbn65gpluswc   1.440000  
DEC/U432                  CKND0           tcbn65gpluswc   1.080000  
DEC/U433                  OAI222D0        tcbn65gpluswc   3.240000  
DEC/U434                  CKND0           tcbn65gpluswc   1.080000  
DEC/U435                  CKND0           tcbn65gpluswc   1.080000  
DEC/U436                  OAI222D0        tcbn65gpluswc   3.240000  
DEC/U437                  NR2D0           tcbn65gpluswc   1.440000  
DEC/U438                  OR4D0           tcbn65gpluswc   2.880000  
DEC/U439                  OAI221D0        tcbn65gpluswc   2.880000  
DEC/U440                  AO31D0          tcbn65gpluswc   2.880000  
DEC/U441                  CKND0           tcbn65gpluswc   1.080000  
DEC/U442                  NR2D0           tcbn65gpluswc   1.440000  
DEC/U443                  NR2D0           tcbn65gpluswc   1.440000  
DEC/U444                  NR2D0           tcbn65gpluswc   1.440000  
DEC/U445                  CKND0           tcbn65gpluswc   1.080000  
DEC/U446                  NR2D0           tcbn65gpluswc   1.440000  
DEC/U447                  CKND0           tcbn65gpluswc   1.080000  
DEC/U448                  CKND0           tcbn65gpluswc   1.080000  
DEC/U449                  OAI222D0        tcbn65gpluswc   3.240000  
DEC/U450                  NR2D0           tcbn65gpluswc   1.440000  
DEC/U451                  NR2D0           tcbn65gpluswc   1.440000  
DEC/U452                  CKND0           tcbn65gpluswc   1.080000  
DEC/U453                  NR2D0           tcbn65gpluswc   1.440000  
DEC/U454                  CKND0           tcbn65gpluswc   1.080000  
DEC/U455                  NR2D0           tcbn65gpluswc   1.440000  
DEC/U456                  CKND0           tcbn65gpluswc   1.080000  
DEC/U457                  NR2D0           tcbn65gpluswc   1.440000  
DEC/U458                  OAI222D0        tcbn65gpluswc   3.240000  
DEC/U459                  NR2D0           tcbn65gpluswc   1.440000  
DEC/U460                  OAI222D0        tcbn65gpluswc   3.240000  
DEC/U461                  CKND0           tcbn65gpluswc   1.080000  
DEC/U462                  NR2D0           tcbn65gpluswc   1.440000  
DEC/U463                  CKND0           tcbn65gpluswc   1.080000  
DEC/U464                  OR4D0           tcbn65gpluswc   2.880000  
DEC/U465                  OAI221D0        tcbn65gpluswc   2.880000  
DEC/U466                  AOI22D0         tcbn65gpluswc   2.520000  
DEC/U467                  CKND2D0         tcbn65gpluswc   1.440000  
DEC/U468                  CKND0           tcbn65gpluswc   1.080000  
DEC/U469                  CKND0           tcbn65gpluswc   1.080000  
DEC/U470                  CKND2D0         tcbn65gpluswc   1.440000  
DEC/U471                  CKND0           tcbn65gpluswc   1.080000  
DEC/U472                  NR2D0           tcbn65gpluswc   1.440000  
DEC/U473                  CKND2D0         tcbn65gpluswc   1.440000  
DEC/U474                  NR2D0           tcbn65gpluswc   1.440000  
DEC/U475                  NR2D0           tcbn65gpluswc   1.440000  
DEC/U476                  CKND0           tcbn65gpluswc   1.080000  
DEC/U477                  NR2D0           tcbn65gpluswc   1.440000  
DEC/U478                  ND4D0           tcbn65gpluswc   2.520000  
DEC/U479                  OAI21D0         tcbn65gpluswc   2.160000  
DEC/U480                  CKND0           tcbn65gpluswc   1.080000  
DEC/U481                  NR2D0           tcbn65gpluswc   1.440000  
DEC/U482                  OAI21D0         tcbn65gpluswc   2.160000  
DEC/U483                  CKND0           tcbn65gpluswc   1.080000  
DEC/U484                  CKND2D0         tcbn65gpluswc   1.440000  
DEC/U485                  OAI21D0         tcbn65gpluswc   2.160000  
DEC/U486                  CKND0           tcbn65gpluswc   1.080000  
DEC/U487                  CKND2D0         tcbn65gpluswc   1.440000  
DEC/U488                  NR2D0           tcbn65gpluswc   1.440000  
DEC/U489                  CKND0           tcbn65gpluswc   1.080000  
DEC/U490                  CKND2D0         tcbn65gpluswc   1.440000  
DEC/U491                  IOA21D0         tcbn65gpluswc   2.520000  
DEC/U492                  NR2D0           tcbn65gpluswc   1.440000  
DEC/U493                  NR2D0           tcbn65gpluswc   1.440000  
DEC/U494                  CKND0           tcbn65gpluswc   1.080000  
DEC/U495                  NR2D0           tcbn65gpluswc   1.440000  
DEC/U496                  OAI222D0        tcbn65gpluswc   3.240000  
DEC/U497                  CKND0           tcbn65gpluswc   1.080000  
DEC/U498                  OAI221D0        tcbn65gpluswc   2.880000  
DEC/U499                  AOI22D0         tcbn65gpluswc   2.520000  
DEC/U500                  CKND0           tcbn65gpluswc   1.080000  
DEC/U501                  NR2D0           tcbn65gpluswc   1.440000  
DEC/U502                  CKND0           tcbn65gpluswc   1.080000  
DEC/U503                  CKND0           tcbn65gpluswc   1.080000  
DEC/U504                  CKND0           tcbn65gpluswc   1.080000  
DEC/U505                  NR2D0           tcbn65gpluswc   1.440000  
DEC/U506                  CKND0           tcbn65gpluswc   1.080000  
DEC/U507                  NR2D0           tcbn65gpluswc   1.440000  
DEC/U508                  NR2D0           tcbn65gpluswc   1.440000  
DEC/U509                  CKND2D0         tcbn65gpluswc   1.440000  
DEC/U510                  CKND0           tcbn65gpluswc   1.080000  
DEC/U511                  ND3D0           tcbn65gpluswc   2.160000  
DEC/U512                  NR2D0           tcbn65gpluswc   1.440000  
DEC/U513                  NR2D0           tcbn65gpluswc   1.440000  
DEC/U514                  CKND2D0         tcbn65gpluswc   1.440000  
DEC/U515                  CKND0           tcbn65gpluswc   1.080000  
DEC/U516                  ND4D0           tcbn65gpluswc   2.520000  
DEC/U517                  NR4D0           tcbn65gpluswc   2.520000  
DEC/U518                  AOI21D0         tcbn65gpluswc   2.160000  
DEC/U519                  CKND2D0         tcbn65gpluswc   1.440000  
DEC/U520                  CKND2D0         tcbn65gpluswc   1.440000  
DEC/U521                  NR2D0           tcbn65gpluswc   1.440000  
DEC/U522                  CKND0           tcbn65gpluswc   1.080000  
DEC/U523                  ND3D0           tcbn65gpluswc   2.160000  
DEC/U524                  AOI21D0         tcbn65gpluswc   2.160000  
DEC/U525                  AOI21D0         tcbn65gpluswc   2.160000  
DEC/U526                  NR2D0           tcbn65gpluswc   1.440000  
DEC/U527                  CKND0           tcbn65gpluswc   1.080000  
DEC/U528                  CKND2D0         tcbn65gpluswc   1.440000  
DEC/U529                  CKND2D0         tcbn65gpluswc   1.440000  
DEC/U530                  CKND2D0         tcbn65gpluswc   1.440000  
DEC/U531                  AOI21D0         tcbn65gpluswc   2.160000  
DEC/U532                  NR2D0           tcbn65gpluswc   1.440000  
DEC/U533                  CKND0           tcbn65gpluswc   1.080000  
DEC/U534                  CKND2D0         tcbn65gpluswc   1.440000  
DEC/U535                  CKND0           tcbn65gpluswc   1.080000  
DEC/U536                  NR2D0           tcbn65gpluswc   1.440000  
DEC/U537                  CKND0           tcbn65gpluswc   1.080000  
DEC/U538                  NR2D0           tcbn65gpluswc   1.440000  
DEC/U539                  CKND2D0         tcbn65gpluswc   1.440000  
DEC/U540                  AN2D0           tcbn65gpluswc   2.160000  
DEC/U541                  AOI221D0        tcbn65gpluswc   2.880000  
DEC/U542                  OAI22D0         tcbn65gpluswc   2.520000  
DEC/U543                  CKND0           tcbn65gpluswc   1.080000  
DEC/U544                  CKND2D0         tcbn65gpluswc   1.440000  
DEC/U545                  ND3D0           tcbn65gpluswc   2.160000  
DEC/U546                  CKND2D0         tcbn65gpluswc   1.440000  
DEC/U547                  AN2D0           tcbn65gpluswc   2.160000  
DEC/U548                  CKND0           tcbn65gpluswc   1.080000  
DEC/U549                  NR2D0           tcbn65gpluswc   1.440000  
DEC/U550                  CKND2D0         tcbn65gpluswc   1.440000  
DEC/U551                  NR2D0           tcbn65gpluswc   1.440000  
DEC/U552                  CKND0           tcbn65gpluswc   1.080000  
DEC/U553                  CKND2D0         tcbn65gpluswc   1.440000  
DEC/U554                  CKND0           tcbn65gpluswc   1.080000  
DEC/U555                  CKND2D0         tcbn65gpluswc   1.440000  
DEC/U556                  CKND0           tcbn65gpluswc   1.080000  
DEC/U557                  NR2D0           tcbn65gpluswc   1.440000  
DEC/U558                  CKND0           tcbn65gpluswc   1.080000  
DEC/U559                  NR2D0           tcbn65gpluswc   1.440000  
DEC/U560                  CKND0           tcbn65gpluswc   1.080000  
DEC/U561                  NR2D0           tcbn65gpluswc   1.440000  
DEC/U562                  CKND0           tcbn65gpluswc   1.080000  
DEC/U563                  CKND2D0         tcbn65gpluswc   1.440000  
DEC/U564                  NR2D0           tcbn65gpluswc   1.440000  
DEC/U565                  CKND2D0         tcbn65gpluswc   1.440000  
DEC/U566                  AOI221D0        tcbn65gpluswc   2.880000  
DEC/U567                  OAI22D0         tcbn65gpluswc   2.520000  
DEC/U568                  CKND2D0         tcbn65gpluswc   1.440000  
DEC/U569                  AN2D0           tcbn65gpluswc   2.160000  
DEC/U570                  CKND2D0         tcbn65gpluswc   1.440000  
DEC/U571                  NR2D0           tcbn65gpluswc   1.440000  
DEC/U572                  ND3D0           tcbn65gpluswc   2.160000  
DEC/U573                  NR2D0           tcbn65gpluswc   1.440000  
DEC/U574                  NR2D0           tcbn65gpluswc   1.440000  
DEC/U575                  CKND2D0         tcbn65gpluswc   1.440000  
DEC/U576                  CKND0           tcbn65gpluswc   1.080000  
DEC/U577                  CKND2D0         tcbn65gpluswc   1.440000  
DEC/U578                  NR2D0           tcbn65gpluswc   1.440000  
DEC/U579                  CKND0           tcbn65gpluswc   1.080000  
DEC/U580                  NR2D0           tcbn65gpluswc   1.440000  
DEC/U581                  CKND0           tcbn65gpluswc   1.080000  
DEC/U582                  CKND2D0         tcbn65gpluswc   1.440000  
DEC/U583                  NR2D0           tcbn65gpluswc   1.440000  
DEC/U584                  CKND0           tcbn65gpluswc   1.080000  
DEC/U585                  ND3D0           tcbn65gpluswc   2.160000  
DEC/U586                  NR2D0           tcbn65gpluswc   1.440000  
DEC/U587                  AOI221D0        tcbn65gpluswc   2.880000  
DEC/U588                  OAI22D0         tcbn65gpluswc   2.520000  
DEC/U589                  CKND0           tcbn65gpluswc   1.080000  
DEC/U590                  NR2D0           tcbn65gpluswc   1.440000  
DEC/U591                  CKND2D0         tcbn65gpluswc   1.440000  
DEC/U592                  NR2D0           tcbn65gpluswc   1.440000  
DEC/U593                  CKND0           tcbn65gpluswc   1.080000  
DEC/U594                  CKND2D0         tcbn65gpluswc   1.440000  
DEC/U595                  NR2D0           tcbn65gpluswc   1.440000  
DEC/U596                  CKND2D0         tcbn65gpluswc   1.440000  
DEC/U597                  NR2D0           tcbn65gpluswc   1.440000  
DEC/U598                  CKND0           tcbn65gpluswc   1.080000  
DEC/U599                  CKND0           tcbn65gpluswc   1.080000  
DEC/U600                  NR2D0           tcbn65gpluswc   1.440000  
DEC/U601                  CKND2D0         tcbn65gpluswc   1.440000  
DEC/U602                  NR2D0           tcbn65gpluswc   1.440000  
DEC/U603                  CKND0           tcbn65gpluswc   1.080000  
DEC/U604                  CKND0           tcbn65gpluswc   1.080000  
DEC/U605                  CKND2D0         tcbn65gpluswc   1.440000  
DEC/U606                  NR2D0           tcbn65gpluswc   1.440000  
DEC/U607                  CKND0           tcbn65gpluswc   1.080000  
DEC/U608                  NR2D0           tcbn65gpluswc   1.440000  
DEC/U609                  CKND2D0         tcbn65gpluswc   1.440000  
DEC/U610                  NR2D0           tcbn65gpluswc   1.440000  
DEC/U611                  NR2D0           tcbn65gpluswc   1.440000  
DEC/U612                  CKND0           tcbn65gpluswc   1.080000  
DEC/U613                  CKND0           tcbn65gpluswc   1.080000  
DEC/U614                  CKND2D0         tcbn65gpluswc   1.440000  
DEC/U615                  NR2D0           tcbn65gpluswc   1.440000  
DEC/U616                  CKND0           tcbn65gpluswc   1.080000  
DEC/U617                  NR2D0           tcbn65gpluswc   1.440000  
DEC/U618                  CKND0           tcbn65gpluswc   1.080000  
DEC/U619                  NR2D0           tcbn65gpluswc   1.440000  
DEC/U620                  CKND0           tcbn65gpluswc   1.080000  
DEC/U621                  CKND2D0         tcbn65gpluswc   1.440000  
DEC/U622                  NR2D0           tcbn65gpluswc   1.440000  
DEC/U623                  NR2D0           tcbn65gpluswc   1.440000  
DEC/U624                  CKND0           tcbn65gpluswc   1.080000  
ENC/U3                    OAI211D0        tcbn65gpluswc   2.520000  
ENC/U4                    OA221D0         tcbn65gpluswc   3.600000  
ENC/U5                    CKND0           tcbn65gpluswc   1.080000  
ENC/U6                    AOI32D0         tcbn65gpluswc   2.880000  
ENC/U7                    OAI21D0         tcbn65gpluswc   2.160000  
ENC/U8                    AOI21D0         tcbn65gpluswc   2.160000  
ENC/U9                    AOI211D0        tcbn65gpluswc   2.520000  
ENC/U10                   OAI222D0        tcbn65gpluswc   3.240000  
ENC/U11                   CKND0           tcbn65gpluswc   1.080000  
ENC/U12                   CKND2D0         tcbn65gpluswc   1.440000  
ENC/U13                   IAO21D0         tcbn65gpluswc   2.520000  
ENC/U14                   AO21D0          tcbn65gpluswc   2.520000  
ENC/U15                   OAI222D0        tcbn65gpluswc   3.240000  
ENC/U16                   AOI21D0         tcbn65gpluswc   2.160000  
ENC/U17                   AN2D0           tcbn65gpluswc   2.160000  
ENC/U18                   NR2D0           tcbn65gpluswc   1.440000  
ENC/U19                   CKND0           tcbn65gpluswc   1.080000  
ENC/U20                   NR2D0           tcbn65gpluswc   1.440000  
ENC/U21                   ND4D0           tcbn65gpluswc   2.520000  
ENC/U22                   AOI221D0        tcbn65gpluswc   2.880000  
ENC/U23                   OAI221D0        tcbn65gpluswc   2.880000  
ENC/U24                   OAI31D0         tcbn65gpluswc   2.520000  
ENC/U25                   CKND0           tcbn65gpluswc   1.080000  
ENC/U26                   CKND0           tcbn65gpluswc   1.080000  
ENC/U27                   AOI221D0        tcbn65gpluswc   2.880000  
ENC/U28                   OAI22D0         tcbn65gpluswc   2.520000  
ENC/U29                   NR3D0           tcbn65gpluswc   2.160000  
ENC/U30                   OAI211D0        tcbn65gpluswc   2.520000  
ENC/U31                   NR4D0           tcbn65gpluswc   2.520000  
ENC/U32                   ND4D0           tcbn65gpluswc   2.520000  
ENC/U33                   AOI221D0        tcbn65gpluswc   2.880000  
ENC/U34                   OAI222D0        tcbn65gpluswc   3.240000  
ENC/U35                   NR2D0           tcbn65gpluswc   1.440000  
ENC/U36                   AOI21D0         tcbn65gpluswc   2.160000  
ENC/U37                   NR2D0           tcbn65gpluswc   1.440000  
ENC/U38                   CKND2D0         tcbn65gpluswc   1.440000  
ENC/U39                   CKND2D0         tcbn65gpluswc   1.440000  
ENC/U40                   AOI221D0        tcbn65gpluswc   2.880000  
ENC/U41                   OAI22D0         tcbn65gpluswc   2.520000  
ENC/U42                   CKND2D0         tcbn65gpluswc   1.440000  
ENC/U43                   AOI221D0        tcbn65gpluswc   2.880000  
ENC/U44                   OAI222D0        tcbn65gpluswc   3.240000  
ENC/U45                   NR4D0           tcbn65gpluswc   2.520000  
ENC/U46                   ND4D0           tcbn65gpluswc   2.520000  
ENC/U47                   AOI211D0        tcbn65gpluswc   2.520000  
ENC/U48                   AOI31D0         tcbn65gpluswc   2.520000  
ENC/U49                   NR2D0           tcbn65gpluswc   1.440000  
ENC/U50                   OAI222D0        tcbn65gpluswc   3.240000  
ENC/U51                   NR2D0           tcbn65gpluswc   1.440000  
ENC/U52                   NR2D0           tcbn65gpluswc   1.440000  
ENC/U53                   NR2D0           tcbn65gpluswc   1.440000  
ENC/U54                   OA221D0         tcbn65gpluswc   3.600000  
ENC/U55                   OA22D0          tcbn65gpluswc   2.880000  
ENC/U56                   AOI221D0        tcbn65gpluswc   2.880000  
ENC/U57                   OAI22D0         tcbn65gpluswc   2.520000  
ENC/U58                   NR4D0           tcbn65gpluswc   2.520000  
ENC/U59                   NR2D0           tcbn65gpluswc   1.440000  
ENC/U60                   ND4D0           tcbn65gpluswc   2.520000  
ENC/U61                   AOI221D0        tcbn65gpluswc   2.880000  
ENC/U62                   OAI222D0        tcbn65gpluswc   3.240000  
ENC/U63                   NR2D0           tcbn65gpluswc   1.440000  
ENC/U64                   NR2D0           tcbn65gpluswc   1.440000  
ENC/U65                   NR2D0           tcbn65gpluswc   1.440000  
ENC/U66                   ND4D0           tcbn65gpluswc   2.520000  
ENC/U67                   CKND0           tcbn65gpluswc   1.080000  
ENC/U68                   AOI221D0        tcbn65gpluswc   2.880000  
ENC/U69                   OAI222D0        tcbn65gpluswc   3.240000  
ENC/U70                   AOI221D0        tcbn65gpluswc   2.880000  
ENC/U71                   OAI222D0        tcbn65gpluswc   3.240000  
ENC/U72                   NR4D0           tcbn65gpluswc   2.520000  
ENC/U73                   OR4D0           tcbn65gpluswc   2.880000  
ENC/U74                   OAI222D0        tcbn65gpluswc   3.240000  
ENC/U75                   NR3D0           tcbn65gpluswc   2.160000  
ENC/U76                   NR2D0           tcbn65gpluswc   1.440000  
ENC/U77                   ND4D0           tcbn65gpluswc   2.520000  
ENC/U78                   OAI21D0         tcbn65gpluswc   2.160000  
ENC/U79                   OAI21D0         tcbn65gpluswc   2.160000  
ENC/U80                   IOA21D0         tcbn65gpluswc   2.520000  
ENC/U81                   OAI21D0         tcbn65gpluswc   2.160000  
ENC/U82                   CKND2D0         tcbn65gpluswc   1.440000  
ENC/U83                   OAI222D0        tcbn65gpluswc   3.240000  
ENC/U84                   OAI222D0        tcbn65gpluswc   3.240000  
ENC/U85                   IND2D0          tcbn65gpluswc   2.160000  
ENC/U86                   IND4D0          tcbn65gpluswc   2.880000  
ENC/U87                   AOI221D0        tcbn65gpluswc   2.880000  
ENC/U88                   OAI22D0         tcbn65gpluswc   2.520000  
ENC/U89                   AN2D0           tcbn65gpluswc   2.160000  
ENC/U90                   CKND2D0         tcbn65gpluswc   1.440000  
ENC/U91                   CKND2D0         tcbn65gpluswc   1.440000  
ENC/U92                   AOI221D0        tcbn65gpluswc   2.880000  
ENC/U93                   OAI22D0         tcbn65gpluswc   2.520000  
ENC/U94                   CKND0           tcbn65gpluswc   1.080000  
ENC/U95                   AOI221D0        tcbn65gpluswc   2.880000  
ENC/U96                   OAI22D0         tcbn65gpluswc   2.520000  
ENC/U97                   OAI222D0        tcbn65gpluswc   3.240000  
ENC/U98                   CKND2D0         tcbn65gpluswc   1.440000  
ENC/U99                   AOI221D0        tcbn65gpluswc   2.880000  
ENC/U100                  OAI222D0        tcbn65gpluswc   3.240000  
ENC/U101                  NR2D0           tcbn65gpluswc   1.440000  
ENC/U102                  NR2D0           tcbn65gpluswc   1.440000  
ENC/U103                  AOI221D0        tcbn65gpluswc   2.880000  
ENC/U104                  OAI22D0         tcbn65gpluswc   2.520000  
ENC/U105                  OR4D0           tcbn65gpluswc   2.880000  
ENC/U106                  IND4D0          tcbn65gpluswc   2.880000  
ENC/U107                  INR4D0          tcbn65gpluswc   2.880000  
ENC/U108                  OR4D0           tcbn65gpluswc   2.880000  
ENC/U109                  OAI222D0        tcbn65gpluswc   3.240000  
ENC/U110                  OAI221D0        tcbn65gpluswc   2.880000  
ENC/U111                  AOI22D0         tcbn65gpluswc   2.520000  
ENC/U112                  CKND2D0         tcbn65gpluswc   1.440000  
ENC/U113                  CKND2D0         tcbn65gpluswc   1.440000  
ENC/U114                  NR2D0           tcbn65gpluswc   1.440000  
ENC/U115                  AN3D0           tcbn65gpluswc   2.520000  
ENC/U116                  OAI222D0        tcbn65gpluswc   3.240000  
ENC/U117                  OAI222D0        tcbn65gpluswc   3.240000  
ENC/U118                  OAI222D0        tcbn65gpluswc   3.240000  
ENC/U119                  NR3D0           tcbn65gpluswc   2.160000  
ENC/U120                  OR4D0           tcbn65gpluswc   2.880000  
ENC/U121                  OAI222D0        tcbn65gpluswc   3.240000  
ENC/U122                  OAI221D0        tcbn65gpluswc   2.880000  
ENC/U123                  AOI22D0         tcbn65gpluswc   2.520000  
ENC/U124                  CKND2D0         tcbn65gpluswc   1.440000  
ENC/U125                  CKND2D0         tcbn65gpluswc   1.440000  
ENC/U126                  AN2D0           tcbn65gpluswc   2.160000  
ENC/U127                  AN2D0           tcbn65gpluswc   2.160000  
ENC/U128                  NR2D0           tcbn65gpluswc   1.440000  
ENC/U129                  OAI222D0        tcbn65gpluswc   3.240000  
ENC/U130                  OAI221D0        tcbn65gpluswc   2.880000  
ENC/U131                  AOI22D0         tcbn65gpluswc   2.520000  
ENC/U132                  CKND2D0         tcbn65gpluswc   1.440000  
ENC/U133                  AOI221D0        tcbn65gpluswc   2.880000  
ENC/U134                  AO222D0         tcbn65gpluswc   4.320000  
ENC/U135                  CKND0           tcbn65gpluswc   1.080000  
ENC/U136                  NR2D0           tcbn65gpluswc   1.440000  
ENC/U137                  AOI211D0        tcbn65gpluswc   2.520000  
ENC/U138                  OAI22D0         tcbn65gpluswc   2.520000  
ENC/U139                  ND4D0           tcbn65gpluswc   2.520000  
ENC/U140                  NR4D0           tcbn65gpluswc   2.520000  
ENC/U141                  AOI21D0         tcbn65gpluswc   2.160000  
ENC/U142                  AOI21D0         tcbn65gpluswc   2.160000  
ENC/U143                  OAI32D0         tcbn65gpluswc   2.880000  
ENC/U144                  NR2D0           tcbn65gpluswc   1.440000  
ENC/U145                  AOI21D0         tcbn65gpluswc   2.160000  
ENC/U146                  NR2D0           tcbn65gpluswc   1.440000  
ENC/U147                  AOI221D0        tcbn65gpluswc   2.880000  
ENC/U148                  OAI222D0        tcbn65gpluswc   3.240000  
ENC/U149                  NR2D0           tcbn65gpluswc   1.440000  
ENC/U150                  INR3D0          tcbn65gpluswc   2.520000  
ENC/U151                  OAI222D0        tcbn65gpluswc   3.240000  
ENC/U152                  NR4D0           tcbn65gpluswc   2.520000  
ENC/U153                  ND3D0           tcbn65gpluswc   2.160000  
ENC/U154                  AOI221D0        tcbn65gpluswc   2.880000  
ENC/U155                  AO222D0         tcbn65gpluswc   4.320000  
ENC/U156                  AOI221D0        tcbn65gpluswc   2.880000  
ENC/U157                  OA31D0          tcbn65gpluswc   2.880000  
ENC/U158                  CKND2D0         tcbn65gpluswc   1.440000  
ENC/U159                  CKND2D0         tcbn65gpluswc   1.440000  
ENC/U160                  AOI222D0        tcbn65gpluswc   3.600000  
ENC/U161                  CKND0           tcbn65gpluswc   1.080000  
ENC/U162                  NR2D0           tcbn65gpluswc   1.440000  
ENC/U163                  CKND2D0         tcbn65gpluswc   1.440000  
ENC/U164                  NR2D0           tcbn65gpluswc   1.440000  
ENC/U165                  CKND2D0         tcbn65gpluswc   1.440000  
ENC/U166                  CKND0           tcbn65gpluswc   1.080000  
ENC/U167                  CKND2D0         tcbn65gpluswc   1.440000  
ENC/U168                  NR2D0           tcbn65gpluswc   1.440000  
ENC/U169                  CKND0           tcbn65gpluswc   1.080000  
ENC/U170                  CKND2D0         tcbn65gpluswc   1.440000  
ENC/U171                  AOI221D0        tcbn65gpluswc   2.880000  
ENC/U172                  OAI222D0        tcbn65gpluswc   3.240000  
ENC/U173                  NR2D0           tcbn65gpluswc   1.440000  
ENC/U174                  AN2D0           tcbn65gpluswc   2.160000  
ENC/U175                  AOI211D0        tcbn65gpluswc   2.520000  
ENC/U176                  OAI22D0         tcbn65gpluswc   2.520000  
ENC/U177                  CKND2D0         tcbn65gpluswc   1.440000  
ENC/U178                  AOI221D0        tcbn65gpluswc   2.880000  
ENC/U179                  OAI222D0        tcbn65gpluswc   3.240000  
ENC/U180                  AN2D0           tcbn65gpluswc   2.160000  
ENC/U181                  IINR4D0         tcbn65gpluswc   3.600000  
ENC/U182                  CKND0           tcbn65gpluswc   1.080000  
ENC/U183                  ND3D0           tcbn65gpluswc   2.160000  
ENC/U184                  NR2D0           tcbn65gpluswc   1.440000  
ENC/U185                  NR2D0           tcbn65gpluswc   1.440000  
ENC/U186                  CKND0           tcbn65gpluswc   1.080000  
ENC/U187                  CKND2D0         tcbn65gpluswc   1.440000  
ENC/U188                  AOI221D0        tcbn65gpluswc   2.880000  
ENC/U189                  OAI222D0        tcbn65gpluswc   3.240000  
ENC/U190                  NR2D0           tcbn65gpluswc   1.440000  
ENC/U191                  NR2D0           tcbn65gpluswc   1.440000  
ENC/U192                  AO221D0         tcbn65gpluswc   3.600000  
ENC/U193                  OAI222D0        tcbn65gpluswc   3.240000  
ENC/U194                  NR2D0           tcbn65gpluswc   1.440000  
ENC/U195                  OAI222D0        tcbn65gpluswc   3.240000  
ENC/U196                  NR2D0           tcbn65gpluswc   1.440000  
ENC/U197                  NR2D0           tcbn65gpluswc   1.440000  
ENC/U198                  NR2D0           tcbn65gpluswc   1.440000  
ENC/U199                  OAI222D0        tcbn65gpluswc   3.240000  
ENC/U200                  NR2D0           tcbn65gpluswc   1.440000  
ENC/U201                  NR2D0           tcbn65gpluswc   1.440000  
ENC/U202                  AN2D0           tcbn65gpluswc   2.160000  
ENC/U203                  ND4D0           tcbn65gpluswc   2.520000  
ENC/U204                  NR4D0           tcbn65gpluswc   2.520000  
ENC/U205                  OAI222D0        tcbn65gpluswc   3.240000  
ENC/U206                  OAI222D0        tcbn65gpluswc   3.240000  
ENC/U207                  OAI222D0        tcbn65gpluswc   3.240000  
ENC/U208                  NR2D0           tcbn65gpluswc   1.440000  
ENC/U209                  NR2D0           tcbn65gpluswc   1.440000  
ENC/U210                  NR2D0           tcbn65gpluswc   1.440000  
ENC/U211                  ND4D0           tcbn65gpluswc   2.520000  
ENC/U212                  OAI21D0         tcbn65gpluswc   2.160000  
ENC/U213                  CKND0           tcbn65gpluswc   1.080000  
ENC/U214                  OAI21D0         tcbn65gpluswc   2.160000  
ENC/U215                  IOA21D0         tcbn65gpluswc   2.520000  
ENC/U216                  OAI21D0         tcbn65gpluswc   2.160000  
ENC/U217                  NR4D0           tcbn65gpluswc   2.520000  
ENC/U218                  IND3D0          tcbn65gpluswc   2.520000  
ENC/U219                  AOI222D0        tcbn65gpluswc   3.600000  
ENC/U220                  AOI221D0        tcbn65gpluswc   2.880000  
ENC/U221                  ND4D0           tcbn65gpluswc   2.520000  
ENC/U222                  AOI221D0        tcbn65gpluswc   2.880000  
ENC/U223                  OAI222D0        tcbn65gpluswc   3.240000  
ENC/U224                  AN2D0           tcbn65gpluswc   2.160000  
ENC/U225                  NR2D0           tcbn65gpluswc   1.440000  
ENC/U226                  CKND2D0         tcbn65gpluswc   1.440000  
ENC/U227                  CKND0           tcbn65gpluswc   1.080000  
ENC/U228                  AOI221D0        tcbn65gpluswc   2.880000  
ENC/U229                  OAI222D0        tcbn65gpluswc   3.240000  
ENC/U230                  CKND0           tcbn65gpluswc   1.080000  
ENC/U231                  NR3D0           tcbn65gpluswc   2.160000  
ENC/U232                  IND4D0          tcbn65gpluswc   2.880000  
ENC/U233                  AOI211D0        tcbn65gpluswc   2.520000  
ENC/U234                  OAI22D0         tcbn65gpluswc   2.520000  
ENC/U235                  OAI222D0        tcbn65gpluswc   3.240000  
ENC/U236                  NR2D0           tcbn65gpluswc   1.440000  
ENC/U237                  INR2D0          tcbn65gpluswc   2.160000  
ENC/U238                  OAI22D0         tcbn65gpluswc   2.520000  
ENC/U239                  OAI222D0        tcbn65gpluswc   3.240000  
ENC/U240                  INR4D0          tcbn65gpluswc   2.880000  
ENC/U241                  ND4D0           tcbn65gpluswc   2.520000  
ENC/U242                  AOI221D0        tcbn65gpluswc   2.880000  
ENC/U243                  OAI222D0        tcbn65gpluswc   3.240000  
ENC/U244                  NR2D0           tcbn65gpluswc   1.440000  
ENC/U245                  AN2D0           tcbn65gpluswc   2.160000  
ENC/U246                  NR2D0           tcbn65gpluswc   1.440000  
ENC/U247                  CKND2D0         tcbn65gpluswc   1.440000  
ENC/U248                  AOI221D0        tcbn65gpluswc   2.880000  
ENC/U249                  OAI222D0        tcbn65gpluswc   3.240000  
ENC/U250                  AOI221D0        tcbn65gpluswc   2.880000  
ENC/U251                  OAI222D0        tcbn65gpluswc   3.240000  
ENC/U252                  AOI211D0        tcbn65gpluswc   2.520000  
ENC/U253                  OAI22D0         tcbn65gpluswc   2.520000  
ENC/U254                  OAI22D0         tcbn65gpluswc   2.520000  
ENC/U255                  ND4D0           tcbn65gpluswc   2.520000  
ENC/U256                  NR4D0           tcbn65gpluswc   2.520000  
ENC/U257                  AOI21D0         tcbn65gpluswc   2.160000  
ENC/U258                  AOI21D0         tcbn65gpluswc   2.160000  
ENC/U259                  AOI31D0         tcbn65gpluswc   2.520000  
ENC/U260                  NR2D0           tcbn65gpluswc   1.440000  
ENC/U261                  OAI222D0        tcbn65gpluswc   3.240000  
ENC/U262                  NR4D0           tcbn65gpluswc   2.520000  
ENC/U263                  NR2D0           tcbn65gpluswc   1.440000  
ENC/U264                  AOI221D0        tcbn65gpluswc   2.880000  
ENC/U265                  OAI222D0        tcbn65gpluswc   3.240000  
ENC/U266                  CKND0           tcbn65gpluswc   1.080000  
ENC/U267                  NR2D0           tcbn65gpluswc   1.440000  
ENC/U268                  OAI222D0        tcbn65gpluswc   3.240000  
ENC/U269                  OAI222D0        tcbn65gpluswc   3.240000  
ENC/U270                  NR4D0           tcbn65gpluswc   2.520000  
ENC/U271                  ND4D0           tcbn65gpluswc   2.520000  
ENC/U272                  NR2D0           tcbn65gpluswc   1.440000  
ENC/U273                  OAI222D0        tcbn65gpluswc   3.240000  
ENC/U274                  NR2D0           tcbn65gpluswc   1.440000  
ENC/U275                  OAI222D0        tcbn65gpluswc   3.240000  
ENC/U276                  CKND0           tcbn65gpluswc   1.080000  
ENC/U277                  NR2D0           tcbn65gpluswc   1.440000  
ENC/U278                  NR2D0           tcbn65gpluswc   1.440000  
ENC/U279                  AOI221D0        tcbn65gpluswc   2.880000  
ENC/U280                  OAI222D0        tcbn65gpluswc   3.240000  
ENC/U281                  AOI221D0        tcbn65gpluswc   2.880000  
ENC/U282                  OAI222D0        tcbn65gpluswc   3.240000  
ENC/U283                  AOI221D0        tcbn65gpluswc   2.880000  
ENC/U284                  OAI222D0        tcbn65gpluswc   3.240000  
ENC/U285                  IND2D0          tcbn65gpluswc   2.160000  
ENC/U286                  ND4D0           tcbn65gpluswc   2.520000  
ENC/U287                  NR4D0           tcbn65gpluswc   2.520000  
ENC/U288                  OAI222D0        tcbn65gpluswc   3.240000  
ENC/U289                  OAI222D0        tcbn65gpluswc   3.240000  
ENC/U290                  OAI222D0        tcbn65gpluswc   3.240000  
ENC/U291                  OAI222D0        tcbn65gpluswc   3.240000  
ENC/U292                  NR2D0           tcbn65gpluswc   1.440000  
ENC/U293                  INR4D0          tcbn65gpluswc   2.880000  
ENC/U294                  OR2D0           tcbn65gpluswc   2.160000  
ENC/U295                  ND4D0           tcbn65gpluswc   2.520000  
ENC/U296                  AOI221D0        tcbn65gpluswc   2.880000  
ENC/U297                  OAI222D0        tcbn65gpluswc   3.240000  
ENC/U298                  NR2D0           tcbn65gpluswc   1.440000  
ENC/U299                  NR2D0           tcbn65gpluswc   1.440000  
ENC/U300                  NR2D0           tcbn65gpluswc   1.440000  
ENC/U301                  NR2D0           tcbn65gpluswc   1.440000  
ENC/U302                  CKND0           tcbn65gpluswc   1.080000  
ENC/U303                  NR2D0           tcbn65gpluswc   1.440000  
ENC/U304                  AOI211D0        tcbn65gpluswc   2.520000  
ENC/U305                  OAI22D0         tcbn65gpluswc   2.520000  
ENC/U306                  OAI211D0        tcbn65gpluswc   2.520000  
ENC/U307                  OA221D0         tcbn65gpluswc   3.600000  
ENC/U308                  AOI22D0         tcbn65gpluswc   2.520000  
ENC/U309                  AOI22D0         tcbn65gpluswc   2.520000  
ENC/U310                  AOI221D0        tcbn65gpluswc   2.880000  
ENC/U311                  OAI22D0         tcbn65gpluswc   2.520000  
ENC/U312                  INR2D0          tcbn65gpluswc   2.160000  
ENC/U313                  OAI222D0        tcbn65gpluswc   3.240000  
ENC/U314                  NR2D0           tcbn65gpluswc   1.440000  
ENC/U315                  AOI221D0        tcbn65gpluswc   2.880000  
ENC/U316                  NR4D0           tcbn65gpluswc   2.520000  
ENC/U317                  OAI222D0        tcbn65gpluswc   3.240000  
ENC/U318                  NR2D0           tcbn65gpluswc   1.440000  
ENC/U319                  OAI221D0        tcbn65gpluswc   2.880000  
ENC/U320                  AOI22D0         tcbn65gpluswc   2.520000  
ENC/U321                  CKND2D0         tcbn65gpluswc   1.440000  
ENC/U322                  CKND2D0         tcbn65gpluswc   1.440000  
ENC/U323                  NR2D0           tcbn65gpluswc   1.440000  
ENC/U324                  OAI222D0        tcbn65gpluswc   3.240000  
ENC/U325                  OAI221D0        tcbn65gpluswc   2.880000  
ENC/U326                  AOI22D0         tcbn65gpluswc   2.520000  
ENC/U327                  AOI222D0        tcbn65gpluswc   3.600000  
ENC/U328                  AOI222D0        tcbn65gpluswc   3.600000  
ENC/U329                  ND4D0           tcbn65gpluswc   2.520000  
ENC/U330                  NR4D0           tcbn65gpluswc   2.520000  
ENC/U331                  OAI222D0        tcbn65gpluswc   3.240000  
ENC/U332                  OAI222D0        tcbn65gpluswc   3.240000  
ENC/U333                  NR2D0           tcbn65gpluswc   1.440000  
ENC/U334                  CKND0           tcbn65gpluswc   1.080000  
ENC/U335                  AOI21D0         tcbn65gpluswc   2.160000  
ENC/U336                  CKND0           tcbn65gpluswc   1.080000  
ENC/U337                  NR2D0           tcbn65gpluswc   1.440000  
ENC/U338                  CKND2D0         tcbn65gpluswc   1.440000  
ENC/U339                  OAI222D0        tcbn65gpluswc   3.240000  
ENC/U340                  OA222D0         tcbn65gpluswc   4.320000  
ENC/U341                  NR2D0           tcbn65gpluswc   1.440000  
ENC/U342                  CKND0           tcbn65gpluswc   1.080000  
ENC/U343                  OAI222D0        tcbn65gpluswc   3.240000  
ENC/U344                  CKND0           tcbn65gpluswc   1.080000  
ENC/U345                  NR2D0           tcbn65gpluswc   1.440000  
ENC/U346                  NR2D0           tcbn65gpluswc   1.440000  
ENC/U347                  AN2D0           tcbn65gpluswc   2.160000  
ENC/U348                  NR2D0           tcbn65gpluswc   1.440000  
ENC/U349                  CKND0           tcbn65gpluswc   1.080000  
ENC/U350                  NR4D0           tcbn65gpluswc   2.520000  
ENC/U351                  ND4D0           tcbn65gpluswc   2.520000  
ENC/U352                  NR4D0           tcbn65gpluswc   2.520000  
ENC/U353                  OAI222D0        tcbn65gpluswc   3.240000  
ENC/U354                  OAI221D0        tcbn65gpluswc   2.880000  
ENC/U355                  AOI22D0         tcbn65gpluswc   2.520000  
ENC/U356                  CKND0           tcbn65gpluswc   1.080000  
ENC/U357                  NR2D0           tcbn65gpluswc   1.440000  
ENC/U358                  OAI222D0        tcbn65gpluswc   3.240000  
ENC/U359                  NR2D0           tcbn65gpluswc   1.440000  
ENC/U360                  NR2D0           tcbn65gpluswc   1.440000  
ENC/U361                  NR2D0           tcbn65gpluswc   1.440000  
ENC/U362                  OAI221D0        tcbn65gpluswc   2.880000  
ENC/U363                  AOI22D0         tcbn65gpluswc   2.520000  
ENC/U364                  NR2D0           tcbn65gpluswc   1.440000  
ENC/U365                  CKND2D0         tcbn65gpluswc   1.440000  
ENC/U366                  NR2D0           tcbn65gpluswc   1.440000  
ENC/U367                  CKND0           tcbn65gpluswc   1.080000  
ENC/U368                  NR4D0           tcbn65gpluswc   2.520000  
ENC/U369                  OR4D0           tcbn65gpluswc   2.880000  
ENC/U370                  OAI222D0        tcbn65gpluswc   3.240000  
ENC/U371                  NR2D0           tcbn65gpluswc   1.440000  
ENC/U372                  ND4D0           tcbn65gpluswc   2.520000  
ENC/U373                  IOA21D0         tcbn65gpluswc   2.520000  
ENC/U374                  NR2D0           tcbn65gpluswc   1.440000  
ENC/U375                  OAI21D0         tcbn65gpluswc   2.160000  
ENC/U376                  OAI21D0         tcbn65gpluswc   2.160000  
ENC/U377                  OAI21D0         tcbn65gpluswc   2.160000  
ENC/U378                  OAI222D0        tcbn65gpluswc   3.240000  
ENC/U379                  OAI221D0        tcbn65gpluswc   2.880000  
ENC/U380                  AOI22D0         tcbn65gpluswc   2.520000  
ENC/U381                  NR2D0           tcbn65gpluswc   1.440000  
ENC/U382                  ND4D0           tcbn65gpluswc   2.520000  
ENC/U383                  AOI221D0        tcbn65gpluswc   2.880000  
ENC/U384                  OAI222D0        tcbn65gpluswc   3.240000  
ENC/U385                  NR2D0           tcbn65gpluswc   1.440000  
ENC/U386                  NR2D0           tcbn65gpluswc   1.440000  
ENC/U387                  NR2D0           tcbn65gpluswc   1.440000  
ENC/U388                  CKND2D0         tcbn65gpluswc   1.440000  
ENC/U389                  CKND2D0         tcbn65gpluswc   1.440000  
ENC/U390                  OA221D0         tcbn65gpluswc   3.600000  
ENC/U391                  MAOI22D0        tcbn65gpluswc   2.880000  
ENC/U392                  NR2D0           tcbn65gpluswc   1.440000  
ENC/U393                  CKND0           tcbn65gpluswc   1.080000  
ENC/U394                  NR2D0           tcbn65gpluswc   1.440000  
ENC/U395                  NR2D0           tcbn65gpluswc   1.440000  
ENC/U396                  NR2D0           tcbn65gpluswc   1.440000  
ENC/U397                  AOI221D0        tcbn65gpluswc   2.880000  
ENC/U398                  OAI222D0        tcbn65gpluswc   3.240000  
ENC/U399                  CKND0           tcbn65gpluswc   1.080000  
ENC/U400                  NR2D0           tcbn65gpluswc   1.440000  
ENC/U401                  AOI211D0        tcbn65gpluswc   2.520000  
ENC/U402                  OAI22D0         tcbn65gpluswc   2.520000  
ENC/U403                  OAI22D0         tcbn65gpluswc   2.520000  
ENC/U404                  CKND2D0         tcbn65gpluswc   1.440000  
ENC/U405                  AOI221D0        tcbn65gpluswc   2.880000  
ENC/U406                  OAI22D0         tcbn65gpluswc   2.520000  
ENC/U407                  NR2D0           tcbn65gpluswc   1.440000  
ENC/U408                  NR2D0           tcbn65gpluswc   1.440000  
ENC/U409                  IND4D0          tcbn65gpluswc   2.880000  
ENC/U410                  NR2D0           tcbn65gpluswc   1.440000  
ENC/U411                  CKND0           tcbn65gpluswc   1.080000  
ENC/U412                  NR2D0           tcbn65gpluswc   1.440000  
ENC/U413                  CKND2D0         tcbn65gpluswc   1.440000  
ENC/U414                  NR2D0           tcbn65gpluswc   1.440000  
ENC/U415                  CKND2D0         tcbn65gpluswc   1.440000  
ENC/U416                  NR2D0           tcbn65gpluswc   1.440000  
ENC/U417                  NR2D0           tcbn65gpluswc   1.440000  
ENC/U418                  AOI222D0        tcbn65gpluswc   3.600000  
ENC/U419                  CKND0           tcbn65gpluswc   1.080000  
ENC/U420                  NR2D0           tcbn65gpluswc   1.440000  
ENC/U421                  CKND0           tcbn65gpluswc   1.080000  
ENC/U422                  CKND2D0         tcbn65gpluswc   1.440000  
ENC/U423                  OAI211D0        tcbn65gpluswc   2.520000  
ENC/U424                  OA211D0         tcbn65gpluswc   2.880000  
ENC/U425                  AOI222D0        tcbn65gpluswc   3.600000  
ENC/U426                  CKND0           tcbn65gpluswc   1.080000  
ENC/U427                  AOI22D0         tcbn65gpluswc   2.520000  
ENC/U428                  OA211D0         tcbn65gpluswc   2.880000  
ENC/U429                  AOI22D0         tcbn65gpluswc   2.520000  
ENC/U430                  CKND2D0         tcbn65gpluswc   1.440000  
ENC/U431                  AOI22D0         tcbn65gpluswc   2.520000  
ENC/U432                  AOI221D0        tcbn65gpluswc   2.880000  
ENC/U433                  OAI22D0         tcbn65gpluswc   2.520000  
ENC/U434                  CKND0           tcbn65gpluswc   1.080000  
ENC/U435                  AOI222D0        tcbn65gpluswc   3.600000  
ENC/U436                  ND4D0           tcbn65gpluswc   2.520000  
ENC/U437                  AOI221D0        tcbn65gpluswc   2.880000  
ENC/U438                  OAI22D0         tcbn65gpluswc   2.520000  
ENC/U439                  CKND0           tcbn65gpluswc   1.080000  
ENC/U440                  NR2D0           tcbn65gpluswc   1.440000  
ENC/U441                  CKND2D0         tcbn65gpluswc   1.440000  
ENC/U442                  CKND0           tcbn65gpluswc   1.080000  
ENC/U443                  CKND0           tcbn65gpluswc   1.080000  
ENC/U444                  NR2D0           tcbn65gpluswc   1.440000  
ENC/U445                  AOI222D0        tcbn65gpluswc   3.600000  
ENC/U446                  CKND0           tcbn65gpluswc   1.080000  
ENC/U447                  AOI221D0        tcbn65gpluswc   2.880000  
ENC/U448                  OAI22D0         tcbn65gpluswc   2.520000  
ENC/U449                  NR3D0           tcbn65gpluswc   2.160000  
ENC/U450                  OAI221D0        tcbn65gpluswc   2.880000  
ENC/U451                  AOI22D0         tcbn65gpluswc   2.520000  
ENC/U452                  CKND0           tcbn65gpluswc   1.080000  
ENC/U453                  NR2D0           tcbn65gpluswc   1.440000  
ENC/U454                  OAI211D0        tcbn65gpluswc   2.520000  
ENC/U455                  OA222D0         tcbn65gpluswc   4.320000  
ENC/U456                  CKND0           tcbn65gpluswc   1.080000  
ENC/U457                  NR2D0           tcbn65gpluswc   1.440000  
ENC/U458                  AOI22D0         tcbn65gpluswc   2.520000  
ENC/U459                  CKND0           tcbn65gpluswc   1.080000  
ENC/U460                  CKND0           tcbn65gpluswc   1.080000  
ENC/U461                  CKND0           tcbn65gpluswc   1.080000  
ENC/U462                  OAI221D0        tcbn65gpluswc   2.880000  
ENC/U463                  AOI222D0        tcbn65gpluswc   3.600000  
ENC/U464                  CKND2D0         tcbn65gpluswc   1.440000  
ENC/U465                  OR4D0           tcbn65gpluswc   2.880000  
ENC/U466                  OAI222D0        tcbn65gpluswc   3.240000  
ENC/U467                  CKND0           tcbn65gpluswc   1.080000  
ENC/U468                  NR2D0           tcbn65gpluswc   1.440000  
ENC/U469                  NR2D0           tcbn65gpluswc   1.440000  
ENC/U470                  NR2D0           tcbn65gpluswc   1.440000  
ENC/U471                  NR2D0           tcbn65gpluswc   1.440000  
ENC/U472                  OAI222D0        tcbn65gpluswc   3.240000  
ENC/U473                  NR2D0           tcbn65gpluswc   1.440000  
ENC/U474                  CKND0           tcbn65gpluswc   1.080000  
ENC/U475                  CKND0           tcbn65gpluswc   1.080000  
ENC/U476                  NR2D0           tcbn65gpluswc   1.440000  
ENC/U477                  CKND2D0         tcbn65gpluswc   1.440000  
ENC/U478                  CKND0           tcbn65gpluswc   1.080000  
ENC/U479                  NR2D0           tcbn65gpluswc   1.440000  
ENC/U480                  CKND0           tcbn65gpluswc   1.080000  
ENC/U481                  NR2D0           tcbn65gpluswc   1.440000  
ENC/U482                  NR2D0           tcbn65gpluswc   1.440000  
ENC/U483                  CKND0           tcbn65gpluswc   1.080000  
ENC/U484                  OAI22D0         tcbn65gpluswc   2.520000  
ENC/U485                  CKND0           tcbn65gpluswc   1.080000  
ENC/U486                  CKND0           tcbn65gpluswc   1.080000  
ENC/U487                  OAI222D0        tcbn65gpluswc   3.240000  
ENC/U488                  CKND0           tcbn65gpluswc   1.080000  
ENC/U489                  NR2D0           tcbn65gpluswc   1.440000  
ENC/U490                  CKND2D0         tcbn65gpluswc   1.440000  
ENC/U491                  CKND0           tcbn65gpluswc   1.080000  
ENC/U492                  NR2D0           tcbn65gpluswc   1.440000  
ENC/U493                  CKND2D0         tcbn65gpluswc   1.440000  
ENC/U494                  CKND2D0         tcbn65gpluswc   1.440000  
ENC/U495                  NR4D0           tcbn65gpluswc   2.520000  
ENC/U496                  OAI222D0        tcbn65gpluswc   3.240000  
ENC/U497                  CKND0           tcbn65gpluswc   1.080000  
ENC/U498                  OAI221D0        tcbn65gpluswc   2.880000  
ENC/U499                  AOI22D0         tcbn65gpluswc   2.520000  
ENC/U500                  CKND2D0         tcbn65gpluswc   1.440000  
ENC/U501                  CKND2D0         tcbn65gpluswc   1.440000  
ENC/U502                  NR2D0           tcbn65gpluswc   1.440000  
ENC/U503                  CKND0           tcbn65gpluswc   1.080000  
ENC/U504                  CKND0           tcbn65gpluswc   1.080000  
ENC/U505                  NR2D0           tcbn65gpluswc   1.440000  
ENC/U506                  OAI222D0        tcbn65gpluswc   3.240000  
ENC/U507                  OAI222D0        tcbn65gpluswc   3.240000  
ENC/U508                  CKND0           tcbn65gpluswc   1.080000  
ENC/U509                  NR2D0           tcbn65gpluswc   1.440000  
ENC/U510                  CKND2D0         tcbn65gpluswc   1.440000  
ENC/U511                  CKND0           tcbn65gpluswc   1.080000  
ENC/U512                  NR2D0           tcbn65gpluswc   1.440000  
ENC/U513                  CKND2D0         tcbn65gpluswc   1.440000  
ENC/U514                  CKND0           tcbn65gpluswc   1.080000  
ENC/U515                  NR2D0           tcbn65gpluswc   1.440000  
ENC/U516                  AN4D0           tcbn65gpluswc   2.880000  
ENC/U517                  AOI221D0        tcbn65gpluswc   2.880000  
ENC/U518                  OAI22D0         tcbn65gpluswc   2.520000  
ENC/U519                  CKND0           tcbn65gpluswc   1.080000  
ENC/U520                  NR2D0           tcbn65gpluswc   1.440000  
ENC/U521                  CKND2D0         tcbn65gpluswc   1.440000  
ENC/U522                  NR2D0           tcbn65gpluswc   1.440000  
ENC/U523                  CKND0           tcbn65gpluswc   1.080000  
ENC/U524                  CKND0           tcbn65gpluswc   1.080000  
ENC/U525                  NR2D0           tcbn65gpluswc   1.440000  
ENC/U526                  NR2D0           tcbn65gpluswc   1.440000  
ENC/U527                  CKND0           tcbn65gpluswc   1.080000  
ENC/U528                  CKND0           tcbn65gpluswc   1.080000  
ENC/U529                  CKND0           tcbn65gpluswc   1.080000  
ENC/U530                  NR2D0           tcbn65gpluswc   1.440000  
ENC/U531                  NR2D0           tcbn65gpluswc   1.440000  
ENC/U532                  CKND2D0         tcbn65gpluswc   1.440000  
ENC/U533                  NR2D0           tcbn65gpluswc   1.440000  
ENC/U534                  CKND2D0         tcbn65gpluswc   1.440000  
ENC/U535                  AOI221D0        tcbn65gpluswc   2.880000  
ENC/U536                  MOAI22D0        tcbn65gpluswc   2.880000  
ENC/U537                  CKND0           tcbn65gpluswc   1.080000  
ENC/U538                  CKND2D0         tcbn65gpluswc   1.440000  
ENC/U539                  CKND2D0         tcbn65gpluswc   1.440000  
ENC/U540                  CKND0           tcbn65gpluswc   1.080000  
ENC/U541                  NR2D0           tcbn65gpluswc   1.440000  
ENC/U542                  CKND0           tcbn65gpluswc   1.080000  
ENC/U543                  NR2D0           tcbn65gpluswc   1.440000  
ENC/U544                  CKND2D0         tcbn65gpluswc   1.440000  
ENC/U545                  CKND0           tcbn65gpluswc   1.080000  
ENC/U546                  NR2D0           tcbn65gpluswc   1.440000  
ENC/U547                  CKND2D0         tcbn65gpluswc   1.440000  
ENC/U548                  NR2D0           tcbn65gpluswc   1.440000  
ENC/U549                  CKND2D0         tcbn65gpluswc   1.440000  
ENC/U550                  CKND0           tcbn65gpluswc   1.080000  
ENC/U551                  NR2D0           tcbn65gpluswc   1.440000  
ENC/U552                  CKND0           tcbn65gpluswc   1.080000  
ENC/U553                  AOI221D0        tcbn65gpluswc   2.880000  
ENC/U554                  OAI22D0         tcbn65gpluswc   2.520000  
ENC/U555                  CKND0           tcbn65gpluswc   1.080000  
ENC/U556                  NR2D0           tcbn65gpluswc   1.440000  
ENC/U557                  CKND0           tcbn65gpluswc   1.080000  
ENC/U558                  NR2D0           tcbn65gpluswc   1.440000  
ENC/U559                  CKND2D0         tcbn65gpluswc   1.440000  
ENC/U560                  CKND0           tcbn65gpluswc   1.080000  
ENC/U561                  AOI211D0        tcbn65gpluswc   2.520000  
ENC/U562                  CKND0           tcbn65gpluswc   1.080000  
ENC/U563                  AOI22D0         tcbn65gpluswc   2.520000  
ENC/U564                  CKND0           tcbn65gpluswc   1.080000  
ENC/U565                  CKND2D0         tcbn65gpluswc   1.440000  
ENC/U566                  NR2D0           tcbn65gpluswc   1.440000  
ENC/U567                  CKND2D0         tcbn65gpluswc   1.440000  
ENC/U568                  OAI22D0         tcbn65gpluswc   2.520000  
ENC/U569                  CKND0           tcbn65gpluswc   1.080000  
ENC/U570                  CKND0           tcbn65gpluswc   1.080000  
ENC/U571                  CKND2D0         tcbn65gpluswc   1.440000  
ENC/U572                  NR2D0           tcbn65gpluswc   1.440000  
ENC/U573                  CKND2D0         tcbn65gpluswc   1.440000  
ENC/U574                  AOI222D0        tcbn65gpluswc   3.600000  
ENC/U575                  CKND0           tcbn65gpluswc   1.080000  
ENC/U576                  CKND2D0         tcbn65gpluswc   1.440000  
ENC/U577                  NR2D0           tcbn65gpluswc   1.440000  
ENC/U578                  CKND2D0         tcbn65gpluswc   1.440000  
ENC/U579                  CKND0           tcbn65gpluswc   1.080000  
ENC/U580                  CKND2D0         tcbn65gpluswc   1.440000  
ENC/U581                  CKND0           tcbn65gpluswc   1.080000  
ENC/U582                  AOI211D0        tcbn65gpluswc   2.520000  
ENC/U583                  OAI22D0         tcbn65gpluswc   2.520000  
ENC/U584                  CKND0           tcbn65gpluswc   1.080000  
ENC/U585                  NR2D0           tcbn65gpluswc   1.440000  
ENC/U586                  CKND2D0         tcbn65gpluswc   1.440000  
ENC/U587                  CKND0           tcbn65gpluswc   1.080000  
ENC/U588                  OAI211D0        tcbn65gpluswc   2.520000  
ENC/U589                  AOI222D0        tcbn65gpluswc   3.600000  
ENC/U590                  CKND0           tcbn65gpluswc   1.080000  
ENC/U591                  CKND2D0         tcbn65gpluswc   1.440000  
ENC/U592                  NR2D0           tcbn65gpluswc   1.440000  
ENC/U593                  CKND2D0         tcbn65gpluswc   1.440000  
ENC/U594                  NR2D0           tcbn65gpluswc   1.440000  
ENC/U595                  CKND0           tcbn65gpluswc   1.080000  
ENC/U596                  CKND2D0         tcbn65gpluswc   1.440000  
ENC/U597                  NR2D0           tcbn65gpluswc   1.440000  
ENC/U598                  NR2D0           tcbn65gpluswc   1.440000  
ENC/U599                  CKND2D0         tcbn65gpluswc   1.440000  
ENC/U600                  NR2D0           tcbn65gpluswc   1.440000  
ENC/U601                  CKND0           tcbn65gpluswc   1.080000  
ENC/U602                  CKND2D0         tcbn65gpluswc   1.440000  
ENC/U603                  NR2D0           tcbn65gpluswc   1.440000  
ENC/U604                  NR2D0           tcbn65gpluswc   1.440000  
ENC/U605                  NR2D0           tcbn65gpluswc   1.440000  
ENC/U606                  AOI22D0         tcbn65gpluswc   2.520000  
ENC/U607                  CKND0           tcbn65gpluswc   1.080000  
ENC/U608                  CKND2D0         tcbn65gpluswc   1.440000  
ENC/U609                  NR2D0           tcbn65gpluswc   1.440000  
ENC/U610                  NR2D0           tcbn65gpluswc   1.440000  
ENC/U611                  CKND0           tcbn65gpluswc   1.080000  
ENC/U612                  CKND0           tcbn65gpluswc   1.080000  
ENC/U613                  CKND2D0         tcbn65gpluswc   1.440000  
ENC/U614                  NR2D0           tcbn65gpluswc   1.440000  
ENC/U615                  CKND2D0         tcbn65gpluswc   1.440000  
ENC/U616                  NR2D0           tcbn65gpluswc   1.440000  
ENC/U617                  CKND0           tcbn65gpluswc   1.080000  
ENC/U618                  CKND0           tcbn65gpluswc   1.080000  
ENC/U619                  NR2D0           tcbn65gpluswc   1.440000  
ENC/U620                  CKND2D0         tcbn65gpluswc   1.440000  
ENC/U621                  NR2D0           tcbn65gpluswc   1.440000  
ENC/U622                  CKND0           tcbn65gpluswc   1.080000  
ENC/U623                  NR2D0           tcbn65gpluswc   1.440000  
ENC/U624                  CKND0           tcbn65gpluswc   1.080000  
ENC/U625                  CKND2D0         tcbn65gpluswc   1.440000  
ENC/U626                  NR2D0           tcbn65gpluswc   1.440000  
ENC/U627                  NR2D0           tcbn65gpluswc   1.440000  
ENC/U628                  CKND0           tcbn65gpluswc   1.080000  
ENC/U629                  CKND0           tcbn65gpluswc   1.080000  
ENC/U630                  CKND2D0         tcbn65gpluswc   1.440000  
ENC/U631                  NR2D0           tcbn65gpluswc   1.440000  
ENC/U632                  NR2D0           tcbn65gpluswc   1.440000  
ENC/U633                  CKND0           tcbn65gpluswc   1.080000  
ENC/U634                  NR2D0           tcbn65gpluswc   1.440000  
ENC/U635                  CKND0           tcbn65gpluswc   1.080000  
ENC/U636                  CKND2D0         tcbn65gpluswc   1.440000  
ENC/U637                  NR2D0           tcbn65gpluswc   1.440000  
ENC/U638                  CKND0           tcbn65gpluswc   1.080000  
ENC/U639                  CKND0           tcbn65gpluswc   1.080000  
ENC/U640                  NR2D0           tcbn65gpluswc   1.440000  
--------------------------------------------------------------------------------
Total 1270 cells                                          2639.160056
1
