 
****************************************
Report : reference
Design : top_adder
Version: K-2015.06-SP5-1
Date   : Thu May 12 14:45:51 2016
****************************************

Attributes:
    b - black box (unknown)
   bo - allows boundary optimization
    d - dont_touch
   mo - map_only
    h - hierarchical
    n - noncombinational
    r - removable
    s - synthetic operator
    u - contains unmapped logic

Reference          Library       Unit Area   Count    Total Area   Attributes
-----------------------------------------------------------------------------
AN2D0              tcbn65gpluswc     2.160000      20    43.200002
AN2XD1             tcbn65gpluswc     2.160000       1     2.160000
AN3D0              tcbn65gpluswc     2.520000       2     5.040000
AN4D0              tcbn65gpluswc     2.880000       1     2.880000
AO21D0             tcbn65gpluswc     2.520000       1     2.520000
AO31D0             tcbn65gpluswc     2.880000       2     5.760000
AO211D0            tcbn65gpluswc     2.880000       1     2.880000
AO221D0            tcbn65gpluswc     3.600000       1     3.600000
AO222D0            tcbn65gpluswc     4.320000       2     8.640000
AOI21D0            tcbn65gpluswc     2.160000      45    97.200004
AOI22D0            tcbn65gpluswc     2.520000      25    63.000000
AOI31D0            tcbn65gpluswc     2.520000       8    20.160000
AOI32D0            tcbn65gpluswc     2.880000       1     2.880000
AOI211D0           tcbn65gpluswc     2.520000      18    45.360000
AOI221D0           tcbn65gpluswc     2.880000      82   236.160009
AOI222D0           tcbn65gpluswc     3.600000      13    46.799999
CKND0              tcbn65gpluswc     1.080000     196   211.680008
CKND2D0            tcbn65gpluswc     1.440000     132   190.080008
CKXOR2D1           tcbn65gpluswc     3.600000       1     3.600000
FA1D0              tcbn65gpluswc     9.000000       7    63.000000 r
IAO21D0            tcbn65gpluswc     2.520000       1     2.520000
IIND4D0            tcbn65gpluswc     3.600000       1     3.600000
IINR4D0            tcbn65gpluswc     3.600000       1     3.600000
IND2D0             tcbn65gpluswc     2.160000       3     6.480000
IND3D0             tcbn65gpluswc     2.520000       2     5.040000
IND4D0             tcbn65gpluswc     2.880000       6    17.280001
INR2D0             tcbn65gpluswc     2.160000       3     6.480000
INR3D0             tcbn65gpluswc     2.520000       1     2.520000
INR4D0             tcbn65gpluswc     2.880000       4    11.520000
IOA21D0            tcbn65gpluswc     2.520000       8    20.160000
MAOI22D0           tcbn65gpluswc     2.880000       2     5.760000
MOAI22D0           tcbn65gpluswc     2.880000       2     5.760000
ND3D0              tcbn65gpluswc     2.160000       8    17.280001
ND4D0              tcbn65gpluswc     2.520000      44   110.879999
NR2D0              tcbn65gpluswc     1.440000     292   420.480017
NR3D0              tcbn65gpluswc     2.160000      10    21.600001
NR4D0              tcbn65gpluswc     2.520000      39    98.279999
OA21D0             tcbn65gpluswc     2.520000       2     5.040000
OA22D0             tcbn65gpluswc     2.880000       1     2.880000
OA31D0             tcbn65gpluswc     2.880000       2     5.760000
OA211D0            tcbn65gpluswc     2.880000       2     5.760000
OA221D0            tcbn65gpluswc     3.600000       9    32.399999
OA222D0            tcbn65gpluswc     4.320000       4    17.280001
OAI21D0            tcbn65gpluswc     2.160000      29    62.640002
OAI22D0            tcbn65gpluswc     2.520000      52   131.039999
OAI31D0            tcbn65gpluswc     2.520000       8    20.160000
OAI32D0            tcbn65gpluswc     2.880000       1     2.880000
OAI211D0           tcbn65gpluswc     2.520000       7    17.640000
OAI221D0           tcbn65gpluswc     2.880000      25    72.000003
OAI222D0           tcbn65gpluswc     3.240000     122   395.280001
OR2D0              tcbn65gpluswc     2.160000       4     8.640000
OR3D0              tcbn65gpluswc     2.520000       1     2.520000
OR4D0              tcbn65gpluswc     2.880000      14    40.320002
TIEL               tcbn65gpluswc     1.080000       1     1.080000
-----------------------------------------------------------------------------
Total 54 references                                  2639.160056
1
