Information: Updating design information... (UID-85)
 
****************************************
Report : timing
        -path full
        -delay max
        -nets
        -max_paths 1
        -transition_time
Design : top_adder
Version: K-2015.06-SP5-1
Date   : Thu May 12 14:45:51 2016
****************************************

Operating Conditions: WCCOM   Library: tcbn65gpluswc
Wire Load Model Mode: segmented

  Startpoint: a[1] (input port)
  Endpoint: s[2] (output port)
  Path Group: (none)
  Path Type: max

  Des/Clust/Port     Wire Load Model       Library
  ------------------------------------------------
  top_adder          ZeroWireload          tcbn65gpluswc

Attributes:
    d - dont_touch
    u - dont_use
   mo - map_only
   so - size_only
    i - ideal_net or ideal_network
  inf - infeasible path

  Point                        Fanout     Trans      Incr       Path      Attributes
  ------------------------------------------------------------------------------------------
  input external delay                               0.00       0.00 f
  a[1] (in)                                0.00      0.00       0.00 f
  a[1] (net)                     1                   0.00       0.00 f
  ADD/add_8/U1_1/CO (FA1D0)                0.04      0.16       0.16 f    mo 
  ADD/add_8/carry[2] (net)       1                   0.00       0.16 f
  ADD/add_8/U1_2/CO (FA1D0)                0.04      0.09       0.24 f    mo 
  ADD/add_8/carry[3] (net)       1                   0.00       0.24 f
  ADD/add_8/U1_3/CO (FA1D0)                0.04      0.09       0.33 f    mo 
  ADD/add_8/carry[4] (net)       1                   0.00       0.33 f
  ADD/add_8/U1_4/CO (FA1D0)                0.04      0.09       0.42 f    mo 
  ADD/add_8/carry[5] (net)       1                   0.00       0.42 f
  ADD/add_8/U1_5/CO (FA1D0)                0.04      0.09       0.51 f    mo 
  ADD/add_8/carry[6] (net)       1                   0.00       0.51 f
  ADD/add_8/U1_6/CO (FA1D0)                0.04      0.09       0.60 f    mo 
  ADD/add_8/carry[7] (net)       1                   0.00       0.60 f
  ADD/add_8/U1_7/S (FA1D0)                 0.05      0.11       0.71 f    mo 
  s_add[7] (net)                 3                   0.00       0.71 f
  ENC/U624/ZN (CKND0)                      0.08      0.06       0.77 r
  ENC/n18 (net)                  5                   0.00       0.77 r
  ENC/U600/ZN (NR2D0)                      0.05      0.05       0.81 f
  ENC/n600 (net)                 4                   0.00       0.81 f
  ENC/U599/ZN (CKND2D0)                    0.16      0.10       0.91 r
  ENC/n324 (net)                 8                   0.00       0.91 r
  ENC/U452/ZN (CKND0)                      0.16      0.14       1.05 f
  ENC/n76 (net)                 14                   0.00       1.05 f
  ENC/U308/ZN (AOI22D0)                    0.12      0.12       1.17 r
  ENC/n397 (net)                 2                   0.00       1.17 r
  ENC/U307/Z (OA221D0)                     0.04      0.14       1.31 r
  ENC/n504 (net)                 1                   0.00       1.31 r
  ENC/U306/ZN (OAI211D0)                   0.12      0.09       1.39 f
  ENC/n328 (net)                 2                   0.00       1.39 f
  ENC/U304/ZN (AOI211D0)                   0.13      0.13       1.52 r
  ENC/n496 (net)                 1                   0.00       1.52 r
  ENC/U295/ZN (ND4D0)                      0.13      0.11       1.64 f
  ENC/n71 (net)                  2                   0.00       1.64 f
  ENC/U294/Z (OR2D0)                       0.03      0.10       1.73 f
  ENC/n493 (net)                 1                   0.00       1.73 f
  ENC/U293/ZN (INR4D0)                     0.09      0.07       1.80 r
  ENC/n484 (net)                 1                   0.00       1.80 r
  ENC/U286/ZN (ND4D0)                      0.13      0.11       1.91 f
  ENC/n426 (net)                 2                   0.00       1.91 f
  ENC/U285/ZN (IND2D0)                     0.04      0.09       2.00 f
  ENC/n462 (net)                 1                   0.00       2.00 f
  ENC/U270/ZN (NR4D0)                      0.09      0.05       2.05 r
  ENC/n445 (net)                 1                   0.00       2.05 r
  ENC/U255/ZN (ND4D0)                      0.17      0.12       2.17 f
  enc_s[1] (net)                 4                   0.00       2.17 f
  DEC/U598/ZN (CKND0)                      0.08      0.07       2.25 r
  DEC/n6 (net)                   3                   0.00       2.25 r
  DEC/U578/ZN (NR2D0)                      0.05      0.05       2.29 f
  DEC/n607 (net)                 4                   0.00       2.29 f
  DEC/U577/ZN (CKND2D0)                    0.28      0.16       2.45 r
  DEC/n45 (net)                 15                   0.00       2.45 r
  DEC/U576/ZN (CKND0)                      0.14      0.15       2.60 f
  DEC/n97 (net)                 11                   0.00       2.60 f
  DEC/U536/ZN (NR2D0)                      0.20      0.15       2.75 r
  DEC/n300 (net)                 6                   0.00       2.75 r
  DEC/U535/ZN (CKND0)                      0.10      0.10       2.86 f
  DEC/n147 (net)                 6                   0.00       2.86 f
  DEC/U532/ZN (NR2D0)                      0.09      0.08       2.93 r
  DEC/n428 (net)                 2                   0.00       2.93 r
  DEC/U246/Z (AN2D0)                       0.03      0.07       3.00 r
  DEC/n424 (net)                 1                   0.00       3.00 r
  DEC/U243/ZN (OAI222D0)                   0.12      0.06       3.07 f
  DEC/n422 (net)                 1                   0.00       3.07 f
  DEC/U241/ZN (AOI211D0)                   0.13      0.12       3.19 r
  DEC/n420 (net)                 1                   0.00       3.19 r
  DEC/U240/ZN (CKND2D0)                    0.07      0.06       3.25 f
  DEC/n284 (net)                 2                   0.00       3.25 f
  DEC/U222/ZN (IND2D0)                     0.05      0.07       3.32 f
  DEC/n393 (net)                 1                   0.00       3.32 f
  DEC/U210/ZN (AOI211D0)                   0.13      0.11       3.43 r
  DEC/n382 (net)                 1                   0.00       3.43 r
  DEC/U198/ZN (ND4D0)                      0.12      0.11       3.54 f
  DEC/n122 (net)                 2                   0.00       3.54 f
  DEC/U197/ZN (CKND0)                      0.05      0.04       3.58 r
  DEC/n370 (net)                 1                   0.00       3.58 r
  DEC/U188/ZN (OAI211D0)                   0.12      0.07       3.66 f
  DEC/n324 (net)                 1                   0.00       3.66 f
  DEC/U148/ZN (NR4D0)                      0.09      0.07       3.73 r
  DEC/n323 (net)                 1                   0.00       3.73 r
  DEC/U147/ZN (IND3D0)                     0.04      0.05       3.77 f
  s[2] (net)                     1                   0.00       3.77 f
  s[2] (out)                               0.04      0.00       3.77 f
  data arrival time                                             3.77
  ------------------------------------------------------------------------------------------
  (Path is unconstrained)


1
