 
****************************************
Report : area
Design : top_adder
Version: K-2015.06-SP5-1
Date   : Thu May 12 14:45:51 2016
****************************************

Library(s) Used:

    tcbn65gpluswc (File: /cadtools/tsmc/digital/Front_End/timing_power_noise/NLDM/tcbn65gplus_121b/tcbn65gpluswc.db)

Number of ports:                           25
Number of nets:                          1292
Number of cells:                         1270
Number of combinational cells:           1270
Number of sequential cells:                 0
Number of macros/black boxes:               0
Number of buf/inv:                        196
Number of references:                      54

Combinational area:               2639.160056
Buf/Inv area:                      211.680008
Noncombinational area:               0.000000
Macro/Black Box area:                0.000000
Net Interconnect area:      undefined  (Wire load has zero net area)

Total cell area:                  2639.160056
Total area:                 undefined
1
