Copyright 1986-2015 Xilinx, Inc. All Rights Reserved.
-------------------------------------------------------------------------------------------
| Tool Version : Vivado v.2015.4 (lin64) Build 1412921 Wed Nov 18 09:44:32 MST 2015
| Date         : Wed Apr 27 10:17:04 2016
| Host         : localhost.localdomain running 64-bit CentOS Linux release 7.2.1511 (Core)
| Command      : report_timing -file ./reports/timing/10bit_cla_adder_timing.rpt
| Design       : cla_adder
| Device       : 7z010-clg400
| Speed File   : -1  PRODUCTION 1.11 2014-09-11
-------------------------------------------------------------------------------------------

Timing Report

Slack:                    inf
  Source:                 a[1]
                            (input port)
  Destination:            s[8]
                            (output port)
  Path Group:             (none)
  Path Type:              Max at Slow Process Corner
  Data Path Delay:        10.274ns  (logic 4.143ns (40.327%)  route 6.131ns (59.673%))
  Logic Levels:           6  (IBUF=1 LUT5=2 LUT6=2 OBUF=1)

    Location             Delay type                Incr(ns)  Path(ns)    Netlist Resource(s)
  -------------------------------------------------------------------    -------------------
    P16                                               0.000     0.000 f  a[1] (IN)
                         net (fo=0)                   0.000     0.000    a[1]
    P16                  IBUF (Prop_ibuf_I_O)         0.938     0.938 f  a_IBUF[1]_inst/O
                         net (fo=4, routed)           1.636     2.574    a_IBUF[1]
    SLICE_X42Y10         LUT6 (Prop_lut6_I1_O)        0.124     2.698 r  s_OBUF[4]_inst_i_2/O
                         net (fo=5, routed)           0.991     3.689    s_OBUF[4]_inst_i_2_n_0
    SLICE_X42Y13         LUT5 (Prop_lut5_I2_O)        0.124     3.813 r  s_OBUF[6]_inst_i_2/O
                         net (fo=3, routed)           0.814     4.627    s_OBUF[6]_inst_i_2_n_0
    SLICE_X42Y14         LUT5 (Prop_lut5_I2_O)        0.124     4.751 r  s_OBUF[8]_inst_i_2/O
                         net (fo=2, routed)           0.584     5.335    s_OBUF[8]_inst_i_2_n_0
    SLICE_X43Y15         LUT6 (Prop_lut6_I1_O)        0.124     5.459 r  s_OBUF[8]_inst_i_1/O
                         net (fo=1, routed)           2.106     7.565    s_OBUF[8]
    U14                  OBUF (Prop_obuf_I_O)         2.709    10.274 r  s_OBUF[8]_inst/O
                         net (fo=0)                   0.000    10.274    s[8]
    U14                                                               r  s[8] (OUT)
  -------------------------------------------------------------------    -------------------




