Copyright 1986-2015 Xilinx, Inc. All Rights Reserved.
-------------------------------------------------------------------------------------------
| Tool Version : Vivado v.2015.4 (lin64) Build 1412921 Wed Nov 18 09:44:32 MST 2015
| Date         : Wed Apr 27 10:17:43 2016
| Host         : localhost.localdomain running 64-bit CentOS Linux release 7.2.1511 (Core)
| Command      : report_timing -file ./reports/timing/11bit_cla_adder_timing.rpt
| Design       : cla_adder
| Device       : 7z010-clg400
| Speed File   : -1  PRODUCTION 1.11 2014-09-11
-------------------------------------------------------------------------------------------

Timing Report

Slack:                    inf
  Source:                 a[0]
                            (input port)
  Destination:            s[10]
                            (output port)
  Path Group:             (none)
  Path Type:              Max at Slow Process Corner
  Data Path Delay:        11.024ns  (logic 4.246ns (38.513%)  route 6.778ns (61.487%))
  Logic Levels:           7  (IBUF=1 LUT5=3 LUT6=2 OBUF=1)

    Location             Delay type                Incr(ns)  Path(ns)    Netlist Resource(s)
  -------------------------------------------------------------------    -------------------
    T19                                               0.000     0.000 f  a[0] (IN)
                         net (fo=0)                   0.000     0.000    a[0]
    T19                  IBUF (Prop_ibuf_I_O)         0.950     0.950 f  a_IBUF[0]_inst/O
                         net (fo=5, routed)           1.822     2.772    a_IBUF[0]
    SLICE_X43Y12         LUT6 (Prop_lut6_I3_O)        0.124     2.896 r  s_OBUF[4]_inst_i_2/O
                         net (fo=3, routed)           0.423     3.320    s_OBUF[4]_inst_i_2_n_0
    SLICE_X43Y13         LUT5 (Prop_lut5_I2_O)        0.124     3.444 r  s_OBUF[6]_inst_i_2/O
                         net (fo=3, routed)           0.815     4.258    s_OBUF[6]_inst_i_2_n_0
    SLICE_X43Y14         LUT5 (Prop_lut5_I2_O)        0.124     4.382 r  s_OBUF[8]_inst_i_2/O
                         net (fo=3, routed)           0.799     5.182    s_OBUF[8]_inst_i_2_n_0
    SLICE_X43Y17         LUT5 (Prop_lut5_I2_O)        0.124     5.306 r  s_OBUF[10]_inst_i_2/O
                         net (fo=2, routed)           0.784     6.090    s_OBUF[10]_inst_i_2_n_0
    SLICE_X43Y20         LUT6 (Prop_lut6_I1_O)        0.124     6.214 r  s_OBUF[10]_inst_i_1/O
                         net (fo=1, routed)           2.134     8.348    s_OBUF[10]
    T16                  OBUF (Prop_obuf_I_O)         2.676    11.024 r  s_OBUF[10]_inst/O
                         net (fo=0)                   0.000    11.024    s[10]
    T16                                                               r  s[10] (OUT)
  -------------------------------------------------------------------    -------------------




