Copyright 1986-2015 Xilinx, Inc. All Rights Reserved.
-------------------------------------------------------------------------------------------
| Tool Version : Vivado v.2015.4 (lin64) Build 1412921 Wed Nov 18 09:44:32 MST 2015
| Date         : Wed Apr 27 10:18:58 2016
| Host         : localhost.localdomain running 64-bit CentOS Linux release 7.2.1511 (Core)
| Command      : report_timing -file ./reports/timing/13bit_cla_adder_timing.rpt
| Design       : cla_adder
| Device       : 7z010-clg400
| Speed File   : -1  PRODUCTION 1.11 2014-09-11
-------------------------------------------------------------------------------------------

Timing Report

Slack:                    inf
  Source:                 a[1]
                            (input port)
  Destination:            s[11]
                            (output port)
  Path Group:             (none)
  Path Type:              Max at Slow Process Corner
  Data Path Delay:        12.436ns  (logic 4.343ns (34.920%)  route 8.093ns (65.080%))
  Logic Levels:           8  (IBUF=1 LUT4=1 LUT5=4 LUT6=1 OBUF=1)

    Location             Delay type                Incr(ns)  Path(ns)    Netlist Resource(s)
  -------------------------------------------------------------------    -------------------
    P16                                               0.000     0.000 r  a[1] (IN)
                         net (fo=0)                   0.000     0.000    a[1]
    P16                  IBUF (Prop_ibuf_I_O)         0.938     0.938 r  a_IBUF[1]_inst/O
                         net (fo=4, routed)           1.646     2.584    a_IBUF[1]
    SLICE_X43Y12         LUT6 (Prop_lut6_I1_O)        0.124     2.708 r  s_OBUF[4]_inst_i_3/O
                         net (fo=3, routed)           0.959     3.667    s_OBUF[4]_inst_i_3_n_0
    SLICE_X43Y15         LUT5 (Prop_lut5_I2_O)        0.124     3.791 r  s_OBUF[6]_inst_i_3/O
                         net (fo=3, routed)           0.818     4.609    s_OBUF[6]_inst_i_3_n_0
    SLICE_X43Y17         LUT5 (Prop_lut5_I2_O)        0.124     4.733 r  s_OBUF[8]_inst_i_3/O
                         net (fo=3, routed)           0.818     5.551    s_OBUF[8]_inst_i_3_n_0
    SLICE_X43Y19         LUT5 (Prop_lut5_I2_O)        0.124     5.675 r  s_OBUF[10]_inst_i_3/O
                         net (fo=3, routed)           0.818     6.493    s_OBUF[10]_inst_i_3_n_0
    SLICE_X43Y21         LUT5 (Prop_lut5_I2_O)        0.124     6.617 r  s_OBUF[12]_inst_i_3/O
                         net (fo=2, routed)           0.947     7.564    s_OBUF[12]_inst_i_3_n_0
    SLICE_X43Y24         LUT4 (Prop_lut4_I3_O)        0.124     7.688 r  s_OBUF[11]_inst_i_1/O
                         net (fo=1, routed)           2.088     9.776    s_OBUF[11]
    R14                  OBUF (Prop_obuf_I_O)         2.660    12.436 r  s_OBUF[11]_inst/O
                         net (fo=0)                   0.000    12.436    s[11]
    R14                                                               r  s[11] (OUT)
  -------------------------------------------------------------------    -------------------




