Copyright 1986-2015 Xilinx, Inc. All Rights Reserved.
-------------------------------------------------------------------------------------------
| Tool Version : Vivado v.2015.4 (lin64) Build 1412921 Wed Nov 18 09:44:32 MST 2015
| Date         : Sat Apr 23 21:31:55 2016
| Host         : localhost.localdomain running 64-bit CentOS Linux release 7.2.1511 (Core)
| Command      : report_timing -file ./reports/timing/14bit_adder_timing.rpt
| Design       : adder
| Device       : 7z010-clg400
| Speed File   : -1  PRODUCTION 1.11 2014-09-11
-------------------------------------------------------------------------------------------

Timing Report

Slack:                    inf
  Source:                 a[3]
                            (input port)
  Destination:            s[13]
                            (output port)
  Path Group:             (none)
  Path Type:              Max at Slow Process Corner
  Data Path Delay:        9.162ns  (logic 4.925ns (53.756%)  route 4.237ns (46.244%))
  Logic Levels:           7  (CARRY4=4 IBUF=1 LUT2=1 OBUF=1)

    Location             Delay type                Incr(ns)  Path(ns)    Netlist Resource(s)
  -------------------------------------------------------------------    -------------------
    P18                                               0.000     0.000 r  a[3] (IN)
                         net (fo=0)                   0.000     0.000    a[3]
    P18                  IBUF (Prop_ibuf_I_O)         0.972     0.972 r  a_IBUF[3]_inst/O
                         net (fo=2, routed)           1.800     2.772    a_IBUF[3]
    SLICE_X43Y18         LUT2 (Prop_lut2_I0_O)        0.124     2.896 r  s_OBUF[3]_inst_i_2/O
                         net (fo=1, routed)           0.000     2.896    s_OBUF[3]_inst_i_2_n_0
    SLICE_X43Y18         CARRY4 (Prop_carry4_S[3]_CO[3])
                                                      0.401     3.297 r  s_OBUF[3]_inst_i_1/CO[3]
                         net (fo=1, routed)           0.000     3.297    s_OBUF[3]_inst_i_1_n_0
    SLICE_X43Y19         CARRY4 (Prop_carry4_CI_CO[3])
                                                      0.114     3.411 r  s_OBUF[7]_inst_i_1/CO[3]
                         net (fo=1, routed)           0.000     3.411    s_OBUF[7]_inst_i_1_n_0
    SLICE_X43Y20         CARRY4 (Prop_carry4_CI_CO[3])
                                                      0.114     3.525 r  s_OBUF[11]_inst_i_1/CO[3]
                         net (fo=1, routed)           0.000     3.525    s_OBUF[11]_inst_i_1_n_0
    SLICE_X43Y21         CARRY4 (Prop_carry4_CI_O[1])
                                                      0.334     3.859 r  s_OBUF[13]_inst_i_1/O[1]
                         net (fo=1, routed)           2.437     6.296    s_OBUF[13]
    W13                  OBUF (Prop_obuf_I_O)         2.866     9.162 r  s_OBUF[13]_inst/O
                         net (fo=0)                   0.000     9.162    s[13]
    W13                                                               r  s[13] (OUT)
  -------------------------------------------------------------------    -------------------




