Copyright 1986-2015 Xilinx, Inc. All Rights Reserved.
-------------------------------------------------------------------------------------------
| Tool Version : Vivado v.2015.4 (lin64) Build 1412921 Wed Nov 18 09:44:32 MST 2015
| Date         : Wed Apr 27 10:20:12 2016
| Host         : localhost.localdomain running 64-bit CentOS Linux release 7.2.1511 (Core)
| Command      : report_timing -file ./reports/timing/15bit_cla_adder_timing.rpt
| Design       : cla_adder
| Device       : 7z010-clg400
| Speed File   : -1  PRODUCTION 1.11 2014-09-11
-------------------------------------------------------------------------------------------

Timing Report

Slack:                    inf
  Source:                 a[1]
                            (input port)
  Destination:            s[14]
                            (output port)
  Path Group:             (none)
  Path Type:              Max at Slow Process Corner
  Data Path Delay:        13.249ns  (logic 4.474ns (33.769%)  route 8.775ns (66.231%))
  Logic Levels:           9  (IBUF=1 LUT5=5 LUT6=2 OBUF=1)

    Location             Delay type                Incr(ns)  Path(ns)    Netlist Resource(s)
  -------------------------------------------------------------------    -------------------
    P16                                               0.000     0.000 r  a[1] (IN)
                         net (fo=0)                   0.000     0.000    a[1]
    P16                  IBUF (Prop_ibuf_I_O)         0.938     0.938 r  a_IBUF[1]_inst/O
                         net (fo=4, routed)           1.815     2.753    a_IBUF[1]
    SLICE_X43Y14         LUT6 (Prop_lut6_I4_O)        0.124     2.877 r  s_OBUF[4]_inst_i_3/O
                         net (fo=3, routed)           0.959     3.836    s_OBUF[4]_inst_i_3_n_0
    SLICE_X43Y17         LUT5 (Prop_lut5_I2_O)        0.124     3.960 r  s_OBUF[6]_inst_i_3/O
                         net (fo=3, routed)           0.818     4.778    s_OBUF[6]_inst_i_3_n_0
    SLICE_X43Y19         LUT5 (Prop_lut5_I2_O)        0.124     4.902 r  s_OBUF[8]_inst_i_3/O
                         net (fo=3, routed)           0.818     5.720    s_OBUF[8]_inst_i_3_n_0
    SLICE_X43Y21         LUT5 (Prop_lut5_I2_O)        0.124     5.844 r  s_OBUF[10]_inst_i_3/O
                         net (fo=3, routed)           0.818     6.662    s_OBUF[10]_inst_i_3_n_0
    SLICE_X43Y23         LUT5 (Prop_lut5_I2_O)        0.124     6.786 r  s_OBUF[12]_inst_i_3/O
                         net (fo=3, routed)           0.988     7.774    s_OBUF[12]_inst_i_3_n_0
    SLICE_X43Y26         LUT5 (Prop_lut5_I2_O)        0.124     7.898 r  s_OBUF[14]_inst_i_3/O
                         net (fo=2, routed)           0.307     8.205    s_OBUF[14]_inst_i_3_n_0
    SLICE_X43Y28         LUT6 (Prop_lut6_I4_O)        0.124     8.329 r  s_OBUF[14]_inst_i_1/O
                         net (fo=1, routed)           2.252    10.581    s_OBUF[14]
    U13                  OBUF (Prop_obuf_I_O)         2.667    13.249 r  s_OBUF[14]_inst/O
                         net (fo=0)                   0.000    13.249    s[14]
    U13                                                               r  s[14] (OUT)
  -------------------------------------------------------------------    -------------------




