Copyright 1986-2015 Xilinx, Inc. All Rights Reserved.
-------------------------------------------------------------------------------------------
| Tool Version : Vivado v.2015.4 (lin64) Build 1412921 Wed Nov 18 09:44:32 MST 2015
| Date         : Wed Apr 27 10:22:02 2016
| Host         : localhost.localdomain running 64-bit CentOS Linux release 7.2.1511 (Core)
| Command      : report_timing -file ./reports/timing/18bit_cla_adder_timing.rpt
| Design       : cla_adder
| Device       : 7z010-clg400
| Speed File   : -1  PRODUCTION 1.11 2014-09-11
-------------------------------------------------------------------------------------------

Timing Report

Slack:                    inf
  Source:                 a[5]
                            (input port)
  Destination:            s[16]
                            (output port)
  Path Group:             (none)
  Path Type:              Max at Slow Process Corner
  Data Path Delay:        12.000ns  (logic 4.294ns (35.782%)  route 7.706ns (64.218%))
  Logic Levels:           6  (IBUF=1 LUT5=2 LUT6=2 OBUF=1)

    Location             Delay type                Incr(ns)  Path(ns)    Netlist Resource(s)
  -------------------------------------------------------------------    -------------------
    W19                                               0.000     0.000 r  a[5] (IN)
                         net (fo=0)                   0.000     0.000    a[5]
    W19                  IBUF (Prop_ibuf_I_O)         0.956     0.956 r  a_IBUF[5]_inst/O
                         net (fo=5, routed)           2.077     3.034    a_IBUF[5]
    SLICE_X43Y21         LUT6 (Prop_lut6_I5_O)        0.124     3.158 r  s_OBUF[14]_inst_i_7/O
                         net (fo=3, routed)           1.040     4.198    s_OBUF[14]_inst_i_7_n_0
    SLICE_X43Y26         LUT5 (Prop_lut5_I4_O)        0.152     4.350 r  s_OBUF[17]_inst_i_6/O
                         net (fo=1, routed)           0.719     5.068    s_OBUF[17]_inst_i_6_n_0
    SLICE_X43Y28         LUT6 (Prop_lut6_I3_O)        0.326     5.394 r  s_OBUF[17]_inst_i_3/O
                         net (fo=3, routed)           0.961     6.355    s_OBUF[17]_inst_i_3_n_0
    SLICE_X43Y31         LUT5 (Prop_lut5_I2_O)        0.124     6.479 r  s_OBUF[16]_inst_i_1/O
                         net (fo=1, routed)           2.910     9.389    s_OBUF[16]
    J20                  OBUF (Prop_obuf_I_O)         2.612    12.000 r  s_OBUF[16]_inst/O
                         net (fo=0)                   0.000    12.000    s[16]
    J20                                                               r  s[16] (OUT)
  -------------------------------------------------------------------    -------------------




