Copyright 1986-2015 Xilinx, Inc. All Rights Reserved.
-------------------------------------------------------------------------------------------
| Tool Version : Vivado v.2015.4 (lin64) Build 1412921 Wed Nov 18 09:44:32 MST 2015
| Date         : Sat Apr 23 21:34:56 2016
| Host         : localhost.localdomain running 64-bit CentOS Linux release 7.2.1511 (Core)
| Command      : report_timing -file ./reports/timing/19bit_adder_timing.rpt
| Design       : adder
| Device       : 7z010-clg400
| Speed File   : -1  PRODUCTION 1.11 2014-09-11
-------------------------------------------------------------------------------------------

Timing Report

Slack:                    inf
  Source:                 a[1]
                            (input port)
  Destination:            s[17]
                            (output port)
  Path Group:             (none)
  Path Type:              Max at Slow Process Corner
  Data Path Delay:        10.306ns  (logic 5.077ns (49.261%)  route 5.229ns (50.739%))
  Logic Levels:           8  (CARRY4=5 IBUF=1 LUT2=1 OBUF=1)

    Location             Delay type                Incr(ns)  Path(ns)    Netlist Resource(s)
  -------------------------------------------------------------------    -------------------
    P16                                               0.000     0.000 r  a[1] (IN)
                         net (fo=0)                   0.000     0.000    a[1]
    P16                  IBUF (Prop_ibuf_I_O)         0.938     0.938 r  a_IBUF[1]_inst/O
                         net (fo=2, routed)           2.143     3.082    a_IBUF[1]
    SLICE_X43Y24         LUT2 (Prop_lut2_I0_O)        0.124     3.206 r  s_OBUF[3]_inst_i_4/O
                         net (fo=1, routed)           0.000     3.206    s_OBUF[3]_inst_i_4_n_0
    SLICE_X43Y24         CARRY4 (Prop_carry4_S[1]_CO[3])
                                                      0.550     3.756 r  s_OBUF[3]_inst_i_1/CO[3]
                         net (fo=1, routed)           0.009     3.765    s_OBUF[3]_inst_i_1_n_0
    SLICE_X43Y25         CARRY4 (Prop_carry4_CI_CO[3])
                                                      0.114     3.879 r  s_OBUF[7]_inst_i_1/CO[3]
                         net (fo=1, routed)           0.000     3.879    s_OBUF[7]_inst_i_1_n_0
    SLICE_X43Y26         CARRY4 (Prop_carry4_CI_CO[3])
                                                      0.114     3.993 r  s_OBUF[11]_inst_i_1/CO[3]
                         net (fo=1, routed)           0.000     3.993    s_OBUF[11]_inst_i_1_n_0
    SLICE_X43Y27         CARRY4 (Prop_carry4_CI_CO[3])
                                                      0.114     4.107 r  s_OBUF[15]_inst_i_1/CO[3]
                         net (fo=1, routed)           0.000     4.107    s_OBUF[15]_inst_i_1_n_0
    SLICE_X43Y28         CARRY4 (Prop_carry4_CI_O[1])
                                                      0.334     4.441 r  s_OBUF[18]_inst_i_1/O[1]
                         net (fo=1, routed)           3.077     7.518    s_OBUF[17]
    G18                  OBUF (Prop_obuf_I_O)         2.788    10.306 r  s_OBUF[17]_inst/O
                         net (fo=0)                   0.000    10.306    s[17]
    G18                                                               r  s[17] (OUT)
  -------------------------------------------------------------------    -------------------




