Copyright 1986-2015 Xilinx, Inc. All Rights Reserved.
-------------------------------------------------------------------------------------------
| Tool Version : Vivado v.2015.4 (lin64) Build 1412921 Wed Nov 18 09:44:32 MST 2015
| Date         : Wed Apr 27 10:23:14 2016
| Host         : localhost.localdomain running 64-bit CentOS Linux release 7.2.1511 (Core)
| Command      : report_timing -file ./reports/timing/20bit_cla_adder_timing.rpt
| Design       : cla_adder
| Device       : 7z010-clg400
| Speed File   : -1  PRODUCTION 1.11 2014-09-11
-------------------------------------------------------------------------------------------

Timing Report

Slack:                    inf
  Source:                 a[0]
                            (input port)
  Destination:            s[15]
                            (output port)
  Path Group:             (none)
  Path Type:              Max at Slow Process Corner
  Data Path Delay:        12.540ns  (logic 4.286ns (34.176%)  route 8.254ns (65.824%))
  Logic Levels:           6  (IBUF=1 LUT4=1 LUT5=1 LUT6=2 OBUF=1)

    Location             Delay type                Incr(ns)  Path(ns)    Netlist Resource(s)
  -------------------------------------------------------------------    -------------------
    T19                                               0.000     0.000 r  a[0] (IN)
                         net (fo=0)                   0.000     0.000    a[0]
    T19                  IBUF (Prop_ibuf_I_O)         0.950     0.950 r  a_IBUF[0]_inst/O
                         net (fo=4, routed)           2.205     3.154    a_IBUF[0]
    SLICE_X43Y21         LUT4 (Prop_lut4_I0_O)        0.124     3.278 r  s_OBUF[4]_inst_i_3/O
                         net (fo=4, routed)           0.682     3.960    s_OBUF[4]_inst_i_3_n_0
    SLICE_X42Y22         LUT6 (Prop_lut6_I3_O)        0.124     4.084 f  s_OBUF[19]_inst_i_5/O
                         net (fo=6, routed)           1.454     5.538    s_OBUF[19]_inst_i_5_n_0
    SLICE_X42Y29         LUT6 (Prop_lut6_I3_O)        0.124     5.662 r  s_OBUF[16]_inst_i_3/O
                         net (fo=3, routed)           1.091     6.753    s_OBUF[16]_inst_i_3_n_0
    SLICE_X43Y33         LUT5 (Prop_lut5_I4_O)        0.152     6.905 r  s_OBUF[15]_inst_i_1/O
                         net (fo=1, routed)           2.823     9.728    s_OBUF[15]
    H20                  OBUF (Prop_obuf_I_O)         2.812    12.540 r  s_OBUF[15]_inst/O
                         net (fo=0)                   0.000    12.540    s[15]
    H20                                                               r  s[15] (OUT)
  -------------------------------------------------------------------    -------------------




