Copyright 1986-2015 Xilinx, Inc. All Rights Reserved.
-------------------------------------------------------------------------------------------
| Tool Version : Vivado v.2015.4 (lin64) Build 1412921 Wed Nov 18 09:44:32 MST 2015
| Date         : Wed Apr 27 10:25:04 2016
| Host         : localhost.localdomain running 64-bit CentOS Linux release 7.2.1511 (Core)
| Command      : report_timing -file ./reports/timing/23bit_cla_adder_timing.rpt
| Design       : cla_adder
| Device       : 7z010-clg400
| Speed File   : -1  PRODUCTION 1.11 2014-09-11
-------------------------------------------------------------------------------------------

Timing Report

Slack:                    inf
  Source:                 a[3]
                            (input port)
  Destination:            s[22]
                            (output port)
  Path Group:             (none)
  Path Type:              Max at Slow Process Corner
  Data Path Delay:        12.899ns  (logic 4.095ns (31.744%)  route 8.804ns (68.256%))
  Logic Levels:           6  (IBUF=1 LUT4=1 LUT6=3 OBUF=1)

    Location             Delay type                Incr(ns)  Path(ns)    Netlist Resource(s)
  -------------------------------------------------------------------    -------------------
    P18                                               0.000     0.000 r  a[3] (IN)
                         net (fo=0)                   0.000     0.000    a[3]
    P18                  IBUF (Prop_ibuf_I_O)         0.972     0.972 r  a_IBUF[3]_inst/O
                         net (fo=6, routed)           2.356     3.328    a_IBUF[3]
    SLICE_X42Y26         LUT4 (Prop_lut4_I1_O)        0.124     3.452 f  s_OBUF[22]_inst_i_12/O
                         net (fo=1, routed)           0.844     4.297    s_OBUF[22]_inst_i_12_n_0
    SLICE_X42Y26         LUT6 (Prop_lut6_I0_O)        0.124     4.421 f  s_OBUF[22]_inst_i_8/O
                         net (fo=7, routed)           1.876     6.297    s_OBUF[22]_inst_i_8_n_0
    SLICE_X42Y36         LUT6 (Prop_lut6_I2_O)        0.124     6.421 r  s_OBUF[22]_inst_i_3/O
                         net (fo=4, routed)           1.135     7.555    s_OBUF[22]_inst_i_3_n_0
    SLICE_X42Y41         LUT6 (Prop_lut6_I3_O)        0.124     7.679 r  s_OBUF[22]_inst_i_1/O
                         net (fo=1, routed)           2.593    10.273    s_OBUF[22]
    J18                  OBUF (Prop_obuf_I_O)         2.627    12.899 r  s_OBUF[22]_inst/O
                         net (fo=0)                   0.000    12.899    s[22]
    J18                                                               r  s[22] (OUT)
  -------------------------------------------------------------------    -------------------




