Copyright 1986-2015 Xilinx, Inc. All Rights Reserved.
-------------------------------------------------------------------------------------------
| Tool Version : Vivado v.2015.4 (lin64) Build 1412921 Wed Nov 18 09:44:32 MST 2015
| Date         : Wed Apr 27 10:26:17 2016
| Host         : localhost.localdomain running 64-bit CentOS Linux release 7.2.1511 (Core)
| Command      : report_timing -file ./reports/timing/25bit_cla_adder_timing.rpt
| Design       : cla_adder
| Device       : 7z010-clg400
| Speed File   : -1  PRODUCTION 1.11 2014-09-11
-------------------------------------------------------------------------------------------

Timing Report

Slack:                    inf
  Source:                 a[0]
                            (input port)
  Destination:            s[23]
                            (output port)
  Path Group:             (none)
  Path Type:              Max at Slow Process Corner
  Data Path Delay:        12.742ns  (logic 4.052ns (31.801%)  route 8.690ns (68.199%))
  Logic Levels:           6  (IBUF=1 LUT4=1 LUT6=3 OBUF=1)

    Location             Delay type                Incr(ns)  Path(ns)    Netlist Resource(s)
  -------------------------------------------------------------------    -------------------
    T19                                               0.000     0.000 r  a[0] (IN)
                         net (fo=0)                   0.000     0.000    a[0]
    T19                  IBUF (Prop_ibuf_I_O)         0.950     0.950 r  a_IBUF[0]_inst/O
                         net (fo=4, routed)           2.156     3.106    a_IBUF[0]
    SLICE_X43Y25         LUT4 (Prop_lut4_I0_O)        0.124     3.230 r  s_OBUF[4]_inst_i_3/O
                         net (fo=4, routed)           1.129     4.359    s_OBUF[4]_inst_i_3_n_0
    SLICE_X43Y26         LUT6 (Prop_lut6_I3_O)        0.124     4.483 f  s_OBUF[24]_inst_i_10/O
                         net (fo=8, routed)           1.293     5.776    s_OBUF[24]_inst_i_10_n_0
    SLICE_X42Y38         LUT6 (Prop_lut6_I2_O)        0.124     5.900 r  s_OBUF[24]_inst_i_4/O
                         net (fo=6, routed)           1.369     7.269    s_OBUF[24]_inst_i_4_n_0
    SLICE_X43Y45         LUT6 (Prop_lut6_I3_O)        0.124     7.393 r  s_OBUF[23]_inst_i_1/O
                         net (fo=1, routed)           2.743    10.136    s_OBUF[23]
    H17                  OBUF (Prop_obuf_I_O)         2.606    12.742 r  s_OBUF[23]_inst/O
                         net (fo=0)                   0.000    12.742    s[23]
    H17                                                               r  s[23] (OUT)
  -------------------------------------------------------------------    -------------------




