Copyright 1986-2015 Xilinx, Inc. All Rights Reserved.
-------------------------------------------------------------------------------------------
| Tool Version : Vivado v.2015.4 (lin64) Build 1412921 Wed Nov 18 09:44:32 MST 2015
| Date         : Wed Apr 27 10:26:55 2016
| Host         : localhost.localdomain running 64-bit CentOS Linux release 7.2.1511 (Core)
| Command      : report_timing -file ./reports/timing/26bit_cla_adder_timing.rpt
| Design       : cla_adder
| Device       : 7z010-clg400
| Speed File   : -1  PRODUCTION 1.11 2014-09-11
-------------------------------------------------------------------------------------------

Timing Report

Slack:                    inf
  Source:                 a[0]
                            (input port)
  Destination:            s[24]
                            (output port)
  Path Group:             (none)
  Path Type:              Max at Slow Process Corner
  Data Path Delay:        12.708ns  (logic 4.085ns (32.149%)  route 8.622ns (67.851%))
  Logic Levels:           6  (IBUF=1 LUT4=1 LUT6=3 OBUF=1)

    Location             Delay type                Incr(ns)  Path(ns)    Netlist Resource(s)
  -------------------------------------------------------------------    -------------------
    T19                                               0.000     0.000 r  a[0] (IN)
                         net (fo=0)                   0.000     0.000    a[0]
    T19                  IBUF (Prop_ibuf_I_O)         0.950     0.950 r  a_IBUF[0]_inst/O
                         net (fo=4, routed)           2.116     3.066    a_IBUF[0]
    SLICE_X43Y27         LUT4 (Prop_lut4_I0_O)        0.124     3.190 r  s_OBUF[4]_inst_i_3/O
                         net (fo=4, routed)           1.114     4.304    s_OBUF[4]_inst_i_3_n_0
    SLICE_X42Y31         LUT6 (Prop_lut6_I5_O)        0.124     4.428 f  s_OBUF[25]_inst_i_11/O
                         net (fo=8, routed)           1.447     5.875    s_OBUF[25]_inst_i_11_n_0
    SLICE_X42Y39         LUT6 (Prop_lut6_I3_O)        0.124     5.999 r  s_OBUF[25]_inst_i_4/O
                         net (fo=7, routed)           1.416     7.415    s_OBUF[25]_inst_i_4_n_0
    SLICE_X43Y47         LUT6 (Prop_lut6_I3_O)        0.124     7.539 r  s_OBUF[24]_inst_i_1/O
                         net (fo=1, routed)           2.529    10.068    s_OBUF[24]
    K17                  OBUF (Prop_obuf_I_O)         2.640    12.708 r  s_OBUF[24]_inst/O
                         net (fo=0)                   0.000    12.708    s[24]
    K17                                                               r  s[24] (OUT)
  -------------------------------------------------------------------    -------------------




