Copyright 1986-2015 Xilinx, Inc. All Rights Reserved.
-------------------------------------------------------------------------------------------
| Tool Version : Vivado v.2015.4 (lin64) Build 1412921 Wed Nov 18 09:44:32 MST 2015
| Date         : Wed Apr 27 10:27:33 2016
| Host         : localhost.localdomain running 64-bit CentOS Linux release 7.2.1511 (Core)
| Command      : report_timing -file ./reports/timing/27bit_cla_adder_timing.rpt
| Design       : cla_adder
| Device       : 7z010-clg400
| Speed File   : -1  PRODUCTION 1.11 2014-09-11
-------------------------------------------------------------------------------------------

Timing Report

Slack:                    inf
  Source:                 b[4]
                            (input port)
  Destination:            s[26]
                            (output port)
  Path Group:             (none)
  Path Type:              Max at Slow Process Corner
  Data Path Delay:        12.739ns  (logic 4.093ns (32.131%)  route 8.646ns (67.869%))
  Logic Levels:           6  (IBUF=1 LUT5=1 LUT6=3 OBUF=1)

    Location             Delay type                Incr(ns)  Path(ns)    Netlist Resource(s)
  -------------------------------------------------------------------    -------------------
    M14                                               0.000     0.000 r  b[4] (IN)
                         net (fo=0)                   0.000     0.000    b[4]
    M14                  IBUF (Prop_ibuf_I_O)         0.961     0.961 r  b_IBUF[4]_inst/O
                         net (fo=6, routed)           2.341     3.303    b_IBUF[4]
    SLICE_X42Y32         LUT6 (Prop_lut6_I0_O)        0.124     3.427 r  s_OBUF[9]_inst_i_3/O
                         net (fo=2, routed)           1.146     4.572    s_OBUF[9]_inst_i_3_n_0
    SLICE_X42Y36         LUT5 (Prop_lut5_I4_O)        0.124     4.696 r  s_OBUF[26]_inst_i_10/O
                         net (fo=6, routed)           1.137     5.833    s_OBUF[26]_inst_i_10_n_0
    SLICE_X42Y40         LUT6 (Prop_lut6_I2_O)        0.124     5.957 r  s_OBUF[26]_inst_i_5/O
                         net (fo=8, routed)           1.277     7.234    s_OBUF[26]_inst_i_5_n_0
    SLICE_X42Y52         LUT6 (Prop_lut6_I3_O)        0.124     7.358 r  s_OBUF[26]_inst_i_1/O
                         net (fo=1, routed)           2.745    10.103    s_OBUF[26]
    K19                  OBUF (Prop_obuf_I_O)         2.636    12.739 r  s_OBUF[26]_inst/O
                         net (fo=0)                   0.000    12.739    s[26]
    K19                                                               r  s[26] (OUT)
  -------------------------------------------------------------------    -------------------




