Copyright 1986-2015 Xilinx, Inc. All Rights Reserved.
-------------------------------------------------------------------------------------------
| Tool Version : Vivado v.2015.4 (lin64) Build 1412921 Wed Nov 18 09:44:32 MST 2015
| Date         : Wed Apr 27 10:28:13 2016
| Host         : localhost.localdomain running 64-bit CentOS Linux release 7.2.1511 (Core)
| Command      : report_timing -file ./reports/timing/28bit_cla_adder_timing.rpt
| Design       : cla_adder
| Device       : 7z010-clg400
| Speed File   : -1  PRODUCTION 1.11 2014-09-11
-------------------------------------------------------------------------------------------

Timing Report

Slack:                    inf
  Source:                 b[5]
                            (input port)
  Destination:            s[27]
                            (output port)
  Path Group:             (none)
  Path Type:              Max at Slow Process Corner
  Data Path Delay:        13.316ns  (logic 4.154ns (31.198%)  route 9.162ns (68.802%))
  Logic Levels:           6  (IBUF=1 LUT5=1 LUT6=3 OBUF=1)

    Location             Delay type                Incr(ns)  Path(ns)    Netlist Resource(s)
  -------------------------------------------------------------------    -------------------
    L15                                               0.000     0.000 r  b[5] (IN)
                         net (fo=0)                   0.000     0.000    b[5]
    L15                  IBUF (Prop_ibuf_I_O)         0.976     0.976 r  b_IBUF[5]_inst/O
                         net (fo=5, routed)           2.253     3.229    b_IBUF[5]
    SLICE_X42Y33         LUT6 (Prop_lut6_I4_O)        0.124     3.353 r  s_OBUF[9]_inst_i_3/O
                         net (fo=2, routed)           0.998     4.350    s_OBUF[9]_inst_i_3_n_0
    SLICE_X42Y36         LUT5 (Prop_lut5_I4_O)        0.124     4.474 r  s_OBUF[27]_inst_i_10/O
                         net (fo=6, routed)           1.474     5.948    s_OBUF[27]_inst_i_10_n_0
    SLICE_X42Y40         LUT6 (Prop_lut6_I2_O)        0.124     6.072 r  s_OBUF[27]_inst_i_4/O
                         net (fo=9, routed)           2.109     8.181    s_OBUF[27]_inst_i_4_n_0
    SLICE_X43Y62         LUT6 (Prop_lut6_I2_O)        0.124     8.305 r  s_OBUF[27]_inst_i_1/O
                         net (fo=1, routed)           2.329    10.634    s_OBUF[27]
    M18                  OBUF (Prop_obuf_I_O)         2.682    13.316 r  s_OBUF[27]_inst/O
                         net (fo=0)                   0.000    13.316    s[27]
    M18                                                               r  s[27] (OUT)
  -------------------------------------------------------------------    -------------------




