Copyright 1986-2015 Xilinx, Inc. All Rights Reserved.
-------------------------------------------------------------------------------------------
| Tool Version : Vivado v.2015.4 (lin64) Build 1412921 Wed Nov 18 09:44:32 MST 2015
| Date         : Sat Apr 23 21:41:11 2016
| Host         : localhost.localdomain running 64-bit CentOS Linux release 7.2.1511 (Core)
| Command      : report_timing -file ./reports/timing/29bit_adder_timing.rpt
| Design       : adder
| Device       : 7z010-clg400
| Speed File   : -1  PRODUCTION 1.11 2014-09-11
-------------------------------------------------------------------------------------------

Timing Report

Slack:                    inf
  Source:                 a[1]
                            (input port)
  Destination:            s[28]
                            (output port)
  Path Group:             (none)
  Path Type:              Max at Slow Process Corner
  Data Path Delay:        10.739ns  (logic 5.387ns (50.164%)  route 5.352ns (49.836%))
  Logic Levels:           11  (CARRY4=8 IBUF=1 LUT2=1 OBUF=1)

    Location             Delay type                Incr(ns)  Path(ns)    Netlist Resource(s)
  -------------------------------------------------------------------    -------------------
    P16                                               0.000     0.000 r  a[1] (IN)
                         net (fo=0)                   0.000     0.000    a[1]
    P16                  IBUF (Prop_ibuf_I_O)         0.938     0.938 r  a_IBUF[1]_inst/O
                         net (fo=2, routed)           2.113     3.052    a_IBUF[1]
    SLICE_X43Y34         LUT2 (Prop_lut2_I0_O)        0.124     3.176 r  s_OBUF[3]_inst_i_4/O
                         net (fo=1, routed)           0.000     3.176    s_OBUF[3]_inst_i_4_n_0
    SLICE_X43Y34         CARRY4 (Prop_carry4_S[1]_CO[3])
                                                      0.550     3.726 r  s_OBUF[3]_inst_i_1/CO[3]
                         net (fo=1, routed)           0.000     3.726    s_OBUF[3]_inst_i_1_n_0
    SLICE_X43Y35         CARRY4 (Prop_carry4_CI_CO[3])
                                                      0.114     3.840 r  s_OBUF[7]_inst_i_1/CO[3]
                         net (fo=1, routed)           0.000     3.840    s_OBUF[7]_inst_i_1_n_0
    SLICE_X43Y36         CARRY4 (Prop_carry4_CI_CO[3])
                                                      0.114     3.954 r  s_OBUF[11]_inst_i_1/CO[3]
                         net (fo=1, routed)           0.000     3.954    s_OBUF[11]_inst_i_1_n_0
    SLICE_X43Y37         CARRY4 (Prop_carry4_CI_CO[3])
                                                      0.114     4.068 r  s_OBUF[15]_inst_i_1/CO[3]
                         net (fo=1, routed)           0.000     4.068    s_OBUF[15]_inst_i_1_n_0
    SLICE_X43Y38         CARRY4 (Prop_carry4_CI_CO[3])
                                                      0.114     4.182 r  s_OBUF[19]_inst_i_1/CO[3]
                         net (fo=1, routed)           0.000     4.182    s_OBUF[19]_inst_i_1_n_0
    SLICE_X43Y39         CARRY4 (Prop_carry4_CI_CO[3])
                                                      0.114     4.296 r  s_OBUF[23]_inst_i_1/CO[3]
                         net (fo=1, routed)           0.000     4.296    s_OBUF[23]_inst_i_1_n_0
    SLICE_X43Y40         CARRY4 (Prop_carry4_CI_CO[3])
                                                      0.114     4.410 r  s_OBUF[27]_inst_i_1/CO[3]
                         net (fo=1, routed)           0.000     4.410    s_OBUF[27]_inst_i_1_n_0
    SLICE_X43Y41         CARRY4 (Prop_carry4_CI_O[0])
                                                      0.222     4.632 r  s_OBUF[28]_inst_i_1/O[0]
                         net (fo=1, routed)           3.239     7.870    s_OBUF[28]
    M19                  OBUF (Prop_obuf_I_O)         2.869    10.739 r  s_OBUF[28]_inst/O
                         net (fo=0)                   0.000    10.739    s[28]
    M19                                                               r  s[28] (OUT)
  -------------------------------------------------------------------    -------------------




