Copyright 1986-2015 Xilinx, Inc. All Rights Reserved.
-------------------------------------------------------------------------------------------
| Tool Version : Vivado v.2015.4 (lin64) Build 1412921 Wed Nov 18 09:44:32 MST 2015
| Date         : Wed Apr 27 10:29:31 2016
| Host         : localhost.localdomain running 64-bit CentOS Linux release 7.2.1511 (Core)
| Command      : report_timing -file ./reports/timing/30bit_cla_adder_timing.rpt
| Design       : cla_adder
| Device       : 7z010-clg400
| Speed File   : -1  PRODUCTION 1.11 2014-09-11
-------------------------------------------------------------------------------------------

Timing Report

Slack:                    inf
  Source:                 a[0]
                            (input port)
  Destination:            s[25]
                            (output port)
  Path Group:             (none)
  Path Type:              Max at Slow Process Corner
  Data Path Delay:        13.950ns  (logic 4.254ns (30.494%)  route 9.696ns (69.506%))
  Logic Levels:           7  (IBUF=1 LUT4=1 LUT5=2 LUT6=2 OBUF=1)

    Location             Delay type                Incr(ns)  Path(ns)    Netlist Resource(s)
  -------------------------------------------------------------------    -------------------
    T19                                               0.000     0.000 r  a[0] (IN)
                         net (fo=0)                   0.000     0.000    a[0]
    T19                  IBUF (Prop_ibuf_I_O)         0.950     0.950 r  a_IBUF[0]_inst/O
                         net (fo=4, routed)           2.339     3.289    a_IBUF[0]
    SLICE_X43Y31         LUT4 (Prop_lut4_I0_O)        0.124     3.413 r  s_OBUF[4]_inst_i_3/O
                         net (fo=4, routed)           0.792     4.205    s_OBUF[4]_inst_i_3_n_0
    SLICE_X43Y35         LUT6 (Prop_lut6_I3_O)        0.124     4.329 f  s_OBUF[18]_inst_i_8/O
                         net (fo=6, routed)           1.261     5.590    s_OBUF[18]_inst_i_8_n_0
    SLICE_X43Y41         LUT6 (Prop_lut6_I2_O)        0.124     5.714 r  s_OBUF[29]_inst_i_5/O
                         net (fo=5, routed)           2.244     7.958    s_OBUF[29]_inst_i_5_n_0
    SLICE_X42Y69         LUT5 (Prop_lut5_I2_O)        0.124     8.082 r  s_OBUF[26]_inst_i_3/O
                         net (fo=2, routed)           0.952     9.034    s_OBUF[26]_inst_i_3_n_0
    SLICE_X42Y72         LUT5 (Prop_lut5_I4_O)        0.124     9.158 r  s_OBUF[25]_inst_i_1/O
                         net (fo=1, routed)           2.108    11.266    s_OBUF[25]
    M20                  OBUF (Prop_obuf_I_O)         2.684    13.950 r  s_OBUF[25]_inst/O
                         net (fo=0)                   0.000    13.950    s[25]
    M20                                                               r  s[25] (OUT)
  -------------------------------------------------------------------    -------------------




