Copyright 1986-2015 Xilinx, Inc. All Rights Reserved.
-------------------------------------------------------------------------------------------
| Tool Version : Vivado v.2015.4 (lin64) Build 1412921 Wed Nov 18 09:44:32 MST 2015
| Date         : Sat Apr 23 21:27:02 2016
| Host         : localhost.localdomain running 64-bit CentOS Linux release 7.2.1511 (Core)
| Command      : report_timing -file ./reports/timing/6bit_adder_timing.rpt
| Design       : adder
| Device       : 7z010-clg400
| Speed File   : -1  PRODUCTION 1.11 2014-09-11
-------------------------------------------------------------------------------------------

Timing Report

Slack:                    inf
  Source:                 a[1]
                            (input port)
  Destination:            s[5]
                            (output port)
  Path Group:             (none)
  Path Type:              Max at Slow Process Corner
  Data Path Delay:        8.348ns  (logic 4.765ns (57.077%)  route 3.583ns (42.923%))
  Logic Levels:           5  (CARRY4=2 IBUF=1 LUT2=1 OBUF=1)

    Location             Delay type                Incr(ns)  Path(ns)    Netlist Resource(s)
  -------------------------------------------------------------------    -------------------
    P16                                               0.000     0.000 r  a[1] (IN)
                         net (fo=0)                   0.000     0.000    a[1]
    P16                  IBUF (Prop_ibuf_I_O)         0.938     0.938 r  a_IBUF[1]_inst/O
                         net (fo=2, routed)           1.577     2.516    a_IBUF[1]
    SLICE_X43Y8          LUT2 (Prop_lut2_I0_O)        0.124     2.640 r  s_OBUF[3]_inst_i_4/O
                         net (fo=1, routed)           0.000     2.640    s_OBUF[3]_inst_i_4_n_0
    SLICE_X43Y8          CARRY4 (Prop_carry4_S[1]_CO[3])
                                                      0.550     3.190 r  s_OBUF[3]_inst_i_1/CO[3]
                         net (fo=1, routed)           0.000     3.190    s_OBUF[3]_inst_i_1_n_0
    SLICE_X43Y9          CARRY4 (Prop_carry4_CI_O[1])
                                                      0.334     3.524 r  s_OBUF[5]_inst_i_1/O[1]
                         net (fo=1, routed)           2.006     5.530    s_OBUF[5]
    W20                  OBUF (Prop_obuf_I_O)         2.819     8.348 r  s_OBUF[5]_inst/O
                         net (fo=0)                   0.000     8.348    s[5]
    W20                                                               r  s[5] (OUT)
  -------------------------------------------------------------------    -------------------




