Copyright 1986-2015 Xilinx, Inc. All Rights Reserved.
-------------------------------------------------------------------------------------------
| Tool Version : Vivado v.2015.4 (lin64) Build 1412921 Wed Nov 18 09:44:32 MST 2015
| Date         : Wed Apr 27 10:15:13 2016
| Host         : localhost.localdomain running 64-bit CentOS Linux release 7.2.1511 (Core)
| Command      : report_timing -file ./reports/timing/7bit_cla_adder_timing.rpt
| Design       : cla_adder
| Device       : 7z010-clg400
| Speed File   : -1  PRODUCTION 1.11 2014-09-11
-------------------------------------------------------------------------------------------

Timing Report

Slack:                    inf
  Source:                 b[1]
                            (input port)
  Destination:            s[5]
                            (output port)
  Path Group:             (none)
  Path Type:              Max at Slow Process Corner
  Data Path Delay:        9.275ns  (logic 3.959ns (42.688%)  route 5.316ns (57.312%))
  Logic Levels:           5  (IBUF=1 LUT4=1 LUT5=1 LUT6=1 OBUF=1)

    Location             Delay type                Incr(ns)  Path(ns)    Netlist Resource(s)
  -------------------------------------------------------------------    -------------------
    V17                                               0.000     0.000 r  b[1] (IN)
                         net (fo=0)                   0.000     0.000    b[1]
    V17                  IBUF (Prop_ibuf_I_O)         0.961     0.961 r  b_IBUF[1]_inst/O
                         net (fo=4, routed)           1.547     2.508    b_IBUF[1]
    SLICE_X43Y6          LUT6 (Prop_lut6_I4_O)        0.124     2.632 r  s_OBUF[4]_inst_i_3/O
                         net (fo=3, routed)           0.959     3.590    s_OBUF[4]_inst_i_3_n_0
    SLICE_X43Y9          LUT5 (Prop_lut5_I2_O)        0.124     3.714 r  s_OBUF[6]_inst_i_3/O
                         net (fo=2, routed)           0.947     4.661    s_OBUF[6]_inst_i_3_n_0
    SLICE_X43Y12         LUT4 (Prop_lut4_I3_O)        0.124     4.785 r  s_OBUF[5]_inst_i_1/O
                         net (fo=1, routed)           1.863     6.648    s_OBUF[5]
    U20                  OBUF (Prop_obuf_I_O)         2.626     9.275 r  s_OBUF[5]_inst/O
                         net (fo=0)                   0.000     9.275    s[5]
    U20                                                               r  s[5] (OUT)
  -------------------------------------------------------------------    -------------------




