Copyright 1986-2015 Xilinx, Inc. All Rights Reserved.
-------------------------------------------------------------------------------------------
| Tool Version : Vivado v.2015.4 (lin64) Build 1412921 Wed Nov 18 09:44:32 MST 2015
| Date         : Wed Apr 27 10:16:26 2016
| Host         : localhost.localdomain running 64-bit CentOS Linux release 7.2.1511 (Core)
| Command      : report_timing -file ./reports/timing/9bit_cla_adder_timing.rpt
| Design       : cla_adder
| Device       : 7z010-clg400
| Speed File   : -1  PRODUCTION 1.11 2014-09-11
-------------------------------------------------------------------------------------------

Timing Report

Slack:                    inf
  Source:                 a[2]
                            (input port)
  Destination:            s[8]
                            (output port)
  Path Group:             (none)
  Path Type:              Max at Slow Process Corner
  Data Path Delay:        9.946ns  (logic 4.110ns (41.321%)  route 5.836ns (58.679%))
  Logic Levels:           6  (IBUF=1 LUT5=2 LUT6=2 OBUF=1)

    Location             Delay type                Incr(ns)  Path(ns)    Netlist Resource(s)
  -------------------------------------------------------------------    -------------------
    P15                                               0.000     0.000 r  a[2] (IN)
                         net (fo=0)                   0.000     0.000    a[2]
    P15                  IBUF (Prop_ibuf_I_O)         0.936     0.936 r  a_IBUF[2]_inst/O
                         net (fo=3, routed)           1.761     2.697    a_IBUF[2]
    SLICE_X43Y10         LUT6 (Prop_lut6_I5_O)        0.124     2.821 r  s_OBUF[4]_inst_i_3/O
                         net (fo=3, routed)           0.815     3.636    s_OBUF[4]_inst_i_3_n_0
    SLICE_X43Y11         LUT5 (Prop_lut5_I2_O)        0.124     3.760 r  s_OBUF[6]_inst_i_3/O
                         net (fo=3, routed)           0.818     4.578    s_OBUF[6]_inst_i_3_n_0
    SLICE_X43Y13         LUT5 (Prop_lut5_I2_O)        0.124     4.702 r  s_OBUF[8]_inst_i_3/O
                         net (fo=2, routed)           0.308     5.010    s_OBUF[8]_inst_i_3_n_0
    SLICE_X43Y14         LUT6 (Prop_lut6_I4_O)        0.124     5.134 r  s_OBUF[8]_inst_i_1/O
                         net (fo=1, routed)           2.134     7.268    s_OBUF[8]
    U18                  OBUF (Prop_obuf_I_O)         2.678     9.946 r  s_OBUF[8]_inst/O
                         net (fo=0)                   0.000     9.946    s[8]
    U18                                                               r  s[8] (OUT)
  -------------------------------------------------------------------    -------------------




