Copyright 1986-2015 Xilinx, Inc. All Rights Reserved.
-------------------------------------------------------------------------------------------
| Tool Version : Vivado v.2015.4 (lin64) Build 1412921 Wed Nov 18 09:44:32 MST 2015
| Date         : Wed Apr 27 11:50:08 2016
| Host         : localhost.localdomain running 64-bit CentOS Linux release 7.2.1511 (Core)
| Command      : report_timing -file ./reports/timing/14bit_normal_adder_timing.rpt
| Design       : normal_adder
| Device       : 7z010-clg400
| Speed File   : -1  PRODUCTION 1.11 2014-09-11
-------------------------------------------------------------------------------------------

Timing Report

Slack:                    inf
  Source:                 a[0]
                            (input port)
  Destination:            s[13]
                            (output port)
  Path Group:             (none)
  Path Type:              Max at Slow Process Corner
  Data Path Delay:        12.837ns  (logic 5.093ns (39.674%)  route 7.744ns (60.326%))
  Logic Levels:           9  (IBUF=1 LUT3=1 LUT5=5 LUT6=1 OBUF=1)

    Location             Delay type                Incr(ns)  Path(ns)    Netlist Resource(s)
  -------------------------------------------------------------------    -------------------
    T19                                               0.000     0.000 r  a[0] (IN)
                         net (fo=0)                   0.000     0.000    a[0]
    T19                  IBUF (Prop_ibuf_I_O)         0.950     0.950 r  a_IBUF[0]_inst/O
                         net (fo=4, routed)           2.033     2.982    a_IBUF[0]
    SLICE_X43Y15         LUT6 (Prop_lut6_I3_O)        0.124     3.106 r  s_OBUF[4]_inst_i_2/O
                         net (fo=3, routed)           0.835     3.942    c_2
    SLICE_X43Y17         LUT5 (Prop_lut5_I2_O)        0.124     4.066 r  s_OBUF[6]_inst_i_2/O
                         net (fo=3, routed)           0.412     4.477    c_4
    SLICE_X43Y19         LUT5 (Prop_lut5_I2_O)        0.118     4.595 r  s_OBUF[8]_inst_i_2/O
                         net (fo=3, routed)           0.607     5.202    c_6
    SLICE_X43Y21         LUT5 (Prop_lut5_I2_O)        0.320     5.522 r  s_OBUF[10]_inst_i_2/O
                         net (fo=3, routed)           0.607     6.129    c_8
    SLICE_X43Y23         LUT5 (Prop_lut5_I2_O)        0.320     6.449 r  s_OBUF[12]_inst_i_2/O
                         net (fo=3, routed)           0.843     7.291    c_1010_out
    SLICE_X43Y25         LUT3 (Prop_lut3_I0_O)        0.326     7.617 r  s_OBUF[13]_inst_i_2/O
                         net (fo=1, routed)           0.151     7.768    c_1112_out
    SLICE_X43Y25         LUT5 (Prop_lut5_I0_O)        0.124     7.892 r  s_OBUF[13]_inst_i_1/O
                         net (fo=1, routed)           2.257    10.150    s_OBUF[13]
    W13                  OBUF (Prop_obuf_I_O)         2.687    12.837 r  s_OBUF[13]_inst/O
                         net (fo=0)                   0.000    12.837    s[13]
    W13                                                               r  s[13] (OUT)
  -------------------------------------------------------------------    -------------------




