Copyright 1986-2015 Xilinx, Inc. All Rights Reserved.
-------------------------------------------------------------------------------------------
| Tool Version : Vivado v.2015.4 (lin64) Build 1412921 Wed Nov 18 09:44:32 MST 2015
| Date         : Wed Apr 27 11:56:53 2016
| Host         : localhost.localdomain running 64-bit CentOS Linux release 7.2.1511 (Core)
| Command      : report_timing -file ./reports/timing/25bit_normal_adder_timing.rpt
| Design       : normal_adder
| Device       : 7z010-clg400
| Speed File   : -1  PRODUCTION 1.11 2014-09-11
-------------------------------------------------------------------------------------------

Timing Report

Slack:                    inf
  Source:                 a[1]
                            (input port)
  Destination:            s[23]
                            (output port)
  Path Group:             (none)
  Path Type:              Max at Slow Process Corner
  Data Path Delay:        22.373ns  (logic 7.297ns (32.614%)  route 15.077ns (67.386%))
  Logic Levels:           14  (IBUF=1 LUT3=1 LUT5=10 LUT6=1 OBUF=1)

    Location             Delay type                Incr(ns)  Path(ns)    Netlist Resource(s)
  -------------------------------------------------------------------    -------------------
    P16                                               0.000     0.000 r  a[1] (IN)
                         net (fo=0)                   0.000     0.000    a[1]
    P16                  IBUF (Prop_ibuf_I_O)         0.938     0.938 r  a_IBUF[1]_inst/O
                         net (fo=3, routed)           2.264     3.202    a_IBUF[1]
    SLICE_X43Y25         LUT6 (Prop_lut6_I0_O)        0.124     3.326 r  s_OBUF[4]_inst_i_2/O
                         net (fo=3, routed)           0.998     4.324    c_2
    SLICE_X43Y27         LUT5 (Prop_lut5_I2_O)        0.124     4.448 r  s_OBUF[6]_inst_i_2/O
                         net (fo=3, routed)           0.412     4.860    c_4
    SLICE_X43Y29         LUT5 (Prop_lut5_I2_O)        0.118     4.978 r  s_OBUF[8]_inst_i_2/O
                         net (fo=3, routed)           1.002     5.980    c_6
    SLICE_X43Y31         LUT5 (Prop_lut5_I2_O)        0.354     6.334 r  s_OBUF[10]_inst_i_2/O
                         net (fo=3, routed)           1.002     7.335    c_8
    SLICE_X43Y33         LUT5 (Prop_lut5_I2_O)        0.354     7.689 r  s_OBUF[12]_inst_i_2/O
                         net (fo=3, routed)           1.002     8.691    c_1010_out
    SLICE_X43Y35         LUT5 (Prop_lut5_I2_O)        0.354     9.045 r  s_OBUF[14]_inst_i_2/O
                         net (fo=3, routed)           1.002    10.046    c_12
    SLICE_X43Y37         LUT5 (Prop_lut5_I2_O)        0.354    10.400 r  s_OBUF[16]_inst_i_2/O
                         net (fo=3, routed)           1.002    11.402    c_14
    SLICE_X43Y39         LUT5 (Prop_lut5_I2_O)        0.354    11.756 r  s_OBUF[18]_inst_i_2/O
                         net (fo=3, routed)           1.002    12.758    c_16
    SLICE_X43Y41         LUT5 (Prop_lut5_I2_O)        0.354    13.112 r  s_OBUF[20]_inst_i_2/O
                         net (fo=3, routed)           0.839    13.950    c_18
    SLICE_X43Y43         LUT5 (Prop_lut5_I2_O)        0.352    14.302 r  s_OBUF[22]_inst_i_2/O
                         net (fo=3, routed)           1.002    15.304    c_2022_out
    SLICE_X43Y45         LUT5 (Prop_lut5_I2_O)        0.354    15.658 r  s_OBUF[24]_inst_i_2/O
                         net (fo=2, routed)           0.942    16.599    c_22
    SLICE_X43Y47         LUT3 (Prop_lut3_I0_O)        0.354    16.953 r  s_OBUF[23]_inst_i_1/O
                         net (fo=1, routed)           2.612    19.565    s_OBUF[23]
    H17                  OBUF (Prop_obuf_I_O)         2.808    22.373 r  s_OBUF[23]_inst/O
                         net (fo=0)                   0.000    22.373    s[23]
    H17                                                               r  s[23] (OUT)
  -------------------------------------------------------------------    -------------------




