Copyright 1986-2015 Xilinx, Inc. All Rights Reserved.
-------------------------------------------------------------------------------------------
| Tool Version : Vivado v.2015.4 (lin64) Build 1412921 Wed Nov 18 09:44:32 MST 2015
| Date         : Wed Apr 27 11:58:06 2016
| Host         : localhost.localdomain running 64-bit CentOS Linux release 7.2.1511 (Core)
| Command      : report_timing -file ./reports/timing/27bit_normal_adder_timing.rpt
| Design       : normal_adder
| Device       : 7z010-clg400
| Speed File   : -1  PRODUCTION 1.11 2014-09-11
-------------------------------------------------------------------------------------------

Timing Report

Slack:                    inf
  Source:                 a[1]
                            (input port)
  Destination:            s[25]
                            (output port)
  Path Group:             (none)
  Path Type:              Max at Slow Process Corner
  Data Path Delay:        22.691ns  (logic 7.691ns (33.896%)  route 15.000ns (66.104%))
  Logic Levels:           15  (IBUF=1 LUT3=1 LUT5=11 LUT6=1 OBUF=1)

    Location             Delay type                Incr(ns)  Path(ns)    Netlist Resource(s)
  -------------------------------------------------------------------    -------------------
    P16                                               0.000     0.000 r  a[1] (IN)
                         net (fo=0)                   0.000     0.000    a[1]
    P16                  IBUF (Prop_ibuf_I_O)         0.938     0.938 r  a_IBUF[1]_inst/O
                         net (fo=3, routed)           2.196     3.135    a_IBUF[1]
    SLICE_X43Y29         LUT6 (Prop_lut6_I0_O)        0.124     3.259 r  s_OBUF[4]_inst_i_2/O
                         net (fo=3, routed)           1.009     4.268    c_2
    SLICE_X43Y31         LUT5 (Prop_lut5_I2_O)        0.124     4.392 r  s_OBUF[6]_inst_i_2/O
                         net (fo=3, routed)           0.444     4.836    c_4
    SLICE_X43Y31         LUT5 (Prop_lut5_I2_O)        0.150     4.986 r  s_OBUF[8]_inst_i_2/O
                         net (fo=3, routed)           0.728     5.714    c_6
    SLICE_X43Y34         LUT5 (Prop_lut5_I2_O)        0.352     6.066 r  s_OBUF[10]_inst_i_2/O
                         net (fo=3, routed)           0.951     7.017    c_8
    SLICE_X43Y37         LUT5 (Prop_lut5_I2_O)        0.354     7.371 r  s_OBUF[12]_inst_i_2/O
                         net (fo=3, routed)           0.862     8.233    c_1010_out
    SLICE_X43Y37         LUT5 (Prop_lut5_I2_O)        0.354     8.587 r  s_OBUF[14]_inst_i_2/O
                         net (fo=3, routed)           1.152     9.739    c_12
    SLICE_X43Y40         LUT5 (Prop_lut5_I2_O)        0.360    10.099 r  s_OBUF[16]_inst_i_2/O
                         net (fo=3, routed)           0.951    11.050    c_14
    SLICE_X43Y43         LUT5 (Prop_lut5_I2_O)        0.354    11.404 r  s_OBUF[18]_inst_i_2/O
                         net (fo=3, routed)           0.862    12.266    c_16
    SLICE_X43Y43         LUT5 (Prop_lut5_I2_O)        0.354    12.620 r  s_OBUF[20]_inst_i_2/O
                         net (fo=3, routed)           1.152    13.771    c_18
    SLICE_X43Y46         LUT5 (Prop_lut5_I2_O)        0.360    14.131 r  s_OBUF[22]_inst_i_2/O
                         net (fo=3, routed)           1.011    15.142    c_2022_out
    SLICE_X43Y48         LUT5 (Prop_lut5_I2_O)        0.354    15.496 r  s_OBUF[24]_inst_i_2/O
                         net (fo=3, routed)           1.220    16.715    c_22
    SLICE_X43Y73         LUT5 (Prop_lut5_I2_O)        0.320    17.035 r  s_OBUF[26]_inst_i_2/O
                         net (fo=2, routed)           0.746    17.782    c_24
    SLICE_X43Y75         LUT3 (Prop_lut3_I0_O)        0.352    18.134 r  s_OBUF[25]_inst_i_1/O
                         net (fo=1, routed)           1.716    19.850    s_OBUF[25]
    J19                  OBUF (Prop_obuf_I_O)         2.841    22.691 r  s_OBUF[25]_inst/O
                         net (fo=0)                   0.000    22.691    s[25]
    J19                                                               r  s[25] (OUT)
  -------------------------------------------------------------------    -------------------




