Copyright 1986-2015 Xilinx, Inc. All Rights Reserved.
-------------------------------------------------------------------------------------------
| Tool Version : Vivado v.2015.4 (lin64) Build 1412921 Wed Nov 18 09:44:32 MST 2015
| Date         : Wed Apr 27 11:58:43 2016
| Host         : localhost.localdomain running 64-bit CentOS Linux release 7.2.1511 (Core)
| Command      : report_timing -file ./reports/timing/28bit_normal_adder_timing.rpt
| Design       : normal_adder
| Device       : 7z010-clg400
| Speed File   : -1  PRODUCTION 1.11 2014-09-11
-------------------------------------------------------------------------------------------

Timing Report

Slack:                    inf
  Source:                 b[2]
                            (input port)
  Destination:            s[27]
                            (output port)
  Path Group:             (none)
  Path Type:              Max at Slow Process Corner
  Data Path Delay:        23.597ns  (logic 7.628ns (32.324%)  route 15.969ns (67.676%))
  Logic Levels:           16  (IBUF=1 LUT3=1 LUT5=12 LUT6=1 OBUF=1)

    Location             Delay type                Incr(ns)  Path(ns)    Netlist Resource(s)
  -------------------------------------------------------------------    -------------------
    K16                                               0.000     0.000 r  b[2] (IN)
                         net (fo=0)                   0.000     0.000    b[2]
    K16                  IBUF (Prop_ibuf_I_O)         0.943     0.943 r  b_IBUF[2]_inst/O
                         net (fo=2, routed)           2.043     2.987    b_IBUF[2]
    SLICE_X43Y29         LUT6 (Prop_lut6_I4_O)        0.124     3.111 r  s_OBUF[4]_inst_i_2/O
                         net (fo=3, routed)           1.007     4.118    c_2
    SLICE_X43Y31         LUT5 (Prop_lut5_I2_O)        0.124     4.242 r  s_OBUF[6]_inst_i_2/O
                         net (fo=3, routed)           0.412     4.653    c_4
    SLICE_X43Y33         LUT5 (Prop_lut5_I2_O)        0.118     4.771 r  s_OBUF[8]_inst_i_2/O
                         net (fo=3, routed)           1.011     5.782    c_6
    SLICE_X43Y35         LUT5 (Prop_lut5_I2_O)        0.354     6.136 r  s_OBUF[10]_inst_i_2/O
                         net (fo=3, routed)           1.011     7.147    c_8
    SLICE_X43Y37         LUT5 (Prop_lut5_I2_O)        0.354     7.501 r  s_OBUF[12]_inst_i_2/O
                         net (fo=3, routed)           1.011     8.511    c_1010_out
    SLICE_X43Y39         LUT5 (Prop_lut5_I2_O)        0.354     8.865 r  s_OBUF[14]_inst_i_2/O
                         net (fo=3, routed)           1.002     9.867    c_12
    SLICE_X43Y41         LUT5 (Prop_lut5_I2_O)        0.354    10.221 r  s_OBUF[16]_inst_i_2/O
                         net (fo=3, routed)           1.011    11.231    c_14
    SLICE_X43Y43         LUT5 (Prop_lut5_I2_O)        0.354    11.585 r  s_OBUF[18]_inst_i_2/O
                         net (fo=3, routed)           1.011    12.596    c_16
    SLICE_X43Y45         LUT5 (Prop_lut5_I2_O)        0.354    12.950 r  s_OBUF[20]_inst_i_2/O
                         net (fo=3, routed)           1.011    13.960    c_18
    SLICE_X43Y47         LUT5 (Prop_lut5_I2_O)        0.354    14.314 r  s_OBUF[22]_inst_i_2/O
                         net (fo=3, routed)           0.952    15.267    c_2022_out
    SLICE_X43Y50         LUT5 (Prop_lut5_I2_O)        0.354    15.621 r  s_OBUF[24]_inst_i_2/O
                         net (fo=3, routed)           1.632    17.253    c_22
    SLICE_X43Y73         LUT5 (Prop_lut5_I2_O)        0.354    17.607 r  s_OBUF[26]_inst_i_2/O
                         net (fo=3, routed)           0.843    18.449    c_24
    SLICE_X43Y75         LUT3 (Prop_lut3_I0_O)        0.326    18.775 r  s_OBUF[27]_inst_i_2/O
                         net (fo=1, routed)           0.151    18.927    c_25
    SLICE_X43Y75         LUT5 (Prop_lut5_I0_O)        0.124    19.051 r  s_OBUF[27]_inst_i_1/O
                         net (fo=1, routed)           1.864    20.915    s_OBUF[27]
    M18                  OBUF (Prop_obuf_I_O)         2.682    23.597 r  s_OBUF[27]_inst/O
                         net (fo=0)                   0.000    23.597    s[27]
    M18                                                               r  s[27] (OUT)
  -------------------------------------------------------------------    -------------------




