Copyright 1986-2015 Xilinx, Inc. All Rights Reserved.
-------------------------------------------------------------------------------------------
| Tool Version : Vivado v.2015.4 (lin64) Build 1412921 Wed Nov 18 09:44:32 MST 2015
| Date         : Wed Apr 27 11:59:20 2016
| Host         : localhost.localdomain running 64-bit CentOS Linux release 7.2.1511 (Core)
| Command      : report_timing -file ./reports/timing/29bit_normal_adder_timing.rpt
| Design       : normal_adder
| Device       : 7z010-clg400
| Speed File   : -1  PRODUCTION 1.11 2014-09-11
-------------------------------------------------------------------------------------------

Timing Report

Slack:                    inf
  Source:                 b[2]
                            (input port)
  Destination:            s[27]
                            (output port)
  Path Group:             (none)
  Path Type:              Max at Slow Process Corner
  Data Path Delay:        23.956ns  (logic 8.051ns (33.608%)  route 15.905ns (66.392%))
  Logic Levels:           16  (IBUF=1 LUT3=1 LUT5=12 LUT6=1 OBUF=1)

    Location             Delay type                Incr(ns)  Path(ns)    Netlist Resource(s)
  -------------------------------------------------------------------    -------------------
    K16                                               0.000     0.000 r  b[2] (IN)
                         net (fo=0)                   0.000     0.000    b[2]
    K16                  IBUF (Prop_ibuf_I_O)         0.943     0.943 r  b_IBUF[2]_inst/O
                         net (fo=2, routed)           2.156     3.100    b_IBUF[2]
    SLICE_X43Y31         LUT6 (Prop_lut6_I4_O)        0.124     3.224 r  s_OBUF[4]_inst_i_2/O
                         net (fo=3, routed)           0.582     3.806    c_2
    SLICE_X43Y32         LUT5 (Prop_lut5_I2_O)        0.124     3.930 r  s_OBUF[6]_inst_i_2/O
                         net (fo=3, routed)           0.412     4.342    c_4
    SLICE_X43Y34         LUT5 (Prop_lut5_I2_O)        0.118     4.460 r  s_OBUF[8]_inst_i_2/O
                         net (fo=3, routed)           0.779     5.238    c_6
    SLICE_X43Y36         LUT5 (Prop_lut5_I2_O)        0.352     5.590 r  s_OBUF[10]_inst_i_2/O
                         net (fo=3, routed)           1.011     6.601    c_8
    SLICE_X43Y38         LUT5 (Prop_lut5_I2_O)        0.354     6.955 r  s_OBUF[12]_inst_i_2/O
                         net (fo=3, routed)           1.011     7.965    c_1010_out
    SLICE_X43Y40         LUT5 (Prop_lut5_I2_O)        0.354     8.319 r  s_OBUF[14]_inst_i_2/O
                         net (fo=3, routed)           1.011     9.330    c_12
    SLICE_X43Y42         LUT5 (Prop_lut5_I2_O)        0.354     9.684 r  s_OBUF[16]_inst_i_2/O
                         net (fo=3, routed)           1.011    10.695    c_14
    SLICE_X43Y44         LUT5 (Prop_lut5_I2_O)        0.354    11.049 r  s_OBUF[18]_inst_i_2/O
                         net (fo=3, routed)           0.607    11.655    c_16
    SLICE_X43Y46         LUT5 (Prop_lut5_I2_O)        0.320    11.975 r  s_OBUF[20]_inst_i_2/O
                         net (fo=3, routed)           1.011    12.986    c_18
    SLICE_X43Y48         LUT5 (Prop_lut5_I2_O)        0.354    13.340 r  s_OBUF[22]_inst_i_2/O
                         net (fo=3, routed)           1.634    14.973    c_2022_out
    SLICE_X43Y71         LUT5 (Prop_lut5_I2_O)        0.354    15.327 r  s_OBUF[24]_inst_i_2/O
                         net (fo=3, routed)           1.011    16.338    c_22
    SLICE_X43Y73         LUT5 (Prop_lut5_I2_O)        0.354    16.692 r  s_OBUF[26]_inst_i_2/O
                         net (fo=3, routed)           1.041    17.733    c_24
    SLICE_X43Y75         LUT5 (Prop_lut5_I2_O)        0.354    18.087 r  s_OBUF[28]_inst_i_2/O
                         net (fo=2, routed)           0.719    18.806    c_26
    SLICE_X43Y77         LUT3 (Prop_lut3_I0_O)        0.352    19.158 r  s_OBUF[27]_inst_i_1/O
                         net (fo=1, routed)           1.912    21.070    s_OBUF[27]
    M20                  OBUF (Prop_obuf_I_O)         2.886    23.956 r  s_OBUF[27]_inst/O
                         net (fo=0)                   0.000    23.956    s[27]
    M20                                                               r  s[27] (OUT)
  -------------------------------------------------------------------    -------------------




