Copyright 1986-2015 Xilinx, Inc. All Rights Reserved.
-------------------------------------------------------------------------------------------
| Tool Version : Vivado v.2015.4 (lin64) Build 1412921 Wed Nov 18 09:44:32 MST 2015
| Date         : Wed Apr 27 12:00:34 2016
| Host         : localhost.localdomain running 64-bit CentOS Linux release 7.2.1511 (Core)
| Command      : report_timing -file ./reports/timing/31bit_normal_adder_timing.rpt
| Design       : normal_adder
| Device       : 7z010-clg400
| Speed File   : -1  PRODUCTION 1.11 2014-09-11
-------------------------------------------------------------------------------------------

Timing Report

Slack:                    inf
  Source:                 a[2]
                            (input port)
  Destination:            s[29]
                            (output port)
  Path Group:             (none)
  Path Type:              Max at Slow Process Corner
  Data Path Delay:        23.494ns  (logic 8.197ns (34.888%)  route 15.297ns (65.112%))
  Logic Levels:           17  (IBUF=1 LUT3=1 LUT5=13 LUT6=1 OBUF=1)

    Location             Delay type                Incr(ns)  Path(ns)    Netlist Resource(s)
  -------------------------------------------------------------------    -------------------
    P15                                               0.000     0.000 r  a[2] (IN)
                         net (fo=0)                   0.000     0.000    a[2]
    P15                  IBUF (Prop_ibuf_I_O)         0.936     0.936 r  a_IBUF[2]_inst/O
                         net (fo=2, routed)           2.328     3.264    a_IBUF[2]
    SLICE_X43Y33         LUT6 (Prop_lut6_I5_O)        0.124     3.388 r  s_OBUF[4]_inst_i_2/O
                         net (fo=3, routed)           0.582     3.970    c_2
    SLICE_X43Y34         LUT5 (Prop_lut5_I2_O)        0.124     4.094 r  s_OBUF[6]_inst_i_2/O
                         net (fo=3, routed)           0.644     4.738    c_4
    SLICE_X43Y36         LUT5 (Prop_lut5_I2_O)        0.150     4.888 r  s_OBUF[8]_inst_i_2/O
                         net (fo=3, routed)           1.002     5.889    c_6
    SLICE_X43Y38         LUT5 (Prop_lut5_I2_O)        0.354     6.243 r  s_OBUF[10]_inst_i_2/O
                         net (fo=3, routed)           1.002     7.245    c_8
    SLICE_X43Y40         LUT5 (Prop_lut5_I2_O)        0.354     7.599 r  s_OBUF[12]_inst_i_2/O
                         net (fo=3, routed)           1.002     8.601    c_1010_out
    SLICE_X43Y42         LUT5 (Prop_lut5_I2_O)        0.354     8.955 r  s_OBUF[14]_inst_i_2/O
                         net (fo=3, routed)           0.839     9.793    c_12
    SLICE_X43Y44         LUT5 (Prop_lut5_I2_O)        0.352    10.145 r  s_OBUF[16]_inst_i_2/O
                         net (fo=3, routed)           0.839    10.984    c_14
    SLICE_X43Y46         LUT5 (Prop_lut5_I2_O)        0.352    11.336 r  s_OBUF[18]_inst_i_2/O
                         net (fo=3, routed)           0.839    12.174    c_16
    SLICE_X43Y48         LUT5 (Prop_lut5_I2_O)        0.352    12.526 r  s_OBUF[20]_inst_i_2/O
                         net (fo=3, routed)           1.160    13.687    c_18
    SLICE_X43Y69         LUT5 (Prop_lut5_I2_O)        0.320    14.007 r  s_OBUF[22]_inst_i_2/O
                         net (fo=3, routed)           0.607    14.613    c_2022_out
    SLICE_X43Y71         LUT5 (Prop_lut5_I2_O)        0.320    14.933 r  s_OBUF[24]_inst_i_2/O
                         net (fo=3, routed)           0.607    15.540    c_22
    SLICE_X43Y73         LUT5 (Prop_lut5_I2_O)        0.320    15.860 r  s_OBUF[26]_inst_i_2/O
                         net (fo=3, routed)           0.637    16.497    c_24
    SLICE_X43Y75         LUT5 (Prop_lut5_I2_O)        0.320    16.817 r  s_OBUF[28]_inst_i_2/O
                         net (fo=3, routed)           0.607    17.424    c_26
    SLICE_X43Y77         LUT5 (Prop_lut5_I2_O)        0.320    17.744 r  s_OBUF[30]_inst_i_2/O
                         net (fo=2, routed)           0.546    18.289    c_28
    SLICE_X43Y79         LUT3 (Prop_lut3_I0_O)        0.320    18.609 r  s_OBUF[29]_inst_i_1/O
                         net (fo=1, routed)           2.060    20.669    s_OBUF[29]
    D20                  OBUF (Prop_obuf_I_O)         2.825    23.494 r  s_OBUF[29]_inst/O
                         net (fo=0)                   0.000    23.494    s[29]
    D20                                                               r  s[29] (OUT)
  -------------------------------------------------------------------    -------------------




