Copyright 1986-2015 Xilinx, Inc. All Rights Reserved.
-------------------------------------------------------------------------------------------
| Tool Version : Vivado v.2015.4 (lin64) Build 1412921 Wed Nov 18 09:44:32 MST 2015
| Date         : Wed Apr 27 12:01:12 2016
| Host         : localhost.localdomain running 64-bit CentOS Linux release 7.2.1511 (Core)
| Command      : report_timing -file ./reports/timing/32bit_normal_adder_timing.rpt
| Design       : normal_adder
| Device       : 7z010-clg400
| Speed File   : -1  PRODUCTION 1.11 2014-09-11
-------------------------------------------------------------------------------------------

Timing Report

Slack:                    inf
  Source:                 a[0]
                            (input port)
  Destination:            s[31]
                            (output port)
  Path Group:             (none)
  Path Type:              Max at Slow Process Corner
  Data Path Delay:        24.373ns  (logic 8.183ns (33.576%)  route 16.190ns (66.424%))
  Logic Levels:           18  (IBUF=1 LUT3=1 LUT5=14 LUT6=1 OBUF=1)

    Location             Delay type                Incr(ns)  Path(ns)    Netlist Resource(s)
  -------------------------------------------------------------------    -------------------
    T19                                               0.000     0.000 r  a[0] (IN)
                         net (fo=0)                   0.000     0.000    a[0]
    T19                  IBUF (Prop_ibuf_I_O)         0.950     0.950 r  a_IBUF[0]_inst/O
                         net (fo=4, routed)           2.047     2.997    a_IBUF[0]
    SLICE_X43Y33         LUT6 (Prop_lut6_I3_O)        0.124     3.121 r  s_OBUF[4]_inst_i_2/O
                         net (fo=3, routed)           0.835     3.956    c_2
    SLICE_X43Y35         LUT5 (Prop_lut5_I2_O)        0.124     4.080 r  s_OBUF[6]_inst_i_2/O
                         net (fo=3, routed)           0.644     4.724    c_4
    SLICE_X43Y37         LUT5 (Prop_lut5_I2_O)        0.150     4.874 r  s_OBUF[8]_inst_i_2/O
                         net (fo=3, routed)           1.002     5.875    c_6
    SLICE_X43Y39         LUT5 (Prop_lut5_I2_O)        0.354     6.229 r  s_OBUF[10]_inst_i_2/O
                         net (fo=3, routed)           1.002     7.231    c_8
    SLICE_X43Y41         LUT5 (Prop_lut5_I2_O)        0.354     7.585 r  s_OBUF[12]_inst_i_2/O
                         net (fo=3, routed)           1.002     8.587    c_1010_out
    SLICE_X43Y43         LUT5 (Prop_lut5_I2_O)        0.354     8.941 r  s_OBUF[14]_inst_i_2/O
                         net (fo=3, routed)           0.839     9.779    c_12
    SLICE_X43Y45         LUT5 (Prop_lut5_I2_O)        0.352    10.131 r  s_OBUF[16]_inst_i_2/O
                         net (fo=3, routed)           1.002    11.133    c_14
    SLICE_X43Y47         LUT5 (Prop_lut5_I2_O)        0.354    11.487 r  s_OBUF[18]_inst_i_2/O
                         net (fo=3, routed)           0.952    12.439    c_16
    SLICE_X43Y50         LUT5 (Prop_lut5_I2_O)        0.354    12.793 r  s_OBUF[20]_inst_i_2/O
                         net (fo=3, routed)           1.189    13.982    c_18
    SLICE_X43Y69         LUT5 (Prop_lut5_I2_O)        0.352    14.334 r  s_OBUF[22]_inst_i_2/O
                         net (fo=3, routed)           0.607    14.941    c_2022_out
    SLICE_X43Y71         LUT5 (Prop_lut5_I2_O)        0.320    15.261 r  s_OBUF[24]_inst_i_2/O
                         net (fo=3, routed)           0.607    15.867    c_22
    SLICE_X43Y73         LUT5 (Prop_lut5_I2_O)        0.320    16.187 r  s_OBUF[26]_inst_i_2/O
                         net (fo=3, routed)           0.637    16.824    c_24
    SLICE_X43Y75         LUT5 (Prop_lut5_I2_O)        0.320    17.144 r  s_OBUF[28]_inst_i_2/O
                         net (fo=3, routed)           0.607    17.751    c_26
    SLICE_X43Y77         LUT5 (Prop_lut5_I2_O)        0.320    18.071 r  s_OBUF[30]_inst_i_2/O
                         net (fo=3, routed)           0.812    18.883    c_28
    SLICE_X43Y79         LUT3 (Prop_lut3_I0_O)        0.326    19.209 r  s_OBUF[31]_inst_i_2/O
                         net (fo=1, routed)           0.151    19.360    c_29
    SLICE_X43Y79         LUT5 (Prop_lut5_I0_O)        0.124    19.484 r  s_OBUF[31]_inst_i_1/O
                         net (fo=1, routed)           2.257    21.741    s_OBUF[31]
    A20                  OBUF (Prop_obuf_I_O)         2.632    24.373 r  s_OBUF[31]_inst/O
                         net (fo=0)                   0.000    24.373    s[31]
    A20                                                               r  s[31] (OUT)
  -------------------------------------------------------------------    -------------------




