Copyright 1986-2015 Xilinx, Inc. All Rights Reserved.
-------------------------------------------------------------------------------------------
| Tool Version : Vivado v.2015.4 (lin64) Build 1412921 Wed Nov 18 09:44:32 MST 2015
| Date         : Wed Apr 27 11:45:51 2016
| Host         : localhost.localdomain running 64-bit CentOS Linux release 7.2.1511 (Core)
| Command      : report_timing -file ./reports/timing/7bit_normal_adder_timing.rpt
| Design       : normal_adder
| Device       : 7z010-clg400
| Speed File   : -1  PRODUCTION 1.11 2014-09-11
-------------------------------------------------------------------------------------------

Timing Report

Slack:                    inf
  Source:                 a[1]
                            (input port)
  Destination:            s[5]
                            (output port)
  Path Group:             (none)
  Path Type:              Max at Slow Process Corner
  Data Path Delay:        9.137ns  (logic 4.165ns (45.585%)  route 4.972ns (54.415%))
  Logic Levels:           5  (IBUF=1 LUT3=1 LUT5=1 LUT6=1 OBUF=1)

    Location             Delay type                Incr(ns)  Path(ns)    Netlist Resource(s)
  -------------------------------------------------------------------    -------------------
    P16                                               0.000     0.000 r  a[1] (IN)
                         net (fo=0)                   0.000     0.000    a[1]
    P16                  IBUF (Prop_ibuf_I_O)         0.938     0.938 r  a_IBUF[1]_inst/O
                         net (fo=3, routed)           1.576     2.514    a_IBUF[1]
    SLICE_X43Y8          LUT6 (Prop_lut6_I0_O)        0.124     2.638 r  s_OBUF[4]_inst_i_2/O
                         net (fo=3, routed)           0.947     3.585    c_2
    SLICE_X43Y11         LUT5 (Prop_lut5_I2_O)        0.124     3.709 r  s_OBUF[6]_inst_i_2/O
                         net (fo=2, routed)           0.433     4.142    c_4
    SLICE_X43Y11         LUT3 (Prop_lut3_I0_O)        0.150     4.292 r  s_OBUF[5]_inst_i_1/O
                         net (fo=1, routed)           2.016     6.308    s_OBUF[5]
    U20                  OBUF (Prop_obuf_I_O)         2.828     9.137 r  s_OBUF[5]_inst/O
                         net (fo=0)                   0.000     9.137    s[5]
    U20                                                               r  s[5] (OUT)
  -------------------------------------------------------------------    -------------------




