Copyright 1986-2015 Xilinx, Inc. All Rights Reserved.
-------------------------------------------------------------------------------------------
| Tool Version : Vivado v.2015.4 (lin64) Build 1412921 Wed Nov 18 09:44:32 MST 2015
| Date         : Wed Apr 27 11:46:28 2016
| Host         : localhost.localdomain running 64-bit CentOS Linux release 7.2.1511 (Core)
| Command      : report_timing -file ./reports/timing/8bit_normal_adder_timing.rpt
| Design       : normal_adder
| Device       : 7z010-clg400
| Speed File   : -1  PRODUCTION 1.11 2014-09-11
-------------------------------------------------------------------------------------------

Timing Report

Slack:                    inf
  Source:                 a[0]
                            (input port)
  Destination:            s[7]
                            (output port)
  Path Group:             (none)
  Path Type:              Max at Slow Process Corner
  Data Path Delay:        9.930ns  (logic 4.088ns (41.165%)  route 5.843ns (58.835%))
  Logic Levels:           6  (IBUF=1 LUT3=1 LUT5=2 LUT6=1 OBUF=1)

    Location             Delay type                Incr(ns)  Path(ns)    Netlist Resource(s)
  -------------------------------------------------------------------    -------------------
    T19                                               0.000     0.000 r  a[0] (IN)
                         net (fo=0)                   0.000     0.000    a[0]
    T19                  IBUF (Prop_ibuf_I_O)         0.950     0.950 r  a_IBUF[0]_inst/O
                         net (fo=4, routed)           1.837     2.787    a_IBUF[0]
    SLICE_X43Y9          LUT6 (Prop_lut6_I3_O)        0.124     2.911 r  s_OBUF[4]_inst_i_2/O
                         net (fo=3, routed)           0.835     3.746    c_2
    SLICE_X43Y11         LUT5 (Prop_lut5_I2_O)        0.124     3.870 r  s_OBUF[6]_inst_i_2/O
                         net (fo=3, routed)           0.958     4.828    c_4
    SLICE_X43Y13         LUT3 (Prop_lut3_I0_O)        0.124     4.952 r  s_OBUF[7]_inst_i_2/O
                         net (fo=1, routed)           0.151     5.103    c_5
    SLICE_X43Y13         LUT5 (Prop_lut5_I0_O)        0.124     5.227 r  s_OBUF[7]_inst_i_1/O
                         net (fo=1, routed)           2.061     7.288    s_OBUF[7]
    P19                  OBUF (Prop_obuf_I_O)         2.642     9.930 r  s_OBUF[7]_inst/O
                         net (fo=0)                   0.000     9.930    s[7]
    P19                                                               r  s[7] (OUT)
  -------------------------------------------------------------------    -------------------




