Copyright 1986-2015 Xilinx, Inc. All Rights Reserved.
-------------------------------------------------------------------------------------------
| Tool Version : Vivado v.2015.4 (lin64) Build 1412921 Wed Nov 18 09:44:32 MST 2015
| Date         : Wed Apr 27 11:47:05 2016
| Host         : localhost.localdomain running 64-bit CentOS Linux release 7.2.1511 (Core)
| Command      : report_timing -file ./reports/timing/9bit_normal_adder_timing.rpt
| Design       : normal_adder
| Device       : 7z010-clg400
| Speed File   : -1  PRODUCTION 1.11 2014-09-11
-------------------------------------------------------------------------------------------

Timing Report

Slack:                    inf
  Source:                 a[2]
                            (input port)
  Destination:            s[7]
                            (output port)
  Path Group:             (none)
  Path Type:              Max at Slow Process Corner
  Data Path Delay:        10.478ns  (logic 4.564ns (43.556%)  route 5.914ns (56.444%))
  Logic Levels:           6  (IBUF=1 LUT3=1 LUT5=2 LUT6=1 OBUF=1)

    Location             Delay type                Incr(ns)  Path(ns)    Netlist Resource(s)
  -------------------------------------------------------------------    -------------------
    P15                                               0.000     0.000 r  a[2] (IN)
                         net (fo=0)                   0.000     0.000    a[2]
    P15                  IBUF (Prop_ibuf_I_O)         0.936     0.936 r  a_IBUF[2]_inst/O
                         net (fo=2, routed)           1.768     2.703    a_IBUF[2]
    SLICE_X43Y9          LUT6 (Prop_lut6_I5_O)        0.124     2.827 r  s_OBUF[4]_inst_i_2/O
                         net (fo=3, routed)           0.837     3.665    c_2
    SLICE_X43Y11         LUT5 (Prop_lut5_I2_O)        0.124     3.789 r  s_OBUF[6]_inst_i_2/O
                         net (fo=3, routed)           0.644     4.433    c_4
    SLICE_X43Y13         LUT5 (Prop_lut5_I2_O)        0.150     4.583 r  s_OBUF[8]_inst_i_2/O
                         net (fo=2, routed)           0.719     5.301    c_6
    SLICE_X43Y15         LUT3 (Prop_lut3_I0_O)        0.352     5.653 r  s_OBUF[7]_inst_i_1/O
                         net (fo=1, routed)           1.947     7.600    s_OBUF[7]
    U19                  OBUF (Prop_obuf_I_O)         2.878    10.478 r  s_OBUF[7]_inst/O
                         net (fo=0)                   0.000    10.478    s[7]
    U19                                                               r  s[7] (OUT)
  -------------------------------------------------------------------    -------------------




