Information: Updating design information... (UID-85)
 
****************************************
Report : cell
Design : top_adder
Version: B-2008.09-SP4
Date   : Thu Nov  5 10:42:04 2015
****************************************

Attributes:
    b - black box (unknown)
    h - hierarchical
    n - noncombinational
    r - removable
    u - contains unmapped logic

Cell                      Reference       Library             Area  Attributes
--------------------------------------------------------------------------------
L_part                    lin_adder                       3668.399903
                                                                    h
NL_part                   non_lin_part                    1648.080065
                                                                    h
--------------------------------------------------------------------------------
Total 2 cells                                             5316.479968
1
