 
****************************************
Report : cell
Design : c7
Version: B-2008.09-SP4
Date   : Mon Feb 15 12:15:50 2016
****************************************

Attributes:
    b - black box (unknown)
    h - hierarchical
    n - noncombinational
    r - removable
    u - contains unmapped logic

Cell                      Reference       Library             Area  Attributes
--------------------------------------------------------------------------------
U47                       XOR4D0          tcbn65gpluswc   9.000000  
U48                       XOR4D0          tcbn65gpluswc   9.000000  
U49                       XOR4D0          tcbn65gpluswc   9.000000  
U50                       XOR3D0          tcbn65gpluswc   6.120000  
U51                       XOR4D0          tcbn65gpluswc   9.000000  
U52                       XOR4D0          tcbn65gpluswc   9.000000  
U53                       XOR3D0          tcbn65gpluswc   6.120000  
U54                       XOR4D0          tcbn65gpluswc   9.000000  
U55                       XOR4D0          tcbn65gpluswc   9.000000  
U56                       XOR3D0          tcbn65gpluswc   6.120000  
U57                       XOR4D0          tcbn65gpluswc   9.000000  
U58                       XOR4D0          tcbn65gpluswc   9.000000  
U59                       XOR3D0          tcbn65gpluswc   6.120000  
U60                       XOR4D0          tcbn65gpluswc   9.000000  
U61                       XOR4D0          tcbn65gpluswc   9.000000  
U62                       XOR3D0          tcbn65gpluswc   6.120000  
U63                       XOR4D0          tcbn65gpluswc   9.000000  
U64                       XOR4D0          tcbn65gpluswc   9.000000  
U65                       XOR3D0          tcbn65gpluswc   6.120000  
U66                       XOR4D0          tcbn65gpluswc   9.000000  
U67                       XOR4D0          tcbn65gpluswc   9.000000  
U68                       XOR3D0          tcbn65gpluswc   6.120000  
U69                       XOR3D0          tcbn65gpluswc   6.120000  
U70                       XOR3D0          tcbn65gpluswc   6.120000  
U71                       XOR4D0          tcbn65gpluswc   9.000000  
U72                       XOR4D0          tcbn65gpluswc   9.000000  
U73                       XOR3D0          tcbn65gpluswc   6.120000  
U74                       XNR4D0          tcbn65gpluswc   9.000000  
U75                       XNR4D0          tcbn65gpluswc   9.000000  
U76                       XNR4D0          tcbn65gpluswc   9.000000  
U77                       XOR4D0          tcbn65gpluswc   9.000000  
U78                       XNR4D0          tcbn65gpluswc   9.000000  
U79                       XNR4D0          tcbn65gpluswc   9.000000  
U80                       XNR4D0          tcbn65gpluswc   9.000000  
U81                       XNR4D0          tcbn65gpluswc   9.000000  
U82                       XNR4D0          tcbn65gpluswc   9.000000  
U83                       XNR4D0          tcbn65gpluswc   9.000000  
U84                       XNR4D0          tcbn65gpluswc   9.000000  
U85                       XNR4D0          tcbn65gpluswc   9.000000  
U86                       XNR4D0          tcbn65gpluswc   9.000000  
U87                       XNR4D0          tcbn65gpluswc   9.000000  
U88                       XNR4D0          tcbn65gpluswc   9.000000  
U89                       XNR4D0          tcbn65gpluswc   9.000000  
U90                       XNR4D0          tcbn65gpluswc   9.000000  
U91                       XNR4D0          tcbn65gpluswc   9.000000  
U92                       XNR4D0          tcbn65gpluswc   9.000000  
--------------------------------------------------------------------------------
Total 46 cells                                            385.199999
1
