
****** Vivado v2015.4 (64-bit)
  **** SW Build 1412921 on Wed Nov 18 09:44:32 MST 2015
  **** IP Build 1412160 on Tue Nov 17 13:47:24 MST 2015
    ** Copyright 1986-2015 Xilinx, Inc. All Rights Reserved.

source synth_rca.tcl
# read_verilog [glob ./constants.v]
# read_verilog [glob ./adder.v]
# synth_design -top adder -part xc7z010clg400-1
Command: synth_design -top adder -part xc7z010clg400-1
Starting synth_design
Attempting to get a license for feature 'Synthesis' and/or device 'xc7z010'
INFO: [Common 17-349] Got license for feature 'Synthesis' and/or device 'xc7z010'
INFO: Launching helper process for spawning children vivado processes
INFO: Helper process launched with PID 3744 
WARNING: [Synth 8-2644] root scope declaration is not allowed in verilog 95/2K mode [/home/danielrb/Dropbox/tesi/rca_adder/undecomposed/constants.v:1]
---------------------------------------------------------------------------------
Starting Synthesize : Time (s): cpu = 00:00:05 ; elapsed = 00:00:06 . Memory (MB): peak = 1102.617 ; gain = 172.371 ; free physical = 1263 ; free virtual = 2435
---------------------------------------------------------------------------------
INFO: [Synth 8-638] synthesizing module 'adder' [/home/danielrb/Dropbox/tesi/rca_adder/undecomposed/adder.v:1]
	Parameter NBIT bound to: 7 - type: integer 
INFO: [Synth 8-256] done synthesizing module 'adder' (1#1) [/home/danielrb/Dropbox/tesi/rca_adder/undecomposed/adder.v:1]
---------------------------------------------------------------------------------
Finished Synthesize : Time (s): cpu = 00:00:06 ; elapsed = 00:00:06 . Memory (MB): peak = 1126.875 ; gain = 196.629 ; free physical = 1237 ; free virtual = 2409
---------------------------------------------------------------------------------
---------------------------------------------------------------------------------
Finished Constraint Validation : Time (s): cpu = 00:00:06 ; elapsed = 00:00:06 . Memory (MB): peak = 1126.875 ; gain = 196.629 ; free physical = 1236 ; free virtual = 2407
---------------------------------------------------------------------------------
---------------------------------------------------------------------------------
Start Loading Part and Timing Information
---------------------------------------------------------------------------------
Loading part: xc7z010clg400-1
---------------------------------------------------------------------------------
Finished Loading Part and Timing Information : Time (s): cpu = 00:00:06 ; elapsed = 00:00:06 . Memory (MB): peak = 1134.875 ; gain = 204.629 ; free physical = 1236 ; free virtual = 2407
---------------------------------------------------------------------------------
---------------------------------------------------------------------------------
Finished RTL Optimization Phase 2 : Time (s): cpu = 00:00:06 ; elapsed = 00:00:06 . Memory (MB): peak = 1142.879 ; gain = 212.633 ; free physical = 1228 ; free virtual = 2400
---------------------------------------------------------------------------------
INFO: [Device 21-403] Loading part xc7z010clg400-1

Report RTL Partitions: 
+-+--------------+------------+----------+
| |RTL Partition |Replication |Instances |
+-+--------------+------------+----------+
+-+--------------+------------+----------+
No constraint files found.
---------------------------------------------------------------------------------
Start RTL Component Statistics 
---------------------------------------------------------------------------------
Detailed RTL Component Info : 
+---Adders : 
	   2 Input      7 Bit       Adders := 1     
---------------------------------------------------------------------------------
Finished RTL Component Statistics 
---------------------------------------------------------------------------------
---------------------------------------------------------------------------------
Start RTL Hierarchical Component Statistics 
---------------------------------------------------------------------------------
Hierarchical RTL Component report 
Module adder 
Detailed RTL Component Info : 
+---Adders : 
	   2 Input      7 Bit       Adders := 1     
---------------------------------------------------------------------------------
Finished RTL Hierarchical Component Statistics
---------------------------------------------------------------------------------
---------------------------------------------------------------------------------
Start Part Resource Summary
---------------------------------------------------------------------------------
Part Resources:
DSPs: 80 (col length:40)
BRAMs: 120 (col length: RAMB18 40 RAMB36 20)
---------------------------------------------------------------------------------
Finished Part Resource Summary
---------------------------------------------------------------------------------
Start Parallel Synthesis Optimization  : Time (s): cpu = 00:00:09 ; elapsed = 00:00:10 . Memory (MB): peak = 1218.207 ; gain = 287.961 ; free physical = 1134 ; free virtual = 2309
---------------------------------------------------------------------------------
Start Cross Boundary Optimization
---------------------------------------------------------------------------------
---------------------------------------------------------------------------------
Finished Cross Boundary Optimization : Time (s): cpu = 00:00:10 ; elapsed = 00:00:10 . Memory (MB): peak = 1226.207 ; gain = 295.961 ; free physical = 1127 ; free virtual = 2302
---------------------------------------------------------------------------------
Finished Parallel Reinference  : Time (s): cpu = 00:00:10 ; elapsed = 00:00:10 . Memory (MB): peak = 1226.207 ; gain = 295.961 ; free physical = 1127 ; free virtual = 2302

Report RTL Partitions: 
+-+--------------+------------+----------+
| |RTL Partition |Replication |Instances |
+-+--------------+------------+----------+
+-+--------------+------------+----------+
No constraint files found.
---------------------------------------------------------------------------------
Start Area Optimization
---------------------------------------------------------------------------------
---------------------------------------------------------------------------------
Finished Area Optimization : Time (s): cpu = 00:00:10 ; elapsed = 00:00:10 . Memory (MB): peak = 1226.211 ; gain = 295.965 ; free physical = 1126 ; free virtual = 2301
---------------------------------------------------------------------------------
Finished Parallel Area Optimization  : Time (s): cpu = 00:00:10 ; elapsed = 00:00:10 . Memory (MB): peak = 1226.211 ; gain = 295.965 ; free physical = 1126 ; free virtual = 2301

Report RTL Partitions: 
+-+--------------+------------+----------+
| |RTL Partition |Replication |Instances |
+-+--------------+------------+----------+
+-+--------------+------------+----------+
---------------------------------------------------------------------------------
Start Timing Optimization
---------------------------------------------------------------------------------
No constraint files found.
---------------------------------------------------------------------------------
Finished Timing Optimization : Time (s): cpu = 00:00:10 ; elapsed = 00:00:10 . Memory (MB): peak = 1226.211 ; gain = 295.965 ; free physical = 1126 ; free virtual = 2301
---------------------------------------------------------------------------------

Report RTL Partitions: 
+-+--------------+------------+----------+
| |RTL Partition |Replication |Instances |
+-+--------------+------------+----------+
+-+--------------+------------+----------+
---------------------------------------------------------------------------------
Start Technology Mapping
---------------------------------------------------------------------------------
---------------------------------------------------------------------------------
Finished Technology Mapping : Time (s): cpu = 00:00:10 ; elapsed = 00:00:10 . Memory (MB): peak = 1234.215 ; gain = 303.969 ; free physical = 1118 ; free virtual = 2293
---------------------------------------------------------------------------------
Finished Parallel Technology Mapping Optimization  : Time (s): cpu = 00:00:10 ; elapsed = 00:00:10 . Memory (MB): peak = 1234.215 ; gain = 303.969 ; free physical = 1118 ; free virtual = 2293

Report RTL Partitions: 
+-+--------------+------------+----------+
| |RTL Partition |Replication |Instances |
+-+--------------+------------+----------+
+-+--------------+------------+----------+
Finished Parallel Synthesis Optimization  : Time (s): cpu = 00:00:10 ; elapsed = 00:00:10 . Memory (MB): peak = 1234.215 ; gain = 303.969 ; free physical = 1118 ; free virtual = 2293
---------------------------------------------------------------------------------
Start IO Insertion
---------------------------------------------------------------------------------
---------------------------------------------------------------------------------
Start Flattening Before IO Insertion
---------------------------------------------------------------------------------
---------------------------------------------------------------------------------
Finished Flattening Before IO Insertion
---------------------------------------------------------------------------------
---------------------------------------------------------------------------------
Start Final Netlist Cleanup
---------------------------------------------------------------------------------
---------------------------------------------------------------------------------
Finished Final Netlist Cleanup
---------------------------------------------------------------------------------
---------------------------------------------------------------------------------
Finished IO Insertion : Time (s): cpu = 00:00:10 ; elapsed = 00:00:10 . Memory (MB): peak = 1234.215 ; gain = 303.969 ; free physical = 1109 ; free virtual = 2284
---------------------------------------------------------------------------------

Report Check Netlist: 
+------+------------------+-------+---------+-------+------------------+
|      |Item              |Errors |Warnings |Status |Description       |
+------+------------------+-------+---------+-------+------------------+
|1     |multi_driven_nets |      0|        0|Passed |Multi driven nets |
+------+------------------+-------+---------+-------+------------------+
---------------------------------------------------------------------------------
Start Renaming Generated Instances
---------------------------------------------------------------------------------
---------------------------------------------------------------------------------
Finished Renaming Generated Instances : Time (s): cpu = 00:00:10 ; elapsed = 00:00:10 . Memory (MB): peak = 1234.215 ; gain = 303.969 ; free physical = 1107 ; free virtual = 2283
---------------------------------------------------------------------------------

Report RTL Partitions: 
+-+--------------+------------+----------+
| |RTL Partition |Replication |Instances |
+-+--------------+------------+----------+
+-+--------------+------------+----------+
---------------------------------------------------------------------------------
Start Rebuilding User Hierarchy
---------------------------------------------------------------------------------
---------------------------------------------------------------------------------
Finished Rebuilding User Hierarchy : Time (s): cpu = 00:00:10 ; elapsed = 00:00:10 . Memory (MB): peak = 1234.215 ; gain = 303.969 ; free physical = 1106 ; free virtual = 2282
---------------------------------------------------------------------------------
---------------------------------------------------------------------------------
Start Renaming Generated Ports
---------------------------------------------------------------------------------
---------------------------------------------------------------------------------
Finished Renaming Generated Ports : Time (s): cpu = 00:00:10 ; elapsed = 00:00:10 . Memory (MB): peak = 1234.215 ; gain = 303.969 ; free physical = 1106 ; free virtual = 2281
---------------------------------------------------------------------------------
---------------------------------------------------------------------------------
Start Handling Custom Attributes
---------------------------------------------------------------------------------
---------------------------------------------------------------------------------
Finished Handling Custom Attributes : Time (s): cpu = 00:00:10 ; elapsed = 00:00:10 . Memory (MB): peak = 1234.215 ; gain = 303.969 ; free physical = 1109 ; free virtual = 2284
---------------------------------------------------------------------------------
---------------------------------------------------------------------------------
Start Renaming Generated Nets
---------------------------------------------------------------------------------
---------------------------------------------------------------------------------
Finished Renaming Generated Nets : Time (s): cpu = 00:00:10 ; elapsed = 00:00:10 . Memory (MB): peak = 1234.215 ; gain = 303.969 ; free physical = 1109 ; free virtual = 2284
---------------------------------------------------------------------------------
---------------------------------------------------------------------------------
Start Writing Synthesis Report
---------------------------------------------------------------------------------

Report BlackBoxes: 
+-+--------------+----------+
| |BlackBox name |Instances |
+-+--------------+----------+
+-+--------------+----------+

Report Cell Usage: 
+------+-------+------+
|      |Cell   |Count |
+------+-------+------+
|1     |CARRY4 |     2|
|2     |LUT2   |     7|
|3     |IBUF   |    14|
|4     |OBUF   |     7|
+------+-------+------+

Report Instance Areas: 
+------+---------+-------+------+
|      |Instance |Module |Cells |
+------+---------+-------+------+
|1     |top      |       |    30|
+------+---------+-------+------+
---------------------------------------------------------------------------------
Finished Writing Synthesis Report : Time (s): cpu = 00:00:10 ; elapsed = 00:00:10 . Memory (MB): peak = 1234.215 ; gain = 303.969 ; free physical = 1109 ; free virtual = 2284
---------------------------------------------------------------------------------
Synthesis finished with 0 errors, 0 critical warnings and 1 warnings.
Synthesis Optimization Runtime : Time (s): cpu = 00:00:09 ; elapsed = 00:00:09 . Memory (MB): peak = 1234.215 ; gain = 183.723 ; free physical = 1108 ; free virtual = 2283
Synthesis Optimization Complete : Time (s): cpu = 00:00:10 ; elapsed = 00:00:10 . Memory (MB): peak = 1234.215 ; gain = 303.969 ; free physical = 1108 ; free virtual = 2283
INFO: [Project 1-571] Translating synthesized netlist
INFO: [Netlist 29-17] Analyzing 16 Unisim elements for replacement
INFO: [Netlist 29-28] Unisim Transformation completed in 0 CPU seconds
INFO: [Project 1-570] Preparing netlist for logic optimization
INFO: [Opt 31-138] Pushed 0 inverter(s) to 0 load pin(s).
INFO: [Project 1-111] Unisim Transformation Summary:
No Unisim elements were transformed.

INFO: [Common 17-83] Releasing license: Synthesis
11 Infos, 1 Warnings, 0 Critical Warnings and 0 Errors encountered.
synth_design completed successfully
synth_design: Time (s): cpu = 00:00:09 ; elapsed = 00:00:10 . Memory (MB): peak = 1304.215 ; gain = 302.633 ; free physical = 1031 ; free virtual = 2207
# opt_design
Command: opt_design
Attempting to get a license for feature 'Implementation' and/or device 'xc7z010'
INFO: [Common 17-349] Got license for feature 'Implementation' and/or device 'xc7z010'
Running DRC as a precondition to command opt_design

Starting DRC Task
INFO: [DRC 23-27] Running DRC with 4 threads
INFO: [Project 1-461] DRC finished with 0 Errors
INFO: [Project 1-462] Please refer to the DRC report (report_drc) for more information.

Time (s): cpu = 00:00:00.08 ; elapsed = 00:00:00.08 . Memory (MB): peak = 1336.230 ; gain = 32.016 ; free physical = 1030 ; free virtual = 2205
INFO: [Timing 38-35] Done setting XDC timing constraints.

Starting Logic Optimization Task
Implement Debug Cores | Checksum: 8519104f

Phase 1 Retarget
INFO: [Opt 31-138] Pushed 0 inverter(s) to 0 load pin(s).
INFO: [Opt 31-49] Retargeted 0 cell(s).
Phase 1 Retarget | Checksum: 8519104f

Time (s): cpu = 00:00:00 ; elapsed = 00:00:00 . Memory (MB): peak = 1667.723 ; gain = 0.000 ; free physical = 716 ; free virtual = 1899

Phase 2 Constant Propagation
INFO: [Opt 31-138] Pushed 0 inverter(s) to 0 load pin(s).
INFO: [Opt 31-10] Eliminated 0 cells.
Phase 2 Constant Propagation | Checksum: 8519104f

Time (s): cpu = 00:00:00 ; elapsed = 00:00:00.01 . Memory (MB): peak = 1667.723 ; gain = 0.000 ; free physical = 716 ; free virtual = 1899

Phase 3 Sweep
INFO: [Opt 31-12] Eliminated 5 unconnected nets.
INFO: [Opt 31-11] Eliminated 0 unconnected cells.
Phase 3 Sweep | Checksum: 831b5be2

Time (s): cpu = 00:00:00.01 ; elapsed = 00:00:00.01 . Memory (MB): peak = 1667.723 ; gain = 0.000 ; free physical = 716 ; free virtual = 1899

Starting Connectivity Check Task

Time (s): cpu = 00:00:00 ; elapsed = 00:00:00 . Memory (MB): peak = 1667.723 ; gain = 0.000 ; free physical = 716 ; free virtual = 1899
Ending Logic Optimization Task | Checksum: 831b5be2

Time (s): cpu = 00:00:00.01 ; elapsed = 00:00:00.01 . Memory (MB): peak = 1667.723 ; gain = 0.000 ; free physical = 716 ; free virtual = 1899

Starting Power Optimization Task
INFO: [Pwropt 34-132] Skipping clock gating for clocks with a period < 2.00 ns.
Ending Power Optimization Task | Checksum: 831b5be2

Time (s): cpu = 00:00:00.01 ; elapsed = 00:00:00.01 . Memory (MB): peak = 1667.723 ; gain = 0.000 ; free physical = 716 ; free virtual = 1899
INFO: [Common 17-83] Releasing license: Implementation
13 Infos, 0 Warnings, 0 Critical Warnings and 0 Errors encountered.
opt_design completed successfully
opt_design: Time (s): cpu = 00:00:09 ; elapsed = 00:00:10 . Memory (MB): peak = 1667.723 ; gain = 363.508 ; free physical = 716 ; free virtual = 1899
# place_design
Command: place_design
Attempting to get a license for feature 'Implementation' and/or device 'xc7z010'
INFO: [Common 17-349] Got license for feature 'Implementation' and/or device 'xc7z010'
INFO: [DRC 23-27] Running DRC with 4 threads
INFO: [Vivado_Tcl 4-198] DRC finished with 0 Errors
INFO: [Vivado_Tcl 4-199] Please refer to the DRC report (report_drc) for more information.
Running DRC as a precondition to command place_design
INFO: [DRC 23-27] Running DRC with 4 threads
INFO: [Vivado_Tcl 4-198] DRC finished with 0 Errors
INFO: [Vivado_Tcl 4-199] Please refer to the DRC report (report_drc) for more information.

Starting Placer Task
INFO: [Place 30-611] Multithreading enabled for place_design using a maximum of 4 CPUs

Phase 1 Placer Initialization
Netlist sorting complete. Time (s): cpu = 00:00:00 ; elapsed = 00:00:00 . Memory (MB): peak = 1699.738 ; gain = 0.000 ; free physical = 713 ; free virtual = 1896
Netlist sorting complete. Time (s): cpu = 00:00:00 ; elapsed = 00:00:00 . Memory (MB): peak = 1699.738 ; gain = 0.000 ; free physical = 713 ; free virtual = 1896

Phase 1.1 IO Placement/ Clock Placement/ Build Placer Device

Phase 1.1.1 Pre-Place Cells
Phase 1.1.1 Pre-Place Cells | Checksum: 00000000

Time (s): cpu = 00:00:00.01 ; elapsed = 00:00:00.01 . Memory (MB): peak = 1699.738 ; gain = 0.000 ; free physical = 713 ; free virtual = 1896
INFO: [Timing 38-35] Done setting XDC timing constraints.

Phase 1.1.2 IO and Clk Clean Up
Phase 1.1.2 IO and Clk Clean Up | Checksum: 00000000

Time (s): cpu = 00:00:00.28 ; elapsed = 00:00:00.21 . Memory (MB): peak = 1721.746 ; gain = 22.008 ; free physical = 712 ; free virtual = 1895

Phase 1.1.3 Implementation Feasibility check On IDelay
Phase 1.1.3 Implementation Feasibility check On IDelay | Checksum: 00000000

Time (s): cpu = 00:00:00.28 ; elapsed = 00:00:00.21 . Memory (MB): peak = 1721.746 ; gain = 22.008 ; free physical = 712 ; free virtual = 1895

Phase 1.1.4 Commit IO Placement
Phase 1.1.4 Commit IO Placement | Checksum: 0d34f80b

Time (s): cpu = 00:00:00.29 ; elapsed = 00:00:00.21 . Memory (MB): peak = 1721.746 ; gain = 22.008 ; free physical = 712 ; free virtual = 1895
Phase 1.1 IO Placement/ Clock Placement/ Build Placer Device | Checksum: 7268833c

Time (s): cpu = 00:00:00.29 ; elapsed = 00:00:00.21 . Memory (MB): peak = 1721.746 ; gain = 22.008 ; free physical = 712 ; free virtual = 1895

Phase 1.2 Build Placer Netlist Model

Phase 1.2.1 Place Init Design
Phase 1.2.1 Place Init Design | Checksum: 16d0ce0b1

Time (s): cpu = 00:00:00.30 ; elapsed = 00:00:00.22 . Memory (MB): peak = 1721.746 ; gain = 22.008 ; free physical = 712 ; free virtual = 1895
Phase 1.2 Build Placer Netlist Model | Checksum: 16d0ce0b1

Time (s): cpu = 00:00:00.30 ; elapsed = 00:00:00.22 . Memory (MB): peak = 1721.746 ; gain = 22.008 ; free physical = 712 ; free virtual = 1895

Phase 1.3 Constrain Clocks/Macros

Phase 1.3.1 Constrain Global/Regional Clocks
Phase 1.3.1 Constrain Global/Regional Clocks | Checksum: 16d0ce0b1

Time (s): cpu = 00:00:00.30 ; elapsed = 00:00:00.22 . Memory (MB): peak = 1721.746 ; gain = 22.008 ; free physical = 712 ; free virtual = 1895
Phase 1.3 Constrain Clocks/Macros | Checksum: 16d0ce0b1

Time (s): cpu = 00:00:00.30 ; elapsed = 00:00:00.22 . Memory (MB): peak = 1721.746 ; gain = 22.008 ; free physical = 712 ; free virtual = 1895
Phase 1 Placer Initialization | Checksum: 16d0ce0b1

Time (s): cpu = 00:00:00.30 ; elapsed = 00:00:00.22 . Memory (MB): peak = 1721.746 ; gain = 22.008 ; free physical = 712 ; free virtual = 1895

Phase 2 Global Placement
Phase 2 Global Placement | Checksum: b270c27d

Time (s): cpu = 00:00:00.54 ; elapsed = 00:00:00.33 . Memory (MB): peak = 1753.762 ; gain = 54.023 ; free physical = 712 ; free virtual = 1895

Phase 3 Detail Placement

Phase 3.1 Commit Multi Column Macros
Phase 3.1 Commit Multi Column Macros | Checksum: b270c27d

Time (s): cpu = 00:00:00.55 ; elapsed = 00:00:00.33 . Memory (MB): peak = 1753.762 ; gain = 54.023 ; free physical = 712 ; free virtual = 1895

Phase 3.2 Commit Most Macros & LUTRAMs
Phase 3.2 Commit Most Macros & LUTRAMs | Checksum: c6f5630e

Time (s): cpu = 00:00:00.56 ; elapsed = 00:00:00.34 . Memory (MB): peak = 1753.762 ; gain = 54.023 ; free physical = 712 ; free virtual = 1895

Phase 3.3 Area Swap Optimization
Phase 3.3 Area Swap Optimization | Checksum: c6f5630e

Time (s): cpu = 00:00:00.57 ; elapsed = 00:00:00.34 . Memory (MB): peak = 1753.762 ; gain = 54.023 ; free physical = 712 ; free virtual = 1895

Phase 3.4 Small Shape Detail Placement

Phase 3.4.1 Commit Small Macros and Core Logic

Phase 3.4.1.1 Commit Slice Clusters
Phase 3.4.1.1 Commit Slice Clusters | Checksum: c6f5630e

Time (s): cpu = 00:00:00.61 ; elapsed = 00:00:00.36 . Memory (MB): peak = 1753.762 ; gain = 54.023 ; free physical = 711 ; free virtual = 1894
Phase 3.4.1 Commit Small Macros and Core Logic | Checksum: c6f5630e

Time (s): cpu = 00:00:00.61 ; elapsed = 00:00:00.36 . Memory (MB): peak = 1753.762 ; gain = 54.023 ; free physical = 711 ; free virtual = 1894

Phase 3.4.2 Clock Restriction Legalization for Leaf Columns
Phase 3.4.2 Clock Restriction Legalization for Leaf Columns | Checksum: c6f5630e

Time (s): cpu = 00:00:00.62 ; elapsed = 00:00:00.37 . Memory (MB): peak = 1753.762 ; gain = 54.023 ; free physical = 711 ; free virtual = 1894

Phase 3.4.3 Clock Restriction Legalization for Non-Clock Pins
Phase 3.4.3 Clock Restriction Legalization for Non-Clock Pins | Checksum: c6f5630e

Time (s): cpu = 00:00:00.62 ; elapsed = 00:00:00.37 . Memory (MB): peak = 1753.762 ; gain = 54.023 ; free physical = 711 ; free virtual = 1894
Phase 3.4 Small Shape Detail Placement | Checksum: c6f5630e

Time (s): cpu = 00:00:00.62 ; elapsed = 00:00:00.37 . Memory (MB): peak = 1753.762 ; gain = 54.023 ; free physical = 711 ; free virtual = 1894

Phase 3.5 Re-assign LUT pins
Phase 3.5 Re-assign LUT pins | Checksum: c6f5630e

Time (s): cpu = 00:00:00.62 ; elapsed = 00:00:00.37 . Memory (MB): peak = 1753.762 ; gain = 54.023 ; free physical = 711 ; free virtual = 1894
Phase 3 Detail Placement | Checksum: c6f5630e

Time (s): cpu = 00:00:00.62 ; elapsed = 00:00:00.37 . Memory (MB): peak = 1753.762 ; gain = 54.023 ; free physical = 711 ; free virtual = 1894

Phase 4 Post Placement Optimization and Clean-Up

Phase 4.1 Post Commit Optimization
Phase 4.1 Post Commit Optimization | Checksum: c6f5630e

Time (s): cpu = 00:00:00.63 ; elapsed = 00:00:00.37 . Memory (MB): peak = 1753.762 ; gain = 54.023 ; free physical = 711 ; free virtual = 1894

Phase 4.2 Sweep Clock Roots: Post-Placement
Phase 4.2 Sweep Clock Roots: Post-Placement | Checksum: c6f5630e

Time (s): cpu = 00:00:00.63 ; elapsed = 00:00:00.37 . Memory (MB): peak = 1753.762 ; gain = 54.023 ; free physical = 711 ; free virtual = 1894

Phase 4.3 Post Placement Cleanup
Phase 4.3 Post Placement Cleanup | Checksum: c6f5630e

Time (s): cpu = 00:00:00.63 ; elapsed = 00:00:00.37 . Memory (MB): peak = 1753.762 ; gain = 54.023 ; free physical = 711 ; free virtual = 1894

Phase 4.4 Placer Reporting
Phase 4.4 Placer Reporting | Checksum: c6f5630e

Time (s): cpu = 00:00:00.63 ; elapsed = 00:00:00.37 . Memory (MB): peak = 1753.762 ; gain = 54.023 ; free physical = 711 ; free virtual = 1894

Phase 4.5 Final Placement Cleanup
Phase 4.5 Final Placement Cleanup | Checksum: c6f5630e

Time (s): cpu = 00:00:00.63 ; elapsed = 00:00:00.37 . Memory (MB): peak = 1753.762 ; gain = 54.023 ; free physical = 711 ; free virtual = 1894
Phase 4 Post Placement Optimization and Clean-Up | Checksum: c6f5630e

Time (s): cpu = 00:00:00.63 ; elapsed = 00:00:00.37 . Memory (MB): peak = 1753.762 ; gain = 54.023 ; free physical = 711 ; free virtual = 1894
Ending Placer Task | Checksum: 67e6e331

Time (s): cpu = 00:00:00.63 ; elapsed = 00:00:00.37 . Memory (MB): peak = 1753.762 ; gain = 54.023 ; free physical = 711 ; free virtual = 1894
INFO: [Common 17-83] Releasing license: Implementation
10 Infos, 0 Warnings, 0 Critical Warnings and 0 Errors encountered.
place_design completed successfully
# route_design
Command: route_design
Attempting to get a license for feature 'Implementation' and/or device 'xc7z010'
INFO: [Common 17-349] Got license for feature 'Implementation' and/or device 'xc7z010'
Running DRC as a precondition to command route_design
INFO: [DRC 23-27] Running DRC with 4 threads
INFO: [Vivado_Tcl 4-198] DRC finished with 0 Errors
INFO: [Vivado_Tcl 4-199] Please refer to the DRC report (report_drc) for more information.


Starting Routing Task
INFO: [Route 35-254] Multithreading enabled for route_design using a maximum of 4 CPUs
Checksum: PlaceDB: 2b35800 ConstDB: 0 ShapeSum: 65338b31 RouteDB: 0

Phase 1 Build RT Design
Phase 1 Build RT Design | Checksum: 17f53694d

Time (s): cpu = 00:00:11 ; elapsed = 00:00:09 . Memory (MB): peak = 1782.754 ; gain = 28.992 ; free physical = 618 ; free virtual = 1816

Phase 2 Router Initialization
INFO: [Route 35-64] No timing constraints were detected. The router will operate in resource-optimization mode.

Phase 2.1 Pre Route Cleanup
Phase 2.1 Pre Route Cleanup | Checksum: 17f53694d

Time (s): cpu = 00:00:11 ; elapsed = 00:00:09 . Memory (MB): peak = 1796.754 ; gain = 42.992 ; free physical = 605 ; free virtual = 1802
 Number of Nodes with overlaps = 0
Phase 2 Router Initialization | Checksum: dd284e33

Time (s): cpu = 00:00:11 ; elapsed = 00:00:09 . Memory (MB): peak = 1799.754 ; gain = 45.992 ; free physical = 602 ; free virtual = 1799

Phase 3 Initial Routing
Phase 3 Initial Routing | Checksum: 57169398

Time (s): cpu = 00:00:11 ; elapsed = 00:00:09 . Memory (MB): peak = 1799.754 ; gain = 45.992 ; free physical = 602 ; free virtual = 1799

Phase 4 Rip-up And Reroute

Phase 4.1 Global Iteration 0
 Number of Nodes with overlaps = 0
Phase 4.1 Global Iteration 0 | Checksum: 163b0c141

Time (s): cpu = 00:00:11 ; elapsed = 00:00:09 . Memory (MB): peak = 1799.754 ; gain = 45.992 ; free physical = 601 ; free virtual = 1799
Phase 4 Rip-up And Reroute | Checksum: 163b0c141

Time (s): cpu = 00:00:11 ; elapsed = 00:00:09 . Memory (MB): peak = 1799.754 ; gain = 45.992 ; free physical = 601 ; free virtual = 1799

Phase 5 Delay and Skew Optimization
Phase 5 Delay and Skew Optimization | Checksum: 163b0c141

Time (s): cpu = 00:00:11 ; elapsed = 00:00:09 . Memory (MB): peak = 1799.754 ; gain = 45.992 ; free physical = 601 ; free virtual = 1799

Phase 6 Post Hold Fix
Phase 6 Post Hold Fix | Checksum: 163b0c141

Time (s): cpu = 00:00:11 ; elapsed = 00:00:09 . Memory (MB): peak = 1799.754 ; gain = 45.992 ; free physical = 601 ; free virtual = 1799

Phase 7 Route finalize

Router Utilization Summary
  Global Vertical Routing Utilization    = 0.015625 %
  Global Horizontal Routing Utilization  = 0.00988051 %
  Routable Net Status*
  *Does not include unroutable nets such as driverless and loadless.
  Run report_route_status for detailed report.
  Number of Failed Nets               = 0
  Number of Unrouted Nets             = 0
  Number of Partially Routed Nets     = 0
  Number of Node Overlaps             = 0

Congestion Report
North Dir 1x1 Area, Max Cong = 0.900901%, No Congested Regions.
South Dir 1x1 Area, Max Cong = 18.9189%, No Congested Regions.
East Dir 1x1 Area, Max Cong = 5.88235%, No Congested Regions.
West Dir 1x1 Area, Max Cong = 5.88235%, No Congested Regions.
Phase 7 Route finalize | Checksum: 163b0c141

Time (s): cpu = 00:00:11 ; elapsed = 00:00:09 . Memory (MB): peak = 1799.754 ; gain = 45.992 ; free physical = 601 ; free virtual = 1799

Phase 8 Verifying routed nets

 Verification completed successfully
Phase 8 Verifying routed nets | Checksum: 163b0c141

Time (s): cpu = 00:00:11 ; elapsed = 00:00:09 . Memory (MB): peak = 1801.754 ; gain = 47.992 ; free physical = 599 ; free virtual = 1797

Phase 9 Depositing Routes
Phase 9 Depositing Routes | Checksum: 1acbbe6ac

Time (s): cpu = 00:00:11 ; elapsed = 00:00:09 . Memory (MB): peak = 1801.754 ; gain = 47.992 ; free physical = 599 ; free virtual = 1797
INFO: [Route 35-16] Router Completed Successfully

Time (s): cpu = 00:00:11 ; elapsed = 00:00:09 . Memory (MB): peak = 1801.754 ; gain = 47.992 ; free physical = 599 ; free virtual = 1797

Routing Is Done.
INFO: [Common 17-83] Releasing license: Implementation
8 Infos, 0 Warnings, 0 Critical Warnings and 0 Errors encountered.
route_design completed successfully
route_design: Time (s): cpu = 00:00:11 ; elapsed = 00:00:10 . Memory (MB): peak = 1801.852 ; gain = 48.090 ; free physical = 599 ; free virtual = 1797
# report_utilization -file ./reports/area/7bit_adder_util.rpt
report_utilization: Time (s): cpu = 00:00:00.02 ; elapsed = 00:00:00.07 . Memory (MB): peak = 1801.852 ; gain = 0.000 ; free physical = 597 ; free virtual = 1795
# report_power -file ./reports/power/7bit_adder_power.rpt
WARNING: [Power 33-232] No user defined clocks were found in the design!
Resolution: Please specify clocks using create_clock/create_generated_clock for sequential elements. For pure combinatorial circuits, please specify a virtual clock, otherwise the vectorless estimation might be inaccurate
Running Vector-less Activity Propagation...

Finished Running Vector-less Activity Propagation
# report_timing -file ./reports/timing/7bit_adder_timing.rpt
INFO: [Timing 38-91] UpdateTimingParams: Speed grade: -1, Delay Type: max.
INFO: [Timing 38-191] Multithreading enabled for timing update using a maximum of 4 CPUs
INFO: [Timing 38-78] ReportTimingParams: -max_paths 1 -nworst 1 -delay_type max -sort_by slack.
# exit
INFO: [Common 17-206] Exiting Vivado at Sat Apr 23 21:27:40 2016...
