
****** Vivado v2015.4 (64-bit)
  **** SW Build 1412921 on Wed Nov 18 09:44:32 MST 2015
  **** IP Build 1412160 on Tue Nov 17 13:47:24 MST 2015
    ** Copyright 1986-2015 Xilinx, Inc. All Rights Reserved.

source synth_rca.tcl
# read_verilog [glob ./constants.v]
# read_verilog [glob ./cla_adder.v]
# synth_design -top cla_adder -part xc7z010clg400-1
Command: synth_design -top cla_adder -part xc7z010clg400-1
Starting synth_design
Attempting to get a license for feature 'Synthesis' and/or device 'xc7z010'
INFO: [Common 17-349] Got license for feature 'Synthesis' and/or device 'xc7z010'
INFO: Launching helper process for spawning children vivado processes
INFO: Helper process launched with PID 1014 
WARNING: [Synth 8-2644] root scope declaration is not allowed in verilog 95/2K mode [/home/danielrb/Dropbox/tesi/rca_adder/undecomposed/constants.v:1]
---------------------------------------------------------------------------------
Starting Synthesize : Time (s): cpu = 00:00:05 ; elapsed = 00:00:05 . Memory (MB): peak = 1102.617 ; gain = 172.371 ; free physical = 755 ; free virtual = 2301
---------------------------------------------------------------------------------
INFO: [Synth 8-638] synthesizing module 'cla_adder' [/home/danielrb/Dropbox/tesi/rca_adder/undecomposed/cla_adder.v:1]
	Parameter NBIT bound to: 8 - type: integer 
INFO: [Synth 8-256] done synthesizing module 'cla_adder' (1#1) [/home/danielrb/Dropbox/tesi/rca_adder/undecomposed/cla_adder.v:1]
---------------------------------------------------------------------------------
Finished Synthesize : Time (s): cpu = 00:00:06 ; elapsed = 00:00:06 . Memory (MB): peak = 1126.875 ; gain = 196.629 ; free physical = 730 ; free virtual = 2276
---------------------------------------------------------------------------------
---------------------------------------------------------------------------------
Finished Constraint Validation : Time (s): cpu = 00:00:06 ; elapsed = 00:00:06 . Memory (MB): peak = 1126.875 ; gain = 196.629 ; free physical = 730 ; free virtual = 2276
---------------------------------------------------------------------------------
---------------------------------------------------------------------------------
Start Loading Part and Timing Information
---------------------------------------------------------------------------------
Loading part: xc7z010clg400-1
---------------------------------------------------------------------------------
Finished Loading Part and Timing Information : Time (s): cpu = 00:00:06 ; elapsed = 00:00:06 . Memory (MB): peak = 1134.875 ; gain = 204.629 ; free physical = 730 ; free virtual = 2276
---------------------------------------------------------------------------------
INFO: [Device 21-403] Loading part xc7z010clg400-1
---------------------------------------------------------------------------------
Finished RTL Optimization Phase 2 : Time (s): cpu = 00:00:06 ; elapsed = 00:00:06 . Memory (MB): peak = 1142.879 ; gain = 212.633 ; free physical = 722 ; free virtual = 2268
---------------------------------------------------------------------------------

Report RTL Partitions: 
+-+--------------+------------+----------+
| |RTL Partition |Replication |Instances |
+-+--------------+------------+----------+
+-+--------------+------------+----------+
No constraint files found.
---------------------------------------------------------------------------------
Start RTL Component Statistics 
---------------------------------------------------------------------------------
Detailed RTL Component Info : 
+---XORs : 
	   2 Input      8 Bit         XORs := 2     
---------------------------------------------------------------------------------
Finished RTL Component Statistics 
---------------------------------------------------------------------------------
---------------------------------------------------------------------------------
Start RTL Hierarchical Component Statistics 
---------------------------------------------------------------------------------
Hierarchical RTL Component report 
Module cla_adder 
Detailed RTL Component Info : 
+---XORs : 
	   2 Input      8 Bit         XORs := 2     
---------------------------------------------------------------------------------
Finished RTL Hierarchical Component Statistics
---------------------------------------------------------------------------------
---------------------------------------------------------------------------------
Start Part Resource Summary
---------------------------------------------------------------------------------
Part Resources:
DSPs: 80 (col length:40)
BRAMs: 120 (col length: RAMB18 40 RAMB36 20)
---------------------------------------------------------------------------------
Finished Part Resource Summary
---------------------------------------------------------------------------------
Start Parallel Synthesis Optimization  : Time (s): cpu = 00:00:09 ; elapsed = 00:00:09 . Memory (MB): peak = 1227.207 ; gain = 296.961 ; free physical = 642 ; free virtual = 2188
---------------------------------------------------------------------------------
Start Cross Boundary Optimization
---------------------------------------------------------------------------------
---------------------------------------------------------------------------------
Finished Cross Boundary Optimization : Time (s): cpu = 00:00:09 ; elapsed = 00:00:09 . Memory (MB): peak = 1227.207 ; gain = 296.961 ; free physical = 643 ; free virtual = 2189
---------------------------------------------------------------------------------
Finished Parallel Reinference  : Time (s): cpu = 00:00:09 ; elapsed = 00:00:09 . Memory (MB): peak = 1227.207 ; gain = 296.961 ; free physical = 643 ; free virtual = 2189

Report RTL Partitions: 
+-+--------------+------------+----------+
| |RTL Partition |Replication |Instances |
+-+--------------+------------+----------+
+-+--------------+------------+----------+
No constraint files found.
---------------------------------------------------------------------------------
Start Area Optimization
---------------------------------------------------------------------------------
---------------------------------------------------------------------------------
Finished Area Optimization : Time (s): cpu = 00:00:09 ; elapsed = 00:00:09 . Memory (MB): peak = 1251.230 ; gain = 320.984 ; free physical = 618 ; free virtual = 2163
---------------------------------------------------------------------------------
Finished Parallel Area Optimization  : Time (s): cpu = 00:00:09 ; elapsed = 00:00:09 . Memory (MB): peak = 1251.230 ; gain = 320.984 ; free physical = 618 ; free virtual = 2163

Report RTL Partitions: 
+-+--------------+------------+----------+
| |RTL Partition |Replication |Instances |
+-+--------------+------------+----------+
+-+--------------+------------+----------+
---------------------------------------------------------------------------------
Start Timing Optimization
---------------------------------------------------------------------------------
No constraint files found.
---------------------------------------------------------------------------------
Finished Timing Optimization : Time (s): cpu = 00:00:09 ; elapsed = 00:00:09 . Memory (MB): peak = 1251.230 ; gain = 320.984 ; free physical = 618 ; free virtual = 2163
---------------------------------------------------------------------------------

Report RTL Partitions: 
+-+--------------+------------+----------+
| |RTL Partition |Replication |Instances |
+-+--------------+------------+----------+
+-+--------------+------------+----------+
---------------------------------------------------------------------------------
Start Technology Mapping
---------------------------------------------------------------------------------
---------------------------------------------------------------------------------
Finished Technology Mapping : Time (s): cpu = 00:00:09 ; elapsed = 00:00:09 . Memory (MB): peak = 1251.230 ; gain = 320.984 ; free physical = 618 ; free virtual = 2163
---------------------------------------------------------------------------------
Finished Parallel Technology Mapping Optimization  : Time (s): cpu = 00:00:09 ; elapsed = 00:00:09 . Memory (MB): peak = 1251.230 ; gain = 320.984 ; free physical = 618 ; free virtual = 2163

Report RTL Partitions: 
+-+--------------+------------+----------+
| |RTL Partition |Replication |Instances |
+-+--------------+------------+----------+
+-+--------------+------------+----------+
Finished Parallel Synthesis Optimization  : Time (s): cpu = 00:00:09 ; elapsed = 00:00:09 . Memory (MB): peak = 1251.230 ; gain = 320.984 ; free physical = 618 ; free virtual = 2163
---------------------------------------------------------------------------------
Start IO Insertion
---------------------------------------------------------------------------------
---------------------------------------------------------------------------------
Start Flattening Before IO Insertion
---------------------------------------------------------------------------------
---------------------------------------------------------------------------------
Finished Flattening Before IO Insertion
---------------------------------------------------------------------------------
---------------------------------------------------------------------------------
Start Final Netlist Cleanup
---------------------------------------------------------------------------------
---------------------------------------------------------------------------------
Finished Final Netlist Cleanup
---------------------------------------------------------------------------------
---------------------------------------------------------------------------------
Finished IO Insertion : Time (s): cpu = 00:00:09 ; elapsed = 00:00:10 . Memory (MB): peak = 1251.230 ; gain = 320.984 ; free physical = 618 ; free virtual = 2163
---------------------------------------------------------------------------------

Report Check Netlist: 
+------+------------------+-------+---------+-------+------------------+
|      |Item              |Errors |Warnings |Status |Description       |
+------+------------------+-------+---------+-------+------------------+
|1     |multi_driven_nets |      0|        0|Passed |Multi driven nets |
+------+------------------+-------+---------+-------+------------------+
---------------------------------------------------------------------------------
Start Renaming Generated Instances
---------------------------------------------------------------------------------
---------------------------------------------------------------------------------
Finished Renaming Generated Instances : Time (s): cpu = 00:00:09 ; elapsed = 00:00:10 . Memory (MB): peak = 1251.230 ; gain = 320.984 ; free physical = 618 ; free virtual = 2163
---------------------------------------------------------------------------------

Report RTL Partitions: 
+-+--------------+------------+----------+
| |RTL Partition |Replication |Instances |
+-+--------------+------------+----------+
+-+--------------+------------+----------+
---------------------------------------------------------------------------------
Start Rebuilding User Hierarchy
---------------------------------------------------------------------------------
---------------------------------------------------------------------------------
Finished Rebuilding User Hierarchy : Time (s): cpu = 00:00:09 ; elapsed = 00:00:10 . Memory (MB): peak = 1251.230 ; gain = 320.984 ; free physical = 618 ; free virtual = 2163
---------------------------------------------------------------------------------
---------------------------------------------------------------------------------
Start Renaming Generated Ports
---------------------------------------------------------------------------------
---------------------------------------------------------------------------------
Finished Renaming Generated Ports : Time (s): cpu = 00:00:09 ; elapsed = 00:00:10 . Memory (MB): peak = 1251.230 ; gain = 320.984 ; free physical = 618 ; free virtual = 2163
---------------------------------------------------------------------------------
---------------------------------------------------------------------------------
Start Handling Custom Attributes
---------------------------------------------------------------------------------
---------------------------------------------------------------------------------
Finished Handling Custom Attributes : Time (s): cpu = 00:00:09 ; elapsed = 00:00:10 . Memory (MB): peak = 1251.230 ; gain = 320.984 ; free physical = 618 ; free virtual = 2163
---------------------------------------------------------------------------------
---------------------------------------------------------------------------------
Start Renaming Generated Nets
---------------------------------------------------------------------------------
---------------------------------------------------------------------------------
Finished Renaming Generated Nets : Time (s): cpu = 00:00:09 ; elapsed = 00:00:10 . Memory (MB): peak = 1251.230 ; gain = 320.984 ; free physical = 618 ; free virtual = 2163
---------------------------------------------------------------------------------
---------------------------------------------------------------------------------
Start Writing Synthesis Report
---------------------------------------------------------------------------------

Report BlackBoxes: 
+-+--------------+----------+
| |BlackBox name |Instances |
+-+--------------+----------+
+-+--------------+----------+

Report Cell Usage: 
+------+-----+------+
|      |Cell |Count |
+------+-----+------+
|1     |LUT2 |     1|
|2     |LUT3 |     2|
|3     |LUT4 |     3|
|4     |LUT5 |     2|
|5     |LUT6 |     6|
|6     |IBUF |    16|
|7     |OBUF |     8|
+------+-----+------+

Report Instance Areas: 
+------+---------+-------+------+
|      |Instance |Module |Cells |
+------+---------+-------+------+
|1     |top      |       |    38|
+------+---------+-------+------+
---------------------------------------------------------------------------------
Finished Writing Synthesis Report : Time (s): cpu = 00:00:09 ; elapsed = 00:00:10 . Memory (MB): peak = 1251.230 ; gain = 320.984 ; free physical = 618 ; free virtual = 2163
---------------------------------------------------------------------------------
Synthesis finished with 0 errors, 0 critical warnings and 1 warnings.
Synthesis Optimization Runtime : Time (s): cpu = 00:00:08 ; elapsed = 00:00:08 . Memory (MB): peak = 1251.230 ; gain = 200.738 ; free physical = 618 ; free virtual = 2163
Synthesis Optimization Complete : Time (s): cpu = 00:00:09 ; elapsed = 00:00:10 . Memory (MB): peak = 1251.230 ; gain = 320.984 ; free physical = 618 ; free virtual = 2163
INFO: [Project 1-571] Translating synthesized netlist
INFO: [Netlist 29-17] Analyzing 16 Unisim elements for replacement
INFO: [Netlist 29-28] Unisim Transformation completed in 0 CPU seconds
INFO: [Project 1-570] Preparing netlist for logic optimization
INFO: [Opt 31-138] Pushed 0 inverter(s) to 0 load pin(s).
INFO: [Project 1-111] Unisim Transformation Summary:
No Unisim elements were transformed.

INFO: [Common 17-83] Releasing license: Synthesis
11 Infos, 1 Warnings, 0 Critical Warnings and 0 Errors encountered.
synth_design completed successfully
synth_design: Time (s): cpu = 00:00:09 ; elapsed = 00:00:09 . Memory (MB): peak = 1338.234 ; gain = 336.652 ; free physical = 554 ; free virtual = 2100
# opt_design
Command: opt_design
Attempting to get a license for feature 'Implementation' and/or device 'xc7z010'
INFO: [Common 17-349] Got license for feature 'Implementation' and/or device 'xc7z010'
Running DRC as a precondition to command opt_design

Starting DRC Task
INFO: [DRC 23-27] Running DRC with 4 threads
INFO: [Project 1-461] DRC finished with 0 Errors
INFO: [Project 1-462] Please refer to the DRC report (report_drc) for more information.

Time (s): cpu = 00:00:00.07 ; elapsed = 00:00:00.07 . Memory (MB): peak = 1370.250 ; gain = 32.016 ; free physical = 554 ; free virtual = 2100
INFO: [Timing 38-35] Done setting XDC timing constraints.

Starting Logic Optimization Task
Implement Debug Cores | Checksum: 7951cdb6

Phase 1 Retarget
INFO: [Opt 31-138] Pushed 0 inverter(s) to 0 load pin(s).
INFO: [Opt 31-49] Retargeted 0 cell(s).
Phase 1 Retarget | Checksum: 7951cdb6

Time (s): cpu = 00:00:00 ; elapsed = 00:00:00.01 . Memory (MB): peak = 1739.742 ; gain = 0.000 ; free physical = 272 ; free virtual = 1802

Phase 2 Constant Propagation
INFO: [Opt 31-138] Pushed 0 inverter(s) to 0 load pin(s).
INFO: [Opt 31-10] Eliminated 0 cells.
Phase 2 Constant Propagation | Checksum: 7951cdb6

Time (s): cpu = 00:00:00 ; elapsed = 00:00:00.01 . Memory (MB): peak = 1739.742 ; gain = 0.000 ; free physical = 272 ; free virtual = 1802

Phase 3 Sweep
INFO: [Opt 31-12] Eliminated 0 unconnected nets.
INFO: [Opt 31-11] Eliminated 0 unconnected cells.
Phase 3 Sweep | Checksum: 7951cdb6

Time (s): cpu = 00:00:00.01 ; elapsed = 00:00:00.01 . Memory (MB): peak = 1739.742 ; gain = 0.000 ; free physical = 272 ; free virtual = 1802

Starting Connectivity Check Task

Time (s): cpu = 00:00:00 ; elapsed = 00:00:00 . Memory (MB): peak = 1739.742 ; gain = 0.000 ; free physical = 272 ; free virtual = 1802
Ending Logic Optimization Task | Checksum: 7951cdb6

Time (s): cpu = 00:00:00.01 ; elapsed = 00:00:00.01 . Memory (MB): peak = 1739.742 ; gain = 0.000 ; free physical = 272 ; free virtual = 1802

Starting Power Optimization Task
INFO: [Pwropt 34-132] Skipping clock gating for clocks with a period < 2.00 ns.
Ending Power Optimization Task | Checksum: 7951cdb6

Time (s): cpu = 00:00:00 ; elapsed = 00:00:00.01 . Memory (MB): peak = 1739.742 ; gain = 0.000 ; free physical = 272 ; free virtual = 1802
INFO: [Common 17-83] Releasing license: Implementation
13 Infos, 0 Warnings, 0 Critical Warnings and 0 Errors encountered.
opt_design completed successfully
opt_design: Time (s): cpu = 00:00:09 ; elapsed = 00:00:09 . Memory (MB): peak = 1739.742 ; gain = 401.508 ; free physical = 272 ; free virtual = 1802
# place_design
Command: place_design
Attempting to get a license for feature 'Implementation' and/or device 'xc7z010'
INFO: [Common 17-349] Got license for feature 'Implementation' and/or device 'xc7z010'
INFO: [DRC 23-27] Running DRC with 4 threads
INFO: [Vivado_Tcl 4-198] DRC finished with 0 Errors
INFO: [Vivado_Tcl 4-199] Please refer to the DRC report (report_drc) for more information.
Running DRC as a precondition to command place_design
INFO: [DRC 23-27] Running DRC with 4 threads
INFO: [Vivado_Tcl 4-198] DRC finished with 0 Errors
INFO: [Vivado_Tcl 4-199] Please refer to the DRC report (report_drc) for more information.

Starting Placer Task
INFO: [Place 30-611] Multithreading enabled for place_design using a maximum of 4 CPUs

Phase 1 Placer Initialization
Netlist sorting complete. Time (s): cpu = 00:00:00 ; elapsed = 00:00:00 . Memory (MB): peak = 1771.758 ; gain = 0.000 ; free physical = 272 ; free virtual = 1802
Netlist sorting complete. Time (s): cpu = 00:00:00 ; elapsed = 00:00:00 . Memory (MB): peak = 1771.758 ; gain = 0.000 ; free physical = 272 ; free virtual = 1802

Phase 1.1 IO Placement/ Clock Placement/ Build Placer Device

Phase 1.1.1 Pre-Place Cells
Phase 1.1.1 Pre-Place Cells | Checksum: 00000000

Time (s): cpu = 00:00:00.01 ; elapsed = 00:00:00.01 . Memory (MB): peak = 1771.758 ; gain = 0.000 ; free physical = 272 ; free virtual = 1802
INFO: [Timing 38-35] Done setting XDC timing constraints.

Phase 1.1.2 IO and Clk Clean Up
Phase 1.1.2 IO and Clk Clean Up | Checksum: 00000000

Time (s): cpu = 00:00:00.30 ; elapsed = 00:00:00.23 . Memory (MB): peak = 1778.758 ; gain = 7.000 ; free physical = 272 ; free virtual = 1802

Phase 1.1.3 Implementation Feasibility check On IDelay
Phase 1.1.3 Implementation Feasibility check On IDelay | Checksum: 00000000

Time (s): cpu = 00:00:00.30 ; elapsed = 00:00:00.23 . Memory (MB): peak = 1778.758 ; gain = 7.000 ; free physical = 272 ; free virtual = 1802

Phase 1.1.4 Commit IO Placement
Phase 1.1.4 Commit IO Placement | Checksum: 38e3d47a

Time (s): cpu = 00:00:00.30 ; elapsed = 00:00:00.23 . Memory (MB): peak = 1778.758 ; gain = 7.000 ; free physical = 272 ; free virtual = 1802
Phase 1.1 IO Placement/ Clock Placement/ Build Placer Device | Checksum: 7be78233

Time (s): cpu = 00:00:00.30 ; elapsed = 00:00:00.23 . Memory (MB): peak = 1778.758 ; gain = 7.000 ; free physical = 272 ; free virtual = 1802

Phase 1.2 Build Placer Netlist Model

Phase 1.2.1 Place Init Design
Phase 1.2.1 Place Init Design | Checksum: 16821f9ab

Time (s): cpu = 00:00:00.32 ; elapsed = 00:00:00.24 . Memory (MB): peak = 1778.758 ; gain = 7.000 ; free physical = 272 ; free virtual = 1802
Phase 1.2 Build Placer Netlist Model | Checksum: 16821f9ab

Time (s): cpu = 00:00:00.32 ; elapsed = 00:00:00.24 . Memory (MB): peak = 1778.758 ; gain = 7.000 ; free physical = 272 ; free virtual = 1802

Phase 1.3 Constrain Clocks/Macros

Phase 1.3.1 Constrain Global/Regional Clocks
Phase 1.3.1 Constrain Global/Regional Clocks | Checksum: 16821f9ab

Time (s): cpu = 00:00:00.32 ; elapsed = 00:00:00.24 . Memory (MB): peak = 1778.758 ; gain = 7.000 ; free physical = 272 ; free virtual = 1802
Phase 1.3 Constrain Clocks/Macros | Checksum: 16821f9ab

Time (s): cpu = 00:00:00.32 ; elapsed = 00:00:00.24 . Memory (MB): peak = 1778.758 ; gain = 7.000 ; free physical = 272 ; free virtual = 1802
Phase 1 Placer Initialization | Checksum: 16821f9ab

Time (s): cpu = 00:00:00.32 ; elapsed = 00:00:00.25 . Memory (MB): peak = 1778.758 ; gain = 7.000 ; free physical = 272 ; free virtual = 1802

Phase 2 Global Placement
Phase 2 Global Placement | Checksum: 140f82cbb

Time (s): cpu = 00:00:00.58 ; elapsed = 00:00:00.36 . Memory (MB): peak = 1802.770 ; gain = 31.012 ; free physical = 271 ; free virtual = 1801

Phase 3 Detail Placement

Phase 3.1 Commit Multi Column Macros
Phase 3.1 Commit Multi Column Macros | Checksum: 140f82cbb

Time (s): cpu = 00:00:00.58 ; elapsed = 00:00:00.36 . Memory (MB): peak = 1802.770 ; gain = 31.012 ; free physical = 271 ; free virtual = 1801

Phase 3.2 Commit Most Macros & LUTRAMs
Phase 3.2 Commit Most Macros & LUTRAMs | Checksum: bc2285c5

Time (s): cpu = 00:00:00.59 ; elapsed = 00:00:00.36 . Memory (MB): peak = 1802.770 ; gain = 31.012 ; free physical = 271 ; free virtual = 1801

Phase 3.3 Area Swap Optimization
Phase 3.3 Area Swap Optimization | Checksum: 13bf1e851

Time (s): cpu = 00:00:00.60 ; elapsed = 00:00:00.36 . Memory (MB): peak = 1802.770 ; gain = 31.012 ; free physical = 271 ; free virtual = 1801

Phase 3.4 Small Shape Detail Placement

Phase 3.4.1 Commit Small Macros and Core Logic

Phase 3.4.1.1 Commit Slice Clusters
Phase 3.4.1.1 Commit Slice Clusters | Checksum: 15abeca9e

Time (s): cpu = 00:00:00.65 ; elapsed = 00:00:00.40 . Memory (MB): peak = 1802.770 ; gain = 31.012 ; free physical = 271 ; free virtual = 1801
Phase 3.4.1 Commit Small Macros and Core Logic | Checksum: 15abeca9e

Time (s): cpu = 00:00:00.65 ; elapsed = 00:00:00.41 . Memory (MB): peak = 1802.770 ; gain = 31.012 ; free physical = 271 ; free virtual = 1801

Phase 3.4.2 Clock Restriction Legalization for Leaf Columns
Phase 3.4.2 Clock Restriction Legalization for Leaf Columns | Checksum: 15abeca9e

Time (s): cpu = 00:00:00.67 ; elapsed = 00:00:00.41 . Memory (MB): peak = 1802.770 ; gain = 31.012 ; free physical = 271 ; free virtual = 1801

Phase 3.4.3 Clock Restriction Legalization for Non-Clock Pins
Phase 3.4.3 Clock Restriction Legalization for Non-Clock Pins | Checksum: 15abeca9e

Time (s): cpu = 00:00:00.67 ; elapsed = 00:00:00.41 . Memory (MB): peak = 1802.770 ; gain = 31.012 ; free physical = 271 ; free virtual = 1801
Phase 3.4 Small Shape Detail Placement | Checksum: 15abeca9e

Time (s): cpu = 00:00:00.67 ; elapsed = 00:00:00.41 . Memory (MB): peak = 1802.770 ; gain = 31.012 ; free physical = 271 ; free virtual = 1801

Phase 3.5 Re-assign LUT pins
Phase 3.5 Re-assign LUT pins | Checksum: 15abeca9e

Time (s): cpu = 00:00:00.67 ; elapsed = 00:00:00.41 . Memory (MB): peak = 1802.770 ; gain = 31.012 ; free physical = 271 ; free virtual = 1801
Phase 3 Detail Placement | Checksum: 15abeca9e

Time (s): cpu = 00:00:00.67 ; elapsed = 00:00:00.41 . Memory (MB): peak = 1802.770 ; gain = 31.012 ; free physical = 271 ; free virtual = 1801

Phase 4 Post Placement Optimization and Clean-Up

Phase 4.1 Post Commit Optimization
Phase 4.1 Post Commit Optimization | Checksum: 15abeca9e

Time (s): cpu = 00:00:00.67 ; elapsed = 00:00:00.41 . Memory (MB): peak = 1802.770 ; gain = 31.012 ; free physical = 271 ; free virtual = 1801

Phase 4.2 Sweep Clock Roots: Post-Placement
Phase 4.2 Sweep Clock Roots: Post-Placement | Checksum: 15abeca9e

Time (s): cpu = 00:00:00.68 ; elapsed = 00:00:00.41 . Memory (MB): peak = 1802.770 ; gain = 31.012 ; free physical = 271 ; free virtual = 1801

Phase 4.3 Post Placement Cleanup
Phase 4.3 Post Placement Cleanup | Checksum: 15abeca9e

Time (s): cpu = 00:00:00.68 ; elapsed = 00:00:00.42 . Memory (MB): peak = 1802.770 ; gain = 31.012 ; free physical = 271 ; free virtual = 1801

Phase 4.4 Placer Reporting
Phase 4.4 Placer Reporting | Checksum: 15abeca9e

Time (s): cpu = 00:00:00.68 ; elapsed = 00:00:00.42 . Memory (MB): peak = 1802.770 ; gain = 31.012 ; free physical = 271 ; free virtual = 1801

Phase 4.5 Final Placement Cleanup
Phase 4.5 Final Placement Cleanup | Checksum: 15abeca9e

Time (s): cpu = 00:00:00.68 ; elapsed = 00:00:00.42 . Memory (MB): peak = 1802.770 ; gain = 31.012 ; free physical = 271 ; free virtual = 1801
Phase 4 Post Placement Optimization and Clean-Up | Checksum: 15abeca9e

Time (s): cpu = 00:00:00.68 ; elapsed = 00:00:00.42 . Memory (MB): peak = 1802.770 ; gain = 31.012 ; free physical = 271 ; free virtual = 1801
Ending Placer Task | Checksum: 5bf1f439

Time (s): cpu = 00:00:00.68 ; elapsed = 00:00:00.42 . Memory (MB): peak = 1802.770 ; gain = 31.012 ; free physical = 271 ; free virtual = 1801
INFO: [Common 17-83] Releasing license: Implementation
10 Infos, 0 Warnings, 0 Critical Warnings and 0 Errors encountered.
place_design completed successfully
# route_design
Command: route_design
Attempting to get a license for feature 'Implementation' and/or device 'xc7z010'
INFO: [Common 17-349] Got license for feature 'Implementation' and/or device 'xc7z010'
Running DRC as a precondition to command route_design
INFO: [DRC 23-27] Running DRC with 4 threads
INFO: [Vivado_Tcl 4-198] DRC finished with 0 Errors
INFO: [Vivado_Tcl 4-199] Please refer to the DRC report (report_drc) for more information.


Starting Routing Task
INFO: [Route 35-254] Multithreading enabled for route_design using a maximum of 4 CPUs
Checksum: PlaceDB: 18ee4680 ConstDB: 0 ShapeSum: 4303adb9 RouteDB: 0

Phase 1 Build RT Design
Phase 1 Build RT Design | Checksum: f89ac548

Time (s): cpu = 00:00:10 ; elapsed = 00:00:09 . Memory (MB): peak = 1802.770 ; gain = 0.000 ; free physical = 216 ; free virtual = 1734

Phase 2 Router Initialization
INFO: [Route 35-64] No timing constraints were detected. The router will operate in resource-optimization mode.

Phase 2.1 Pre Route Cleanup
Phase 2.1 Pre Route Cleanup | Checksum: f89ac548

Time (s): cpu = 00:00:10 ; elapsed = 00:00:09 . Memory (MB): peak = 1812.762 ; gain = 9.992 ; free physical = 202 ; free virtual = 1720
 Number of Nodes with overlaps = 0
Phase 2 Router Initialization | Checksum: 1bf72ec47

Time (s): cpu = 00:00:10 ; elapsed = 00:00:09 . Memory (MB): peak = 1815.762 ; gain = 12.992 ; free physical = 199 ; free virtual = 1717

Phase 3 Initial Routing
Phase 3 Initial Routing | Checksum: 103605b20

Time (s): cpu = 00:00:11 ; elapsed = 00:00:09 . Memory (MB): peak = 1815.762 ; gain = 12.992 ; free physical = 199 ; free virtual = 1717

Phase 4 Rip-up And Reroute

Phase 4.1 Global Iteration 0
 Number of Nodes with overlaps = 2
 Number of Nodes with overlaps = 0
Phase 4.1 Global Iteration 0 | Checksum: 1325fec4b

Time (s): cpu = 00:00:11 ; elapsed = 00:00:09 . Memory (MB): peak = 1815.762 ; gain = 12.992 ; free physical = 199 ; free virtual = 1717
Phase 4 Rip-up And Reroute | Checksum: 1325fec4b

Time (s): cpu = 00:00:11 ; elapsed = 00:00:09 . Memory (MB): peak = 1815.762 ; gain = 12.992 ; free physical = 199 ; free virtual = 1717

Phase 5 Delay and Skew Optimization
Phase 5 Delay and Skew Optimization | Checksum: 1325fec4b

Time (s): cpu = 00:00:11 ; elapsed = 00:00:09 . Memory (MB): peak = 1815.762 ; gain = 12.992 ; free physical = 199 ; free virtual = 1717

Phase 6 Post Hold Fix
Phase 6 Post Hold Fix | Checksum: 1325fec4b

Time (s): cpu = 00:00:11 ; elapsed = 00:00:09 . Memory (MB): peak = 1815.762 ; gain = 12.992 ; free physical = 199 ; free virtual = 1717

Phase 7 Route finalize

Router Utilization Summary
  Global Vertical Routing Utilization    = 0.0215372 %
  Global Horizontal Routing Utilization  = 0.0121783 %
  Routable Net Status*
  *Does not include unroutable nets such as driverless and loadless.
  Run report_route_status for detailed report.
  Number of Failed Nets               = 0
  Number of Unrouted Nets             = 0
  Number of Partially Routed Nets     = 0
  Number of Node Overlaps             = 0

Congestion Report
North Dir 1x1 Area, Max Cong = 3.6036%, No Congested Regions.
South Dir 1x1 Area, Max Cong = 20.7207%, No Congested Regions.
East Dir 1x1 Area, Max Cong = 5.88235%, No Congested Regions.
West Dir 1x1 Area, Max Cong = 5.88235%, No Congested Regions.
Phase 7 Route finalize | Checksum: 1325fec4b

Time (s): cpu = 00:00:11 ; elapsed = 00:00:09 . Memory (MB): peak = 1815.762 ; gain = 12.992 ; free physical = 199 ; free virtual = 1717

Phase 8 Verifying routed nets

 Verification completed successfully
Phase 8 Verifying routed nets | Checksum: 1325fec4b

Time (s): cpu = 00:00:11 ; elapsed = 00:00:09 . Memory (MB): peak = 1817.762 ; gain = 14.992 ; free physical = 197 ; free virtual = 1715

Phase 9 Depositing Routes
Phase 9 Depositing Routes | Checksum: 186e5bc27

Time (s): cpu = 00:00:11 ; elapsed = 00:00:09 . Memory (MB): peak = 1817.762 ; gain = 14.992 ; free physical = 197 ; free virtual = 1715
INFO: [Route 35-16] Router Completed Successfully

Time (s): cpu = 00:00:11 ; elapsed = 00:00:09 . Memory (MB): peak = 1817.762 ; gain = 14.992 ; free physical = 197 ; free virtual = 1715

Routing Is Done.
INFO: [Common 17-83] Releasing license: Implementation
8 Infos, 0 Warnings, 0 Critical Warnings and 0 Errors encountered.
route_design completed successfully
route_design: Time (s): cpu = 00:00:11 ; elapsed = 00:00:09 . Memory (MB): peak = 1817.859 ; gain = 15.090 ; free physical = 197 ; free virtual = 1715
# report_utilization -file ./reports/area/8bit_cla_adder_util.rpt
report_utilization: Time (s): cpu = 00:00:00.01 ; elapsed = 00:00:00.06 . Memory (MB): peak = 1817.859 ; gain = 0.000 ; free physical = 195 ; free virtual = 1713
# report_power -file ./reports/power/8bit_cla_adder_power.rpt
WARNING: [Power 33-232] No user defined clocks were found in the design!
Resolution: Please specify clocks using create_clock/create_generated_clock for sequential elements. For pure combinatorial circuits, please specify a virtual clock, otherwise the vectorless estimation might be inaccurate
Running Vector-less Activity Propagation...

Finished Running Vector-less Activity Propagation
# report_timing -file ./reports/timing/8bit_cla_adder_timing.rpt
INFO: [Timing 38-91] UpdateTimingParams: Speed grade: -1, Delay Type: max.
INFO: [Timing 38-191] Multithreading enabled for timing update using a maximum of 4 CPUs
INFO: [Timing 38-78] ReportTimingParams: -max_paths 1 -nworst 1 -delay_type max -sort_by slack.
# exit
INFO: [Common 17-206] Exiting Vivado at Wed Apr 27 10:15:49 2016...
