
****** Vivado v2015.4 (64-bit)
  **** SW Build 1412921 on Wed Nov 18 09:44:32 MST 2015
  **** IP Build 1412160 on Tue Nov 17 13:47:24 MST 2015
    ** Copyright 1986-2015 Xilinx, Inc. All Rights Reserved.

source synth_rca.tcl
# read_verilog [glob ./constants.v]
# read_verilog [glob ./cla_adder.v]
# synth_design -top cla_adder -part xc7z010clg400-1
Command: synth_design -top cla_adder -part xc7z010clg400-1
Starting synth_design
Attempting to get a license for feature 'Synthesis' and/or device 'xc7z010'
INFO: [Common 17-349] Got license for feature 'Synthesis' and/or device 'xc7z010'
INFO: Launching helper process for spawning children vivado processes
INFO: Helper process launched with PID 1494 
WARNING: [Synth 8-2644] root scope declaration is not allowed in verilog 95/2K mode [/home/danielrb/Dropbox/tesi/rca_adder/undecomposed/constants.v:1]
---------------------------------------------------------------------------------
Starting Synthesize : Time (s): cpu = 00:00:05 ; elapsed = 00:00:06 . Memory (MB): peak = 1102.617 ; gain = 172.371 ; free physical = 786 ; free virtual = 2304
---------------------------------------------------------------------------------
INFO: [Synth 8-638] synthesizing module 'cla_adder' [/home/danielrb/Dropbox/tesi/rca_adder/undecomposed/cla_adder.v:1]
	Parameter NBIT bound to: 9 - type: integer 
INFO: [Synth 8-256] done synthesizing module 'cla_adder' (1#1) [/home/danielrb/Dropbox/tesi/rca_adder/undecomposed/cla_adder.v:1]
---------------------------------------------------------------------------------
Finished Synthesize : Time (s): cpu = 00:00:06 ; elapsed = 00:00:06 . Memory (MB): peak = 1126.875 ; gain = 196.629 ; free physical = 761 ; free virtual = 2279
---------------------------------------------------------------------------------
---------------------------------------------------------------------------------
Finished Constraint Validation : Time (s): cpu = 00:00:06 ; elapsed = 00:00:06 . Memory (MB): peak = 1126.875 ; gain = 196.629 ; free physical = 761 ; free virtual = 2279
---------------------------------------------------------------------------------
---------------------------------------------------------------------------------
Start Loading Part and Timing Information
---------------------------------------------------------------------------------
Loading part: xc7z010clg400-1
---------------------------------------------------------------------------------
Finished Loading Part and Timing Information : Time (s): cpu = 00:00:06 ; elapsed = 00:00:06 . Memory (MB): peak = 1134.875 ; gain = 204.629 ; free physical = 761 ; free virtual = 2279
---------------------------------------------------------------------------------
INFO: [Device 21-403] Loading part xc7z010clg400-1
---------------------------------------------------------------------------------
Finished RTL Optimization Phase 2 : Time (s): cpu = 00:00:06 ; elapsed = 00:00:06 . Memory (MB): peak = 1142.879 ; gain = 212.633 ; free physical = 753 ; free virtual = 2271
---------------------------------------------------------------------------------

Report RTL Partitions: 
+-+--------------+------------+----------+
| |RTL Partition |Replication |Instances |
+-+--------------+------------+----------+
+-+--------------+------------+----------+
No constraint files found.
---------------------------------------------------------------------------------
Start RTL Component Statistics 
---------------------------------------------------------------------------------
Detailed RTL Component Info : 
+---XORs : 
	   2 Input      9 Bit         XORs := 2     
---------------------------------------------------------------------------------
Finished RTL Component Statistics 
---------------------------------------------------------------------------------
---------------------------------------------------------------------------------
Start RTL Hierarchical Component Statistics 
---------------------------------------------------------------------------------
Hierarchical RTL Component report 
Module cla_adder 
Detailed RTL Component Info : 
+---XORs : 
	   2 Input      9 Bit         XORs := 2     
---------------------------------------------------------------------------------
Finished RTL Hierarchical Component Statistics
---------------------------------------------------------------------------------
---------------------------------------------------------------------------------
Start Part Resource Summary
---------------------------------------------------------------------------------
Part Resources:
DSPs: 80 (col length:40)
BRAMs: 120 (col length: RAMB18 40 RAMB36 20)
---------------------------------------------------------------------------------
Finished Part Resource Summary
---------------------------------------------------------------------------------
Start Parallel Synthesis Optimization  : Time (s): cpu = 00:00:09 ; elapsed = 00:00:09 . Memory (MB): peak = 1227.207 ; gain = 296.961 ; free physical = 673 ; free virtual = 2191
---------------------------------------------------------------------------------
Start Cross Boundary Optimization
---------------------------------------------------------------------------------
---------------------------------------------------------------------------------
Finished Cross Boundary Optimization : Time (s): cpu = 00:00:09 ; elapsed = 00:00:09 . Memory (MB): peak = 1227.207 ; gain = 296.961 ; free physical = 675 ; free virtual = 2193
---------------------------------------------------------------------------------
Finished Parallel Reinference  : Time (s): cpu = 00:00:09 ; elapsed = 00:00:09 . Memory (MB): peak = 1227.207 ; gain = 296.961 ; free physical = 675 ; free virtual = 2193

Report RTL Partitions: 
+-+--------------+------------+----------+
| |RTL Partition |Replication |Instances |
+-+--------------+------------+----------+
+-+--------------+------------+----------+
No constraint files found.
---------------------------------------------------------------------------------
Start Area Optimization
---------------------------------------------------------------------------------
---------------------------------------------------------------------------------
Finished Area Optimization : Time (s): cpu = 00:00:09 ; elapsed = 00:00:09 . Memory (MB): peak = 1251.230 ; gain = 320.984 ; free physical = 648 ; free virtual = 2166
---------------------------------------------------------------------------------
Finished Parallel Area Optimization  : Time (s): cpu = 00:00:09 ; elapsed = 00:00:09 . Memory (MB): peak = 1251.230 ; gain = 320.984 ; free physical = 648 ; free virtual = 2166

Report RTL Partitions: 
+-+--------------+------------+----------+
| |RTL Partition |Replication |Instances |
+-+--------------+------------+----------+
+-+--------------+------------+----------+
---------------------------------------------------------------------------------
Start Timing Optimization
---------------------------------------------------------------------------------
No constraint files found.
---------------------------------------------------------------------------------
Finished Timing Optimization : Time (s): cpu = 00:00:09 ; elapsed = 00:00:09 . Memory (MB): peak = 1251.230 ; gain = 320.984 ; free physical = 648 ; free virtual = 2166
---------------------------------------------------------------------------------

Report RTL Partitions: 
+-+--------------+------------+----------+
| |RTL Partition |Replication |Instances |
+-+--------------+------------+----------+
+-+--------------+------------+----------+
---------------------------------------------------------------------------------
Start Technology Mapping
---------------------------------------------------------------------------------
---------------------------------------------------------------------------------
Finished Technology Mapping : Time (s): cpu = 00:00:09 ; elapsed = 00:00:09 . Memory (MB): peak = 1251.230 ; gain = 320.984 ; free physical = 648 ; free virtual = 2166
---------------------------------------------------------------------------------
Finished Parallel Technology Mapping Optimization  : Time (s): cpu = 00:00:09 ; elapsed = 00:00:09 . Memory (MB): peak = 1251.230 ; gain = 320.984 ; free physical = 648 ; free virtual = 2166

Report RTL Partitions: 
+-+--------------+------------+----------+
| |RTL Partition |Replication |Instances |
+-+--------------+------------+----------+
+-+--------------+------------+----------+
Finished Parallel Synthesis Optimization  : Time (s): cpu = 00:00:09 ; elapsed = 00:00:09 . Memory (MB): peak = 1251.230 ; gain = 320.984 ; free physical = 648 ; free virtual = 2166
---------------------------------------------------------------------------------
Start IO Insertion
---------------------------------------------------------------------------------
---------------------------------------------------------------------------------
Start Flattening Before IO Insertion
---------------------------------------------------------------------------------
---------------------------------------------------------------------------------
Finished Flattening Before IO Insertion
---------------------------------------------------------------------------------
---------------------------------------------------------------------------------
Start Final Netlist Cleanup
---------------------------------------------------------------------------------
---------------------------------------------------------------------------------
Finished Final Netlist Cleanup
---------------------------------------------------------------------------------
---------------------------------------------------------------------------------
Finished IO Insertion : Time (s): cpu = 00:00:10 ; elapsed = 00:00:10 . Memory (MB): peak = 1251.230 ; gain = 320.984 ; free physical = 648 ; free virtual = 2166
---------------------------------------------------------------------------------

Report Check Netlist: 
+------+------------------+-------+---------+-------+------------------+
|      |Item              |Errors |Warnings |Status |Description       |
+------+------------------+-------+---------+-------+------------------+
|1     |multi_driven_nets |      0|        0|Passed |Multi driven nets |
+------+------------------+-------+---------+-------+------------------+
---------------------------------------------------------------------------------
Start Renaming Generated Instances
---------------------------------------------------------------------------------
---------------------------------------------------------------------------------
Finished Renaming Generated Instances : Time (s): cpu = 00:00:10 ; elapsed = 00:00:10 . Memory (MB): peak = 1251.230 ; gain = 320.984 ; free physical = 648 ; free virtual = 2166
---------------------------------------------------------------------------------

Report RTL Partitions: 
+-+--------------+------------+----------+
| |RTL Partition |Replication |Instances |
+-+--------------+------------+----------+
+-+--------------+------------+----------+
---------------------------------------------------------------------------------
Start Rebuilding User Hierarchy
---------------------------------------------------------------------------------
---------------------------------------------------------------------------------
Finished Rebuilding User Hierarchy : Time (s): cpu = 00:00:10 ; elapsed = 00:00:10 . Memory (MB): peak = 1251.230 ; gain = 320.984 ; free physical = 648 ; free virtual = 2166
---------------------------------------------------------------------------------
---------------------------------------------------------------------------------
Start Renaming Generated Ports
---------------------------------------------------------------------------------
---------------------------------------------------------------------------------
Finished Renaming Generated Ports : Time (s): cpu = 00:00:10 ; elapsed = 00:00:10 . Memory (MB): peak = 1251.230 ; gain = 320.984 ; free physical = 648 ; free virtual = 2166
---------------------------------------------------------------------------------
---------------------------------------------------------------------------------
Start Handling Custom Attributes
---------------------------------------------------------------------------------
---------------------------------------------------------------------------------
Finished Handling Custom Attributes : Time (s): cpu = 00:00:10 ; elapsed = 00:00:10 . Memory (MB): peak = 1251.230 ; gain = 320.984 ; free physical = 648 ; free virtual = 2166
---------------------------------------------------------------------------------
---------------------------------------------------------------------------------
Start Renaming Generated Nets
---------------------------------------------------------------------------------
---------------------------------------------------------------------------------
Finished Renaming Generated Nets : Time (s): cpu = 00:00:10 ; elapsed = 00:00:10 . Memory (MB): peak = 1251.230 ; gain = 320.984 ; free physical = 648 ; free virtual = 2166
---------------------------------------------------------------------------------
---------------------------------------------------------------------------------
Start Writing Synthesis Report
---------------------------------------------------------------------------------

Report BlackBoxes: 
+-+--------------+----------+
| |BlackBox name |Instances |
+-+--------------+----------+
+-+--------------+----------+

Report Cell Usage: 
+------+-----+------+
|      |Cell |Count |
+------+-----+------+
|1     |LUT2 |     1|
|2     |LUT4 |     4|
|3     |LUT5 |     4|
|4     |LUT6 |     6|
|5     |IBUF |    18|
|6     |OBUF |     9|
+------+-----+------+

Report Instance Areas: 
+------+---------+-------+------+
|      |Instance |Module |Cells |
+------+---------+-------+------+
|1     |top      |       |    42|
+------+---------+-------+------+
---------------------------------------------------------------------------------
Finished Writing Synthesis Report : Time (s): cpu = 00:00:10 ; elapsed = 00:00:10 . Memory (MB): peak = 1251.230 ; gain = 320.984 ; free physical = 648 ; free virtual = 2166
---------------------------------------------------------------------------------
Synthesis finished with 0 errors, 0 critical warnings and 1 warnings.
Synthesis Optimization Runtime : Time (s): cpu = 00:00:08 ; elapsed = 00:00:08 . Memory (MB): peak = 1251.230 ; gain = 200.738 ; free physical = 648 ; free virtual = 2166
Synthesis Optimization Complete : Time (s): cpu = 00:00:10 ; elapsed = 00:00:10 . Memory (MB): peak = 1251.230 ; gain = 320.984 ; free physical = 648 ; free virtual = 2166
INFO: [Project 1-571] Translating synthesized netlist
INFO: [Netlist 29-17] Analyzing 18 Unisim elements for replacement
INFO: [Netlist 29-28] Unisim Transformation completed in 0 CPU seconds
INFO: [Project 1-570] Preparing netlist for logic optimization
INFO: [Opt 31-138] Pushed 0 inverter(s) to 0 load pin(s).
INFO: [Project 1-111] Unisim Transformation Summary:
No Unisim elements were transformed.

INFO: [Common 17-83] Releasing license: Synthesis
11 Infos, 1 Warnings, 0 Critical Warnings and 0 Errors encountered.
synth_design completed successfully
synth_design: Time (s): cpu = 00:00:09 ; elapsed = 00:00:09 . Memory (MB): peak = 1338.234 ; gain = 336.652 ; free physical = 582 ; free virtual = 2102
# opt_design
Command: opt_design
Attempting to get a license for feature 'Implementation' and/or device 'xc7z010'
INFO: [Common 17-349] Got license for feature 'Implementation' and/or device 'xc7z010'
Running DRC as a precondition to command opt_design

Starting DRC Task
INFO: [DRC 23-27] Running DRC with 4 threads
INFO: [Project 1-461] DRC finished with 0 Errors
INFO: [Project 1-462] Please refer to the DRC report (report_drc) for more information.

Time (s): cpu = 00:00:00.07 ; elapsed = 00:00:00.08 . Memory (MB): peak = 1370.250 ; gain = 32.016 ; free physical = 581 ; free virtual = 2101
INFO: [Timing 38-35] Done setting XDC timing constraints.

Starting Logic Optimization Task
Implement Debug Cores | Checksum: aae677e8

Phase 1 Retarget
INFO: [Opt 31-138] Pushed 0 inverter(s) to 0 load pin(s).
INFO: [Opt 31-49] Retargeted 0 cell(s).
Phase 1 Retarget | Checksum: aae677e8

Time (s): cpu = 00:00:00 ; elapsed = 00:00:00 . Memory (MB): peak = 1716.742 ; gain = 0.000 ; free physical = 320 ; free virtual = 1803

Phase 2 Constant Propagation
INFO: [Opt 31-138] Pushed 0 inverter(s) to 0 load pin(s).
INFO: [Opt 31-10] Eliminated 0 cells.
Phase 2 Constant Propagation | Checksum: aae677e8

Time (s): cpu = 00:00:00 ; elapsed = 00:00:00 . Memory (MB): peak = 1716.742 ; gain = 0.000 ; free physical = 320 ; free virtual = 1803

Phase 3 Sweep
INFO: [Opt 31-12] Eliminated 0 unconnected nets.
INFO: [Opt 31-11] Eliminated 0 unconnected cells.
Phase 3 Sweep | Checksum: aae677e8

Time (s): cpu = 00:00:00.01 ; elapsed = 00:00:00.01 . Memory (MB): peak = 1716.742 ; gain = 0.000 ; free physical = 320 ; free virtual = 1803

Starting Connectivity Check Task

Time (s): cpu = 00:00:00 ; elapsed = 00:00:00 . Memory (MB): peak = 1716.742 ; gain = 0.000 ; free physical = 320 ; free virtual = 1803
Ending Logic Optimization Task | Checksum: aae677e8

Time (s): cpu = 00:00:00.01 ; elapsed = 00:00:00.01 . Memory (MB): peak = 1716.742 ; gain = 0.000 ; free physical = 320 ; free virtual = 1803

Starting Power Optimization Task
INFO: [Pwropt 34-132] Skipping clock gating for clocks with a period < 2.00 ns.
Ending Power Optimization Task | Checksum: aae677e8

Time (s): cpu = 00:00:00.01 ; elapsed = 00:00:00.01 . Memory (MB): peak = 1716.742 ; gain = 0.000 ; free physical = 320 ; free virtual = 1803
INFO: [Common 17-83] Releasing license: Implementation
13 Infos, 0 Warnings, 0 Critical Warnings and 0 Errors encountered.
opt_design completed successfully
opt_design: Time (s): cpu = 00:00:09 ; elapsed = 00:00:09 . Memory (MB): peak = 1716.742 ; gain = 378.508 ; free physical = 320 ; free virtual = 1803
# place_design
Command: place_design
Attempting to get a license for feature 'Implementation' and/or device 'xc7z010'
INFO: [Common 17-349] Got license for feature 'Implementation' and/or device 'xc7z010'
INFO: [DRC 23-27] Running DRC with 4 threads
INFO: [Vivado_Tcl 4-198] DRC finished with 0 Errors
INFO: [Vivado_Tcl 4-199] Please refer to the DRC report (report_drc) for more information.
Running DRC as a precondition to command place_design
INFO: [DRC 23-27] Running DRC with 4 threads
INFO: [Vivado_Tcl 4-198] DRC finished with 0 Errors
INFO: [Vivado_Tcl 4-199] Please refer to the DRC report (report_drc) for more information.

Starting Placer Task
INFO: [Place 30-611] Multithreading enabled for place_design using a maximum of 4 CPUs

Phase 1 Placer Initialization
Netlist sorting complete. Time (s): cpu = 00:00:00 ; elapsed = 00:00:00 . Memory (MB): peak = 1748.758 ; gain = 0.000 ; free physical = 320 ; free virtual = 1803
Netlist sorting complete. Time (s): cpu = 00:00:00.01 ; elapsed = 00:00:00 . Memory (MB): peak = 1748.758 ; gain = 0.000 ; free physical = 320 ; free virtual = 1803

Phase 1.1 IO Placement/ Clock Placement/ Build Placer Device

Phase 1.1.1 Pre-Place Cells
Phase 1.1.1 Pre-Place Cells | Checksum: 00000000

Time (s): cpu = 00:00:00.02 ; elapsed = 00:00:00.03 . Memory (MB): peak = 1748.758 ; gain = 0.000 ; free physical = 320 ; free virtual = 1803
INFO: [Timing 38-35] Done setting XDC timing constraints.

Phase 1.1.2 IO and Clk Clean Up
Phase 1.1.2 IO and Clk Clean Up | Checksum: 00000000

Time (s): cpu = 00:00:00.36 ; elapsed = 00:00:00.28 . Memory (MB): peak = 1755.758 ; gain = 7.000 ; free physical = 320 ; free virtual = 1803

Phase 1.1.3 Implementation Feasibility check On IDelay
Phase 1.1.3 Implementation Feasibility check On IDelay | Checksum: 00000000

Time (s): cpu = 00:00:00.37 ; elapsed = 00:00:00.28 . Memory (MB): peak = 1755.758 ; gain = 7.000 ; free physical = 320 ; free virtual = 1803

Phase 1.1.4 Commit IO Placement
Phase 1.1.4 Commit IO Placement | Checksum: 08bf05b9

Time (s): cpu = 00:00:00.37 ; elapsed = 00:00:00.28 . Memory (MB): peak = 1755.758 ; gain = 7.000 ; free physical = 320 ; free virtual = 1803
Phase 1.1 IO Placement/ Clock Placement/ Build Placer Device | Checksum: 4a1d320b

Time (s): cpu = 00:00:00.37 ; elapsed = 00:00:00.29 . Memory (MB): peak = 1755.758 ; gain = 7.000 ; free physical = 320 ; free virtual = 1803

Phase 1.2 Build Placer Netlist Model

Phase 1.2.1 Place Init Design
Phase 1.2.1 Place Init Design | Checksum: 925f952a

Time (s): cpu = 00:00:00.38 ; elapsed = 00:00:00.29 . Memory (MB): peak = 1755.758 ; gain = 7.000 ; free physical = 320 ; free virtual = 1803
Phase 1.2 Build Placer Netlist Model | Checksum: 925f952a

Time (s): cpu = 00:00:00.38 ; elapsed = 00:00:00.29 . Memory (MB): peak = 1755.758 ; gain = 7.000 ; free physical = 320 ; free virtual = 1803

Phase 1.3 Constrain Clocks/Macros

Phase 1.3.1 Constrain Global/Regional Clocks
Phase 1.3.1 Constrain Global/Regional Clocks | Checksum: 925f952a

Time (s): cpu = 00:00:00.39 ; elapsed = 00:00:00.30 . Memory (MB): peak = 1755.758 ; gain = 7.000 ; free physical = 320 ; free virtual = 1803
Phase 1.3 Constrain Clocks/Macros | Checksum: 925f952a

Time (s): cpu = 00:00:00.39 ; elapsed = 00:00:00.30 . Memory (MB): peak = 1755.758 ; gain = 7.000 ; free physical = 320 ; free virtual = 1803
Phase 1 Placer Initialization | Checksum: 925f952a

Time (s): cpu = 00:00:00.39 ; elapsed = 00:00:00.30 . Memory (MB): peak = 1755.758 ; gain = 7.000 ; free physical = 320 ; free virtual = 1803

Phase 2 Global Placement
Phase 2 Global Placement | Checksum: 7cd6cb5c

Time (s): cpu = 00:00:00.64 ; elapsed = 00:00:00.41 . Memory (MB): peak = 1779.770 ; gain = 31.012 ; free physical = 320 ; free virtual = 1803

Phase 3 Detail Placement

Phase 3.1 Commit Multi Column Macros
Phase 3.1 Commit Multi Column Macros | Checksum: 7cd6cb5c

Time (s): cpu = 00:00:00.65 ; elapsed = 00:00:00.41 . Memory (MB): peak = 1779.770 ; gain = 31.012 ; free physical = 320 ; free virtual = 1803

Phase 3.2 Commit Most Macros & LUTRAMs
Phase 3.2 Commit Most Macros & LUTRAMs | Checksum: dbc018ce

Time (s): cpu = 00:00:00.66 ; elapsed = 00:00:00.42 . Memory (MB): peak = 1779.770 ; gain = 31.012 ; free physical = 320 ; free virtual = 1803

Phase 3.3 Area Swap Optimization
Phase 3.3 Area Swap Optimization | Checksum: 145a7cfb2

Time (s): cpu = 00:00:00.67 ; elapsed = 00:00:00.42 . Memory (MB): peak = 1779.770 ; gain = 31.012 ; free physical = 320 ; free virtual = 1803

Phase 3.4 Small Shape Detail Placement

Phase 3.4.1 Commit Small Macros and Core Logic

Phase 3.4.1.1 Commit Slice Clusters
Phase 3.4.1.1 Commit Slice Clusters | Checksum: 87ec8e05

Time (s): cpu = 00:00:00.72 ; elapsed = 00:00:00.46 . Memory (MB): peak = 1779.770 ; gain = 31.012 ; free physical = 319 ; free virtual = 1802
Phase 3.4.1 Commit Small Macros and Core Logic | Checksum: 87ec8e05

Time (s): cpu = 00:00:00.72 ; elapsed = 00:00:00.46 . Memory (MB): peak = 1779.770 ; gain = 31.012 ; free physical = 319 ; free virtual = 1802

Phase 3.4.2 Clock Restriction Legalization for Leaf Columns
Phase 3.4.2 Clock Restriction Legalization for Leaf Columns | Checksum: 87ec8e05

Time (s): cpu = 00:00:00.73 ; elapsed = 00:00:00.46 . Memory (MB): peak = 1779.770 ; gain = 31.012 ; free physical = 319 ; free virtual = 1802

Phase 3.4.3 Clock Restriction Legalization for Non-Clock Pins
Phase 3.4.3 Clock Restriction Legalization for Non-Clock Pins | Checksum: 87ec8e05

Time (s): cpu = 00:00:00.73 ; elapsed = 00:00:00.46 . Memory (MB): peak = 1779.770 ; gain = 31.012 ; free physical = 319 ; free virtual = 1802
Phase 3.4 Small Shape Detail Placement | Checksum: 87ec8e05

Time (s): cpu = 00:00:00.73 ; elapsed = 00:00:00.47 . Memory (MB): peak = 1779.770 ; gain = 31.012 ; free physical = 319 ; free virtual = 1802

Phase 3.5 Re-assign LUT pins
Phase 3.5 Re-assign LUT pins | Checksum: 87ec8e05

Time (s): cpu = 00:00:00.73 ; elapsed = 00:00:00.47 . Memory (MB): peak = 1779.770 ; gain = 31.012 ; free physical = 319 ; free virtual = 1802
Phase 3 Detail Placement | Checksum: 87ec8e05

Time (s): cpu = 00:00:00.73 ; elapsed = 00:00:00.47 . Memory (MB): peak = 1779.770 ; gain = 31.012 ; free physical = 319 ; free virtual = 1802

Phase 4 Post Placement Optimization and Clean-Up

Phase 4.1 Post Commit Optimization
Phase 4.1 Post Commit Optimization | Checksum: 87ec8e05

Time (s): cpu = 00:00:00.74 ; elapsed = 00:00:00.47 . Memory (MB): peak = 1779.770 ; gain = 31.012 ; free physical = 319 ; free virtual = 1802

Phase 4.2 Sweep Clock Roots: Post-Placement
Phase 4.2 Sweep Clock Roots: Post-Placement | Checksum: 87ec8e05

Time (s): cpu = 00:00:00.74 ; elapsed = 00:00:00.47 . Memory (MB): peak = 1779.770 ; gain = 31.012 ; free physical = 319 ; free virtual = 1802

Phase 4.3 Post Placement Cleanup
Phase 4.3 Post Placement Cleanup | Checksum: 87ec8e05

Time (s): cpu = 00:00:00.74 ; elapsed = 00:00:00.47 . Memory (MB): peak = 1779.770 ; gain = 31.012 ; free physical = 319 ; free virtual = 1802

Phase 4.4 Placer Reporting
Phase 4.4 Placer Reporting | Checksum: 87ec8e05

Time (s): cpu = 00:00:00.74 ; elapsed = 00:00:00.47 . Memory (MB): peak = 1779.770 ; gain = 31.012 ; free physical = 319 ; free virtual = 1802

Phase 4.5 Final Placement Cleanup
Phase 4.5 Final Placement Cleanup | Checksum: 87ec8e05

Time (s): cpu = 00:00:00.74 ; elapsed = 00:00:00.47 . Memory (MB): peak = 1779.770 ; gain = 31.012 ; free physical = 319 ; free virtual = 1802
Phase 4 Post Placement Optimization and Clean-Up | Checksum: 87ec8e05

Time (s): cpu = 00:00:00.74 ; elapsed = 00:00:00.47 . Memory (MB): peak = 1779.770 ; gain = 31.012 ; free physical = 319 ; free virtual = 1802
Ending Placer Task | Checksum: 45309a48

Time (s): cpu = 00:00:00.74 ; elapsed = 00:00:00.47 . Memory (MB): peak = 1779.770 ; gain = 31.012 ; free physical = 319 ; free virtual = 1802
INFO: [Common 17-83] Releasing license: Implementation
10 Infos, 0 Warnings, 0 Critical Warnings and 0 Errors encountered.
place_design completed successfully
# route_design
Command: route_design
Attempting to get a license for feature 'Implementation' and/or device 'xc7z010'
INFO: [Common 17-349] Got license for feature 'Implementation' and/or device 'xc7z010'
Running DRC as a precondition to command route_design
INFO: [DRC 23-27] Running DRC with 4 threads
INFO: [Vivado_Tcl 4-198] DRC finished with 0 Errors
INFO: [Vivado_Tcl 4-199] Please refer to the DRC report (report_drc) for more information.


Starting Routing Task
INFO: [Route 35-254] Multithreading enabled for route_design using a maximum of 4 CPUs
Checksum: PlaceDB: 3d26df6 ConstDB: 0 ShapeSum: 415e2c52 RouteDB: 0

Phase 1 Build RT Design
Phase 1 Build RT Design | Checksum: edeede9f

Time (s): cpu = 00:00:11 ; elapsed = 00:00:09 . Memory (MB): peak = 1788.762 ; gain = 8.992 ; free physical = 213 ; free virtual = 1718

Phase 2 Router Initialization
INFO: [Route 35-64] No timing constraints were detected. The router will operate in resource-optimization mode.

Phase 2.1 Pre Route Cleanup
Phase 2.1 Pre Route Cleanup | Checksum: edeede9f

Time (s): cpu = 00:00:11 ; elapsed = 00:00:09 . Memory (MB): peak = 1802.762 ; gain = 22.992 ; free physical = 199 ; free virtual = 1704
 Number of Nodes with overlaps = 0
Phase 2 Router Initialization | Checksum: 1596c24d0

Time (s): cpu = 00:00:11 ; elapsed = 00:00:09 . Memory (MB): peak = 1805.762 ; gain = 25.992 ; free physical = 195 ; free virtual = 1700

Phase 3 Initial Routing
Phase 3 Initial Routing | Checksum: e1520a8b

Time (s): cpu = 00:00:11 ; elapsed = 00:00:09 . Memory (MB): peak = 1805.762 ; gain = 25.992 ; free physical = 195 ; free virtual = 1699

Phase 4 Rip-up And Reroute

Phase 4.1 Global Iteration 0
 Number of Nodes with overlaps = 3
 Number of Nodes with overlaps = 0
Phase 4.1 Global Iteration 0 | Checksum: 10f037f49

Time (s): cpu = 00:00:11 ; elapsed = 00:00:10 . Memory (MB): peak = 1805.762 ; gain = 25.992 ; free physical = 195 ; free virtual = 1699
Phase 4 Rip-up And Reroute | Checksum: 10f037f49

Time (s): cpu = 00:00:11 ; elapsed = 00:00:10 . Memory (MB): peak = 1805.762 ; gain = 25.992 ; free physical = 195 ; free virtual = 1699

Phase 5 Delay and Skew Optimization
Phase 5 Delay and Skew Optimization | Checksum: 10f037f49

Time (s): cpu = 00:00:11 ; elapsed = 00:00:10 . Memory (MB): peak = 1805.762 ; gain = 25.992 ; free physical = 195 ; free virtual = 1699

Phase 6 Post Hold Fix
Phase 6 Post Hold Fix | Checksum: 10f037f49

Time (s): cpu = 00:00:11 ; elapsed = 00:00:10 . Memory (MB): peak = 1805.762 ; gain = 25.992 ; free physical = 195 ; free virtual = 1699

Phase 7 Route finalize

Router Utilization Summary
  Global Vertical Routing Utilization    = 0.0274493 %
  Global Horizontal Routing Utilization  = 0.0133272 %
  Routable Net Status*
  *Does not include unroutable nets such as driverless and loadless.
  Run report_route_status for detailed report.
  Number of Failed Nets               = 0
  Number of Unrouted Nets             = 0
  Number of Partially Routed Nets     = 0
  Number of Node Overlaps             = 0

Congestion Report
North Dir 1x1 Area, Max Cong = 3.6036%, No Congested Regions.
South Dir 1x1 Area, Max Cong = 17.1171%, No Congested Regions.
East Dir 1x1 Area, Max Cong = 5.88235%, No Congested Regions.
West Dir 1x1 Area, Max Cong = 5.88235%, No Congested Regions.
Phase 7 Route finalize | Checksum: 10f037f49

Time (s): cpu = 00:00:12 ; elapsed = 00:00:10 . Memory (MB): peak = 1805.762 ; gain = 25.992 ; free physical = 195 ; free virtual = 1699

Phase 8 Verifying routed nets

 Verification completed successfully
Phase 8 Verifying routed nets | Checksum: 10f037f49

Time (s): cpu = 00:00:12 ; elapsed = 00:00:10 . Memory (MB): peak = 1807.762 ; gain = 27.992 ; free physical = 193 ; free virtual = 1698

Phase 9 Depositing Routes
Phase 9 Depositing Routes | Checksum: 101ffa157

Time (s): cpu = 00:00:12 ; elapsed = 00:00:10 . Memory (MB): peak = 1807.762 ; gain = 27.992 ; free physical = 193 ; free virtual = 1698
INFO: [Route 35-16] Router Completed Successfully

Time (s): cpu = 00:00:12 ; elapsed = 00:00:10 . Memory (MB): peak = 1807.762 ; gain = 27.992 ; free physical = 193 ; free virtual = 1698

Routing Is Done.
INFO: [Common 17-83] Releasing license: Implementation
8 Infos, 0 Warnings, 0 Critical Warnings and 0 Errors encountered.
route_design completed successfully
route_design: Time (s): cpu = 00:00:12 ; elapsed = 00:00:10 . Memory (MB): peak = 1807.859 ; gain = 28.090 ; free physical = 193 ; free virtual = 1698
# report_utilization -file ./reports/area/9bit_cla_adder_util.rpt
report_utilization: Time (s): cpu = 00:00:00.02 ; elapsed = 00:00:00.07 . Memory (MB): peak = 1807.859 ; gain = 0.000 ; free physical = 192 ; free virtual = 1697
# report_power -file ./reports/power/9bit_cla_adder_power.rpt
WARNING: [Power 33-232] No user defined clocks were found in the design!
Resolution: Please specify clocks using create_clock/create_generated_clock for sequential elements. For pure combinatorial circuits, please specify a virtual clock, otherwise the vectorless estimation might be inaccurate
Running Vector-less Activity Propagation...

Finished Running Vector-less Activity Propagation
# report_timing -file ./reports/timing/9bit_cla_adder_timing.rpt
INFO: [Timing 38-91] UpdateTimingParams: Speed grade: -1, Delay Type: max.
INFO: [Timing 38-191] Multithreading enabled for timing update using a maximum of 4 CPUs
INFO: [Timing 38-78] ReportTimingParams: -max_paths 1 -nworst 1 -delay_type max -sort_by slack.
# exit
INFO: [Common 17-206] Exiting Vivado at Wed Apr 27 10:16:26 2016...
