 
****************************************
Report : cell
Design : c8
Version: B-2008.09-SP4
Date   : Mon Feb 15 12:16:06 2016
****************************************

Attributes:
    b - black box (unknown)
    h - hierarchical
    n - noncombinational
    r - removable
    u - contains unmapped logic

Cell                      Reference       Library             Area  Attributes
--------------------------------------------------------------------------------
U92                       XOR4D0          tcbn65gpluswc   9.000000  
U93                       XOR4D0          tcbn65gpluswc   9.000000  
U94                       XOR4D0          tcbn65gpluswc   9.000000  
U95                       XOR3D0          tcbn65gpluswc   6.120000  
U96                       XOR4D0          tcbn65gpluswc   9.000000  
U97                       XOR4D0          tcbn65gpluswc   9.000000  
U98                       XOR3D0          tcbn65gpluswc   6.120000  
U99                       XOR4D0          tcbn65gpluswc   9.000000  
U100                      XOR4D0          tcbn65gpluswc   9.000000  
U101                      XOR3D0          tcbn65gpluswc   6.120000  
U102                      XOR4D0          tcbn65gpluswc   9.000000  
U103                      XOR4D0          tcbn65gpluswc   9.000000  
U104                      XOR3D0          tcbn65gpluswc   6.120000  
U105                      XOR4D0          tcbn65gpluswc   9.000000  
U106                      XOR4D0          tcbn65gpluswc   9.000000  
U107                      XOR3D0          tcbn65gpluswc   6.120000  
U108                      XOR4D0          tcbn65gpluswc   9.000000  
U109                      XOR4D0          tcbn65gpluswc   9.000000  
U110                      XOR3D0          tcbn65gpluswc   6.120000  
U111                      XOR4D0          tcbn65gpluswc   9.000000  
U112                      XOR4D0          tcbn65gpluswc   9.000000  
U113                      XOR3D0          tcbn65gpluswc   6.120000  
U114                      XOR4D0          tcbn65gpluswc   9.000000  
U115                      XOR4D0          tcbn65gpluswc   9.000000  
U116                      XOR3D0          tcbn65gpluswc   6.120000  
U117                      XOR4D0          tcbn65gpluswc   9.000000  
U118                      XOR4D0          tcbn65gpluswc   9.000000  
U119                      XOR3D0          tcbn65gpluswc   6.120000  
U120                      XOR4D0          tcbn65gpluswc   9.000000  
U121                      XOR4D0          tcbn65gpluswc   9.000000  
U122                      XOR3D0          tcbn65gpluswc   6.120000  
U123                      XOR4D0          tcbn65gpluswc   9.000000  
U124                      XOR4D0          tcbn65gpluswc   9.000000  
U125                      XOR3D0          tcbn65gpluswc   6.120000  
U126                      XOR4D0          tcbn65gpluswc   9.000000  
U127                      XOR4D0          tcbn65gpluswc   9.000000  
U128                      XOR3D0          tcbn65gpluswc   6.120000  
U129                      XOR4D0          tcbn65gpluswc   9.000000  
U130                      XOR4D0          tcbn65gpluswc   9.000000  
U131                      XOR3D0          tcbn65gpluswc   6.120000  
U132                      XOR4D0          tcbn65gpluswc   9.000000  
U133                      XOR4D0          tcbn65gpluswc   9.000000  
U134                      XOR3D0          tcbn65gpluswc   6.120000  
U135                      XOR4D0          tcbn65gpluswc   9.000000  
U136                      XOR4D0          tcbn65gpluswc   9.000000  
U137                      XOR3D0          tcbn65gpluswc   6.120000  
U138                      XOR4D0          tcbn65gpluswc   9.000000  
U139                      XOR4D0          tcbn65gpluswc   9.000000  
U140                      XOR3D0          tcbn65gpluswc   6.120000  
U141                      XOR3D0          tcbn65gpluswc   6.120000  
U142                      XOR3D0          tcbn65gpluswc   6.120000  
U143                      XOR4D0          tcbn65gpluswc   9.000000  
U144                      XOR4D0          tcbn65gpluswc   9.000000  
U145                      XOR3D0          tcbn65gpluswc   6.120000  
U146                      XNR4D0          tcbn65gpluswc   9.000000  
U147                      XNR4D0          tcbn65gpluswc   9.000000  
U148                      XNR4D0          tcbn65gpluswc   9.000000  
U149                      XOR4D0          tcbn65gpluswc   9.000000  
U150                      XNR4D0          tcbn65gpluswc   9.000000  
U151                      XNR4D0          tcbn65gpluswc   9.000000  
U152                      XNR4D0          tcbn65gpluswc   9.000000  
U153                      XNR4D0          tcbn65gpluswc   9.000000  
U154                      XNR4D0          tcbn65gpluswc   9.000000  
U155                      XNR4D0          tcbn65gpluswc   9.000000  
U156                      XNR4D0          tcbn65gpluswc   9.000000  
U157                      XNR4D0          tcbn65gpluswc   9.000000  
U158                      XNR4D0          tcbn65gpluswc   9.000000  
U159                      XNR4D0          tcbn65gpluswc   9.000000  
U160                      XNR4D0          tcbn65gpluswc   9.000000  
U161                      XNR4D0          tcbn65gpluswc   9.000000  
U162                      XNR4D0          tcbn65gpluswc   9.000000  
U163                      XNR4D0          tcbn65gpluswc   9.000000  
U164                      XNR4D0          tcbn65gpluswc   9.000000  
U165                      XNR4D0          tcbn65gpluswc   9.000000  
U166                      XNR4D0          tcbn65gpluswc   9.000000  
U167                      XNR4D0          tcbn65gpluswc   9.000000  
U168                      XNR4D0          tcbn65gpluswc   9.000000  
U169                      XNR4D0          tcbn65gpluswc   9.000000  
U170                      XNR4D0          tcbn65gpluswc   9.000000  
U171                      XNR4D0          tcbn65gpluswc   9.000000  
U172                      XNR4D0          tcbn65gpluswc   9.000000  
U173                      XNR4D0          tcbn65gpluswc   9.000000  
U174                      XNR4D0          tcbn65gpluswc   9.000000  
U175                      XNR4D0          tcbn65gpluswc   9.000000  
U176                      XNR4D0          tcbn65gpluswc   9.000000  
U177                      XNR4D0          tcbn65gpluswc   9.000000  
U178                      XNR4D0          tcbn65gpluswc   9.000000  
U179                      XNR4D0          tcbn65gpluswc   9.000000  
U180                      XNR4D0          tcbn65gpluswc   9.000000  
U181                      XNR4D0          tcbn65gpluswc   9.000000  
U182                      XNR4D0          tcbn65gpluswc   9.000000  
--------------------------------------------------------------------------------
Total 91 cells                                            764.279998
1
