#! /usr/bin/vvp
:ivl_version "10.0 (stable)" "(v10_0)";
:ivl_delay_selection "TYPICAL";
:vpi_time_precision + 0;
:vpi_module "system";
:vpi_module "vhdl_sys";
:vpi_module "v2005_math";
:vpi_module "va_math";
S_0x23fdfe0 .scope module, "adder_cpe" "adder_cpe" 2 1;
 .timescale 0 0;
    .port_info 0 /INPUT 7 "a"
    .port_info 1 /INPUT 7 "b"
    .port_info 2 /OUTPUT 15 "code"
P_0x24128d0 .param/l "NBIT" 0 2 3, +C4<00000000000000000000000000000111>;
P_0x2412910 .param/l "NCODE" 0 2 4, +C4<00000000000000000000000000001111>;
P_0x2412950 .param/l "NNL" 0 2 5, +C4<0000000000000000000000000111110101>;
o0x7fd6ba9c6948 .functor BUFZ 7, C4<zzzzzzz>; HiZ drive
v0x243d4a0_0 .net "a", 6 0, o0x7fd6ba9c6948;  0 drivers
o0x7fd6ba9c6978 .functor BUFZ 7, C4<zzzzzzz>; HiZ drive
v0x243d580_0 .net "b", 6 0, o0x7fd6ba9c6978;  0 drivers
v0x243d690_0 .net "code", 14 0, L_0x2440d90;  1 drivers
v0x243d730_0 .net "nonlin", 500 0, L_0x243f990;  1 drivers
v0x243d820_0 .net "sum", 7 0, v0x243c470_0;  1 drivers
L_0x2442da0 .part v0x243c470_0, 0, 7;
S_0x23efc40 .scope module, "CPE" "generator" 2 31, 3 1 0, S_0x23fdfe0;
 .timescale 0 0;
    .port_info 0 /INPUT 7 "i"
    .port_info 1 /OUTPUT 15 "c"
L_0x24400d0 .functor XOR 1, L_0x2440230, L_0x24403e0, L_0x24404d0, C4<0>;
L_0x24405c0 .functor XOR 1, L_0x2440630, L_0x2440720, L_0x2440880, C4<0>;
L_0x2440970 .functor XOR 1, L_0x2440a40, L_0x2440bb0, L_0x2440ca0, C4<0>;
L_0x2440810 .functor XOR 1, L_0x2440fd0, L_0x24410c0, L_0x2441250, C4<0>;
L_0x24412f0/0/0 .functor XOR 1, L_0x24413c0, L_0x24411b0, L_0x24415b0, L_0x24414b0;
L_0x24412f0/0/4 .functor XOR 1, L_0x24417b0, C4<0>, C4<0>, C4<0>;
L_0x24412f0 .functor XOR 1, L_0x24412f0/0/0, L_0x24412f0/0/4, C4<0>, C4<0>;
L_0x24416a0/0/0 .functor XOR 1, L_0x24419e0, L_0x2441ad0, L_0x24418a0, L_0x2441cf0;
L_0x24416a0/0/4 .functor XOR 1, L_0x2441bc0, C4<0>, C4<0>, C4<0>;
L_0x24416a0 .functor XOR 1, L_0x24416a0/0/0, L_0x24416a0/0/4, C4<0>, C4<0>;
L_0x2441f20/0/0 .functor XOR 1, L_0x2441f90, L_0x2441de0, L_0x2442180, L_0x2440ea0;
L_0x2441f20/0/4 .functor XOR 1, L_0x2442080, C4<0>, C4<0>, C4<0>;
L_0x2441f20 .functor XOR 1, L_0x2441f20/0/0, L_0x2441f20/0/4, C4<0>, C4<0>;
L_0x2442ba0 .functor XOR 1, L_0x2442cb0, L_0x2442680, L_0x2442ed0, C4<0>;
v0x241a820_0 .net *"_s100", 0 0, L_0x2440ea0;  1 drivers
v0x2438ec0_0 .net *"_s102", 0 0, L_0x2442080;  1 drivers
v0x2438fa0_0 .net *"_s104", 0 0, L_0x2442ba0;  1 drivers
v0x2439090_0 .net *"_s108", 0 0, L_0x2442cb0;  1 drivers
v0x2439170_0 .net *"_s11", 0 0, L_0x243fc20;  1 drivers
v0x24392a0_0 .net *"_s110", 0 0, L_0x2442680;  1 drivers
v0x2439380_0 .net *"_s112", 0 0, L_0x2442ed0;  1 drivers
v0x2439460_0 .net *"_s15", 0 0, L_0x243fcc0;  1 drivers
v0x2439540_0 .net *"_s19", 0 0, L_0x243fe50;  1 drivers
v0x24396b0_0 .net *"_s23", 0 0, L_0x243ff20;  1 drivers
v0x2439790_0 .net *"_s27", 0 0, L_0x2440030;  1 drivers
v0x2439870_0 .net *"_s29", 0 0, L_0x24400d0;  1 drivers
v0x2439950_0 .net *"_s3", 0 0, L_0x243fa30;  1 drivers
v0x2439a30_0 .net *"_s32", 0 0, L_0x2440230;  1 drivers
v0x2439b10_0 .net *"_s34", 0 0, L_0x24403e0;  1 drivers
v0x2439bf0_0 .net *"_s36", 0 0, L_0x24404d0;  1 drivers
v0x2439cd0_0 .net *"_s38", 0 0, L_0x24405c0;  1 drivers
v0x2439e80_0 .net *"_s41", 0 0, L_0x2440630;  1 drivers
v0x2439f20_0 .net *"_s43", 0 0, L_0x2440720;  1 drivers
v0x243a000_0 .net *"_s45", 0 0, L_0x2440880;  1 drivers
v0x243a0e0_0 .net *"_s47", 0 0, L_0x2440970;  1 drivers
v0x243a1c0_0 .net *"_s50", 0 0, L_0x2440a40;  1 drivers
v0x243a2a0_0 .net *"_s52", 0 0, L_0x2440bb0;  1 drivers
v0x243a380_0 .net *"_s54", 0 0, L_0x2440ca0;  1 drivers
v0x243a460_0 .net *"_s56", 0 0, L_0x2440810;  1 drivers
v0x243a540_0 .net *"_s59", 0 0, L_0x2440fd0;  1 drivers
v0x243a620_0 .net *"_s61", 0 0, L_0x24410c0;  1 drivers
v0x243a700_0 .net *"_s63", 0 0, L_0x2441250;  1 drivers
v0x243a7e0_0 .net *"_s65", 0 0, L_0x24412f0;  1 drivers
v0x243a8c0_0 .net *"_s68", 0 0, L_0x24413c0;  1 drivers
v0x243a9a0_0 .net *"_s7", 0 0, L_0x243fb00;  1 drivers
v0x243aa80_0 .net *"_s70", 0 0, L_0x24411b0;  1 drivers
v0x243ab60_0 .net *"_s72", 0 0, L_0x24415b0;  1 drivers
v0x2439db0_0 .net *"_s74", 0 0, L_0x24414b0;  1 drivers
v0x243ae30_0 .net *"_s76", 0 0, L_0x24417b0;  1 drivers
v0x243af10_0 .net *"_s78", 0 0, L_0x24416a0;  1 drivers
v0x243aff0_0 .net *"_s81", 0 0, L_0x24419e0;  1 drivers
v0x243b0d0_0 .net *"_s83", 0 0, L_0x2441ad0;  1 drivers
v0x243b1b0_0 .net *"_s85", 0 0, L_0x24418a0;  1 drivers
v0x243b290_0 .net *"_s87", 0 0, L_0x2441cf0;  1 drivers
v0x243b370_0 .net *"_s89", 0 0, L_0x2441bc0;  1 drivers
v0x243b450_0 .net *"_s91", 0 0, L_0x2441f20;  1 drivers
v0x243b530_0 .net *"_s94", 0 0, L_0x2441f90;  1 drivers
v0x243b610_0 .net *"_s96", 0 0, L_0x2441de0;  1 drivers
v0x243b6f0_0 .net *"_s98", 0 0, L_0x2442180;  1 drivers
v0x243b7d0_0 .net "c", 14 0, L_0x2440d90;  alias, 1 drivers
v0x243b8b0_0 .net "i", 6 0, L_0x2442da0;  1 drivers
L_0x243fa30 .part L_0x2442da0, 0, 1;
L_0x243fb00 .part L_0x2442da0, 1, 1;
L_0x243fc20 .part L_0x2442da0, 2, 1;
L_0x243fcc0 .part L_0x2442da0, 3, 1;
L_0x243fe50 .part L_0x2442da0, 4, 1;
L_0x243ff20 .part L_0x2442da0, 5, 1;
L_0x2440030 .part L_0x2442da0, 6, 1;
L_0x2440230 .part L_0x2442da0, 0, 1;
L_0x24403e0 .part L_0x2442da0, 1, 1;
L_0x24404d0 .part L_0x2442da0, 3, 1;
L_0x2440630 .part L_0x2442da0, 1, 1;
L_0x2440720 .part L_0x2442da0, 2, 1;
L_0x2440880 .part L_0x2442da0, 4, 1;
L_0x2440a40 .part L_0x2442da0, 2, 1;
L_0x2440bb0 .part L_0x2442da0, 3, 1;
L_0x2440ca0 .part L_0x2442da0, 5, 1;
L_0x2440fd0 .part L_0x2442da0, 3, 1;
L_0x24410c0 .part L_0x2442da0, 4, 1;
L_0x2441250 .part L_0x2442da0, 6, 1;
L_0x24413c0 .part L_0x2442da0, 0, 1;
L_0x24411b0 .part L_0x2442da0, 1, 1;
L_0x24415b0 .part L_0x2442da0, 3, 1;
L_0x24414b0 .part L_0x2442da0, 4, 1;
L_0x24417b0 .part L_0x2442da0, 5, 1;
L_0x24419e0 .part L_0x2442da0, 1, 1;
L_0x2441ad0 .part L_0x2442da0, 2, 1;
L_0x24418a0 .part L_0x2442da0, 4, 1;
L_0x2441cf0 .part L_0x2442da0, 5, 1;
L_0x2441bc0 .part L_0x2442da0, 6, 1;
L_0x2441f90 .part L_0x2442da0, 0, 1;
L_0x2441de0 .part L_0x2442da0, 1, 1;
L_0x2442180 .part L_0x2442da0, 2, 1;
L_0x2440ea0 .part L_0x2442da0, 5, 1;
L_0x2442080 .part L_0x2442da0, 6, 1;
LS_0x2440d90_0_0 .concat8 [ 1 1 1 1], L_0x243fa30, L_0x243fb00, L_0x243fc20, L_0x243fcc0;
LS_0x2440d90_0_4 .concat8 [ 1 1 1 1], L_0x243fe50, L_0x243ff20, L_0x2440030, L_0x24400d0;
LS_0x2440d90_0_8 .concat8 [ 1 1 1 1], L_0x24405c0, L_0x2440970, L_0x2440810, L_0x24412f0;
LS_0x2440d90_0_12 .concat8 [ 1 1 1 0], L_0x24416a0, L_0x2441f20, L_0x2442ba0;
L_0x2440d90 .concat8 [ 4 4 4 3], LS_0x2440d90_0_0, LS_0x2440d90_0_4, LS_0x2440d90_0_8, LS_0x2440d90_0_12;
L_0x2442cb0 .part L_0x2442da0, 0, 1;
L_0x2442680 .part L_0x2442da0, 2, 1;
L_0x2442ed0 .part L_0x2442da0, 6, 1;
S_0x243b9f0 .scope module, "LIN_ADDER" "gen_linear_part" 2 22, 4 2 0, S_0x23fdfe0;
 .timescale 0 0;
    .port_info 0 /INPUT 7 "a"
    .port_info 1 /INPUT 7 "b"
    .port_info 2 /INPUT 1 "c_in"
    .port_info 3 /INPUT 501 "n"
    .port_info 4 /OUTPUT 8 "s"
P_0x243bb70 .param/l "NBIT" 0 4 4, +C4<00000000000000000000000000000111>;
P_0x243bbb0 .param/l "NNL" 0 4 6, +C4<0000000000000000000000000111110101>;
v0x243be10_0 .net "a", 6 0, o0x7fd6ba9c6948;  alias, 0 drivers
v0x243bef0_0 .net "b", 6 0, o0x7fd6ba9c6978;  alias, 0 drivers
L_0x7fd6ba97d060 .functor BUFT 1, C4<0>, C4<0>, C4<0>, C4<0>;
v0x243bfd0_0 .net "c_in", 0 0, L_0x7fd6ba97d060;  1 drivers
v0x243c0a0_0 .var/i "i", 31 0;
v0x243c180_0 .var/i "ii", 31 0;
v0x243c2b0_0 .var/i "inter", 31 0;
v0x243c390_0 .net "n", 500 0, L_0x243f990;  alias, 1 drivers
v0x243c470_0 .var "s", 7 0;
v0x243c550_0 .var "t", 501 0;
E_0x243bcd0 .event edge, v0x243c390_0, v0x243bfd0_0, v0x243bef0_0, v0x243be10_0;
S_0x243c760 .scope module, "NONLIN_ADDER" "gen_nonlinear_part" 2 14, 5 1 0, S_0x23fdfe0;
 .timescale 0 0;
    .port_info 0 /INPUT 7 "a"
    .port_info 1 /INPUT 7 "b"
    .port_info 2 /INPUT 1 "c"
    .port_info 3 /OUTPUT 501 "n"
P_0x243c8e0 .param/l "NBIT" 0 5 3, +C4<00000000000000000000000000000111>;
P_0x243c920 .param/l "NNL" 0 5 5, +C4<0000000000000000000000000111110101>;
v0x243cb80_0 .net "a", 6 0, o0x7fd6ba9c6948;  alias, 0 drivers
v0x243cc90_0 .net "b", 6 0, o0x7fd6ba9c6978;  alias, 0 drivers
L_0x7fd6ba97d018 .functor BUFT 1, C4<0>, C4<0>, C4<0>, C4<0>;
v0x243cd60_0 .net "c", 0 0, L_0x7fd6ba97d018;  1 drivers
v0x243ce30_0 .var "g", 501 0;
v0x243cef0_0 .var/i "i", 31 0;
v0x243d020_0 .var/i "ii", 31 0;
v0x243d100_0 .var/i "inter", 31 0;
v0x243d1e0_0 .var/i "j", 31 0;
v0x243d2c0_0 .net "n", 500 0, L_0x243f990;  alias, 1 drivers
E_0x243cb20 .event edge, v0x243cd60_0, v0x243bef0_0, v0x243be10_0;
L_0x243f990 .part v0x243ce30_0, 1, 501;
S_0x23efa70 .scope module, "gen_cla_decomposed" "gen_cla_decomposed" 6 1;
 .timescale 0 0;
    .port_info 0 /INPUT 7 "a"
    .port_info 1 /INPUT 7 "b"
    .port_info 2 /INPUT 1 "c_in"
    .port_info 3 /OUTPUT 8 "s"
P_0x23f2650 .param/l "NBIT" 0 6 4, +C4<00000000000000000000000000000111>;
P_0x23f2690 .param/l "NNL" 0 6 6, +C4<0000000000000000000000000111110101>;
o0x7fd6ba9c6e58 .functor BUFZ 7, C4<zzzzzzz>; HiZ drive
v0x243f450_0 .net "a", 6 0, o0x7fd6ba9c6e58;  0 drivers
o0x7fd6ba9c6e88 .functor BUFZ 7, C4<zzzzzzz>; HiZ drive
v0x243f530_0 .net "b", 6 0, o0x7fd6ba9c6e88;  0 drivers
o0x7fd6ba9c6eb8 .functor BUFZ 1, C4<z>; HiZ drive
v0x243f640_0 .net "c_in", 0 0, o0x7fd6ba9c6eb8;  0 drivers
v0x243f730_0 .net "n", 500 0, L_0x2443100;  1 drivers
v0x243f820_0 .net "s", 7 0, v0x243e450_0;  1 drivers
S_0x243d990 .scope module, "LIN" "gen_linear_part" 6 25, 4 2 0, S_0x23efa70;
 .timescale 0 0;
    .port_info 0 /INPUT 7 "a"
    .port_info 1 /INPUT 7 "b"
    .port_info 2 /INPUT 1 "c_in"
    .port_info 3 /INPUT 501 "n"
    .port_info 4 /OUTPUT 8 "s"
P_0x243db60 .param/l "NBIT" 0 4 4, +C4<00000000000000000000000000000111>;
P_0x243dba0 .param/l "NNL" 0 4 6, +C4<0000000000000000000000000111110101>;
v0x243ddd0_0 .net "a", 6 0, o0x7fd6ba9c6e58;  alias, 0 drivers
v0x243ded0_0 .net "b", 6 0, o0x7fd6ba9c6e88;  alias, 0 drivers
v0x243dfb0_0 .net "c_in", 0 0, o0x7fd6ba9c6eb8;  alias, 0 drivers
v0x243e080_0 .var/i "i", 31 0;
v0x243e160_0 .var/i "ii", 31 0;
v0x243e290_0 .var/i "inter", 31 0;
v0x243e370_0 .net "n", 500 0, L_0x2443100;  alias, 1 drivers
v0x243e450_0 .var "s", 7 0;
v0x243e530_0 .var "t", 501 0;
E_0x243dd40 .event edge, v0x243e370_0, v0x243dfb0_0, v0x243ded0_0, v0x243ddd0_0;
S_0x243e740 .scope module, "NLIN" "gen_nonlinear_part" 6 17, 5 1 0, S_0x23efa70;
 .timescale 0 0;
    .port_info 0 /INPUT 7 "a"
    .port_info 1 /INPUT 7 "b"
    .port_info 2 /INPUT 1 "c"
    .port_info 3 /OUTPUT 501 "n"
P_0x243e8e0 .param/l "NBIT" 0 5 3, +C4<00000000000000000000000000000111>;
P_0x243e920 .param/l "NNL" 0 5 5, +C4<0000000000000000000000000111110101>;
v0x243eb40_0 .net "a", 6 0, o0x7fd6ba9c6e58;  alias, 0 drivers
v0x243ec50_0 .net "b", 6 0, o0x7fd6ba9c6e88;  alias, 0 drivers
v0x243ed20_0 .net "c", 0 0, o0x7fd6ba9c6eb8;  alias, 0 drivers
v0x243ee20_0 .var "g", 501 0;
v0x243eec0_0 .var/i "i", 31 0;
v0x243efd0_0 .var/i "ii", 31 0;
v0x243f0b0_0 .var/i "inter", 31 0;
v0x243f190_0 .var/i "j", 31 0;
v0x243f270_0 .net "n", 500 0, L_0x2443100;  alias, 1 drivers
E_0x243ea40 .event edge, v0x243dfb0_0, v0x243ded0_0, v0x243ddd0_0;
L_0x2443100 .part v0x243ee20_0, 1, 501;
    .scope S_0x243c760;
T_0 ;
    %wait E_0x243cb20;
    %pushi/vec4 1, 0, 32;
    %store/vec4 v0x243cef0_0, 0, 32;
    %pushi/vec4 0, 0, 32;
    %store/vec4 v0x243d1e0_0, 0, 32;
    %pushi/vec4 1, 0, 32;
    %store/vec4 v0x243d100_0, 0, 32;
    %load/vec4 v0x243cd60_0;
    %ix/load 4, 0, 0;
    %flag_set/imm 4, 0;
    %store/vec4 v0x243ce30_0, 4, 1;
T_0.0 ;
    %load/vec4 v0x243cef0_0;
    %pad/s 34;
    %cmpi/s 501, 0, 34;
    %jmp/0xz T_0.1, 5;
    %load/vec4 v0x243cb80_0;
    %load/vec4 v0x243d1e0_0;
    %part/s 1;
    %load/vec4 v0x243cc90_0;
    %load/vec4 v0x243d1e0_0;
    %part/s 1;
    %and;
    %ix/getv/s 4, v0x243cef0_0;
    %store/vec4 v0x243ce30_0, 4, 1;
    %load/vec4 v0x243cef0_0;
    %addi 1, 0, 32;
    %store/vec4 v0x243cef0_0, 0, 32;
    %pushi/vec4 0, 0, 32;
    %store/vec4 v0x243d020_0, 0, 32;
T_0.2 ;
    %load/vec4 v0x243d020_0;
    %load/vec4 v0x243d100_0;
    %cmp/s;
    %jmp/0xz T_0.3, 5;
    %load/vec4 v0x243cb80_0;
    %load/vec4 v0x243d1e0_0;
    %part/s 1;
    %load/vec4 v0x243ce30_0;
    %load/vec4 v0x243cef0_0;
    %load/vec4 v0x243d020_0;
    %add;
    %load/vec4 v0x243d100_0;
    %sub;
    %subi 1, 0, 32;
    %part/s 1;
    %and;
    %load/vec4 v0x243cef0_0;
    %load/vec4 v0x243d020_0;
    %add;
    %ix/vec4/s 4;
    %store/vec4 v0x243ce30_0, 4, 1;
    %load/vec4 v0x243cc90_0;
    %load/vec4 v0x243d1e0_0;
    %part/s 1;
    %load/vec4 v0x243ce30_0;
    %load/vec4 v0x243cef0_0;
    %load/vec4 v0x243d020_0;
    %add;
    %load/vec4 v0x243d100_0;
    %sub;
    %subi 1, 0, 32;
    %part/s 1;
    %and;
    %load/vec4 v0x243cef0_0;
    %load/vec4 v0x243d020_0;
    %add;
    %load/vec4 v0x243d100_0;
    %add;
    %ix/vec4/s 4;
    %store/vec4 v0x243ce30_0, 4, 1;
    %load/vec4 v0x243d020_0;
    %addi 1, 0, 32;
    %store/vec4 v0x243d020_0, 0, 32;
    %jmp T_0.2;
T_0.3 ;
    %load/vec4 v0x243cef0_0;
    %load/vec4 v0x243d100_0;
    %add;
    %load/vec4 v0x243d020_0;
    %add;
    %store/vec4 v0x243cef0_0, 0, 32;
    %load/vec4 v0x243d1e0_0;
    %addi 1, 0, 32;
    %store/vec4 v0x243d1e0_0, 0, 32;
    %load/vec4 v0x243d100_0;
    %pushi/vec4 2, 0, 32;
    %load/vec4 v0x243d1e0_0;
    %pow/s;
    %add;
    %store/vec4 v0x243d100_0, 0, 32;
    %jmp T_0.0;
T_0.1 ;
    %jmp T_0;
    .thread T_0, $push;
    .scope S_0x243b9f0;
T_1 ;
    %wait E_0x243bcd0;
    %pushi/vec4 1, 0, 32;
    %store/vec4 v0x243c0a0_0, 0, 32;
    %pushi/vec4 3, 0, 32;
    %store/vec4 v0x243c2b0_0, 0, 32;
    %load/vec4 v0x243be10_0;
    %parti/s 1, 0, 2;
    %load/vec4 v0x243bef0_0;
    %parti/s 1, 0, 2;
    %xor;
    %load/vec4 v0x243bfd0_0;
    %xor;
    %ix/load 4, 0, 0;
    %flag_set/imm 4, 0;
    %store/vec4 v0x243c470_0, 4, 1;
    %pushi/vec4 1, 0, 32;
    %store/vec4 v0x243c0a0_0, 0, 32;
T_1.0 ;
    %load/vec4 v0x243c0a0_0;
    %cmpi/s 7, 0, 32;
    %jmp/0xz T_1.1, 5;
    %load/vec4 v0x243c390_0;
    %load/vec4 v0x243c2b0_0;
    %load/vec4 v0x243c0a0_0;
    %sub;
    %subi 2, 0, 32;
    %part/s 1;
    %load/vec4 v0x243c2b0_0;
    %load/vec4 v0x243c0a0_0;
    %sub;
    %subi 2, 0, 32;
    %ix/vec4/s 4;
    %store/vec4 v0x243c550_0, 4, 1;
    %pushi/vec4 0, 0, 32;
    %store/vec4 v0x243c180_0, 0, 32;
T_1.2 ;
    %load/vec4 v0x243c180_0;
    %load/vec4 v0x243c2b0_0;
    %subi 1, 0, 32;
    %cmp/s;
    %jmp/0xz T_1.3, 5;
    %load/vec4 v0x243c550_0;
    %load/vec4 v0x243c2b0_0;
    %load/vec4 v0x243c0a0_0;
    %sub;
    %subi 2, 0, 32;
    %load/vec4 v0x243c180_0;
    %add;
    %part/s 1;
    %load/vec4 v0x243c390_0;
    %load/vec4 v0x243c2b0_0;
    %load/vec4 v0x243c0a0_0;
    %sub;
    %subi 1, 0, 32;
    %load/vec4 v0x243c180_0;
    %add;
    %part/s 1;
    %xor;
    %load/vec4 v0x243c2b0_0;
    %load/vec4 v0x243c0a0_0;
    %sub;
    %subi 1, 0, 32;
    %load/vec4 v0x243c180_0;
    %add;
    %ix/vec4/s 4;
    %store/vec4 v0x243c550_0, 4, 1;
    %load/vec4 v0x243c180_0;
    %addi 1, 0, 32;
    %store/vec4 v0x243c180_0, 0, 32;
    %jmp T_1.2;
T_1.3 ;
    %load/vec4 v0x243be10_0;
    %load/vec4 v0x243c0a0_0;
    %part/s 1;
    %load/vec4 v0x243bef0_0;
    %load/vec4 v0x243c0a0_0;
    %part/s 1;
    %xor;
    %load/vec4 v0x243c550_0;
    %load/vec4 v0x243c2b0_0;
    %load/vec4 v0x243c0a0_0;
    %sub;
    %subi 2, 0, 32;
    %load/vec4 v0x243c180_0;
    %add;
    %part/s 1;
    %xor;
    %ix/getv/s 4, v0x243c0a0_0;
    %store/vec4 v0x243c470_0, 4, 1;
    %load/vec4 v0x243c2b0_0;
    %pushi/vec4 2, 0, 32;
    %load/vec4 v0x243c0a0_0;
    %addi 1, 0, 32;
    %pow/s;
    %add;
    %store/vec4 v0x243c2b0_0, 0, 32;
    %load/vec4 v0x243c0a0_0;
    %addi 1, 0, 32;
    %store/vec4 v0x243c0a0_0, 0, 32;
    %jmp T_1.0;
T_1.1 ;
    %load/vec4 v0x243c390_0;
    %load/vec4 v0x243c2b0_0;
    %load/vec4 v0x243c0a0_0;
    %sub;
    %subi 2, 0, 32;
    %part/s 1;
    %load/vec4 v0x243c2b0_0;
    %load/vec4 v0x243c0a0_0;
    %sub;
    %subi 2, 0, 32;
    %ix/vec4/s 4;
    %store/vec4 v0x243c550_0, 4, 1;
    %pushi/vec4 0, 0, 32;
    %store/vec4 v0x243c180_0, 0, 32;
T_1.4 ;
    %load/vec4 v0x243c180_0;
    %load/vec4 v0x243c2b0_0;
    %subi 1, 0, 32;
    %cmp/s;
    %jmp/0xz T_1.5, 5;
    %load/vec4 v0x243c550_0;
    %load/vec4 v0x243c2b0_0;
    %load/vec4 v0x243c0a0_0;
    %sub;
    %subi 2, 0, 32;
    %load/vec4 v0x243c180_0;
    %add;
    %part/s 1;
    %load/vec4 v0x243c390_0;
    %load/vec4 v0x243c2b0_0;
    %load/vec4 v0x243c0a0_0;
    %sub;
    %subi 1, 0, 32;
    %load/vec4 v0x243c180_0;
    %add;
    %part/s 1;
    %xor;
    %load/vec4 v0x243c2b0_0;
    %load/vec4 v0x243c0a0_0;
    %sub;
    %subi 1, 0, 32;
    %load/vec4 v0x243c180_0;
    %add;
    %ix/vec4/s 4;
    %store/vec4 v0x243c550_0, 4, 1;
    %load/vec4 v0x243c180_0;
    %addi 1, 0, 32;
    %store/vec4 v0x243c180_0, 0, 32;
    %jmp T_1.4;
T_1.5 ;
    %load/vec4 v0x243c550_0;
    %load/vec4 v0x243c2b0_0;
    %load/vec4 v0x243c0a0_0;
    %sub;
    %subi 2, 0, 32;
    %load/vec4 v0x243c180_0;
    %add;
    %part/s 1;
    %ix/getv/s 4, v0x243c0a0_0;
    %store/vec4 v0x243c470_0, 4, 1;
    %jmp T_1;
    .thread T_1, $push;
    .scope S_0x243e740;
T_2 ;
    %wait E_0x243ea40;
    %pushi/vec4 1, 0, 32;
    %store/vec4 v0x243eec0_0, 0, 32;
    %pushi/vec4 0, 0, 32;
    %store/vec4 v0x243f190_0, 0, 32;
    %pushi/vec4 1, 0, 32;
    %store/vec4 v0x243f0b0_0, 0, 32;
    %load/vec4 v0x243ed20_0;
    %ix/load 4, 0, 0;
    %flag_set/imm 4, 0;
    %store/vec4 v0x243ee20_0, 4, 1;
T_2.0 ;
    %load/vec4 v0x243eec0_0;
    %pad/s 34;
    %cmpi/s 501, 0, 34;
    %jmp/0xz T_2.1, 5;
    %load/vec4 v0x243eb40_0;
    %load/vec4 v0x243f190_0;
    %part/s 1;
    %load/vec4 v0x243ec50_0;
    %load/vec4 v0x243f190_0;
    %part/s 1;
    %and;
    %ix/getv/s 4, v0x243eec0_0;
    %store/vec4 v0x243ee20_0, 4, 1;
    %load/vec4 v0x243eec0_0;
    %addi 1, 0, 32;
    %store/vec4 v0x243eec0_0, 0, 32;
    %pushi/vec4 0, 0, 32;
    %store/vec4 v0x243efd0_0, 0, 32;
T_2.2 ;
    %load/vec4 v0x243efd0_0;
    %load/vec4 v0x243f0b0_0;
    %cmp/s;
    %jmp/0xz T_2.3, 5;
    %load/vec4 v0x243eb40_0;
    %load/vec4 v0x243f190_0;
    %part/s 1;
    %load/vec4 v0x243ee20_0;
    %load/vec4 v0x243eec0_0;
    %load/vec4 v0x243efd0_0;
    %add;
    %load/vec4 v0x243f0b0_0;
    %sub;
    %subi 1, 0, 32;
    %part/s 1;
    %and;
    %load/vec4 v0x243eec0_0;
    %load/vec4 v0x243efd0_0;
    %add;
    %ix/vec4/s 4;
    %store/vec4 v0x243ee20_0, 4, 1;
    %load/vec4 v0x243ec50_0;
    %load/vec4 v0x243f190_0;
    %part/s 1;
    %load/vec4 v0x243ee20_0;
    %load/vec4 v0x243eec0_0;
    %load/vec4 v0x243efd0_0;
    %add;
    %load/vec4 v0x243f0b0_0;
    %sub;
    %subi 1, 0, 32;
    %part/s 1;
    %and;
    %load/vec4 v0x243eec0_0;
    %load/vec4 v0x243efd0_0;
    %add;
    %load/vec4 v0x243f0b0_0;
    %add;
    %ix/vec4/s 4;
    %store/vec4 v0x243ee20_0, 4, 1;
    %load/vec4 v0x243efd0_0;
    %addi 1, 0, 32;
    %store/vec4 v0x243efd0_0, 0, 32;
    %jmp T_2.2;
T_2.3 ;
    %load/vec4 v0x243eec0_0;
    %load/vec4 v0x243f0b0_0;
    %add;
    %load/vec4 v0x243efd0_0;
    %add;
    %store/vec4 v0x243eec0_0, 0, 32;
    %load/vec4 v0x243f190_0;
    %addi 1, 0, 32;
    %store/vec4 v0x243f190_0, 0, 32;
    %load/vec4 v0x243f0b0_0;
    %pushi/vec4 2, 0, 32;
    %load/vec4 v0x243f190_0;
    %pow/s;
    %add;
    %store/vec4 v0x243f0b0_0, 0, 32;
    %jmp T_2.0;
T_2.1 ;
    %jmp T_2;
    .thread T_2, $push;
    .scope S_0x243d990;
T_3 ;
    %wait E_0x243dd40;
    %pushi/vec4 1, 0, 32;
    %store/vec4 v0x243e080_0, 0, 32;
    %pushi/vec4 3, 0, 32;
    %store/vec4 v0x243e290_0, 0, 32;
    %load/vec4 v0x243ddd0_0;
    %parti/s 1, 0, 2;
    %load/vec4 v0x243ded0_0;
    %parti/s 1, 0, 2;
    %xor;
    %load/vec4 v0x243dfb0_0;
    %xor;
    %ix/load 4, 0, 0;
    %flag_set/imm 4, 0;
    %store/vec4 v0x243e450_0, 4, 1;
    %pushi/vec4 1, 0, 32;
    %store/vec4 v0x243e080_0, 0, 32;
T_3.0 ;
    %load/vec4 v0x243e080_0;
    %cmpi/s 7, 0, 32;
    %jmp/0xz T_3.1, 5;
    %load/vec4 v0x243e370_0;
    %load/vec4 v0x243e290_0;
    %load/vec4 v0x243e080_0;
    %sub;
    %subi 2, 0, 32;
    %part/s 1;
    %load/vec4 v0x243e290_0;
    %load/vec4 v0x243e080_0;
    %sub;
    %subi 2, 0, 32;
    %ix/vec4/s 4;
    %store/vec4 v0x243e530_0, 4, 1;
    %pushi/vec4 0, 0, 32;
    %store/vec4 v0x243e160_0, 0, 32;
T_3.2 ;
    %load/vec4 v0x243e160_0;
    %load/vec4 v0x243e290_0;
    %subi 1, 0, 32;
    %cmp/s;
    %jmp/0xz T_3.3, 5;
    %load/vec4 v0x243e530_0;
    %load/vec4 v0x243e290_0;
    %load/vec4 v0x243e080_0;
    %sub;
    %subi 2, 0, 32;
    %load/vec4 v0x243e160_0;
    %add;
    %part/s 1;
    %load/vec4 v0x243e370_0;
    %load/vec4 v0x243e290_0;
    %load/vec4 v0x243e080_0;
    %sub;
    %subi 1, 0, 32;
    %load/vec4 v0x243e160_0;
    %add;
    %part/s 1;
    %xor;
    %load/vec4 v0x243e290_0;
    %load/vec4 v0x243e080_0;
    %sub;
    %subi 1, 0, 32;
    %load/vec4 v0x243e160_0;
    %add;
    %ix/vec4/s 4;
    %store/vec4 v0x243e530_0, 4, 1;
    %load/vec4 v0x243e160_0;
    %addi 1, 0, 32;
    %store/vec4 v0x243e160_0, 0, 32;
    %jmp T_3.2;
T_3.3 ;
    %load/vec4 v0x243ddd0_0;
    %load/vec4 v0x243e080_0;
    %part/s 1;
    %load/vec4 v0x243ded0_0;
    %load/vec4 v0x243e080_0;
    %part/s 1;
    %xor;
    %load/vec4 v0x243e530_0;
    %load/vec4 v0x243e290_0;
    %load/vec4 v0x243e080_0;
    %sub;
    %subi 2, 0, 32;
    %load/vec4 v0x243e160_0;
    %add;
    %part/s 1;
    %xor;
    %ix/getv/s 4, v0x243e080_0;
    %store/vec4 v0x243e450_0, 4, 1;
    %load/vec4 v0x243e290_0;
    %pushi/vec4 2, 0, 32;
    %load/vec4 v0x243e080_0;
    %addi 1, 0, 32;
    %pow/s;
    %add;
    %store/vec4 v0x243e290_0, 0, 32;
    %load/vec4 v0x243e080_0;
    %addi 1, 0, 32;
    %store/vec4 v0x243e080_0, 0, 32;
    %jmp T_3.0;
T_3.1 ;
    %load/vec4 v0x243e370_0;
    %load/vec4 v0x243e290_0;
    %load/vec4 v0x243e080_0;
    %sub;
    %subi 2, 0, 32;
    %part/s 1;
    %load/vec4 v0x243e290_0;
    %load/vec4 v0x243e080_0;
    %sub;
    %subi 2, 0, 32;
    %ix/vec4/s 4;
    %store/vec4 v0x243e530_0, 4, 1;
    %pushi/vec4 0, 0, 32;
    %store/vec4 v0x243e160_0, 0, 32;
T_3.4 ;
    %load/vec4 v0x243e160_0;
    %load/vec4 v0x243e290_0;
    %subi 1, 0, 32;
    %cmp/s;
    %jmp/0xz T_3.5, 5;
    %load/vec4 v0x243e530_0;
    %load/vec4 v0x243e290_0;
    %load/vec4 v0x243e080_0;
    %sub;
    %subi 2, 0, 32;
    %load/vec4 v0x243e160_0;
    %add;
    %part/s 1;
    %load/vec4 v0x243e370_0;
    %load/vec4 v0x243e290_0;
    %load/vec4 v0x243e080_0;
    %sub;
    %subi 1, 0, 32;
    %load/vec4 v0x243e160_0;
    %add;
    %part/s 1;
    %xor;
    %load/vec4 v0x243e290_0;
    %load/vec4 v0x243e080_0;
    %sub;
    %subi 1, 0, 32;
    %load/vec4 v0x243e160_0;
    %add;
    %ix/vec4/s 4;
    %store/vec4 v0x243e530_0, 4, 1;
    %load/vec4 v0x243e160_0;
    %addi 1, 0, 32;
    %store/vec4 v0x243e160_0, 0, 32;
    %jmp T_3.4;
T_3.5 ;
    %load/vec4 v0x243e530_0;
    %load/vec4 v0x243e290_0;
    %load/vec4 v0x243e080_0;
    %sub;
    %subi 2, 0, 32;
    %load/vec4 v0x243e160_0;
    %add;
    %part/s 1;
    %ix/getv/s 4, v0x243e080_0;
    %store/vec4 v0x243e450_0, 4, 1;
    %jmp T_3;
    .thread T_3, $push;
# The file index is used to find the file name in the following table.
:file_names 7;
    "N/A";
    "<interactive>";
    "adder_cpe.v";
    "generator.v";
    "gen_linear_part.v";
    "gen_nonlinear_part.v";
    "gen_cla_decomposed.v";
