Information: Updating design information... (UID-85)
 
****************************************
Report : cell
Design : RM_dec
Version: B-2008.09-SP4
Date   : Mon Jan 18 13:56:51 2016
****************************************

Attributes:
    b - black box (unknown)
    h - hierarchical
    n - noncombinational
    r - removable
    u - contains unmapped logic

Cell                      Reference       Library             Area  Attributes
--------------------------------------------------------------------------------
U284                      XOR3D0          tcbn65gpluswc   6.120000  
U285                      CKXOR2D0        tcbn65gpluswc   3.600000  
U286                      CKXOR2D0        tcbn65gpluswc   3.600000  
U287                      XNR3D0          tcbn65gpluswc   6.120000  
U288                      CKXOR2D0        tcbn65gpluswc   3.600000  
U289                      XOR3D0          tcbn65gpluswc   6.120000  
U290                      CKXOR2D0        tcbn65gpluswc   3.600000  
U291                      XOR3D0          tcbn65gpluswc   6.120000  
U292                      XNR3D0          tcbn65gpluswc   6.120000  
U293                      CKND0           tcbn65gpluswc   1.080000  
U294                      XOR3D0          tcbn65gpluswc   6.120000  
U295                      XOR4D0          tcbn65gpluswc   9.000000  
U296                      CKXOR2D0        tcbn65gpluswc   3.600000  
U297                      CKXOR2D0        tcbn65gpluswc   3.600000  
U298                      CKND2D0         tcbn65gpluswc   1.440000  
U299                      OAI22D0         tcbn65gpluswc   2.520000  
U300                      OAI21D0         tcbn65gpluswc   2.160000  
U301                      CKXOR2D0        tcbn65gpluswc   3.600000  
U302                      CKND0           tcbn65gpluswc   1.080000  
U303                      XNR2D0          tcbn65gpluswc   3.600000  
U304                      CKXOR2D0        tcbn65gpluswc   3.600000  
U305                      CKXOR2D0        tcbn65gpluswc   3.600000  
U306                      CKXOR2D0        tcbn65gpluswc   3.600000  
U307                      AOI31D0         tcbn65gpluswc   2.520000  
U308                      AOI22D0         tcbn65gpluswc   2.520000  
U309                      CKND2D0         tcbn65gpluswc   1.440000  
U310                      OAI21D0         tcbn65gpluswc   2.160000  
U311                      XNR3D0          tcbn65gpluswc   6.120000  
U312                      CKND0           tcbn65gpluswc   1.080000  
U313                      IOA21D0         tcbn65gpluswc   2.520000  
U314                      OAI22D0         tcbn65gpluswc   2.520000  
U315                      XNR2D0          tcbn65gpluswc   3.600000  
U316                      CKND2D0         tcbn65gpluswc   1.440000  
U317                      CKXOR2D0        tcbn65gpluswc   3.600000  
U318                      CKXOR2D0        tcbn65gpluswc   3.600000  
U319                      CKXOR2D0        tcbn65gpluswc   3.600000  
U320                      OAI21D0         tcbn65gpluswc   2.160000  
U321                      OAI21D0         tcbn65gpluswc   2.160000  
U322                      CKND2D0         tcbn65gpluswc   1.440000  
U323                      OA21D0          tcbn65gpluswc   2.520000  
U324                      CKND2D0         tcbn65gpluswc   1.440000  
U325                      CKND2D0         tcbn65gpluswc   1.440000  
U326                      OA21D0          tcbn65gpluswc   2.520000  
U327                      CKND2D0         tcbn65gpluswc   1.440000  
U328                      OAI31D0         tcbn65gpluswc   2.520000  
U329                      OAI32D0         tcbn65gpluswc   2.880000  
U330                      NR2D0           tcbn65gpluswc   1.440000  
U331                      XNR3D0          tcbn65gpluswc   6.120000  
U332                      AOI21D0         tcbn65gpluswc   2.160000  
U333                      XNR3D0          tcbn65gpluswc   6.120000  
U334                      XOR3D0          tcbn65gpluswc   6.120000  
U335                      CKND0           tcbn65gpluswc   1.080000  
U336                      OAI22D0         tcbn65gpluswc   2.520000  
U337                      AN2D0           tcbn65gpluswc   2.160000  
U338                      OA22D0          tcbn65gpluswc   2.880000  
U339                      AN2D0           tcbn65gpluswc   2.160000  
U340                      XNR2D0          tcbn65gpluswc   3.600000  
U341                      CKND0           tcbn65gpluswc   1.080000  
U342                      MAOI222D0       tcbn65gpluswc   2.880000  
U343                      MAOI22D0        tcbn65gpluswc   2.880000  
U344                      CKND2D0         tcbn65gpluswc   1.440000  
U345                      MAOI222D0       tcbn65gpluswc   2.880000  
U346                      NR2D0           tcbn65gpluswc   1.440000  
U347                      XNR2D0          tcbn65gpluswc   3.600000  
U348                      XNR2D0          tcbn65gpluswc   3.600000  
U349                      XOR3D0          tcbn65gpluswc   6.120000  
U350                      CKND0           tcbn65gpluswc   1.080000  
U351                      XNR3D0          tcbn65gpluswc   6.120000  
U352                      MAOI222D0       tcbn65gpluswc   2.880000  
U353                      CKXOR2D0        tcbn65gpluswc   3.600000  
U354                      AOI22D0         tcbn65gpluswc   2.520000  
U355                      AOI22D0         tcbn65gpluswc   2.520000  
U356                      CKND2D0         tcbn65gpluswc   1.440000  
U357                      XOR3D0          tcbn65gpluswc   6.120000  
U358                      CKXOR2D0        tcbn65gpluswc   3.600000  
U359                      CKXOR2D0        tcbn65gpluswc   3.600000  
U360                      CKXOR2D0        tcbn65gpluswc   3.600000  
U361                      CKXOR2D0        tcbn65gpluswc   3.600000  
U362                      MAOI222D0       tcbn65gpluswc   2.880000  
U363                      XNR3D0          tcbn65gpluswc   6.120000  
U364                      CKND2D0         tcbn65gpluswc   1.440000  
U365                      CKXOR2D0        tcbn65gpluswc   3.600000  
U366                      CKXOR2D0        tcbn65gpluswc   3.600000  
U367                      AOI22D0         tcbn65gpluswc   2.520000  
U368                      CKXOR2D0        tcbn65gpluswc   3.600000  
U369                      MAOI222D0       tcbn65gpluswc   2.880000  
U370                      XOR4D0          tcbn65gpluswc   9.000000  
U371                      OAI32D0         tcbn65gpluswc   2.880000  
U372                      OA21D0          tcbn65gpluswc   2.520000  
U373                      NR2D0           tcbn65gpluswc   1.440000  
U374                      XOR3D0          tcbn65gpluswc   6.120000  
U375                      AOI21D0         tcbn65gpluswc   2.160000  
U376                      OAI21D0         tcbn65gpluswc   2.160000  
U377                      OAI22D0         tcbn65gpluswc   2.520000  
U378                      CKXOR2D0        tcbn65gpluswc   3.600000  
U379                      OA21D0          tcbn65gpluswc   2.520000  
U380                      OA21D0          tcbn65gpluswc   2.520000  
U381                      NR2D0           tcbn65gpluswc   1.440000  
U382                      XNR2D0          tcbn65gpluswc   3.600000  
U383                      OAI21D0         tcbn65gpluswc   2.160000  
U384                      CKND2D0         tcbn65gpluswc   1.440000  
U385                      CKXOR2D0        tcbn65gpluswc   3.600000  
U386                      OAI21D0         tcbn65gpluswc   2.160000  
U387                      CKND2D0         tcbn65gpluswc   1.440000  
U388                      XNR2D0          tcbn65gpluswc   3.600000  
U389                      XNR2D0          tcbn65gpluswc   3.600000  
U390                      CKND2D0         tcbn65gpluswc   1.440000  
U391                      OAI22D0         tcbn65gpluswc   2.520000  
U392                      OAI21D0         tcbn65gpluswc   2.160000  
U393                      CKXOR2D0        tcbn65gpluswc   3.600000  
U394                      CKXOR2D0        tcbn65gpluswc   3.600000  
U395                      CKXOR2D0        tcbn65gpluswc   3.600000  
U396                      CKND0           tcbn65gpluswc   1.080000  
U397                      XNR2D0          tcbn65gpluswc   3.600000  
U398                      CKXOR2D0        tcbn65gpluswc   3.600000  
U399                      CKXOR2D0        tcbn65gpluswc   3.600000  
U400                      CKND0           tcbn65gpluswc   1.080000  
U401                      XNR2D0          tcbn65gpluswc   3.600000  
U402                      CKXOR2D0        tcbn65gpluswc   3.600000  
U403                      CKXOR2D0        tcbn65gpluswc   3.600000  
U404                      CKXOR2D0        tcbn65gpluswc   3.600000  
U405                      CKND0           tcbn65gpluswc   1.080000  
U406                      CKXOR2D0        tcbn65gpluswc   3.600000  
U407                      CKXOR2D0        tcbn65gpluswc   3.600000  
U408                      CKXOR2D0        tcbn65gpluswc   3.600000  
U409                      CKXOR2D0        tcbn65gpluswc   3.600000  
U410                      CKND2D0         tcbn65gpluswc   1.440000  
U411                      OAI22D0         tcbn65gpluswc   2.520000  
U412                      OAI21D0         tcbn65gpluswc   2.160000  
U413                      CKXOR2D0        tcbn65gpluswc   3.600000  
U414                      CKND0           tcbn65gpluswc   1.080000  
U415                      XNR2D0          tcbn65gpluswc   3.600000  
U416                      CKXOR2D0        tcbn65gpluswc   3.600000  
U417                      CKXOR2D0        tcbn65gpluswc   3.600000  
U418                      CKXOR2D0        tcbn65gpluswc   3.600000  
U419                      AN2D0           tcbn65gpluswc   2.160000  
U420                      OAI22D0         tcbn65gpluswc   2.520000  
U421                      OAI21D0         tcbn65gpluswc   2.160000  
U422                      CKXOR2D0        tcbn65gpluswc   3.600000  
U423                      CKND0           tcbn65gpluswc   1.080000  
U424                      XNR2D0          tcbn65gpluswc   3.600000  
U425                      CKXOR2D0        tcbn65gpluswc   3.600000  
U426                      CKND0           tcbn65gpluswc   1.080000  
U427                      XNR2D0          tcbn65gpluswc   3.600000  
U428                      XNR2D0          tcbn65gpluswc   3.600000  
U429                      CKND2D0         tcbn65gpluswc   1.440000  
U430                      OAI22D0         tcbn65gpluswc   2.520000  
U431                      OAI21D0         tcbn65gpluswc   2.160000  
U432                      CKXOR2D0        tcbn65gpluswc   3.600000  
U433                      CKND0           tcbn65gpluswc   1.080000  
U434                      XNR2D0          tcbn65gpluswc   3.600000  
U435                      CKXOR2D0        tcbn65gpluswc   3.600000  
U436                      CKXOR2D0        tcbn65gpluswc   3.600000  
U437                      CKXOR2D0        tcbn65gpluswc   3.600000  
U438                      AN2D0           tcbn65gpluswc   2.160000  
U439                      OAI22D0         tcbn65gpluswc   2.520000  
U440                      OAI21D0         tcbn65gpluswc   2.160000  
U441                      CKXOR2D0        tcbn65gpluswc   3.600000  
U442                      CKXOR2D0        tcbn65gpluswc   3.600000  
U443                      CKXOR2D0        tcbn65gpluswc   3.600000  
U444                      CKND0           tcbn65gpluswc   1.080000  
U445                      XNR2D0          tcbn65gpluswc   3.600000  
U446                      CKXOR2D0        tcbn65gpluswc   3.600000  
U447                      XNR2D0          tcbn65gpluswc   3.600000  
U448                      CKXOR2D0        tcbn65gpluswc   3.600000  
U449                      XNR2D0          tcbn65gpluswc   3.600000  
U450                      CKXOR2D0        tcbn65gpluswc   3.600000  
U451                      CKXOR2D0        tcbn65gpluswc   3.600000  
U452                      CKXOR2D0        tcbn65gpluswc   3.600000  
U453                      CKXOR2D0        tcbn65gpluswc   3.600000  
U454                      CKND0           tcbn65gpluswc   1.080000  
U455                      XNR2D0          tcbn65gpluswc   3.600000  
U456                      CKND0           tcbn65gpluswc   1.080000  
U457                      OAI32D0         tcbn65gpluswc   2.880000  
U458                      OA21D0          tcbn65gpluswc   2.520000  
U459                      NR2D0           tcbn65gpluswc   1.440000  
U460                      XOR3D0          tcbn65gpluswc   6.120000  
U461                      AOI21D0         tcbn65gpluswc   2.160000  
U462                      OAI21D0         tcbn65gpluswc   2.160000  
U463                      OAI22D0         tcbn65gpluswc   2.520000  
U464                      CKND0           tcbn65gpluswc   1.080000  
U465                      CKND0           tcbn65gpluswc   1.080000  
U466                      CKXOR2D0        tcbn65gpluswc   3.600000  
U467                      AOI22D0         tcbn65gpluswc   2.520000  
U468                      OA21D0          tcbn65gpluswc   2.520000  
U469                      CKND0           tcbn65gpluswc   1.080000  
U470                      NR2D0           tcbn65gpluswc   1.440000  
U471                      CKXOR2D0        tcbn65gpluswc   3.600000  
U472                      XNR2D0          tcbn65gpluswc   3.600000  
U473                      CKND0           tcbn65gpluswc   1.080000  
U474                      OAI21D0         tcbn65gpluswc   2.160000  
U475                      CKND2D0         tcbn65gpluswc   1.440000  
U476                      CKXOR2D0        tcbn65gpluswc   3.600000  
U477                      XNR2D0          tcbn65gpluswc   3.600000  
U478                      CKXOR2D0        tcbn65gpluswc   3.600000  
U479                      CKXOR2D0        tcbn65gpluswc   3.600000  
U480                      CKXOR2D0        tcbn65gpluswc   3.600000  
U481                      XNR2D0          tcbn65gpluswc   3.600000  
U482                      CKXOR2D0        tcbn65gpluswc   3.600000  
U483                      CKXOR2D0        tcbn65gpluswc   3.600000  
U484                      CKXOR2D0        tcbn65gpluswc   3.600000  
U485                      CKXOR2D0        tcbn65gpluswc   3.600000  
U486                      CKXOR2D0        tcbn65gpluswc   3.600000  
U487                      OAI32D0         tcbn65gpluswc   2.880000  
U488                      OA21D0          tcbn65gpluswc   2.520000  
U489                      NR2D0           tcbn65gpluswc   1.440000  
U490                      XOR3D0          tcbn65gpluswc   6.120000  
U491                      AOI21D0         tcbn65gpluswc   2.160000  
U492                      OAI21D0         tcbn65gpluswc   2.160000  
U493                      OAI22D0         tcbn65gpluswc   2.520000  
U494                      CKXOR2D0        tcbn65gpluswc   3.600000  
U495                      AN2D0           tcbn65gpluswc   2.160000  
U496                      OA22D0          tcbn65gpluswc   2.880000  
U497                      NR2D0           tcbn65gpluswc   1.440000  
U498                      XNR2D0          tcbn65gpluswc   3.600000  
U499                      CKXOR2D0        tcbn65gpluswc   3.600000  
U500                      CKND0           tcbn65gpluswc   1.080000  
U501                      XNR2D0          tcbn65gpluswc   3.600000  
U502                      CKXOR2D0        tcbn65gpluswc   3.600000  
U503                      CKND0           tcbn65gpluswc   1.080000  
U504                      OAI21D0         tcbn65gpluswc   2.160000  
U505                      CKND2D0         tcbn65gpluswc   1.440000  
U506                      CKXOR2D0        tcbn65gpluswc   3.600000  
U507                      CKND0           tcbn65gpluswc   1.080000  
U508                      CKND0           tcbn65gpluswc   1.080000  
U509                      OA21D0          tcbn65gpluswc   2.520000  
U510                      CKND2D0         tcbn65gpluswc   1.440000  
U511                      CKXOR2D0        tcbn65gpluswc   3.600000  
U512                      CKND0           tcbn65gpluswc   1.080000  
U513                      CKND0           tcbn65gpluswc   1.080000  
U514                      CKXOR2D0        tcbn65gpluswc   3.600000  
U515                      XNR2D0          tcbn65gpluswc   3.600000  
U516                      CKXOR2D0        tcbn65gpluswc   3.600000  
U517                      CKND0           tcbn65gpluswc   1.080000  
U518                      XNR2D0          tcbn65gpluswc   3.600000  
U519                      CKXOR2D0        tcbn65gpluswc   3.600000  
U520                      CKND0           tcbn65gpluswc   1.080000  
U521                      CKXOR2D0        tcbn65gpluswc   3.600000  
U522                      CKND0           tcbn65gpluswc   1.080000  
--------------------------------------------------------------------------------
Total 239 cells                                           709.919994
1
