Information: Updating design information... (UID-85)
 
****************************************
Report : cell
Design : c8
Version: B-2008.09-SP4
Date   : Wed Feb 17 17:42:59 2016
****************************************

Attributes:
    b - black box (unknown)
    h - hierarchical
    n - noncombinational
    r - removable
    u - contains unmapped logic

Cell                      Reference       Library             Area  Attributes
--------------------------------------------------------------------------------
U10                       XOR3D0HVT       tcbn65gplushvtwc 6.120000 
U11                       XOR4D0HVT       tcbn65gplushvtwc 9.000000 
U12                       XOR4D0HVT       tcbn65gplushvtwc 9.000000 
U13                       XOR3D0HVT       tcbn65gplushvtwc 6.120000 
U14                       XNR4D0HVT       tcbn65gplushvtwc 9.000000 
U15                       XNR4D0HVT       tcbn65gplushvtwc 9.000000 
U16                       XNR4D0HVT       tcbn65gplushvtwc 9.000000 
U17                       XNR4D0HVT       tcbn65gplushvtwc 9.000000 
--------------------------------------------------------------------------------
Total 8 cells                                             66.240000
1
