 
****************************************
Report : cell
Design : adder_cpe
Version: B-2008.09-SP4
Date   : Sat Feb 13 18:57:03 2016
****************************************

Attributes:
    b - black box (unknown)
    h - hierarchical
    n - noncombinational
    r - removable
    u - contains unmapped logic

Cell                      Reference       Library             Area  Attributes
--------------------------------------------------------------------------------
CPE                       generator                       52.919999 h
LIN_ADDER                 gen_linear_part                 1529.279995
                                                                    h
NONLIN_ADDER              gen_nonlinear_part              979.560039
                                                                    h
U2                        TIEL            tcbn65gpluswc   1.080000  
--------------------------------------------------------------------------------
Total 4 cells                                             2562.840033
1
