 
****************************************
Report : cell
Design : adder_cpe
Version: B-2008.09-SP4
Date   : Tue Feb  9 12:23:05 2016
****************************************

Attributes:
    b - black box (unknown)
    h - hierarchical
    n - noncombinational
    r - removable
    u - contains unmapped logic

Cell                      Reference       Library             Area  Attributes
--------------------------------------------------------------------------------
CPE                       generator                       0.000000  h, u
LIN_ADDER                 gen_linear_part                 0.000000  h, u
NONLIN_ADDER              gen_nonlinear_part              0.000000  h, u
--------------------------------------------------------------------------------
Total 3 cells                                             0.000000
1
