 
****************************************
Report : cell
Design : top_adder/L_part (lin_adder)
Version: G-2012.06-SP2
Date   : Tue Nov  3 12:50:58 2015
****************************************

Attributes:
    b - black box (unknown)
    h - hierarchical
    n - noncombinational
    r - removable
    u - contains unmapped logic

Cell                      Reference       Library             Area  Attributes
--------------------------------------------------------------------------------
U1                        OR2D0           tcbn65gpluswc   2.160000  
U2                        INVD0           tcbn65gpluswc   1.080000  
U3                        OR2D0           tcbn65gpluswc   2.160000  
U4                        AN2D0           tcbn65gpluswc   2.160000  
U5                        AN2D0           tcbn65gpluswc   2.160000  
U6                        INVD0           tcbn65gpluswc   1.080000  
U7                        AN2D0           tcbn65gpluswc   2.160000  
U8                        OR2D0           tcbn65gpluswc   2.160000  
U9                        INVD0           tcbn65gpluswc   1.080000  
U10                       OR2D0           tcbn65gpluswc   2.160000  
U11                       INVD0           tcbn65gpluswc   1.080000  
U12                       OR2D0           tcbn65gpluswc   2.160000  
U13                       AN2D0           tcbn65gpluswc   2.160000  
U14                       AN2D0           tcbn65gpluswc   2.160000  
U15                       INVD0           tcbn65gpluswc   1.080000  
U16                       AN2D0           tcbn65gpluswc   2.160000  
U17                       OR2D0           tcbn65gpluswc   2.160000  
U18                       INVD0           tcbn65gpluswc   1.080000  
U19                       OR2D0           tcbn65gpluswc   2.160000  
U20                       INVD0           tcbn65gpluswc   1.080000  
U21                       OR2D0           tcbn65gpluswc   2.160000  
U22                       AN2D0           tcbn65gpluswc   2.160000  
U23                       AN2D0           tcbn65gpluswc   2.160000  
U24                       INVD0           tcbn65gpluswc   1.080000  
U25                       AN2D0           tcbn65gpluswc   2.160000  
U26                       OR2D0           tcbn65gpluswc   2.160000  
U27                       INVD0           tcbn65gpluswc   1.080000  
U28                       OR2D0           tcbn65gpluswc   2.160000  
U29                       INVD0           tcbn65gpluswc   1.080000  
U30                       OR2D0           tcbn65gpluswc   2.160000  
U31                       AN2D0           tcbn65gpluswc   2.160000  
U32                       AN2D0           tcbn65gpluswc   2.160000  
U33                       INVD0           tcbn65gpluswc   1.080000  
U34                       AN2D0           tcbn65gpluswc   2.160000  
U35                       OR2D0           tcbn65gpluswc   2.160000  
U36                       INVD0           tcbn65gpluswc   1.080000  
U37                       OR2D0           tcbn65gpluswc   2.160000  
U38                       INVD0           tcbn65gpluswc   1.080000  
U39                       OR2D0           tcbn65gpluswc   2.160000  
U40                       AN2D0           tcbn65gpluswc   2.160000  
U41                       AN2D0           tcbn65gpluswc   2.160000  
U42                       INVD0           tcbn65gpluswc   1.080000  
U43                       AN2D0           tcbn65gpluswc   2.160000  
U44                       OR2D0           tcbn65gpluswc   2.160000  
U45                       INVD0           tcbn65gpluswc   1.080000  
U46                       OR2D0           tcbn65gpluswc   2.160000  
U47                       INVD0           tcbn65gpluswc   1.080000  
U48                       OR2D0           tcbn65gpluswc   2.160000  
U49                       AN2D0           tcbn65gpluswc   2.160000  
U50                       AN2D0           tcbn65gpluswc   2.160000  
U51                       INVD0           tcbn65gpluswc   1.080000  
U52                       AN2D0           tcbn65gpluswc   2.160000  
U53                       OR2D0           tcbn65gpluswc   2.160000  
U54                       INVD0           tcbn65gpluswc   1.080000  
U55                       OR2D0           tcbn65gpluswc   2.160000  
U56                       INVD0           tcbn65gpluswc   1.080000  
U57                       OR2D0           tcbn65gpluswc   2.160000  
U58                       AN2D0           tcbn65gpluswc   2.160000  
U59                       AN2D0           tcbn65gpluswc   2.160000  
U60                       INVD0           tcbn65gpluswc   1.080000  
U61                       AN2D0           tcbn65gpluswc   2.160000  
U62                       OR2D0           tcbn65gpluswc   2.160000  
U63                       INVD0           tcbn65gpluswc   1.080000  
U64                       OR2D0           tcbn65gpluswc   2.160000  
U65                       INVD0           tcbn65gpluswc   1.080000  
U66                       OR2D0           tcbn65gpluswc   2.160000  
U67                       AN2D0           tcbn65gpluswc   2.160000  
U68                       AN2D0           tcbn65gpluswc   2.160000  
U69                       INVD0           tcbn65gpluswc   1.080000  
U70                       AN2D0           tcbn65gpluswc   2.160000  
U71                       OR2D0           tcbn65gpluswc   2.160000  
U72                       INVD0           tcbn65gpluswc   1.080000  
U73                       OR2D0           tcbn65gpluswc   2.160000  
U74                       AN2D0           tcbn65gpluswc   2.160000  
U75                       INVD0           tcbn65gpluswc   1.080000  
U76                       OR2D0           tcbn65gpluswc   2.160000  
U77                       INVD0           tcbn65gpluswc   1.080000  
U78                       OR2D0           tcbn65gpluswc   2.160000  
U79                       INVD0           tcbn65gpluswc   1.080000  
U80                       OR2D0           tcbn65gpluswc   2.160000  
U81                       AN2D0           tcbn65gpluswc   2.160000  
U82                       AN2D0           tcbn65gpluswc   2.160000  
U83                       INVD0           tcbn65gpluswc   1.080000  
U84                       AN2D0           tcbn65gpluswc   2.160000  
U85                       OR2D0           tcbn65gpluswc   2.160000  
U86                       INVD0           tcbn65gpluswc   1.080000  
U87                       OR2D0           tcbn65gpluswc   2.160000  
U88                       INVD0           tcbn65gpluswc   1.080000  
U89                       OR2D0           tcbn65gpluswc   2.160000  
U90                       AN2D0           tcbn65gpluswc   2.160000  
U91                       AN2D0           tcbn65gpluswc   2.160000  
U92                       INVD0           tcbn65gpluswc   1.080000  
U93                       AN2D0           tcbn65gpluswc   2.160000  
U94                       OR2D0           tcbn65gpluswc   2.160000  
U95                       INVD0           tcbn65gpluswc   1.080000  
U96                       OR2D0           tcbn65gpluswc   2.160000  
U97                       INVD0           tcbn65gpluswc   1.080000  
U98                       OR2D0           tcbn65gpluswc   2.160000  
U99                       AN2D0           tcbn65gpluswc   2.160000  
U100                      AN2D0           tcbn65gpluswc   2.160000  
U101                      INVD0           tcbn65gpluswc   1.080000  
U102                      AN2D0           tcbn65gpluswc   2.160000  
U103                      OR2D0           tcbn65gpluswc   2.160000  
U104                      INVD0           tcbn65gpluswc   1.080000  
U105                      OR2D0           tcbn65gpluswc   2.160000  
U106                      INVD0           tcbn65gpluswc   1.080000  
U107                      OR2D0           tcbn65gpluswc   2.160000  
U108                      AN2D0           tcbn65gpluswc   2.160000  
U109                      AN2D0           tcbn65gpluswc   2.160000  
U110                      INVD0           tcbn65gpluswc   1.080000  
U111                      AN2D0           tcbn65gpluswc   2.160000  
U112                      OR2D0           tcbn65gpluswc   2.160000  
U113                      INVD0           tcbn65gpluswc   1.080000  
U114                      OR2D0           tcbn65gpluswc   2.160000  
U115                      INVD0           tcbn65gpluswc   1.080000  
U116                      OR2D0           tcbn65gpluswc   2.160000  
U117                      AN2D0           tcbn65gpluswc   2.160000  
U118                      AN2D0           tcbn65gpluswc   2.160000  
U119                      INVD0           tcbn65gpluswc   1.080000  
U120                      AN2D0           tcbn65gpluswc   2.160000  
U121                      OR2D0           tcbn65gpluswc   2.160000  
U122                      INVD0           tcbn65gpluswc   1.080000  
--------------------------------------------------------------------------------
Total 122 cells                                           219.240009
1
