 
****************************************
Report : cell
Design : top_adder/NL_part (non_lin_part)
Version: G-2012.06-SP2
Date   : Tue Nov  3 12:51:12 2015
****************************************

Attributes:
    b - black box (unknown)
    h - hierarchical
    n - noncombinational
    r - removable
    u - contains unmapped logic

Cell                      Reference       Library             Area  Attributes
--------------------------------------------------------------------------------
U1                        AN2D0           tcbn65gpluswc   2.160000  
U2                        AN2D0           tcbn65gpluswc   2.160000  
U3                        AN2D0           tcbn65gpluswc   2.160000  
U4                        AN2D0           tcbn65gpluswc   2.160000  
U5                        AN2D0           tcbn65gpluswc   2.160000  
U6                        AN2D0           tcbn65gpluswc   2.160000  
U7                        AN2D0           tcbn65gpluswc   2.160000  
U8                        AN2D0           tcbn65gpluswc   2.160000  
U9                        AN2D0           tcbn65gpluswc   2.160000  
U10                       AN2D0           tcbn65gpluswc   2.160000  
U11                       AN2D0           tcbn65gpluswc   2.160000  
U12                       AN2D0           tcbn65gpluswc   2.160000  
U13                       AN2D0           tcbn65gpluswc   2.160000  
U14                       AN2D0           tcbn65gpluswc   2.160000  
U15                       AN2D0           tcbn65gpluswc   2.160000  
U16                       AN2D0           tcbn65gpluswc   2.160000  
U17                       AN2D0           tcbn65gpluswc   2.160000  
U18                       AN2D0           tcbn65gpluswc   2.160000  
U19                       AN2D0           tcbn65gpluswc   2.160000  
--------------------------------------------------------------------------------
Total 19 cells                                            41.040002
1
