Copyright 1986-2015 Xilinx, Inc. All Rights Reserved.
------------------------------------------------------------------------------------
| Tool Version : Vivado v.2015.4 (lin64) Build 1412921 Wed Nov 18 09:44:32 MST 2015
| Date         : Wed Apr 27 13:03:38 2016
| Host         : localhost.localdomain running 64-bit unknown
| Command      : report_timing -file ./reports/timing/16bit_normal_adder_timing.rpt
| Design       : normal_adder
| Device       : 7z010-clg400
| Speed File   : -1  PRODUCTION 1.11 2014-09-11
------------------------------------------------------------------------------------

Timing Report

Slack:                    inf
  Source:                 a[1]
                            (input port)
  Destination:            s[15]
                            (output port)
  Path Group:             (none)
  Path Type:              Max at Slow Process Corner
  Data Path Delay:        13.541ns  (logic 4.636ns (34.235%)  route 8.905ns (65.765%))
  Logic Levels:           10  (IBUF=1 LUT3=1 LUT5=6 LUT6=1 OBUF=1)

    Location             Delay type                Incr(ns)  Path(ns)    Netlist Resource(s)
  -------------------------------------------------------------------    -------------------
    P16                                               0.000     0.000 r  a[1] (IN)
                         net (fo=0)                   0.000     0.000    a[1]
    P16                  IBUF (Prop_ibuf_I_O)         0.938     0.938 r  a_IBUF[1]_inst/O
                         net (fo=3, routed)           1.827     2.765    a_IBUF[1]
    SLICE_X43Y17         LUT6 (Prop_lut6_I0_O)        0.124     2.889 r  s_OBUF[4]_inst_i_2/O
                         net (fo=3, routed)           0.816     3.705    c_2
    SLICE_X43Y19         LUT5 (Prop_lut5_I2_O)        0.124     3.829 r  s_OBUF[6]_inst_i_2/O
                         net (fo=3, routed)           0.816     4.645    c_4
    SLICE_X43Y21         LUT5 (Prop_lut5_I2_O)        0.124     4.769 r  s_OBUF[8]_inst_i_2/O
                         net (fo=3, routed)           0.817     5.585    c_6
    SLICE_X43Y23         LUT5 (Prop_lut5_I2_O)        0.124     5.709 r  s_OBUF[10]_inst_i_2/O
                         net (fo=3, routed)           0.720     6.429    c_8
    SLICE_X43Y25         LUT5 (Prop_lut5_I2_O)        0.124     6.553 r  s_OBUF[12]_inst_i_2/O
                         net (fo=3, routed)           0.816     7.369    c_1010_out
    SLICE_X43Y27         LUT5 (Prop_lut5_I2_O)        0.124     7.493 r  s_OBUF[14]_inst_i_2/O
                         net (fo=3, routed)           0.315     7.807    c_12
    SLICE_X43Y29         LUT3 (Prop_lut3_I0_O)        0.124     7.931 r  s_OBUF[15]_inst_i_2/O
                         net (fo=1, routed)           0.667     8.598    c_13
    SLICE_X43Y29         LUT5 (Prop_lut5_I0_O)        0.124     8.722 r  s_OBUF[15]_inst_i_1/O
                         net (fo=1, routed)           2.113    10.835    s_OBUF[15]
    T10                  OBUF (Prop_obuf_I_O)         2.705    13.541 r  s_OBUF[15]_inst/O
                         net (fo=0)                   0.000    13.541    s[15]
    T10                                                               r  s[15] (OUT)
  -------------------------------------------------------------------    -------------------




