Copyright 1986-2015 Xilinx, Inc. All Rights Reserved.
------------------------------------------------------------------------------------
| Tool Version : Vivado v.2015.4 (lin64) Build 1412921 Wed Nov 18 09:44:32 MST 2015
| Date         : Wed Apr 27 13:05:26 2016
| Host         : localhost.localdomain running 64-bit unknown
| Command      : report_timing -file ./reports/timing/19bit_normal_adder_timing.rpt
| Design       : normal_adder
| Device       : 7z010-clg400
| Speed File   : -1  PRODUCTION 1.11 2014-09-11
------------------------------------------------------------------------------------

Timing Report

Slack:                    inf
  Source:                 a[0]
                            (input port)
  Destination:            s[18]
                            (output port)
  Path Group:             (none)
  Path Type:              Max at Slow Process Corner
  Data Path Delay:        14.014ns  (logic 4.685ns (33.430%)  route 9.329ns (66.570%))
  Logic Levels:           11  (IBUF=1 LUT5=8 LUT6=1 OBUF=1)

    Location             Delay type                Incr(ns)  Path(ns)    Netlist Resource(s)
  -------------------------------------------------------------------    -------------------
    T19                                               0.000     0.000 r  a[0] (IN)
                         net (fo=0)                   0.000     0.000    a[0]
    T19                  IBUF (Prop_ibuf_I_O)         0.950     0.950 r  a_IBUF[0]_inst/O
                         net (fo=4, routed)           1.995     2.945    a_IBUF[0]
    SLICE_X43Y19         LUT6 (Prop_lut6_I3_O)        0.124     3.069 r  s_OBUF[4]_inst_i_2/O
                         net (fo=3, routed)           0.733     3.802    c_2
    SLICE_X43Y22         LUT5 (Prop_lut5_I2_O)        0.124     3.926 r  s_OBUF[6]_inst_i_2/O
                         net (fo=3, routed)           0.171     4.097    c_4
    SLICE_X43Y22         LUT5 (Prop_lut5_I2_O)        0.124     4.221 r  s_OBUF[8]_inst_i_2/O
                         net (fo=3, routed)           0.491     4.712    c_6
    SLICE_X43Y26         LUT5 (Prop_lut5_I2_O)        0.124     4.836 r  s_OBUF[10]_inst_i_2/O
                         net (fo=3, routed)           0.424     5.260    c_8
    SLICE_X43Y27         LUT5 (Prop_lut5_I2_O)        0.124     5.384 r  s_OBUF[12]_inst_i_2/O
                         net (fo=3, routed)           0.592     5.976    c_1010_out
    SLICE_X43Y29         LUT5 (Prop_lut5_I2_O)        0.124     6.100 r  s_OBUF[14]_inst_i_2/O
                         net (fo=3, routed)           0.592     6.691    c_12
    SLICE_X43Y31         LUT5 (Prop_lut5_I2_O)        0.124     6.815 r  s_OBUF[16]_inst_i_2/O
                         net (fo=3, routed)           0.592     7.407    c_14
    SLICE_X43Y33         LUT5 (Prop_lut5_I2_O)        0.124     7.531 r  s_OBUF[18]_inst_i_2/O
                         net (fo=2, routed)           0.950     8.481    c_16
    SLICE_X43Y37         LUT5 (Prop_lut5_I0_O)        0.124     8.605 r  s_OBUF[18]_inst_i_1/O
                         net (fo=1, routed)           2.790    11.395    s_OBUF[18]
    G17                  OBUF (Prop_obuf_I_O)         2.619    14.014 r  s_OBUF[18]_inst/O
                         net (fo=0)                   0.000    14.014    s[18]
    G17                                                               r  s[18] (OUT)
  -------------------------------------------------------------------    -------------------




