Copyright 1986-2015 Xilinx, Inc. All Rights Reserved.
------------------------------------------------------------------------------------
| Tool Version : Vivado v.2015.4 (lin64) Build 1412921 Wed Nov 18 09:44:32 MST 2015
| Date         : Wed Apr 27 13:12:07 2016
| Host         : localhost.localdomain running 64-bit unknown
| Command      : report_timing -file ./reports/timing/30bit_normal_adder_timing.rpt
| Design       : normal_adder
| Device       : 7z010-clg400
| Speed File   : -1  PRODUCTION 1.11 2014-09-11
------------------------------------------------------------------------------------

Timing Report

Slack:                    inf
  Source:                 a[1]
                            (input port)
  Destination:            s[29]
                            (output port)
  Path Group:             (none)
  Path Type:              Max at Slow Process Corner
  Data Path Delay:        18.280ns  (logic 5.422ns (29.659%)  route 12.858ns (70.341%))
  Logic Levels:           17  (IBUF=1 LUT3=1 LUT5=13 LUT6=1 OBUF=1)

    Location             Delay type                Incr(ns)  Path(ns)    Netlist Resource(s)
  -------------------------------------------------------------------    -------------------
    P16                                               0.000     0.000 r  a[1] (IN)
                         net (fo=0)                   0.000     0.000    a[1]
    P16                  IBUF (Prop_ibuf_I_O)         0.938     0.938 r  a_IBUF[1]_inst/O
                         net (fo=3, routed)           2.028     2.967    a_IBUF[1]
    SLICE_X43Y31         LUT6 (Prop_lut6_I0_O)        0.124     3.091 r  s_OBUF[4]_inst_i_2/O
                         net (fo=3, routed)           0.592     3.682    c_2
    SLICE_X43Y33         LUT5 (Prop_lut5_I2_O)        0.124     3.806 r  s_OBUF[6]_inst_i_2/O
                         net (fo=3, routed)           0.592     4.398    c_4
    SLICE_X43Y35         LUT5 (Prop_lut5_I2_O)        0.124     4.522 r  s_OBUF[8]_inst_i_2/O
                         net (fo=3, routed)           0.594     5.116    c_6
    SLICE_X43Y37         LUT5 (Prop_lut5_I2_O)        0.124     5.240 r  s_OBUF[10]_inst_i_2/O
                         net (fo=3, routed)           0.659     5.899    c_8
    SLICE_X43Y39         LUT5 (Prop_lut5_I2_O)        0.124     6.023 r  s_OBUF[12]_inst_i_2/O
                         net (fo=3, routed)           0.592     6.614    c_1010_out
    SLICE_X43Y41         LUT5 (Prop_lut5_I2_O)        0.124     6.738 r  s_OBUF[14]_inst_i_2/O
                         net (fo=3, routed)           0.592     7.330    c_12
    SLICE_X43Y43         LUT5 (Prop_lut5_I2_O)        0.124     7.454 r  s_OBUF[16]_inst_i_2/O
                         net (fo=3, routed)           0.592     8.046    c_14
    SLICE_X43Y45         LUT5 (Prop_lut5_I2_O)        0.124     8.170 r  s_OBUF[18]_inst_i_2/O
                         net (fo=3, routed)           0.592     8.761    c_16
    SLICE_X43Y47         LUT5 (Prop_lut5_I2_O)        0.124     8.885 r  s_OBUF[20]_inst_i_2/O
                         net (fo=3, routed)           0.735     9.620    c_18
    SLICE_X43Y51         LUT5 (Prop_lut5_I2_O)        0.124     9.744 r  s_OBUF[22]_inst_i_2/O
                         net (fo=3, routed)           1.179    10.923    c_2022_out
    SLICE_X43Y71         LUT5 (Prop_lut5_I2_O)        0.124    11.047 r  s_OBUF[24]_inst_i_2/O
                         net (fo=3, routed)           0.592    11.639    c_22
    SLICE_X43Y73         LUT5 (Prop_lut5_I2_O)        0.124    11.763 r  s_OBUF[26]_inst_i_2/O
                         net (fo=3, routed)           0.623    12.386    c_24
    SLICE_X43Y75         LUT5 (Prop_lut5_I2_O)        0.124    12.510 r  s_OBUF[28]_inst_i_2/O
                         net (fo=3, routed)           0.315    12.825    c_26
    SLICE_X43Y77         LUT3 (Prop_lut3_I0_O)        0.124    12.949 r  s_OBUF[29]_inst_i_2/O
                         net (fo=1, routed)           0.667    13.616    c_27
    SLICE_X43Y77         LUT5 (Prop_lut5_I0_O)        0.124    13.740 r  s_OBUF[29]_inst_i_1/O
                         net (fo=1, routed)           1.917    15.657    s_OBUF[29]
    E19                  OBUF (Prop_obuf_I_O)         2.623    18.280 r  s_OBUF[29]_inst/O
                         net (fo=0)                   0.000    18.280    s[29]
    E19                                                               r  s[29] (OUT)
  -------------------------------------------------------------------    -------------------




