Copyright 1986-2015 Xilinx, Inc. All Rights Reserved.
------------------------------------------------------------------------------------
| Tool Version : Vivado v.2015.4 (lin64) Build 1412921 Wed Nov 18 09:44:32 MST 2015
| Date         : Wed Apr 27 13:12:43 2016
| Host         : localhost.localdomain running 64-bit unknown
| Command      : report_timing -file ./reports/timing/31bit_normal_adder_timing.rpt
| Design       : normal_adder
| Device       : 7z010-clg400
| Speed File   : -1  PRODUCTION 1.11 2014-09-11
------------------------------------------------------------------------------------

Timing Report

Slack:                    inf
  Source:                 a[1]
                            (input port)
  Destination:            s[30]
                            (output port)
  Path Group:             (none)
  Path Type:              Max at Slow Process Corner
  Data Path Delay:        19.308ns  (logic 5.423ns (28.088%)  route 13.885ns (71.912%))
  Logic Levels:           17  (IBUF=1 LUT5=14 LUT6=1 OBUF=1)

    Location             Delay type                Incr(ns)  Path(ns)    Netlist Resource(s)
  -------------------------------------------------------------------    -------------------
    P16                                               0.000     0.000 r  a[1] (IN)
                         net (fo=0)                   0.000     0.000    a[1]
    P16                  IBUF (Prop_ibuf_I_O)         0.938     0.938 r  a_IBUF[1]_inst/O
                         net (fo=3, routed)           2.170     3.109    a_IBUF[1]
    SLICE_X43Y33         LUT6 (Prop_lut6_I0_O)        0.124     3.233 r  s_OBUF[4]_inst_i_2/O
                         net (fo=3, routed)           0.591     3.824    c_2
    SLICE_X43Y34         LUT5 (Prop_lut5_I2_O)        0.124     3.948 r  s_OBUF[6]_inst_i_2/O
                         net (fo=3, routed)           0.592     4.539    c_4
    SLICE_X43Y36         LUT5 (Prop_lut5_I2_O)        0.124     4.663 r  s_OBUF[8]_inst_i_2/O
                         net (fo=3, routed)           0.594     5.257    c_6
    SLICE_X43Y38         LUT5 (Prop_lut5_I2_O)        0.124     5.381 r  s_OBUF[10]_inst_i_2/O
                         net (fo=3, routed)           0.968     6.349    c_8
    SLICE_X43Y40         LUT5 (Prop_lut5_I2_O)        0.124     6.473 r  s_OBUF[12]_inst_i_2/O
                         net (fo=3, routed)           0.592     7.064    c_1010_out
    SLICE_X43Y42         LUT5 (Prop_lut5_I2_O)        0.124     7.188 r  s_OBUF[14]_inst_i_2/O
                         net (fo=3, routed)           0.592     7.780    c_12
    SLICE_X43Y44         LUT5 (Prop_lut5_I2_O)        0.124     7.904 r  s_OBUF[16]_inst_i_2/O
                         net (fo=3, routed)           0.592     8.496    c_14
    SLICE_X43Y46         LUT5 (Prop_lut5_I2_O)        0.124     8.620 r  s_OBUF[18]_inst_i_2/O
                         net (fo=3, routed)           0.592     9.211    c_16
    SLICE_X43Y48         LUT5 (Prop_lut5_I2_O)        0.124     9.335 r  s_OBUF[20]_inst_i_2/O
                         net (fo=3, routed)           1.321    10.657    c_18
    SLICE_X43Y69         LUT5 (Prop_lut5_I2_O)        0.124    10.781 r  s_OBUF[22]_inst_i_2/O
                         net (fo=3, routed)           0.592    11.372    c_2022_out
    SLICE_X43Y71         LUT5 (Prop_lut5_I2_O)        0.124    11.496 r  s_OBUF[24]_inst_i_2/O
                         net (fo=3, routed)           0.592    12.088    c_22
    SLICE_X43Y73         LUT5 (Prop_lut5_I2_O)        0.124    12.212 r  s_OBUF[26]_inst_i_2/O
                         net (fo=3, routed)           0.623    12.835    c_24
    SLICE_X43Y75         LUT5 (Prop_lut5_I2_O)        0.124    12.959 r  s_OBUF[28]_inst_i_2/O
                         net (fo=3, routed)           0.592    13.551    c_26
    SLICE_X43Y77         LUT5 (Prop_lut5_I2_O)        0.124    13.675 r  s_OBUF[30]_inst_i_2/O
                         net (fo=2, routed)           0.807    14.482    c_28
    SLICE_X43Y79         LUT5 (Prop_lut5_I0_O)        0.124    14.606 r  s_OBUF[30]_inst_i_1/O
                         net (fo=1, routed)           2.077    16.683    s_OBUF[30]
    D19                  OBUF (Prop_obuf_I_O)         2.625    19.308 r  s_OBUF[30]_inst/O
                         net (fo=0)                   0.000    19.308    s[30]
    D19                                                               r  s[30] (OUT)
  -------------------------------------------------------------------    -------------------




