Copyright 1986-2015 Xilinx, Inc. All Rights Reserved.
------------------------------------------------------------------------------------
| Tool Version : Vivado v.2015.4 (lin64) Build 1412921 Wed Nov 18 09:44:32 MST 2015
| Date         : Wed Apr 27 12:56:25 2016
| Host         : localhost.localdomain running 64-bit unknown
| Command      : report_timing -file ./reports/timing/4bit_normal_adder_timing.rpt
| Design       : normal_adder
| Device       : 7z010-clg400
| Speed File   : -1  PRODUCTION 1.11 2014-09-11
------------------------------------------------------------------------------------

Timing Report

Slack:                    inf
  Source:                 a[0]
                            (input port)
  Destination:            s[3]
                            (output port)
  Path Group:             (none)
  Path Type:              Max at Slow Process Corner
  Data Path Delay:        7.765ns  (logic 3.792ns (48.844%)  route 3.972ns (51.156%))
  Logic Levels:           4  (IBUF=1 LUT4=1 LUT5=1 OBUF=1)

    Location             Delay type                Incr(ns)  Path(ns)    Netlist Resource(s)
  -------------------------------------------------------------------    -------------------
    T19                                               0.000     0.000 r  a[0] (IN)
                         net (fo=0)                   0.000     0.000    a[0]
    T19                  IBUF (Prop_ibuf_I_O)         0.950     0.950 r  a_IBUF[0]_inst/O
                         net (fo=4, routed)           1.584     2.534    a_IBUF[0]
    SLICE_X43Y5          LUT4 (Prop_lut4_I0_O)        0.124     2.658 r  s_OBUF[3]_inst_i_2/O
                         net (fo=1, routed)           0.667     3.325    c_1
    SLICE_X43Y5          LUT5 (Prop_lut5_I0_O)        0.124     3.449 r  s_OBUF[3]_inst_i_1/O
                         net (fo=1, routed)           1.721     5.170    s_OBUF[3]
    R17                  OBUF (Prop_obuf_I_O)         2.595     7.765 r  s_OBUF[3]_inst/O
                         net (fo=0)                   0.000     7.765    s[3]
    R17                                                               r  s[3] (OUT)
  -------------------------------------------------------------------    -------------------




