Copyright 1986-2015 Xilinx, Inc. All Rights Reserved.
------------------------------------------------------------------------------------
| Tool Version : Vivado v.2015.4 (lin64) Build 1412921 Wed Nov 18 09:44:32 MST 2015
| Date         : Wed Apr 27 12:57:37 2016
| Host         : localhost.localdomain running 64-bit unknown
| Command      : report_timing -file ./reports/timing/6bit_normal_adder_timing.rpt
| Design       : normal_adder
| Device       : 7z010-clg400
| Speed File   : -1  PRODUCTION 1.11 2014-09-11
------------------------------------------------------------------------------------

Timing Report

Slack:                    inf
  Source:                 a[0]
                            (input port)
  Destination:            s[5]
                            (output port)
  Path Group:             (none)
  Path Type:              Max at Slow Process Corner
  Data Path Delay:        8.927ns  (logic 3.961ns (44.376%)  route 4.966ns (55.624%))
  Logic Levels:           5  (IBUF=1 LUT3=1 LUT5=1 LUT6=1 OBUF=1)

    Location             Delay type                Incr(ns)  Path(ns)    Netlist Resource(s)
  -------------------------------------------------------------------    -------------------
    T19                                               0.000     0.000 r  a[0] (IN)
                         net (fo=0)                   0.000     0.000    a[0]
    T19                  IBUF (Prop_ibuf_I_O)         0.950     0.950 r  a_IBUF[0]_inst/O
                         net (fo=4, routed)           1.603     2.553    a_IBUF[0]
    SLICE_X43Y7          LUT6 (Prop_lut6_I3_O)        0.124     2.677 r  s_OBUF[4]_inst_i_2/O
                         net (fo=3, routed)           0.832     3.509    c_2
    SLICE_X43Y9          LUT3 (Prop_lut3_I0_O)        0.124     3.633 r  s_OBUF[5]_inst_i_2/O
                         net (fo=1, routed)           0.667     4.300    c_3
    SLICE_X43Y9          LUT5 (Prop_lut5_I0_O)        0.124     4.424 r  s_OBUF[5]_inst_i_1/O
                         net (fo=1, routed)           1.864     6.287    s_OBUF[5]
    W20                  OBUF (Prop_obuf_I_O)         2.640     8.927 r  s_OBUF[5]_inst/O
                         net (fo=0)                   0.000     8.927    s[5]
    W20                                                               r  s[5] (OUT)
  -------------------------------------------------------------------    -------------------




