Copyright 1986-2015 Xilinx, Inc. All Rights Reserved.
------------------------------------------------------------------------------------
| Tool Version : Vivado v.2015.4 (lin64) Build 1412921 Wed Nov 18 09:44:32 MST 2015
| Date         : Wed Apr 27 12:58:13 2016
| Host         : localhost.localdomain running 64-bit unknown
| Command      : report_timing -file ./reports/timing/7bit_normal_adder_timing.rpt
| Design       : normal_adder
| Device       : 7z010-clg400
| Speed File   : -1  PRODUCTION 1.11 2014-09-11
------------------------------------------------------------------------------------

Timing Report

Slack:                    inf
  Source:                 a[0]
                            (input port)
  Destination:            s[6]
                            (output port)
  Path Group:             (none)
  Path Type:              Max at Slow Process Corner
  Data Path Delay:        9.185ns  (logic 3.952ns (43.027%)  route 5.233ns (56.973%))
  Logic Levels:           5  (IBUF=1 LUT5=2 LUT6=1 OBUF=1)

    Location             Delay type                Incr(ns)  Path(ns)    Netlist Resource(s)
  -------------------------------------------------------------------    -------------------
    T19                                               0.000     0.000 r  a[0] (IN)
                         net (fo=0)                   0.000     0.000    a[0]
    T19                  IBUF (Prop_ibuf_I_O)         0.950     0.950 r  a_IBUF[0]_inst/O
                         net (fo=4, routed)           1.603     2.553    a_IBUF[0]
    SLICE_X43Y7          LUT6 (Prop_lut6_I3_O)        0.124     2.677 r  s_OBUF[4]_inst_i_2/O
                         net (fo=3, routed)           0.799     3.477    c_2
    SLICE_X43Y10         LUT5 (Prop_lut5_I2_O)        0.124     3.601 r  s_OBUF[6]_inst_i_2/O
                         net (fo=2, routed)           0.949     4.550    c_4
    SLICE_X43Y13         LUT5 (Prop_lut5_I0_O)        0.124     4.674 r  s_OBUF[6]_inst_i_1/O
                         net (fo=1, routed)           1.881     6.555    s_OBUF[6]
    T20                  OBUF (Prop_obuf_I_O)         2.630     9.185 r  s_OBUF[6]_inst/O
                         net (fo=0)                   0.000     9.185    s[6]
    T20                                                               r  s[6] (OUT)
  -------------------------------------------------------------------    -------------------




